[2024-05-02T00:00:02.157+0000] {processor.py:161} INFO - Started process (PID=687) to work on /opt/airflow/dags/scripts/utils/FileUtils.py
[2024-05-02T00:00:02.158+0000] {processor.py:830} INFO - Processing file /opt/airflow/dags/scripts/utils/FileUtils.py for tasks to queue
[2024-05-02T00:00:02.162+0000] {logging_mixin.py:188} INFO - [2024-05-02T00:00:02.161+0000] {dagbag.py:540} INFO - Filling up the DagBag from /opt/airflow/dags/scripts/utils/FileUtils.py
[2024-05-02T00:00:02.167+0000] {processor.py:842} WARNING - No viable dags retrieved from /opt/airflow/dags/scripts/utils/FileUtils.py
[2024-05-02T00:00:02.189+0000] {processor.py:183} INFO - Processing /opt/airflow/dags/scripts/utils/FileUtils.py took 0.042 seconds
[2024-05-02T00:00:32.388+0000] {processor.py:161} INFO - Started process (PID=697) to work on /opt/airflow/dags/scripts/utils/FileUtils.py
[2024-05-02T00:00:32.389+0000] {processor.py:830} INFO - Processing file /opt/airflow/dags/scripts/utils/FileUtils.py for tasks to queue
[2024-05-02T00:00:32.392+0000] {logging_mixin.py:188} INFO - [2024-05-02T00:00:32.391+0000] {dagbag.py:540} INFO - Filling up the DagBag from /opt/airflow/dags/scripts/utils/FileUtils.py
[2024-05-02T00:00:32.395+0000] {processor.py:842} WARNING - No viable dags retrieved from /opt/airflow/dags/scripts/utils/FileUtils.py
[2024-05-02T00:00:32.408+0000] {processor.py:183} INFO - Processing /opt/airflow/dags/scripts/utils/FileUtils.py took 0.026 seconds
[2024-05-02T00:01:02.618+0000] {processor.py:161} INFO - Started process (PID=707) to work on /opt/airflow/dags/scripts/utils/FileUtils.py
[2024-05-02T00:01:02.619+0000] {processor.py:830} INFO - Processing file /opt/airflow/dags/scripts/utils/FileUtils.py for tasks to queue
[2024-05-02T00:01:02.622+0000] {logging_mixin.py:188} INFO - [2024-05-02T00:01:02.622+0000] {dagbag.py:540} INFO - Filling up the DagBag from /opt/airflow/dags/scripts/utils/FileUtils.py
[2024-05-02T00:01:02.627+0000] {processor.py:842} WARNING - No viable dags retrieved from /opt/airflow/dags/scripts/utils/FileUtils.py
[2024-05-02T00:01:02.642+0000] {processor.py:183} INFO - Processing /opt/airflow/dags/scripts/utils/FileUtils.py took 0.032 seconds
[2024-05-02T00:01:32.873+0000] {processor.py:161} INFO - Started process (PID=717) to work on /opt/airflow/dags/scripts/utils/FileUtils.py
[2024-05-02T00:01:32.874+0000] {processor.py:830} INFO - Processing file /opt/airflow/dags/scripts/utils/FileUtils.py for tasks to queue
[2024-05-02T00:01:32.877+0000] {logging_mixin.py:188} INFO - [2024-05-02T00:01:32.877+0000] {dagbag.py:540} INFO - Filling up the DagBag from /opt/airflow/dags/scripts/utils/FileUtils.py
[2024-05-02T00:01:32.882+0000] {processor.py:842} WARNING - No viable dags retrieved from /opt/airflow/dags/scripts/utils/FileUtils.py
[2024-05-02T00:01:32.897+0000] {processor.py:183} INFO - Processing /opt/airflow/dags/scripts/utils/FileUtils.py took 0.031 seconds
[2024-05-02T00:02:03.137+0000] {processor.py:161} INFO - Started process (PID=727) to work on /opt/airflow/dags/scripts/utils/FileUtils.py
[2024-05-02T00:02:03.138+0000] {processor.py:830} INFO - Processing file /opt/airflow/dags/scripts/utils/FileUtils.py for tasks to queue
[2024-05-02T00:02:03.141+0000] {logging_mixin.py:188} INFO - [2024-05-02T00:02:03.141+0000] {dagbag.py:540} INFO - Filling up the DagBag from /opt/airflow/dags/scripts/utils/FileUtils.py
[2024-05-02T00:02:03.145+0000] {processor.py:842} WARNING - No viable dags retrieved from /opt/airflow/dags/scripts/utils/FileUtils.py
[2024-05-02T00:02:03.161+0000] {processor.py:183} INFO - Processing /opt/airflow/dags/scripts/utils/FileUtils.py took 0.031 seconds
[2024-05-02T00:02:33.394+0000] {processor.py:161} INFO - Started process (PID=737) to work on /opt/airflow/dags/scripts/utils/FileUtils.py
[2024-05-02T00:02:33.395+0000] {processor.py:830} INFO - Processing file /opt/airflow/dags/scripts/utils/FileUtils.py for tasks to queue
[2024-05-02T00:02:33.397+0000] {logging_mixin.py:188} INFO - [2024-05-02T00:02:33.397+0000] {dagbag.py:540} INFO - Filling up the DagBag from /opt/airflow/dags/scripts/utils/FileUtils.py
[2024-05-02T00:02:33.401+0000] {processor.py:842} WARNING - No viable dags retrieved from /opt/airflow/dags/scripts/utils/FileUtils.py
[2024-05-02T00:02:33.416+0000] {processor.py:183} INFO - Processing /opt/airflow/dags/scripts/utils/FileUtils.py took 0.029 seconds
[2024-05-02T00:03:03.612+0000] {processor.py:161} INFO - Started process (PID=747) to work on /opt/airflow/dags/scripts/utils/FileUtils.py
[2024-05-02T00:03:03.613+0000] {processor.py:830} INFO - Processing file /opt/airflow/dags/scripts/utils/FileUtils.py for tasks to queue
[2024-05-02T00:03:03.617+0000] {logging_mixin.py:188} INFO - [2024-05-02T00:03:03.616+0000] {dagbag.py:540} INFO - Filling up the DagBag from /opt/airflow/dags/scripts/utils/FileUtils.py
[2024-05-02T00:03:03.622+0000] {processor.py:842} WARNING - No viable dags retrieved from /opt/airflow/dags/scripts/utils/FileUtils.py
[2024-05-02T00:03:03.638+0000] {processor.py:183} INFO - Processing /opt/airflow/dags/scripts/utils/FileUtils.py took 0.034 seconds
[2024-05-02T00:03:33.821+0000] {processor.py:161} INFO - Started process (PID=757) to work on /opt/airflow/dags/scripts/utils/FileUtils.py
[2024-05-02T00:03:33.822+0000] {processor.py:830} INFO - Processing file /opt/airflow/dags/scripts/utils/FileUtils.py for tasks to queue
[2024-05-02T00:03:33.825+0000] {logging_mixin.py:188} INFO - [2024-05-02T00:03:33.825+0000] {dagbag.py:540} INFO - Filling up the DagBag from /opt/airflow/dags/scripts/utils/FileUtils.py
[2024-05-02T00:03:33.830+0000] {processor.py:842} WARNING - No viable dags retrieved from /opt/airflow/dags/scripts/utils/FileUtils.py
[2024-05-02T00:03:33.847+0000] {processor.py:183} INFO - Processing /opt/airflow/dags/scripts/utils/FileUtils.py took 0.035 seconds
[2024-05-02T00:04:04.027+0000] {processor.py:161} INFO - Started process (PID=767) to work on /opt/airflow/dags/scripts/utils/FileUtils.py
[2024-05-02T00:04:04.028+0000] {processor.py:830} INFO - Processing file /opt/airflow/dags/scripts/utils/FileUtils.py for tasks to queue
[2024-05-02T00:04:04.030+0000] {logging_mixin.py:188} INFO - [2024-05-02T00:04:04.030+0000] {dagbag.py:540} INFO - Filling up the DagBag from /opt/airflow/dags/scripts/utils/FileUtils.py
[2024-05-02T00:04:04.035+0000] {processor.py:842} WARNING - No viable dags retrieved from /opt/airflow/dags/scripts/utils/FileUtils.py
[2024-05-02T00:04:04.049+0000] {processor.py:183} INFO - Processing /opt/airflow/dags/scripts/utils/FileUtils.py took 0.029 seconds
[2024-05-02T00:04:34.232+0000] {processor.py:161} INFO - Started process (PID=777) to work on /opt/airflow/dags/scripts/utils/FileUtils.py
[2024-05-02T00:04:34.233+0000] {processor.py:830} INFO - Processing file /opt/airflow/dags/scripts/utils/FileUtils.py for tasks to queue
[2024-05-02T00:04:34.236+0000] {logging_mixin.py:188} INFO - [2024-05-02T00:04:34.236+0000] {dagbag.py:540} INFO - Filling up the DagBag from /opt/airflow/dags/scripts/utils/FileUtils.py
[2024-05-02T00:04:34.240+0000] {processor.py:842} WARNING - No viable dags retrieved from /opt/airflow/dags/scripts/utils/FileUtils.py
[2024-05-02T00:04:34.256+0000] {processor.py:183} INFO - Processing /opt/airflow/dags/scripts/utils/FileUtils.py took 0.031 seconds
[2024-05-02T00:05:04.450+0000] {processor.py:161} INFO - Started process (PID=787) to work on /opt/airflow/dags/scripts/utils/FileUtils.py
[2024-05-02T00:05:04.451+0000] {processor.py:830} INFO - Processing file /opt/airflow/dags/scripts/utils/FileUtils.py for tasks to queue
[2024-05-02T00:05:04.454+0000] {logging_mixin.py:188} INFO - [2024-05-02T00:05:04.454+0000] {dagbag.py:540} INFO - Filling up the DagBag from /opt/airflow/dags/scripts/utils/FileUtils.py
[2024-05-02T00:05:04.459+0000] {processor.py:842} WARNING - No viable dags retrieved from /opt/airflow/dags/scripts/utils/FileUtils.py
[2024-05-02T00:05:04.474+0000] {processor.py:183} INFO - Processing /opt/airflow/dags/scripts/utils/FileUtils.py took 0.033 seconds
[2024-05-02T00:05:34.658+0000] {processor.py:161} INFO - Started process (PID=797) to work on /opt/airflow/dags/scripts/utils/FileUtils.py
[2024-05-02T00:05:34.659+0000] {processor.py:830} INFO - Processing file /opt/airflow/dags/scripts/utils/FileUtils.py for tasks to queue
[2024-05-02T00:05:34.663+0000] {logging_mixin.py:188} INFO - [2024-05-02T00:05:34.662+0000] {dagbag.py:540} INFO - Filling up the DagBag from /opt/airflow/dags/scripts/utils/FileUtils.py
[2024-05-02T00:05:34.669+0000] {processor.py:842} WARNING - No viable dags retrieved from /opt/airflow/dags/scripts/utils/FileUtils.py
[2024-05-02T00:05:34.684+0000] {processor.py:183} INFO - Processing /opt/airflow/dags/scripts/utils/FileUtils.py took 0.033 seconds
[2024-05-02T00:06:04.876+0000] {processor.py:161} INFO - Started process (PID=807) to work on /opt/airflow/dags/scripts/utils/FileUtils.py
[2024-05-02T00:06:04.877+0000] {processor.py:830} INFO - Processing file /opt/airflow/dags/scripts/utils/FileUtils.py for tasks to queue
[2024-05-02T00:06:04.880+0000] {logging_mixin.py:188} INFO - [2024-05-02T00:06:04.879+0000] {dagbag.py:540} INFO - Filling up the DagBag from /opt/airflow/dags/scripts/utils/FileUtils.py
[2024-05-02T00:06:04.885+0000] {processor.py:842} WARNING - No viable dags retrieved from /opt/airflow/dags/scripts/utils/FileUtils.py
[2024-05-02T00:06:04.901+0000] {processor.py:183} INFO - Processing /opt/airflow/dags/scripts/utils/FileUtils.py took 0.033 seconds
[2024-05-02T00:06:35.078+0000] {processor.py:161} INFO - Started process (PID=817) to work on /opt/airflow/dags/scripts/utils/FileUtils.py
[2024-05-02T00:06:35.079+0000] {processor.py:830} INFO - Processing file /opt/airflow/dags/scripts/utils/FileUtils.py for tasks to queue
[2024-05-02T00:06:35.081+0000] {logging_mixin.py:188} INFO - [2024-05-02T00:06:35.081+0000] {dagbag.py:540} INFO - Filling up the DagBag from /opt/airflow/dags/scripts/utils/FileUtils.py
[2024-05-02T00:06:35.086+0000] {processor.py:842} WARNING - No viable dags retrieved from /opt/airflow/dags/scripts/utils/FileUtils.py
[2024-05-02T00:06:35.102+0000] {processor.py:183} INFO - Processing /opt/airflow/dags/scripts/utils/FileUtils.py took 0.031 seconds
[2024-05-02T00:07:05.287+0000] {processor.py:161} INFO - Started process (PID=827) to work on /opt/airflow/dags/scripts/utils/FileUtils.py
[2024-05-02T00:07:05.288+0000] {processor.py:830} INFO - Processing file /opt/airflow/dags/scripts/utils/FileUtils.py for tasks to queue
[2024-05-02T00:07:05.291+0000] {logging_mixin.py:188} INFO - [2024-05-02T00:07:05.290+0000] {dagbag.py:540} INFO - Filling up the DagBag from /opt/airflow/dags/scripts/utils/FileUtils.py
[2024-05-02T00:07:05.296+0000] {processor.py:842} WARNING - No viable dags retrieved from /opt/airflow/dags/scripts/utils/FileUtils.py
[2024-05-02T00:07:05.312+0000] {processor.py:183} INFO - Processing /opt/airflow/dags/scripts/utils/FileUtils.py took 0.033 seconds
[2024-05-02T00:07:35.536+0000] {processor.py:161} INFO - Started process (PID=837) to work on /opt/airflow/dags/scripts/utils/FileUtils.py
[2024-05-02T00:07:35.537+0000] {processor.py:830} INFO - Processing file /opt/airflow/dags/scripts/utils/FileUtils.py for tasks to queue
[2024-05-02T00:07:35.539+0000] {logging_mixin.py:188} INFO - [2024-05-02T00:07:35.539+0000] {dagbag.py:540} INFO - Filling up the DagBag from /opt/airflow/dags/scripts/utils/FileUtils.py
[2024-05-02T00:07:35.543+0000] {processor.py:842} WARNING - No viable dags retrieved from /opt/airflow/dags/scripts/utils/FileUtils.py
[2024-05-02T00:07:35.557+0000] {processor.py:183} INFO - Processing /opt/airflow/dags/scripts/utils/FileUtils.py took 0.026 seconds
[2024-05-02T00:08:05.763+0000] {processor.py:161} INFO - Started process (PID=847) to work on /opt/airflow/dags/scripts/utils/FileUtils.py
[2024-05-02T00:08:05.764+0000] {processor.py:830} INFO - Processing file /opt/airflow/dags/scripts/utils/FileUtils.py for tasks to queue
[2024-05-02T00:08:05.767+0000] {logging_mixin.py:188} INFO - [2024-05-02T00:08:05.767+0000] {dagbag.py:540} INFO - Filling up the DagBag from /opt/airflow/dags/scripts/utils/FileUtils.py
[2024-05-02T00:08:05.772+0000] {processor.py:842} WARNING - No viable dags retrieved from /opt/airflow/dags/scripts/utils/FileUtils.py
[2024-05-02T00:08:05.788+0000] {processor.py:183} INFO - Processing /opt/airflow/dags/scripts/utils/FileUtils.py took 0.033 seconds
[2024-05-02T00:08:35.990+0000] {processor.py:161} INFO - Started process (PID=857) to work on /opt/airflow/dags/scripts/utils/FileUtils.py
[2024-05-02T00:08:35.991+0000] {processor.py:830} INFO - Processing file /opt/airflow/dags/scripts/utils/FileUtils.py for tasks to queue
[2024-05-02T00:08:35.994+0000] {logging_mixin.py:188} INFO - [2024-05-02T00:08:35.993+0000] {dagbag.py:540} INFO - Filling up the DagBag from /opt/airflow/dags/scripts/utils/FileUtils.py
[2024-05-02T00:08:35.999+0000] {processor.py:842} WARNING - No viable dags retrieved from /opt/airflow/dags/scripts/utils/FileUtils.py
[2024-05-02T00:08:36.014+0000] {processor.py:183} INFO - Processing /opt/airflow/dags/scripts/utils/FileUtils.py took 0.033 seconds
[2024-05-02T00:09:06.211+0000] {processor.py:161} INFO - Started process (PID=867) to work on /opt/airflow/dags/scripts/utils/FileUtils.py
[2024-05-02T00:09:06.212+0000] {processor.py:830} INFO - Processing file /opt/airflow/dags/scripts/utils/FileUtils.py for tasks to queue
[2024-05-02T00:09:06.215+0000] {logging_mixin.py:188} INFO - [2024-05-02T00:09:06.215+0000] {dagbag.py:540} INFO - Filling up the DagBag from /opt/airflow/dags/scripts/utils/FileUtils.py
[2024-05-02T00:09:06.220+0000] {processor.py:842} WARNING - No viable dags retrieved from /opt/airflow/dags/scripts/utils/FileUtils.py
[2024-05-02T00:09:06.234+0000] {processor.py:183} INFO - Processing /opt/airflow/dags/scripts/utils/FileUtils.py took 0.031 seconds
[2024-05-02T00:09:36.451+0000] {processor.py:161} INFO - Started process (PID=877) to work on /opt/airflow/dags/scripts/utils/FileUtils.py
[2024-05-02T00:09:36.452+0000] {processor.py:830} INFO - Processing file /opt/airflow/dags/scripts/utils/FileUtils.py for tasks to queue
[2024-05-02T00:09:36.456+0000] {logging_mixin.py:188} INFO - [2024-05-02T00:09:36.455+0000] {dagbag.py:540} INFO - Filling up the DagBag from /opt/airflow/dags/scripts/utils/FileUtils.py
[2024-05-02T00:09:36.462+0000] {processor.py:842} WARNING - No viable dags retrieved from /opt/airflow/dags/scripts/utils/FileUtils.py
[2024-05-02T00:09:36.482+0000] {processor.py:183} INFO - Processing /opt/airflow/dags/scripts/utils/FileUtils.py took 0.041 seconds
[2024-05-02T00:10:06.562+0000] {processor.py:161} INFO - Started process (PID=887) to work on /opt/airflow/dags/scripts/utils/FileUtils.py
[2024-05-02T00:10:06.564+0000] {processor.py:830} INFO - Processing file /opt/airflow/dags/scripts/utils/FileUtils.py for tasks to queue
[2024-05-02T00:10:06.567+0000] {logging_mixin.py:188} INFO - [2024-05-02T00:10:06.566+0000] {dagbag.py:540} INFO - Filling up the DagBag from /opt/airflow/dags/scripts/utils/FileUtils.py
[2024-05-02T00:10:06.572+0000] {processor.py:842} WARNING - No viable dags retrieved from /opt/airflow/dags/scripts/utils/FileUtils.py
[2024-05-02T00:10:06.589+0000] {processor.py:183} INFO - Processing /opt/airflow/dags/scripts/utils/FileUtils.py took 0.035 seconds
[2024-05-02T00:10:36.770+0000] {processor.py:161} INFO - Started process (PID=897) to work on /opt/airflow/dags/scripts/utils/FileUtils.py
[2024-05-02T00:10:36.771+0000] {processor.py:830} INFO - Processing file /opt/airflow/dags/scripts/utils/FileUtils.py for tasks to queue
[2024-05-02T00:10:36.774+0000] {logging_mixin.py:188} INFO - [2024-05-02T00:10:36.774+0000] {dagbag.py:540} INFO - Filling up the DagBag from /opt/airflow/dags/scripts/utils/FileUtils.py
[2024-05-02T00:10:36.780+0000] {processor.py:842} WARNING - No viable dags retrieved from /opt/airflow/dags/scripts/utils/FileUtils.py
[2024-05-02T00:10:36.795+0000] {processor.py:183} INFO - Processing /opt/airflow/dags/scripts/utils/FileUtils.py took 0.033 seconds
[2024-05-02T00:11:06.982+0000] {processor.py:161} INFO - Started process (PID=907) to work on /opt/airflow/dags/scripts/utils/FileUtils.py
[2024-05-02T00:11:06.983+0000] {processor.py:830} INFO - Processing file /opt/airflow/dags/scripts/utils/FileUtils.py for tasks to queue
[2024-05-02T00:11:06.986+0000] {logging_mixin.py:188} INFO - [2024-05-02T00:11:06.986+0000] {dagbag.py:540} INFO - Filling up the DagBag from /opt/airflow/dags/scripts/utils/FileUtils.py
[2024-05-02T00:11:06.992+0000] {processor.py:842} WARNING - No viable dags retrieved from /opt/airflow/dags/scripts/utils/FileUtils.py
[2024-05-02T00:11:07.007+0000] {processor.py:183} INFO - Processing /opt/airflow/dags/scripts/utils/FileUtils.py took 0.033 seconds
[2024-05-02T00:11:37.184+0000] {processor.py:161} INFO - Started process (PID=917) to work on /opt/airflow/dags/scripts/utils/FileUtils.py
[2024-05-02T00:11:37.186+0000] {processor.py:830} INFO - Processing file /opt/airflow/dags/scripts/utils/FileUtils.py for tasks to queue
[2024-05-02T00:11:37.189+0000] {logging_mixin.py:188} INFO - [2024-05-02T00:11:37.189+0000] {dagbag.py:540} INFO - Filling up the DagBag from /opt/airflow/dags/scripts/utils/FileUtils.py
[2024-05-02T00:11:37.194+0000] {processor.py:842} WARNING - No viable dags retrieved from /opt/airflow/dags/scripts/utils/FileUtils.py
[2024-05-02T00:11:37.214+0000] {processor.py:183} INFO - Processing /opt/airflow/dags/scripts/utils/FileUtils.py took 0.038 seconds
[2024-05-02T00:12:07.395+0000] {processor.py:161} INFO - Started process (PID=927) to work on /opt/airflow/dags/scripts/utils/FileUtils.py
[2024-05-02T00:12:07.396+0000] {processor.py:830} INFO - Processing file /opt/airflow/dags/scripts/utils/FileUtils.py for tasks to queue
[2024-05-02T00:12:07.398+0000] {logging_mixin.py:188} INFO - [2024-05-02T00:12:07.398+0000] {dagbag.py:540} INFO - Filling up the DagBag from /opt/airflow/dags/scripts/utils/FileUtils.py
[2024-05-02T00:12:07.401+0000] {processor.py:842} WARNING - No viable dags retrieved from /opt/airflow/dags/scripts/utils/FileUtils.py
[2024-05-02T00:12:07.414+0000] {processor.py:183} INFO - Processing /opt/airflow/dags/scripts/utils/FileUtils.py took 0.024 seconds
[2024-05-02T00:12:37.637+0000] {processor.py:161} INFO - Started process (PID=934) to work on /opt/airflow/dags/scripts/utils/FileUtils.py
[2024-05-02T00:12:37.639+0000] {processor.py:830} INFO - Processing file /opt/airflow/dags/scripts/utils/FileUtils.py for tasks to queue
[2024-05-02T00:12:37.642+0000] {logging_mixin.py:188} INFO - [2024-05-02T00:12:37.642+0000] {dagbag.py:540} INFO - Filling up the DagBag from /opt/airflow/dags/scripts/utils/FileUtils.py
[2024-05-02T00:12:37.648+0000] {processor.py:842} WARNING - No viable dags retrieved from /opt/airflow/dags/scripts/utils/FileUtils.py
[2024-05-02T00:12:37.663+0000] {processor.py:183} INFO - Processing /opt/airflow/dags/scripts/utils/FileUtils.py took 0.037 seconds
[2024-05-02T00:13:07.859+0000] {processor.py:161} INFO - Started process (PID=944) to work on /opt/airflow/dags/scripts/utils/FileUtils.py
[2024-05-02T00:13:07.860+0000] {processor.py:830} INFO - Processing file /opt/airflow/dags/scripts/utils/FileUtils.py for tasks to queue
[2024-05-02T00:13:07.862+0000] {logging_mixin.py:188} INFO - [2024-05-02T00:13:07.862+0000] {dagbag.py:540} INFO - Filling up the DagBag from /opt/airflow/dags/scripts/utils/FileUtils.py
[2024-05-02T00:13:07.866+0000] {processor.py:842} WARNING - No viable dags retrieved from /opt/airflow/dags/scripts/utils/FileUtils.py
[2024-05-02T00:13:07.881+0000] {processor.py:183} INFO - Processing /opt/airflow/dags/scripts/utils/FileUtils.py took 0.028 seconds
[2024-05-02T00:13:38.069+0000] {processor.py:161} INFO - Started process (PID=954) to work on /opt/airflow/dags/scripts/utils/FileUtils.py
[2024-05-02T00:13:38.070+0000] {processor.py:830} INFO - Processing file /opt/airflow/dags/scripts/utils/FileUtils.py for tasks to queue
[2024-05-02T00:13:38.074+0000] {logging_mixin.py:188} INFO - [2024-05-02T00:13:38.073+0000] {dagbag.py:540} INFO - Filling up the DagBag from /opt/airflow/dags/scripts/utils/FileUtils.py
[2024-05-02T00:13:38.080+0000] {processor.py:842} WARNING - No viable dags retrieved from /opt/airflow/dags/scripts/utils/FileUtils.py
[2024-05-02T00:13:38.096+0000] {processor.py:183} INFO - Processing /opt/airflow/dags/scripts/utils/FileUtils.py took 0.035 seconds
[2024-05-02T00:14:08.287+0000] {processor.py:161} INFO - Started process (PID=964) to work on /opt/airflow/dags/scripts/utils/FileUtils.py
[2024-05-02T00:14:08.289+0000] {processor.py:830} INFO - Processing file /opt/airflow/dags/scripts/utils/FileUtils.py for tasks to queue
[2024-05-02T00:14:08.292+0000] {logging_mixin.py:188} INFO - [2024-05-02T00:14:08.291+0000] {dagbag.py:540} INFO - Filling up the DagBag from /opt/airflow/dags/scripts/utils/FileUtils.py
[2024-05-02T00:14:08.296+0000] {processor.py:842} WARNING - No viable dags retrieved from /opt/airflow/dags/scripts/utils/FileUtils.py
[2024-05-02T00:14:08.313+0000] {processor.py:183} INFO - Processing /opt/airflow/dags/scripts/utils/FileUtils.py took 0.034 seconds
[2024-05-02T00:14:38.509+0000] {processor.py:161} INFO - Started process (PID=974) to work on /opt/airflow/dags/scripts/utils/FileUtils.py
[2024-05-02T00:14:38.510+0000] {processor.py:830} INFO - Processing file /opt/airflow/dags/scripts/utils/FileUtils.py for tasks to queue
[2024-05-02T00:14:38.513+0000] {logging_mixin.py:188} INFO - [2024-05-02T00:14:38.513+0000] {dagbag.py:540} INFO - Filling up the DagBag from /opt/airflow/dags/scripts/utils/FileUtils.py
[2024-05-02T00:14:38.517+0000] {processor.py:842} WARNING - No viable dags retrieved from /opt/airflow/dags/scripts/utils/FileUtils.py
[2024-05-02T00:14:38.532+0000] {processor.py:183} INFO - Processing /opt/airflow/dags/scripts/utils/FileUtils.py took 0.030 seconds
[2024-05-02T00:15:08.714+0000] {processor.py:161} INFO - Started process (PID=984) to work on /opt/airflow/dags/scripts/utils/FileUtils.py
[2024-05-02T00:15:08.716+0000] {processor.py:830} INFO - Processing file /opt/airflow/dags/scripts/utils/FileUtils.py for tasks to queue
[2024-05-02T00:15:08.719+0000] {logging_mixin.py:188} INFO - [2024-05-02T00:15:08.718+0000] {dagbag.py:540} INFO - Filling up the DagBag from /opt/airflow/dags/scripts/utils/FileUtils.py
[2024-05-02T00:15:08.724+0000] {processor.py:842} WARNING - No viable dags retrieved from /opt/airflow/dags/scripts/utils/FileUtils.py
[2024-05-02T00:15:08.742+0000] {processor.py:183} INFO - Processing /opt/airflow/dags/scripts/utils/FileUtils.py took 0.035 seconds
[2024-05-02T00:15:38.944+0000] {processor.py:161} INFO - Started process (PID=994) to work on /opt/airflow/dags/scripts/utils/FileUtils.py
[2024-05-02T00:15:38.945+0000] {processor.py:830} INFO - Processing file /opt/airflow/dags/scripts/utils/FileUtils.py for tasks to queue
[2024-05-02T00:15:38.949+0000] {logging_mixin.py:188} INFO - [2024-05-02T00:15:38.948+0000] {dagbag.py:540} INFO - Filling up the DagBag from /opt/airflow/dags/scripts/utils/FileUtils.py
[2024-05-02T00:15:38.954+0000] {processor.py:842} WARNING - No viable dags retrieved from /opt/airflow/dags/scripts/utils/FileUtils.py
[2024-05-02T00:15:38.971+0000] {processor.py:183} INFO - Processing /opt/airflow/dags/scripts/utils/FileUtils.py took 0.035 seconds
[2024-05-02T00:16:09.039+0000] {processor.py:161} INFO - Started process (PID=1004) to work on /opt/airflow/dags/scripts/utils/FileUtils.py
[2024-05-02T00:16:09.041+0000] {processor.py:830} INFO - Processing file /opt/airflow/dags/scripts/utils/FileUtils.py for tasks to queue
[2024-05-02T00:16:09.043+0000] {logging_mixin.py:188} INFO - [2024-05-02T00:16:09.043+0000] {dagbag.py:540} INFO - Filling up the DagBag from /opt/airflow/dags/scripts/utils/FileUtils.py
[2024-05-02T00:16:09.048+0000] {processor.py:842} WARNING - No viable dags retrieved from /opt/airflow/dags/scripts/utils/FileUtils.py
[2024-05-02T00:16:09.064+0000] {processor.py:183} INFO - Processing /opt/airflow/dags/scripts/utils/FileUtils.py took 0.032 seconds
[2024-05-02T00:16:39.239+0000] {processor.py:161} INFO - Started process (PID=1014) to work on /opt/airflow/dags/scripts/utils/FileUtils.py
[2024-05-02T00:16:39.240+0000] {processor.py:830} INFO - Processing file /opt/airflow/dags/scripts/utils/FileUtils.py for tasks to queue
[2024-05-02T00:16:39.243+0000] {logging_mixin.py:188} INFO - [2024-05-02T00:16:39.242+0000] {dagbag.py:540} INFO - Filling up the DagBag from /opt/airflow/dags/scripts/utils/FileUtils.py
[2024-05-02T00:16:39.246+0000] {processor.py:842} WARNING - No viable dags retrieved from /opt/airflow/dags/scripts/utils/FileUtils.py
[2024-05-02T00:16:39.263+0000] {processor.py:183} INFO - Processing /opt/airflow/dags/scripts/utils/FileUtils.py took 0.030 seconds
[2024-05-02T00:17:09.444+0000] {processor.py:161} INFO - Started process (PID=1024) to work on /opt/airflow/dags/scripts/utils/FileUtils.py
[2024-05-02T00:17:09.446+0000] {processor.py:830} INFO - Processing file /opt/airflow/dags/scripts/utils/FileUtils.py for tasks to queue
[2024-05-02T00:17:09.449+0000] {logging_mixin.py:188} INFO - [2024-05-02T00:17:09.448+0000] {dagbag.py:540} INFO - Filling up the DagBag from /opt/airflow/dags/scripts/utils/FileUtils.py
[2024-05-02T00:17:09.454+0000] {processor.py:842} WARNING - No viable dags retrieved from /opt/airflow/dags/scripts/utils/FileUtils.py
[2024-05-02T00:17:09.474+0000] {processor.py:183} INFO - Processing /opt/airflow/dags/scripts/utils/FileUtils.py took 0.038 seconds
[2024-05-02T00:17:39.687+0000] {processor.py:161} INFO - Started process (PID=1034) to work on /opt/airflow/dags/scripts/utils/FileUtils.py
[2024-05-02T00:17:39.689+0000] {processor.py:830} INFO - Processing file /opt/airflow/dags/scripts/utils/FileUtils.py for tasks to queue
[2024-05-02T00:17:39.693+0000] {logging_mixin.py:188} INFO - [2024-05-02T00:17:39.693+0000] {dagbag.py:540} INFO - Filling up the DagBag from /opt/airflow/dags/scripts/utils/FileUtils.py
[2024-05-02T00:17:39.697+0000] {processor.py:842} WARNING - No viable dags retrieved from /opt/airflow/dags/scripts/utils/FileUtils.py
[2024-05-02T00:17:39.714+0000] {processor.py:183} INFO - Processing /opt/airflow/dags/scripts/utils/FileUtils.py took 0.036 seconds
[2024-05-02T00:18:09.887+0000] {processor.py:161} INFO - Started process (PID=1044) to work on /opt/airflow/dags/scripts/utils/FileUtils.py
[2024-05-02T00:18:09.888+0000] {processor.py:830} INFO - Processing file /opt/airflow/dags/scripts/utils/FileUtils.py for tasks to queue
[2024-05-02T00:18:09.892+0000] {logging_mixin.py:188} INFO - [2024-05-02T00:18:09.891+0000] {dagbag.py:540} INFO - Filling up the DagBag from /opt/airflow/dags/scripts/utils/FileUtils.py
[2024-05-02T00:18:09.897+0000] {processor.py:842} WARNING - No viable dags retrieved from /opt/airflow/dags/scripts/utils/FileUtils.py
[2024-05-02T00:18:09.918+0000] {processor.py:183} INFO - Processing /opt/airflow/dags/scripts/utils/FileUtils.py took 0.039 seconds
[2024-05-02T00:18:40.096+0000] {processor.py:161} INFO - Started process (PID=1054) to work on /opt/airflow/dags/scripts/utils/FileUtils.py
[2024-05-02T00:18:40.097+0000] {processor.py:830} INFO - Processing file /opt/airflow/dags/scripts/utils/FileUtils.py for tasks to queue
[2024-05-02T00:18:40.101+0000] {logging_mixin.py:188} INFO - [2024-05-02T00:18:40.099+0000] {dagbag.py:540} INFO - Filling up the DagBag from /opt/airflow/dags/scripts/utils/FileUtils.py
[2024-05-02T00:18:40.106+0000] {processor.py:842} WARNING - No viable dags retrieved from /opt/airflow/dags/scripts/utils/FileUtils.py
[2024-05-02T00:18:40.121+0000] {processor.py:183} INFO - Processing /opt/airflow/dags/scripts/utils/FileUtils.py took 0.031 seconds
[2024-05-02T01:14:59.323+0000] {processor.py:161} INFO - Started process (PID=38) to work on /opt/airflow/dags/scripts/utils/FileUtils.py
[2024-05-02T01:14:59.325+0000] {processor.py:830} INFO - Processing file /opt/airflow/dags/scripts/utils/FileUtils.py for tasks to queue
[2024-05-02T01:14:59.329+0000] {logging_mixin.py:188} INFO - [2024-05-02T01:14:59.329+0000] {dagbag.py:540} INFO - Filling up the DagBag from /opt/airflow/dags/scripts/utils/FileUtils.py
[2024-05-02T01:14:59.334+0000] {processor.py:842} WARNING - No viable dags retrieved from /opt/airflow/dags/scripts/utils/FileUtils.py
[2024-05-02T01:14:59.363+0000] {processor.py:183} INFO - Processing /opt/airflow/dags/scripts/utils/FileUtils.py took 0.047 seconds
[2024-05-02T01:15:29.566+0000] {processor.py:161} INFO - Started process (PID=48) to work on /opt/airflow/dags/scripts/utils/FileUtils.py
[2024-05-02T01:15:29.568+0000] {processor.py:830} INFO - Processing file /opt/airflow/dags/scripts/utils/FileUtils.py for tasks to queue
[2024-05-02T01:15:29.571+0000] {logging_mixin.py:188} INFO - [2024-05-02T01:15:29.570+0000] {dagbag.py:540} INFO - Filling up the DagBag from /opt/airflow/dags/scripts/utils/FileUtils.py
[2024-05-02T01:15:29.575+0000] {processor.py:842} WARNING - No viable dags retrieved from /opt/airflow/dags/scripts/utils/FileUtils.py
[2024-05-02T01:15:29.588+0000] {processor.py:183} INFO - Processing /opt/airflow/dags/scripts/utils/FileUtils.py took 0.029 seconds
[2024-05-02T01:15:47.290+0000] {processor.py:161} INFO - Started process (PID=58) to work on /opt/airflow/dags/scripts/utils/FileUtils.py
[2024-05-02T01:15:47.291+0000] {processor.py:830} INFO - Processing file /opt/airflow/dags/scripts/utils/FileUtils.py for tasks to queue
[2024-05-02T01:15:47.295+0000] {logging_mixin.py:188} INFO - [2024-05-02T01:15:47.294+0000] {dagbag.py:540} INFO - Filling up the DagBag from /opt/airflow/dags/scripts/utils/FileUtils.py
[2024-05-02T01:15:47.306+0000] {processor.py:842} WARNING - No viable dags retrieved from /opt/airflow/dags/scripts/utils/FileUtils.py
[2024-05-02T01:15:47.325+0000] {processor.py:183} INFO - Processing /opt/airflow/dags/scripts/utils/FileUtils.py took 0.043 seconds
[2024-05-02T01:16:17.439+0000] {processor.py:161} INFO - Started process (PID=68) to work on /opt/airflow/dags/scripts/utils/FileUtils.py
[2024-05-02T01:16:17.440+0000] {processor.py:830} INFO - Processing file /opt/airflow/dags/scripts/utils/FileUtils.py for tasks to queue
[2024-05-02T01:16:17.449+0000] {logging_mixin.py:188} INFO - [2024-05-02T01:16:17.447+0000] {dagbag.py:540} INFO - Filling up the DagBag from /opt/airflow/dags/scripts/utils/FileUtils.py
[2024-05-02T01:16:17.456+0000] {processor.py:842} WARNING - No viable dags retrieved from /opt/airflow/dags/scripts/utils/FileUtils.py
[2024-05-02T01:16:17.473+0000] {processor.py:183} INFO - Processing /opt/airflow/dags/scripts/utils/FileUtils.py took 0.048 seconds
[2024-05-02T01:16:47.687+0000] {processor.py:161} INFO - Started process (PID=78) to work on /opt/airflow/dags/scripts/utils/FileUtils.py
[2024-05-02T01:16:47.689+0000] {processor.py:830} INFO - Processing file /opt/airflow/dags/scripts/utils/FileUtils.py for tasks to queue
[2024-05-02T01:16:47.694+0000] {logging_mixin.py:188} INFO - [2024-05-02T01:16:47.693+0000] {dagbag.py:540} INFO - Filling up the DagBag from /opt/airflow/dags/scripts/utils/FileUtils.py
[2024-05-02T01:16:47.702+0000] {processor.py:842} WARNING - No viable dags retrieved from /opt/airflow/dags/scripts/utils/FileUtils.py
[2024-05-02T01:16:47.717+0000] {processor.py:183} INFO - Processing /opt/airflow/dags/scripts/utils/FileUtils.py took 0.043 seconds
[2024-05-02T01:17:17.873+0000] {processor.py:161} INFO - Started process (PID=88) to work on /opt/airflow/dags/scripts/utils/FileUtils.py
[2024-05-02T01:17:17.875+0000] {processor.py:830} INFO - Processing file /opt/airflow/dags/scripts/utils/FileUtils.py for tasks to queue
[2024-05-02T01:17:17.878+0000] {logging_mixin.py:188} INFO - [2024-05-02T01:17:17.878+0000] {dagbag.py:540} INFO - Filling up the DagBag from /opt/airflow/dags/scripts/utils/FileUtils.py
[2024-05-02T01:17:17.882+0000] {processor.py:842} WARNING - No viable dags retrieved from /opt/airflow/dags/scripts/utils/FileUtils.py
[2024-05-02T01:17:17.900+0000] {processor.py:183} INFO - Processing /opt/airflow/dags/scripts/utils/FileUtils.py took 0.035 seconds
[2024-05-02T01:17:48.061+0000] {processor.py:161} INFO - Started process (PID=98) to work on /opt/airflow/dags/scripts/utils/FileUtils.py
[2024-05-02T01:17:48.062+0000] {processor.py:830} INFO - Processing file /opt/airflow/dags/scripts/utils/FileUtils.py for tasks to queue
[2024-05-02T01:17:48.065+0000] {logging_mixin.py:188} INFO - [2024-05-02T01:17:48.065+0000] {dagbag.py:540} INFO - Filling up the DagBag from /opt/airflow/dags/scripts/utils/FileUtils.py
[2024-05-02T01:17:48.072+0000] {processor.py:842} WARNING - No viable dags retrieved from /opt/airflow/dags/scripts/utils/FileUtils.py
[2024-05-02T01:17:48.093+0000] {processor.py:183} INFO - Processing /opt/airflow/dags/scripts/utils/FileUtils.py took 0.041 seconds
[2024-05-02T01:18:18.181+0000] {processor.py:161} INFO - Started process (PID=108) to work on /opt/airflow/dags/scripts/utils/FileUtils.py
[2024-05-02T01:18:18.182+0000] {processor.py:830} INFO - Processing file /opt/airflow/dags/scripts/utils/FileUtils.py for tasks to queue
[2024-05-02T01:18:18.184+0000] {logging_mixin.py:188} INFO - [2024-05-02T01:18:18.184+0000] {dagbag.py:540} INFO - Filling up the DagBag from /opt/airflow/dags/scripts/utils/FileUtils.py
[2024-05-02T01:18:18.188+0000] {processor.py:842} WARNING - No viable dags retrieved from /opt/airflow/dags/scripts/utils/FileUtils.py
[2024-05-02T01:18:18.202+0000] {processor.py:183} INFO - Processing /opt/airflow/dags/scripts/utils/FileUtils.py took 0.027 seconds
[2024-05-02T01:18:48.464+0000] {processor.py:161} INFO - Started process (PID=117) to work on /opt/airflow/dags/scripts/utils/FileUtils.py
[2024-05-02T01:18:48.466+0000] {processor.py:830} INFO - Processing file /opt/airflow/dags/scripts/utils/FileUtils.py for tasks to queue
[2024-05-02T01:18:48.470+0000] {logging_mixin.py:188} INFO - [2024-05-02T01:18:48.469+0000] {dagbag.py:540} INFO - Filling up the DagBag from /opt/airflow/dags/scripts/utils/FileUtils.py
[2024-05-02T01:18:48.475+0000] {processor.py:842} WARNING - No viable dags retrieved from /opt/airflow/dags/scripts/utils/FileUtils.py
[2024-05-02T01:18:48.493+0000] {processor.py:183} INFO - Processing /opt/airflow/dags/scripts/utils/FileUtils.py took 0.039 seconds
[2024-05-02T01:19:18.625+0000] {processor.py:161} INFO - Started process (PID=127) to work on /opt/airflow/dags/scripts/utils/FileUtils.py
[2024-05-02T01:19:18.627+0000] {processor.py:830} INFO - Processing file /opt/airflow/dags/scripts/utils/FileUtils.py for tasks to queue
[2024-05-02T01:19:18.629+0000] {logging_mixin.py:188} INFO - [2024-05-02T01:19:18.629+0000] {dagbag.py:540} INFO - Filling up the DagBag from /opt/airflow/dags/scripts/utils/FileUtils.py
[2024-05-02T01:19:18.633+0000] {processor.py:842} WARNING - No viable dags retrieved from /opt/airflow/dags/scripts/utils/FileUtils.py
[2024-05-02T01:19:18.647+0000] {processor.py:183} INFO - Processing /opt/airflow/dags/scripts/utils/FileUtils.py took 0.029 seconds
[2024-05-02T01:19:48.796+0000] {processor.py:161} INFO - Started process (PID=137) to work on /opt/airflow/dags/scripts/utils/FileUtils.py
[2024-05-02T01:19:48.797+0000] {processor.py:830} INFO - Processing file /opt/airflow/dags/scripts/utils/FileUtils.py for tasks to queue
[2024-05-02T01:19:48.800+0000] {logging_mixin.py:188} INFO - [2024-05-02T01:19:48.799+0000] {dagbag.py:540} INFO - Filling up the DagBag from /opt/airflow/dags/scripts/utils/FileUtils.py
[2024-05-02T01:19:48.805+0000] {processor.py:842} WARNING - No viable dags retrieved from /opt/airflow/dags/scripts/utils/FileUtils.py
[2024-05-02T01:19:48.824+0000] {processor.py:183} INFO - Processing /opt/airflow/dags/scripts/utils/FileUtils.py took 0.037 seconds
[2024-05-02T01:20:18.996+0000] {processor.py:161} INFO - Started process (PID=147) to work on /opt/airflow/dags/scripts/utils/FileUtils.py
[2024-05-02T01:20:18.997+0000] {processor.py:830} INFO - Processing file /opt/airflow/dags/scripts/utils/FileUtils.py for tasks to queue
[2024-05-02T01:20:18.999+0000] {logging_mixin.py:188} INFO - [2024-05-02T01:20:18.999+0000] {dagbag.py:540} INFO - Filling up the DagBag from /opt/airflow/dags/scripts/utils/FileUtils.py
[2024-05-02T01:20:19.004+0000] {processor.py:842} WARNING - No viable dags retrieved from /opt/airflow/dags/scripts/utils/FileUtils.py
[2024-05-02T01:20:19.017+0000] {processor.py:183} INFO - Processing /opt/airflow/dags/scripts/utils/FileUtils.py took 0.027 seconds
[2024-05-02T01:20:49.184+0000] {processor.py:161} INFO - Started process (PID=157) to work on /opt/airflow/dags/scripts/utils/FileUtils.py
[2024-05-02T01:20:49.185+0000] {processor.py:830} INFO - Processing file /opt/airflow/dags/scripts/utils/FileUtils.py for tasks to queue
[2024-05-02T01:20:49.187+0000] {logging_mixin.py:188} INFO - [2024-05-02T01:20:49.186+0000] {dagbag.py:540} INFO - Filling up the DagBag from /opt/airflow/dags/scripts/utils/FileUtils.py
[2024-05-02T01:20:49.191+0000] {processor.py:842} WARNING - No viable dags retrieved from /opt/airflow/dags/scripts/utils/FileUtils.py
[2024-05-02T01:20:49.208+0000] {processor.py:183} INFO - Processing /opt/airflow/dags/scripts/utils/FileUtils.py took 0.029 seconds
[2024-05-02T01:21:19.374+0000] {processor.py:161} INFO - Started process (PID=167) to work on /opt/airflow/dags/scripts/utils/FileUtils.py
[2024-05-02T01:21:19.376+0000] {processor.py:830} INFO - Processing file /opt/airflow/dags/scripts/utils/FileUtils.py for tasks to queue
[2024-05-02T01:21:19.378+0000] {logging_mixin.py:188} INFO - [2024-05-02T01:21:19.378+0000] {dagbag.py:540} INFO - Filling up the DagBag from /opt/airflow/dags/scripts/utils/FileUtils.py
[2024-05-02T01:21:19.382+0000] {processor.py:842} WARNING - No viable dags retrieved from /opt/airflow/dags/scripts/utils/FileUtils.py
[2024-05-02T01:21:19.395+0000] {processor.py:183} INFO - Processing /opt/airflow/dags/scripts/utils/FileUtils.py took 0.029 seconds
[2024-05-02T01:21:49.588+0000] {processor.py:161} INFO - Started process (PID=177) to work on /opt/airflow/dags/scripts/utils/FileUtils.py
[2024-05-02T01:21:49.590+0000] {processor.py:830} INFO - Processing file /opt/airflow/dags/scripts/utils/FileUtils.py for tasks to queue
[2024-05-02T01:21:49.592+0000] {logging_mixin.py:188} INFO - [2024-05-02T01:21:49.592+0000] {dagbag.py:540} INFO - Filling up the DagBag from /opt/airflow/dags/scripts/utils/FileUtils.py
[2024-05-02T01:21:49.596+0000] {processor.py:842} WARNING - No viable dags retrieved from /opt/airflow/dags/scripts/utils/FileUtils.py
[2024-05-02T01:21:49.611+0000] {processor.py:183} INFO - Processing /opt/airflow/dags/scripts/utils/FileUtils.py took 0.029 seconds
[2024-05-02T01:22:19.807+0000] {processor.py:161} INFO - Started process (PID=187) to work on /opt/airflow/dags/scripts/utils/FileUtils.py
[2024-05-02T01:22:19.809+0000] {processor.py:830} INFO - Processing file /opt/airflow/dags/scripts/utils/FileUtils.py for tasks to queue
[2024-05-02T01:22:19.811+0000] {logging_mixin.py:188} INFO - [2024-05-02T01:22:19.810+0000] {dagbag.py:540} INFO - Filling up the DagBag from /opt/airflow/dags/scripts/utils/FileUtils.py
[2024-05-02T01:22:19.815+0000] {processor.py:842} WARNING - No viable dags retrieved from /opt/airflow/dags/scripts/utils/FileUtils.py
[2024-05-02T01:22:19.828+0000] {processor.py:183} INFO - Processing /opt/airflow/dags/scripts/utils/FileUtils.py took 0.026 seconds
[2024-05-02T01:22:50.237+0000] {processor.py:161} INFO - Started process (PID=194) to work on /opt/airflow/dags/scripts/utils/FileUtils.py
[2024-05-02T01:22:50.239+0000] {processor.py:830} INFO - Processing file /opt/airflow/dags/scripts/utils/FileUtils.py for tasks to queue
[2024-05-02T01:22:50.244+0000] {logging_mixin.py:188} INFO - [2024-05-02T01:22:50.243+0000] {dagbag.py:540} INFO - Filling up the DagBag from /opt/airflow/dags/scripts/utils/FileUtils.py
[2024-05-02T01:22:50.250+0000] {processor.py:842} WARNING - No viable dags retrieved from /opt/airflow/dags/scripts/utils/FileUtils.py
[2024-05-02T01:22:50.273+0000] {processor.py:183} INFO - Processing /opt/airflow/dags/scripts/utils/FileUtils.py took 0.050 seconds
[2024-05-02T01:23:20.440+0000] {processor.py:161} INFO - Started process (PID=204) to work on /opt/airflow/dags/scripts/utils/FileUtils.py
[2024-05-02T01:23:20.442+0000] {processor.py:830} INFO - Processing file /opt/airflow/dags/scripts/utils/FileUtils.py for tasks to queue
[2024-05-02T01:23:20.444+0000] {logging_mixin.py:188} INFO - [2024-05-02T01:23:20.444+0000] {dagbag.py:540} INFO - Filling up the DagBag from /opt/airflow/dags/scripts/utils/FileUtils.py
[2024-05-02T01:23:20.449+0000] {processor.py:842} WARNING - No viable dags retrieved from /opt/airflow/dags/scripts/utils/FileUtils.py
[2024-05-02T01:23:20.464+0000] {processor.py:183} INFO - Processing /opt/airflow/dags/scripts/utils/FileUtils.py took 0.031 seconds
[2024-05-02T01:23:50.693+0000] {processor.py:161} INFO - Started process (PID=215) to work on /opt/airflow/dags/scripts/utils/FileUtils.py
[2024-05-02T01:23:50.695+0000] {processor.py:830} INFO - Processing file /opt/airflow/dags/scripts/utils/FileUtils.py for tasks to queue
[2024-05-02T01:23:50.699+0000] {logging_mixin.py:188} INFO - [2024-05-02T01:23:50.698+0000] {dagbag.py:540} INFO - Filling up the DagBag from /opt/airflow/dags/scripts/utils/FileUtils.py
[2024-05-02T01:23:50.705+0000] {processor.py:842} WARNING - No viable dags retrieved from /opt/airflow/dags/scripts/utils/FileUtils.py
[2024-05-02T01:23:50.727+0000] {processor.py:183} INFO - Processing /opt/airflow/dags/scripts/utils/FileUtils.py took 0.047 seconds
[2024-05-02T01:24:20.917+0000] {processor.py:161} INFO - Started process (PID=225) to work on /opt/airflow/dags/scripts/utils/FileUtils.py
[2024-05-02T01:24:20.918+0000] {processor.py:830} INFO - Processing file /opt/airflow/dags/scripts/utils/FileUtils.py for tasks to queue
[2024-05-02T01:24:20.921+0000] {logging_mixin.py:188} INFO - [2024-05-02T01:24:20.921+0000] {dagbag.py:540} INFO - Filling up the DagBag from /opt/airflow/dags/scripts/utils/FileUtils.py
[2024-05-02T01:24:20.926+0000] {processor.py:842} WARNING - No viable dags retrieved from /opt/airflow/dags/scripts/utils/FileUtils.py
[2024-05-02T01:24:20.942+0000] {processor.py:183} INFO - Processing /opt/airflow/dags/scripts/utils/FileUtils.py took 0.033 seconds
[2024-05-02T01:24:51.142+0000] {processor.py:161} INFO - Started process (PID=235) to work on /opt/airflow/dags/scripts/utils/FileUtils.py
[2024-05-02T01:24:51.143+0000] {processor.py:830} INFO - Processing file /opt/airflow/dags/scripts/utils/FileUtils.py for tasks to queue
[2024-05-02T01:24:51.146+0000] {logging_mixin.py:188} INFO - [2024-05-02T01:24:51.145+0000] {dagbag.py:540} INFO - Filling up the DagBag from /opt/airflow/dags/scripts/utils/FileUtils.py
[2024-05-02T01:24:51.150+0000] {processor.py:842} WARNING - No viable dags retrieved from /opt/airflow/dags/scripts/utils/FileUtils.py
[2024-05-02T01:24:51.166+0000] {processor.py:183} INFO - Processing /opt/airflow/dags/scripts/utils/FileUtils.py took 0.031 seconds
[2024-05-02T01:25:21.375+0000] {processor.py:161} INFO - Started process (PID=245) to work on /opt/airflow/dags/scripts/utils/FileUtils.py
[2024-05-02T01:25:21.376+0000] {processor.py:830} INFO - Processing file /opt/airflow/dags/scripts/utils/FileUtils.py for tasks to queue
[2024-05-02T01:25:21.378+0000] {logging_mixin.py:188} INFO - [2024-05-02T01:25:21.378+0000] {dagbag.py:540} INFO - Filling up the DagBag from /opt/airflow/dags/scripts/utils/FileUtils.py
[2024-05-02T01:25:21.383+0000] {processor.py:842} WARNING - No viable dags retrieved from /opt/airflow/dags/scripts/utils/FileUtils.py
[2024-05-02T01:25:21.397+0000] {processor.py:183} INFO - Processing /opt/airflow/dags/scripts/utils/FileUtils.py took 0.030 seconds
[2024-05-02T01:25:51.641+0000] {processor.py:161} INFO - Started process (PID=255) to work on /opt/airflow/dags/scripts/utils/FileUtils.py
[2024-05-02T01:25:51.653+0000] {processor.py:830} INFO - Processing file /opt/airflow/dags/scripts/utils/FileUtils.py for tasks to queue
[2024-05-02T01:25:51.655+0000] {logging_mixin.py:188} INFO - [2024-05-02T01:25:51.655+0000] {dagbag.py:540} INFO - Filling up the DagBag from /opt/airflow/dags/scripts/utils/FileUtils.py
[2024-05-02T01:25:51.659+0000] {processor.py:842} WARNING - No viable dags retrieved from /opt/airflow/dags/scripts/utils/FileUtils.py
[2024-05-02T01:25:51.673+0000] {processor.py:183} INFO - Processing /opt/airflow/dags/scripts/utils/FileUtils.py took 0.038 seconds
[2024-05-02T01:26:21.853+0000] {processor.py:161} INFO - Started process (PID=265) to work on /opt/airflow/dags/scripts/utils/FileUtils.py
[2024-05-02T01:26:21.855+0000] {processor.py:830} INFO - Processing file /opt/airflow/dags/scripts/utils/FileUtils.py for tasks to queue
[2024-05-02T01:26:21.859+0000] {logging_mixin.py:188} INFO - [2024-05-02T01:26:21.859+0000] {dagbag.py:540} INFO - Filling up the DagBag from /opt/airflow/dags/scripts/utils/FileUtils.py
[2024-05-02T01:26:21.865+0000] {processor.py:842} WARNING - No viable dags retrieved from /opt/airflow/dags/scripts/utils/FileUtils.py
[2024-05-02T01:26:21.883+0000] {processor.py:183} INFO - Processing /opt/airflow/dags/scripts/utils/FileUtils.py took 0.039 seconds
[2024-05-02T01:26:52.067+0000] {processor.py:161} INFO - Started process (PID=275) to work on /opt/airflow/dags/scripts/utils/FileUtils.py
[2024-05-02T01:26:52.068+0000] {processor.py:830} INFO - Processing file /opt/airflow/dags/scripts/utils/FileUtils.py for tasks to queue
[2024-05-02T01:26:52.071+0000] {logging_mixin.py:188} INFO - [2024-05-02T01:26:52.070+0000] {dagbag.py:540} INFO - Filling up the DagBag from /opt/airflow/dags/scripts/utils/FileUtils.py
[2024-05-02T01:26:52.075+0000] {processor.py:842} WARNING - No viable dags retrieved from /opt/airflow/dags/scripts/utils/FileUtils.py
[2024-05-02T01:26:52.090+0000] {processor.py:183} INFO - Processing /opt/airflow/dags/scripts/utils/FileUtils.py took 0.031 seconds
[2024-05-02T01:27:22.279+0000] {processor.py:161} INFO - Started process (PID=285) to work on /opt/airflow/dags/scripts/utils/FileUtils.py
[2024-05-02T01:27:22.281+0000] {processor.py:830} INFO - Processing file /opt/airflow/dags/scripts/utils/FileUtils.py for tasks to queue
[2024-05-02T01:27:22.283+0000] {logging_mixin.py:188} INFO - [2024-05-02T01:27:22.283+0000] {dagbag.py:540} INFO - Filling up the DagBag from /opt/airflow/dags/scripts/utils/FileUtils.py
[2024-05-02T01:27:22.288+0000] {processor.py:842} WARNING - No viable dags retrieved from /opt/airflow/dags/scripts/utils/FileUtils.py
[2024-05-02T01:27:22.302+0000] {processor.py:183} INFO - Processing /opt/airflow/dags/scripts/utils/FileUtils.py took 0.030 seconds
[2024-05-02T01:27:52.487+0000] {processor.py:161} INFO - Started process (PID=295) to work on /opt/airflow/dags/scripts/utils/FileUtils.py
[2024-05-02T01:27:52.489+0000] {processor.py:830} INFO - Processing file /opt/airflow/dags/scripts/utils/FileUtils.py for tasks to queue
[2024-05-02T01:27:52.491+0000] {logging_mixin.py:188} INFO - [2024-05-02T01:27:52.491+0000] {dagbag.py:540} INFO - Filling up the DagBag from /opt/airflow/dags/scripts/utils/FileUtils.py
[2024-05-02T01:27:52.495+0000] {processor.py:842} WARNING - No viable dags retrieved from /opt/airflow/dags/scripts/utils/FileUtils.py
[2024-05-02T01:27:52.509+0000] {processor.py:183} INFO - Processing /opt/airflow/dags/scripts/utils/FileUtils.py took 0.028 seconds
[2024-05-02T01:28:22.684+0000] {processor.py:161} INFO - Started process (PID=305) to work on /opt/airflow/dags/scripts/utils/FileUtils.py
[2024-05-02T01:28:22.685+0000] {processor.py:830} INFO - Processing file /opt/airflow/dags/scripts/utils/FileUtils.py for tasks to queue
[2024-05-02T01:28:22.687+0000] {logging_mixin.py:188} INFO - [2024-05-02T01:28:22.687+0000] {dagbag.py:540} INFO - Filling up the DagBag from /opt/airflow/dags/scripts/utils/FileUtils.py
[2024-05-02T01:28:22.692+0000] {processor.py:842} WARNING - No viable dags retrieved from /opt/airflow/dags/scripts/utils/FileUtils.py
[2024-05-02T01:28:22.705+0000] {processor.py:183} INFO - Processing /opt/airflow/dags/scripts/utils/FileUtils.py took 0.029 seconds
[2024-05-02T01:28:52.876+0000] {processor.py:161} INFO - Started process (PID=315) to work on /opt/airflow/dags/scripts/utils/FileUtils.py
[2024-05-02T01:28:52.877+0000] {processor.py:830} INFO - Processing file /opt/airflow/dags/scripts/utils/FileUtils.py for tasks to queue
[2024-05-02T01:28:52.879+0000] {logging_mixin.py:188} INFO - [2024-05-02T01:28:52.879+0000] {dagbag.py:540} INFO - Filling up the DagBag from /opt/airflow/dags/scripts/utils/FileUtils.py
[2024-05-02T01:28:52.883+0000] {processor.py:842} WARNING - No viable dags retrieved from /opt/airflow/dags/scripts/utils/FileUtils.py
[2024-05-02T01:28:52.896+0000] {processor.py:183} INFO - Processing /opt/airflow/dags/scripts/utils/FileUtils.py took 0.027 seconds
[2024-05-02T01:29:23.071+0000] {processor.py:161} INFO - Started process (PID=325) to work on /opt/airflow/dags/scripts/utils/FileUtils.py
[2024-05-02T01:29:23.072+0000] {processor.py:830} INFO - Processing file /opt/airflow/dags/scripts/utils/FileUtils.py for tasks to queue
[2024-05-02T01:29:23.074+0000] {logging_mixin.py:188} INFO - [2024-05-02T01:29:23.074+0000] {dagbag.py:540} INFO - Filling up the DagBag from /opt/airflow/dags/scripts/utils/FileUtils.py
[2024-05-02T01:29:23.078+0000] {processor.py:842} WARNING - No viable dags retrieved from /opt/airflow/dags/scripts/utils/FileUtils.py
[2024-05-02T01:29:23.091+0000] {processor.py:183} INFO - Processing /opt/airflow/dags/scripts/utils/FileUtils.py took 0.027 seconds
[2024-05-02T01:29:53.268+0000] {processor.py:161} INFO - Started process (PID=335) to work on /opt/airflow/dags/scripts/utils/FileUtils.py
[2024-05-02T01:29:53.270+0000] {processor.py:830} INFO - Processing file /opt/airflow/dags/scripts/utils/FileUtils.py for tasks to queue
[2024-05-02T01:29:53.272+0000] {logging_mixin.py:188} INFO - [2024-05-02T01:29:53.271+0000] {dagbag.py:540} INFO - Filling up the DagBag from /opt/airflow/dags/scripts/utils/FileUtils.py
[2024-05-02T01:29:53.275+0000] {processor.py:842} WARNING - No viable dags retrieved from /opt/airflow/dags/scripts/utils/FileUtils.py
[2024-05-02T01:29:53.289+0000] {processor.py:183} INFO - Processing /opt/airflow/dags/scripts/utils/FileUtils.py took 0.027 seconds
[2024-05-02T01:30:23.486+0000] {processor.py:161} INFO - Started process (PID=345) to work on /opt/airflow/dags/scripts/utils/FileUtils.py
[2024-05-02T01:30:23.487+0000] {processor.py:830} INFO - Processing file /opt/airflow/dags/scripts/utils/FileUtils.py for tasks to queue
[2024-05-02T01:30:23.490+0000] {logging_mixin.py:188} INFO - [2024-05-02T01:30:23.489+0000] {dagbag.py:540} INFO - Filling up the DagBag from /opt/airflow/dags/scripts/utils/FileUtils.py
[2024-05-02T01:30:23.495+0000] {processor.py:842} WARNING - No viable dags retrieved from /opt/airflow/dags/scripts/utils/FileUtils.py
[2024-05-02T01:30:23.511+0000] {processor.py:183} INFO - Processing /opt/airflow/dags/scripts/utils/FileUtils.py took 0.033 seconds
[2024-05-02T01:30:53.714+0000] {processor.py:161} INFO - Started process (PID=355) to work on /opt/airflow/dags/scripts/utils/FileUtils.py
[2024-05-02T01:30:53.716+0000] {processor.py:830} INFO - Processing file /opt/airflow/dags/scripts/utils/FileUtils.py for tasks to queue
[2024-05-02T01:30:53.718+0000] {logging_mixin.py:188} INFO - [2024-05-02T01:30:53.718+0000] {dagbag.py:540} INFO - Filling up the DagBag from /opt/airflow/dags/scripts/utils/FileUtils.py
[2024-05-02T01:30:53.723+0000] {processor.py:842} WARNING - No viable dags retrieved from /opt/airflow/dags/scripts/utils/FileUtils.py
[2024-05-02T01:30:53.738+0000] {processor.py:183} INFO - Processing /opt/airflow/dags/scripts/utils/FileUtils.py took 0.031 seconds
[2024-05-02T01:31:23.920+0000] {processor.py:161} INFO - Started process (PID=365) to work on /opt/airflow/dags/scripts/utils/FileUtils.py
[2024-05-02T01:31:23.922+0000] {processor.py:830} INFO - Processing file /opt/airflow/dags/scripts/utils/FileUtils.py for tasks to queue
[2024-05-02T01:31:23.925+0000] {logging_mixin.py:188} INFO - [2024-05-02T01:31:23.924+0000] {dagbag.py:540} INFO - Filling up the DagBag from /opt/airflow/dags/scripts/utils/FileUtils.py
[2024-05-02T01:31:23.930+0000] {processor.py:842} WARNING - No viable dags retrieved from /opt/airflow/dags/scripts/utils/FileUtils.py
[2024-05-02T01:31:23.947+0000] {processor.py:183} INFO - Processing /opt/airflow/dags/scripts/utils/FileUtils.py took 0.036 seconds
[2024-05-02T01:31:54.124+0000] {processor.py:161} INFO - Started process (PID=375) to work on /opt/airflow/dags/scripts/utils/FileUtils.py
[2024-05-02T01:31:54.125+0000] {processor.py:830} INFO - Processing file /opt/airflow/dags/scripts/utils/FileUtils.py for tasks to queue
[2024-05-02T01:31:54.128+0000] {logging_mixin.py:188} INFO - [2024-05-02T01:31:54.127+0000] {dagbag.py:540} INFO - Filling up the DagBag from /opt/airflow/dags/scripts/utils/FileUtils.py
[2024-05-02T01:31:54.133+0000] {processor.py:842} WARNING - No viable dags retrieved from /opt/airflow/dags/scripts/utils/FileUtils.py
[2024-05-02T01:31:54.148+0000] {processor.py:183} INFO - Processing /opt/airflow/dags/scripts/utils/FileUtils.py took 0.033 seconds
[2024-05-02T01:32:24.330+0000] {processor.py:161} INFO - Started process (PID=385) to work on /opt/airflow/dags/scripts/utils/FileUtils.py
[2024-05-02T01:32:24.332+0000] {processor.py:830} INFO - Processing file /opt/airflow/dags/scripts/utils/FileUtils.py for tasks to queue
[2024-05-02T01:32:24.335+0000] {logging_mixin.py:188} INFO - [2024-05-02T01:32:24.335+0000] {dagbag.py:540} INFO - Filling up the DagBag from /opt/airflow/dags/scripts/utils/FileUtils.py
[2024-05-02T01:32:24.340+0000] {processor.py:842} WARNING - No viable dags retrieved from /opt/airflow/dags/scripts/utils/FileUtils.py
[2024-05-02T01:32:24.372+0000] {processor.py:183} INFO - Processing /opt/airflow/dags/scripts/utils/FileUtils.py took 0.050 seconds
[2024-05-02T01:32:54.549+0000] {processor.py:161} INFO - Started process (PID=395) to work on /opt/airflow/dags/scripts/utils/FileUtils.py
[2024-05-02T01:32:54.550+0000] {processor.py:830} INFO - Processing file /opt/airflow/dags/scripts/utils/FileUtils.py for tasks to queue
[2024-05-02T01:32:54.552+0000] {logging_mixin.py:188} INFO - [2024-05-02T01:32:54.552+0000] {dagbag.py:540} INFO - Filling up the DagBag from /opt/airflow/dags/scripts/utils/FileUtils.py
[2024-05-02T01:32:54.556+0000] {processor.py:842} WARNING - No viable dags retrieved from /opt/airflow/dags/scripts/utils/FileUtils.py
[2024-05-02T01:32:54.570+0000] {processor.py:183} INFO - Processing /opt/airflow/dags/scripts/utils/FileUtils.py took 0.028 seconds
[2024-05-02T01:33:24.629+0000] {processor.py:161} INFO - Started process (PID=405) to work on /opt/airflow/dags/scripts/utils/FileUtils.py
[2024-05-02T01:33:24.630+0000] {processor.py:830} INFO - Processing file /opt/airflow/dags/scripts/utils/FileUtils.py for tasks to queue
[2024-05-02T01:33:24.632+0000] {logging_mixin.py:188} INFO - [2024-05-02T01:33:24.631+0000] {dagbag.py:540} INFO - Filling up the DagBag from /opt/airflow/dags/scripts/utils/FileUtils.py
[2024-05-02T01:33:24.636+0000] {processor.py:842} WARNING - No viable dags retrieved from /opt/airflow/dags/scripts/utils/FileUtils.py
[2024-05-02T01:33:24.650+0000] {processor.py:183} INFO - Processing /opt/airflow/dags/scripts/utils/FileUtils.py took 0.028 seconds
[2024-05-02T01:33:54.833+0000] {processor.py:161} INFO - Started process (PID=415) to work on /opt/airflow/dags/scripts/utils/FileUtils.py
[2024-05-02T01:33:54.835+0000] {processor.py:830} INFO - Processing file /opt/airflow/dags/scripts/utils/FileUtils.py for tasks to queue
[2024-05-02T01:33:54.837+0000] {logging_mixin.py:188} INFO - [2024-05-02T01:33:54.836+0000] {dagbag.py:540} INFO - Filling up the DagBag from /opt/airflow/dags/scripts/utils/FileUtils.py
[2024-05-02T01:33:54.840+0000] {processor.py:842} WARNING - No viable dags retrieved from /opt/airflow/dags/scripts/utils/FileUtils.py
[2024-05-02T01:33:54.853+0000] {processor.py:183} INFO - Processing /opt/airflow/dags/scripts/utils/FileUtils.py took 0.026 seconds
[2024-05-02T01:34:25.048+0000] {processor.py:161} INFO - Started process (PID=425) to work on /opt/airflow/dags/scripts/utils/FileUtils.py
[2024-05-02T01:34:25.050+0000] {processor.py:830} INFO - Processing file /opt/airflow/dags/scripts/utils/FileUtils.py for tasks to queue
[2024-05-02T01:34:25.052+0000] {logging_mixin.py:188} INFO - [2024-05-02T01:34:25.052+0000] {dagbag.py:540} INFO - Filling up the DagBag from /opt/airflow/dags/scripts/utils/FileUtils.py
[2024-05-02T01:34:25.057+0000] {processor.py:842} WARNING - No viable dags retrieved from /opt/airflow/dags/scripts/utils/FileUtils.py
[2024-05-02T01:34:25.072+0000] {processor.py:183} INFO - Processing /opt/airflow/dags/scripts/utils/FileUtils.py took 0.032 seconds
[2024-05-02T01:34:55.249+0000] {processor.py:161} INFO - Started process (PID=435) to work on /opt/airflow/dags/scripts/utils/FileUtils.py
[2024-05-02T01:34:55.251+0000] {processor.py:830} INFO - Processing file /opt/airflow/dags/scripts/utils/FileUtils.py for tasks to queue
[2024-05-02T01:34:55.254+0000] {logging_mixin.py:188} INFO - [2024-05-02T01:34:55.253+0000] {dagbag.py:540} INFO - Filling up the DagBag from /opt/airflow/dags/scripts/utils/FileUtils.py
[2024-05-02T01:34:55.258+0000] {processor.py:842} WARNING - No viable dags retrieved from /opt/airflow/dags/scripts/utils/FileUtils.py
[2024-05-02T01:34:55.273+0000] {processor.py:183} INFO - Processing /opt/airflow/dags/scripts/utils/FileUtils.py took 0.031 seconds
[2024-05-02T01:35:25.491+0000] {processor.py:161} INFO - Started process (PID=445) to work on /opt/airflow/dags/scripts/utils/FileUtils.py
[2024-05-02T01:35:25.492+0000] {processor.py:830} INFO - Processing file /opt/airflow/dags/scripts/utils/FileUtils.py for tasks to queue
[2024-05-02T01:35:25.494+0000] {logging_mixin.py:188} INFO - [2024-05-02T01:35:25.494+0000] {dagbag.py:540} INFO - Filling up the DagBag from /opt/airflow/dags/scripts/utils/FileUtils.py
[2024-05-02T01:35:25.498+0000] {processor.py:842} WARNING - No viable dags retrieved from /opt/airflow/dags/scripts/utils/FileUtils.py
[2024-05-02T01:35:25.513+0000] {processor.py:183} INFO - Processing /opt/airflow/dags/scripts/utils/FileUtils.py took 0.029 seconds
[2024-05-02T01:35:55.689+0000] {processor.py:161} INFO - Started process (PID=455) to work on /opt/airflow/dags/scripts/utils/FileUtils.py
[2024-05-02T01:35:55.690+0000] {processor.py:830} INFO - Processing file /opt/airflow/dags/scripts/utils/FileUtils.py for tasks to queue
[2024-05-02T01:35:55.693+0000] {logging_mixin.py:188} INFO - [2024-05-02T01:35:55.692+0000] {dagbag.py:540} INFO - Filling up the DagBag from /opt/airflow/dags/scripts/utils/FileUtils.py
[2024-05-02T01:35:55.697+0000] {processor.py:842} WARNING - No viable dags retrieved from /opt/airflow/dags/scripts/utils/FileUtils.py
[2024-05-02T01:35:55.711+0000] {processor.py:183} INFO - Processing /opt/airflow/dags/scripts/utils/FileUtils.py took 0.030 seconds
[2024-05-02T01:36:25.885+0000] {processor.py:161} INFO - Started process (PID=465) to work on /opt/airflow/dags/scripts/utils/FileUtils.py
[2024-05-02T01:36:25.886+0000] {processor.py:830} INFO - Processing file /opt/airflow/dags/scripts/utils/FileUtils.py for tasks to queue
[2024-05-02T01:36:25.888+0000] {logging_mixin.py:188} INFO - [2024-05-02T01:36:25.888+0000] {dagbag.py:540} INFO - Filling up the DagBag from /opt/airflow/dags/scripts/utils/FileUtils.py
[2024-05-02T01:36:25.892+0000] {processor.py:842} WARNING - No viable dags retrieved from /opt/airflow/dags/scripts/utils/FileUtils.py
[2024-05-02T01:36:25.906+0000] {processor.py:183} INFO - Processing /opt/airflow/dags/scripts/utils/FileUtils.py took 0.028 seconds
[2024-05-02T01:36:56.091+0000] {processor.py:161} INFO - Started process (PID=475) to work on /opt/airflow/dags/scripts/utils/FileUtils.py
[2024-05-02T01:36:56.092+0000] {processor.py:830} INFO - Processing file /opt/airflow/dags/scripts/utils/FileUtils.py for tasks to queue
[2024-05-02T01:36:56.094+0000] {logging_mixin.py:188} INFO - [2024-05-02T01:36:56.094+0000] {dagbag.py:540} INFO - Filling up the DagBag from /opt/airflow/dags/scripts/utils/FileUtils.py
[2024-05-02T01:36:56.099+0000] {processor.py:842} WARNING - No viable dags retrieved from /opt/airflow/dags/scripts/utils/FileUtils.py
[2024-05-02T01:36:56.114+0000] {processor.py:183} INFO - Processing /opt/airflow/dags/scripts/utils/FileUtils.py took 0.029 seconds
[2024-05-02T01:37:26.308+0000] {processor.py:161} INFO - Started process (PID=485) to work on /opt/airflow/dags/scripts/utils/FileUtils.py
[2024-05-02T01:37:26.310+0000] {processor.py:830} INFO - Processing file /opt/airflow/dags/scripts/utils/FileUtils.py for tasks to queue
[2024-05-02T01:37:26.313+0000] {logging_mixin.py:188} INFO - [2024-05-02T01:37:26.313+0000] {dagbag.py:540} INFO - Filling up the DagBag from /opt/airflow/dags/scripts/utils/FileUtils.py
[2024-05-02T01:37:26.318+0000] {processor.py:842} WARNING - No viable dags retrieved from /opt/airflow/dags/scripts/utils/FileUtils.py
[2024-05-02T01:37:26.336+0000] {processor.py:183} INFO - Processing /opt/airflow/dags/scripts/utils/FileUtils.py took 0.036 seconds
[2024-05-02T01:37:56.517+0000] {processor.py:161} INFO - Started process (PID=495) to work on /opt/airflow/dags/scripts/utils/FileUtils.py
[2024-05-02T01:37:56.519+0000] {processor.py:830} INFO - Processing file /opt/airflow/dags/scripts/utils/FileUtils.py for tasks to queue
[2024-05-02T01:37:56.521+0000] {logging_mixin.py:188} INFO - [2024-05-02T01:37:56.521+0000] {dagbag.py:540} INFO - Filling up the DagBag from /opt/airflow/dags/scripts/utils/FileUtils.py
[2024-05-02T01:37:56.526+0000] {processor.py:842} WARNING - No viable dags retrieved from /opt/airflow/dags/scripts/utils/FileUtils.py
[2024-05-02T01:37:56.545+0000] {processor.py:183} INFO - Processing /opt/airflow/dags/scripts/utils/FileUtils.py took 0.035 seconds
[2024-05-02T01:38:26.711+0000] {processor.py:161} INFO - Started process (PID=502) to work on /opt/airflow/dags/scripts/utils/FileUtils.py
[2024-05-02T01:38:26.713+0000] {processor.py:830} INFO - Processing file /opt/airflow/dags/scripts/utils/FileUtils.py for tasks to queue
[2024-05-02T01:38:26.715+0000] {logging_mixin.py:188} INFO - [2024-05-02T01:38:26.715+0000] {dagbag.py:540} INFO - Filling up the DagBag from /opt/airflow/dags/scripts/utils/FileUtils.py
[2024-05-02T01:38:26.720+0000] {processor.py:842} WARNING - No viable dags retrieved from /opt/airflow/dags/scripts/utils/FileUtils.py
[2024-05-02T01:38:26.735+0000] {processor.py:183} INFO - Processing /opt/airflow/dags/scripts/utils/FileUtils.py took 0.032 seconds
[2024-05-02T01:38:56.944+0000] {processor.py:161} INFO - Started process (PID=512) to work on /opt/airflow/dags/scripts/utils/FileUtils.py
[2024-05-02T01:38:56.945+0000] {processor.py:830} INFO - Processing file /opt/airflow/dags/scripts/utils/FileUtils.py for tasks to queue
[2024-05-02T01:38:56.947+0000] {logging_mixin.py:188} INFO - [2024-05-02T01:38:56.947+0000] {dagbag.py:540} INFO - Filling up the DagBag from /opt/airflow/dags/scripts/utils/FileUtils.py
[2024-05-02T01:38:56.952+0000] {processor.py:842} WARNING - No viable dags retrieved from /opt/airflow/dags/scripts/utils/FileUtils.py
[2024-05-02T01:38:56.967+0000] {processor.py:183} INFO - Processing /opt/airflow/dags/scripts/utils/FileUtils.py took 0.029 seconds
[2024-05-02T01:39:27.170+0000] {processor.py:161} INFO - Started process (PID=522) to work on /opt/airflow/dags/scripts/utils/FileUtils.py
[2024-05-02T01:39:27.171+0000] {processor.py:830} INFO - Processing file /opt/airflow/dags/scripts/utils/FileUtils.py for tasks to queue
[2024-05-02T01:39:27.174+0000] {logging_mixin.py:188} INFO - [2024-05-02T01:39:27.174+0000] {dagbag.py:540} INFO - Filling up the DagBag from /opt/airflow/dags/scripts/utils/FileUtils.py
[2024-05-02T01:39:27.179+0000] {processor.py:842} WARNING - No viable dags retrieved from /opt/airflow/dags/scripts/utils/FileUtils.py
[2024-05-02T01:39:27.194+0000] {processor.py:183} INFO - Processing /opt/airflow/dags/scripts/utils/FileUtils.py took 0.032 seconds
[2024-05-02T01:39:57.391+0000] {processor.py:161} INFO - Started process (PID=532) to work on /opt/airflow/dags/scripts/utils/FileUtils.py
[2024-05-02T01:39:57.393+0000] {processor.py:830} INFO - Processing file /opt/airflow/dags/scripts/utils/FileUtils.py for tasks to queue
[2024-05-02T01:39:57.396+0000] {logging_mixin.py:188} INFO - [2024-05-02T01:39:57.395+0000] {dagbag.py:540} INFO - Filling up the DagBag from /opt/airflow/dags/scripts/utils/FileUtils.py
[2024-05-02T01:39:57.400+0000] {processor.py:842} WARNING - No viable dags retrieved from /opt/airflow/dags/scripts/utils/FileUtils.py
[2024-05-02T01:39:57.416+0000] {processor.py:183} INFO - Processing /opt/airflow/dags/scripts/utils/FileUtils.py took 0.033 seconds
[2024-05-02T01:40:27.604+0000] {processor.py:161} INFO - Started process (PID=542) to work on /opt/airflow/dags/scripts/utils/FileUtils.py
[2024-05-02T01:40:27.605+0000] {processor.py:830} INFO - Processing file /opt/airflow/dags/scripts/utils/FileUtils.py for tasks to queue
[2024-05-02T01:40:27.608+0000] {logging_mixin.py:188} INFO - [2024-05-02T01:40:27.607+0000] {dagbag.py:540} INFO - Filling up the DagBag from /opt/airflow/dags/scripts/utils/FileUtils.py
[2024-05-02T01:40:27.613+0000] {processor.py:842} WARNING - No viable dags retrieved from /opt/airflow/dags/scripts/utils/FileUtils.py
[2024-05-02T01:40:27.630+0000] {processor.py:183} INFO - Processing /opt/airflow/dags/scripts/utils/FileUtils.py took 0.034 seconds
[2024-05-02T01:40:57.816+0000] {processor.py:161} INFO - Started process (PID=552) to work on /opt/airflow/dags/scripts/utils/FileUtils.py
[2024-05-02T01:40:57.818+0000] {processor.py:830} INFO - Processing file /opt/airflow/dags/scripts/utils/FileUtils.py for tasks to queue
[2024-05-02T01:40:57.820+0000] {logging_mixin.py:188} INFO - [2024-05-02T01:40:57.820+0000] {dagbag.py:540} INFO - Filling up the DagBag from /opt/airflow/dags/scripts/utils/FileUtils.py
[2024-05-02T01:40:57.826+0000] {processor.py:842} WARNING - No viable dags retrieved from /opt/airflow/dags/scripts/utils/FileUtils.py
[2024-05-02T01:40:57.840+0000] {processor.py:183} INFO - Processing /opt/airflow/dags/scripts/utils/FileUtils.py took 0.032 seconds
[2024-05-02T01:41:28.044+0000] {processor.py:161} INFO - Started process (PID=562) to work on /opt/airflow/dags/scripts/utils/FileUtils.py
[2024-05-02T01:41:28.058+0000] {processor.py:830} INFO - Processing file /opt/airflow/dags/scripts/utils/FileUtils.py for tasks to queue
[2024-05-02T01:41:28.062+0000] {logging_mixin.py:188} INFO - [2024-05-02T01:41:28.061+0000] {dagbag.py:540} INFO - Filling up the DagBag from /opt/airflow/dags/scripts/utils/FileUtils.py
[2024-05-02T01:41:28.067+0000] {processor.py:842} WARNING - No viable dags retrieved from /opt/airflow/dags/scripts/utils/FileUtils.py
[2024-05-02T01:41:28.082+0000] {processor.py:183} INFO - Processing /opt/airflow/dags/scripts/utils/FileUtils.py took 0.046 seconds
[2024-05-02T01:41:58.258+0000] {processor.py:161} INFO - Started process (PID=572) to work on /opt/airflow/dags/scripts/utils/FileUtils.py
[2024-05-02T01:41:58.259+0000] {processor.py:830} INFO - Processing file /opt/airflow/dags/scripts/utils/FileUtils.py for tasks to queue
[2024-05-02T01:41:58.261+0000] {logging_mixin.py:188} INFO - [2024-05-02T01:41:58.261+0000] {dagbag.py:540} INFO - Filling up the DagBag from /opt/airflow/dags/scripts/utils/FileUtils.py
[2024-05-02T01:41:58.266+0000] {processor.py:842} WARNING - No viable dags retrieved from /opt/airflow/dags/scripts/utils/FileUtils.py
[2024-05-02T01:41:58.281+0000] {processor.py:183} INFO - Processing /opt/airflow/dags/scripts/utils/FileUtils.py took 0.031 seconds
[2024-05-02T01:42:28.479+0000] {processor.py:161} INFO - Started process (PID=582) to work on /opt/airflow/dags/scripts/utils/FileUtils.py
[2024-05-02T01:42:28.481+0000] {processor.py:830} INFO - Processing file /opt/airflow/dags/scripts/utils/FileUtils.py for tasks to queue
[2024-05-02T01:42:28.484+0000] {logging_mixin.py:188} INFO - [2024-05-02T01:42:28.483+0000] {dagbag.py:540} INFO - Filling up the DagBag from /opt/airflow/dags/scripts/utils/FileUtils.py
[2024-05-02T01:42:28.489+0000] {processor.py:842} WARNING - No viable dags retrieved from /opt/airflow/dags/scripts/utils/FileUtils.py
[2024-05-02T01:42:28.502+0000] {processor.py:183} INFO - Processing /opt/airflow/dags/scripts/utils/FileUtils.py took 0.031 seconds
[2024-05-02T01:42:58.685+0000] {processor.py:161} INFO - Started process (PID=592) to work on /opt/airflow/dags/scripts/utils/FileUtils.py
[2024-05-02T01:42:58.686+0000] {processor.py:830} INFO - Processing file /opt/airflow/dags/scripts/utils/FileUtils.py for tasks to queue
[2024-05-02T01:42:58.689+0000] {logging_mixin.py:188} INFO - [2024-05-02T01:42:58.688+0000] {dagbag.py:540} INFO - Filling up the DagBag from /opt/airflow/dags/scripts/utils/FileUtils.py
[2024-05-02T01:42:58.694+0000] {processor.py:842} WARNING - No viable dags retrieved from /opt/airflow/dags/scripts/utils/FileUtils.py
[2024-05-02T01:42:58.708+0000] {processor.py:183} INFO - Processing /opt/airflow/dags/scripts/utils/FileUtils.py took 0.031 seconds
[2024-05-02T01:43:28.898+0000] {processor.py:161} INFO - Started process (PID=602) to work on /opt/airflow/dags/scripts/utils/FileUtils.py
[2024-05-02T01:43:28.900+0000] {processor.py:830} INFO - Processing file /opt/airflow/dags/scripts/utils/FileUtils.py for tasks to queue
[2024-05-02T01:43:28.904+0000] {logging_mixin.py:188} INFO - [2024-05-02T01:43:28.904+0000] {dagbag.py:540} INFO - Filling up the DagBag from /opt/airflow/dags/scripts/utils/FileUtils.py
[2024-05-02T01:43:28.910+0000] {processor.py:842} WARNING - No viable dags retrieved from /opt/airflow/dags/scripts/utils/FileUtils.py
[2024-05-02T01:43:28.929+0000] {processor.py:183} INFO - Processing /opt/airflow/dags/scripts/utils/FileUtils.py took 0.041 seconds
[2024-05-02T01:43:59.097+0000] {processor.py:161} INFO - Started process (PID=612) to work on /opt/airflow/dags/scripts/utils/FileUtils.py
[2024-05-02T01:43:59.098+0000] {processor.py:830} INFO - Processing file /opt/airflow/dags/scripts/utils/FileUtils.py for tasks to queue
[2024-05-02T01:43:59.100+0000] {logging_mixin.py:188} INFO - [2024-05-02T01:43:59.099+0000] {dagbag.py:540} INFO - Filling up the DagBag from /opt/airflow/dags/scripts/utils/FileUtils.py
[2024-05-02T01:43:59.105+0000] {processor.py:842} WARNING - No viable dags retrieved from /opt/airflow/dags/scripts/utils/FileUtils.py
[2024-05-02T01:43:59.119+0000] {processor.py:183} INFO - Processing /opt/airflow/dags/scripts/utils/FileUtils.py took 0.028 seconds
[2024-05-02T01:44:29.300+0000] {processor.py:161} INFO - Started process (PID=622) to work on /opt/airflow/dags/scripts/utils/FileUtils.py
[2024-05-02T01:44:29.301+0000] {processor.py:830} INFO - Processing file /opt/airflow/dags/scripts/utils/FileUtils.py for tasks to queue
[2024-05-02T01:44:29.303+0000] {logging_mixin.py:188} INFO - [2024-05-02T01:44:29.303+0000] {dagbag.py:540} INFO - Filling up the DagBag from /opt/airflow/dags/scripts/utils/FileUtils.py
[2024-05-02T01:44:29.307+0000] {processor.py:842} WARNING - No viable dags retrieved from /opt/airflow/dags/scripts/utils/FileUtils.py
[2024-05-02T01:44:29.321+0000] {processor.py:183} INFO - Processing /opt/airflow/dags/scripts/utils/FileUtils.py took 0.027 seconds
[2024-05-02T01:44:59.495+0000] {processor.py:161} INFO - Started process (PID=632) to work on /opt/airflow/dags/scripts/utils/FileUtils.py
[2024-05-02T01:44:59.497+0000] {processor.py:830} INFO - Processing file /opt/airflow/dags/scripts/utils/FileUtils.py for tasks to queue
[2024-05-02T01:44:59.499+0000] {logging_mixin.py:188} INFO - [2024-05-02T01:44:59.498+0000] {dagbag.py:540} INFO - Filling up the DagBag from /opt/airflow/dags/scripts/utils/FileUtils.py
[2024-05-02T01:44:59.502+0000] {processor.py:842} WARNING - No viable dags retrieved from /opt/airflow/dags/scripts/utils/FileUtils.py
[2024-05-02T01:44:59.516+0000] {processor.py:183} INFO - Processing /opt/airflow/dags/scripts/utils/FileUtils.py took 0.030 seconds
[2024-05-02T01:45:29.713+0000] {processor.py:161} INFO - Started process (PID=642) to work on /opt/airflow/dags/scripts/utils/FileUtils.py
[2024-05-02T01:45:29.714+0000] {processor.py:830} INFO - Processing file /opt/airflow/dags/scripts/utils/FileUtils.py for tasks to queue
[2024-05-02T01:45:29.717+0000] {logging_mixin.py:188} INFO - [2024-05-02T01:45:29.716+0000] {dagbag.py:540} INFO - Filling up the DagBag from /opt/airflow/dags/scripts/utils/FileUtils.py
[2024-05-02T01:45:29.722+0000] {processor.py:842} WARNING - No viable dags retrieved from /opt/airflow/dags/scripts/utils/FileUtils.py
[2024-05-02T01:45:29.736+0000] {processor.py:183} INFO - Processing /opt/airflow/dags/scripts/utils/FileUtils.py took 0.031 seconds
[2024-05-02T01:45:59.927+0000] {processor.py:161} INFO - Started process (PID=652) to work on /opt/airflow/dags/scripts/utils/FileUtils.py
[2024-05-02T01:45:59.928+0000] {processor.py:830} INFO - Processing file /opt/airflow/dags/scripts/utils/FileUtils.py for tasks to queue
[2024-05-02T01:45:59.931+0000] {logging_mixin.py:188} INFO - [2024-05-02T01:45:59.930+0000] {dagbag.py:540} INFO - Filling up the DagBag from /opt/airflow/dags/scripts/utils/FileUtils.py
[2024-05-02T01:45:59.935+0000] {processor.py:842} WARNING - No viable dags retrieved from /opt/airflow/dags/scripts/utils/FileUtils.py
[2024-05-02T01:45:59.949+0000] {processor.py:183} INFO - Processing /opt/airflow/dags/scripts/utils/FileUtils.py took 0.030 seconds
[2024-05-02T01:46:30.067+0000] {processor.py:161} INFO - Started process (PID=662) to work on /opt/airflow/dags/scripts/utils/FileUtils.py
[2024-05-02T01:46:30.069+0000] {processor.py:830} INFO - Processing file /opt/airflow/dags/scripts/utils/FileUtils.py for tasks to queue
[2024-05-02T01:46:30.071+0000] {logging_mixin.py:188} INFO - [2024-05-02T01:46:30.071+0000] {dagbag.py:540} INFO - Filling up the DagBag from /opt/airflow/dags/scripts/utils/FileUtils.py
[2024-05-02T01:46:30.076+0000] {processor.py:842} WARNING - No viable dags retrieved from /opt/airflow/dags/scripts/utils/FileUtils.py
[2024-05-02T01:46:30.090+0000] {processor.py:183} INFO - Processing /opt/airflow/dags/scripts/utils/FileUtils.py took 0.031 seconds
[2024-05-02T01:47:00.374+0000] {processor.py:161} INFO - Started process (PID=672) to work on /opt/airflow/dags/scripts/utils/FileUtils.py
[2024-05-02T01:47:00.375+0000] {processor.py:830} INFO - Processing file /opt/airflow/dags/scripts/utils/FileUtils.py for tasks to queue
[2024-05-02T01:47:00.378+0000] {logging_mixin.py:188} INFO - [2024-05-02T01:47:00.377+0000] {dagbag.py:540} INFO - Filling up the DagBag from /opt/airflow/dags/scripts/utils/FileUtils.py
[2024-05-02T01:47:00.383+0000] {processor.py:842} WARNING - No viable dags retrieved from /opt/airflow/dags/scripts/utils/FileUtils.py
[2024-05-02T01:47:00.397+0000] {processor.py:183} INFO - Processing /opt/airflow/dags/scripts/utils/FileUtils.py took 0.031 seconds
[2024-05-02T01:47:30.563+0000] {processor.py:161} INFO - Started process (PID=682) to work on /opt/airflow/dags/scripts/utils/FileUtils.py
[2024-05-02T01:47:30.564+0000] {processor.py:830} INFO - Processing file /opt/airflow/dags/scripts/utils/FileUtils.py for tasks to queue
[2024-05-02T01:47:30.566+0000] {logging_mixin.py:188} INFO - [2024-05-02T01:47:30.566+0000] {dagbag.py:540} INFO - Filling up the DagBag from /opt/airflow/dags/scripts/utils/FileUtils.py
[2024-05-02T01:47:30.570+0000] {processor.py:842} WARNING - No viable dags retrieved from /opt/airflow/dags/scripts/utils/FileUtils.py
[2024-05-02T01:47:30.586+0000] {processor.py:183} INFO - Processing /opt/airflow/dags/scripts/utils/FileUtils.py took 0.029 seconds
[2024-05-02T01:48:00.750+0000] {processor.py:161} INFO - Started process (PID=692) to work on /opt/airflow/dags/scripts/utils/FileUtils.py
[2024-05-02T01:48:00.752+0000] {processor.py:830} INFO - Processing file /opt/airflow/dags/scripts/utils/FileUtils.py for tasks to queue
[2024-05-02T01:48:00.754+0000] {logging_mixin.py:188} INFO - [2024-05-02T01:48:00.754+0000] {dagbag.py:540} INFO - Filling up the DagBag from /opt/airflow/dags/scripts/utils/FileUtils.py
[2024-05-02T01:48:00.760+0000] {processor.py:842} WARNING - No viable dags retrieved from /opt/airflow/dags/scripts/utils/FileUtils.py
[2024-05-02T01:48:00.774+0000] {processor.py:183} INFO - Processing /opt/airflow/dags/scripts/utils/FileUtils.py took 0.032 seconds
[2024-05-02T01:48:30.948+0000] {processor.py:161} INFO - Started process (PID=702) to work on /opt/airflow/dags/scripts/utils/FileUtils.py
[2024-05-02T01:48:30.950+0000] {processor.py:830} INFO - Processing file /opt/airflow/dags/scripts/utils/FileUtils.py for tasks to queue
[2024-05-02T01:48:30.952+0000] {logging_mixin.py:188} INFO - [2024-05-02T01:48:30.952+0000] {dagbag.py:540} INFO - Filling up the DagBag from /opt/airflow/dags/scripts/utils/FileUtils.py
[2024-05-02T01:48:30.957+0000] {processor.py:842} WARNING - No viable dags retrieved from /opt/airflow/dags/scripts/utils/FileUtils.py
[2024-05-02T01:48:30.973+0000] {processor.py:183} INFO - Processing /opt/airflow/dags/scripts/utils/FileUtils.py took 0.034 seconds
[2024-05-02T01:49:01.156+0000] {processor.py:161} INFO - Started process (PID=712) to work on /opt/airflow/dags/scripts/utils/FileUtils.py
[2024-05-02T01:49:01.157+0000] {processor.py:830} INFO - Processing file /opt/airflow/dags/scripts/utils/FileUtils.py for tasks to queue
[2024-05-02T01:49:01.158+0000] {logging_mixin.py:188} INFO - [2024-05-02T01:49:01.158+0000] {dagbag.py:540} INFO - Filling up the DagBag from /opt/airflow/dags/scripts/utils/FileUtils.py
[2024-05-02T01:49:01.162+0000] {processor.py:842} WARNING - No viable dags retrieved from /opt/airflow/dags/scripts/utils/FileUtils.py
[2024-05-02T01:49:01.175+0000] {processor.py:183} INFO - Processing /opt/airflow/dags/scripts/utils/FileUtils.py took 0.025 seconds
[2024-05-02T01:49:31.365+0000] {processor.py:161} INFO - Started process (PID=722) to work on /opt/airflow/dags/scripts/utils/FileUtils.py
[2024-05-02T01:49:31.366+0000] {processor.py:830} INFO - Processing file /opt/airflow/dags/scripts/utils/FileUtils.py for tasks to queue
[2024-05-02T01:49:31.369+0000] {logging_mixin.py:188} INFO - [2024-05-02T01:49:31.368+0000] {dagbag.py:540} INFO - Filling up the DagBag from /opt/airflow/dags/scripts/utils/FileUtils.py
[2024-05-02T01:49:31.374+0000] {processor.py:842} WARNING - No viable dags retrieved from /opt/airflow/dags/scripts/utils/FileUtils.py
[2024-05-02T01:49:31.390+0000] {processor.py:183} INFO - Processing /opt/airflow/dags/scripts/utils/FileUtils.py took 0.034 seconds
[2024-05-02T01:50:01.597+0000] {processor.py:161} INFO - Started process (PID=732) to work on /opt/airflow/dags/scripts/utils/FileUtils.py
[2024-05-02T01:50:01.598+0000] {processor.py:830} INFO - Processing file /opt/airflow/dags/scripts/utils/FileUtils.py for tasks to queue
[2024-05-02T01:50:01.601+0000] {logging_mixin.py:188} INFO - [2024-05-02T01:50:01.600+0000] {dagbag.py:540} INFO - Filling up the DagBag from /opt/airflow/dags/scripts/utils/FileUtils.py
[2024-05-02T01:50:01.605+0000] {processor.py:842} WARNING - No viable dags retrieved from /opt/airflow/dags/scripts/utils/FileUtils.py
[2024-05-02T01:50:01.620+0000] {processor.py:183} INFO - Processing /opt/airflow/dags/scripts/utils/FileUtils.py took 0.030 seconds
[2024-05-02T01:50:31.826+0000] {processor.py:161} INFO - Started process (PID=742) to work on /opt/airflow/dags/scripts/utils/FileUtils.py
[2024-05-02T01:50:31.829+0000] {processor.py:830} INFO - Processing file /opt/airflow/dags/scripts/utils/FileUtils.py for tasks to queue
[2024-05-02T01:50:31.832+0000] {logging_mixin.py:188} INFO - [2024-05-02T01:50:31.831+0000] {dagbag.py:540} INFO - Filling up the DagBag from /opt/airflow/dags/scripts/utils/FileUtils.py
[2024-05-02T01:50:31.838+0000] {processor.py:842} WARNING - No viable dags retrieved from /opt/airflow/dags/scripts/utils/FileUtils.py
[2024-05-02T01:50:31.857+0000] {processor.py:183} INFO - Processing /opt/airflow/dags/scripts/utils/FileUtils.py took 0.042 seconds
[2024-05-02T01:51:02.022+0000] {processor.py:161} INFO - Started process (PID=752) to work on /opt/airflow/dags/scripts/utils/FileUtils.py
[2024-05-02T01:51:02.034+0000] {processor.py:830} INFO - Processing file /opt/airflow/dags/scripts/utils/FileUtils.py for tasks to queue
[2024-05-02T01:51:02.036+0000] {logging_mixin.py:188} INFO - [2024-05-02T01:51:02.035+0000] {dagbag.py:540} INFO - Filling up the DagBag from /opt/airflow/dags/scripts/utils/FileUtils.py
[2024-05-02T01:51:02.039+0000] {processor.py:842} WARNING - No viable dags retrieved from /opt/airflow/dags/scripts/utils/FileUtils.py
[2024-05-02T01:51:02.051+0000] {processor.py:183} INFO - Processing /opt/airflow/dags/scripts/utils/FileUtils.py took 0.036 seconds
[2024-05-02T01:51:32.239+0000] {processor.py:161} INFO - Started process (PID=762) to work on /opt/airflow/dags/scripts/utils/FileUtils.py
[2024-05-02T01:51:32.240+0000] {processor.py:830} INFO - Processing file /opt/airflow/dags/scripts/utils/FileUtils.py for tasks to queue
[2024-05-02T01:51:32.243+0000] {logging_mixin.py:188} INFO - [2024-05-02T01:51:32.243+0000] {dagbag.py:540} INFO - Filling up the DagBag from /opt/airflow/dags/scripts/utils/FileUtils.py
[2024-05-02T01:51:32.248+0000] {processor.py:842} WARNING - No viable dags retrieved from /opt/airflow/dags/scripts/utils/FileUtils.py
[2024-05-02T01:51:32.265+0000] {processor.py:183} INFO - Processing /opt/airflow/dags/scripts/utils/FileUtils.py took 0.035 seconds
[2024-05-02T01:52:02.446+0000] {processor.py:161} INFO - Started process (PID=772) to work on /opt/airflow/dags/scripts/utils/FileUtils.py
[2024-05-02T01:52:02.448+0000] {processor.py:830} INFO - Processing file /opt/airflow/dags/scripts/utils/FileUtils.py for tasks to queue
[2024-05-02T01:52:02.450+0000] {logging_mixin.py:188} INFO - [2024-05-02T01:52:02.450+0000] {dagbag.py:540} INFO - Filling up the DagBag from /opt/airflow/dags/scripts/utils/FileUtils.py
[2024-05-02T01:52:02.455+0000] {processor.py:842} WARNING - No viable dags retrieved from /opt/airflow/dags/scripts/utils/FileUtils.py
[2024-05-02T01:52:02.470+0000] {processor.py:183} INFO - Processing /opt/airflow/dags/scripts/utils/FileUtils.py took 0.032 seconds
[2024-05-02T01:52:32.625+0000] {processor.py:161} INFO - Started process (PID=782) to work on /opt/airflow/dags/scripts/utils/FileUtils.py
[2024-05-02T01:52:32.626+0000] {processor.py:830} INFO - Processing file /opt/airflow/dags/scripts/utils/FileUtils.py for tasks to queue
[2024-05-02T01:52:32.629+0000] {logging_mixin.py:188} INFO - [2024-05-02T01:52:32.628+0000] {dagbag.py:540} INFO - Filling up the DagBag from /opt/airflow/dags/scripts/utils/FileUtils.py
[2024-05-02T01:52:32.632+0000] {processor.py:842} WARNING - No viable dags retrieved from /opt/airflow/dags/scripts/utils/FileUtils.py
[2024-05-02T01:52:32.645+0000] {processor.py:183} INFO - Processing /opt/airflow/dags/scripts/utils/FileUtils.py took 0.026 seconds
[2024-05-02T01:53:02.828+0000] {processor.py:161} INFO - Started process (PID=792) to work on /opt/airflow/dags/scripts/utils/FileUtils.py
[2024-05-02T01:53:02.829+0000] {processor.py:830} INFO - Processing file /opt/airflow/dags/scripts/utils/FileUtils.py for tasks to queue
[2024-05-02T01:53:02.831+0000] {logging_mixin.py:188} INFO - [2024-05-02T01:53:02.831+0000] {dagbag.py:540} INFO - Filling up the DagBag from /opt/airflow/dags/scripts/utils/FileUtils.py
[2024-05-02T01:53:02.836+0000] {processor.py:842} WARNING - No viable dags retrieved from /opt/airflow/dags/scripts/utils/FileUtils.py
[2024-05-02T01:53:02.851+0000] {processor.py:183} INFO - Processing /opt/airflow/dags/scripts/utils/FileUtils.py took 0.030 seconds
[2024-05-02T01:53:33.039+0000] {processor.py:161} INFO - Started process (PID=802) to work on /opt/airflow/dags/scripts/utils/FileUtils.py
[2024-05-02T01:53:33.041+0000] {processor.py:830} INFO - Processing file /opt/airflow/dags/scripts/utils/FileUtils.py for tasks to queue
[2024-05-02T01:53:33.043+0000] {logging_mixin.py:188} INFO - [2024-05-02T01:53:33.043+0000] {dagbag.py:540} INFO - Filling up the DagBag from /opt/airflow/dags/scripts/utils/FileUtils.py
[2024-05-02T01:53:33.048+0000] {processor.py:842} WARNING - No viable dags retrieved from /opt/airflow/dags/scripts/utils/FileUtils.py
[2024-05-02T01:53:33.063+0000] {processor.py:183} INFO - Processing /opt/airflow/dags/scripts/utils/FileUtils.py took 0.032 seconds
[2024-05-02T01:54:03.219+0000] {processor.py:161} INFO - Started process (PID=809) to work on /opt/airflow/dags/scripts/utils/FileUtils.py
[2024-05-02T01:54:03.220+0000] {processor.py:830} INFO - Processing file /opt/airflow/dags/scripts/utils/FileUtils.py for tasks to queue
[2024-05-02T01:54:03.222+0000] {logging_mixin.py:188} INFO - [2024-05-02T01:54:03.222+0000] {dagbag.py:540} INFO - Filling up the DagBag from /opt/airflow/dags/scripts/utils/FileUtils.py
[2024-05-02T01:54:03.227+0000] {processor.py:842} WARNING - No viable dags retrieved from /opt/airflow/dags/scripts/utils/FileUtils.py
[2024-05-02T01:54:03.241+0000] {processor.py:183} INFO - Processing /opt/airflow/dags/scripts/utils/FileUtils.py took 0.031 seconds
[2024-05-02T01:54:33.431+0000] {processor.py:161} INFO - Started process (PID=819) to work on /opt/airflow/dags/scripts/utils/FileUtils.py
[2024-05-02T01:54:33.432+0000] {processor.py:830} INFO - Processing file /opt/airflow/dags/scripts/utils/FileUtils.py for tasks to queue
[2024-05-02T01:54:33.435+0000] {logging_mixin.py:188} INFO - [2024-05-02T01:54:33.434+0000] {dagbag.py:540} INFO - Filling up the DagBag from /opt/airflow/dags/scripts/utils/FileUtils.py
[2024-05-02T01:54:33.439+0000] {processor.py:842} WARNING - No viable dags retrieved from /opt/airflow/dags/scripts/utils/FileUtils.py
[2024-05-02T01:54:33.455+0000] {processor.py:183} INFO - Processing /opt/airflow/dags/scripts/utils/FileUtils.py took 0.032 seconds
[2024-05-02T01:55:03.685+0000] {processor.py:161} INFO - Started process (PID=829) to work on /opt/airflow/dags/scripts/utils/FileUtils.py
[2024-05-02T01:55:03.686+0000] {processor.py:830} INFO - Processing file /opt/airflow/dags/scripts/utils/FileUtils.py for tasks to queue
[2024-05-02T01:55:03.689+0000] {logging_mixin.py:188} INFO - [2024-05-02T01:55:03.688+0000] {dagbag.py:540} INFO - Filling up the DagBag from /opt/airflow/dags/scripts/utils/FileUtils.py
[2024-05-02T01:55:03.693+0000] {processor.py:842} WARNING - No viable dags retrieved from /opt/airflow/dags/scripts/utils/FileUtils.py
[2024-05-02T01:55:03.708+0000] {processor.py:183} INFO - Processing /opt/airflow/dags/scripts/utils/FileUtils.py took 0.030 seconds
[2024-05-02T01:55:33.890+0000] {processor.py:161} INFO - Started process (PID=839) to work on /opt/airflow/dags/scripts/utils/FileUtils.py
[2024-05-02T01:55:33.891+0000] {processor.py:830} INFO - Processing file /opt/airflow/dags/scripts/utils/FileUtils.py for tasks to queue
[2024-05-02T01:55:33.893+0000] {logging_mixin.py:188} INFO - [2024-05-02T01:55:33.893+0000] {dagbag.py:540} INFO - Filling up the DagBag from /opt/airflow/dags/scripts/utils/FileUtils.py
[2024-05-02T01:55:33.897+0000] {processor.py:842} WARNING - No viable dags retrieved from /opt/airflow/dags/scripts/utils/FileUtils.py
[2024-05-02T01:55:33.909+0000] {processor.py:183} INFO - Processing /opt/airflow/dags/scripts/utils/FileUtils.py took 0.024 seconds
[2024-05-02T01:56:04.098+0000] {processor.py:161} INFO - Started process (PID=848) to work on /opt/airflow/dags/scripts/utils/FileUtils.py
[2024-05-02T01:56:04.099+0000] {processor.py:830} INFO - Processing file /opt/airflow/dags/scripts/utils/FileUtils.py for tasks to queue
[2024-05-02T01:56:04.101+0000] {logging_mixin.py:188} INFO - [2024-05-02T01:56:04.101+0000] {dagbag.py:540} INFO - Filling up the DagBag from /opt/airflow/dags/scripts/utils/FileUtils.py
[2024-05-02T01:56:04.105+0000] {processor.py:842} WARNING - No viable dags retrieved from /opt/airflow/dags/scripts/utils/FileUtils.py
[2024-05-02T01:56:04.119+0000] {processor.py:183} INFO - Processing /opt/airflow/dags/scripts/utils/FileUtils.py took 0.029 seconds
[2024-05-02T01:56:34.304+0000] {processor.py:161} INFO - Started process (PID=858) to work on /opt/airflow/dags/scripts/utils/FileUtils.py
[2024-05-02T01:56:34.305+0000] {processor.py:830} INFO - Processing file /opt/airflow/dags/scripts/utils/FileUtils.py for tasks to queue
[2024-05-02T01:56:34.308+0000] {logging_mixin.py:188} INFO - [2024-05-02T01:56:34.307+0000] {dagbag.py:540} INFO - Filling up the DagBag from /opt/airflow/dags/scripts/utils/FileUtils.py
[2024-05-02T01:56:34.314+0000] {processor.py:842} WARNING - No viable dags retrieved from /opt/airflow/dags/scripts/utils/FileUtils.py
[2024-05-02T01:56:34.347+0000] {processor.py:183} INFO - Processing /opt/airflow/dags/scripts/utils/FileUtils.py took 0.054 seconds
