[2024-04-29T17:51:15.567+0000] {local_task_job_runner.py:120} INFO - ::group::Pre task execution logs
[2024-04-29T17:51:15.628+0000] {taskinstance.py:2073} INFO - Dependencies all met for dep_context=non-requeueable deps ti=<TaskInstance: dag_yellow_cab.download_file manual__2024-04-29T17:51:09.862834+00:00 [queued]>
[2024-04-29T17:51:15.635+0000] {taskinstance.py:2073} INFO - Dependencies all met for dep_context=requeueable deps ti=<TaskInstance: dag_yellow_cab.download_file manual__2024-04-29T17:51:09.862834+00:00 [queued]>
[2024-04-29T17:51:15.636+0000] {taskinstance.py:2303} INFO - Starting attempt 1 of 1
[2024-04-29T17:51:15.648+0000] {taskinstance.py:2327} INFO - Executing <Task(BranchPythonOperator): download_file> on 2024-04-29 17:51:09.862834+00:00
[2024-04-29T17:51:15.657+0000] {warnings.py:110} WARNING - /home/***/.local/lib/python3.12/site-packages/***/task/task_runner/standard_task_runner.py:61: DeprecationWarning: This process (pid=86) is multi-threaded, use of fork() may lead to deadlocks in the child.
  pid = os.fork()

[2024-04-29T17:51:15.659+0000] {standard_task_runner.py:63} INFO - Started process 88 to run task
[2024-04-29T17:51:15.659+0000] {standard_task_runner.py:90} INFO - Running: ['***', 'tasks', 'run', 'dag_yellow_cab', 'download_file', 'manual__2024-04-29T17:51:09.862834+00:00', '--job-id', '92', '--raw', '--subdir', 'DAGS_FOLDER/data_pipeline_cab.py', '--cfg-path', '/tmp/tmptiw71hoe']
[2024-04-29T17:51:15.663+0000] {standard_task_runner.py:91} INFO - Job 92: Subtask download_file
[2024-04-29T17:51:15.793+0000] {task_command.py:426} INFO - Running <TaskInstance: dag_yellow_cab.download_file manual__2024-04-29T17:51:09.862834+00:00 [running]> on host 93e07c9aa143
[2024-04-29T17:51:16.034+0000] {taskinstance.py:2644} INFO - Exporting env vars: AIRFLOW_CTX_DAG_OWNER='***' AIRFLOW_CTX_DAG_ID='dag_yellow_cab' AIRFLOW_CTX_TASK_ID='download_file' AIRFLOW_CTX_EXECUTION_DATE='2024-04-29T17:51:09.862834+00:00' AIRFLOW_CTX_TRY_NUMBER='1' AIRFLOW_CTX_DAG_RUN_ID='manual__2024-04-29T17:51:09.862834+00:00'
[2024-04-29T17:51:16.035+0000] {taskinstance.py:430} INFO - ::endgroup::
[2024-04-29T17:51:16.072+0000] {baseoperator.py:399} WARNING - BranchPythonOperator.execute cannot be called outside TaskInstance!
[2024-04-29T17:51:16.098+0000] {_universal.py:514} INFO - Request URL: 'https://azureyellowcab.blob.core.windows.net/cabfiles?restype=REDACTED&comp=REDACTED'
Request method: 'GET'
Request headers:
    'x-ms-version': 'REDACTED'
    'Accept': 'application/xml'
    'User-Agent': 'azsdk-python-storage-blob/12.19.1 Python/3.12.2 (Linux-6.6.22-linuxkit-x86_64-with-glibc2.36)'
    'x-ms-date': 'REDACTED'
    'x-ms-client-request-id': '137d8b8c-0651-11ef-a059-0242c0a8a005'
    'Authorization': 'REDACTED'
No body was attached to the request
[2024-04-29T17:51:16.637+0000] {_universal.py:550} INFO - Response status: 200
Response headers:
    'Transfer-Encoding': 'chunked'
    'Content-Type': 'application/xml'
    'Server': 'Windows-Azure-Blob/1.0 Microsoft-HTTPAPI/2.0'
    'x-ms-request-id': '0aff4fea-001e-0082-215d-9a8921000000'
    'x-ms-client-request-id': '137d8b8c-0651-11ef-a059-0242c0a8a005'
    'x-ms-version': 'REDACTED'
    'Date': 'Mon, 29 Apr 2024 17:51:16 GMT'
[2024-04-29T17:51:16.658+0000] {_universal.py:514} INFO - Request URL: 'https://azureyellowcab.blob.core.windows.net/cabfiles/yellow_tripdata_2011-01.parquet'
Request method: 'GET'
Request headers:
    'x-ms-range': 'REDACTED'
    'x-ms-version': 'REDACTED'
    'Accept': 'application/xml'
    'User-Agent': 'azsdk-python-storage-blob/12.19.1 Python/3.12.2 (Linux-6.6.22-linuxkit-x86_64-with-glibc2.36)'
    'x-ms-date': 'REDACTED'
    'x-ms-client-request-id': '13d46970-0651-11ef-a059-0242c0a8a005'
    'Authorization': 'REDACTED'
No body was attached to the request
[2024-04-29T17:51:16.782+0000] {_universal.py:550} INFO - Response status: 206
Response headers:
    'Content-Length': '33554432'
    'Content-Type': 'application/octet-stream'
    'Content-Range': 'REDACTED'
    'Last-Modified': 'Mon, 29 Apr 2024 17:07:16 GMT'
    'Accept-Ranges': 'REDACTED'
    'ETag': '"0x8DC686ED2A077F8"'
    'Server': 'Windows-Azure-Blob/1.0 Microsoft-HTTPAPI/2.0'
    'x-ms-request-id': '0aff5032-001e-0082-625d-9a8921000000'
    'x-ms-client-request-id': '13d46970-0651-11ef-a059-0242c0a8a005'
    'x-ms-version': 'REDACTED'
    'x-ms-creation-time': 'REDACTED'
    'x-ms-lease-status': 'REDACTED'
    'x-ms-lease-state': 'REDACTED'
    'x-ms-blob-type': 'REDACTED'
    'x-ms-server-encrypted': 'REDACTED'
    'Date': 'Mon, 29 Apr 2024 17:51:16 GMT'
[2024-04-29T17:51:21.520+0000] {_universal.py:514} INFO - Request URL: 'https://azureyellowcab.blob.core.windows.net/cabfiles/yellow_tripdata_2011-01.parquet'
Request method: 'GET'
Request headers:
    'x-ms-range': 'REDACTED'
    'If-Match': '"0x8DC686ED2A077F8"'
    'x-ms-version': 'REDACTED'
    'Accept': 'application/xml'
    'User-Agent': 'azsdk-python-storage-blob/12.19.1 Python/3.12.2 (Linux-6.6.22-linuxkit-x86_64-with-glibc2.36)'
    'x-ms-date': 'REDACTED'
    'x-ms-client-request-id': '16ba616c-0651-11ef-a059-0242c0a8a005'
    'Authorization': 'REDACTED'
No body was attached to the request
[2024-04-29T17:51:21.703+0000] {_universal.py:550} INFO - Response status: 206
Response headers:
    'Content-Length': '4194304'
    'Content-Type': 'application/octet-stream'
    'Content-Range': 'REDACTED'
    'Last-Modified': 'Mon, 29 Apr 2024 17:07:16 GMT'
    'Accept-Ranges': 'REDACTED'
    'ETag': '"0x8DC686ED2A077F8"'
    'Server': 'Windows-Azure-Blob/1.0 Microsoft-HTTPAPI/2.0'
    'x-ms-request-id': '0aff65b0-001e-0082-095d-9a8921000000'
    'x-ms-client-request-id': '16ba616c-0651-11ef-a059-0242c0a8a005'
    'x-ms-version': 'REDACTED'
    'x-ms-creation-time': 'REDACTED'
    'x-ms-lease-status': 'REDACTED'
    'x-ms-lease-state': 'REDACTED'
    'x-ms-blob-type': 'REDACTED'
    'x-ms-server-encrypted': 'REDACTED'
    'Date': 'Mon, 29 Apr 2024 17:51:21 GMT'
[2024-04-29T17:51:23.719+0000] {_universal.py:514} INFO - Request URL: 'https://azureyellowcab.blob.core.windows.net/cabfiles/yellow_tripdata_2011-01.parquet'
Request method: 'GET'
Request headers:
    'x-ms-range': 'REDACTED'
    'If-Match': '"0x8DC686ED2A077F8"'
    'x-ms-version': 'REDACTED'
    'Accept': 'application/xml'
    'User-Agent': 'azsdk-python-storage-blob/12.19.1 Python/3.12.2 (Linux-6.6.22-linuxkit-x86_64-with-glibc2.36)'
    'x-ms-date': 'REDACTED'
    'x-ms-client-request-id': '1809d0f2-0651-11ef-a059-0242c0a8a005'
    'Authorization': 'REDACTED'
No body was attached to the request
[2024-04-29T17:51:23.944+0000] {_universal.py:550} INFO - Response status: 206
Response headers:
    'Content-Length': '4194304'
    'Content-Type': 'application/octet-stream'
    'Content-Range': 'REDACTED'
    'Last-Modified': 'Mon, 29 Apr 2024 17:07:16 GMT'
    'Accept-Ranges': 'REDACTED'
    'ETag': '"0x8DC686ED2A077F8"'
    'Server': 'Windows-Azure-Blob/1.0 Microsoft-HTTPAPI/2.0'
    'x-ms-request-id': '0aff6f1d-001e-0082-5e5d-9a8921000000'
    'x-ms-client-request-id': '1809d0f2-0651-11ef-a059-0242c0a8a005'
    'x-ms-version': 'REDACTED'
    'x-ms-creation-time': 'REDACTED'
    'x-ms-lease-status': 'REDACTED'
    'x-ms-lease-state': 'REDACTED'
    'x-ms-blob-type': 'REDACTED'
    'x-ms-server-encrypted': 'REDACTED'
    'Date': 'Mon, 29 Apr 2024 17:51:23 GMT'
[2024-04-29T17:51:25.148+0000] {_universal.py:514} INFO - Request URL: 'https://azureyellowcab.blob.core.windows.net/cabfiles/yellow_tripdata_2011-01.parquet'
Request method: 'GET'
Request headers:
    'x-ms-range': 'REDACTED'
    'If-Match': '"0x8DC686ED2A077F8"'
    'x-ms-version': 'REDACTED'
    'Accept': 'application/xml'
    'User-Agent': 'azsdk-python-storage-blob/12.19.1 Python/3.12.2 (Linux-6.6.22-linuxkit-x86_64-with-glibc2.36)'
    'x-ms-date': 'REDACTED'
    'x-ms-client-request-id': '18e3e062-0651-11ef-a059-0242c0a8a005'
    'Authorization': 'REDACTED'
No body was attached to the request
[2024-04-29T17:51:25.235+0000] {_universal.py:550} INFO - Response status: 206
Response headers:
    'Content-Length': '4194304'
    'Content-Type': 'application/octet-stream'
    'Content-Range': 'REDACTED'
    'Last-Modified': 'Mon, 29 Apr 2024 17:07:16 GMT'
    'Accept-Ranges': 'REDACTED'
    'ETag': '"0x8DC686ED2A077F8"'
    'Server': 'Windows-Azure-Blob/1.0 Microsoft-HTTPAPI/2.0'
    'x-ms-request-id': '0aff7528-001e-0082-665d-9a8921000000'
    'x-ms-client-request-id': '18e3e062-0651-11ef-a059-0242c0a8a005'
    'x-ms-version': 'REDACTED'
    'x-ms-creation-time': 'REDACTED'
    'x-ms-lease-status': 'REDACTED'
    'x-ms-lease-state': 'REDACTED'
    'x-ms-blob-type': 'REDACTED'
    'x-ms-server-encrypted': 'REDACTED'
    'Date': 'Mon, 29 Apr 2024 17:51:24 GMT'
[2024-04-29T17:51:25.733+0000] {_universal.py:514} INFO - Request URL: 'https://azureyellowcab.blob.core.windows.net/cabfiles/yellow_tripdata_2011-01.parquet'
Request method: 'GET'
Request headers:
    'x-ms-range': 'REDACTED'
    'If-Match': '"0x8DC686ED2A077F8"'
    'x-ms-version': 'REDACTED'
    'Accept': 'application/xml'
    'User-Agent': 'azsdk-python-storage-blob/12.19.1 Python/3.12.2 (Linux-6.6.22-linuxkit-x86_64-with-glibc2.36)'
    'x-ms-date': 'REDACTED'
    'x-ms-client-request-id': '193d20e6-0651-11ef-a059-0242c0a8a005'
    'Authorization': 'REDACTED'
No body was attached to the request
[2024-04-29T17:51:25.823+0000] {_universal.py:550} INFO - Response status: 206
Response headers:
    'Content-Length': '4194304'
    'Content-Type': 'application/octet-stream'
    'Content-Range': 'REDACTED'
    'Last-Modified': 'Mon, 29 Apr 2024 17:07:16 GMT'
    'Accept-Ranges': 'REDACTED'
    'ETag': '"0x8DC686ED2A077F8"'
    'Server': 'Windows-Azure-Blob/1.0 Microsoft-HTTPAPI/2.0'
    'x-ms-request-id': '0aff77e2-001e-0082-645d-9a8921000000'
    'x-ms-client-request-id': '193d20e6-0651-11ef-a059-0242c0a8a005'
    'x-ms-version': 'REDACTED'
    'x-ms-creation-time': 'REDACTED'
    'x-ms-lease-status': 'REDACTED'
    'x-ms-lease-state': 'REDACTED'
    'x-ms-blob-type': 'REDACTED'
    'x-ms-server-encrypted': 'REDACTED'
    'Date': 'Mon, 29 Apr 2024 17:51:25 GMT'
[2024-04-29T17:51:26.291+0000] {_universal.py:514} INFO - Request URL: 'https://azureyellowcab.blob.core.windows.net/cabfiles/yellow_tripdata_2011-01.parquet'
Request method: 'GET'
Request headers:
    'x-ms-range': 'REDACTED'
    'If-Match': '"0x8DC686ED2A077F8"'
    'x-ms-version': 'REDACTED'
    'Accept': 'application/xml'
    'User-Agent': 'azsdk-python-storage-blob/12.19.1 Python/3.12.2 (Linux-6.6.22-linuxkit-x86_64-with-glibc2.36)'
    'x-ms-date': 'REDACTED'
    'x-ms-client-request-id': '19925b56-0651-11ef-a059-0242c0a8a005'
    'Authorization': 'REDACTED'
No body was attached to the request
[2024-04-29T17:51:26.378+0000] {_universal.py:550} INFO - Response status: 206
Response headers:
    'Content-Length': '4194304'
    'Content-Type': 'application/octet-stream'
    'Content-Range': 'REDACTED'
    'Last-Modified': 'Mon, 29 Apr 2024 17:07:16 GMT'
    'Accept-Ranges': 'REDACTED'
    'ETag': '"0x8DC686ED2A077F8"'
    'Server': 'Windows-Azure-Blob/1.0 Microsoft-HTTPAPI/2.0'
    'x-ms-request-id': '0aff7ad4-001e-0082-155d-9a8921000000'
    'x-ms-client-request-id': '19925b56-0651-11ef-a059-0242c0a8a005'
    'x-ms-version': 'REDACTED'
    'x-ms-creation-time': 'REDACTED'
    'x-ms-lease-status': 'REDACTED'
    'x-ms-lease-state': 'REDACTED'
    'x-ms-blob-type': 'REDACTED'
    'x-ms-server-encrypted': 'REDACTED'
    'Date': 'Mon, 29 Apr 2024 17:51:25 GMT'
[2024-04-29T17:51:26.778+0000] {_universal.py:514} INFO - Request URL: 'https://azureyellowcab.blob.core.windows.net/cabfiles/yellow_tripdata_2011-01.parquet'
Request method: 'GET'
Request headers:
    'x-ms-range': 'REDACTED'
    'If-Match': '"0x8DC686ED2A077F8"'
    'x-ms-version': 'REDACTED'
    'Accept': 'application/xml'
    'User-Agent': 'azsdk-python-storage-blob/12.19.1 Python/3.12.2 (Linux-6.6.22-linuxkit-x86_64-with-glibc2.36)'
    'x-ms-date': 'REDACTED'
    'x-ms-client-request-id': '19dc9f18-0651-11ef-a059-0242c0a8a005'
    'Authorization': 'REDACTED'
No body was attached to the request
[2024-04-29T17:51:26.850+0000] {_universal.py:550} INFO - Response status: 206
Response headers:
    'Content-Length': '4194304'
    'Content-Type': 'application/octet-stream'
    'Content-Range': 'REDACTED'
    'Last-Modified': 'Mon, 29 Apr 2024 17:07:16 GMT'
    'Accept-Ranges': 'REDACTED'
    'ETag': '"0x8DC686ED2A077F8"'
    'Server': 'Windows-Azure-Blob/1.0 Microsoft-HTTPAPI/2.0'
    'x-ms-request-id': '0aff7d15-001e-0082-305d-9a8921000000'
    'x-ms-client-request-id': '19dc9f18-0651-11ef-a059-0242c0a8a005'
    'x-ms-version': 'REDACTED'
    'x-ms-creation-time': 'REDACTED'
    'x-ms-lease-status': 'REDACTED'
    'x-ms-lease-state': 'REDACTED'
    'x-ms-blob-type': 'REDACTED'
    'x-ms-server-encrypted': 'REDACTED'
    'Date': 'Mon, 29 Apr 2024 17:51:26 GMT'
[2024-04-29T17:51:27.327+0000] {_universal.py:514} INFO - Request URL: 'https://azureyellowcab.blob.core.windows.net/cabfiles/yellow_tripdata_2011-01.parquet'
Request method: 'GET'
Request headers:
    'x-ms-range': 'REDACTED'
    'If-Match': '"0x8DC686ED2A077F8"'
    'x-ms-version': 'REDACTED'
    'Accept': 'application/xml'
    'User-Agent': 'azsdk-python-storage-blob/12.19.1 Python/3.12.2 (Linux-6.6.22-linuxkit-x86_64-with-glibc2.36)'
    'x-ms-date': 'REDACTED'
    'x-ms-client-request-id': '1a306f12-0651-11ef-a059-0242c0a8a005'
    'Authorization': 'REDACTED'
No body was attached to the request
[2024-04-29T17:51:27.406+0000] {_universal.py:550} INFO - Response status: 206
Response headers:
    'Content-Length': '4194304'
    'Content-Type': 'application/octet-stream'
    'Content-Range': 'REDACTED'
    'Last-Modified': 'Mon, 29 Apr 2024 17:07:16 GMT'
    'Accept-Ranges': 'REDACTED'
    'ETag': '"0x8DC686ED2A077F8"'
    'Server': 'Windows-Azure-Blob/1.0 Microsoft-HTTPAPI/2.0'
    'x-ms-request-id': '0aff7f23-001e-0082-7e5d-9a8921000000'
    'x-ms-client-request-id': '1a306f12-0651-11ef-a059-0242c0a8a005'
    'x-ms-version': 'REDACTED'
    'x-ms-creation-time': 'REDACTED'
    'x-ms-lease-status': 'REDACTED'
    'x-ms-lease-state': 'REDACTED'
    'x-ms-blob-type': 'REDACTED'
    'x-ms-server-encrypted': 'REDACTED'
    'Date': 'Mon, 29 Apr 2024 17:51:26 GMT'
[2024-04-29T17:51:27.873+0000] {_universal.py:514} INFO - Request URL: 'https://azureyellowcab.blob.core.windows.net/cabfiles/yellow_tripdata_2011-01.parquet'
Request method: 'GET'
Request headers:
    'x-ms-range': 'REDACTED'
    'If-Match': '"0x8DC686ED2A077F8"'
    'x-ms-version': 'REDACTED'
    'Accept': 'application/xml'
    'User-Agent': 'azsdk-python-storage-blob/12.19.1 Python/3.12.2 (Linux-6.6.22-linuxkit-x86_64-with-glibc2.36)'
    'x-ms-date': 'REDACTED'
    'x-ms-client-request-id': '1a839ee4-0651-11ef-a059-0242c0a8a005'
    'Authorization': 'REDACTED'
No body was attached to the request
[2024-04-29T17:51:27.989+0000] {_universal.py:550} INFO - Response status: 206
Response headers:
    'Content-Length': '4194304'
    'Content-Type': 'application/octet-stream'
    'Content-Range': 'REDACTED'
    'Last-Modified': 'Mon, 29 Apr 2024 17:07:16 GMT'
    'Accept-Ranges': 'REDACTED'
    'ETag': '"0x8DC686ED2A077F8"'
    'Server': 'Windows-Azure-Blob/1.0 Microsoft-HTTPAPI/2.0'
    'x-ms-request-id': '0aff81e2-001e-0082-7c5d-9a8921000000'
    'x-ms-client-request-id': '1a839ee4-0651-11ef-a059-0242c0a8a005'
    'x-ms-version': 'REDACTED'
    'x-ms-creation-time': 'REDACTED'
    'x-ms-lease-status': 'REDACTED'
    'x-ms-lease-state': 'REDACTED'
    'x-ms-blob-type': 'REDACTED'
    'x-ms-server-encrypted': 'REDACTED'
    'Date': 'Mon, 29 Apr 2024 17:51:27 GMT'
[2024-04-29T17:51:28.420+0000] {_universal.py:514} INFO - Request URL: 'https://azureyellowcab.blob.core.windows.net/cabfiles/yellow_tripdata_2011-01.parquet'
Request method: 'GET'
Request headers:
    'x-ms-range': 'REDACTED'
    'If-Match': '"0x8DC686ED2A077F8"'
    'x-ms-version': 'REDACTED'
    'Accept': 'application/xml'
    'User-Agent': 'azsdk-python-storage-blob/12.19.1 Python/3.12.2 (Linux-6.6.22-linuxkit-x86_64-with-glibc2.36)'
    'x-ms-date': 'REDACTED'
    'x-ms-client-request-id': '1ad71ec0-0651-11ef-a059-0242c0a8a005'
    'Authorization': 'REDACTED'
No body was attached to the request
[2024-04-29T17:51:28.528+0000] {_universal.py:550} INFO - Response status: 206
Response headers:
    'Content-Length': '4194304'
    'Content-Type': 'application/octet-stream'
    'Content-Range': 'REDACTED'
    'Last-Modified': 'Mon, 29 Apr 2024 17:07:16 GMT'
    'Accept-Ranges': 'REDACTED'
    'ETag': '"0x8DC686ED2A077F8"'
    'Server': 'Windows-Azure-Blob/1.0 Microsoft-HTTPAPI/2.0'
    'x-ms-request-id': '0aff8514-001e-0082-7c5d-9a8921000000'
    'x-ms-client-request-id': '1ad71ec0-0651-11ef-a059-0242c0a8a005'
    'x-ms-version': 'REDACTED'
    'x-ms-creation-time': 'REDACTED'
    'x-ms-lease-status': 'REDACTED'
    'x-ms-lease-state': 'REDACTED'
    'x-ms-blob-type': 'REDACTED'
    'x-ms-server-encrypted': 'REDACTED'
    'Date': 'Mon, 29 Apr 2024 17:51:28 GMT'
[2024-04-29T17:51:28.924+0000] {_universal.py:514} INFO - Request URL: 'https://azureyellowcab.blob.core.windows.net/cabfiles/yellow_tripdata_2011-01.parquet'
Request method: 'GET'
Request headers:
    'x-ms-range': 'REDACTED'
    'If-Match': '"0x8DC686ED2A077F8"'
    'x-ms-version': 'REDACTED'
    'Accept': 'application/xml'
    'User-Agent': 'azsdk-python-storage-blob/12.19.1 Python/3.12.2 (Linux-6.6.22-linuxkit-x86_64-with-glibc2.36)'
    'x-ms-date': 'REDACTED'
    'x-ms-client-request-id': '1b240b0e-0651-11ef-a059-0242c0a8a005'
    'Authorization': 'REDACTED'
No body was attached to the request
[2024-04-29T17:51:29.067+0000] {_universal.py:550} INFO - Response status: 206
Response headers:
    'Content-Length': '4194304'
    'Content-Type': 'application/octet-stream'
    'Content-Range': 'REDACTED'
    'Last-Modified': 'Mon, 29 Apr 2024 17:07:16 GMT'
    'Accept-Ranges': 'REDACTED'
    'ETag': '"0x8DC686ED2A077F8"'
    'Server': 'Windows-Azure-Blob/1.0 Microsoft-HTTPAPI/2.0'
    'x-ms-request-id': '0aff8745-001e-0082-7f5d-9a8921000000'
    'x-ms-client-request-id': '1b240b0e-0651-11ef-a059-0242c0a8a005'
    'x-ms-version': 'REDACTED'
    'x-ms-creation-time': 'REDACTED'
    'x-ms-lease-status': 'REDACTED'
    'x-ms-lease-state': 'REDACTED'
    'x-ms-blob-type': 'REDACTED'
    'x-ms-server-encrypted': 'REDACTED'
    'Date': 'Mon, 29 Apr 2024 17:51:28 GMT'
[2024-04-29T17:51:29.490+0000] {_universal.py:514} INFO - Request URL: 'https://azureyellowcab.blob.core.windows.net/cabfiles/yellow_tripdata_2011-01.parquet'
Request method: 'GET'
Request headers:
    'x-ms-range': 'REDACTED'
    'If-Match': '"0x8DC686ED2A077F8"'
    'x-ms-version': 'REDACTED'
    'Accept': 'application/xml'
    'User-Agent': 'azsdk-python-storage-blob/12.19.1 Python/3.12.2 (Linux-6.6.22-linuxkit-x86_64-with-glibc2.36)'
    'x-ms-date': 'REDACTED'
    'x-ms-client-request-id': '1b7a6706-0651-11ef-a059-0242c0a8a005'
    'Authorization': 'REDACTED'
No body was attached to the request
[2024-04-29T17:51:29.596+0000] {_universal.py:550} INFO - Response status: 206
Response headers:
    'Content-Length': '4194304'
    'Content-Type': 'application/octet-stream'
    'Content-Range': 'REDACTED'
    'Last-Modified': 'Mon, 29 Apr 2024 17:07:16 GMT'
    'Accept-Ranges': 'REDACTED'
    'ETag': '"0x8DC686ED2A077F8"'
    'Server': 'Windows-Azure-Blob/1.0 Microsoft-HTTPAPI/2.0'
    'x-ms-request-id': '0aff89e9-001e-0082-705d-9a8921000000'
    'x-ms-client-request-id': '1b7a6706-0651-11ef-a059-0242c0a8a005'
    'x-ms-version': 'REDACTED'
    'x-ms-creation-time': 'REDACTED'
    'x-ms-lease-status': 'REDACTED'
    'x-ms-lease-state': 'REDACTED'
    'x-ms-blob-type': 'REDACTED'
    'x-ms-server-encrypted': 'REDACTED'
    'Date': 'Mon, 29 Apr 2024 17:51:29 GMT'
[2024-04-29T17:51:30.059+0000] {_universal.py:514} INFO - Request URL: 'https://azureyellowcab.blob.core.windows.net/cabfiles/yellow_tripdata_2011-01.parquet'
Request method: 'GET'
Request headers:
    'x-ms-range': 'REDACTED'
    'If-Match': '"0x8DC686ED2A077F8"'
    'x-ms-version': 'REDACTED'
    'Accept': 'application/xml'
    'User-Agent': 'azsdk-python-storage-blob/12.19.1 Python/3.12.2 (Linux-6.6.22-linuxkit-x86_64-with-glibc2.36)'
    'x-ms-date': 'REDACTED'
    'x-ms-client-request-id': '1bd14616-0651-11ef-a059-0242c0a8a005'
    'Authorization': 'REDACTED'
No body was attached to the request
[2024-04-29T17:51:30.175+0000] {_universal.py:550} INFO - Response status: 206
Response headers:
    'Content-Length': '4194304'
    'Content-Type': 'application/octet-stream'
    'Content-Range': 'REDACTED'
    'Last-Modified': 'Mon, 29 Apr 2024 17:07:16 GMT'
    'Accept-Ranges': 'REDACTED'
    'ETag': '"0x8DC686ED2A077F8"'
    'Server': 'Windows-Azure-Blob/1.0 Microsoft-HTTPAPI/2.0'
    'x-ms-request-id': '0aff8c92-001e-0082-575d-9a8921000000'
    'x-ms-client-request-id': '1bd14616-0651-11ef-a059-0242c0a8a005'
    'x-ms-version': 'REDACTED'
    'x-ms-creation-time': 'REDACTED'
    'x-ms-lease-status': 'REDACTED'
    'x-ms-lease-state': 'REDACTED'
    'x-ms-blob-type': 'REDACTED'
    'x-ms-server-encrypted': 'REDACTED'
    'Date': 'Mon, 29 Apr 2024 17:51:29 GMT'
[2024-04-29T17:51:30.604+0000] {_universal.py:514} INFO - Request URL: 'https://azureyellowcab.blob.core.windows.net/cabfiles/yellow_tripdata_2011-01.parquet'
Request method: 'GET'
Request headers:
    'x-ms-range': 'REDACTED'
    'If-Match': '"0x8DC686ED2A077F8"'
    'x-ms-version': 'REDACTED'
    'Accept': 'application/xml'
    'User-Agent': 'azsdk-python-storage-blob/12.19.1 Python/3.12.2 (Linux-6.6.22-linuxkit-x86_64-with-glibc2.36)'
    'x-ms-date': 'REDACTED'
    'x-ms-client-request-id': '1c245a40-0651-11ef-a059-0242c0a8a005'
    'Authorization': 'REDACTED'
No body was attached to the request
[2024-04-29T17:51:30.713+0000] {_universal.py:550} INFO - Response status: 206
Response headers:
    'Content-Length': '4194304'
    'Content-Type': 'application/octet-stream'
    'Content-Range': 'REDACTED'
    'Last-Modified': 'Mon, 29 Apr 2024 17:07:16 GMT'
    'Accept-Ranges': 'REDACTED'
    'ETag': '"0x8DC686ED2A077F8"'
    'Server': 'Windows-Azure-Blob/1.0 Microsoft-HTTPAPI/2.0'
    'x-ms-request-id': '0aff8ef4-001e-0082-785d-9a8921000000'
    'x-ms-client-request-id': '1c245a40-0651-11ef-a059-0242c0a8a005'
    'x-ms-version': 'REDACTED'
    'x-ms-creation-time': 'REDACTED'
    'x-ms-lease-status': 'REDACTED'
    'x-ms-lease-state': 'REDACTED'
    'x-ms-blob-type': 'REDACTED'
    'x-ms-server-encrypted': 'REDACTED'
    'Date': 'Mon, 29 Apr 2024 17:51:30 GMT'
[2024-04-29T17:51:31.107+0000] {_universal.py:514} INFO - Request URL: 'https://azureyellowcab.blob.core.windows.net/cabfiles/yellow_tripdata_2011-01.parquet'
Request method: 'GET'
Request headers:
    'x-ms-range': 'REDACTED'
    'If-Match': '"0x8DC686ED2A077F8"'
    'x-ms-version': 'REDACTED'
    'Accept': 'application/xml'
    'User-Agent': 'azsdk-python-storage-blob/12.19.1 Python/3.12.2 (Linux-6.6.22-linuxkit-x86_64-with-glibc2.36)'
    'x-ms-date': 'REDACTED'
    'x-ms-client-request-id': '1c712d8e-0651-11ef-a059-0242c0a8a005'
    'Authorization': 'REDACTED'
No body was attached to the request
[2024-04-29T17:51:31.199+0000] {_universal.py:550} INFO - Response status: 206
Response headers:
    'Content-Length': '4194304'
    'Content-Type': 'application/octet-stream'
    'Content-Range': 'REDACTED'
    'Last-Modified': 'Mon, 29 Apr 2024 17:07:16 GMT'
    'Accept-Ranges': 'REDACTED'
    'ETag': '"0x8DC686ED2A077F8"'
    'Server': 'Windows-Azure-Blob/1.0 Microsoft-HTTPAPI/2.0'
    'x-ms-request-id': '0aff9148-001e-0082-165d-9a8921000000'
    'x-ms-client-request-id': '1c712d8e-0651-11ef-a059-0242c0a8a005'
    'x-ms-version': 'REDACTED'
    'x-ms-creation-time': 'REDACTED'
    'x-ms-lease-status': 'REDACTED'
    'x-ms-lease-state': 'REDACTED'
    'x-ms-blob-type': 'REDACTED'
    'x-ms-server-encrypted': 'REDACTED'
    'Date': 'Mon, 29 Apr 2024 17:51:30 GMT'
[2024-04-29T17:51:31.659+0000] {_universal.py:514} INFO - Request URL: 'https://azureyellowcab.blob.core.windows.net/cabfiles/yellow_tripdata_2011-01.parquet'
Request method: 'GET'
Request headers:
    'x-ms-range': 'REDACTED'
    'If-Match': '"0x8DC686ED2A077F8"'
    'x-ms-version': 'REDACTED'
    'Accept': 'application/xml'
    'User-Agent': 'azsdk-python-storage-blob/12.19.1 Python/3.12.2 (Linux-6.6.22-linuxkit-x86_64-with-glibc2.36)'
    'x-ms-date': 'REDACTED'
    'x-ms-client-request-id': '1cc568ea-0651-11ef-a059-0242c0a8a005'
    'Authorization': 'REDACTED'
No body was attached to the request
[2024-04-29T17:51:31.739+0000] {_universal.py:550} INFO - Response status: 206
Response headers:
    'Content-Length': '4194304'
    'Content-Type': 'application/octet-stream'
    'Content-Range': 'REDACTED'
    'Last-Modified': 'Mon, 29 Apr 2024 17:07:16 GMT'
    'Accept-Ranges': 'REDACTED'
    'ETag': '"0x8DC686ED2A077F8"'
    'Server': 'Windows-Azure-Blob/1.0 Microsoft-HTTPAPI/2.0'
    'x-ms-request-id': '0aff938a-001e-0082-345d-9a8921000000'
    'x-ms-client-request-id': '1cc568ea-0651-11ef-a059-0242c0a8a005'
    'x-ms-version': 'REDACTED'
    'x-ms-creation-time': 'REDACTED'
    'x-ms-lease-status': 'REDACTED'
    'x-ms-lease-state': 'REDACTED'
    'x-ms-blob-type': 'REDACTED'
    'x-ms-server-encrypted': 'REDACTED'
    'Date': 'Mon, 29 Apr 2024 17:51:31 GMT'
[2024-04-29T17:51:32.203+0000] {_universal.py:514} INFO - Request URL: 'https://azureyellowcab.blob.core.windows.net/cabfiles/yellow_tripdata_2011-01.parquet'
Request method: 'GET'
Request headers:
    'x-ms-range': 'REDACTED'
    'If-Match': '"0x8DC686ED2A077F8"'
    'x-ms-version': 'REDACTED'
    'Accept': 'application/xml'
    'User-Agent': 'azsdk-python-storage-blob/12.19.1 Python/3.12.2 (Linux-6.6.22-linuxkit-x86_64-with-glibc2.36)'
    'x-ms-date': 'REDACTED'
    'x-ms-client-request-id': '1d186ae0-0651-11ef-a059-0242c0a8a005'
    'Authorization': 'REDACTED'
No body was attached to the request
[2024-04-29T17:51:32.316+0000] {_universal.py:550} INFO - Response status: 206
Response headers:
    'Content-Length': '4194304'
    'Content-Type': 'application/octet-stream'
    'Content-Range': 'REDACTED'
    'Last-Modified': 'Mon, 29 Apr 2024 17:07:16 GMT'
    'Accept-Ranges': 'REDACTED'
    'ETag': '"0x8DC686ED2A077F8"'
    'Server': 'Windows-Azure-Blob/1.0 Microsoft-HTTPAPI/2.0'
    'x-ms-request-id': '0aff95b6-001e-0082-2d5d-9a8921000000'
    'x-ms-client-request-id': '1d186ae0-0651-11ef-a059-0242c0a8a005'
    'x-ms-version': 'REDACTED'
    'x-ms-creation-time': 'REDACTED'
    'x-ms-lease-status': 'REDACTED'
    'x-ms-lease-state': 'REDACTED'
    'x-ms-blob-type': 'REDACTED'
    'x-ms-server-encrypted': 'REDACTED'
    'Date': 'Mon, 29 Apr 2024 17:51:31 GMT'
[2024-04-29T17:51:32.746+0000] {_universal.py:514} INFO - Request URL: 'https://azureyellowcab.blob.core.windows.net/cabfiles/yellow_tripdata_2011-01.parquet'
Request method: 'GET'
Request headers:
    'x-ms-range': 'REDACTED'
    'If-Match': '"0x8DC686ED2A077F8"'
    'x-ms-version': 'REDACTED'
    'Accept': 'application/xml'
    'User-Agent': 'azsdk-python-storage-blob/12.19.1 Python/3.12.2 (Linux-6.6.22-linuxkit-x86_64-with-glibc2.36)'
    'x-ms-date': 'REDACTED'
    'x-ms-client-request-id': '1d6b3446-0651-11ef-a059-0242c0a8a005'
    'Authorization': 'REDACTED'
No body was attached to the request
[2024-04-29T17:51:32.892+0000] {_universal.py:550} INFO - Response status: 206
Response headers:
    'Content-Length': '4194304'
    'Content-Type': 'application/octet-stream'
    'Content-Range': 'REDACTED'
    'Last-Modified': 'Mon, 29 Apr 2024 17:07:16 GMT'
    'Accept-Ranges': 'REDACTED'
    'ETag': '"0x8DC686ED2A077F8"'
    'Server': 'Windows-Azure-Blob/1.0 Microsoft-HTTPAPI/2.0'
    'x-ms-request-id': '0aff9850-001e-0082-785d-9a8921000000'
    'x-ms-client-request-id': '1d6b3446-0651-11ef-a059-0242c0a8a005'
    'x-ms-version': 'REDACTED'
    'x-ms-creation-time': 'REDACTED'
    'x-ms-lease-status': 'REDACTED'
    'x-ms-lease-state': 'REDACTED'
    'x-ms-blob-type': 'REDACTED'
    'x-ms-server-encrypted': 'REDACTED'
    'Date': 'Mon, 29 Apr 2024 17:51:32 GMT'
[2024-04-29T17:51:33.276+0000] {_universal.py:514} INFO - Request URL: 'https://azureyellowcab.blob.core.windows.net/cabfiles/yellow_tripdata_2011-01.parquet'
Request method: 'GET'
Request headers:
    'x-ms-range': 'REDACTED'
    'If-Match': '"0x8DC686ED2A077F8"'
    'x-ms-version': 'REDACTED'
    'Accept': 'application/xml'
    'User-Agent': 'azsdk-python-storage-blob/12.19.1 Python/3.12.2 (Linux-6.6.22-linuxkit-x86_64-with-glibc2.36)'
    'x-ms-date': 'REDACTED'
    'x-ms-client-request-id': '1dbc1a64-0651-11ef-a059-0242c0a8a005'
    'Authorization': 'REDACTED'
No body was attached to the request
[2024-04-29T17:51:33.401+0000] {_universal.py:550} INFO - Response status: 206
Response headers:
    'Content-Length': '4194304'
    'Content-Type': 'application/octet-stream'
    'Content-Range': 'REDACTED'
    'Last-Modified': 'Mon, 29 Apr 2024 17:07:16 GMT'
    'Accept-Ranges': 'REDACTED'
    'ETag': '"0x8DC686ED2A077F8"'
    'Server': 'Windows-Azure-Blob/1.0 Microsoft-HTTPAPI/2.0'
    'x-ms-request-id': '0aff9ab1-001e-0082-2a5d-9a8921000000'
    'x-ms-client-request-id': '1dbc1a64-0651-11ef-a059-0242c0a8a005'
    'x-ms-version': 'REDACTED'
    'x-ms-creation-time': 'REDACTED'
    'x-ms-lease-status': 'REDACTED'
    'x-ms-lease-state': 'REDACTED'
    'x-ms-blob-type': 'REDACTED'
    'x-ms-server-encrypted': 'REDACTED'
    'Date': 'Mon, 29 Apr 2024 17:51:32 GMT'
[2024-04-29T17:51:33.763+0000] {_universal.py:514} INFO - Request URL: 'https://azureyellowcab.blob.core.windows.net/cabfiles/yellow_tripdata_2011-01.parquet'
Request method: 'GET'
Request headers:
    'x-ms-range': 'REDACTED'
    'If-Match': '"0x8DC686ED2A077F8"'
    'x-ms-version': 'REDACTED'
    'Accept': 'application/xml'
    'User-Agent': 'azsdk-python-storage-blob/12.19.1 Python/3.12.2 (Linux-6.6.22-linuxkit-x86_64-with-glibc2.36)'
    'x-ms-date': 'REDACTED'
    'x-ms-client-request-id': '1e068572-0651-11ef-a059-0242c0a8a005'
    'Authorization': 'REDACTED'
No body was attached to the request
[2024-04-29T17:51:33.858+0000] {_universal.py:550} INFO - Response status: 206
Response headers:
    'Content-Length': '4194304'
    'Content-Type': 'application/octet-stream'
    'Content-Range': 'REDACTED'
    'Last-Modified': 'Mon, 29 Apr 2024 17:07:16 GMT'
    'Accept-Ranges': 'REDACTED'
    'ETag': '"0x8DC686ED2A077F8"'
    'Server': 'Windows-Azure-Blob/1.0 Microsoft-HTTPAPI/2.0'
    'x-ms-request-id': '0aff9d35-001e-0082-6e5d-9a8921000000'
    'x-ms-client-request-id': '1e068572-0651-11ef-a059-0242c0a8a005'
    'x-ms-version': 'REDACTED'
    'x-ms-creation-time': 'REDACTED'
    'x-ms-lease-status': 'REDACTED'
    'x-ms-lease-state': 'REDACTED'
    'x-ms-blob-type': 'REDACTED'
    'x-ms-server-encrypted': 'REDACTED'
    'Date': 'Mon, 29 Apr 2024 17:51:33 GMT'
[2024-04-29T17:51:34.329+0000] {_universal.py:514} INFO - Request URL: 'https://azureyellowcab.blob.core.windows.net/cabfiles/yellow_tripdata_2011-01.parquet'
Request method: 'GET'
Request headers:
    'x-ms-range': 'REDACTED'
    'If-Match': '"0x8DC686ED2A077F8"'
    'x-ms-version': 'REDACTED'
    'Accept': 'application/xml'
    'User-Agent': 'azsdk-python-storage-blob/12.19.1 Python/3.12.2 (Linux-6.6.22-linuxkit-x86_64-with-glibc2.36)'
    'x-ms-date': 'REDACTED'
    'x-ms-client-request-id': '1e5ce192-0651-11ef-a059-0242c0a8a005'
    'Authorization': 'REDACTED'
No body was attached to the request
[2024-04-29T17:51:34.406+0000] {_universal.py:550} INFO - Response status: 206
Response headers:
    'Content-Length': '4194304'
    'Content-Type': 'application/octet-stream'
    'Content-Range': 'REDACTED'
    'Last-Modified': 'Mon, 29 Apr 2024 17:07:16 GMT'
    'Accept-Ranges': 'REDACTED'
    'ETag': '"0x8DC686ED2A077F8"'
    'Server': 'Windows-Azure-Blob/1.0 Microsoft-HTTPAPI/2.0'
    'x-ms-request-id': '0aff9f96-001e-0082-215d-9a8921000000'
    'x-ms-client-request-id': '1e5ce192-0651-11ef-a059-0242c0a8a005'
    'x-ms-version': 'REDACTED'
    'x-ms-creation-time': 'REDACTED'
    'x-ms-lease-status': 'REDACTED'
    'x-ms-lease-state': 'REDACTED'
    'x-ms-blob-type': 'REDACTED'
    'x-ms-server-encrypted': 'REDACTED'
    'Date': 'Mon, 29 Apr 2024 17:51:33 GMT'
[2024-04-29T17:51:34.928+0000] {_universal.py:514} INFO - Request URL: 'https://azureyellowcab.blob.core.windows.net/cabfiles/yellow_tripdata_2011-01.parquet'
Request method: 'GET'
Request headers:
    'x-ms-range': 'REDACTED'
    'If-Match': '"0x8DC686ED2A077F8"'
    'x-ms-version': 'REDACTED'
    'Accept': 'application/xml'
    'User-Agent': 'azsdk-python-storage-blob/12.19.1 Python/3.12.2 (Linux-6.6.22-linuxkit-x86_64-with-glibc2.36)'
    'x-ms-date': 'REDACTED'
    'x-ms-client-request-id': '1eb82eee-0651-11ef-a059-0242c0a8a005'
    'Authorization': 'REDACTED'
No body was attached to the request
[2024-04-29T17:51:35.000+0000] {_universal.py:550} INFO - Response status: 206
Response headers:
    'Content-Length': '4194304'
    'Content-Type': 'application/octet-stream'
    'Content-Range': 'REDACTED'
    'Last-Modified': 'Mon, 29 Apr 2024 17:07:16 GMT'
    'Accept-Ranges': 'REDACTED'
    'ETag': '"0x8DC686ED2A077F8"'
    'Server': 'Windows-Azure-Blob/1.0 Microsoft-HTTPAPI/2.0'
    'x-ms-request-id': '0affa283-001e-0082-4f5d-9a8921000000'
    'x-ms-client-request-id': '1eb82eee-0651-11ef-a059-0242c0a8a005'
    'x-ms-version': 'REDACTED'
    'x-ms-creation-time': 'REDACTED'
    'x-ms-lease-status': 'REDACTED'
    'x-ms-lease-state': 'REDACTED'
    'x-ms-blob-type': 'REDACTED'
    'x-ms-server-encrypted': 'REDACTED'
    'Date': 'Mon, 29 Apr 2024 17:51:34 GMT'
[2024-04-29T17:51:35.516+0000] {_universal.py:514} INFO - Request URL: 'https://azureyellowcab.blob.core.windows.net/cabfiles/yellow_tripdata_2011-01.parquet'
Request method: 'GET'
Request headers:
    'x-ms-range': 'REDACTED'
    'If-Match': '"0x8DC686ED2A077F8"'
    'x-ms-version': 'REDACTED'
    'Accept': 'application/xml'
    'User-Agent': 'azsdk-python-storage-blob/12.19.1 Python/3.12.2 (Linux-6.6.22-linuxkit-x86_64-with-glibc2.36)'
    'x-ms-date': 'REDACTED'
    'x-ms-client-request-id': '1f11f6c2-0651-11ef-a059-0242c0a8a005'
    'Authorization': 'REDACTED'
No body was attached to the request
[2024-04-29T17:51:35.598+0000] {_universal.py:550} INFO - Response status: 206
Response headers:
    'Content-Length': '4194304'
    'Content-Type': 'application/octet-stream'
    'Content-Range': 'REDACTED'
    'Last-Modified': 'Mon, 29 Apr 2024 17:07:16 GMT'
    'Accept-Ranges': 'REDACTED'
    'ETag': '"0x8DC686ED2A077F8"'
    'Server': 'Windows-Azure-Blob/1.0 Microsoft-HTTPAPI/2.0'
    'x-ms-request-id': '0affa580-001e-0082-135d-9a8921000000'
    'x-ms-client-request-id': '1f11f6c2-0651-11ef-a059-0242c0a8a005'
    'x-ms-version': 'REDACTED'
    'x-ms-creation-time': 'REDACTED'
    'x-ms-lease-status': 'REDACTED'
    'x-ms-lease-state': 'REDACTED'
    'x-ms-blob-type': 'REDACTED'
    'x-ms-server-encrypted': 'REDACTED'
    'Date': 'Mon, 29 Apr 2024 17:51:35 GMT'
[2024-04-29T17:51:36.123+0000] {_universal.py:514} INFO - Request URL: 'https://azureyellowcab.blob.core.windows.net/cabfiles/yellow_tripdata_2011-01.parquet'
Request method: 'GET'
Request headers:
    'x-ms-range': 'REDACTED'
    'If-Match': '"0x8DC686ED2A077F8"'
    'x-ms-version': 'REDACTED'
    'Accept': 'application/xml'
    'User-Agent': 'azsdk-python-storage-blob/12.19.1 Python/3.12.2 (Linux-6.6.22-linuxkit-x86_64-with-glibc2.36)'
    'x-ms-date': 'REDACTED'
    'x-ms-client-request-id': '1f6e8518-0651-11ef-a059-0242c0a8a005'
    'Authorization': 'REDACTED'
No body was attached to the request
[2024-04-29T17:51:36.242+0000] {_universal.py:550} INFO - Response status: 206
Response headers:
    'Content-Length': '4194304'
    'Content-Type': 'application/octet-stream'
    'Content-Range': 'REDACTED'
    'Last-Modified': 'Mon, 29 Apr 2024 17:07:16 GMT'
    'Accept-Ranges': 'REDACTED'
    'ETag': '"0x8DC686ED2A077F8"'
    'Server': 'Windows-Azure-Blob/1.0 Microsoft-HTTPAPI/2.0'
    'x-ms-request-id': '0affa8c4-001e-0082-065d-9a8921000000'
    'x-ms-client-request-id': '1f6e8518-0651-11ef-a059-0242c0a8a005'
    'x-ms-version': 'REDACTED'
    'x-ms-creation-time': 'REDACTED'
    'x-ms-lease-status': 'REDACTED'
    'x-ms-lease-state': 'REDACTED'
    'x-ms-blob-type': 'REDACTED'
    'x-ms-server-encrypted': 'REDACTED'
    'Date': 'Mon, 29 Apr 2024 17:51:35 GMT'
[2024-04-29T17:51:36.637+0000] {_universal.py:514} INFO - Request URL: 'https://azureyellowcab.blob.core.windows.net/cabfiles/yellow_tripdata_2011-01.parquet'
Request method: 'GET'
Request headers:
    'x-ms-range': 'REDACTED'
    'If-Match': '"0x8DC686ED2A077F8"'
    'x-ms-version': 'REDACTED'
    'Accept': 'application/xml'
    'User-Agent': 'azsdk-python-storage-blob/12.19.1 Python/3.12.2 (Linux-6.6.22-linuxkit-x86_64-with-glibc2.36)'
    'x-ms-date': 'REDACTED'
    'x-ms-client-request-id': '1fbcfe8c-0651-11ef-a059-0242c0a8a005'
    'Authorization': 'REDACTED'
No body was attached to the request
[2024-04-29T17:51:36.746+0000] {_universal.py:550} INFO - Response status: 206
Response headers:
    'Content-Length': '4194304'
    'Content-Type': 'application/octet-stream'
    'Content-Range': 'REDACTED'
    'Last-Modified': 'Mon, 29 Apr 2024 17:07:16 GMT'
    'Accept-Ranges': 'REDACTED'
    'ETag': '"0x8DC686ED2A077F8"'
    'Server': 'Windows-Azure-Blob/1.0 Microsoft-HTTPAPI/2.0'
    'x-ms-request-id': '0affab31-001e-0082-345d-9a8921000000'
    'x-ms-client-request-id': '1fbcfe8c-0651-11ef-a059-0242c0a8a005'
    'x-ms-version': 'REDACTED'
    'x-ms-creation-time': 'REDACTED'
    'x-ms-lease-status': 'REDACTED'
    'x-ms-lease-state': 'REDACTED'
    'x-ms-blob-type': 'REDACTED'
    'x-ms-server-encrypted': 'REDACTED'
    'Date': 'Mon, 29 Apr 2024 17:51:36 GMT'
[2024-04-29T17:51:37.159+0000] {_universal.py:514} INFO - Request URL: 'https://azureyellowcab.blob.core.windows.net/cabfiles/yellow_tripdata_2011-01.parquet'
Request method: 'GET'
Request headers:
    'x-ms-range': 'REDACTED'
    'If-Match': '"0x8DC686ED2A077F8"'
    'x-ms-version': 'REDACTED'
    'Accept': 'application/xml'
    'User-Agent': 'azsdk-python-storage-blob/12.19.1 Python/3.12.2 (Linux-6.6.22-linuxkit-x86_64-with-glibc2.36)'
    'x-ms-date': 'REDACTED'
    'x-ms-client-request-id': '200ca090-0651-11ef-a059-0242c0a8a005'
    'Authorization': 'REDACTED'
No body was attached to the request
[2024-04-29T17:51:37.267+0000] {_universal.py:550} INFO - Response status: 206
Response headers:
    'Content-Length': '4194304'
    'Content-Type': 'application/octet-stream'
    'Content-Range': 'REDACTED'
    'Last-Modified': 'Mon, 29 Apr 2024 17:07:16 GMT'
    'Accept-Ranges': 'REDACTED'
    'ETag': '"0x8DC686ED2A077F8"'
    'Server': 'Windows-Azure-Blob/1.0 Microsoft-HTTPAPI/2.0'
    'x-ms-request-id': '0affadac-001e-0082-0a5d-9a8921000000'
    'x-ms-client-request-id': '200ca090-0651-11ef-a059-0242c0a8a005'
    'x-ms-version': 'REDACTED'
    'x-ms-creation-time': 'REDACTED'
    'x-ms-lease-status': 'REDACTED'
    'x-ms-lease-state': 'REDACTED'
    'x-ms-blob-type': 'REDACTED'
    'x-ms-server-encrypted': 'REDACTED'
    'Date': 'Mon, 29 Apr 2024 17:51:36 GMT'
[2024-04-29T17:51:37.667+0000] {_universal.py:514} INFO - Request URL: 'https://azureyellowcab.blob.core.windows.net/cabfiles/yellow_tripdata_2011-01.parquet'
Request method: 'GET'
Request headers:
    'x-ms-range': 'REDACTED'
    'If-Match': '"0x8DC686ED2A077F8"'
    'x-ms-version': 'REDACTED'
    'Accept': 'application/xml'
    'User-Agent': 'azsdk-python-storage-blob/12.19.1 Python/3.12.2 (Linux-6.6.22-linuxkit-x86_64-with-glibc2.36)'
    'x-ms-date': 'REDACTED'
    'x-ms-client-request-id': '205a34e0-0651-11ef-a059-0242c0a8a005'
    'Authorization': 'REDACTED'
No body was attached to the request
[2024-04-29T17:51:37.795+0000] {_universal.py:550} INFO - Response status: 206
Response headers:
    'Content-Length': '4194304'
    'Content-Type': 'application/octet-stream'
    'Content-Range': 'REDACTED'
    'Last-Modified': 'Mon, 29 Apr 2024 17:07:16 GMT'
    'Accept-Ranges': 'REDACTED'
    'ETag': '"0x8DC686ED2A077F8"'
    'Server': 'Windows-Azure-Blob/1.0 Microsoft-HTTPAPI/2.0'
    'x-ms-request-id': '0affaffc-001e-0082-235d-9a8921000000'
    'x-ms-client-request-id': '205a34e0-0651-11ef-a059-0242c0a8a005'
    'x-ms-version': 'REDACTED'
    'x-ms-creation-time': 'REDACTED'
    'x-ms-lease-status': 'REDACTED'
    'x-ms-lease-state': 'REDACTED'
    'x-ms-blob-type': 'REDACTED'
    'x-ms-server-encrypted': 'REDACTED'
    'Date': 'Mon, 29 Apr 2024 17:51:37 GMT'
[2024-04-29T17:51:38.343+0000] {_universal.py:514} INFO - Request URL: 'https://azureyellowcab.blob.core.windows.net/cabfiles/yellow_tripdata_2011-01.parquet'
Request method: 'GET'
Request headers:
    'x-ms-range': 'REDACTED'
    'If-Match': '"0x8DC686ED2A077F8"'
    'x-ms-version': 'REDACTED'
    'Accept': 'application/xml'
    'User-Agent': 'azsdk-python-storage-blob/12.19.1 Python/3.12.2 (Linux-6.6.22-linuxkit-x86_64-with-glibc2.36)'
    'x-ms-date': 'REDACTED'
    'x-ms-client-request-id': '20c13b36-0651-11ef-a059-0242c0a8a005'
    'Authorization': 'REDACTED'
No body was attached to the request
[2024-04-29T17:51:38.461+0000] {_universal.py:550} INFO - Response status: 206
Response headers:
    'Content-Length': '4194304'
    'Content-Type': 'application/octet-stream'
    'Content-Range': 'REDACTED'
    'Last-Modified': 'Mon, 29 Apr 2024 17:07:16 GMT'
    'Accept-Ranges': 'REDACTED'
    'ETag': '"0x8DC686ED2A077F8"'
    'Server': 'Windows-Azure-Blob/1.0 Microsoft-HTTPAPI/2.0'
    'x-ms-request-id': '0affb3d6-001e-0082-345d-9a8921000000'
    'x-ms-client-request-id': '20c13b36-0651-11ef-a059-0242c0a8a005'
    'x-ms-version': 'REDACTED'
    'x-ms-creation-time': 'REDACTED'
    'x-ms-lease-status': 'REDACTED'
    'x-ms-lease-state': 'REDACTED'
    'x-ms-blob-type': 'REDACTED'
    'x-ms-server-encrypted': 'REDACTED'
    'Date': 'Mon, 29 Apr 2024 17:51:38 GMT'
[2024-04-29T17:51:38.981+0000] {_universal.py:514} INFO - Request URL: 'https://azureyellowcab.blob.core.windows.net/cabfiles/yellow_tripdata_2011-01.parquet'
Request method: 'GET'
Request headers:
    'x-ms-range': 'REDACTED'
    'If-Match': '"0x8DC686ED2A077F8"'
    'x-ms-version': 'REDACTED'
    'Accept': 'application/xml'
    'User-Agent': 'azsdk-python-storage-blob/12.19.1 Python/3.12.2 (Linux-6.6.22-linuxkit-x86_64-with-glibc2.36)'
    'x-ms-date': 'REDACTED'
    'x-ms-client-request-id': '2122a75e-0651-11ef-a059-0242c0a8a005'
    'Authorization': 'REDACTED'
No body was attached to the request
[2024-04-29T17:51:39.139+0000] {_universal.py:550} INFO - Response status: 206
Response headers:
    'Content-Length': '4194304'
    'Content-Type': 'application/octet-stream'
    'Content-Range': 'REDACTED'
    'Last-Modified': 'Mon, 29 Apr 2024 17:07:16 GMT'
    'Accept-Ranges': 'REDACTED'
    'ETag': '"0x8DC686ED2A077F8"'
    'Server': 'Windows-Azure-Blob/1.0 Microsoft-HTTPAPI/2.0'
    'x-ms-request-id': '0affb686-001e-0082-295d-9a8921000000'
    'x-ms-client-request-id': '2122a75e-0651-11ef-a059-0242c0a8a005'
    'x-ms-version': 'REDACTED'
    'x-ms-creation-time': 'REDACTED'
    'x-ms-lease-status': 'REDACTED'
    'x-ms-lease-state': 'REDACTED'
    'x-ms-blob-type': 'REDACTED'
    'x-ms-server-encrypted': 'REDACTED'
    'Date': 'Mon, 29 Apr 2024 17:51:38 GMT'
[2024-04-29T17:51:39.662+0000] {_universal.py:514} INFO - Request URL: 'https://azureyellowcab.blob.core.windows.net/cabfiles/yellow_tripdata_2011-01.parquet'
Request method: 'GET'
Request headers:
    'x-ms-range': 'REDACTED'
    'If-Match': '"0x8DC686ED2A077F8"'
    'x-ms-version': 'REDACTED'
    'Accept': 'application/xml'
    'User-Agent': 'azsdk-python-storage-blob/12.19.1 Python/3.12.2 (Linux-6.6.22-linuxkit-x86_64-with-glibc2.36)'
    'x-ms-date': 'REDACTED'
    'x-ms-client-request-id': '218a9472-0651-11ef-a059-0242c0a8a005'
    'Authorization': 'REDACTED'
No body was attached to the request
[2024-04-29T17:51:39.808+0000] {_universal.py:550} INFO - Response status: 206
Response headers:
    'Content-Length': '4194304'
    'Content-Type': 'application/octet-stream'
    'Content-Range': 'REDACTED'
    'Last-Modified': 'Mon, 29 Apr 2024 17:07:16 GMT'
    'Accept-Ranges': 'REDACTED'
    'ETag': '"0x8DC686ED2A077F8"'
    'Server': 'Windows-Azure-Blob/1.0 Microsoft-HTTPAPI/2.0'
    'x-ms-request-id': '0affba79-001e-0082-4f5d-9a8921000000'
    'x-ms-client-request-id': '218a9472-0651-11ef-a059-0242c0a8a005'
    'x-ms-version': 'REDACTED'
    'x-ms-creation-time': 'REDACTED'
    'x-ms-lease-status': 'REDACTED'
    'x-ms-lease-state': 'REDACTED'
    'x-ms-blob-type': 'REDACTED'
    'x-ms-server-encrypted': 'REDACTED'
    'Date': 'Mon, 29 Apr 2024 17:51:39 GMT'
[2024-04-29T17:51:40.378+0000] {_universal.py:514} INFO - Request URL: 'https://azureyellowcab.blob.core.windows.net/cabfiles/yellow_tripdata_2011-01.parquet'
Request method: 'GET'
Request headers:
    'x-ms-range': 'REDACTED'
    'If-Match': '"0x8DC686ED2A077F8"'
    'x-ms-version': 'REDACTED'
    'Accept': 'application/xml'
    'User-Agent': 'azsdk-python-storage-blob/12.19.1 Python/3.12.2 (Linux-6.6.22-linuxkit-x86_64-with-glibc2.36)'
    'x-ms-date': 'REDACTED'
    'x-ms-client-request-id': '21f7db86-0651-11ef-a059-0242c0a8a005'
    'Authorization': 'REDACTED'
No body was attached to the request
[2024-04-29T17:51:40.459+0000] {_universal.py:550} INFO - Response status: 206
Response headers:
    'Content-Length': '4194304'
    'Content-Type': 'application/octet-stream'
    'Content-Range': 'REDACTED'
    'Last-Modified': 'Mon, 29 Apr 2024 17:07:16 GMT'
    'Accept-Ranges': 'REDACTED'
    'ETag': '"0x8DC686ED2A077F8"'
    'Server': 'Windows-Azure-Blob/1.0 Microsoft-HTTPAPI/2.0'
    'x-ms-request-id': '0affbe3d-001e-0082-545d-9a8921000000'
    'x-ms-client-request-id': '21f7db86-0651-11ef-a059-0242c0a8a005'
    'x-ms-version': 'REDACTED'
    'x-ms-creation-time': 'REDACTED'
    'x-ms-lease-status': 'REDACTED'
    'x-ms-lease-state': 'REDACTED'
    'x-ms-blob-type': 'REDACTED'
    'x-ms-server-encrypted': 'REDACTED'
    'Date': 'Mon, 29 Apr 2024 17:51:40 GMT'
[2024-04-29T17:51:41.002+0000] {_universal.py:514} INFO - Request URL: 'https://azureyellowcab.blob.core.windows.net/cabfiles/yellow_tripdata_2011-01.parquet'
Request method: 'GET'
Request headers:
    'x-ms-range': 'REDACTED'
    'If-Match': '"0x8DC686ED2A077F8"'
    'x-ms-version': 'REDACTED'
    'Accept': 'application/xml'
    'User-Agent': 'azsdk-python-storage-blob/12.19.1 Python/3.12.2 (Linux-6.6.22-linuxkit-x86_64-with-glibc2.36)'
    'x-ms-date': 'REDACTED'
    'x-ms-client-request-id': '22571c36-0651-11ef-a059-0242c0a8a005'
    'Authorization': 'REDACTED'
No body was attached to the request
[2024-04-29T17:51:41.115+0000] {_universal.py:550} INFO - Response status: 206
Response headers:
    'Content-Length': '4194304'
    'Content-Type': 'application/octet-stream'
    'Content-Range': 'REDACTED'
    'Last-Modified': 'Mon, 29 Apr 2024 17:07:16 GMT'
    'Accept-Ranges': 'REDACTED'
    'ETag': '"0x8DC686ED2A077F8"'
    'Server': 'Windows-Azure-Blob/1.0 Microsoft-HTTPAPI/2.0'
    'x-ms-request-id': '0affc16b-001e-0082-4d5d-9a8921000000'
    'x-ms-client-request-id': '22571c36-0651-11ef-a059-0242c0a8a005'
    'x-ms-version': 'REDACTED'
    'x-ms-creation-time': 'REDACTED'
    'x-ms-lease-status': 'REDACTED'
    'x-ms-lease-state': 'REDACTED'
    'x-ms-blob-type': 'REDACTED'
    'x-ms-server-encrypted': 'REDACTED'
    'Date': 'Mon, 29 Apr 2024 17:51:40 GMT'
[2024-04-29T17:51:41.571+0000] {_universal.py:514} INFO - Request URL: 'https://azureyellowcab.blob.core.windows.net/cabfiles/yellow_tripdata_2011-01.parquet'
Request method: 'GET'
Request headers:
    'x-ms-range': 'REDACTED'
    'If-Match': '"0x8DC686ED2A077F8"'
    'x-ms-version': 'REDACTED'
    'Accept': 'application/xml'
    'User-Agent': 'azsdk-python-storage-blob/12.19.1 Python/3.12.2 (Linux-6.6.22-linuxkit-x86_64-with-glibc2.36)'
    'x-ms-date': 'REDACTED'
    'x-ms-client-request-id': '22add404-0651-11ef-a059-0242c0a8a005'
    'Authorization': 'REDACTED'
No body was attached to the request
[2024-04-29T17:51:41.684+0000] {_universal.py:550} INFO - Response status: 206
Response headers:
    'Content-Length': '3601974'
    'Content-Type': 'application/octet-stream'
    'Content-Range': 'REDACTED'
    'Last-Modified': 'Mon, 29 Apr 2024 17:07:16 GMT'
    'Accept-Ranges': 'REDACTED'
    'ETag': '"0x8DC686ED2A077F8"'
    'Server': 'Windows-Azure-Blob/1.0 Microsoft-HTTPAPI/2.0'
    'x-ms-request-id': '0affc419-001e-0082-365d-9a8921000000'
    'x-ms-client-request-id': '22add404-0651-11ef-a059-0242c0a8a005'
    'x-ms-version': 'REDACTED'
    'x-ms-creation-time': 'REDACTED'
    'x-ms-lease-status': 'REDACTED'
    'x-ms-lease-state': 'REDACTED'
    'x-ms-blob-type': 'REDACTED'
    'x-ms-server-encrypted': 'REDACTED'
    'Date': 'Mon, 29 Apr 2024 17:51:41 GMT'
[2024-04-29T17:51:44.772+0000] {python.py:237} INFO - Done. Returned value was: load_stage
[2024-04-29T17:51:44.775+0000] {branch.py:36} INFO - Branch into load_stage
[2024-04-29T17:51:44.776+0000] {skipmixin.py:178} INFO - Following branch load_stage
[2024-04-29T17:51:44.815+0000] {skipmixin.py:246} INFO - Skipping tasks [('file_exception', -1)]
[2024-04-29T17:51:44.851+0000] {taskinstance.py:441} INFO - ::group::Post task execution logs
[2024-04-29T17:51:44.872+0000] {taskinstance.py:1205} INFO - Marking task as SUCCESS. dag_id=dag_yellow_cab, task_id=download_file, execution_date=20240429T175109, start_date=20240429T175115, end_date=20240429T175144
[2024-04-29T17:51:44.932+0000] {local_task_job_runner.py:240} INFO - Task exited with return code 0
[2024-04-29T17:51:44.946+0000] {warnings.py:110} WARNING - /home/***/.local/lib/python3.12/site-packages/***/models/baseoperator.py:1296: AirflowProviderDeprecationWarning: Call to deprecated class SnowflakeOperator. (This class is deprecated. Please use `***.providers.common.sql.operators.sql.SQLExecuteQueryOperator`. Also, you can provide `hook_params={'warehouse': <warehouse>, 'database': <database>, 'role': <role>, 'schema': <schema>, 'authenticator': <authenticator>,'session_parameters': <session_parameters>}`.)
  result = cls.__new__(cls)

[2024-04-29T17:51:44.978+0000] {taskinstance.py:3482} INFO - 1 downstream tasks scheduled from follow-on schedule check
[2024-04-29T17:51:44.979+0000] {local_task_job_runner.py:222} INFO - ::endgroup::
