[2024-05-01T23:00:05.967+0000] {local_task_job_runner.py:120} INFO - ::group::Pre task execution logs
[2024-05-01T23:00:05.995+0000] {taskinstance.py:2073} INFO - Dependencies all met for dep_context=non-requeueable deps ti=<TaskInstance: dag_yellow_cab.request_file manual__2024-05-01T23:00:02.597877+00:00 [queued]>
[2024-05-01T23:00:06.007+0000] {taskinstance.py:2073} INFO - Dependencies all met for dep_context=requeueable deps ti=<TaskInstance: dag_yellow_cab.request_file manual__2024-05-01T23:00:02.597877+00:00 [queued]>
[2024-05-01T23:00:06.008+0000] {taskinstance.py:2303} INFO - Starting attempt 1 of 1
[2024-05-01T23:00:06.036+0000] {taskinstance.py:2327} INFO - Executing <Task(PythonOperator): request_file> on 2024-05-01 23:00:02.597877+00:00
[2024-05-01T23:00:06.052+0000] {warnings.py:110} WARNING - /home/***/.local/lib/python3.12/site-packages/***/task/task_runner/standard_task_runner.py:61: DeprecationWarning: This process (pid=181) is multi-threaded, use of fork() may lead to deadlocks in the child.
  pid = os.fork()

[2024-05-01T23:00:06.057+0000] {standard_task_runner.py:63} INFO - Started process 183 to run task
[2024-05-01T23:00:06.056+0000] {standard_task_runner.py:90} INFO - Running: ['***', 'tasks', 'run', 'dag_yellow_cab', 'request_file', 'manual__2024-05-01T23:00:02.597877+00:00', '--job-id', '5', '--raw', '--subdir', 'DAGS_FOLDER/dag.py', '--cfg-path', '/tmp/tmpcjx57iv7']
[2024-05-01T23:00:06.064+0000] {standard_task_runner.py:91} INFO - Job 5: Subtask request_file
[2024-05-01T23:00:06.136+0000] {task_command.py:426} INFO - Running <TaskInstance: dag_yellow_cab.request_file manual__2024-05-01T23:00:02.597877+00:00 [running]> on host e4515e05b162
[2024-05-01T23:00:06.238+0000] {taskinstance.py:2644} INFO - Exporting env vars: AIRFLOW_CTX_DAG_OWNER='***' AIRFLOW_CTX_DAG_ID='dag_yellow_cab' AIRFLOW_CTX_TASK_ID='request_file' AIRFLOW_CTX_EXECUTION_DATE='2024-05-01T23:00:02.597877+00:00' AIRFLOW_CTX_TRY_NUMBER='1' AIRFLOW_CTX_DAG_RUN_ID='manual__2024-05-01T23:00:02.597877+00:00'
[2024-05-01T23:00:06.240+0000] {taskinstance.py:430} INFO - ::endgroup::
[2024-05-01T23:00:06.254+0000] {scripts.py:12} INFO - Downloading files
[2024-05-01T23:00:06.259+0000] {_universal.py:514} INFO - Request URL: 'https://azureyellowcab.blob.core.windows.net/cabfiles?restype=REDACTED&comp=REDACTED'
Request method: 'GET'
Request headers:
    'x-ms-version': 'REDACTED'
    'Accept': 'application/xml'
    'User-Agent': 'azsdk-python-storage-blob/12.19.1 Python/3.12.2 (Linux-6.6.22-linuxkit-x86_64-with-glibc2.36)'
    'x-ms-date': 'REDACTED'
    'x-ms-client-request-id': '8d288ebe-080e-11ef-9e75-0242ac1f0007'
    'Authorization': 'REDACTED'
No body was attached to the request
[2024-05-01T23:00:06.714+0000] {_universal.py:550} INFO - Response status: 200
Response headers:
    'Transfer-Encoding': 'chunked'
    'Content-Type': 'application/xml'
    'Server': 'Windows-Azure-Blob/1.0 Microsoft-HTTPAPI/2.0'
    'x-ms-request-id': 'cdab2cd7-301e-0042-081b-9c711f000000'
    'x-ms-client-request-id': '8d288ebe-080e-11ef-9e75-0242ac1f0007'
    'x-ms-version': 'REDACTED'
    'Date': 'Wed, 01 May 2024 23:00:10 GMT'
[2024-05-01T23:00:06.719+0000] {scripts.py:19} INFO - download completed
[2024-05-01T23:00:06.719+0000] {python.py:237} INFO - Done. Returned value was: None
[2024-05-01T23:00:06.720+0000] {taskinstance.py:441} INFO - ::group::Post task execution logs
[2024-05-01T23:00:06.730+0000] {taskinstance.py:1205} INFO - Marking task as SUCCESS. dag_id=dag_yellow_cab, task_id=request_file, execution_date=20240501T230002, start_date=20240501T230005, end_date=20240501T230006
[2024-05-01T23:00:06.775+0000] {local_task_job_runner.py:240} INFO - Task exited with return code 0
[2024-05-01T23:00:06.799+0000] {taskinstance.py:3482} INFO - 1 downstream tasks scheduled from follow-on schedule check
[2024-05-01T23:00:06.823+0000] {local_task_job_runner.py:222} INFO - ::endgroup::
