[2024-04-29T17:55:53.642+0000] {local_task_job_runner.py:120} INFO - ::group::Pre task execution logs
[2024-04-29T17:55:53.660+0000] {taskinstance.py:2073} INFO - Dependencies all met for dep_context=non-requeueable deps ti=<TaskInstance: dag_yellow_cab.download_file manual__2024-04-29T17:55:51.277362+00:00 [queued]>
[2024-04-29T17:55:53.667+0000] {taskinstance.py:2073} INFO - Dependencies all met for dep_context=requeueable deps ti=<TaskInstance: dag_yellow_cab.download_file manual__2024-04-29T17:55:51.277362+00:00 [queued]>
[2024-04-29T17:55:53.668+0000] {taskinstance.py:2303} INFO - Starting attempt 1 of 1
[2024-04-29T17:55:53.679+0000] {taskinstance.py:2327} INFO - Executing <Task(BranchPythonOperator): download_file> on 2024-04-29 17:55:51.277362+00:00
[2024-04-29T17:55:53.685+0000] {warnings.py:110} WARNING - /home/***/.local/lib/python3.12/site-packages/***/task/task_runner/standard_task_runner.py:61: DeprecationWarning: This process (pid=148) is multi-threaded, use of fork() may lead to deadlocks in the child.
  pid = os.fork()

[2024-04-29T17:55:53.687+0000] {standard_task_runner.py:63} INFO - Started process 150 to run task
[2024-04-29T17:55:53.687+0000] {standard_task_runner.py:90} INFO - Running: ['***', 'tasks', 'run', 'dag_yellow_cab', 'download_file', 'manual__2024-04-29T17:55:51.277362+00:00', '--job-id', '94', '--raw', '--subdir', 'DAGS_FOLDER/data_pipeline_cab.py', '--cfg-path', '/tmp/tmpy19hwioa']
[2024-04-29T17:55:53.689+0000] {standard_task_runner.py:91} INFO - Job 94: Subtask download_file
[2024-04-29T17:55:53.732+0000] {task_command.py:426} INFO - Running <TaskInstance: dag_yellow_cab.download_file manual__2024-04-29T17:55:51.277362+00:00 [running]> on host 93e07c9aa143
[2024-04-29T17:55:53.822+0000] {taskinstance.py:2644} INFO - Exporting env vars: AIRFLOW_CTX_DAG_OWNER='***' AIRFLOW_CTX_DAG_ID='dag_yellow_cab' AIRFLOW_CTX_TASK_ID='download_file' AIRFLOW_CTX_EXECUTION_DATE='2024-04-29T17:55:51.277362+00:00' AIRFLOW_CTX_TRY_NUMBER='1' AIRFLOW_CTX_DAG_RUN_ID='manual__2024-04-29T17:55:51.277362+00:00'
[2024-04-29T17:55:53.824+0000] {taskinstance.py:430} INFO - ::endgroup::
[2024-04-29T17:55:53.839+0000] {baseoperator.py:399} WARNING - BranchPythonOperator.execute cannot be called outside TaskInstance!
[2024-04-29T17:55:53.844+0000] {_universal.py:514} INFO - Request URL: 'https://azureyellowcab.blob.core.windows.net/cabfiles?restype=REDACTED&comp=REDACTED'
Request method: 'GET'
Request headers:
    'x-ms-version': 'REDACTED'
    'Accept': 'application/xml'
    'User-Agent': 'azsdk-python-storage-blob/12.19.1 Python/3.12.2 (Linux-6.6.22-linuxkit-x86_64-with-glibc2.36)'
    'x-ms-date': 'REDACTED'
    'x-ms-client-request-id': 'b90b8b44-0651-11ef-aafb-0242c0a8a005'
    'Authorization': 'REDACTED'
No body was attached to the request
[2024-04-29T17:55:54.251+0000] {_universal.py:550} INFO - Response status: 200
Response headers:
    'Transfer-Encoding': 'chunked'
    'Content-Type': 'application/xml'
    'Server': 'Windows-Azure-Blob/1.0 Microsoft-HTTPAPI/2.0'
    'x-ms-request-id': 'abb15ea0-501e-006b-0a5e-9a4f6b000000'
    'x-ms-client-request-id': 'b90b8b44-0651-11ef-aafb-0242c0a8a005'
    'x-ms-version': 'REDACTED'
    'Date': 'Mon, 29 Apr 2024 17:55:53 GMT'
[2024-04-29T17:55:54.266+0000] {_universal.py:514} INFO - Request URL: 'https://azureyellowcab.blob.core.windows.net/cabfiles/yellow_tripdata_2011-01.parquet'
Request method: 'GET'
Request headers:
    'x-ms-range': 'REDACTED'
    'x-ms-version': 'REDACTED'
    'Accept': 'application/xml'
    'User-Agent': 'azsdk-python-storage-blob/12.19.1 Python/3.12.2 (Linux-6.6.22-linuxkit-x86_64-with-glibc2.36)'
    'x-ms-date': 'REDACTED'
    'x-ms-client-request-id': 'b94c165a-0651-11ef-aafb-0242c0a8a005'
    'Authorization': 'REDACTED'
No body was attached to the request
[2024-04-29T17:55:54.428+0000] {_universal.py:550} INFO - Response status: 206
Response headers:
    'Content-Length': '33554432'
    'Content-Type': 'application/octet-stream'
    'Content-Range': 'REDACTED'
    'Last-Modified': 'Mon, 29 Apr 2024 17:07:16 GMT'
    'Accept-Ranges': 'REDACTED'
    'ETag': '"0x8DC686ED2A077F8"'
    'Server': 'Windows-Azure-Blob/1.0 Microsoft-HTTPAPI/2.0'
    'x-ms-request-id': 'abb15ef2-501e-006b-505e-9a4f6b000000'
    'x-ms-client-request-id': 'b94c165a-0651-11ef-aafb-0242c0a8a005'
    'x-ms-version': 'REDACTED'
    'x-ms-creation-time': 'REDACTED'
    'x-ms-lease-status': 'REDACTED'
    'x-ms-lease-state': 'REDACTED'
    'x-ms-blob-type': 'REDACTED'
    'x-ms-server-encrypted': 'REDACTED'
    'Date': 'Mon, 29 Apr 2024 17:55:53 GMT'
[2024-04-29T17:55:59.782+0000] {_universal.py:514} INFO - Request URL: 'https://azureyellowcab.blob.core.windows.net/cabfiles/yellow_tripdata_2011-01.parquet'
Request method: 'GET'
Request headers:
    'x-ms-range': 'REDACTED'
    'If-Match': '"0x8DC686ED2A077F8"'
    'x-ms-version': 'REDACTED'
    'Accept': 'application/xml'
    'User-Agent': 'azsdk-python-storage-blob/12.19.1 Python/3.12.2 (Linux-6.6.22-linuxkit-x86_64-with-glibc2.36)'
    'x-ms-date': 'REDACTED'
    'x-ms-client-request-id': 'bc95cc0c-0651-11ef-aafb-0242c0a8a005'
    'Authorization': 'REDACTED'
No body was attached to the request
[2024-04-29T17:55:59.888+0000] {_universal.py:550} INFO - Response status: 206
Response headers:
    'Content-Length': '4194304'
    'Content-Type': 'application/octet-stream'
    'Content-Range': 'REDACTED'
    'Last-Modified': 'Mon, 29 Apr 2024 17:07:16 GMT'
    'Accept-Ranges': 'REDACTED'
    'ETag': '"0x8DC686ED2A077F8"'
    'Server': 'Windows-Azure-Blob/1.0 Microsoft-HTTPAPI/2.0'
    'x-ms-request-id': 'abb176fd-501e-006b-0d5e-9a4f6b000000'
    'x-ms-client-request-id': 'bc95cc0c-0651-11ef-aafb-0242c0a8a005'
    'x-ms-version': 'REDACTED'
    'x-ms-creation-time': 'REDACTED'
    'x-ms-lease-status': 'REDACTED'
    'x-ms-lease-state': 'REDACTED'
    'x-ms-blob-type': 'REDACTED'
    'x-ms-server-encrypted': 'REDACTED'
    'Date': 'Mon, 29 Apr 2024 17:55:59 GMT'
[2024-04-29T17:56:01.397+0000] {_universal.py:514} INFO - Request URL: 'https://azureyellowcab.blob.core.windows.net/cabfiles/yellow_tripdata_2011-01.parquet'
Request method: 'GET'
Request headers:
    'x-ms-range': 'REDACTED'
    'If-Match': '"0x8DC686ED2A077F8"'
    'x-ms-version': 'REDACTED'
    'Accept': 'application/xml'
    'User-Agent': 'azsdk-python-storage-blob/12.19.1 Python/3.12.2 (Linux-6.6.22-linuxkit-x86_64-with-glibc2.36)'
    'x-ms-date': 'REDACTED'
    'x-ms-client-request-id': 'bd8c2084-0651-11ef-aafb-0242c0a8a005'
    'Authorization': 'REDACTED'
No body was attached to the request
[2024-04-29T17:56:01.501+0000] {_universal.py:550} INFO - Response status: 206
Response headers:
    'Content-Length': '4194304'
    'Content-Type': 'application/octet-stream'
    'Content-Range': 'REDACTED'
    'Last-Modified': 'Mon, 29 Apr 2024 17:07:16 GMT'
    'Accept-Ranges': 'REDACTED'
    'ETag': '"0x8DC686ED2A077F8"'
    'Server': 'Windows-Azure-Blob/1.0 Microsoft-HTTPAPI/2.0'
    'x-ms-request-id': 'abb17d35-501e-006b-575e-9a4f6b000000'
    'x-ms-client-request-id': 'bd8c2084-0651-11ef-aafb-0242c0a8a005'
    'x-ms-version': 'REDACTED'
    'x-ms-creation-time': 'REDACTED'
    'x-ms-lease-status': 'REDACTED'
    'x-ms-lease-state': 'REDACTED'
    'x-ms-blob-type': 'REDACTED'
    'x-ms-server-encrypted': 'REDACTED'
    'Date': 'Mon, 29 Apr 2024 17:56:00 GMT'
[2024-04-29T17:56:03.348+0000] {_universal.py:514} INFO - Request URL: 'https://azureyellowcab.blob.core.windows.net/cabfiles/yellow_tripdata_2011-01.parquet'
Request method: 'GET'
Request headers:
    'x-ms-range': 'REDACTED'
    'If-Match': '"0x8DC686ED2A077F8"'
    'x-ms-version': 'REDACTED'
    'Accept': 'application/xml'
    'User-Agent': 'azsdk-python-storage-blob/12.19.1 Python/3.12.2 (Linux-6.6.22-linuxkit-x86_64-with-glibc2.36)'
    'x-ms-date': 'REDACTED'
    'x-ms-client-request-id': 'beb5e5da-0651-11ef-aafb-0242c0a8a005'
    'Authorization': 'REDACTED'
No body was attached to the request
[2024-04-29T17:56:03.531+0000] {_universal.py:550} INFO - Response status: 206
Response headers:
    'Content-Length': '4194304'
    'Content-Type': 'application/octet-stream'
    'Content-Range': 'REDACTED'
    'Last-Modified': 'Mon, 29 Apr 2024 17:07:16 GMT'
    'Accept-Ranges': 'REDACTED'
    'ETag': '"0x8DC686ED2A077F8"'
    'Server': 'Windows-Azure-Blob/1.0 Microsoft-HTTPAPI/2.0'
    'x-ms-request-id': 'abb1854a-501e-006b-545e-9a4f6b000000'
    'x-ms-client-request-id': 'beb5e5da-0651-11ef-aafb-0242c0a8a005'
    'x-ms-version': 'REDACTED'
    'x-ms-creation-time': 'REDACTED'
    'x-ms-lease-status': 'REDACTED'
    'x-ms-lease-state': 'REDACTED'
    'x-ms-blob-type': 'REDACTED'
    'x-ms-server-encrypted': 'REDACTED'
    'Date': 'Mon, 29 Apr 2024 17:56:02 GMT'
[2024-04-29T17:56:05.270+0000] {_universal.py:514} INFO - Request URL: 'https://azureyellowcab.blob.core.windows.net/cabfiles/yellow_tripdata_2011-01.parquet'
Request method: 'GET'
Request headers:
    'x-ms-range': 'REDACTED'
    'If-Match': '"0x8DC686ED2A077F8"'
    'x-ms-version': 'REDACTED'
    'Accept': 'application/xml'
    'User-Agent': 'azsdk-python-storage-blob/12.19.1 Python/3.12.2 (Linux-6.6.22-linuxkit-x86_64-with-glibc2.36)'
    'x-ms-date': 'REDACTED'
    'x-ms-client-request-id': 'bfdb18b8-0651-11ef-aafb-0242c0a8a005'
    'Authorization': 'REDACTED'
No body was attached to the request
[2024-04-29T17:56:05.395+0000] {_universal.py:550} INFO - Response status: 206
Response headers:
    'Content-Length': '4194304'
    'Content-Type': 'application/octet-stream'
    'Content-Range': 'REDACTED'
    'Last-Modified': 'Mon, 29 Apr 2024 17:07:16 GMT'
    'Accept-Ranges': 'REDACTED'
    'ETag': '"0x8DC686ED2A077F8"'
    'Server': 'Windows-Azure-Blob/1.0 Microsoft-HTTPAPI/2.0'
    'x-ms-request-id': 'abb18c66-501e-006b-535e-9a4f6b000000'
    'x-ms-client-request-id': 'bfdb18b8-0651-11ef-aafb-0242c0a8a005'
    'x-ms-version': 'REDACTED'
    'x-ms-creation-time': 'REDACTED'
    'x-ms-lease-status': 'REDACTED'
    'x-ms-lease-state': 'REDACTED'
    'x-ms-blob-type': 'REDACTED'
    'x-ms-server-encrypted': 'REDACTED'
    'Date': 'Mon, 29 Apr 2024 17:56:04 GMT'
[2024-04-29T17:56:07.111+0000] {_universal.py:514} INFO - Request URL: 'https://azureyellowcab.blob.core.windows.net/cabfiles/yellow_tripdata_2011-01.parquet'
Request method: 'GET'
Request headers:
    'x-ms-range': 'REDACTED'
    'If-Match': '"0x8DC686ED2A077F8"'
    'x-ms-version': 'REDACTED'
    'Accept': 'application/xml'
    'User-Agent': 'azsdk-python-storage-blob/12.19.1 Python/3.12.2 (Linux-6.6.22-linuxkit-x86_64-with-glibc2.36)'
    'x-ms-date': 'REDACTED'
    'x-ms-client-request-id': 'c0f418d0-0651-11ef-aafb-0242c0a8a005'
    'Authorization': 'REDACTED'
No body was attached to the request
[2024-04-29T17:56:07.279+0000] {_universal.py:550} INFO - Response status: 206
Response headers:
    'Content-Length': '4194304'
    'Content-Type': 'application/octet-stream'
    'Content-Range': 'REDACTED'
    'Last-Modified': 'Mon, 29 Apr 2024 17:07:16 GMT'
    'Accept-Ranges': 'REDACTED'
    'ETag': '"0x8DC686ED2A077F8"'
    'Server': 'Windows-Azure-Blob/1.0 Microsoft-HTTPAPI/2.0'
    'x-ms-request-id': 'abb19399-501e-006b-365e-9a4f6b000000'
    'x-ms-client-request-id': 'c0f418d0-0651-11ef-aafb-0242c0a8a005'
    'x-ms-version': 'REDACTED'
    'x-ms-creation-time': 'REDACTED'
    'x-ms-lease-status': 'REDACTED'
    'x-ms-lease-state': 'REDACTED'
    'x-ms-blob-type': 'REDACTED'
    'x-ms-server-encrypted': 'REDACTED'
    'Date': 'Mon, 29 Apr 2024 17:56:06 GMT'
[2024-04-29T17:56:08.891+0000] {_universal.py:514} INFO - Request URL: 'https://azureyellowcab.blob.core.windows.net/cabfiles/yellow_tripdata_2011-01.parquet'
Request method: 'GET'
Request headers:
    'x-ms-range': 'REDACTED'
    'If-Match': '"0x8DC686ED2A077F8"'
    'x-ms-version': 'REDACTED'
    'Accept': 'application/xml'
    'User-Agent': 'azsdk-python-storage-blob/12.19.1 Python/3.12.2 (Linux-6.6.22-linuxkit-x86_64-with-glibc2.36)'
    'x-ms-date': 'REDACTED'
    'x-ms-client-request-id': 'c2039818-0651-11ef-aafb-0242c0a8a005'
    'Authorization': 'REDACTED'
No body was attached to the request
[2024-04-29T17:56:09.004+0000] {_universal.py:550} INFO - Response status: 206
Response headers:
    'Content-Length': '4194304'
    'Content-Type': 'application/octet-stream'
    'Content-Range': 'REDACTED'
    'Last-Modified': 'Mon, 29 Apr 2024 17:07:16 GMT'
    'Accept-Ranges': 'REDACTED'
    'ETag': '"0x8DC686ED2A077F8"'
    'Server': 'Windows-Azure-Blob/1.0 Microsoft-HTTPAPI/2.0'
    'x-ms-request-id': 'abb19a4d-501e-006b-105e-9a4f6b000000'
    'x-ms-client-request-id': 'c2039818-0651-11ef-aafb-0242c0a8a005'
    'x-ms-version': 'REDACTED'
    'x-ms-creation-time': 'REDACTED'
    'x-ms-lease-status': 'REDACTED'
    'x-ms-lease-state': 'REDACTED'
    'x-ms-blob-type': 'REDACTED'
    'x-ms-server-encrypted': 'REDACTED'
    'Date': 'Mon, 29 Apr 2024 17:56:08 GMT'
[2024-04-29T17:56:10.362+0000] {_universal.py:514} INFO - Request URL: 'https://azureyellowcab.blob.core.windows.net/cabfiles/yellow_tripdata_2011-01.parquet'
Request method: 'GET'
Request headers:
    'x-ms-range': 'REDACTED'
    'If-Match': '"0x8DC686ED2A077F8"'
    'x-ms-version': 'REDACTED'
    'Accept': 'application/xml'
    'User-Agent': 'azsdk-python-storage-blob/12.19.1 Python/3.12.2 (Linux-6.6.22-linuxkit-x86_64-with-glibc2.36)'
    'x-ms-date': 'REDACTED'
    'x-ms-client-request-id': 'c2e4246e-0651-11ef-aafb-0242c0a8a005'
    'Authorization': 'REDACTED'
No body was attached to the request
[2024-04-29T17:56:10.481+0000] {_universal.py:550} INFO - Response status: 206
Response headers:
    'Content-Length': '4194304'
    'Content-Type': 'application/octet-stream'
    'Content-Range': 'REDACTED'
    'Last-Modified': 'Mon, 29 Apr 2024 17:07:16 GMT'
    'Accept-Ranges': 'REDACTED'
    'ETag': '"0x8DC686ED2A077F8"'
    'Server': 'Windows-Azure-Blob/1.0 Microsoft-HTTPAPI/2.0'
    'x-ms-request-id': 'abb1a12c-501e-006b-475e-9a4f6b000000'
    'x-ms-client-request-id': 'c2e4246e-0651-11ef-aafb-0242c0a8a005'
    'x-ms-version': 'REDACTED'
    'x-ms-creation-time': 'REDACTED'
    'x-ms-lease-status': 'REDACTED'
    'x-ms-lease-state': 'REDACTED'
    'x-ms-blob-type': 'REDACTED'
    'x-ms-server-encrypted': 'REDACTED'
    'Date': 'Mon, 29 Apr 2024 17:56:09 GMT'
[2024-04-29T17:56:11.665+0000] {_universal.py:514} INFO - Request URL: 'https://azureyellowcab.blob.core.windows.net/cabfiles/yellow_tripdata_2011-01.parquet'
Request method: 'GET'
Request headers:
    'x-ms-range': 'REDACTED'
    'If-Match': '"0x8DC686ED2A077F8"'
    'x-ms-version': 'REDACTED'
    'Accept': 'application/xml'
    'User-Agent': 'azsdk-python-storage-blob/12.19.1 Python/3.12.2 (Linux-6.6.22-linuxkit-x86_64-with-glibc2.36)'
    'x-ms-date': 'REDACTED'
    'x-ms-client-request-id': 'c3aaf3a0-0651-11ef-aafb-0242c0a8a005'
    'Authorization': 'REDACTED'
No body was attached to the request
[2024-04-29T17:56:11.771+0000] {_universal.py:550} INFO - Response status: 206
Response headers:
    'Content-Length': '4194304'
    'Content-Type': 'application/octet-stream'
    'Content-Range': 'REDACTED'
    'Last-Modified': 'Mon, 29 Apr 2024 17:07:16 GMT'
    'Accept-Ranges': 'REDACTED'
    'ETag': '"0x8DC686ED2A077F8"'
    'Server': 'Windows-Azure-Blob/1.0 Microsoft-HTTPAPI/2.0'
    'x-ms-request-id': 'abb1a6a8-501e-006b-335e-9a4f6b000000'
    'x-ms-client-request-id': 'c3aaf3a0-0651-11ef-aafb-0242c0a8a005'
    'x-ms-version': 'REDACTED'
    'x-ms-creation-time': 'REDACTED'
    'x-ms-lease-status': 'REDACTED'
    'x-ms-lease-state': 'REDACTED'
    'x-ms-blob-type': 'REDACTED'
    'x-ms-server-encrypted': 'REDACTED'
    'Date': 'Mon, 29 Apr 2024 17:56:11 GMT'
[2024-04-29T17:56:12.821+0000] {_universal.py:514} INFO - Request URL: 'https://azureyellowcab.blob.core.windows.net/cabfiles/yellow_tripdata_2011-01.parquet'
Request method: 'GET'
Request headers:
    'x-ms-range': 'REDACTED'
    'If-Match': '"0x8DC686ED2A077F8"'
    'x-ms-version': 'REDACTED'
    'Accept': 'application/xml'
    'User-Agent': 'azsdk-python-storage-blob/12.19.1 Python/3.12.2 (Linux-6.6.22-linuxkit-x86_64-with-glibc2.36)'
    'x-ms-date': 'REDACTED'
    'x-ms-client-request-id': 'c45b525e-0651-11ef-aafb-0242c0a8a005'
    'Authorization': 'REDACTED'
No body was attached to the request
[2024-04-29T17:56:12.942+0000] {_universal.py:550} INFO - Response status: 206
Response headers:
    'Content-Length': '4194304'
    'Content-Type': 'application/octet-stream'
    'Content-Range': 'REDACTED'
    'Last-Modified': 'Mon, 29 Apr 2024 17:07:16 GMT'
    'Accept-Ranges': 'REDACTED'
    'ETag': '"0x8DC686ED2A077F8"'
    'Server': 'Windows-Azure-Blob/1.0 Microsoft-HTTPAPI/2.0'
    'x-ms-request-id': 'abb1ac4b-501e-006b-745e-9a4f6b000000'
    'x-ms-client-request-id': 'c45b525e-0651-11ef-aafb-0242c0a8a005'
    'x-ms-version': 'REDACTED'
    'x-ms-creation-time': 'REDACTED'
    'x-ms-lease-status': 'REDACTED'
    'x-ms-lease-state': 'REDACTED'
    'x-ms-blob-type': 'REDACTED'
    'x-ms-server-encrypted': 'REDACTED'
    'Date': 'Mon, 29 Apr 2024 17:56:12 GMT'
[2024-04-29T17:56:13.762+0000] {_universal.py:514} INFO - Request URL: 'https://azureyellowcab.blob.core.windows.net/cabfiles/yellow_tripdata_2011-01.parquet'
Request method: 'GET'
Request headers:
    'x-ms-range': 'REDACTED'
    'If-Match': '"0x8DC686ED2A077F8"'
    'x-ms-version': 'REDACTED'
    'Accept': 'application/xml'
    'User-Agent': 'azsdk-python-storage-blob/12.19.1 Python/3.12.2 (Linux-6.6.22-linuxkit-x86_64-with-glibc2.36)'
    'x-ms-date': 'REDACTED'
    'x-ms-client-request-id': 'c4eaf17a-0651-11ef-aafb-0242c0a8a005'
    'Authorization': 'REDACTED'
No body was attached to the request
[2024-04-29T17:56:13.933+0000] {_universal.py:550} INFO - Response status: 206
Response headers:
    'Content-Length': '4194304'
    'Content-Type': 'application/octet-stream'
    'Content-Range': 'REDACTED'
    'Last-Modified': 'Mon, 29 Apr 2024 17:07:16 GMT'
    'Accept-Ranges': 'REDACTED'
    'ETag': '"0x8DC686ED2A077F8"'
    'Server': 'Windows-Azure-Blob/1.0 Microsoft-HTTPAPI/2.0'
    'x-ms-request-id': 'abb1b0d3-501e-006b-225e-9a4f6b000000'
    'x-ms-client-request-id': 'c4eaf17a-0651-11ef-aafb-0242c0a8a005'
    'x-ms-version': 'REDACTED'
    'x-ms-creation-time': 'REDACTED'
    'x-ms-lease-status': 'REDACTED'
    'x-ms-lease-state': 'REDACTED'
    'x-ms-blob-type': 'REDACTED'
    'x-ms-server-encrypted': 'REDACTED'
    'Date': 'Mon, 29 Apr 2024 17:56:13 GMT'
[2024-04-29T17:56:14.617+0000] {_universal.py:514} INFO - Request URL: 'https://azureyellowcab.blob.core.windows.net/cabfiles/yellow_tripdata_2011-01.parquet'
Request method: 'GET'
Request headers:
    'x-ms-range': 'REDACTED'
    'If-Match': '"0x8DC686ED2A077F8"'
    'x-ms-version': 'REDACTED'
    'Accept': 'application/xml'
    'User-Agent': 'azsdk-python-storage-blob/12.19.1 Python/3.12.2 (Linux-6.6.22-linuxkit-x86_64-with-glibc2.36)'
    'x-ms-date': 'REDACTED'
    'x-ms-client-request-id': 'c56d7190-0651-11ef-aafb-0242c0a8a005'
    'Authorization': 'REDACTED'
No body was attached to the request
[2024-04-29T17:56:14.726+0000] {_universal.py:550} INFO - Response status: 206
Response headers:
    'Content-Length': '4194304'
    'Content-Type': 'application/octet-stream'
    'Content-Range': 'REDACTED'
    'Last-Modified': 'Mon, 29 Apr 2024 17:07:16 GMT'
    'Accept-Ranges': 'REDACTED'
    'ETag': '"0x8DC686ED2A077F8"'
    'Server': 'Windows-Azure-Blob/1.0 Microsoft-HTTPAPI/2.0'
    'x-ms-request-id': 'abb1b51b-501e-006b-205e-9a4f6b000000'
    'x-ms-client-request-id': 'c56d7190-0651-11ef-aafb-0242c0a8a005'
    'x-ms-version': 'REDACTED'
    'x-ms-creation-time': 'REDACTED'
    'x-ms-lease-status': 'REDACTED'
    'x-ms-lease-state': 'REDACTED'
    'x-ms-blob-type': 'REDACTED'
    'x-ms-server-encrypted': 'REDACTED'
    'Date': 'Mon, 29 Apr 2024 17:56:14 GMT'
[2024-04-29T17:56:15.364+0000] {_universal.py:514} INFO - Request URL: 'https://azureyellowcab.blob.core.windows.net/cabfiles/yellow_tripdata_2011-01.parquet'
Request method: 'GET'
Request headers:
    'x-ms-range': 'REDACTED'
    'If-Match': '"0x8DC686ED2A077F8"'
    'x-ms-version': 'REDACTED'
    'Accept': 'application/xml'
    'User-Agent': 'azsdk-python-storage-blob/12.19.1 Python/3.12.2 (Linux-6.6.22-linuxkit-x86_64-with-glibc2.36)'
    'x-ms-date': 'REDACTED'
    'x-ms-client-request-id': 'c5df6994-0651-11ef-aafb-0242c0a8a005'
    'Authorization': 'REDACTED'
No body was attached to the request
[2024-04-29T17:56:15.494+0000] {_universal.py:550} INFO - Response status: 206
Response headers:
    'Content-Length': '4194304'
    'Content-Type': 'application/octet-stream'
    'Content-Range': 'REDACTED'
    'Last-Modified': 'Mon, 29 Apr 2024 17:07:16 GMT'
    'Accept-Ranges': 'REDACTED'
    'ETag': '"0x8DC686ED2A077F8"'
    'Server': 'Windows-Azure-Blob/1.0 Microsoft-HTTPAPI/2.0'
    'x-ms-request-id': 'abb1b82f-501e-006b-5f5e-9a4f6b000000'
    'x-ms-client-request-id': 'c5df6994-0651-11ef-aafb-0242c0a8a005'
    'x-ms-version': 'REDACTED'
    'x-ms-creation-time': 'REDACTED'
    'x-ms-lease-status': 'REDACTED'
    'x-ms-lease-state': 'REDACTED'
    'x-ms-blob-type': 'REDACTED'
    'x-ms-server-encrypted': 'REDACTED'
    'Date': 'Mon, 29 Apr 2024 17:56:14 GMT'
[2024-04-29T17:56:16.043+0000] {_universal.py:514} INFO - Request URL: 'https://azureyellowcab.blob.core.windows.net/cabfiles/yellow_tripdata_2011-01.parquet'
Request method: 'GET'
Request headers:
    'x-ms-range': 'REDACTED'
    'If-Match': '"0x8DC686ED2A077F8"'
    'x-ms-version': 'REDACTED'
    'Accept': 'application/xml'
    'User-Agent': 'azsdk-python-storage-blob/12.19.1 Python/3.12.2 (Linux-6.6.22-linuxkit-x86_64-with-glibc2.36)'
    'x-ms-date': 'REDACTED'
    'x-ms-client-request-id': 'c646e3ee-0651-11ef-aafb-0242c0a8a005'
    'Authorization': 'REDACTED'
No body was attached to the request
[2024-04-29T17:56:16.152+0000] {_universal.py:550} INFO - Response status: 206
Response headers:
    'Content-Length': '4194304'
    'Content-Type': 'application/octet-stream'
    'Content-Range': 'REDACTED'
    'Last-Modified': 'Mon, 29 Apr 2024 17:07:16 GMT'
    'Accept-Ranges': 'REDACTED'
    'ETag': '"0x8DC686ED2A077F8"'
    'Server': 'Windows-Azure-Blob/1.0 Microsoft-HTTPAPI/2.0'
    'x-ms-request-id': 'abb1bb53-501e-006b-365e-9a4f6b000000'
    'x-ms-client-request-id': 'c646e3ee-0651-11ef-aafb-0242c0a8a005'
    'x-ms-version': 'REDACTED'
    'x-ms-creation-time': 'REDACTED'
    'x-ms-lease-status': 'REDACTED'
    'x-ms-lease-state': 'REDACTED'
    'x-ms-blob-type': 'REDACTED'
    'x-ms-server-encrypted': 'REDACTED'
    'Date': 'Mon, 29 Apr 2024 17:56:15 GMT'
[2024-04-29T17:56:16.600+0000] {_universal.py:514} INFO - Request URL: 'https://azureyellowcab.blob.core.windows.net/cabfiles/yellow_tripdata_2011-01.parquet'
Request method: 'GET'
Request headers:
    'x-ms-range': 'REDACTED'
    'If-Match': '"0x8DC686ED2A077F8"'
    'x-ms-version': 'REDACTED'
    'Accept': 'application/xml'
    'User-Agent': 'azsdk-python-storage-blob/12.19.1 Python/3.12.2 (Linux-6.6.22-linuxkit-x86_64-with-glibc2.36)'
    'x-ms-date': 'REDACTED'
    'x-ms-client-request-id': 'c69bf244-0651-11ef-aafb-0242c0a8a005'
    'Authorization': 'REDACTED'
No body was attached to the request
[2024-04-29T17:56:16.740+0000] {_universal.py:550} INFO - Response status: 206
Response headers:
    'Content-Length': '4194304'
    'Content-Type': 'application/octet-stream'
    'Content-Range': 'REDACTED'
    'Last-Modified': 'Mon, 29 Apr 2024 17:07:16 GMT'
    'Accept-Ranges': 'REDACTED'
    'ETag': '"0x8DC686ED2A077F8"'
    'Server': 'Windows-Azure-Blob/1.0 Microsoft-HTTPAPI/2.0'
    'x-ms-request-id': 'abb1be0c-501e-006b-195e-9a4f6b000000'
    'x-ms-client-request-id': 'c69bf244-0651-11ef-aafb-0242c0a8a005'
    'x-ms-version': 'REDACTED'
    'x-ms-creation-time': 'REDACTED'
    'x-ms-lease-status': 'REDACTED'
    'x-ms-lease-state': 'REDACTED'
    'x-ms-blob-type': 'REDACTED'
    'x-ms-server-encrypted': 'REDACTED'
    'Date': 'Mon, 29 Apr 2024 17:56:16 GMT'
[2024-04-29T17:56:17.211+0000] {_universal.py:514} INFO - Request URL: 'https://azureyellowcab.blob.core.windows.net/cabfiles/yellow_tripdata_2011-01.parquet'
Request method: 'GET'
Request headers:
    'x-ms-range': 'REDACTED'
    'If-Match': '"0x8DC686ED2A077F8"'
    'x-ms-version': 'REDACTED'
    'Accept': 'application/xml'
    'User-Agent': 'azsdk-python-storage-blob/12.19.1 Python/3.12.2 (Linux-6.6.22-linuxkit-x86_64-with-glibc2.36)'
    'x-ms-date': 'REDACTED'
    'x-ms-client-request-id': 'c6f92ec8-0651-11ef-aafb-0242c0a8a005'
    'Authorization': 'REDACTED'
No body was attached to the request
[2024-04-29T17:56:17.320+0000] {_universal.py:550} INFO - Response status: 206
Response headers:
    'Content-Length': '4194304'
    'Content-Type': 'application/octet-stream'
    'Content-Range': 'REDACTED'
    'Last-Modified': 'Mon, 29 Apr 2024 17:07:16 GMT'
    'Accept-Ranges': 'REDACTED'
    'ETag': '"0x8DC686ED2A077F8"'
    'Server': 'Windows-Azure-Blob/1.0 Microsoft-HTTPAPI/2.0'
    'x-ms-request-id': 'abb1c0d6-501e-006b-235e-9a4f6b000000'
    'x-ms-client-request-id': 'c6f92ec8-0651-11ef-aafb-0242c0a8a005'
    'x-ms-version': 'REDACTED'
    'x-ms-creation-time': 'REDACTED'
    'x-ms-lease-status': 'REDACTED'
    'x-ms-lease-state': 'REDACTED'
    'x-ms-blob-type': 'REDACTED'
    'x-ms-server-encrypted': 'REDACTED'
    'Date': 'Mon, 29 Apr 2024 17:56:16 GMT'
[2024-04-29T17:56:17.840+0000] {_universal.py:514} INFO - Request URL: 'https://azureyellowcab.blob.core.windows.net/cabfiles/yellow_tripdata_2011-01.parquet'
Request method: 'GET'
Request headers:
    'x-ms-range': 'REDACTED'
    'If-Match': '"0x8DC686ED2A077F8"'
    'x-ms-version': 'REDACTED'
    'Accept': 'application/xml'
    'User-Agent': 'azsdk-python-storage-blob/12.19.1 Python/3.12.2 (Linux-6.6.22-linuxkit-x86_64-with-glibc2.36)'
    'x-ms-date': 'REDACTED'
    'x-ms-client-request-id': 'c7592d82-0651-11ef-aafb-0242c0a8a005'
    'Authorization': 'REDACTED'
No body was attached to the request
[2024-04-29T17:56:17.961+0000] {_universal.py:550} INFO - Response status: 206
Response headers:
    'Content-Length': '4194304'
    'Content-Type': 'application/octet-stream'
    'Content-Range': 'REDACTED'
    'Last-Modified': 'Mon, 29 Apr 2024 17:07:16 GMT'
    'Accept-Ranges': 'REDACTED'
    'ETag': '"0x8DC686ED2A077F8"'
    'Server': 'Windows-Azure-Blob/1.0 Microsoft-HTTPAPI/2.0'
    'x-ms-request-id': 'abb1c36f-501e-006b-785e-9a4f6b000000'
    'x-ms-client-request-id': 'c7592d82-0651-11ef-aafb-0242c0a8a005'
    'x-ms-version': 'REDACTED'
    'x-ms-creation-time': 'REDACTED'
    'x-ms-lease-status': 'REDACTED'
    'x-ms-lease-state': 'REDACTED'
    'x-ms-blob-type': 'REDACTED'
    'x-ms-server-encrypted': 'REDACTED'
    'Date': 'Mon, 29 Apr 2024 17:56:17 GMT'
[2024-04-29T17:56:18.441+0000] {_universal.py:514} INFO - Request URL: 'https://azureyellowcab.blob.core.windows.net/cabfiles/yellow_tripdata_2011-01.parquet'
Request method: 'GET'
Request headers:
    'x-ms-range': 'REDACTED'
    'If-Match': '"0x8DC686ED2A077F8"'
    'x-ms-version': 'REDACTED'
    'Accept': 'application/xml'
    'User-Agent': 'azsdk-python-storage-blob/12.19.1 Python/3.12.2 (Linux-6.6.22-linuxkit-x86_64-with-glibc2.36)'
    'x-ms-date': 'REDACTED'
    'x-ms-client-request-id': 'c7b4daba-0651-11ef-aafb-0242c0a8a005'
    'Authorization': 'REDACTED'
No body was attached to the request
[2024-04-29T17:56:18.575+0000] {_universal.py:550} INFO - Response status: 206
Response headers:
    'Content-Length': '4194304'
    'Content-Type': 'application/octet-stream'
    'Content-Range': 'REDACTED'
    'Last-Modified': 'Mon, 29 Apr 2024 17:07:16 GMT'
    'Accept-Ranges': 'REDACTED'
    'ETag': '"0x8DC686ED2A077F8"'
    'Server': 'Windows-Azure-Blob/1.0 Microsoft-HTTPAPI/2.0'
    'x-ms-request-id': 'abb1c5da-501e-006b-1c5e-9a4f6b000000'
    'x-ms-client-request-id': 'c7b4daba-0651-11ef-aafb-0242c0a8a005'
    'x-ms-version': 'REDACTED'
    'x-ms-creation-time': 'REDACTED'
    'x-ms-lease-status': 'REDACTED'
    'x-ms-lease-state': 'REDACTED'
    'x-ms-blob-type': 'REDACTED'
    'x-ms-server-encrypted': 'REDACTED'
    'Date': 'Mon, 29 Apr 2024 17:56:17 GMT'
[2024-04-29T17:56:19.057+0000] {_universal.py:514} INFO - Request URL: 'https://azureyellowcab.blob.core.windows.net/cabfiles/yellow_tripdata_2011-01.parquet'
Request method: 'GET'
Request headers:
    'x-ms-range': 'REDACTED'
    'If-Match': '"0x8DC686ED2A077F8"'
    'x-ms-version': 'REDACTED'
    'Accept': 'application/xml'
    'User-Agent': 'azsdk-python-storage-blob/12.19.1 Python/3.12.2 (Linux-6.6.22-linuxkit-x86_64-with-glibc2.36)'
    'x-ms-date': 'REDACTED'
    'x-ms-client-request-id': 'c812d89a-0651-11ef-aafb-0242c0a8a005'
    'Authorization': 'REDACTED'
No body was attached to the request
[2024-04-29T17:56:19.193+0000] {_universal.py:550} INFO - Response status: 206
Response headers:
    'Content-Length': '4194304'
    'Content-Type': 'application/octet-stream'
    'Content-Range': 'REDACTED'
    'Last-Modified': 'Mon, 29 Apr 2024 17:07:16 GMT'
    'Accept-Ranges': 'REDACTED'
    'ETag': '"0x8DC686ED2A077F8"'
    'Server': 'Windows-Azure-Blob/1.0 Microsoft-HTTPAPI/2.0'
    'x-ms-request-id': 'abb1c8ea-501e-006b-5a5e-9a4f6b000000'
    'x-ms-client-request-id': 'c812d89a-0651-11ef-aafb-0242c0a8a005'
    'x-ms-version': 'REDACTED'
    'x-ms-creation-time': 'REDACTED'
    'x-ms-lease-status': 'REDACTED'
    'x-ms-lease-state': 'REDACTED'
    'x-ms-blob-type': 'REDACTED'
    'x-ms-server-encrypted': 'REDACTED'
    'Date': 'Mon, 29 Apr 2024 17:56:18 GMT'
[2024-04-29T17:56:19.655+0000] {_universal.py:514} INFO - Request URL: 'https://azureyellowcab.blob.core.windows.net/cabfiles/yellow_tripdata_2011-01.parquet'
Request method: 'GET'
Request headers:
    'x-ms-range': 'REDACTED'
    'If-Match': '"0x8DC686ED2A077F8"'
    'x-ms-version': 'REDACTED'
    'Accept': 'application/xml'
    'User-Agent': 'azsdk-python-storage-blob/12.19.1 Python/3.12.2 (Linux-6.6.22-linuxkit-x86_64-with-glibc2.36)'
    'x-ms-date': 'REDACTED'
    'x-ms-client-request-id': 'c86e0cd8-0651-11ef-aafb-0242c0a8a005'
    'Authorization': 'REDACTED'
No body was attached to the request
[2024-04-29T17:56:19.734+0000] {_universal.py:550} INFO - Response status: 206
Response headers:
    'Content-Length': '4194304'
    'Content-Type': 'application/octet-stream'
    'Content-Range': 'REDACTED'
    'Last-Modified': 'Mon, 29 Apr 2024 17:07:16 GMT'
    'Accept-Ranges': 'REDACTED'
    'ETag': '"0x8DC686ED2A077F8"'
    'Server': 'Windows-Azure-Blob/1.0 Microsoft-HTTPAPI/2.0'
    'x-ms-request-id': 'abb1cb9f-501e-006b-4c5e-9a4f6b000000'
    'x-ms-client-request-id': 'c86e0cd8-0651-11ef-aafb-0242c0a8a005'
    'x-ms-version': 'REDACTED'
    'x-ms-creation-time': 'REDACTED'
    'x-ms-lease-status': 'REDACTED'
    'x-ms-lease-state': 'REDACTED'
    'x-ms-blob-type': 'REDACTED'
    'x-ms-server-encrypted': 'REDACTED'
    'Date': 'Mon, 29 Apr 2024 17:56:19 GMT'
[2024-04-29T17:56:20.218+0000] {_universal.py:514} INFO - Request URL: 'https://azureyellowcab.blob.core.windows.net/cabfiles/yellow_tripdata_2011-01.parquet'
Request method: 'GET'
Request headers:
    'x-ms-range': 'REDACTED'
    'If-Match': '"0x8DC686ED2A077F8"'
    'x-ms-version': 'REDACTED'
    'Accept': 'application/xml'
    'User-Agent': 'azsdk-python-storage-blob/12.19.1 Python/3.12.2 (Linux-6.6.22-linuxkit-x86_64-with-glibc2.36)'
    'x-ms-date': 'REDACTED'
    'x-ms-client-request-id': 'c8c40d36-0651-11ef-aafb-0242c0a8a005'
    'Authorization': 'REDACTED'
No body was attached to the request
[2024-04-29T17:56:20.304+0000] {_universal.py:550} INFO - Response status: 206
Response headers:
    'Content-Length': '4194304'
    'Content-Type': 'application/octet-stream'
    'Content-Range': 'REDACTED'
    'Last-Modified': 'Mon, 29 Apr 2024 17:07:16 GMT'
    'Accept-Ranges': 'REDACTED'
    'ETag': '"0x8DC686ED2A077F8"'
    'Server': 'Windows-Azure-Blob/1.0 Microsoft-HTTPAPI/2.0'
    'x-ms-request-id': 'abb1ce86-501e-006b-6b5e-9a4f6b000000'
    'x-ms-client-request-id': 'c8c40d36-0651-11ef-aafb-0242c0a8a005'
    'x-ms-version': 'REDACTED'
    'x-ms-creation-time': 'REDACTED'
    'x-ms-lease-status': 'REDACTED'
    'x-ms-lease-state': 'REDACTED'
    'x-ms-blob-type': 'REDACTED'
    'x-ms-server-encrypted': 'REDACTED'
    'Date': 'Mon, 29 Apr 2024 17:56:19 GMT'
[2024-04-29T17:56:20.845+0000] {_universal.py:514} INFO - Request URL: 'https://azureyellowcab.blob.core.windows.net/cabfiles/yellow_tripdata_2011-01.parquet'
Request method: 'GET'
Request headers:
    'x-ms-range': 'REDACTED'
    'If-Match': '"0x8DC686ED2A077F8"'
    'x-ms-version': 'REDACTED'
    'Accept': 'application/xml'
    'User-Agent': 'azsdk-python-storage-blob/12.19.1 Python/3.12.2 (Linux-6.6.22-linuxkit-x86_64-with-glibc2.36)'
    'x-ms-date': 'REDACTED'
    'x-ms-client-request-id': 'c923ae94-0651-11ef-aafb-0242c0a8a005'
    'Authorization': 'REDACTED'
No body was attached to the request
[2024-04-29T17:56:20.954+0000] {_universal.py:550} INFO - Response status: 206
Response headers:
    'Content-Length': '4194304'
    'Content-Type': 'application/octet-stream'
    'Content-Range': 'REDACTED'
    'Last-Modified': 'Mon, 29 Apr 2024 17:07:16 GMT'
    'Accept-Ranges': 'REDACTED'
    'ETag': '"0x8DC686ED2A077F8"'
    'Server': 'Windows-Azure-Blob/1.0 Microsoft-HTTPAPI/2.0'
    'x-ms-request-id': 'abb1d1a0-501e-006b-3c5e-9a4f6b000000'
    'x-ms-client-request-id': 'c923ae94-0651-11ef-aafb-0242c0a8a005'
    'x-ms-version': 'REDACTED'
    'x-ms-creation-time': 'REDACTED'
    'x-ms-lease-status': 'REDACTED'
    'x-ms-lease-state': 'REDACTED'
    'x-ms-blob-type': 'REDACTED'
    'x-ms-server-encrypted': 'REDACTED'
    'Date': 'Mon, 29 Apr 2024 17:56:20 GMT'
[2024-04-29T17:56:21.526+0000] {_universal.py:514} INFO - Request URL: 'https://azureyellowcab.blob.core.windows.net/cabfiles/yellow_tripdata_2011-01.parquet'
Request method: 'GET'
Request headers:
    'x-ms-range': 'REDACTED'
    'If-Match': '"0x8DC686ED2A077F8"'
    'x-ms-version': 'REDACTED'
    'Accept': 'application/xml'
    'User-Agent': 'azsdk-python-storage-blob/12.19.1 Python/3.12.2 (Linux-6.6.22-linuxkit-x86_64-with-glibc2.36)'
    'x-ms-date': 'REDACTED'
    'x-ms-client-request-id': 'c98b89ce-0651-11ef-aafb-0242c0a8a005'
    'Authorization': 'REDACTED'
No body was attached to the request
[2024-04-29T17:56:21.622+0000] {_universal.py:550} INFO - Response status: 206
Response headers:
    'Content-Length': '4194304'
    'Content-Type': 'application/octet-stream'
    'Content-Range': 'REDACTED'
    'Last-Modified': 'Mon, 29 Apr 2024 17:07:16 GMT'
    'Accept-Ranges': 'REDACTED'
    'ETag': '"0x8DC686ED2A077F8"'
    'Server': 'Windows-Azure-Blob/1.0 Microsoft-HTTPAPI/2.0'
    'x-ms-request-id': 'abb1d4b4-501e-006b-7b5e-9a4f6b000000'
    'x-ms-client-request-id': 'c98b89ce-0651-11ef-aafb-0242c0a8a005'
    'x-ms-version': 'REDACTED'
    'x-ms-creation-time': 'REDACTED'
    'x-ms-lease-status': 'REDACTED'
    'x-ms-lease-state': 'REDACTED'
    'x-ms-blob-type': 'REDACTED'
    'x-ms-server-encrypted': 'REDACTED'
    'Date': 'Mon, 29 Apr 2024 17:56:21 GMT'
[2024-04-29T17:56:22.190+0000] {_universal.py:514} INFO - Request URL: 'https://azureyellowcab.blob.core.windows.net/cabfiles/yellow_tripdata_2011-01.parquet'
Request method: 'GET'
Request headers:
    'x-ms-range': 'REDACTED'
    'If-Match': '"0x8DC686ED2A077F8"'
    'x-ms-version': 'REDACTED'
    'Accept': 'application/xml'
    'User-Agent': 'azsdk-python-storage-blob/12.19.1 Python/3.12.2 (Linux-6.6.22-linuxkit-x86_64-with-glibc2.36)'
    'x-ms-date': 'REDACTED'
    'x-ms-client-request-id': 'c9f0fcc8-0651-11ef-aafb-0242c0a8a005'
    'Authorization': 'REDACTED'
No body was attached to the request
[2024-04-29T17:56:22.381+0000] {_universal.py:550} INFO - Response status: 206
Response headers:
    'Content-Length': '4194304'
    'Content-Type': 'application/octet-stream'
    'Content-Range': 'REDACTED'
    'Last-Modified': 'Mon, 29 Apr 2024 17:07:16 GMT'
    'Accept-Ranges': 'REDACTED'
    'ETag': '"0x8DC686ED2A077F8"'
    'Server': 'Windows-Azure-Blob/1.0 Microsoft-HTTPAPI/2.0'
    'x-ms-request-id': 'abb1d7fa-501e-006b-635e-9a4f6b000000'
    'x-ms-client-request-id': 'c9f0fcc8-0651-11ef-aafb-0242c0a8a005'
    'x-ms-version': 'REDACTED'
    'x-ms-creation-time': 'REDACTED'
    'x-ms-lease-status': 'REDACTED'
    'x-ms-lease-state': 'REDACTED'
    'x-ms-blob-type': 'REDACTED'
    'x-ms-server-encrypted': 'REDACTED'
    'Date': 'Mon, 29 Apr 2024 17:56:21 GMT'
[2024-04-29T17:56:22.911+0000] {_universal.py:514} INFO - Request URL: 'https://azureyellowcab.blob.core.windows.net/cabfiles/yellow_tripdata_2011-01.parquet'
Request method: 'GET'
Request headers:
    'x-ms-range': 'REDACTED'
    'If-Match': '"0x8DC686ED2A077F8"'
    'x-ms-version': 'REDACTED'
    'Accept': 'application/xml'
    'User-Agent': 'azsdk-python-storage-blob/12.19.1 Python/3.12.2 (Linux-6.6.22-linuxkit-x86_64-with-glibc2.36)'
    'x-ms-date': 'REDACTED'
    'x-ms-client-request-id': 'ca5f038a-0651-11ef-aafb-0242c0a8a005'
    'Authorization': 'REDACTED'
No body was attached to the request
[2024-04-29T17:56:23.073+0000] {_universal.py:550} INFO - Response status: 206
Response headers:
    'Content-Length': '4194304'
    'Content-Type': 'application/octet-stream'
    'Content-Range': 'REDACTED'
    'Last-Modified': 'Mon, 29 Apr 2024 17:07:16 GMT'
    'Accept-Ranges': 'REDACTED'
    'ETag': '"0x8DC686ED2A077F8"'
    'Server': 'Windows-Azure-Blob/1.0 Microsoft-HTTPAPI/2.0'
    'x-ms-request-id': 'abb1db9f-501e-006b-265e-9a4f6b000000'
    'x-ms-client-request-id': 'ca5f038a-0651-11ef-aafb-0242c0a8a005'
    'x-ms-version': 'REDACTED'
    'x-ms-creation-time': 'REDACTED'
    'x-ms-lease-status': 'REDACTED'
    'x-ms-lease-state': 'REDACTED'
    'x-ms-blob-type': 'REDACTED'
    'x-ms-server-encrypted': 'REDACTED'
    'Date': 'Mon, 29 Apr 2024 17:56:22 GMT'
[2024-04-29T17:56:23.557+0000] {_universal.py:514} INFO - Request URL: 'https://azureyellowcab.blob.core.windows.net/cabfiles/yellow_tripdata_2011-01.parquet'
Request method: 'GET'
Request headers:
    'x-ms-range': 'REDACTED'
    'If-Match': '"0x8DC686ED2A077F8"'
    'x-ms-version': 'REDACTED'
    'Accept': 'application/xml'
    'User-Agent': 'azsdk-python-storage-blob/12.19.1 Python/3.12.2 (Linux-6.6.22-linuxkit-x86_64-with-glibc2.36)'
    'x-ms-date': 'REDACTED'
    'x-ms-client-request-id': 'cac19338-0651-11ef-aafb-0242c0a8a005'
    'Authorization': 'REDACTED'
No body was attached to the request
[2024-04-29T17:56:23.710+0000] {_universal.py:550} INFO - Response status: 206
Response headers:
    'Content-Length': '4194304'
    'Content-Type': 'application/octet-stream'
    'Content-Range': 'REDACTED'
    'Last-Modified': 'Mon, 29 Apr 2024 17:07:16 GMT'
    'Accept-Ranges': 'REDACTED'
    'ETag': '"0x8DC686ED2A077F8"'
    'Server': 'Windows-Azure-Blob/1.0 Microsoft-HTTPAPI/2.0'
    'x-ms-request-id': 'abb1de2c-501e-006b-665e-9a4f6b000000'
    'x-ms-client-request-id': 'cac19338-0651-11ef-aafb-0242c0a8a005'
    'x-ms-version': 'REDACTED'
    'x-ms-creation-time': 'REDACTED'
    'x-ms-lease-status': 'REDACTED'
    'x-ms-lease-state': 'REDACTED'
    'x-ms-blob-type': 'REDACTED'
    'x-ms-server-encrypted': 'REDACTED'
    'Date': 'Mon, 29 Apr 2024 17:56:23 GMT'
[2024-04-29T17:56:24.214+0000] {_universal.py:514} INFO - Request URL: 'https://azureyellowcab.blob.core.windows.net/cabfiles/yellow_tripdata_2011-01.parquet'
Request method: 'GET'
Request headers:
    'x-ms-range': 'REDACTED'
    'If-Match': '"0x8DC686ED2A077F8"'
    'x-ms-version': 'REDACTED'
    'Accept': 'application/xml'
    'User-Agent': 'azsdk-python-storage-blob/12.19.1 Python/3.12.2 (Linux-6.6.22-linuxkit-x86_64-with-glibc2.36)'
    'x-ms-date': 'REDACTED'
    'x-ms-client-request-id': 'cb25cbe6-0651-11ef-aafb-0242c0a8a005'
    'Authorization': 'REDACTED'
No body was attached to the request
[2024-04-29T17:56:24.332+0000] {_universal.py:550} INFO - Response status: 206
Response headers:
    'Content-Length': '4194304'
    'Content-Type': 'application/octet-stream'
    'Content-Range': 'REDACTED'
    'Last-Modified': 'Mon, 29 Apr 2024 17:07:16 GMT'
    'Accept-Ranges': 'REDACTED'
    'ETag': '"0x8DC686ED2A077F8"'
    'Server': 'Windows-Azure-Blob/1.0 Microsoft-HTTPAPI/2.0'
    'x-ms-request-id': 'abb1e120-501e-006b-135e-9a4f6b000000'
    'x-ms-client-request-id': 'cb25cbe6-0651-11ef-aafb-0242c0a8a005'
    'x-ms-version': 'REDACTED'
    'x-ms-creation-time': 'REDACTED'
    'x-ms-lease-status': 'REDACTED'
    'x-ms-lease-state': 'REDACTED'
    'x-ms-blob-type': 'REDACTED'
    'x-ms-server-encrypted': 'REDACTED'
    'Date': 'Mon, 29 Apr 2024 17:56:23 GMT'
[2024-04-29T17:56:24.883+0000] {_universal.py:514} INFO - Request URL: 'https://azureyellowcab.blob.core.windows.net/cabfiles/yellow_tripdata_2011-01.parquet'
Request method: 'GET'
Request headers:
    'x-ms-range': 'REDACTED'
    'If-Match': '"0x8DC686ED2A077F8"'
    'x-ms-version': 'REDACTED'
    'Accept': 'application/xml'
    'User-Agent': 'azsdk-python-storage-blob/12.19.1 Python/3.12.2 (Linux-6.6.22-linuxkit-x86_64-with-glibc2.36)'
    'x-ms-date': 'REDACTED'
    'x-ms-client-request-id': 'cb8bd346-0651-11ef-aafb-0242c0a8a005'
    'Authorization': 'REDACTED'
No body was attached to the request
[2024-04-29T17:56:25.011+0000] {_universal.py:550} INFO - Response status: 206
Response headers:
    'Content-Length': '4194304'
    'Content-Type': 'application/octet-stream'
    'Content-Range': 'REDACTED'
    'Last-Modified': 'Mon, 29 Apr 2024 17:07:16 GMT'
    'Accept-Ranges': 'REDACTED'
    'ETag': '"0x8DC686ED2A077F8"'
    'Server': 'Windows-Azure-Blob/1.0 Microsoft-HTTPAPI/2.0'
    'x-ms-request-id': 'abb1e41e-501e-006b-4d5e-9a4f6b000000'
    'x-ms-client-request-id': 'cb8bd346-0651-11ef-aafb-0242c0a8a005'
    'x-ms-version': 'REDACTED'
    'x-ms-creation-time': 'REDACTED'
    'x-ms-lease-status': 'REDACTED'
    'x-ms-lease-state': 'REDACTED'
    'x-ms-blob-type': 'REDACTED'
    'x-ms-server-encrypted': 'REDACTED'
    'Date': 'Mon, 29 Apr 2024 17:56:24 GMT'
[2024-04-29T17:56:25.501+0000] {_universal.py:514} INFO - Request URL: 'https://azureyellowcab.blob.core.windows.net/cabfiles/yellow_tripdata_2011-01.parquet'
Request method: 'GET'
Request headers:
    'x-ms-range': 'REDACTED'
    'If-Match': '"0x8DC686ED2A077F8"'
    'x-ms-version': 'REDACTED'
    'Accept': 'application/xml'
    'User-Agent': 'azsdk-python-storage-blob/12.19.1 Python/3.12.2 (Linux-6.6.22-linuxkit-x86_64-with-glibc2.36)'
    'x-ms-date': 'REDACTED'
    'x-ms-client-request-id': 'cbea30b2-0651-11ef-aafb-0242c0a8a005'
    'Authorization': 'REDACTED'
No body was attached to the request
[2024-04-29T17:56:25.615+0000] {_universal.py:550} INFO - Response status: 206
Response headers:
    'Content-Length': '4194304'
    'Content-Type': 'application/octet-stream'
    'Content-Range': 'REDACTED'
    'Last-Modified': 'Mon, 29 Apr 2024 17:07:16 GMT'
    'Accept-Ranges': 'REDACTED'
    'ETag': '"0x8DC686ED2A077F8"'
    'Server': 'Windows-Azure-Blob/1.0 Microsoft-HTTPAPI/2.0'
    'x-ms-request-id': 'abb1e71d-501e-006b-135e-9a4f6b000000'
    'x-ms-client-request-id': 'cbea30b2-0651-11ef-aafb-0242c0a8a005'
    'x-ms-version': 'REDACTED'
    'x-ms-creation-time': 'REDACTED'
    'x-ms-lease-status': 'REDACTED'
    'x-ms-lease-state': 'REDACTED'
    'x-ms-blob-type': 'REDACTED'
    'x-ms-server-encrypted': 'REDACTED'
    'Date': 'Mon, 29 Apr 2024 17:56:25 GMT'
[2024-04-29T17:56:26.138+0000] {_universal.py:514} INFO - Request URL: 'https://azureyellowcab.blob.core.windows.net/cabfiles/yellow_tripdata_2011-01.parquet'
Request method: 'GET'
Request headers:
    'x-ms-range': 'REDACTED'
    'If-Match': '"0x8DC686ED2A077F8"'
    'x-ms-version': 'REDACTED'
    'Accept': 'application/xml'
    'User-Agent': 'azsdk-python-storage-blob/12.19.1 Python/3.12.2 (Linux-6.6.22-linuxkit-x86_64-with-glibc2.36)'
    'x-ms-date': 'REDACTED'
    'x-ms-client-request-id': 'cc4b54aa-0651-11ef-aafb-0242c0a8a005'
    'Authorization': 'REDACTED'
No body was attached to the request
[2024-04-29T17:56:26.256+0000] {_universal.py:550} INFO - Response status: 206
Response headers:
    'Content-Length': '4194304'
    'Content-Type': 'application/octet-stream'
    'Content-Range': 'REDACTED'
    'Last-Modified': 'Mon, 29 Apr 2024 17:07:16 GMT'
    'Accept-Ranges': 'REDACTED'
    'ETag': '"0x8DC686ED2A077F8"'
    'Server': 'Windows-Azure-Blob/1.0 Microsoft-HTTPAPI/2.0'
    'x-ms-request-id': 'abb1ea19-501e-006b-4a5e-9a4f6b000000'
    'x-ms-client-request-id': 'cc4b54aa-0651-11ef-aafb-0242c0a8a005'
    'x-ms-version': 'REDACTED'
    'x-ms-creation-time': 'REDACTED'
    'x-ms-lease-status': 'REDACTED'
    'x-ms-lease-state': 'REDACTED'
    'x-ms-blob-type': 'REDACTED'
    'x-ms-server-encrypted': 'REDACTED'
    'Date': 'Mon, 29 Apr 2024 17:56:25 GMT'
[2024-04-29T17:56:26.734+0000] {_universal.py:514} INFO - Request URL: 'https://azureyellowcab.blob.core.windows.net/cabfiles/yellow_tripdata_2011-01.parquet'
Request method: 'GET'
Request headers:
    'x-ms-range': 'REDACTED'
    'If-Match': '"0x8DC686ED2A077F8"'
    'x-ms-version': 'REDACTED'
    'Accept': 'application/xml'
    'User-Agent': 'azsdk-python-storage-blob/12.19.1 Python/3.12.2 (Linux-6.6.22-linuxkit-x86_64-with-glibc2.36)'
    'x-ms-date': 'REDACTED'
    'x-ms-client-request-id': 'cca65120-0651-11ef-aafb-0242c0a8a005'
    'Authorization': 'REDACTED'
No body was attached to the request
[2024-04-29T17:56:26.818+0000] {_universal.py:550} INFO - Response status: 206
Response headers:
    'Content-Length': '4194304'
    'Content-Type': 'application/octet-stream'
    'Content-Range': 'REDACTED'
    'Last-Modified': 'Mon, 29 Apr 2024 17:07:16 GMT'
    'Accept-Ranges': 'REDACTED'
    'ETag': '"0x8DC686ED2A077F8"'
    'Server': 'Windows-Azure-Blob/1.0 Microsoft-HTTPAPI/2.0'
    'x-ms-request-id': 'abb1ed1f-501e-006b-115e-9a4f6b000000'
    'x-ms-client-request-id': 'cca65120-0651-11ef-aafb-0242c0a8a005'
    'x-ms-version': 'REDACTED'
    'x-ms-creation-time': 'REDACTED'
    'x-ms-lease-status': 'REDACTED'
    'x-ms-lease-state': 'REDACTED'
    'x-ms-blob-type': 'REDACTED'
    'x-ms-server-encrypted': 'REDACTED'
    'Date': 'Mon, 29 Apr 2024 17:56:26 GMT'
[2024-04-29T17:56:27.319+0000] {_universal.py:514} INFO - Request URL: 'https://azureyellowcab.blob.core.windows.net/cabfiles/yellow_tripdata_2011-01.parquet'
Request method: 'GET'
Request headers:
    'x-ms-range': 'REDACTED'
    'If-Match': '"0x8DC686ED2A077F8"'
    'x-ms-version': 'REDACTED'
    'Accept': 'application/xml'
    'User-Agent': 'azsdk-python-storage-blob/12.19.1 Python/3.12.2 (Linux-6.6.22-linuxkit-x86_64-with-glibc2.36)'
    'x-ms-date': 'REDACTED'
    'x-ms-client-request-id': 'ccff9776-0651-11ef-aafb-0242c0a8a005'
    'Authorization': 'REDACTED'
No body was attached to the request
[2024-04-29T17:56:27.407+0000] {_universal.py:550} INFO - Response status: 206
Response headers:
    'Content-Length': '4194304'
    'Content-Type': 'application/octet-stream'
    'Content-Range': 'REDACTED'
    'Last-Modified': 'Mon, 29 Apr 2024 17:07:16 GMT'
    'Accept-Ranges': 'REDACTED'
    'ETag': '"0x8DC686ED2A077F8"'
    'Server': 'Windows-Azure-Blob/1.0 Microsoft-HTTPAPI/2.0'
    'x-ms-request-id': 'abb1f0bc-501e-006b-6d5e-9a4f6b000000'
    'x-ms-client-request-id': 'ccff9776-0651-11ef-aafb-0242c0a8a005'
    'x-ms-version': 'REDACTED'
    'x-ms-creation-time': 'REDACTED'
    'x-ms-lease-status': 'REDACTED'
    'x-ms-lease-state': 'REDACTED'
    'x-ms-blob-type': 'REDACTED'
    'x-ms-server-encrypted': 'REDACTED'
    'Date': 'Mon, 29 Apr 2024 17:56:26 GMT'
[2024-04-29T17:56:27.924+0000] {_universal.py:514} INFO - Request URL: 'https://azureyellowcab.blob.core.windows.net/cabfiles/yellow_tripdata_2011-01.parquet'
Request method: 'GET'
Request headers:
    'x-ms-range': 'REDACTED'
    'If-Match': '"0x8DC686ED2A077F8"'
    'x-ms-version': 'REDACTED'
    'Accept': 'application/xml'
    'User-Agent': 'azsdk-python-storage-blob/12.19.1 Python/3.12.2 (Linux-6.6.22-linuxkit-x86_64-with-glibc2.36)'
    'x-ms-date': 'REDACTED'
    'x-ms-client-request-id': 'cd5be81e-0651-11ef-aafb-0242c0a8a005'
    'Authorization': 'REDACTED'
No body was attached to the request
[2024-04-29T17:56:28.018+0000] {_universal.py:550} INFO - Response status: 206
Response headers:
    'Content-Length': '3601974'
    'Content-Type': 'application/octet-stream'
    'Content-Range': 'REDACTED'
    'Last-Modified': 'Mon, 29 Apr 2024 17:07:16 GMT'
    'Accept-Ranges': 'REDACTED'
    'ETag': '"0x8DC686ED2A077F8"'
    'Server': 'Windows-Azure-Blob/1.0 Microsoft-HTTPAPI/2.0'
    'x-ms-request-id': 'abb1f3e0-501e-006b-575e-9a4f6b000000'
    'x-ms-client-request-id': 'cd5be81e-0651-11ef-aafb-0242c0a8a005'
    'x-ms-version': 'REDACTED'
    'x-ms-creation-time': 'REDACTED'
    'x-ms-lease-status': 'REDACTED'
    'x-ms-lease-state': 'REDACTED'
    'x-ms-blob-type': 'REDACTED'
    'x-ms-server-encrypted': 'REDACTED'
    'Date': 'Mon, 29 Apr 2024 17:56:27 GMT'
[2024-04-29T17:56:28.776+0000] {python.py:237} INFO - Done. Returned value was: load_stage
[2024-04-29T17:56:28.777+0000] {branch.py:36} INFO - Branch into load_stage
[2024-04-29T17:56:28.777+0000] {skipmixin.py:178} INFO - Following branch load_stage
[2024-04-29T17:56:28.792+0000] {skipmixin.py:246} INFO - Skipping tasks [('file_exception', -1)]
[2024-04-29T17:56:28.812+0000] {taskinstance.py:441} INFO - ::group::Post task execution logs
[2024-04-29T17:56:28.830+0000] {taskinstance.py:1205} INFO - Marking task as SUCCESS. dag_id=dag_yellow_cab, task_id=download_file, execution_date=20240429T175551, start_date=20240429T175553, end_date=20240429T175628
[2024-04-29T17:56:28.884+0000] {local_task_job_runner.py:240} INFO - Task exited with return code 0
[2024-04-29T17:56:28.895+0000] {warnings.py:110} WARNING - /home/***/.local/lib/python3.12/site-packages/***/models/baseoperator.py:1296: AirflowProviderDeprecationWarning: Call to deprecated class SnowflakeOperator. (This class is deprecated. Please use `***.providers.common.sql.operators.sql.SQLExecuteQueryOperator`. Also, you can provide `hook_params={'warehouse': <warehouse>, 'database': <database>, 'role': <role>, 'schema': <schema>, 'authenticator': <authenticator>,'session_parameters': <session_parameters>}`.)
  result = cls.__new__(cls)

[2024-04-29T17:56:28.930+0000] {taskinstance.py:3482} INFO - 1 downstream tasks scheduled from follow-on schedule check
[2024-04-29T17:56:28.932+0000] {local_task_job_runner.py:222} INFO - ::endgroup::
