[2024-04-30T09:28:56.190+0000] {local_task_job_runner.py:120} INFO - ::group::Pre task execution logs
[2024-04-30T09:28:56.221+0000] {taskinstance.py:2073} INFO - Dependencies all met for dep_context=non-requeueable deps ti=<TaskInstance: dag_yellow_cab.load_data manual__2024-04-30T09:22:26.340812+00:00 [queued]>
[2024-04-30T09:28:56.312+0000] {taskinstance.py:2073} INFO - Dependencies all met for dep_context=requeueable deps ti=<TaskInstance: dag_yellow_cab.load_data manual__2024-04-30T09:22:26.340812+00:00 [queued]>
[2024-04-30T09:28:56.314+0000] {taskinstance.py:2303} INFO - Starting attempt 1 of 1
[2024-04-30T09:28:56.342+0000] {taskinstance.py:2327} INFO - Executing <Task(PythonOperator): load_data> on 2024-04-30 09:22:26.340812+00:00
[2024-04-30T09:28:56.358+0000] {warnings.py:110} WARNING - /home/***/.local/lib/python3.12/site-packages/***/task/task_runner/standard_task_runner.py:61: DeprecationWarning: This process (pid=214) is multi-threaded, use of fork() may lead to deadlocks in the child.
  pid = os.fork()

[2024-04-30T09:28:56.362+0000] {standard_task_runner.py:90} INFO - Running: ['***', 'tasks', 'run', 'dag_yellow_cab', 'load_data', 'manual__2024-04-30T09:22:26.340812+00:00', '--job-id', '236', '--raw', '--subdir', 'DAGS_FOLDER/dag.py', '--cfg-path', '/tmp/tmpogbpygw2']
[2024-04-30T09:28:56.523+0000] {standard_task_runner.py:63} INFO - Started process 216 to run task
[2024-04-30T09:28:56.524+0000] {standard_task_runner.py:91} INFO - Job 236: Subtask load_data
[2024-04-30T09:28:56.859+0000] {task_command.py:426} INFO - Running <TaskInstance: dag_yellow_cab.load_data manual__2024-04-30T09:22:26.340812+00:00 [running]> on host d6ef9d38b187
[2024-04-30T09:28:57.036+0000] {taskinstance.py:2644} INFO - Exporting env vars: AIRFLOW_CTX_DAG_OWNER='***' AIRFLOW_CTX_DAG_ID='dag_yellow_cab' AIRFLOW_CTX_TASK_ID='load_data' AIRFLOW_CTX_EXECUTION_DATE='2024-04-30T09:22:26.340812+00:00' AIRFLOW_CTX_TRY_NUMBER='1' AIRFLOW_CTX_DAG_RUN_ID='manual__2024-04-30T09:22:26.340812+00:00'
[2024-04-30T09:28:57.040+0000] {taskinstance.py:430} INFO - ::endgroup::
[2024-04-30T09:28:57.081+0000] {logging_mixin.py:188} INFO - passed engine creation
[2024-04-30T09:28:57.083+0000] {logging_mixin.py:188} INFO - enter for loop
[2024-04-30T09:28:57.084+0000] {logging_mixin.py:188} INFO - enter for loop
[2024-04-30T09:28:57.084+0000] {logging_mixin.py:188} INFO - enter for loop
[2024-04-30T09:28:57.085+0000] {logging_mixin.py:188} INFO - enter for loop
[2024-04-30T09:28:57.085+0000] {logging_mixin.py:188} INFO - enter if loop
[2024-04-30T09:28:57.086+0000] {logging_mixin.py:188} INFO - enter file_upload function
[2024-04-30T09:28:57.086+0000] {logging_mixin.py:188} INFO - read filepath
[2024-04-30T09:28:57.087+0000] {logging_mixin.py:188} INFO - /opt/***/dags/files/yellow_tripdata_2011-02.parquet
[2024-04-30T09:29:00.345+0000] {logging_mixin.py:188} INFO - generate df
[2024-04-30T09:29:02.443+0000] {logging_mixin.py:188} INFO - copy df
[2024-04-30T09:30:52.327+0000] {local_task_job_runner.py:240} INFO - Task exited with return code -9
[2024-04-30T09:30:54.148+0000] {taskinstance.py:3482} INFO - 0 downstream tasks scheduled from follow-on schedule check
[2024-04-30T09:30:54.171+0000] {local_task_job_runner.py:222} INFO - ::endgroup::
