[2024-04-30T06:04:42.559+0000] {local_task_job_runner.py:120} INFO - ::group::Pre task execution logs
[2024-04-30T06:04:42.578+0000] {taskinstance.py:2073} INFO - Dependencies all met for dep_context=non-requeueable deps ti=<TaskInstance: dag_yellow_cab.load_data manual__2024-04-30T06:00:34.889423+00:00 [queued]>
[2024-04-30T06:04:42.586+0000] {taskinstance.py:2073} INFO - Dependencies all met for dep_context=requeueable deps ti=<TaskInstance: dag_yellow_cab.load_data manual__2024-04-30T06:00:34.889423+00:00 [queued]>
[2024-04-30T06:04:42.586+0000] {taskinstance.py:2303} INFO - Starting attempt 1 of 1
[2024-04-30T06:04:42.598+0000] {taskinstance.py:2327} INFO - Executing <Task(PythonOperator): load_data> on 2024-04-30 06:00:34.889423+00:00
[2024-04-30T06:04:42.603+0000] {warnings.py:110} WARNING - /home/***/.local/lib/python3.12/site-packages/***/task/task_runner/standard_task_runner.py:61: DeprecationWarning: This process (pid=395) is multi-threaded, use of fork() may lead to deadlocks in the child.
  pid = os.fork()

[2024-04-30T06:04:42.605+0000] {standard_task_runner.py:63} INFO - Started process 397 to run task
[2024-04-30T06:04:42.605+0000] {standard_task_runner.py:90} INFO - Running: ['***', 'tasks', 'run', 'dag_yellow_cab', 'load_data', 'manual__2024-04-30T06:00:34.889423+00:00', '--job-id', '195', '--raw', '--subdir', 'DAGS_FOLDER/dag.py', '--cfg-path', '/tmp/tmpiq5lve8q']
[2024-04-30T06:04:42.608+0000] {standard_task_runner.py:91} INFO - Job 195: Subtask load_data
[2024-04-30T06:04:42.654+0000] {task_command.py:426} INFO - Running <TaskInstance: dag_yellow_cab.load_data manual__2024-04-30T06:00:34.889423+00:00 [running]> on host 8b8822eba36f
[2024-04-30T06:04:42.743+0000] {taskinstance.py:2644} INFO - Exporting env vars: AIRFLOW_CTX_DAG_OWNER='***' AIRFLOW_CTX_DAG_ID='dag_yellow_cab' AIRFLOW_CTX_TASK_ID='load_data' AIRFLOW_CTX_EXECUTION_DATE='2024-04-30T06:00:34.889423+00:00' AIRFLOW_CTX_TRY_NUMBER='1' AIRFLOW_CTX_DAG_RUN_ID='manual__2024-04-30T06:00:34.889423+00:00'
[2024-04-30T06:04:42.744+0000] {taskinstance.py:430} INFO - ::endgroup::
[2024-04-30T06:04:42.758+0000] {logging_mixin.py:188} INFO - passed engine creation
[2024-04-30T06:04:42.760+0000] {logging_mixin.py:188} INFO - enter for loop
[2024-04-30T06:04:42.760+0000] {logging_mixin.py:188} INFO - enter for loop
[2024-04-30T06:04:42.761+0000] {logging_mixin.py:188} INFO - enter for loop
[2024-04-30T06:04:42.761+0000] {logging_mixin.py:188} INFO - enter if loop
[2024-04-30T06:04:42.762+0000] {logging_mixin.py:188} INFO - enter file_upload function
[2024-04-30T06:04:42.762+0000] {logging_mixin.py:188} INFO - read filepath
[2024-04-30T06:04:42.763+0000] {logging_mixin.py:188} INFO - /opt/***/dags/files/yellow_tripdata_2011-02.parquet
[2024-04-30T06:04:42.850+0000] {logging_mixin.py:188} INFO - generate csv
[2024-04-30T06:04:47.484+0000] {local_task_job_runner.py:240} INFO - Task exited with return code -9
[2024-04-30T06:04:47.549+0000] {taskinstance.py:3482} INFO - 0 downstream tasks scheduled from follow-on schedule check
[2024-04-30T06:04:47.551+0000] {local_task_job_runner.py:222} INFO - ::endgroup::
