[2024-04-29T02:13:30.998+0000] {local_task_job_runner.py:120} INFO - ::group::Pre task execution logs
[2024-04-29T02:13:31.016+0000] {taskinstance.py:2073} INFO - Dependencies all met for dep_context=non-requeueable deps ti=<TaskInstance: dag_yellow_cab.download_file manual__2024-04-29T02:13:29.294611+00:00 [queued]>
[2024-04-29T02:13:31.023+0000] {taskinstance.py:2073} INFO - Dependencies all met for dep_context=requeueable deps ti=<TaskInstance: dag_yellow_cab.download_file manual__2024-04-29T02:13:29.294611+00:00 [queued]>
[2024-04-29T02:13:31.023+0000] {taskinstance.py:2303} INFO - Starting attempt 1 of 1
[2024-04-29T02:13:31.035+0000] {taskinstance.py:2327} INFO - Executing <Task(PythonOperator): download_file> on 2024-04-29 02:13:29.294611+00:00
[2024-04-29T02:13:31.040+0000] {warnings.py:110} WARNING - /home/***/.local/lib/python3.12/site-packages/***/task/task_runner/standard_task_runner.py:61: DeprecationWarning: This process (pid=231) is multi-threaded, use of fork() may lead to deadlocks in the child.
  pid = os.fork()

[2024-04-29T02:13:31.042+0000] {standard_task_runner.py:63} INFO - Started process 233 to run task
[2024-04-29T02:13:31.042+0000] {standard_task_runner.py:90} INFO - Running: ['***', 'tasks', 'run', 'dag_yellow_cab', 'download_file', 'manual__2024-04-29T02:13:29.294611+00:00', '--job-id', '69', '--raw', '--subdir', 'DAGS_FOLDER/data_pipeline_cab.py', '--cfg-path', '/tmp/tmp3h9pza9f']
[2024-04-29T02:13:31.044+0000] {standard_task_runner.py:91} INFO - Job 69: Subtask download_file
[2024-04-29T02:13:31.085+0000] {task_command.py:426} INFO - Running <TaskInstance: dag_yellow_cab.download_file manual__2024-04-29T02:13:29.294611+00:00 [running]> on host b97262715cd8
[2024-04-29T02:13:31.167+0000] {taskinstance.py:2644} INFO - Exporting env vars: AIRFLOW_CTX_DAG_OWNER='***' AIRFLOW_CTX_DAG_ID='dag_yellow_cab' AIRFLOW_CTX_TASK_ID='download_file' AIRFLOW_CTX_EXECUTION_DATE='2024-04-29T02:13:29.294611+00:00' AIRFLOW_CTX_TRY_NUMBER='1' AIRFLOW_CTX_DAG_RUN_ID='manual__2024-04-29T02:13:29.294611+00:00'
[2024-04-29T02:13:31.168+0000] {taskinstance.py:430} INFO - ::endgroup::
[2024-04-29T02:13:31.184+0000] {_universal.py:514} INFO - Request URL: 'https://azureyellowcab.blob.core.windows.net/cabfiles?restype=REDACTED&comp=REDACTED'
Request method: 'GET'
Request headers:
    'x-ms-version': 'REDACTED'
    'Accept': 'application/xml'
    'User-Agent': 'azsdk-python-storage-blob/12.19.1 Python/3.12.2 (Linux-6.6.22-linuxkit-x86_64-with-glibc2.36)'
    'x-ms-date': 'REDACTED'
    'x-ms-client-request-id': '12fe6600-05ce-11ef-bd5b-0242c0a85006'
    'Authorization': 'REDACTED'
No body was attached to the request
[2024-04-29T02:13:31.592+0000] {_universal.py:550} INFO - Response status: 200
Response headers:
    'Transfer-Encoding': 'chunked'
    'Content-Type': 'application/xml'
    'Server': 'Windows-Azure-Blob/1.0 Microsoft-HTTPAPI/2.0'
    'x-ms-request-id': '62555119-201e-003c-02da-99e158000000'
    'x-ms-client-request-id': '12fe6600-05ce-11ef-bd5b-0242c0a85006'
    'x-ms-version': 'REDACTED'
    'Date': 'Mon, 29 Apr 2024 02:13:30 GMT'
[2024-04-29T02:13:31.603+0000] {_universal.py:514} INFO - Request URL: 'https://azureyellowcab.blob.core.windows.net/cabfiles/yellow_tripdata_2011-01.parquet'
Request method: 'GET'
Request headers:
    'x-ms-range': 'REDACTED'
    'x-ms-version': 'REDACTED'
    'Accept': 'application/xml'
    'User-Agent': 'azsdk-python-storage-blob/12.19.1 Python/3.12.2 (Linux-6.6.22-linuxkit-x86_64-with-glibc2.36)'
    'x-ms-date': 'REDACTED'
    'x-ms-client-request-id': '133e3b68-05ce-11ef-bd5b-0242c0a85006'
    'Authorization': 'REDACTED'
No body was attached to the request
[2024-04-29T02:13:31.764+0000] {_universal.py:550} INFO - Response status: 206
Response headers:
    'Content-Length': '33554432'
    'Content-Type': 'application/octet-stream'
    'Content-Range': 'REDACTED'
    'Last-Modified': 'Mon, 29 Apr 2024 02:09:03 GMT'
    'Accept-Ranges': 'REDACTED'
    'ETag': '"0x8DC67F157E1E733"'
    'Server': 'Windows-Azure-Blob/1.0 Microsoft-HTTPAPI/2.0'
    'x-ms-request-id': '62555162-201e-003c-2cda-99e158000000'
    'x-ms-client-request-id': '133e3b68-05ce-11ef-bd5b-0242c0a85006'
    'x-ms-version': 'REDACTED'
    'x-ms-creation-time': 'REDACTED'
    'x-ms-lease-status': 'REDACTED'
    'x-ms-lease-state': 'REDACTED'
    'x-ms-blob-type': 'REDACTED'
    'x-ms-server-encrypted': 'REDACTED'
    'Date': 'Mon, 29 Apr 2024 02:13:31 GMT'
[2024-04-29T02:13:36.506+0000] {_universal.py:514} INFO - Request URL: 'https://azureyellowcab.blob.core.windows.net/cabfiles/yellow_tripdata_2011-01.parquet'
Request method: 'GET'
Request headers:
    'x-ms-range': 'REDACTED'
    'If-Match': '"0x8DC67F157E1E733"'
    'x-ms-version': 'REDACTED'
    'Accept': 'application/xml'
    'User-Agent': 'azsdk-python-storage-blob/12.19.1 Python/3.12.2 (Linux-6.6.22-linuxkit-x86_64-with-glibc2.36)'
    'x-ms-date': 'REDACTED'
    'x-ms-client-request-id': '162a6ffe-05ce-11ef-bd5b-0242c0a85006'
    'Authorization': 'REDACTED'
No body was attached to the request
[2024-04-29T02:13:36.634+0000] {_universal.py:550} INFO - Response status: 206
Response headers:
    'Content-Length': '4194304'
    'Content-Type': 'application/octet-stream'
    'Content-Range': 'REDACTED'
    'Last-Modified': 'Mon, 29 Apr 2024 02:09:03 GMT'
    'Accept-Ranges': 'REDACTED'
    'ETag': '"0x8DC67F157E1E733"'
    'Server': 'Windows-Azure-Blob/1.0 Microsoft-HTTPAPI/2.0'
    'x-ms-request-id': '625566cc-201e-003c-76da-99e158000000'
    'x-ms-client-request-id': '162a6ffe-05ce-11ef-bd5b-0242c0a85006'
    'x-ms-version': 'REDACTED'
    'x-ms-creation-time': 'REDACTED'
    'x-ms-lease-status': 'REDACTED'
    'x-ms-lease-state': 'REDACTED'
    'x-ms-blob-type': 'REDACTED'
    'x-ms-server-encrypted': 'REDACTED'
    'Date': 'Mon, 29 Apr 2024 02:13:35 GMT'
[2024-04-29T02:13:37.117+0000] {_universal.py:514} INFO - Request URL: 'https://azureyellowcab.blob.core.windows.net/cabfiles/yellow_tripdata_2011-01.parquet'
Request method: 'GET'
Request headers:
    'x-ms-range': 'REDACTED'
    'If-Match': '"0x8DC67F157E1E733"'
    'x-ms-version': 'REDACTED'
    'Accept': 'application/xml'
    'User-Agent': 'azsdk-python-storage-blob/12.19.1 Python/3.12.2 (Linux-6.6.22-linuxkit-x86_64-with-glibc2.36)'
    'x-ms-date': 'REDACTED'
    'x-ms-client-request-id': '1687ac32-05ce-11ef-bd5b-0242c0a85006'
    'Authorization': 'REDACTED'
No body was attached to the request
[2024-04-29T02:13:37.210+0000] {_universal.py:550} INFO - Response status: 206
Response headers:
    'Content-Length': '4194304'
    'Content-Type': 'application/octet-stream'
    'Content-Range': 'REDACTED'
    'Last-Modified': 'Mon, 29 Apr 2024 02:09:03 GMT'
    'Accept-Ranges': 'REDACTED'
    'ETag': '"0x8DC67F157E1E733"'
    'Server': 'Windows-Azure-Blob/1.0 Microsoft-HTTPAPI/2.0'
    'x-ms-request-id': '6255690e-201e-003c-3cda-99e158000000'
    'x-ms-client-request-id': '1687ac32-05ce-11ef-bd5b-0242c0a85006'
    'x-ms-version': 'REDACTED'
    'x-ms-creation-time': 'REDACTED'
    'x-ms-lease-status': 'REDACTED'
    'x-ms-lease-state': 'REDACTED'
    'x-ms-blob-type': 'REDACTED'
    'x-ms-server-encrypted': 'REDACTED'
    'Date': 'Mon, 29 Apr 2024 02:13:36 GMT'
[2024-04-29T02:13:37.677+0000] {_universal.py:514} INFO - Request URL: 'https://azureyellowcab.blob.core.windows.net/cabfiles/yellow_tripdata_2011-01.parquet'
Request method: 'GET'
Request headers:
    'x-ms-range': 'REDACTED'
    'If-Match': '"0x8DC67F157E1E733"'
    'x-ms-version': 'REDACTED'
    'Accept': 'application/xml'
    'User-Agent': 'azsdk-python-storage-blob/12.19.1 Python/3.12.2 (Linux-6.6.22-linuxkit-x86_64-with-glibc2.36)'
    'x-ms-date': 'REDACTED'
    'x-ms-client-request-id': '16dd2f72-05ce-11ef-bd5b-0242c0a85006'
    'Authorization': 'REDACTED'
No body was attached to the request
[2024-04-29T02:13:37.763+0000] {_universal.py:550} INFO - Response status: 206
Response headers:
    'Content-Length': '4194304'
    'Content-Type': 'application/octet-stream'
    'Content-Range': 'REDACTED'
    'Last-Modified': 'Mon, 29 Apr 2024 02:09:03 GMT'
    'Accept-Ranges': 'REDACTED'
    'ETag': '"0x8DC67F157E1E733"'
    'Server': 'Windows-Azure-Blob/1.0 Microsoft-HTTPAPI/2.0'
    'x-ms-request-id': '62556ad2-201e-003c-2cda-99e158000000'
    'x-ms-client-request-id': '16dd2f72-05ce-11ef-bd5b-0242c0a85006'
    'x-ms-version': 'REDACTED'
    'x-ms-creation-time': 'REDACTED'
    'x-ms-lease-status': 'REDACTED'
    'x-ms-lease-state': 'REDACTED'
    'x-ms-blob-type': 'REDACTED'
    'x-ms-server-encrypted': 'REDACTED'
    'Date': 'Mon, 29 Apr 2024 02:13:37 GMT'
[2024-04-29T02:13:38.246+0000] {_universal.py:514} INFO - Request URL: 'https://azureyellowcab.blob.core.windows.net/cabfiles/yellow_tripdata_2011-01.parquet'
Request method: 'GET'
Request headers:
    'x-ms-range': 'REDACTED'
    'If-Match': '"0x8DC67F157E1E733"'
    'x-ms-version': 'REDACTED'
    'Accept': 'application/xml'
    'User-Agent': 'azsdk-python-storage-blob/12.19.1 Python/3.12.2 (Linux-6.6.22-linuxkit-x86_64-with-glibc2.36)'
    'x-ms-date': 'REDACTED'
    'x-ms-client-request-id': '17340400-05ce-11ef-bd5b-0242c0a85006'
    'Authorization': 'REDACTED'
No body was attached to the request
[2024-04-29T02:13:38.390+0000] {_universal.py:550} INFO - Response status: 206
Response headers:
    'Content-Length': '4194304'
    'Content-Type': 'application/octet-stream'
    'Content-Range': 'REDACTED'
    'Last-Modified': 'Mon, 29 Apr 2024 02:09:03 GMT'
    'Accept-Ranges': 'REDACTED'
    'ETag': '"0x8DC67F157E1E733"'
    'Server': 'Windows-Azure-Blob/1.0 Microsoft-HTTPAPI/2.0'
    'x-ms-request-id': '62556c87-201e-003c-0eda-99e158000000'
    'x-ms-client-request-id': '17340400-05ce-11ef-bd5b-0242c0a85006'
    'x-ms-version': 'REDACTED'
    'x-ms-creation-time': 'REDACTED'
    'x-ms-lease-status': 'REDACTED'
    'x-ms-lease-state': 'REDACTED'
    'x-ms-blob-type': 'REDACTED'
    'x-ms-server-encrypted': 'REDACTED'
    'Date': 'Mon, 29 Apr 2024 02:13:37 GMT'
[2024-04-29T02:13:39.297+0000] {_universal.py:514} INFO - Request URL: 'https://azureyellowcab.blob.core.windows.net/cabfiles/yellow_tripdata_2011-01.parquet'
Request method: 'GET'
Request headers:
    'x-ms-range': 'REDACTED'
    'If-Match': '"0x8DC67F157E1E733"'
    'x-ms-version': 'REDACTED'
    'Accept': 'application/xml'
    'User-Agent': 'azsdk-python-storage-blob/12.19.1 Python/3.12.2 (Linux-6.6.22-linuxkit-x86_64-with-glibc2.36)'
    'x-ms-date': 'REDACTED'
    'x-ms-client-request-id': '17d45216-05ce-11ef-bd5b-0242c0a85006'
    'Authorization': 'REDACTED'
No body was attached to the request
[2024-04-29T02:13:39.421+0000] {_universal.py:550} INFO - Response status: 206
Response headers:
    'Content-Length': '4194304'
    'Content-Type': 'application/octet-stream'
    'Content-Range': 'REDACTED'
    'Last-Modified': 'Mon, 29 Apr 2024 02:09:03 GMT'
    'Accept-Ranges': 'REDACTED'
    'ETag': '"0x8DC67F157E1E733"'
    'Server': 'Windows-Azure-Blob/1.0 Microsoft-HTTPAPI/2.0'
    'x-ms-request-id': '62556fc0-201e-003c-45da-99e158000000'
    'x-ms-client-request-id': '17d45216-05ce-11ef-bd5b-0242c0a85006'
    'x-ms-version': 'REDACTED'
    'x-ms-creation-time': 'REDACTED'
    'x-ms-lease-status': 'REDACTED'
    'x-ms-lease-state': 'REDACTED'
    'x-ms-blob-type': 'REDACTED'
    'x-ms-server-encrypted': 'REDACTED'
    'Date': 'Mon, 29 Apr 2024 02:13:38 GMT'
[2024-04-29T02:13:40.082+0000] {_universal.py:514} INFO - Request URL: 'https://azureyellowcab.blob.core.windows.net/cabfiles/yellow_tripdata_2011-01.parquet'
Request method: 'GET'
Request headers:
    'x-ms-range': 'REDACTED'
    'If-Match': '"0x8DC67F157E1E733"'
    'x-ms-version': 'REDACTED'
    'Accept': 'application/xml'
    'User-Agent': 'azsdk-python-storage-blob/12.19.1 Python/3.12.2 (Linux-6.6.22-linuxkit-x86_64-with-glibc2.36)'
    'x-ms-date': 'REDACTED'
    'x-ms-client-request-id': '184c0400-05ce-11ef-bd5b-0242c0a85006'
    'Authorization': 'REDACTED'
No body was attached to the request
[2024-04-29T02:13:40.176+0000] {_universal.py:550} INFO - Response status: 206
Response headers:
    'Content-Length': '4194304'
    'Content-Type': 'application/octet-stream'
    'Content-Range': 'REDACTED'
    'Last-Modified': 'Mon, 29 Apr 2024 02:09:03 GMT'
    'Accept-Ranges': 'REDACTED'
    'ETag': '"0x8DC67F157E1E733"'
    'Server': 'Windows-Azure-Blob/1.0 Microsoft-HTTPAPI/2.0'
    'x-ms-request-id': '6255724d-201e-003c-6dda-99e158000000'
    'x-ms-client-request-id': '184c0400-05ce-11ef-bd5b-0242c0a85006'
    'x-ms-version': 'REDACTED'
    'x-ms-creation-time': 'REDACTED'
    'x-ms-lease-status': 'REDACTED'
    'x-ms-lease-state': 'REDACTED'
    'x-ms-blob-type': 'REDACTED'
    'x-ms-server-encrypted': 'REDACTED'
    'Date': 'Mon, 29 Apr 2024 02:13:39 GMT'
[2024-04-29T02:13:40.927+0000] {_universal.py:514} INFO - Request URL: 'https://azureyellowcab.blob.core.windows.net/cabfiles/yellow_tripdata_2011-01.parquet'
Request method: 'GET'
Request headers:
    'x-ms-range': 'REDACTED'
    'If-Match': '"0x8DC67F157E1E733"'
    'x-ms-version': 'REDACTED'
    'Accept': 'application/xml'
    'User-Agent': 'azsdk-python-storage-blob/12.19.1 Python/3.12.2 (Linux-6.6.22-linuxkit-x86_64-with-glibc2.36)'
    'x-ms-date': 'REDACTED'
    'x-ms-client-request-id': '18cd1734-05ce-11ef-bd5b-0242c0a85006'
    'Authorization': 'REDACTED'
No body was attached to the request
[2024-04-29T02:13:41.038+0000] {_universal.py:550} INFO - Response status: 206
Response headers:
    'Content-Length': '4194304'
    'Content-Type': 'application/octet-stream'
    'Content-Range': 'REDACTED'
    'Last-Modified': 'Mon, 29 Apr 2024 02:09:03 GMT'
    'Accept-Ranges': 'REDACTED'
    'ETag': '"0x8DC67F157E1E733"'
    'Server': 'Windows-Azure-Blob/1.0 Microsoft-HTTPAPI/2.0'
    'x-ms-request-id': '6255758b-201e-003c-44da-99e158000000'
    'x-ms-client-request-id': '18cd1734-05ce-11ef-bd5b-0242c0a85006'
    'x-ms-version': 'REDACTED'
    'x-ms-creation-time': 'REDACTED'
    'x-ms-lease-status': 'REDACTED'
    'x-ms-lease-state': 'REDACTED'
    'x-ms-blob-type': 'REDACTED'
    'x-ms-server-encrypted': 'REDACTED'
    'Date': 'Mon, 29 Apr 2024 02:13:40 GMT'
[2024-04-29T02:13:41.629+0000] {_universal.py:514} INFO - Request URL: 'https://azureyellowcab.blob.core.windows.net/cabfiles/yellow_tripdata_2011-01.parquet'
Request method: 'GET'
Request headers:
    'x-ms-range': 'REDACTED'
    'If-Match': '"0x8DC67F157E1E733"'
    'x-ms-version': 'REDACTED'
    'Accept': 'application/xml'
    'User-Agent': 'azsdk-python-storage-blob/12.19.1 Python/3.12.2 (Linux-6.6.22-linuxkit-x86_64-with-glibc2.36)'
    'x-ms-date': 'REDACTED'
    'x-ms-client-request-id': '19382c90-05ce-11ef-bd5b-0242c0a85006'
    'Authorization': 'REDACTED'
No body was attached to the request
[2024-04-29T02:13:41.750+0000] {_universal.py:550} INFO - Response status: 206
Response headers:
    'Content-Length': '4194304'
    'Content-Type': 'application/octet-stream'
    'Content-Range': 'REDACTED'
    'Last-Modified': 'Mon, 29 Apr 2024 02:09:03 GMT'
    'Accept-Ranges': 'REDACTED'
    'ETag': '"0x8DC67F157E1E733"'
    'Server': 'Windows-Azure-Blob/1.0 Microsoft-HTTPAPI/2.0'
    'x-ms-request-id': '6255781f-201e-003c-04da-99e158000000'
    'x-ms-client-request-id': '19382c90-05ce-11ef-bd5b-0242c0a85006'
    'x-ms-version': 'REDACTED'
    'x-ms-creation-time': 'REDACTED'
    'x-ms-lease-status': 'REDACTED'
    'x-ms-lease-state': 'REDACTED'
    'x-ms-blob-type': 'REDACTED'
    'x-ms-server-encrypted': 'REDACTED'
    'Date': 'Mon, 29 Apr 2024 02:13:41 GMT'
[2024-04-29T02:13:42.382+0000] {_universal.py:514} INFO - Request URL: 'https://azureyellowcab.blob.core.windows.net/cabfiles/yellow_tripdata_2011-01.parquet'
Request method: 'GET'
Request headers:
    'x-ms-range': 'REDACTED'
    'If-Match': '"0x8DC67F157E1E733"'
    'x-ms-version': 'REDACTED'
    'Accept': 'application/xml'
    'User-Agent': 'azsdk-python-storage-blob/12.19.1 Python/3.12.2 (Linux-6.6.22-linuxkit-x86_64-with-glibc2.36)'
    'x-ms-date': 'REDACTED'
    'x-ms-client-request-id': '19aaeaa0-05ce-11ef-bd5b-0242c0a85006'
    'Authorization': 'REDACTED'
No body was attached to the request
[2024-04-29T02:13:42.493+0000] {_universal.py:550} INFO - Response status: 206
Response headers:
    'Content-Length': '4194304'
    'Content-Type': 'application/octet-stream'
    'Content-Range': 'REDACTED'
    'Last-Modified': 'Mon, 29 Apr 2024 02:09:03 GMT'
    'Accept-Ranges': 'REDACTED'
    'ETag': '"0x8DC67F157E1E733"'
    'Server': 'Windows-Azure-Blob/1.0 Microsoft-HTTPAPI/2.0'
    'x-ms-request-id': '62557ac7-201e-003c-3cda-99e158000000'
    'x-ms-client-request-id': '19aaeaa0-05ce-11ef-bd5b-0242c0a85006'
    'x-ms-version': 'REDACTED'
    'x-ms-creation-time': 'REDACTED'
    'x-ms-lease-status': 'REDACTED'
    'x-ms-lease-state': 'REDACTED'
    'x-ms-blob-type': 'REDACTED'
    'x-ms-server-encrypted': 'REDACTED'
    'Date': 'Mon, 29 Apr 2024 02:13:41 GMT'
[2024-04-29T02:13:43.224+0000] {_universal.py:514} INFO - Request URL: 'https://azureyellowcab.blob.core.windows.net/cabfiles/yellow_tripdata_2011-01.parquet'
Request method: 'GET'
Request headers:
    'x-ms-range': 'REDACTED'
    'If-Match': '"0x8DC67F157E1E733"'
    'x-ms-version': 'REDACTED'
    'Accept': 'application/xml'
    'User-Agent': 'azsdk-python-storage-blob/12.19.1 Python/3.12.2 (Linux-6.6.22-linuxkit-x86_64-with-glibc2.36)'
    'x-ms-date': 'REDACTED'
    'x-ms-client-request-id': '1a2b8aa2-05ce-11ef-bd5b-0242c0a85006'
    'Authorization': 'REDACTED'
No body was attached to the request
[2024-04-29T02:13:43.343+0000] {_universal.py:550} INFO - Response status: 206
Response headers:
    'Content-Length': '4194304'
    'Content-Type': 'application/octet-stream'
    'Content-Range': 'REDACTED'
    'Last-Modified': 'Mon, 29 Apr 2024 02:09:03 GMT'
    'Accept-Ranges': 'REDACTED'
    'ETag': '"0x8DC67F157E1E733"'
    'Server': 'Windows-Azure-Blob/1.0 Microsoft-HTTPAPI/2.0'
    'x-ms-request-id': '62557d60-201e-003c-7bda-99e158000000'
    'x-ms-client-request-id': '1a2b8aa2-05ce-11ef-bd5b-0242c0a85006'
    'x-ms-version': 'REDACTED'
    'x-ms-creation-time': 'REDACTED'
    'x-ms-lease-status': 'REDACTED'
    'x-ms-lease-state': 'REDACTED'
    'x-ms-blob-type': 'REDACTED'
    'x-ms-server-encrypted': 'REDACTED'
    'Date': 'Mon, 29 Apr 2024 02:13:42 GMT'
[2024-04-29T02:13:44.178+0000] {_universal.py:514} INFO - Request URL: 'https://azureyellowcab.blob.core.windows.net/cabfiles/yellow_tripdata_2011-01.parquet'
Request method: 'GET'
Request headers:
    'x-ms-range': 'REDACTED'
    'If-Match': '"0x8DC67F157E1E733"'
    'x-ms-version': 'REDACTED'
    'Accept': 'application/xml'
    'User-Agent': 'azsdk-python-storage-blob/12.19.1 Python/3.12.2 (Linux-6.6.22-linuxkit-x86_64-with-glibc2.36)'
    'x-ms-date': 'REDACTED'
    'x-ms-client-request-id': '1abd2156-05ce-11ef-bd5b-0242c0a85006'
    'Authorization': 'REDACTED'
No body was attached to the request
[2024-04-29T02:13:44.307+0000] {_universal.py:550} INFO - Response status: 206
Response headers:
    'Content-Length': '4194304'
    'Content-Type': 'application/octet-stream'
    'Content-Range': 'REDACTED'
    'Last-Modified': 'Mon, 29 Apr 2024 02:09:03 GMT'
    'Accept-Ranges': 'REDACTED'
    'ETag': '"0x8DC67F157E1E733"'
    'Server': 'Windows-Azure-Blob/1.0 Microsoft-HTTPAPI/2.0'
    'x-ms-request-id': '6255809e-201e-003c-59da-99e158000000'
    'x-ms-client-request-id': '1abd2156-05ce-11ef-bd5b-0242c0a85006'
    'x-ms-version': 'REDACTED'
    'x-ms-creation-time': 'REDACTED'
    'x-ms-lease-status': 'REDACTED'
    'x-ms-lease-state': 'REDACTED'
    'x-ms-blob-type': 'REDACTED'
    'x-ms-server-encrypted': 'REDACTED'
    'Date': 'Mon, 29 Apr 2024 02:13:43 GMT'
[2024-04-29T02:13:45.145+0000] {_universal.py:514} INFO - Request URL: 'https://azureyellowcab.blob.core.windows.net/cabfiles/yellow_tripdata_2011-01.parquet'
Request method: 'GET'
Request headers:
    'x-ms-range': 'REDACTED'
    'If-Match': '"0x8DC67F157E1E733"'
    'x-ms-version': 'REDACTED'
    'Accept': 'application/xml'
    'User-Agent': 'azsdk-python-storage-blob/12.19.1 Python/3.12.2 (Linux-6.6.22-linuxkit-x86_64-with-glibc2.36)'
    'x-ms-date': 'REDACTED'
    'x-ms-client-request-id': '1b50c3fc-05ce-11ef-bd5b-0242c0a85006'
    'Authorization': 'REDACTED'
No body was attached to the request
[2024-04-29T02:13:45.264+0000] {_universal.py:550} INFO - Response status: 206
Response headers:
    'Content-Length': '4194304'
    'Content-Type': 'application/octet-stream'
    'Content-Range': 'REDACTED'
    'Last-Modified': 'Mon, 29 Apr 2024 02:09:03 GMT'
    'Accept-Ranges': 'REDACTED'
    'ETag': '"0x8DC67F157E1E733"'
    'Server': 'Windows-Azure-Blob/1.0 Microsoft-HTTPAPI/2.0'
    'x-ms-request-id': '62558320-201e-003c-79da-99e158000000'
    'x-ms-client-request-id': '1b50c3fc-05ce-11ef-bd5b-0242c0a85006'
    'x-ms-version': 'REDACTED'
    'x-ms-creation-time': 'REDACTED'
    'x-ms-lease-status': 'REDACTED'
    'x-ms-lease-state': 'REDACTED'
    'x-ms-blob-type': 'REDACTED'
    'x-ms-server-encrypted': 'REDACTED'
    'Date': 'Mon, 29 Apr 2024 02:13:44 GMT'
[2024-04-29T02:13:45.966+0000] {_universal.py:514} INFO - Request URL: 'https://azureyellowcab.blob.core.windows.net/cabfiles/yellow_tripdata_2011-01.parquet'
Request method: 'GET'
Request headers:
    'x-ms-range': 'REDACTED'
    'If-Match': '"0x8DC67F157E1E733"'
    'x-ms-version': 'REDACTED'
    'Accept': 'application/xml'
    'User-Agent': 'azsdk-python-storage-blob/12.19.1 Python/3.12.2 (Linux-6.6.22-linuxkit-x86_64-with-glibc2.36)'
    'x-ms-date': 'REDACTED'
    'x-ms-client-request-id': '1bcdf034-05ce-11ef-bd5b-0242c0a85006'
    'Authorization': 'REDACTED'
No body was attached to the request
[2024-04-29T02:13:46.082+0000] {_universal.py:550} INFO - Response status: 206
Response headers:
    'Content-Length': '4194304'
    'Content-Type': 'application/octet-stream'
    'Content-Range': 'REDACTED'
    'Last-Modified': 'Mon, 29 Apr 2024 02:09:03 GMT'
    'Accept-Ranges': 'REDACTED'
    'ETag': '"0x8DC67F157E1E733"'
    'Server': 'Windows-Azure-Blob/1.0 Microsoft-HTTPAPI/2.0'
    'x-ms-request-id': '6255853c-201e-003c-4eda-99e158000000'
    'x-ms-client-request-id': '1bcdf034-05ce-11ef-bd5b-0242c0a85006'
    'x-ms-version': 'REDACTED'
    'x-ms-creation-time': 'REDACTED'
    'x-ms-lease-status': 'REDACTED'
    'x-ms-lease-state': 'REDACTED'
    'x-ms-blob-type': 'REDACTED'
    'x-ms-server-encrypted': 'REDACTED'
    'Date': 'Mon, 29 Apr 2024 02:13:45 GMT'
[2024-04-29T02:13:46.961+0000] {_universal.py:514} INFO - Request URL: 'https://azureyellowcab.blob.core.windows.net/cabfiles/yellow_tripdata_2011-01.parquet'
Request method: 'GET'
Request headers:
    'x-ms-range': 'REDACTED'
    'If-Match': '"0x8DC67F157E1E733"'
    'x-ms-version': 'REDACTED'
    'Accept': 'application/xml'
    'User-Agent': 'azsdk-python-storage-blob/12.19.1 Python/3.12.2 (Linux-6.6.22-linuxkit-x86_64-with-glibc2.36)'
    'x-ms-date': 'REDACTED'
    'x-ms-client-request-id': '1c65ba4a-05ce-11ef-bd5b-0242c0a85006'
    'Authorization': 'REDACTED'
No body was attached to the request
[2024-04-29T02:13:47.122+0000] {_universal.py:550} INFO - Response status: 206
Response headers:
    'Content-Length': '4194304'
    'Content-Type': 'application/octet-stream'
    'Content-Range': 'REDACTED'
    'Last-Modified': 'Mon, 29 Apr 2024 02:09:03 GMT'
    'Accept-Ranges': 'REDACTED'
    'ETag': '"0x8DC67F157E1E733"'
    'Server': 'Windows-Azure-Blob/1.0 Microsoft-HTTPAPI/2.0'
    'x-ms-request-id': '625587b1-201e-003c-76da-99e158000000'
    'x-ms-client-request-id': '1c65ba4a-05ce-11ef-bd5b-0242c0a85006'
    'x-ms-version': 'REDACTED'
    'x-ms-creation-time': 'REDACTED'
    'x-ms-lease-status': 'REDACTED'
    'x-ms-lease-state': 'REDACTED'
    'x-ms-blob-type': 'REDACTED'
    'x-ms-server-encrypted': 'REDACTED'
    'Date': 'Mon, 29 Apr 2024 02:13:46 GMT'
[2024-04-29T02:13:47.866+0000] {_universal.py:514} INFO - Request URL: 'https://azureyellowcab.blob.core.windows.net/cabfiles/yellow_tripdata_2011-01.parquet'
Request method: 'GET'
Request headers:
    'x-ms-range': 'REDACTED'
    'If-Match': '"0x8DC67F157E1E733"'
    'x-ms-version': 'REDACTED'
    'Accept': 'application/xml'
    'User-Agent': 'azsdk-python-storage-blob/12.19.1 Python/3.12.2 (Linux-6.6.22-linuxkit-x86_64-with-glibc2.36)'
    'x-ms-date': 'REDACTED'
    'x-ms-client-request-id': '1cefeb52-05ce-11ef-bd5b-0242c0a85006'
    'Authorization': 'REDACTED'
No body was attached to the request
[2024-04-29T02:13:47.949+0000] {_universal.py:550} INFO - Response status: 206
Response headers:
    'Content-Length': '4194304'
    'Content-Type': 'application/octet-stream'
    'Content-Range': 'REDACTED'
    'Last-Modified': 'Mon, 29 Apr 2024 02:09:03 GMT'
    'Accept-Ranges': 'REDACTED'
    'ETag': '"0x8DC67F157E1E733"'
    'Server': 'Windows-Azure-Blob/1.0 Microsoft-HTTPAPI/2.0'
    'x-ms-request-id': '625589dd-201e-003c-51da-99e158000000'
    'x-ms-client-request-id': '1cefeb52-05ce-11ef-bd5b-0242c0a85006'
    'x-ms-version': 'REDACTED'
    'x-ms-creation-time': 'REDACTED'
    'x-ms-lease-status': 'REDACTED'
    'x-ms-lease-state': 'REDACTED'
    'x-ms-blob-type': 'REDACTED'
    'x-ms-server-encrypted': 'REDACTED'
    'Date': 'Mon, 29 Apr 2024 02:13:47 GMT'
[2024-04-29T02:13:48.725+0000] {_universal.py:514} INFO - Request URL: 'https://azureyellowcab.blob.core.windows.net/cabfiles/yellow_tripdata_2011-01.parquet'
Request method: 'GET'
Request headers:
    'x-ms-range': 'REDACTED'
    'If-Match': '"0x8DC67F157E1E733"'
    'x-ms-version': 'REDACTED'
    'Accept': 'application/xml'
    'User-Agent': 'azsdk-python-storage-blob/12.19.1 Python/3.12.2 (Linux-6.6.22-linuxkit-x86_64-with-glibc2.36)'
    'x-ms-date': 'REDACTED'
    'x-ms-client-request-id': '1d72f204-05ce-11ef-bd5b-0242c0a85006'
    'Authorization': 'REDACTED'
No body was attached to the request
[2024-04-29T02:13:48.844+0000] {_universal.py:550} INFO - Response status: 206
Response headers:
    'Content-Length': '4194304'
    'Content-Type': 'application/octet-stream'
    'Content-Range': 'REDACTED'
    'Last-Modified': 'Mon, 29 Apr 2024 02:09:03 GMT'
    'Accept-Ranges': 'REDACTED'
    'ETag': '"0x8DC67F157E1E733"'
    'Server': 'Windows-Azure-Blob/1.0 Microsoft-HTTPAPI/2.0'
    'x-ms-request-id': '62558ba7-201e-003c-38da-99e158000000'
    'x-ms-client-request-id': '1d72f204-05ce-11ef-bd5b-0242c0a85006'
    'x-ms-version': 'REDACTED'
    'x-ms-creation-time': 'REDACTED'
    'x-ms-lease-status': 'REDACTED'
    'x-ms-lease-state': 'REDACTED'
    'x-ms-blob-type': 'REDACTED'
    'x-ms-server-encrypted': 'REDACTED'
    'Date': 'Mon, 29 Apr 2024 02:13:48 GMT'
[2024-04-29T02:13:49.587+0000] {_universal.py:514} INFO - Request URL: 'https://azureyellowcab.blob.core.windows.net/cabfiles/yellow_tripdata_2011-01.parquet'
Request method: 'GET'
Request headers:
    'x-ms-range': 'REDACTED'
    'If-Match': '"0x8DC67F157E1E733"'
    'x-ms-version': 'REDACTED'
    'Accept': 'application/xml'
    'User-Agent': 'azsdk-python-storage-blob/12.19.1 Python/3.12.2 (Linux-6.6.22-linuxkit-x86_64-with-glibc2.36)'
    'x-ms-date': 'REDACTED'
    'x-ms-client-request-id': '1df68934-05ce-11ef-bd5b-0242c0a85006'
    'Authorization': 'REDACTED'
No body was attached to the request
[2024-04-29T02:13:49.725+0000] {_universal.py:550} INFO - Response status: 206
Response headers:
    'Content-Length': '4194304'
    'Content-Type': 'application/octet-stream'
    'Content-Range': 'REDACTED'
    'Last-Modified': 'Mon, 29 Apr 2024 02:09:03 GMT'
    'Accept-Ranges': 'REDACTED'
    'ETag': '"0x8DC67F157E1E733"'
    'Server': 'Windows-Azure-Blob/1.0 Microsoft-HTTPAPI/2.0'
    'x-ms-request-id': '62558dac-201e-003c-76da-99e158000000'
    'x-ms-client-request-id': '1df68934-05ce-11ef-bd5b-0242c0a85006'
    'x-ms-version': 'REDACTED'
    'x-ms-creation-time': 'REDACTED'
    'x-ms-lease-status': 'REDACTED'
    'x-ms-lease-state': 'REDACTED'
    'x-ms-blob-type': 'REDACTED'
    'x-ms-server-encrypted': 'REDACTED'
    'Date': 'Mon, 29 Apr 2024 02:13:49 GMT'
[2024-04-29T02:13:50.443+0000] {_universal.py:514} INFO - Request URL: 'https://azureyellowcab.blob.core.windows.net/cabfiles/yellow_tripdata_2011-01.parquet'
Request method: 'GET'
Request headers:
    'x-ms-range': 'REDACTED'
    'If-Match': '"0x8DC67F157E1E733"'
    'x-ms-version': 'REDACTED'
    'Accept': 'application/xml'
    'User-Agent': 'azsdk-python-storage-blob/12.19.1 Python/3.12.2 (Linux-6.6.22-linuxkit-x86_64-with-glibc2.36)'
    'x-ms-date': 'REDACTED'
    'x-ms-client-request-id': '1e790620-05ce-11ef-bd5b-0242c0a85006'
    'Authorization': 'REDACTED'
No body was attached to the request
[2024-04-29T02:13:50.610+0000] {_universal.py:550} INFO - Response status: 206
Response headers:
    'Content-Length': '4194304'
    'Content-Type': 'application/octet-stream'
    'Content-Range': 'REDACTED'
    'Last-Modified': 'Mon, 29 Apr 2024 02:09:03 GMT'
    'Accept-Ranges': 'REDACTED'
    'ETag': '"0x8DC67F157E1E733"'
    'Server': 'Windows-Azure-Blob/1.0 Microsoft-HTTPAPI/2.0'
    'x-ms-request-id': '62559014-201e-003c-0ada-99e158000000'
    'x-ms-client-request-id': '1e790620-05ce-11ef-bd5b-0242c0a85006'
    'x-ms-version': 'REDACTED'
    'x-ms-creation-time': 'REDACTED'
    'x-ms-lease-status': 'REDACTED'
    'x-ms-lease-state': 'REDACTED'
    'x-ms-blob-type': 'REDACTED'
    'x-ms-server-encrypted': 'REDACTED'
    'Date': 'Mon, 29 Apr 2024 02:13:49 GMT'
[2024-04-29T02:13:51.520+0000] {_universal.py:514} INFO - Request URL: 'https://azureyellowcab.blob.core.windows.net/cabfiles/yellow_tripdata_2011-01.parquet'
Request method: 'GET'
Request headers:
    'x-ms-range': 'REDACTED'
    'If-Match': '"0x8DC67F157E1E733"'
    'x-ms-version': 'REDACTED'
    'Accept': 'application/xml'
    'User-Agent': 'azsdk-python-storage-blob/12.19.1 Python/3.12.2 (Linux-6.6.22-linuxkit-x86_64-with-glibc2.36)'
    'x-ms-date': 'REDACTED'
    'x-ms-client-request-id': '1f1d6d1e-05ce-11ef-bd5b-0242c0a85006'
    'Authorization': 'REDACTED'
No body was attached to the request
[2024-04-29T02:13:51.669+0000] {_universal.py:550} INFO - Response status: 206
Response headers:
    'Content-Length': '4194304'
    'Content-Type': 'application/octet-stream'
    'Content-Range': 'REDACTED'
    'Last-Modified': 'Mon, 29 Apr 2024 02:09:03 GMT'
    'Accept-Ranges': 'REDACTED'
    'ETag': '"0x8DC67F157E1E733"'
    'Server': 'Windows-Azure-Blob/1.0 Microsoft-HTTPAPI/2.0'
    'x-ms-request-id': '6255931d-201e-003c-48da-99e158000000'
    'x-ms-client-request-id': '1f1d6d1e-05ce-11ef-bd5b-0242c0a85006'
    'x-ms-version': 'REDACTED'
    'x-ms-creation-time': 'REDACTED'
    'x-ms-lease-status': 'REDACTED'
    'x-ms-lease-state': 'REDACTED'
    'x-ms-blob-type': 'REDACTED'
    'x-ms-server-encrypted': 'REDACTED'
    'Date': 'Mon, 29 Apr 2024 02:13:50 GMT'
[2024-04-29T02:13:52.512+0000] {_universal.py:514} INFO - Request URL: 'https://azureyellowcab.blob.core.windows.net/cabfiles/yellow_tripdata_2011-01.parquet'
Request method: 'GET'
Request headers:
    'x-ms-range': 'REDACTED'
    'If-Match': '"0x8DC67F157E1E733"'
    'x-ms-version': 'REDACTED'
    'Accept': 'application/xml'
    'User-Agent': 'azsdk-python-storage-blob/12.19.1 Python/3.12.2 (Linux-6.6.22-linuxkit-x86_64-with-glibc2.36)'
    'x-ms-date': 'REDACTED'
    'x-ms-client-request-id': '1fb4c6f0-05ce-11ef-bd5b-0242c0a85006'
    'Authorization': 'REDACTED'
No body was attached to the request
[2024-04-29T02:13:52.594+0000] {_universal.py:550} INFO - Response status: 206
Response headers:
    'Content-Length': '4194304'
    'Content-Type': 'application/octet-stream'
    'Content-Range': 'REDACTED'
    'Last-Modified': 'Mon, 29 Apr 2024 02:09:03 GMT'
    'Accept-Ranges': 'REDACTED'
    'ETag': '"0x8DC67F157E1E733"'
    'Server': 'Windows-Azure-Blob/1.0 Microsoft-HTTPAPI/2.0'
    'x-ms-request-id': '625595f5-201e-003c-54da-99e158000000'
    'x-ms-client-request-id': '1fb4c6f0-05ce-11ef-bd5b-0242c0a85006'
    'x-ms-version': 'REDACTED'
    'x-ms-creation-time': 'REDACTED'
    'x-ms-lease-status': 'REDACTED'
    'x-ms-lease-state': 'REDACTED'
    'x-ms-blob-type': 'REDACTED'
    'x-ms-server-encrypted': 'REDACTED'
    'Date': 'Mon, 29 Apr 2024 02:13:51 GMT'
[2024-04-29T02:13:53.342+0000] {_universal.py:514} INFO - Request URL: 'https://azureyellowcab.blob.core.windows.net/cabfiles/yellow_tripdata_2011-01.parquet'
Request method: 'GET'
Request headers:
    'x-ms-range': 'REDACTED'
    'If-Match': '"0x8DC67F157E1E733"'
    'x-ms-version': 'REDACTED'
    'Accept': 'application/xml'
    'User-Agent': 'azsdk-python-storage-blob/12.19.1 Python/3.12.2 (Linux-6.6.22-linuxkit-x86_64-with-glibc2.36)'
    'x-ms-date': 'REDACTED'
    'x-ms-client-request-id': '20337de2-05ce-11ef-bd5b-0242c0a85006'
    'Authorization': 'REDACTED'
No body was attached to the request
[2024-04-29T02:13:53.438+0000] {_universal.py:550} INFO - Response status: 206
Response headers:
    'Content-Length': '4194304'
    'Content-Type': 'application/octet-stream'
    'Content-Range': 'REDACTED'
    'Last-Modified': 'Mon, 29 Apr 2024 02:09:03 GMT'
    'Accept-Ranges': 'REDACTED'
    'ETag': '"0x8DC67F157E1E733"'
    'Server': 'Windows-Azure-Blob/1.0 Microsoft-HTTPAPI/2.0'
    'x-ms-request-id': '625597d1-201e-003c-76da-99e158000000'
    'x-ms-client-request-id': '20337de2-05ce-11ef-bd5b-0242c0a85006'
    'x-ms-version': 'REDACTED'
    'x-ms-creation-time': 'REDACTED'
    'x-ms-lease-status': 'REDACTED'
    'x-ms-lease-state': 'REDACTED'
    'x-ms-blob-type': 'REDACTED'
    'x-ms-server-encrypted': 'REDACTED'
    'Date': 'Mon, 29 Apr 2024 02:13:52 GMT'
[2024-04-29T02:13:54.165+0000] {_universal.py:514} INFO - Request URL: 'https://azureyellowcab.blob.core.windows.net/cabfiles/yellow_tripdata_2011-01.parquet'
Request method: 'GET'
Request headers:
    'x-ms-range': 'REDACTED'
    'If-Match': '"0x8DC67F157E1E733"'
    'x-ms-version': 'REDACTED'
    'Accept': 'application/xml'
    'User-Agent': 'azsdk-python-storage-blob/12.19.1 Python/3.12.2 (Linux-6.6.22-linuxkit-x86_64-with-glibc2.36)'
    'x-ms-date': 'REDACTED'
    'x-ms-client-request-id': '20b1028a-05ce-11ef-bd5b-0242c0a85006'
    'Authorization': 'REDACTED'
No body was attached to the request
[2024-04-29T02:13:54.291+0000] {_universal.py:550} INFO - Response status: 206
Response headers:
    'Content-Length': '4194304'
    'Content-Type': 'application/octet-stream'
    'Content-Range': 'REDACTED'
    'Last-Modified': 'Mon, 29 Apr 2024 02:09:03 GMT'
    'Accept-Ranges': 'REDACTED'
    'ETag': '"0x8DC67F157E1E733"'
    'Server': 'Windows-Azure-Blob/1.0 Microsoft-HTTPAPI/2.0'
    'x-ms-request-id': '62559a30-201e-003c-1ada-99e158000000'
    'x-ms-client-request-id': '20b1028a-05ce-11ef-bd5b-0242c0a85006'
    'x-ms-version': 'REDACTED'
    'x-ms-creation-time': 'REDACTED'
    'x-ms-lease-status': 'REDACTED'
    'x-ms-lease-state': 'REDACTED'
    'x-ms-blob-type': 'REDACTED'
    'x-ms-server-encrypted': 'REDACTED'
    'Date': 'Mon, 29 Apr 2024 02:13:53 GMT'
[2024-04-29T02:13:55.104+0000] {_universal.py:514} INFO - Request URL: 'https://azureyellowcab.blob.core.windows.net/cabfiles/yellow_tripdata_2011-01.parquet'
Request method: 'GET'
Request headers:
    'x-ms-range': 'REDACTED'
    'If-Match': '"0x8DC67F157E1E733"'
    'x-ms-version': 'REDACTED'
    'Accept': 'application/xml'
    'User-Agent': 'azsdk-python-storage-blob/12.19.1 Python/3.12.2 (Linux-6.6.22-linuxkit-x86_64-with-glibc2.36)'
    'x-ms-date': 'REDACTED'
    'x-ms-client-request-id': '214046e8-05ce-11ef-bd5b-0242c0a85006'
    'Authorization': 'REDACTED'
No body was attached to the request
[2024-04-29T02:13:55.267+0000] {_universal.py:550} INFO - Response status: 206
Response headers:
    'Content-Length': '4194304'
    'Content-Type': 'application/octet-stream'
    'Content-Range': 'REDACTED'
    'Last-Modified': 'Mon, 29 Apr 2024 02:09:03 GMT'
    'Accept-Ranges': 'REDACTED'
    'ETag': '"0x8DC67F157E1E733"'
    'Server': 'Windows-Azure-Blob/1.0 Microsoft-HTTPAPI/2.0'
    'x-ms-request-id': '62559c8c-201e-003c-39da-99e158000000'
    'x-ms-client-request-id': '214046e8-05ce-11ef-bd5b-0242c0a85006'
    'x-ms-version': 'REDACTED'
    'x-ms-creation-time': 'REDACTED'
    'x-ms-lease-status': 'REDACTED'
    'x-ms-lease-state': 'REDACTED'
    'x-ms-blob-type': 'REDACTED'
    'x-ms-server-encrypted': 'REDACTED'
    'Date': 'Mon, 29 Apr 2024 02:13:54 GMT'
[2024-04-29T02:13:56.007+0000] {_universal.py:514} INFO - Request URL: 'https://azureyellowcab.blob.core.windows.net/cabfiles/yellow_tripdata_2011-01.parquet'
Request method: 'GET'
Request headers:
    'x-ms-range': 'REDACTED'
    'If-Match': '"0x8DC67F157E1E733"'
    'x-ms-version': 'REDACTED'
    'Accept': 'application/xml'
    'User-Agent': 'azsdk-python-storage-blob/12.19.1 Python/3.12.2 (Linux-6.6.22-linuxkit-x86_64-with-glibc2.36)'
    'x-ms-date': 'REDACTED'
    'x-ms-client-request-id': '21ca0bb2-05ce-11ef-bd5b-0242c0a85006'
    'Authorization': 'REDACTED'
No body was attached to the request
[2024-04-29T02:13:56.156+0000] {_universal.py:550} INFO - Response status: 206
Response headers:
    'Content-Length': '4194304'
    'Content-Type': 'application/octet-stream'
    'Content-Range': 'REDACTED'
    'Last-Modified': 'Mon, 29 Apr 2024 02:09:03 GMT'
    'Accept-Ranges': 'REDACTED'
    'ETag': '"0x8DC67F157E1E733"'
    'Server': 'Windows-Azure-Blob/1.0 Microsoft-HTTPAPI/2.0'
    'x-ms-request-id': '62559ef8-201e-003c-65da-99e158000000'
    'x-ms-client-request-id': '21ca0bb2-05ce-11ef-bd5b-0242c0a85006'
    'x-ms-version': 'REDACTED'
    'x-ms-creation-time': 'REDACTED'
    'x-ms-lease-status': 'REDACTED'
    'x-ms-lease-state': 'REDACTED'
    'x-ms-blob-type': 'REDACTED'
    'x-ms-server-encrypted': 'REDACTED'
    'Date': 'Mon, 29 Apr 2024 02:13:55 GMT'
[2024-04-29T02:13:56.943+0000] {_universal.py:514} INFO - Request URL: 'https://azureyellowcab.blob.core.windows.net/cabfiles/yellow_tripdata_2011-01.parquet'
Request method: 'GET'
Request headers:
    'x-ms-range': 'REDACTED'
    'If-Match': '"0x8DC67F157E1E733"'
    'x-ms-version': 'REDACTED'
    'Accept': 'application/xml'
    'User-Agent': 'azsdk-python-storage-blob/12.19.1 Python/3.12.2 (Linux-6.6.22-linuxkit-x86_64-with-glibc2.36)'
    'x-ms-date': 'REDACTED'
    'x-ms-client-request-id': '2258cc94-05ce-11ef-bd5b-0242c0a85006'
    'Authorization': 'REDACTED'
No body was attached to the request
[2024-04-29T02:13:57.133+0000] {_universal.py:550} INFO - Response status: 206
Response headers:
    'Content-Length': '4194304'
    'Content-Type': 'application/octet-stream'
    'Content-Range': 'REDACTED'
    'Last-Modified': 'Mon, 29 Apr 2024 02:09:03 GMT'
    'Accept-Ranges': 'REDACTED'
    'ETag': '"0x8DC67F157E1E733"'
    'Server': 'Windows-Azure-Blob/1.0 Microsoft-HTTPAPI/2.0'
    'x-ms-request-id': '6255a1c5-201e-003c-5cda-99e158000000'
    'x-ms-client-request-id': '2258cc94-05ce-11ef-bd5b-0242c0a85006'
    'x-ms-version': 'REDACTED'
    'x-ms-creation-time': 'REDACTED'
    'x-ms-lease-status': 'REDACTED'
    'x-ms-lease-state': 'REDACTED'
    'x-ms-blob-type': 'REDACTED'
    'x-ms-server-encrypted': 'REDACTED'
    'Date': 'Mon, 29 Apr 2024 02:13:56 GMT'
[2024-04-29T02:13:57.951+0000] {_universal.py:514} INFO - Request URL: 'https://azureyellowcab.blob.core.windows.net/cabfiles/yellow_tripdata_2011-01.parquet'
Request method: 'GET'
Request headers:
    'x-ms-range': 'REDACTED'
    'If-Match': '"0x8DC67F157E1E733"'
    'x-ms-version': 'REDACTED'
    'Accept': 'application/xml'
    'User-Agent': 'azsdk-python-storage-blob/12.19.1 Python/3.12.2 (Linux-6.6.22-linuxkit-x86_64-with-glibc2.36)'
    'x-ms-date': 'REDACTED'
    'x-ms-client-request-id': '22f2caec-05ce-11ef-bd5b-0242c0a85006'
    'Authorization': 'REDACTED'
No body was attached to the request
[2024-04-29T02:13:58.062+0000] {_universal.py:550} INFO - Response status: 206
Response headers:
    'Content-Length': '4194304'
    'Content-Type': 'application/octet-stream'
    'Content-Range': 'REDACTED'
    'Last-Modified': 'Mon, 29 Apr 2024 02:09:03 GMT'
    'Accept-Ranges': 'REDACTED'
    'ETag': '"0x8DC67F157E1E733"'
    'Server': 'Windows-Azure-Blob/1.0 Microsoft-HTTPAPI/2.0'
    'x-ms-request-id': '6255a48c-201e-003c-54da-99e158000000'
    'x-ms-client-request-id': '22f2caec-05ce-11ef-bd5b-0242c0a85006'
    'x-ms-version': 'REDACTED'
    'x-ms-creation-time': 'REDACTED'
    'x-ms-lease-status': 'REDACTED'
    'x-ms-lease-state': 'REDACTED'
    'x-ms-blob-type': 'REDACTED'
    'x-ms-server-encrypted': 'REDACTED'
    'Date': 'Mon, 29 Apr 2024 02:13:57 GMT'
[2024-04-29T02:13:58.987+0000] {_universal.py:514} INFO - Request URL: 'https://azureyellowcab.blob.core.windows.net/cabfiles/yellow_tripdata_2011-01.parquet'
Request method: 'GET'
Request headers:
    'x-ms-range': 'REDACTED'
    'If-Match': '"0x8DC67F157E1E733"'
    'x-ms-version': 'REDACTED'
    'Accept': 'application/xml'
    'User-Agent': 'azsdk-python-storage-blob/12.19.1 Python/3.12.2 (Linux-6.6.22-linuxkit-x86_64-with-glibc2.36)'
    'x-ms-date': 'REDACTED'
    'x-ms-client-request-id': '2390cb52-05ce-11ef-bd5b-0242c0a85006'
    'Authorization': 'REDACTED'
No body was attached to the request
[2024-04-29T02:13:59.110+0000] {_universal.py:550} INFO - Response status: 206
Response headers:
    'Content-Length': '4194304'
    'Content-Type': 'application/octet-stream'
    'Content-Range': 'REDACTED'
    'Last-Modified': 'Mon, 29 Apr 2024 02:09:03 GMT'
    'Accept-Ranges': 'REDACTED'
    'ETag': '"0x8DC67F157E1E733"'
    'Server': 'Windows-Azure-Blob/1.0 Microsoft-HTTPAPI/2.0'
    'x-ms-request-id': '6255a704-201e-003c-13da-99e158000000'
    'x-ms-client-request-id': '2390cb52-05ce-11ef-bd5b-0242c0a85006'
    'x-ms-version': 'REDACTED'
    'x-ms-creation-time': 'REDACTED'
    'x-ms-lease-status': 'REDACTED'
    'x-ms-lease-state': 'REDACTED'
    'x-ms-blob-type': 'REDACTED'
    'x-ms-server-encrypted': 'REDACTED'
    'Date': 'Mon, 29 Apr 2024 02:13:58 GMT'
[2024-04-29T02:13:59.797+0000] {_universal.py:514} INFO - Request URL: 'https://azureyellowcab.blob.core.windows.net/cabfiles/yellow_tripdata_2011-01.parquet'
Request method: 'GET'
Request headers:
    'x-ms-range': 'REDACTED'
    'If-Match': '"0x8DC67F157E1E733"'
    'x-ms-version': 'REDACTED'
    'Accept': 'application/xml'
    'User-Agent': 'azsdk-python-storage-blob/12.19.1 Python/3.12.2 (Linux-6.6.22-linuxkit-x86_64-with-glibc2.36)'
    'x-ms-date': 'REDACTED'
    'x-ms-client-request-id': '240c66ea-05ce-11ef-bd5b-0242c0a85006'
    'Authorization': 'REDACTED'
No body was attached to the request
[2024-04-29T02:13:59.938+0000] {_universal.py:550} INFO - Response status: 206
Response headers:
    'Content-Length': '4194304'
    'Content-Type': 'application/octet-stream'
    'Content-Range': 'REDACTED'
    'Last-Modified': 'Mon, 29 Apr 2024 02:09:03 GMT'
    'Accept-Ranges': 'REDACTED'
    'ETag': '"0x8DC67F157E1E733"'
    'Server': 'Windows-Azure-Blob/1.0 Microsoft-HTTPAPI/2.0'
    'x-ms-request-id': '6255a8f7-201e-003c-42da-99e158000000'
    'x-ms-client-request-id': '240c66ea-05ce-11ef-bd5b-0242c0a85006'
    'x-ms-version': 'REDACTED'
    'x-ms-creation-time': 'REDACTED'
    'x-ms-lease-status': 'REDACTED'
    'x-ms-lease-state': 'REDACTED'
    'x-ms-blob-type': 'REDACTED'
    'x-ms-server-encrypted': 'REDACTED'
    'Date': 'Mon, 29 Apr 2024 02:13:59 GMT'
[2024-04-29T02:14:00.777+0000] {_universal.py:514} INFO - Request URL: 'https://azureyellowcab.blob.core.windows.net/cabfiles/yellow_tripdata_2011-01.parquet'
Request method: 'GET'
Request headers:
    'x-ms-range': 'REDACTED'
    'If-Match': '"0x8DC67F157E1E733"'
    'x-ms-version': 'REDACTED'
    'Accept': 'application/xml'
    'User-Agent': 'azsdk-python-storage-blob/12.19.1 Python/3.12.2 (Linux-6.6.22-linuxkit-x86_64-with-glibc2.36)'
    'x-ms-date': 'REDACTED'
    'x-ms-client-request-id': '24a1e80a-05ce-11ef-bd5b-0242c0a85006'
    'Authorization': 'REDACTED'
No body was attached to the request
[2024-04-29T02:14:00.987+0000] {_universal.py:550} INFO - Response status: 206
Response headers:
    'Content-Length': '4194304'
    'Content-Type': 'application/octet-stream'
    'Content-Range': 'REDACTED'
    'Last-Modified': 'Mon, 29 Apr 2024 02:09:03 GMT'
    'Accept-Ranges': 'REDACTED'
    'ETag': '"0x8DC67F157E1E733"'
    'Server': 'Windows-Azure-Blob/1.0 Microsoft-HTTPAPI/2.0'
    'x-ms-request-id': '6255ab71-201e-003c-6cda-99e158000000'
    'x-ms-client-request-id': '24a1e80a-05ce-11ef-bd5b-0242c0a85006'
    'x-ms-version': 'REDACTED'
    'x-ms-creation-time': 'REDACTED'
    'x-ms-lease-status': 'REDACTED'
    'x-ms-lease-state': 'REDACTED'
    'x-ms-blob-type': 'REDACTED'
    'x-ms-server-encrypted': 'REDACTED'
    'Date': 'Mon, 29 Apr 2024 02:14:00 GMT'
[2024-04-29T02:14:01.773+0000] {_universal.py:514} INFO - Request URL: 'https://azureyellowcab.blob.core.windows.net/cabfiles/yellow_tripdata_2011-01.parquet'
Request method: 'GET'
Request headers:
    'x-ms-range': 'REDACTED'
    'If-Match': '"0x8DC67F157E1E733"'
    'x-ms-version': 'REDACTED'
    'Accept': 'application/xml'
    'User-Agent': 'azsdk-python-storage-blob/12.19.1 Python/3.12.2 (Linux-6.6.22-linuxkit-x86_64-with-glibc2.36)'
    'x-ms-date': 'REDACTED'
    'x-ms-client-request-id': '2539e59c-05ce-11ef-bd5b-0242c0a85006'
    'Authorization': 'REDACTED'
No body was attached to the request
[2024-04-29T02:14:01.938+0000] {_universal.py:550} INFO - Response status: 206
Response headers:
    'Content-Length': '4194304'
    'Content-Type': 'application/octet-stream'
    'Content-Range': 'REDACTED'
    'Last-Modified': 'Mon, 29 Apr 2024 02:09:03 GMT'
    'Accept-Ranges': 'REDACTED'
    'ETag': '"0x8DC67F157E1E733"'
    'Server': 'Windows-Azure-Blob/1.0 Microsoft-HTTPAPI/2.0'
    'x-ms-request-id': '6255ae0d-201e-003c-45da-99e158000000'
    'x-ms-client-request-id': '2539e59c-05ce-11ef-bd5b-0242c0a85006'
    'x-ms-version': 'REDACTED'
    'x-ms-creation-time': 'REDACTED'
    'x-ms-lease-status': 'REDACTED'
    'x-ms-lease-state': 'REDACTED'
    'x-ms-blob-type': 'REDACTED'
    'x-ms-server-encrypted': 'REDACTED'
    'Date': 'Mon, 29 Apr 2024 02:14:01 GMT'
[2024-04-29T02:14:02.881+0000] {_universal.py:514} INFO - Request URL: 'https://azureyellowcab.blob.core.windows.net/cabfiles/yellow_tripdata_2011-01.parquet'
Request method: 'GET'
Request headers:
    'x-ms-range': 'REDACTED'
    'If-Match': '"0x8DC67F157E1E733"'
    'x-ms-version': 'REDACTED'
    'Accept': 'application/xml'
    'User-Agent': 'azsdk-python-storage-blob/12.19.1 Python/3.12.2 (Linux-6.6.22-linuxkit-x86_64-with-glibc2.36)'
    'x-ms-date': 'REDACTED'
    'x-ms-client-request-id': '25e2f22c-05ce-11ef-bd5b-0242c0a85006'
    'Authorization': 'REDACTED'
No body was attached to the request
[2024-04-29T02:14:03.002+0000] {_universal.py:550} INFO - Response status: 206
Response headers:
    'Content-Length': '4194304'
    'Content-Type': 'application/octet-stream'
    'Content-Range': 'REDACTED'
    'Last-Modified': 'Mon, 29 Apr 2024 02:09:03 GMT'
    'Accept-Ranges': 'REDACTED'
    'ETag': '"0x8DC67F157E1E733"'
    'Server': 'Windows-Azure-Blob/1.0 Microsoft-HTTPAPI/2.0'
    'x-ms-request-id': '6255b173-201e-003c-68da-99e158000000'
    'x-ms-client-request-id': '25e2f22c-05ce-11ef-bd5b-0242c0a85006'
    'x-ms-version': 'REDACTED'
    'x-ms-creation-time': 'REDACTED'
    'x-ms-lease-status': 'REDACTED'
    'x-ms-lease-state': 'REDACTED'
    'x-ms-blob-type': 'REDACTED'
    'x-ms-server-encrypted': 'REDACTED'
    'Date': 'Mon, 29 Apr 2024 02:14:02 GMT'
[2024-04-29T02:14:04.030+0000] {_universal.py:514} INFO - Request URL: 'https://azureyellowcab.blob.core.windows.net/cabfiles/yellow_tripdata_2011-01.parquet'
Request method: 'GET'
Request headers:
    'x-ms-range': 'REDACTED'
    'If-Match': '"0x8DC67F157E1E733"'
    'x-ms-version': 'REDACTED'
    'Accept': 'application/xml'
    'User-Agent': 'azsdk-python-storage-blob/12.19.1 Python/3.12.2 (Linux-6.6.22-linuxkit-x86_64-with-glibc2.36)'
    'x-ms-date': 'REDACTED'
    'x-ms-client-request-id': '269230ac-05ce-11ef-bd5b-0242c0a85006'
    'Authorization': 'REDACTED'
No body was attached to the request
[2024-04-29T02:14:04.159+0000] {_universal.py:550} INFO - Response status: 206
Response headers:
    'Content-Length': '3601974'
    'Content-Type': 'application/octet-stream'
    'Content-Range': 'REDACTED'
    'Last-Modified': 'Mon, 29 Apr 2024 02:09:03 GMT'
    'Accept-Ranges': 'REDACTED'
    'ETag': '"0x8DC67F157E1E733"'
    'Server': 'Windows-Azure-Blob/1.0 Microsoft-HTTPAPI/2.0'
    'x-ms-request-id': '6255b3d4-201e-003c-72da-99e158000000'
    'x-ms-client-request-id': '269230ac-05ce-11ef-bd5b-0242c0a85006'
    'x-ms-version': 'REDACTED'
    'x-ms-creation-time': 'REDACTED'
    'x-ms-lease-status': 'REDACTED'
    'x-ms-lease-state': 'REDACTED'
    'x-ms-blob-type': 'REDACTED'
    'x-ms-server-encrypted': 'REDACTED'
    'Date': 'Mon, 29 Apr 2024 02:14:03 GMT'
[2024-04-29T02:14:09.493+0000] {python.py:237} INFO - Done. Returned value was: None
[2024-04-29T02:14:09.497+0000] {taskinstance.py:441} INFO - ::group::Post task execution logs
[2024-04-29T02:14:09.514+0000] {taskinstance.py:1205} INFO - Marking task as SUCCESS. dag_id=dag_yellow_cab, task_id=download_file, execution_date=20240429T021329, start_date=20240429T021331, end_date=20240429T021409
[2024-04-29T02:14:09.575+0000] {local_task_job_runner.py:240} INFO - Task exited with return code 0
[2024-04-29T02:14:09.611+0000] {warnings.py:110} WARNING - /home/***/.local/lib/python3.12/site-packages/***/models/baseoperator.py:1296: AirflowProviderDeprecationWarning: Call to deprecated class SnowflakeOperator. (This class is deprecated. Please use `***.providers.common.sql.operators.sql.SQLExecuteQueryOperator`. Also, you can provide `hook_params={'warehouse': <warehouse>, 'database': <database>, 'role': <role>, 'schema': <schema>, 'authenticator': <authenticator>,'session_parameters': <session_parameters>}`.)
  result = cls.__new__(cls)

[2024-04-29T02:14:09.663+0000] {taskinstance.py:3482} INFO - 1 downstream tasks scheduled from follow-on schedule check
[2024-04-29T02:14:09.665+0000] {local_task_job_runner.py:222} INFO - ::endgroup::
