[2024-05-02T00:00:04.076+0000] {local_task_job_runner.py:120} INFO - ::group::Pre task execution logs
[2024-05-02T00:00:04.096+0000] {taskinstance.py:2073} INFO - Dependencies all met for dep_context=non-requeueable deps ti=<TaskInstance: dag_yellow_cab.load_data scheduled__2024-05-01T00:00:00+00:00 [queued]>
[2024-05-02T00:00:04.103+0000] {taskinstance.py:2073} INFO - Dependencies all met for dep_context=requeueable deps ti=<TaskInstance: dag_yellow_cab.load_data scheduled__2024-05-01T00:00:00+00:00 [queued]>
[2024-05-02T00:00:04.104+0000] {taskinstance.py:2303} INFO - Starting attempt 1 of 1
[2024-05-02T00:00:04.115+0000] {taskinstance.py:2327} INFO - Executing <Task(PythonOperator): load_data> on 2024-05-01 00:00:00+00:00
[2024-05-02T00:00:04.122+0000] {warnings.py:110} WARNING - /home/***/.local/lib/python3.12/site-packages/***/task/task_runner/standard_task_runner.py:61: DeprecationWarning: This process (pid=493) is multi-threaded, use of fork() may lead to deadlocks in the child.
  pid = os.fork()

[2024-05-02T00:00:04.123+0000] {standard_task_runner.py:63} INFO - Started process 495 to run task
[2024-05-02T00:00:04.123+0000] {standard_task_runner.py:90} INFO - Running: ['***', 'tasks', 'run', 'dag_yellow_cab', 'load_data', 'scheduled__2024-05-01T00:00:00+00:00', '--job-id', '22', '--raw', '--subdir', 'DAGS_FOLDER/dag.py', '--cfg-path', '/tmp/tmpe36bmyx5']
[2024-05-02T00:00:04.126+0000] {standard_task_runner.py:91} INFO - Job 22: Subtask load_data
[2024-05-02T00:00:04.175+0000] {task_command.py:426} INFO - Running <TaskInstance: dag_yellow_cab.load_data scheduled__2024-05-01T00:00:00+00:00 [running]> on host cfaf22ab3131
[2024-05-02T00:00:04.289+0000] {taskinstance.py:2644} INFO - Exporting env vars: AIRFLOW_CTX_DAG_OWNER='***' AIRFLOW_CTX_DAG_ID='dag_yellow_cab' AIRFLOW_CTX_TASK_ID='load_data' AIRFLOW_CTX_EXECUTION_DATE='2024-05-01T00:00:00+00:00' AIRFLOW_CTX_TRY_NUMBER='1' AIRFLOW_CTX_DAG_RUN_ID='scheduled__2024-05-01T00:00:00+00:00'
[2024-05-02T00:00:04.290+0000] {taskinstance.py:430} INFO - ::endgroup::
[2024-05-02T00:00:04.304+0000] {scripts.py:39} INFO - starting upload to DB
[2024-05-02T00:00:04.304+0000] {scripts.py:44} INFO - DB upload completed
[2024-05-02T00:00:04.305+0000] {python.py:237} INFO - Done. Returned value was: None
[2024-05-02T00:00:04.305+0000] {taskinstance.py:441} INFO - ::group::Post task execution logs
[2024-05-02T00:00:04.314+0000] {taskinstance.py:1205} INFO - Marking task as SUCCESS. dag_id=dag_yellow_cab, task_id=load_data, execution_date=20240501T000000, start_date=20240502T000004, end_date=20240502T000004
[2024-05-02T00:00:04.348+0000] {local_task_job_runner.py:240} INFO - Task exited with return code 0
[2024-05-02T00:00:04.370+0000] {taskinstance.py:3482} INFO - 1 downstream tasks scheduled from follow-on schedule check
[2024-05-02T00:00:04.372+0000] {local_task_job_runner.py:222} INFO - ::endgroup::
