[2024-05-01T23:00:45.172+0000] {local_task_job_runner.py:120} INFO - ::group::Pre task execution logs
[2024-05-01T23:00:45.192+0000] {taskinstance.py:2073} INFO - Dependencies all met for dep_context=non-requeueable deps ti=<TaskInstance: dag_yellow_cab.load_data manual__2024-05-01T23:00:41.510035+00:00 [queued]>
[2024-05-01T23:00:45.200+0000] {taskinstance.py:2073} INFO - Dependencies all met for dep_context=requeueable deps ti=<TaskInstance: dag_yellow_cab.load_data manual__2024-05-01T23:00:41.510035+00:00 [queued]>
[2024-05-01T23:00:45.200+0000] {taskinstance.py:2303} INFO - Starting attempt 1 of 1
[2024-05-01T23:00:45.215+0000] {taskinstance.py:2327} INFO - Executing <Task(PythonOperator): load_data> on 2024-05-01 23:00:41.510035+00:00
[2024-05-01T23:00:45.220+0000] {warnings.py:110} WARNING - /home/***/.local/lib/python3.12/site-packages/***/task/task_runner/standard_task_runner.py:61: DeprecationWarning: This process (pid=200) is multi-threaded, use of fork() may lead to deadlocks in the child.
  pid = os.fork()

[2024-05-01T23:00:45.222+0000] {standard_task_runner.py:63} INFO - Started process 202 to run task
[2024-05-01T23:00:45.222+0000] {standard_task_runner.py:90} INFO - Running: ['***', 'tasks', 'run', 'dag_yellow_cab', 'load_data', 'manual__2024-05-01T23:00:41.510035+00:00', '--job-id', '9', '--raw', '--subdir', 'DAGS_FOLDER/dag.py', '--cfg-path', '/tmp/tmpyjc1pguc']
[2024-05-01T23:00:45.225+0000] {standard_task_runner.py:91} INFO - Job 9: Subtask load_data
[2024-05-01T23:00:45.268+0000] {task_command.py:426} INFO - Running <TaskInstance: dag_yellow_cab.load_data manual__2024-05-01T23:00:41.510035+00:00 [running]> on host e4515e05b162
[2024-05-01T23:00:45.356+0000] {taskinstance.py:2644} INFO - Exporting env vars: AIRFLOW_CTX_DAG_OWNER='***' AIRFLOW_CTX_DAG_ID='dag_yellow_cab' AIRFLOW_CTX_TASK_ID='load_data' AIRFLOW_CTX_EXECUTION_DATE='2024-05-01T23:00:41.510035+00:00' AIRFLOW_CTX_TRY_NUMBER='1' AIRFLOW_CTX_DAG_RUN_ID='manual__2024-05-01T23:00:41.510035+00:00'
[2024-05-01T23:00:45.357+0000] {taskinstance.py:430} INFO - ::endgroup::
[2024-05-01T23:00:45.371+0000] {scripts.py:39} INFO - starting upload to DB
[2024-05-01T23:00:45.372+0000] {scripts.py:44} INFO - DB upload completed
[2024-05-01T23:00:45.373+0000] {python.py:237} INFO - Done. Returned value was: None
[2024-05-01T23:00:45.374+0000] {taskinstance.py:441} INFO - ::group::Post task execution logs
[2024-05-01T23:00:45.385+0000] {taskinstance.py:1205} INFO - Marking task as SUCCESS. dag_id=dag_yellow_cab, task_id=load_data, execution_date=20240501T230041, start_date=20240501T230045, end_date=20240501T230045
[2024-05-01T23:00:45.404+0000] {local_task_job_runner.py:240} INFO - Task exited with return code 0
[2024-05-01T23:00:45.426+0000] {taskinstance.py:3482} INFO - 1 downstream tasks scheduled from follow-on schedule check
[2024-05-01T23:00:45.428+0000] {local_task_job_runner.py:222} INFO - ::endgroup::
