[2024-04-29T02:01:28.357+0000] {local_task_job_runner.py:120} INFO - ::group::Pre task execution logs
[2024-04-29T02:01:28.375+0000] {taskinstance.py:2073} INFO - Dependencies all met for dep_context=non-requeueable deps ti=<TaskInstance: dag_yellow_cab.download_file manual__2024-04-29T02:01:22.852905+00:00 [queued]>
[2024-04-29T02:01:28.382+0000] {taskinstance.py:2073} INFO - Dependencies all met for dep_context=requeueable deps ti=<TaskInstance: dag_yellow_cab.download_file manual__2024-04-29T02:01:22.852905+00:00 [queued]>
[2024-04-29T02:01:28.383+0000] {taskinstance.py:2303} INFO - Starting attempt 1 of 1
[2024-04-29T02:01:28.394+0000] {taskinstance.py:2327} INFO - Executing <Task(PythonOperator): download_file> on 2024-04-29 02:01:22.852905+00:00
[2024-04-29T02:01:28.402+0000] {warnings.py:110} WARNING - /home/***/.local/lib/python3.12/site-packages/***/task/task_runner/standard_task_runner.py:61: DeprecationWarning: This process (pid=92) is multi-threaded, use of fork() may lead to deadlocks in the child.
  pid = os.fork()

[2024-04-29T02:01:28.403+0000] {standard_task_runner.py:63} INFO - Started process 94 to run task
[2024-04-29T02:01:28.403+0000] {standard_task_runner.py:90} INFO - Running: ['***', 'tasks', 'run', 'dag_yellow_cab', 'download_file', 'manual__2024-04-29T02:01:22.852905+00:00', '--job-id', '65', '--raw', '--subdir', 'DAGS_FOLDER/data_pipeline_cab.py', '--cfg-path', '/tmp/tmpfmb3leej']
[2024-04-29T02:01:28.413+0000] {standard_task_runner.py:91} INFO - Job 65: Subtask download_file
[2024-04-29T02:01:28.565+0000] {task_command.py:426} INFO - Running <TaskInstance: dag_yellow_cab.download_file manual__2024-04-29T02:01:22.852905+00:00 [running]> on host b97262715cd8
[2024-04-29T02:01:28.833+0000] {taskinstance.py:2644} INFO - Exporting env vars: AIRFLOW_CTX_DAG_OWNER='***' AIRFLOW_CTX_DAG_ID='dag_yellow_cab' AIRFLOW_CTX_TASK_ID='download_file' AIRFLOW_CTX_EXECUTION_DATE='2024-04-29T02:01:22.852905+00:00' AIRFLOW_CTX_TRY_NUMBER='1' AIRFLOW_CTX_DAG_RUN_ID='manual__2024-04-29T02:01:22.852905+00:00'
[2024-04-29T02:01:28.835+0000] {taskinstance.py:430} INFO - ::endgroup::
[2024-04-29T02:01:28.911+0000] {_universal.py:514} INFO - Request URL: 'https://azureyellowcab.blob.core.windows.net/cabfiles?restype=REDACTED&comp=REDACTED'
Request method: 'GET'
Request headers:
    'x-ms-version': 'REDACTED'
    'Accept': 'application/xml'
    'User-Agent': 'azsdk-python-storage-blob/12.19.1 Python/3.12.2 (Linux-6.6.22-linuxkit-x86_64-with-glibc2.36)'
    'x-ms-date': 'REDACTED'
    'x-ms-client-request-id': '647bb3b8-05cc-11ef-b8c1-0242c0a85006'
    'Authorization': 'REDACTED'
No body was attached to the request
[2024-04-29T02:01:29.433+0000] {_universal.py:550} INFO - Response status: 200
Response headers:
    'Transfer-Encoding': 'chunked'
    'Content-Type': 'application/xml'
    'Server': 'Windows-Azure-Blob/1.0 Microsoft-HTTPAPI/2.0'
    'x-ms-request-id': 'db2d5946-601e-003d-46d9-99be84000000'
    'x-ms-client-request-id': '647bb3b8-05cc-11ef-b8c1-0242c0a85006'
    'x-ms-version': 'REDACTED'
    'Date': 'Mon, 29 Apr 2024 02:01:28 GMT'
[2024-04-29T02:01:29.437+0000] {python.py:237} INFO - Done. Returned value was: None
[2024-04-29T02:01:29.438+0000] {taskinstance.py:441} INFO - ::group::Post task execution logs
[2024-04-29T02:01:29.448+0000] {taskinstance.py:1205} INFO - Marking task as SUCCESS. dag_id=dag_yellow_cab, task_id=download_file, execution_date=20240429T020122, start_date=20240429T020128, end_date=20240429T020129
[2024-04-29T02:01:29.493+0000] {local_task_job_runner.py:240} INFO - Task exited with return code 0
[2024-04-29T02:01:29.533+0000] {warnings.py:110} WARNING - /home/***/.local/lib/python3.12/site-packages/***/models/baseoperator.py:1296: AirflowProviderDeprecationWarning: Call to deprecated class SnowflakeOperator. (This class is deprecated. Please use `***.providers.common.sql.operators.sql.SQLExecuteQueryOperator`. Also, you can provide `hook_params={'warehouse': <warehouse>, 'database': <database>, 'role': <role>, 'schema': <schema>, 'authenticator': <authenticator>,'session_parameters': <session_parameters>}`.)
  result = cls.__new__(cls)

[2024-04-29T02:01:29.550+0000] {taskinstance.py:3482} INFO - 0 downstream tasks scheduled from follow-on schedule check
[2024-04-29T02:01:29.552+0000] {local_task_job_runner.py:222} INFO - ::endgroup::
