[2024-04-30T05:45:40.686+0000] {local_task_job_runner.py:120} INFO - ::group::Pre task execution logs
[2024-04-30T05:45:40.720+0000] {taskinstance.py:2073} INFO - Dependencies all met for dep_context=non-requeueable deps ti=<TaskInstance: dag_yellow_cab.request_file manual__2024-04-30T05:45:34.955082+00:00 [queued]>
[2024-04-30T05:45:40.729+0000] {taskinstance.py:2073} INFO - Dependencies all met for dep_context=requeueable deps ti=<TaskInstance: dag_yellow_cab.request_file manual__2024-04-30T05:45:34.955082+00:00 [queued]>
[2024-04-30T05:45:40.730+0000] {taskinstance.py:2303} INFO - Starting attempt 1 of 1
[2024-04-30T05:45:40.747+0000] {taskinstance.py:2327} INFO - Executing <Task(PythonOperator): request_file> on 2024-04-30 05:45:34.955082+00:00
[2024-04-30T05:45:40.762+0000] {warnings.py:110} WARNING - /home/***/.local/lib/python3.12/site-packages/***/task/task_runner/standard_task_runner.py:61: DeprecationWarning: This process (pid=92) is multi-threaded, use of fork() may lead to deadlocks in the child.
  pid = os.fork()

[2024-04-30T05:45:40.762+0000] {standard_task_runner.py:90} INFO - Running: ['***', 'tasks', 'run', 'dag_yellow_cab', 'request_file', 'manual__2024-04-30T05:45:34.955082+00:00', '--job-id', '191', '--raw', '--subdir', 'DAGS_FOLDER/dag.py', '--cfg-path', '/tmp/tmpy9l8qt5m']
[2024-04-30T05:45:40.799+0000] {standard_task_runner.py:63} INFO - Started process 94 to run task
[2024-04-30T05:45:40.799+0000] {standard_task_runner.py:91} INFO - Job 191: Subtask request_file
[2024-04-30T05:45:40.983+0000] {task_command.py:426} INFO - Running <TaskInstance: dag_yellow_cab.request_file manual__2024-04-30T05:45:34.955082+00:00 [running]> on host 8b8822eba36f
[2024-04-30T05:45:41.152+0000] {taskinstance.py:2644} INFO - Exporting env vars: AIRFLOW_CTX_DAG_OWNER='***' AIRFLOW_CTX_DAG_ID='dag_yellow_cab' AIRFLOW_CTX_TASK_ID='request_file' AIRFLOW_CTX_EXECUTION_DATE='2024-04-30T05:45:34.955082+00:00' AIRFLOW_CTX_TRY_NUMBER='1' AIRFLOW_CTX_DAG_RUN_ID='manual__2024-04-30T05:45:34.955082+00:00'
[2024-04-30T05:45:41.162+0000] {taskinstance.py:430} INFO - ::endgroup::
[2024-04-30T05:45:41.262+0000] {_universal.py:514} INFO - Request URL: 'https://azureyellowcab.blob.core.windows.net/cabfiles?restype=REDACTED&comp=REDACTED'
Request method: 'GET'
Request headers:
    'x-ms-version': 'REDACTED'
    'Accept': 'application/xml'
    'User-Agent': 'azsdk-python-storage-blob/12.19.1 Python/3.12.2 (Linux-6.6.22-linuxkit-x86_64-with-glibc2.36)'
    'x-ms-date': 'REDACTED'
    'x-ms-client-request-id': 'e11f4900-06b4-11ef-92f5-0242c0a83006'
    'Authorization': 'REDACTED'
No body was attached to the request
[2024-04-30T05:45:41.889+0000] {_universal.py:550} INFO - Response status: 200
Response headers:
    'Transfer-Encoding': 'chunked'
    'Content-Type': 'application/xml'
    'Server': 'Windows-Azure-Blob/1.0 Microsoft-HTTPAPI/2.0'
    'x-ms-request-id': '1ed75d21-801e-001a-78c1-9aa940000000'
    'x-ms-client-request-id': 'e11f4900-06b4-11ef-92f5-0242c0a83006'
    'x-ms-version': 'REDACTED'
    'Date': 'Tue, 30 Apr 2024 05:45:41 GMT'
[2024-04-30T05:45:41.925+0000] {_universal.py:514} INFO - Request URL: 'https://azureyellowcab.blob.core.windows.net/cabfiles/yellow_tripdata_2011-02.parquet'
Request method: 'GET'
Request headers:
    'x-ms-range': 'REDACTED'
    'x-ms-version': 'REDACTED'
    'Accept': 'application/xml'
    'User-Agent': 'azsdk-python-storage-blob/12.19.1 Python/3.12.2 (Linux-6.6.22-linuxkit-x86_64-with-glibc2.36)'
    'x-ms-date': 'REDACTED'
    'x-ms-client-request-id': 'e1850d26-06b4-11ef-92f5-0242c0a83006'
    'Authorization': 'REDACTED'
No body was attached to the request
[2024-04-30T05:45:42.053+0000] {_universal.py:550} INFO - Response status: 206
Response headers:
    'Content-Length': '33554432'
    'Content-Type': 'application/octet-stream'
    'Content-Range': 'REDACTED'
    'Last-Modified': 'Tue, 30 Apr 2024 04:47:12 GMT'
    'Accept-Ranges': 'REDACTED'
    'ETag': '"0x8DC68D099B8E3CA"'
    'Server': 'Windows-Azure-Blob/1.0 Microsoft-HTTPAPI/2.0'
    'x-ms-request-id': '1ed75db1-801e-001a-57c1-9aa940000000'
    'x-ms-client-request-id': 'e1850d26-06b4-11ef-92f5-0242c0a83006'
    'x-ms-version': 'REDACTED'
    'x-ms-creation-time': 'REDACTED'
    'x-ms-lease-status': 'REDACTED'
    'x-ms-lease-state': 'REDACTED'
    'x-ms-blob-type': 'REDACTED'
    'x-ms-server-encrypted': 'REDACTED'
    'Date': 'Tue, 30 Apr 2024 05:45:41 GMT'
[2024-04-30T05:45:46.984+0000] {_universal.py:514} INFO - Request URL: 'https://azureyellowcab.blob.core.windows.net/cabfiles/yellow_tripdata_2011-02.parquet'
Request method: 'GET'
Request headers:
    'x-ms-range': 'REDACTED'
    'If-Match': '"0x8DC68D099B8E3CA"'
    'x-ms-version': 'REDACTED'
    'Accept': 'application/xml'
    'User-Agent': 'azsdk-python-storage-blob/12.19.1 Python/3.12.2 (Linux-6.6.22-linuxkit-x86_64-with-glibc2.36)'
    'x-ms-date': 'REDACTED'
    'x-ms-client-request-id': 'e48906e4-06b4-11ef-92f5-0242c0a83006'
    'Authorization': 'REDACTED'
No body was attached to the request
[2024-04-30T05:45:47.124+0000] {_universal.py:550} INFO - Response status: 206
Response headers:
    'Content-Length': '4194304'
    'Content-Type': 'application/octet-stream'
    'Content-Range': 'REDACTED'
    'Last-Modified': 'Tue, 30 Apr 2024 04:47:12 GMT'
    'Accept-Ranges': 'REDACTED'
    'ETag': '"0x8DC68D099B8E3CA"'
    'Server': 'Windows-Azure-Blob/1.0 Microsoft-HTTPAPI/2.0'
    'x-ms-request-id': '1ed77a47-801e-001a-60c1-9aa940000000'
    'x-ms-client-request-id': 'e48906e4-06b4-11ef-92f5-0242c0a83006'
    'x-ms-version': 'REDACTED'
    'x-ms-creation-time': 'REDACTED'
    'x-ms-lease-status': 'REDACTED'
    'x-ms-lease-state': 'REDACTED'
    'x-ms-blob-type': 'REDACTED'
    'x-ms-server-encrypted': 'REDACTED'
    'Date': 'Tue, 30 Apr 2024 05:45:46 GMT'
[2024-04-30T05:45:47.658+0000] {_universal.py:514} INFO - Request URL: 'https://azureyellowcab.blob.core.windows.net/cabfiles/yellow_tripdata_2011-02.parquet'
Request method: 'GET'
Request headers:
    'x-ms-range': 'REDACTED'
    'If-Match': '"0x8DC68D099B8E3CA"'
    'x-ms-version': 'REDACTED'
    'Accept': 'application/xml'
    'User-Agent': 'azsdk-python-storage-blob/12.19.1 Python/3.12.2 (Linux-6.6.22-linuxkit-x86_64-with-glibc2.36)'
    'x-ms-date': 'REDACTED'
    'x-ms-client-request-id': 'e4efd842-06b4-11ef-92f5-0242c0a83006'
    'Authorization': 'REDACTED'
No body was attached to the request
[2024-04-30T05:45:47.791+0000] {_universal.py:550} INFO - Response status: 206
Response headers:
    'Content-Length': '4194304'
    'Content-Type': 'application/octet-stream'
    'Content-Range': 'REDACTED'
    'Last-Modified': 'Tue, 30 Apr 2024 04:47:12 GMT'
    'Accept-Ranges': 'REDACTED'
    'ETag': '"0x8DC68D099B8E3CA"'
    'Server': 'Windows-Azure-Blob/1.0 Microsoft-HTTPAPI/2.0'
    'x-ms-request-id': '1ed77e55-801e-001a-69c1-9aa940000000'
    'x-ms-client-request-id': 'e4efd842-06b4-11ef-92f5-0242c0a83006'
    'x-ms-version': 'REDACTED'
    'x-ms-creation-time': 'REDACTED'
    'x-ms-lease-status': 'REDACTED'
    'x-ms-lease-state': 'REDACTED'
    'x-ms-blob-type': 'REDACTED'
    'x-ms-server-encrypted': 'REDACTED'
    'Date': 'Tue, 30 Apr 2024 05:45:47 GMT'
[2024-04-30T05:45:48.305+0000] {_universal.py:514} INFO - Request URL: 'https://azureyellowcab.blob.core.windows.net/cabfiles/yellow_tripdata_2011-02.parquet'
Request method: 'GET'
Request headers:
    'x-ms-range': 'REDACTED'
    'If-Match': '"0x8DC68D099B8E3CA"'
    'x-ms-version': 'REDACTED'
    'Accept': 'application/xml'
    'User-Agent': 'azsdk-python-storage-blob/12.19.1 Python/3.12.2 (Linux-6.6.22-linuxkit-x86_64-with-glibc2.36)'
    'x-ms-date': 'REDACTED'
    'x-ms-client-request-id': 'e5527f74-06b4-11ef-92f5-0242c0a83006'
    'Authorization': 'REDACTED'
No body was attached to the request
[2024-04-30T05:45:48.453+0000] {_universal.py:550} INFO - Response status: 206
Response headers:
    'Content-Length': '4194304'
    'Content-Type': 'application/octet-stream'
    'Content-Range': 'REDACTED'
    'Last-Modified': 'Tue, 30 Apr 2024 04:47:12 GMT'
    'Accept-Ranges': 'REDACTED'
    'ETag': '"0x8DC68D099B8E3CA"'
    'Server': 'Windows-Azure-Blob/1.0 Microsoft-HTTPAPI/2.0'
    'x-ms-request-id': '1ed781e3-801e-001a-30c1-9aa940000000'
    'x-ms-client-request-id': 'e5527f74-06b4-11ef-92f5-0242c0a83006'
    'x-ms-version': 'REDACTED'
    'x-ms-creation-time': 'REDACTED'
    'x-ms-lease-status': 'REDACTED'
    'x-ms-lease-state': 'REDACTED'
    'x-ms-blob-type': 'REDACTED'
    'x-ms-server-encrypted': 'REDACTED'
    'Date': 'Tue, 30 Apr 2024 05:45:48 GMT'
[2024-04-30T05:45:48.938+0000] {_universal.py:514} INFO - Request URL: 'https://azureyellowcab.blob.core.windows.net/cabfiles/yellow_tripdata_2011-02.parquet'
Request method: 'GET'
Request headers:
    'x-ms-range': 'REDACTED'
    'If-Match': '"0x8DC68D099B8E3CA"'
    'x-ms-version': 'REDACTED'
    'Accept': 'application/xml'
    'User-Agent': 'azsdk-python-storage-blob/12.19.1 Python/3.12.2 (Linux-6.6.22-linuxkit-x86_64-with-glibc2.36)'
    'x-ms-date': 'REDACTED'
    'x-ms-client-request-id': 'e5b31028-06b4-11ef-92f5-0242c0a83006'
    'Authorization': 'REDACTED'
No body was attached to the request
[2024-04-30T05:45:49.064+0000] {_universal.py:550} INFO - Response status: 206
Response headers:
    'Content-Length': '4194304'
    'Content-Type': 'application/octet-stream'
    'Content-Range': 'REDACTED'
    'Last-Modified': 'Tue, 30 Apr 2024 04:47:12 GMT'
    'Accept-Ranges': 'REDACTED'
    'ETag': '"0x8DC68D099B8E3CA"'
    'Server': 'Windows-Azure-Blob/1.0 Microsoft-HTTPAPI/2.0'
    'x-ms-request-id': '1ed78555-801e-001a-52c1-9aa940000000'
    'x-ms-client-request-id': 'e5b31028-06b4-11ef-92f5-0242c0a83006'
    'x-ms-version': 'REDACTED'
    'x-ms-creation-time': 'REDACTED'
    'x-ms-lease-status': 'REDACTED'
    'x-ms-lease-state': 'REDACTED'
    'x-ms-blob-type': 'REDACTED'
    'x-ms-server-encrypted': 'REDACTED'
    'Date': 'Tue, 30 Apr 2024 05:45:48 GMT'
[2024-04-30T05:45:49.545+0000] {_universal.py:514} INFO - Request URL: 'https://azureyellowcab.blob.core.windows.net/cabfiles/yellow_tripdata_2011-02.parquet'
Request method: 'GET'
Request headers:
    'x-ms-range': 'REDACTED'
    'If-Match': '"0x8DC68D099B8E3CA"'
    'x-ms-version': 'REDACTED'
    'Accept': 'application/xml'
    'User-Agent': 'azsdk-python-storage-blob/12.19.1 Python/3.12.2 (Linux-6.6.22-linuxkit-x86_64-with-glibc2.36)'
    'x-ms-date': 'REDACTED'
    'x-ms-client-request-id': 'e60fc1ce-06b4-11ef-92f5-0242c0a83006'
    'Authorization': 'REDACTED'
No body was attached to the request
[2024-04-30T05:45:49.685+0000] {_universal.py:550} INFO - Response status: 206
Response headers:
    'Content-Length': '4194304'
    'Content-Type': 'application/octet-stream'
    'Content-Range': 'REDACTED'
    'Last-Modified': 'Tue, 30 Apr 2024 04:47:12 GMT'
    'Accept-Ranges': 'REDACTED'
    'ETag': '"0x8DC68D099B8E3CA"'
    'Server': 'Windows-Azure-Blob/1.0 Microsoft-HTTPAPI/2.0'
    'x-ms-request-id': '1ed787b5-801e-001a-76c1-9aa940000000'
    'x-ms-client-request-id': 'e60fc1ce-06b4-11ef-92f5-0242c0a83006'
    'x-ms-version': 'REDACTED'
    'x-ms-creation-time': 'REDACTED'
    'x-ms-lease-status': 'REDACTED'
    'x-ms-lease-state': 'REDACTED'
    'x-ms-blob-type': 'REDACTED'
    'x-ms-server-encrypted': 'REDACTED'
    'Date': 'Tue, 30 Apr 2024 05:45:49 GMT'
[2024-04-30T05:45:50.318+0000] {_universal.py:514} INFO - Request URL: 'https://azureyellowcab.blob.core.windows.net/cabfiles/yellow_tripdata_2011-02.parquet'
Request method: 'GET'
Request headers:
    'x-ms-range': 'REDACTED'
    'If-Match': '"0x8DC68D099B8E3CA"'
    'x-ms-version': 'REDACTED'
    'Accept': 'application/xml'
    'User-Agent': 'azsdk-python-storage-blob/12.19.1 Python/3.12.2 (Linux-6.6.22-linuxkit-x86_64-with-glibc2.36)'
    'x-ms-date': 'REDACTED'
    'x-ms-client-request-id': 'e685c0e0-06b4-11ef-92f5-0242c0a83006'
    'Authorization': 'REDACTED'
No body was attached to the request
[2024-04-30T05:45:50.444+0000] {_universal.py:550} INFO - Response status: 206
Response headers:
    'Content-Length': '4194304'
    'Content-Type': 'application/octet-stream'
    'Content-Range': 'REDACTED'
    'Last-Modified': 'Tue, 30 Apr 2024 04:47:12 GMT'
    'Accept-Ranges': 'REDACTED'
    'ETag': '"0x8DC68D099B8E3CA"'
    'Server': 'Windows-Azure-Blob/1.0 Microsoft-HTTPAPI/2.0'
    'x-ms-request-id': '1ed78a8f-801e-001a-57c1-9aa940000000'
    'x-ms-client-request-id': 'e685c0e0-06b4-11ef-92f5-0242c0a83006'
    'x-ms-version': 'REDACTED'
    'x-ms-creation-time': 'REDACTED'
    'x-ms-lease-status': 'REDACTED'
    'x-ms-lease-state': 'REDACTED'
    'x-ms-blob-type': 'REDACTED'
    'x-ms-server-encrypted': 'REDACTED'
    'Date': 'Tue, 30 Apr 2024 05:45:50 GMT'
[2024-04-30T05:45:51.062+0000] {_universal.py:514} INFO - Request URL: 'https://azureyellowcab.blob.core.windows.net/cabfiles/yellow_tripdata_2011-02.parquet'
Request method: 'GET'
Request headers:
    'x-ms-range': 'REDACTED'
    'If-Match': '"0x8DC68D099B8E3CA"'
    'x-ms-version': 'REDACTED'
    'Accept': 'application/xml'
    'User-Agent': 'azsdk-python-storage-blob/12.19.1 Python/3.12.2 (Linux-6.6.22-linuxkit-x86_64-with-glibc2.36)'
    'x-ms-date': 'REDACTED'
    'x-ms-client-request-id': 'e6f73842-06b4-11ef-92f5-0242c0a83006'
    'Authorization': 'REDACTED'
No body was attached to the request
[2024-04-30T05:45:51.182+0000] {_universal.py:550} INFO - Response status: 206
Response headers:
    'Content-Length': '4194304'
    'Content-Type': 'application/octet-stream'
    'Content-Range': 'REDACTED'
    'Last-Modified': 'Tue, 30 Apr 2024 04:47:12 GMT'
    'Accept-Ranges': 'REDACTED'
    'ETag': '"0x8DC68D099B8E3CA"'
    'Server': 'Windows-Azure-Blob/1.0 Microsoft-HTTPAPI/2.0'
    'x-ms-request-id': '1ed78dfa-801e-001a-30c1-9aa940000000'
    'x-ms-client-request-id': 'e6f73842-06b4-11ef-92f5-0242c0a83006'
    'x-ms-version': 'REDACTED'
    'x-ms-creation-time': 'REDACTED'
    'x-ms-lease-status': 'REDACTED'
    'x-ms-lease-state': 'REDACTED'
    'x-ms-blob-type': 'REDACTED'
    'x-ms-server-encrypted': 'REDACTED'
    'Date': 'Tue, 30 Apr 2024 05:45:50 GMT'
[2024-04-30T05:45:51.760+0000] {_universal.py:514} INFO - Request URL: 'https://azureyellowcab.blob.core.windows.net/cabfiles/yellow_tripdata_2011-02.parquet'
Request method: 'GET'
Request headers:
    'x-ms-range': 'REDACTED'
    'If-Match': '"0x8DC68D099B8E3CA"'
    'x-ms-version': 'REDACTED'
    'Accept': 'application/xml'
    'User-Agent': 'azsdk-python-storage-blob/12.19.1 Python/3.12.2 (Linux-6.6.22-linuxkit-x86_64-with-glibc2.36)'
    'x-ms-date': 'REDACTED'
    'x-ms-client-request-id': 'e761ae5c-06b4-11ef-92f5-0242c0a83006'
    'Authorization': 'REDACTED'
No body was attached to the request
[2024-04-30T05:45:51.883+0000] {_universal.py:550} INFO - Response status: 206
Response headers:
    'Content-Length': '4194304'
    'Content-Type': 'application/octet-stream'
    'Content-Range': 'REDACTED'
    'Last-Modified': 'Tue, 30 Apr 2024 04:47:12 GMT'
    'Accept-Ranges': 'REDACTED'
    'ETag': '"0x8DC68D099B8E3CA"'
    'Server': 'Windows-Azure-Blob/1.0 Microsoft-HTTPAPI/2.0'
    'x-ms-request-id': '1ed790fe-801e-001a-08c1-9aa940000000'
    'x-ms-client-request-id': 'e761ae5c-06b4-11ef-92f5-0242c0a83006'
    'x-ms-version': 'REDACTED'
    'x-ms-creation-time': 'REDACTED'
    'x-ms-lease-status': 'REDACTED'
    'x-ms-lease-state': 'REDACTED'
    'x-ms-blob-type': 'REDACTED'
    'x-ms-server-encrypted': 'REDACTED'
    'Date': 'Tue, 30 Apr 2024 05:45:51 GMT'
[2024-04-30T05:45:52.471+0000] {_universal.py:514} INFO - Request URL: 'https://azureyellowcab.blob.core.windows.net/cabfiles/yellow_tripdata_2011-02.parquet'
Request method: 'GET'
Request headers:
    'x-ms-range': 'REDACTED'
    'If-Match': '"0x8DC68D099B8E3CA"'
    'x-ms-version': 'REDACTED'
    'Accept': 'application/xml'
    'User-Agent': 'azsdk-python-storage-blob/12.19.1 Python/3.12.2 (Linux-6.6.22-linuxkit-x86_64-with-glibc2.36)'
    'x-ms-date': 'REDACTED'
    'x-ms-client-request-id': 'e7ce4a58-06b4-11ef-92f5-0242c0a83006'
    'Authorization': 'REDACTED'
No body was attached to the request
[2024-04-30T05:45:52.569+0000] {_universal.py:550} INFO - Response status: 206
Response headers:
    'Content-Length': '4194304'
    'Content-Type': 'application/octet-stream'
    'Content-Range': 'REDACTED'
    'Last-Modified': 'Tue, 30 Apr 2024 04:47:12 GMT'
    'Accept-Ranges': 'REDACTED'
    'ETag': '"0x8DC68D099B8E3CA"'
    'Server': 'Windows-Azure-Blob/1.0 Microsoft-HTTPAPI/2.0'
    'x-ms-request-id': '1ed7936b-801e-001a-09c1-9aa940000000'
    'x-ms-client-request-id': 'e7ce4a58-06b4-11ef-92f5-0242c0a83006'
    'x-ms-version': 'REDACTED'
    'x-ms-creation-time': 'REDACTED'
    'x-ms-lease-status': 'REDACTED'
    'x-ms-lease-state': 'REDACTED'
    'x-ms-blob-type': 'REDACTED'
    'x-ms-server-encrypted': 'REDACTED'
    'Date': 'Tue, 30 Apr 2024 05:45:52 GMT'
[2024-04-30T05:45:53.169+0000] {_universal.py:514} INFO - Request URL: 'https://azureyellowcab.blob.core.windows.net/cabfiles/yellow_tripdata_2011-02.parquet'
Request method: 'GET'
Request headers:
    'x-ms-range': 'REDACTED'
    'If-Match': '"0x8DC68D099B8E3CA"'
    'x-ms-version': 'REDACTED'
    'Accept': 'application/xml'
    'User-Agent': 'azsdk-python-storage-blob/12.19.1 Python/3.12.2 (Linux-6.6.22-linuxkit-x86_64-with-glibc2.36)'
    'x-ms-date': 'REDACTED'
    'x-ms-client-request-id': 'e838b8ca-06b4-11ef-92f5-0242c0a83006'
    'Authorization': 'REDACTED'
No body was attached to the request
[2024-04-30T05:45:53.278+0000] {_universal.py:550} INFO - Response status: 206
Response headers:
    'Content-Length': '4194304'
    'Content-Type': 'application/octet-stream'
    'Content-Range': 'REDACTED'
    'Last-Modified': 'Tue, 30 Apr 2024 04:47:12 GMT'
    'Accept-Ranges': 'REDACTED'
    'ETag': '"0x8DC68D099B8E3CA"'
    'Server': 'Windows-Azure-Blob/1.0 Microsoft-HTTPAPI/2.0'
    'x-ms-request-id': '1ed79607-801e-001a-08c1-9aa940000000'
    'x-ms-client-request-id': 'e838b8ca-06b4-11ef-92f5-0242c0a83006'
    'x-ms-version': 'REDACTED'
    'x-ms-creation-time': 'REDACTED'
    'x-ms-lease-status': 'REDACTED'
    'x-ms-lease-state': 'REDACTED'
    'x-ms-blob-type': 'REDACTED'
    'x-ms-server-encrypted': 'REDACTED'
    'Date': 'Tue, 30 Apr 2024 05:45:52 GMT'
[2024-04-30T05:45:53.863+0000] {_universal.py:514} INFO - Request URL: 'https://azureyellowcab.blob.core.windows.net/cabfiles/yellow_tripdata_2011-02.parquet'
Request method: 'GET'
Request headers:
    'x-ms-range': 'REDACTED'
    'If-Match': '"0x8DC68D099B8E3CA"'
    'x-ms-version': 'REDACTED'
    'Accept': 'application/xml'
    'User-Agent': 'azsdk-python-storage-blob/12.19.1 Python/3.12.2 (Linux-6.6.22-linuxkit-x86_64-with-glibc2.36)'
    'x-ms-date': 'REDACTED'
    'x-ms-client-request-id': 'e8a2af5a-06b4-11ef-92f5-0242c0a83006'
    'Authorization': 'REDACTED'
No body was attached to the request
[2024-04-30T05:45:53.995+0000] {_universal.py:550} INFO - Response status: 206
Response headers:
    'Content-Length': '4194304'
    'Content-Type': 'application/octet-stream'
    'Content-Range': 'REDACTED'
    'Last-Modified': 'Tue, 30 Apr 2024 04:47:12 GMT'
    'Accept-Ranges': 'REDACTED'
    'ETag': '"0x8DC68D099B8E3CA"'
    'Server': 'Windows-Azure-Blob/1.0 Microsoft-HTTPAPI/2.0'
    'x-ms-request-id': '1ed7987b-801e-001a-73c1-9aa940000000'
    'x-ms-client-request-id': 'e8a2af5a-06b4-11ef-92f5-0242c0a83006'
    'x-ms-version': 'REDACTED'
    'x-ms-creation-time': 'REDACTED'
    'x-ms-lease-status': 'REDACTED'
    'x-ms-lease-state': 'REDACTED'
    'x-ms-blob-type': 'REDACTED'
    'x-ms-server-encrypted': 'REDACTED'
    'Date': 'Tue, 30 Apr 2024 05:45:53 GMT'
[2024-04-30T05:45:54.705+0000] {_universal.py:514} INFO - Request URL: 'https://azureyellowcab.blob.core.windows.net/cabfiles/yellow_tripdata_2011-02.parquet'
Request method: 'GET'
Request headers:
    'x-ms-range': 'REDACTED'
    'If-Match': '"0x8DC68D099B8E3CA"'
    'x-ms-version': 'REDACTED'
    'Accept': 'application/xml'
    'User-Agent': 'azsdk-python-storage-blob/12.19.1 Python/3.12.2 (Linux-6.6.22-linuxkit-x86_64-with-glibc2.36)'
    'x-ms-date': 'REDACTED'
    'x-ms-client-request-id': 'e9230998-06b4-11ef-92f5-0242c0a83006'
    'Authorization': 'REDACTED'
No body was attached to the request
[2024-04-30T05:45:54.808+0000] {_universal.py:550} INFO - Response status: 206
Response headers:
    'Content-Length': '4194304'
    'Content-Type': 'application/octet-stream'
    'Content-Range': 'REDACTED'
    'Last-Modified': 'Tue, 30 Apr 2024 04:47:12 GMT'
    'Accept-Ranges': 'REDACTED'
    'ETag': '"0x8DC68D099B8E3CA"'
    'Server': 'Windows-Azure-Blob/1.0 Microsoft-HTTPAPI/2.0'
    'x-ms-request-id': '1ed79ac9-801e-001a-61c1-9aa940000000'
    'x-ms-client-request-id': 'e9230998-06b4-11ef-92f5-0242c0a83006'
    'x-ms-version': 'REDACTED'
    'x-ms-creation-time': 'REDACTED'
    'x-ms-lease-status': 'REDACTED'
    'x-ms-lease-state': 'REDACTED'
    'x-ms-blob-type': 'REDACTED'
    'x-ms-server-encrypted': 'REDACTED'
    'Date': 'Tue, 30 Apr 2024 05:45:54 GMT'
[2024-04-30T05:45:55.339+0000] {_universal.py:514} INFO - Request URL: 'https://azureyellowcab.blob.core.windows.net/cabfiles/yellow_tripdata_2011-02.parquet'
Request method: 'GET'
Request headers:
    'x-ms-range': 'REDACTED'
    'If-Match': '"0x8DC68D099B8E3CA"'
    'x-ms-version': 'REDACTED'
    'Accept': 'application/xml'
    'User-Agent': 'azsdk-python-storage-blob/12.19.1 Python/3.12.2 (Linux-6.6.22-linuxkit-x86_64-with-glibc2.36)'
    'x-ms-date': 'REDACTED'
    'x-ms-client-request-id': 'e983e39e-06b4-11ef-92f5-0242c0a83006'
    'Authorization': 'REDACTED'
No body was attached to the request
[2024-04-30T05:45:55.481+0000] {_universal.py:550} INFO - Response status: 206
Response headers:
    'Content-Length': '4194304'
    'Content-Type': 'application/octet-stream'
    'Content-Range': 'REDACTED'
    'Last-Modified': 'Tue, 30 Apr 2024 04:47:12 GMT'
    'Accept-Ranges': 'REDACTED'
    'ETag': '"0x8DC68D099B8E3CA"'
    'Server': 'Windows-Azure-Blob/1.0 Microsoft-HTTPAPI/2.0'
    'x-ms-request-id': '1ed79c04-801e-001a-6ec1-9aa940000000'
    'x-ms-client-request-id': 'e983e39e-06b4-11ef-92f5-0242c0a83006'
    'x-ms-version': 'REDACTED'
    'x-ms-creation-time': 'REDACTED'
    'x-ms-lease-status': 'REDACTED'
    'x-ms-lease-state': 'REDACTED'
    'x-ms-blob-type': 'REDACTED'
    'x-ms-server-encrypted': 'REDACTED'
    'Date': 'Tue, 30 Apr 2024 05:45:55 GMT'
[2024-04-30T05:45:55.993+0000] {_universal.py:514} INFO - Request URL: 'https://azureyellowcab.blob.core.windows.net/cabfiles/yellow_tripdata_2011-02.parquet'
Request method: 'GET'
Request headers:
    'x-ms-range': 'REDACTED'
    'If-Match': '"0x8DC68D099B8E3CA"'
    'x-ms-version': 'REDACTED'
    'Accept': 'application/xml'
    'User-Agent': 'azsdk-python-storage-blob/12.19.1 Python/3.12.2 (Linux-6.6.22-linuxkit-x86_64-with-glibc2.36)'
    'x-ms-date': 'REDACTED'
    'x-ms-client-request-id': 'e9e7b9a0-06b4-11ef-92f5-0242c0a83006'
    'Authorization': 'REDACTED'
No body was attached to the request
[2024-04-30T05:45:56.096+0000] {_universal.py:550} INFO - Response status: 206
Response headers:
    'Content-Length': '4194304'
    'Content-Type': 'application/octet-stream'
    'Content-Range': 'REDACTED'
    'Last-Modified': 'Tue, 30 Apr 2024 04:47:12 GMT'
    'Accept-Ranges': 'REDACTED'
    'ETag': '"0x8DC68D099B8E3CA"'
    'Server': 'Windows-Azure-Blob/1.0 Microsoft-HTTPAPI/2.0'
    'x-ms-request-id': '1ed79de1-801e-001a-21c1-9aa940000000'
    'x-ms-client-request-id': 'e9e7b9a0-06b4-11ef-92f5-0242c0a83006'
    'x-ms-version': 'REDACTED'
    'x-ms-creation-time': 'REDACTED'
    'x-ms-lease-status': 'REDACTED'
    'x-ms-lease-state': 'REDACTED'
    'x-ms-blob-type': 'REDACTED'
    'x-ms-server-encrypted': 'REDACTED'
    'Date': 'Tue, 30 Apr 2024 05:45:55 GMT'
[2024-04-30T05:45:56.622+0000] {_universal.py:514} INFO - Request URL: 'https://azureyellowcab.blob.core.windows.net/cabfiles/yellow_tripdata_2011-02.parquet'
Request method: 'GET'
Request headers:
    'x-ms-range': 'REDACTED'
    'If-Match': '"0x8DC68D099B8E3CA"'
    'x-ms-version': 'REDACTED'
    'Accept': 'application/xml'
    'User-Agent': 'azsdk-python-storage-blob/12.19.1 Python/3.12.2 (Linux-6.6.22-linuxkit-x86_64-with-glibc2.36)'
    'x-ms-date': 'REDACTED'
    'x-ms-client-request-id': 'ea479834-06b4-11ef-92f5-0242c0a83006'
    'Authorization': 'REDACTED'
No body was attached to the request
[2024-04-30T05:45:56.756+0000] {_universal.py:550} INFO - Response status: 206
Response headers:
    'Content-Length': '4194304'
    'Content-Type': 'application/octet-stream'
    'Content-Range': 'REDACTED'
    'Last-Modified': 'Tue, 30 Apr 2024 04:47:12 GMT'
    'Accept-Ranges': 'REDACTED'
    'ETag': '"0x8DC68D099B8E3CA"'
    'Server': 'Windows-Azure-Blob/1.0 Microsoft-HTTPAPI/2.0'
    'x-ms-request-id': '1ed79f24-801e-001a-3ac1-9aa940000000'
    'x-ms-client-request-id': 'ea479834-06b4-11ef-92f5-0242c0a83006'
    'x-ms-version': 'REDACTED'
    'x-ms-creation-time': 'REDACTED'
    'x-ms-lease-status': 'REDACTED'
    'x-ms-lease-state': 'REDACTED'
    'x-ms-blob-type': 'REDACTED'
    'x-ms-server-encrypted': 'REDACTED'
    'Date': 'Tue, 30 Apr 2024 05:45:56 GMT'
[2024-04-30T05:45:57.317+0000] {_universal.py:514} INFO - Request URL: 'https://azureyellowcab.blob.core.windows.net/cabfiles/yellow_tripdata_2011-02.parquet'
Request method: 'GET'
Request headers:
    'x-ms-range': 'REDACTED'
    'If-Match': '"0x8DC68D099B8E3CA"'
    'x-ms-version': 'REDACTED'
    'Accept': 'application/xml'
    'User-Agent': 'azsdk-python-storage-blob/12.19.1 Python/3.12.2 (Linux-6.6.22-linuxkit-x86_64-with-glibc2.36)'
    'x-ms-date': 'REDACTED'
    'x-ms-client-request-id': 'eab1ad28-06b4-11ef-92f5-0242c0a83006'
    'Authorization': 'REDACTED'
No body was attached to the request
[2024-04-30T05:45:57.491+0000] {_universal.py:550} INFO - Response status: 206
Response headers:
    'Content-Length': '4194304'
    'Content-Type': 'application/octet-stream'
    'Content-Range': 'REDACTED'
    'Last-Modified': 'Tue, 30 Apr 2024 04:47:12 GMT'
    'Accept-Ranges': 'REDACTED'
    'ETag': '"0x8DC68D099B8E3CA"'
    'Server': 'Windows-Azure-Blob/1.0 Microsoft-HTTPAPI/2.0'
    'x-ms-request-id': '1ed7a15c-801e-001a-31c1-9aa940000000'
    'x-ms-client-request-id': 'eab1ad28-06b4-11ef-92f5-0242c0a83006'
    'x-ms-version': 'REDACTED'
    'x-ms-creation-time': 'REDACTED'
    'x-ms-lease-status': 'REDACTED'
    'x-ms-lease-state': 'REDACTED'
    'x-ms-blob-type': 'REDACTED'
    'x-ms-server-encrypted': 'REDACTED'
    'Date': 'Tue, 30 Apr 2024 05:45:57 GMT'
[2024-04-30T05:45:58.001+0000] {_universal.py:514} INFO - Request URL: 'https://azureyellowcab.blob.core.windows.net/cabfiles/yellow_tripdata_2011-02.parquet'
Request method: 'GET'
Request headers:
    'x-ms-range': 'REDACTED'
    'If-Match': '"0x8DC68D099B8E3CA"'
    'x-ms-version': 'REDACTED'
    'Accept': 'application/xml'
    'User-Agent': 'azsdk-python-storage-blob/12.19.1 Python/3.12.2 (Linux-6.6.22-linuxkit-x86_64-with-glibc2.36)'
    'x-ms-date': 'REDACTED'
    'x-ms-client-request-id': 'eb1a1462-06b4-11ef-92f5-0242c0a83006'
    'Authorization': 'REDACTED'
No body was attached to the request
[2024-04-30T05:45:58.174+0000] {_universal.py:550} INFO - Response status: 206
Response headers:
    'Content-Length': '4194304'
    'Content-Type': 'application/octet-stream'
    'Content-Range': 'REDACTED'
    'Last-Modified': 'Tue, 30 Apr 2024 04:47:12 GMT'
    'Accept-Ranges': 'REDACTED'
    'ETag': '"0x8DC68D099B8E3CA"'
    'Server': 'Windows-Azure-Blob/1.0 Microsoft-HTTPAPI/2.0'
    'x-ms-request-id': '1ed7a341-801e-001a-58c1-9aa940000000'
    'x-ms-client-request-id': 'eb1a1462-06b4-11ef-92f5-0242c0a83006'
    'x-ms-version': 'REDACTED'
    'x-ms-creation-time': 'REDACTED'
    'x-ms-lease-status': 'REDACTED'
    'x-ms-lease-state': 'REDACTED'
    'x-ms-blob-type': 'REDACTED'
    'x-ms-server-encrypted': 'REDACTED'
    'Date': 'Tue, 30 Apr 2024 05:45:57 GMT'
[2024-04-30T05:45:58.682+0000] {_universal.py:514} INFO - Request URL: 'https://azureyellowcab.blob.core.windows.net/cabfiles/yellow_tripdata_2011-02.parquet'
Request method: 'GET'
Request headers:
    'x-ms-range': 'REDACTED'
    'If-Match': '"0x8DC68D099B8E3CA"'
    'x-ms-version': 'REDACTED'
    'Accept': 'application/xml'
    'User-Agent': 'azsdk-python-storage-blob/12.19.1 Python/3.12.2 (Linux-6.6.22-linuxkit-x86_64-with-glibc2.36)'
    'x-ms-date': 'REDACTED'
    'x-ms-client-request-id': 'eb82031a-06b4-11ef-92f5-0242c0a83006'
    'Authorization': 'REDACTED'
No body was attached to the request
[2024-04-30T05:45:58.804+0000] {_universal.py:550} INFO - Response status: 206
Response headers:
    'Content-Length': '4194304'
    'Content-Type': 'application/octet-stream'
    'Content-Range': 'REDACTED'
    'Last-Modified': 'Tue, 30 Apr 2024 04:47:12 GMT'
    'Accept-Ranges': 'REDACTED'
    'ETag': '"0x8DC68D099B8E3CA"'
    'Server': 'Windows-Azure-Blob/1.0 Microsoft-HTTPAPI/2.0'
    'x-ms-request-id': '1ed7a576-801e-001a-57c1-9aa940000000'
    'x-ms-client-request-id': 'eb82031a-06b4-11ef-92f5-0242c0a83006'
    'x-ms-version': 'REDACTED'
    'x-ms-creation-time': 'REDACTED'
    'x-ms-lease-status': 'REDACTED'
    'x-ms-lease-state': 'REDACTED'
    'x-ms-blob-type': 'REDACTED'
    'x-ms-server-encrypted': 'REDACTED'
    'Date': 'Tue, 30 Apr 2024 05:45:58 GMT'
[2024-04-30T05:45:59.306+0000] {_universal.py:514} INFO - Request URL: 'https://azureyellowcab.blob.core.windows.net/cabfiles/yellow_tripdata_2011-02.parquet'
Request method: 'GET'
Request headers:
    'x-ms-range': 'REDACTED'
    'If-Match': '"0x8DC68D099B8E3CA"'
    'x-ms-version': 'REDACTED'
    'Accept': 'application/xml'
    'User-Agent': 'azsdk-python-storage-blob/12.19.1 Python/3.12.2 (Linux-6.6.22-linuxkit-x86_64-with-glibc2.36)'
    'x-ms-date': 'REDACTED'
    'x-ms-client-request-id': 'ebe11cc4-06b4-11ef-92f5-0242c0a83006'
    'Authorization': 'REDACTED'
No body was attached to the request
[2024-04-30T05:45:59.443+0000] {_universal.py:550} INFO - Response status: 206
Response headers:
    'Content-Length': '4194304'
    'Content-Type': 'application/octet-stream'
    'Content-Range': 'REDACTED'
    'Last-Modified': 'Tue, 30 Apr 2024 04:47:12 GMT'
    'Accept-Ranges': 'REDACTED'
    'ETag': '"0x8DC68D099B8E3CA"'
    'Server': 'Windows-Azure-Blob/1.0 Microsoft-HTTPAPI/2.0'
    'x-ms-request-id': '1ed7a725-801e-001a-5ac1-9aa940000000'
    'x-ms-client-request-id': 'ebe11cc4-06b4-11ef-92f5-0242c0a83006'
    'x-ms-version': 'REDACTED'
    'x-ms-creation-time': 'REDACTED'
    'x-ms-lease-status': 'REDACTED'
    'x-ms-lease-state': 'REDACTED'
    'x-ms-blob-type': 'REDACTED'
    'x-ms-server-encrypted': 'REDACTED'
    'Date': 'Tue, 30 Apr 2024 05:45:59 GMT'
[2024-04-30T05:45:59.953+0000] {_universal.py:514} INFO - Request URL: 'https://azureyellowcab.blob.core.windows.net/cabfiles/yellow_tripdata_2011-02.parquet'
Request method: 'GET'
Request headers:
    'x-ms-range': 'REDACTED'
    'If-Match': '"0x8DC68D099B8E3CA"'
    'x-ms-version': 'REDACTED'
    'Accept': 'application/xml'
    'User-Agent': 'azsdk-python-storage-blob/12.19.1 Python/3.12.2 (Linux-6.6.22-linuxkit-x86_64-with-glibc2.36)'
    'x-ms-date': 'REDACTED'
    'x-ms-client-request-id': 'ec43ee1c-06b4-11ef-92f5-0242c0a83006'
    'Authorization': 'REDACTED'
No body was attached to the request
[2024-04-30T05:46:00.101+0000] {_universal.py:550} INFO - Response status: 206
Response headers:
    'Content-Length': '4194304'
    'Content-Type': 'application/octet-stream'
    'Content-Range': 'REDACTED'
    'Last-Modified': 'Tue, 30 Apr 2024 04:47:12 GMT'
    'Accept-Ranges': 'REDACTED'
    'ETag': '"0x8DC68D099B8E3CA"'
    'Server': 'Windows-Azure-Blob/1.0 Microsoft-HTTPAPI/2.0'
    'x-ms-request-id': '1ed7a8cd-801e-001a-5ac1-9aa940000000'
    'x-ms-client-request-id': 'ec43ee1c-06b4-11ef-92f5-0242c0a83006'
    'x-ms-version': 'REDACTED'
    'x-ms-creation-time': 'REDACTED'
    'x-ms-lease-status': 'REDACTED'
    'x-ms-lease-state': 'REDACTED'
    'x-ms-blob-type': 'REDACTED'
    'x-ms-server-encrypted': 'REDACTED'
    'Date': 'Tue, 30 Apr 2024 05:45:59 GMT'
[2024-04-30T05:46:00.593+0000] {_universal.py:514} INFO - Request URL: 'https://azureyellowcab.blob.core.windows.net/cabfiles/yellow_tripdata_2011-02.parquet'
Request method: 'GET'
Request headers:
    'x-ms-range': 'REDACTED'
    'If-Match': '"0x8DC68D099B8E3CA"'
    'x-ms-version': 'REDACTED'
    'Accept': 'application/xml'
    'User-Agent': 'azsdk-python-storage-blob/12.19.1 Python/3.12.2 (Linux-6.6.22-linuxkit-x86_64-with-glibc2.36)'
    'x-ms-date': 'REDACTED'
    'x-ms-client-request-id': 'eca57a88-06b4-11ef-92f5-0242c0a83006'
    'Authorization': 'REDACTED'
No body was attached to the request
[2024-04-30T05:46:00.747+0000] {_universal.py:550} INFO - Response status: 206
Response headers:
    'Content-Length': '4194304'
    'Content-Type': 'application/octet-stream'
    'Content-Range': 'REDACTED'
    'Last-Modified': 'Tue, 30 Apr 2024 04:47:12 GMT'
    'Accept-Ranges': 'REDACTED'
    'ETag': '"0x8DC68D099B8E3CA"'
    'Server': 'Windows-Azure-Blob/1.0 Microsoft-HTTPAPI/2.0'
    'x-ms-request-id': '1ed7aa5b-801e-001a-35c1-9aa940000000'
    'x-ms-client-request-id': 'eca57a88-06b4-11ef-92f5-0242c0a83006'
    'x-ms-version': 'REDACTED'
    'x-ms-creation-time': 'REDACTED'
    'x-ms-lease-status': 'REDACTED'
    'x-ms-lease-state': 'REDACTED'
    'x-ms-blob-type': 'REDACTED'
    'x-ms-server-encrypted': 'REDACTED'
    'Date': 'Tue, 30 Apr 2024 05:46:00 GMT'
[2024-04-30T05:46:01.255+0000] {_universal.py:514} INFO - Request URL: 'https://azureyellowcab.blob.core.windows.net/cabfiles/yellow_tripdata_2011-02.parquet'
Request method: 'GET'
Request headers:
    'x-ms-range': 'REDACTED'
    'If-Match': '"0x8DC68D099B8E3CA"'
    'x-ms-version': 'REDACTED'
    'Accept': 'application/xml'
    'User-Agent': 'azsdk-python-storage-blob/12.19.1 Python/3.12.2 (Linux-6.6.22-linuxkit-x86_64-with-glibc2.36)'
    'x-ms-date': 'REDACTED'
    'x-ms-client-request-id': 'ed0a804a-06b4-11ef-92f5-0242c0a83006'
    'Authorization': 'REDACTED'
No body was attached to the request
[2024-04-30T05:46:01.443+0000] {_universal.py:550} INFO - Response status: 206
Response headers:
    'Content-Length': '4194304'
    'Content-Type': 'application/octet-stream'
    'Content-Range': 'REDACTED'
    'Last-Modified': 'Tue, 30 Apr 2024 04:47:12 GMT'
    'Accept-Ranges': 'REDACTED'
    'ETag': '"0x8DC68D099B8E3CA"'
    'Server': 'Windows-Azure-Blob/1.0 Microsoft-HTTPAPI/2.0'
    'x-ms-request-id': '1ed7ac43-801e-001a-6dc1-9aa940000000'
    'x-ms-client-request-id': 'ed0a804a-06b4-11ef-92f5-0242c0a83006'
    'x-ms-version': 'REDACTED'
    'x-ms-creation-time': 'REDACTED'
    'x-ms-lease-status': 'REDACTED'
    'x-ms-lease-state': 'REDACTED'
    'x-ms-blob-type': 'REDACTED'
    'x-ms-server-encrypted': 'REDACTED'
    'Date': 'Tue, 30 Apr 2024 05:46:00 GMT'
[2024-04-30T05:46:01.970+0000] {_universal.py:514} INFO - Request URL: 'https://azureyellowcab.blob.core.windows.net/cabfiles/yellow_tripdata_2011-02.parquet'
Request method: 'GET'
Request headers:
    'x-ms-range': 'REDACTED'
    'If-Match': '"0x8DC68D099B8E3CA"'
    'x-ms-version': 'REDACTED'
    'Accept': 'application/xml'
    'User-Agent': 'azsdk-python-storage-blob/12.19.1 Python/3.12.2 (Linux-6.6.22-linuxkit-x86_64-with-glibc2.36)'
    'x-ms-date': 'REDACTED'
    'x-ms-client-request-id': 'ed779cde-06b4-11ef-92f5-0242c0a83006'
    'Authorization': 'REDACTED'
No body was attached to the request
[2024-04-30T05:46:02.109+0000] {_universal.py:550} INFO - Response status: 206
Response headers:
    'Content-Length': '4194304'
    'Content-Type': 'application/octet-stream'
    'Content-Range': 'REDACTED'
    'Last-Modified': 'Tue, 30 Apr 2024 04:47:12 GMT'
    'Accept-Ranges': 'REDACTED'
    'ETag': '"0x8DC68D099B8E3CA"'
    'Server': 'Windows-Azure-Blob/1.0 Microsoft-HTTPAPI/2.0'
    'x-ms-request-id': '1ed7ae37-801e-001a-28c1-9aa940000000'
    'x-ms-client-request-id': 'ed779cde-06b4-11ef-92f5-0242c0a83006'
    'x-ms-version': 'REDACTED'
    'x-ms-creation-time': 'REDACTED'
    'x-ms-lease-status': 'REDACTED'
    'x-ms-lease-state': 'REDACTED'
    'x-ms-blob-type': 'REDACTED'
    'x-ms-server-encrypted': 'REDACTED'
    'Date': 'Tue, 30 Apr 2024 05:46:01 GMT'
[2024-04-30T05:46:02.568+0000] {_universal.py:514} INFO - Request URL: 'https://azureyellowcab.blob.core.windows.net/cabfiles/yellow_tripdata_2011-02.parquet'
Request method: 'GET'
Request headers:
    'x-ms-range': 'REDACTED'
    'If-Match': '"0x8DC68D099B8E3CA"'
    'x-ms-version': 'REDACTED'
    'Accept': 'application/xml'
    'User-Agent': 'azsdk-python-storage-blob/12.19.1 Python/3.12.2 (Linux-6.6.22-linuxkit-x86_64-with-glibc2.36)'
    'x-ms-date': 'REDACTED'
    'x-ms-client-request-id': 'edd2fed0-06b4-11ef-92f5-0242c0a83006'
    'Authorization': 'REDACTED'
No body was attached to the request
[2024-04-30T05:46:02.734+0000] {_universal.py:550} INFO - Response status: 206
Response headers:
    'Content-Length': '4194304'
    'Content-Type': 'application/octet-stream'
    'Content-Range': 'REDACTED'
    'Last-Modified': 'Tue, 30 Apr 2024 04:47:12 GMT'
    'Accept-Ranges': 'REDACTED'
    'ETag': '"0x8DC68D099B8E3CA"'
    'Server': 'Windows-Azure-Blob/1.0 Microsoft-HTTPAPI/2.0'
    'x-ms-request-id': '1ed7b024-801e-001a-47c1-9aa940000000'
    'x-ms-client-request-id': 'edd2fed0-06b4-11ef-92f5-0242c0a83006'
    'x-ms-version': 'REDACTED'
    'x-ms-creation-time': 'REDACTED'
    'x-ms-lease-status': 'REDACTED'
    'x-ms-lease-state': 'REDACTED'
    'x-ms-blob-type': 'REDACTED'
    'x-ms-server-encrypted': 'REDACTED'
    'Date': 'Tue, 30 Apr 2024 05:46:02 GMT'
[2024-04-30T05:46:03.183+0000] {_universal.py:514} INFO - Request URL: 'https://azureyellowcab.blob.core.windows.net/cabfiles/yellow_tripdata_2011-02.parquet'
Request method: 'GET'
Request headers:
    'x-ms-range': 'REDACTED'
    'If-Match': '"0x8DC68D099B8E3CA"'
    'x-ms-version': 'REDACTED'
    'Accept': 'application/xml'
    'User-Agent': 'azsdk-python-storage-blob/12.19.1 Python/3.12.2 (Linux-6.6.22-linuxkit-x86_64-with-glibc2.36)'
    'x-ms-date': 'REDACTED'
    'x-ms-client-request-id': 'ee30c218-06b4-11ef-92f5-0242c0a83006'
    'Authorization': 'REDACTED'
No body was attached to the request
[2024-04-30T05:46:03.303+0000] {_universal.py:550} INFO - Response status: 206
Response headers:
    'Content-Length': '4194304'
    'Content-Type': 'application/octet-stream'
    'Content-Range': 'REDACTED'
    'Last-Modified': 'Tue, 30 Apr 2024 04:47:12 GMT'
    'Accept-Ranges': 'REDACTED'
    'ETag': '"0x8DC68D099B8E3CA"'
    'Server': 'Windows-Azure-Blob/1.0 Microsoft-HTTPAPI/2.0'
    'x-ms-request-id': '1ed7b1ff-801e-001a-78c1-9aa940000000'
    'x-ms-client-request-id': 'ee30c218-06b4-11ef-92f5-0242c0a83006'
    'x-ms-version': 'REDACTED'
    'x-ms-creation-time': 'REDACTED'
    'x-ms-lease-status': 'REDACTED'
    'x-ms-lease-state': 'REDACTED'
    'x-ms-blob-type': 'REDACTED'
    'x-ms-server-encrypted': 'REDACTED'
    'Date': 'Tue, 30 Apr 2024 05:46:02 GMT'
[2024-04-30T05:46:03.737+0000] {_universal.py:514} INFO - Request URL: 'https://azureyellowcab.blob.core.windows.net/cabfiles/yellow_tripdata_2011-02.parquet'
Request method: 'GET'
Request headers:
    'x-ms-range': 'REDACTED'
    'If-Match': '"0x8DC68D099B8E3CA"'
    'x-ms-version': 'REDACTED'
    'Accept': 'application/xml'
    'User-Agent': 'azsdk-python-storage-blob/12.19.1 Python/3.12.2 (Linux-6.6.22-linuxkit-x86_64-with-glibc2.36)'
    'x-ms-date': 'REDACTED'
    'x-ms-client-request-id': 'ee853762-06b4-11ef-92f5-0242c0a83006'
    'Authorization': 'REDACTED'
No body was attached to the request
[2024-04-30T05:46:03.849+0000] {_universal.py:550} INFO - Response status: 206
Response headers:
    'Content-Length': '4194304'
    'Content-Type': 'application/octet-stream'
    'Content-Range': 'REDACTED'
    'Last-Modified': 'Tue, 30 Apr 2024 04:47:12 GMT'
    'Accept-Ranges': 'REDACTED'
    'ETag': '"0x8DC68D099B8E3CA"'
    'Server': 'Windows-Azure-Blob/1.0 Microsoft-HTTPAPI/2.0'
    'x-ms-request-id': '1ed7b3da-801e-001a-18c1-9aa940000000'
    'x-ms-client-request-id': 'ee853762-06b4-11ef-92f5-0242c0a83006'
    'x-ms-version': 'REDACTED'
    'x-ms-creation-time': 'REDACTED'
    'x-ms-lease-status': 'REDACTED'
    'x-ms-lease-state': 'REDACTED'
    'x-ms-blob-type': 'REDACTED'
    'x-ms-server-encrypted': 'REDACTED'
    'Date': 'Tue, 30 Apr 2024 05:46:03 GMT'
[2024-04-30T05:46:04.277+0000] {_universal.py:514} INFO - Request URL: 'https://azureyellowcab.blob.core.windows.net/cabfiles/yellow_tripdata_2011-02.parquet'
Request method: 'GET'
Request headers:
    'x-ms-range': 'REDACTED'
    'If-Match': '"0x8DC68D099B8E3CA"'
    'x-ms-version': 'REDACTED'
    'Accept': 'application/xml'
    'User-Agent': 'azsdk-python-storage-blob/12.19.1 Python/3.12.2 (Linux-6.6.22-linuxkit-x86_64-with-glibc2.36)'
    'x-ms-date': 'REDACTED'
    'x-ms-client-request-id': 'eed7a7b8-06b4-11ef-92f5-0242c0a83006'
    'Authorization': 'REDACTED'
No body was attached to the request
[2024-04-30T05:46:04.424+0000] {_universal.py:550} INFO - Response status: 206
Response headers:
    'Content-Length': '4194304'
    'Content-Type': 'application/octet-stream'
    'Content-Range': 'REDACTED'
    'Last-Modified': 'Tue, 30 Apr 2024 04:47:12 GMT'
    'Accept-Ranges': 'REDACTED'
    'ETag': '"0x8DC68D099B8E3CA"'
    'Server': 'Windows-Azure-Blob/1.0 Microsoft-HTTPAPI/2.0'
    'x-ms-request-id': '1ed7b54d-801e-001a-69c1-9aa940000000'
    'x-ms-client-request-id': 'eed7a7b8-06b4-11ef-92f5-0242c0a83006'
    'x-ms-version': 'REDACTED'
    'x-ms-creation-time': 'REDACTED'
    'x-ms-lease-status': 'REDACTED'
    'x-ms-lease-state': 'REDACTED'
    'x-ms-blob-type': 'REDACTED'
    'x-ms-server-encrypted': 'REDACTED'
    'Date': 'Tue, 30 Apr 2024 05:46:04 GMT'
[2024-04-30T05:46:04.997+0000] {_universal.py:514} INFO - Request URL: 'https://azureyellowcab.blob.core.windows.net/cabfiles/yellow_tripdata_2011-02.parquet'
Request method: 'GET'
Request headers:
    'x-ms-range': 'REDACTED'
    'If-Match': '"0x8DC68D099B8E3CA"'
    'x-ms-version': 'REDACTED'
    'Accept': 'application/xml'
    'User-Agent': 'azsdk-python-storage-blob/12.19.1 Python/3.12.2 (Linux-6.6.22-linuxkit-x86_64-with-glibc2.36)'
    'x-ms-date': 'REDACTED'
    'x-ms-client-request-id': 'ef4574fa-06b4-11ef-92f5-0242c0a83006'
    'Authorization': 'REDACTED'
No body was attached to the request
[2024-04-30T05:46:05.126+0000] {_universal.py:550} INFO - Response status: 206
Response headers:
    'Content-Length': '4194304'
    'Content-Type': 'application/octet-stream'
    'Content-Range': 'REDACTED'
    'Last-Modified': 'Tue, 30 Apr 2024 04:47:12 GMT'
    'Accept-Ranges': 'REDACTED'
    'ETag': '"0x8DC68D099B8E3CA"'
    'Server': 'Windows-Azure-Blob/1.0 Microsoft-HTTPAPI/2.0'
    'x-ms-request-id': '1ed7b6e0-801e-001a-5ac1-9aa940000000'
    'x-ms-client-request-id': 'ef4574fa-06b4-11ef-92f5-0242c0a83006'
    'x-ms-version': 'REDACTED'
    'x-ms-creation-time': 'REDACTED'
    'x-ms-lease-status': 'REDACTED'
    'x-ms-lease-state': 'REDACTED'
    'x-ms-blob-type': 'REDACTED'
    'x-ms-server-encrypted': 'REDACTED'
    'Date': 'Tue, 30 Apr 2024 05:46:04 GMT'
[2024-04-30T05:46:05.652+0000] {_universal.py:514} INFO - Request URL: 'https://azureyellowcab.blob.core.windows.net/cabfiles/yellow_tripdata_2011-02.parquet'
Request method: 'GET'
Request headers:
    'x-ms-range': 'REDACTED'
    'If-Match': '"0x8DC68D099B8E3CA"'
    'x-ms-version': 'REDACTED'
    'Accept': 'application/xml'
    'User-Agent': 'azsdk-python-storage-blob/12.19.1 Python/3.12.2 (Linux-6.6.22-linuxkit-x86_64-with-glibc2.36)'
    'x-ms-date': 'REDACTED'
    'x-ms-client-request-id': 'efa974b4-06b4-11ef-92f5-0242c0a83006'
    'Authorization': 'REDACTED'
No body was attached to the request
[2024-04-30T05:46:05.755+0000] {_universal.py:550} INFO - Response status: 206
Response headers:
    'Content-Length': '4194304'
    'Content-Type': 'application/octet-stream'
    'Content-Range': 'REDACTED'
    'Last-Modified': 'Tue, 30 Apr 2024 04:47:12 GMT'
    'Accept-Ranges': 'REDACTED'
    'ETag': '"0x8DC68D099B8E3CA"'
    'Server': 'Windows-Azure-Blob/1.0 Microsoft-HTTPAPI/2.0'
    'x-ms-request-id': '1ed7b88f-801e-001a-55c1-9aa940000000'
    'x-ms-client-request-id': 'efa974b4-06b4-11ef-92f5-0242c0a83006'
    'x-ms-version': 'REDACTED'
    'x-ms-creation-time': 'REDACTED'
    'x-ms-lease-status': 'REDACTED'
    'x-ms-lease-state': 'REDACTED'
    'x-ms-blob-type': 'REDACTED'
    'x-ms-server-encrypted': 'REDACTED'
    'Date': 'Tue, 30 Apr 2024 05:46:05 GMT'
[2024-04-30T05:46:06.229+0000] {_universal.py:514} INFO - Request URL: 'https://azureyellowcab.blob.core.windows.net/cabfiles/yellow_tripdata_2011-02.parquet'
Request method: 'GET'
Request headers:
    'x-ms-range': 'REDACTED'
    'If-Match': '"0x8DC68D099B8E3CA"'
    'x-ms-version': 'REDACTED'
    'Accept': 'application/xml'
    'User-Agent': 'azsdk-python-storage-blob/12.19.1 Python/3.12.2 (Linux-6.6.22-linuxkit-x86_64-with-glibc2.36)'
    'x-ms-date': 'REDACTED'
    'x-ms-client-request-id': 'f0017416-06b4-11ef-92f5-0242c0a83006'
    'Authorization': 'REDACTED'
No body was attached to the request
[2024-04-30T05:46:06.356+0000] {_universal.py:550} INFO - Response status: 206
Response headers:
    'Content-Length': '4194304'
    'Content-Type': 'application/octet-stream'
    'Content-Range': 'REDACTED'
    'Last-Modified': 'Tue, 30 Apr 2024 04:47:12 GMT'
    'Accept-Ranges': 'REDACTED'
    'ETag': '"0x8DC68D099B8E3CA"'
    'Server': 'Windows-Azure-Blob/1.0 Microsoft-HTTPAPI/2.0'
    'x-ms-request-id': '1ed7ba6f-801e-001a-0ac1-9aa940000000'
    'x-ms-client-request-id': 'f0017416-06b4-11ef-92f5-0242c0a83006'
    'x-ms-version': 'REDACTED'
    'x-ms-creation-time': 'REDACTED'
    'x-ms-lease-status': 'REDACTED'
    'x-ms-lease-state': 'REDACTED'
    'x-ms-blob-type': 'REDACTED'
    'x-ms-server-encrypted': 'REDACTED'
    'Date': 'Tue, 30 Apr 2024 05:46:05 GMT'
[2024-04-30T05:46:06.832+0000] {_universal.py:514} INFO - Request URL: 'https://azureyellowcab.blob.core.windows.net/cabfiles/yellow_tripdata_2011-02.parquet'
Request method: 'GET'
Request headers:
    'x-ms-range': 'REDACTED'
    'If-Match': '"0x8DC68D099B8E3CA"'
    'x-ms-version': 'REDACTED'
    'Accept': 'application/xml'
    'User-Agent': 'azsdk-python-storage-blob/12.19.1 Python/3.12.2 (Linux-6.6.22-linuxkit-x86_64-with-glibc2.36)'
    'x-ms-date': 'REDACTED'
    'x-ms-client-request-id': 'f05d7996-06b4-11ef-92f5-0242c0a83006'
    'Authorization': 'REDACTED'
No body was attached to the request
[2024-04-30T05:46:06.942+0000] {_universal.py:550} INFO - Response status: 206
Response headers:
    'Content-Length': '4194304'
    'Content-Type': 'application/octet-stream'
    'Content-Range': 'REDACTED'
    'Last-Modified': 'Tue, 30 Apr 2024 04:47:12 GMT'
    'Accept-Ranges': 'REDACTED'
    'ETag': '"0x8DC68D099B8E3CA"'
    'Server': 'Windows-Azure-Blob/1.0 Microsoft-HTTPAPI/2.0'
    'x-ms-request-id': '1ed7bc54-801e-001a-43c1-9aa940000000'
    'x-ms-client-request-id': 'f05d7996-06b4-11ef-92f5-0242c0a83006'
    'x-ms-version': 'REDACTED'
    'x-ms-creation-time': 'REDACTED'
    'x-ms-lease-status': 'REDACTED'
    'x-ms-lease-state': 'REDACTED'
    'x-ms-blob-type': 'REDACTED'
    'x-ms-server-encrypted': 'REDACTED'
    'Date': 'Tue, 30 Apr 2024 05:46:06 GMT'
[2024-04-30T05:46:07.364+0000] {_universal.py:514} INFO - Request URL: 'https://azureyellowcab.blob.core.windows.net/cabfiles/yellow_tripdata_2011-02.parquet'
Request method: 'GET'
Request headers:
    'x-ms-range': 'REDACTED'
    'If-Match': '"0x8DC68D099B8E3CA"'
    'x-ms-version': 'REDACTED'
    'Accept': 'application/xml'
    'User-Agent': 'azsdk-python-storage-blob/12.19.1 Python/3.12.2 (Linux-6.6.22-linuxkit-x86_64-with-glibc2.36)'
    'x-ms-date': 'REDACTED'
    'x-ms-client-request-id': 'f0aea668-06b4-11ef-92f5-0242c0a83006'
    'Authorization': 'REDACTED'
No body was attached to the request
[2024-04-30T05:46:07.492+0000] {_universal.py:550} INFO - Response status: 206
Response headers:
    'Content-Length': '4194304'
    'Content-Type': 'application/octet-stream'
    'Content-Range': 'REDACTED'
    'Last-Modified': 'Tue, 30 Apr 2024 04:47:12 GMT'
    'Accept-Ranges': 'REDACTED'
    'ETag': '"0x8DC68D099B8E3CA"'
    'Server': 'Windows-Azure-Blob/1.0 Microsoft-HTTPAPI/2.0'
    'x-ms-request-id': '1ed7be40-801e-001a-09c1-9aa940000000'
    'x-ms-client-request-id': 'f0aea668-06b4-11ef-92f5-0242c0a83006'
    'x-ms-version': 'REDACTED'
    'x-ms-creation-time': 'REDACTED'
    'x-ms-lease-status': 'REDACTED'
    'x-ms-lease-state': 'REDACTED'
    'x-ms-blob-type': 'REDACTED'
    'x-ms-server-encrypted': 'REDACTED'
    'Date': 'Tue, 30 Apr 2024 05:46:07 GMT'
[2024-04-30T05:46:08.065+0000] {_universal.py:514} INFO - Request URL: 'https://azureyellowcab.blob.core.windows.net/cabfiles/yellow_tripdata_2011-02.parquet'
Request method: 'GET'
Request headers:
    'x-ms-range': 'REDACTED'
    'If-Match': '"0x8DC68D099B8E3CA"'
    'x-ms-version': 'REDACTED'
    'Accept': 'application/xml'
    'User-Agent': 'azsdk-python-storage-blob/12.19.1 Python/3.12.2 (Linux-6.6.22-linuxkit-x86_64-with-glibc2.36)'
    'x-ms-date': 'REDACTED'
    'x-ms-client-request-id': 'f119a6fc-06b4-11ef-92f5-0242c0a83006'
    'Authorization': 'REDACTED'
No body was attached to the request
[2024-04-30T05:46:08.201+0000] {_universal.py:550} INFO - Response status: 206
Response headers:
    'Content-Length': '4194304'
    'Content-Type': 'application/octet-stream'
    'Content-Range': 'REDACTED'
    'Last-Modified': 'Tue, 30 Apr 2024 04:47:12 GMT'
    'Accept-Ranges': 'REDACTED'
    'ETag': '"0x8DC68D099B8E3CA"'
    'Server': 'Windows-Azure-Blob/1.0 Microsoft-HTTPAPI/2.0'
    'x-ms-request-id': '1ed7c002-801e-001a-10c1-9aa940000000'
    'x-ms-client-request-id': 'f119a6fc-06b4-11ef-92f5-0242c0a83006'
    'x-ms-version': 'REDACTED'
    'x-ms-creation-time': 'REDACTED'
    'x-ms-lease-status': 'REDACTED'
    'x-ms-lease-state': 'REDACTED'
    'x-ms-blob-type': 'REDACTED'
    'x-ms-server-encrypted': 'REDACTED'
    'Date': 'Tue, 30 Apr 2024 05:46:07 GMT'
[2024-04-30T05:46:08.799+0000] {_universal.py:514} INFO - Request URL: 'https://azureyellowcab.blob.core.windows.net/cabfiles/yellow_tripdata_2011-02.parquet'
Request method: 'GET'
Request headers:
    'x-ms-range': 'REDACTED'
    'If-Match': '"0x8DC68D099B8E3CA"'
    'x-ms-version': 'REDACTED'
    'Accept': 'application/xml'
    'User-Agent': 'azsdk-python-storage-blob/12.19.1 Python/3.12.2 (Linux-6.6.22-linuxkit-x86_64-with-glibc2.36)'
    'x-ms-date': 'REDACTED'
    'x-ms-client-request-id': 'f189a6fa-06b4-11ef-92f5-0242c0a83006'
    'Authorization': 'REDACTED'
No body was attached to the request
[2024-04-30T05:46:08.936+0000] {_universal.py:550} INFO - Response status: 206
Response headers:
    'Content-Length': '4014369'
    'Content-Type': 'application/octet-stream'
    'Content-Range': 'REDACTED'
    'Last-Modified': 'Tue, 30 Apr 2024 04:47:12 GMT'
    'Accept-Ranges': 'REDACTED'
    'ETag': '"0x8DC68D099B8E3CA"'
    'Server': 'Windows-Azure-Blob/1.0 Microsoft-HTTPAPI/2.0'
    'x-ms-request-id': '1ed7c1e8-801e-001a-41c1-9aa940000000'
    'x-ms-client-request-id': 'f189a6fa-06b4-11ef-92f5-0242c0a83006'
    'x-ms-version': 'REDACTED'
    'x-ms-creation-time': 'REDACTED'
    'x-ms-lease-status': 'REDACTED'
    'x-ms-lease-state': 'REDACTED'
    'x-ms-blob-type': 'REDACTED'
    'x-ms-server-encrypted': 'REDACTED'
    'Date': 'Tue, 30 Apr 2024 05:46:08 GMT'
[2024-04-30T05:46:10.052+0000] {python.py:237} INFO - Done. Returned value was: None
[2024-04-30T05:46:10.053+0000] {taskinstance.py:441} INFO - ::group::Post task execution logs
[2024-04-30T05:46:10.065+0000] {taskinstance.py:1205} INFO - Marking task as SUCCESS. dag_id=dag_yellow_cab, task_id=request_file, execution_date=20240430T054534, start_date=20240430T054540, end_date=20240430T054610
[2024-04-30T05:46:10.084+0000] {local_task_job_runner.py:240} INFO - Task exited with return code 0
[2024-04-30T05:46:10.106+0000] {taskinstance.py:3482} INFO - 1 downstream tasks scheduled from follow-on schedule check
[2024-04-30T05:46:10.108+0000] {local_task_job_runner.py:222} INFO - ::endgroup::
