[2024-04-30T00:02:43.768+0000] {local_task_job_runner.py:120} INFO - ::group::Pre task execution logs
[2024-04-30T00:02:43.791+0000] {taskinstance.py:2073} INFO - Dependencies all met for dep_context=non-requeueable deps ti=<TaskInstance: dag_yellow_cab.request_file manual__2024-04-30T00:02:41.393402+00:00 [queued]>
[2024-04-30T00:02:43.798+0000] {taskinstance.py:2073} INFO - Dependencies all met for dep_context=requeueable deps ti=<TaskInstance: dag_yellow_cab.request_file manual__2024-04-30T00:02:41.393402+00:00 [queued]>
[2024-04-30T00:02:43.799+0000] {taskinstance.py:2303} INFO - Starting attempt 1 of 1
[2024-04-30T00:02:43.812+0000] {taskinstance.py:2327} INFO - Executing <Task(BranchPythonOperator): request_file> on 2024-04-30 00:02:41.393402+00:00
[2024-04-30T00:02:43.819+0000] {warnings.py:110} WARNING - /home/***/.local/lib/python3.12/site-packages/***/task/task_runner/standard_task_runner.py:61: DeprecationWarning: This process (pid=109) is multi-threaded, use of fork() may lead to deadlocks in the child.
  pid = os.fork()

[2024-04-30T00:02:43.820+0000] {standard_task_runner.py:63} INFO - Started process 111 to run task
[2024-04-30T00:02:43.821+0000] {standard_task_runner.py:90} INFO - Running: ['***', 'tasks', 'run', 'dag_yellow_cab', 'request_file', 'manual__2024-04-30T00:02:41.393402+00:00', '--job-id', '152', '--raw', '--subdir', 'DAGS_FOLDER/data_pipeline_cab.py', '--cfg-path', '/tmp/tmpo7sqanyb']
[2024-04-30T00:02:43.823+0000] {standard_task_runner.py:91} INFO - Job 152: Subtask request_file
[2024-04-30T00:02:43.870+0000] {task_command.py:426} INFO - Running <TaskInstance: dag_yellow_cab.request_file manual__2024-04-30T00:02:41.393402+00:00 [running]> on host fa551f826898
[2024-04-30T00:02:43.987+0000] {taskinstance.py:2644} INFO - Exporting env vars: AIRFLOW_CTX_DAG_OWNER='***' AIRFLOW_CTX_DAG_ID='dag_yellow_cab' AIRFLOW_CTX_TASK_ID='request_file' AIRFLOW_CTX_EXECUTION_DATE='2024-04-30T00:02:41.393402+00:00' AIRFLOW_CTX_TRY_NUMBER='1' AIRFLOW_CTX_DAG_RUN_ID='manual__2024-04-30T00:02:41.393402+00:00'
[2024-04-30T00:02:43.990+0000] {taskinstance.py:430} INFO - ::endgroup::
[2024-04-30T00:02:44.008+0000] {baseoperator.py:399} WARNING - BranchPythonOperator.execute cannot be called outside TaskInstance!
[2024-04-30T00:02:44.013+0000] {_universal.py:514} INFO - Request URL: 'https://azureyellowcab.blob.core.windows.net/cabfiles?restype=REDACTED&comp=REDACTED'
Request method: 'GET'
Request headers:
    'x-ms-version': 'REDACTED'
    'Accept': 'application/xml'
    'User-Agent': 'azsdk-python-storage-blob/12.19.1 Python/3.12.2 (Linux-6.6.22-linuxkit-x86_64-with-glibc2.36)'
    'x-ms-date': 'REDACTED'
    'x-ms-client-request-id': 'f820d7ca-0684-11ef-bbae-0242ac1d0004'
    'Authorization': 'REDACTED'
No body was attached to the request
[2024-04-30T00:02:44.361+0000] {_universal.py:550} INFO - Response status: 200
Response headers:
    'Transfer-Encoding': 'chunked'
    'Content-Type': 'application/xml'
    'Server': 'Windows-Azure-Blob/1.0 Microsoft-HTTPAPI/2.0'
    'x-ms-request-id': '47c621d2-201e-002c-3291-9a2430000000'
    'x-ms-client-request-id': 'f820d7ca-0684-11ef-bbae-0242ac1d0004'
    'x-ms-version': 'REDACTED'
    'Date': 'Tue, 30 Apr 2024 00:02:43 GMT'
[2024-04-30T00:02:44.373+0000] {_universal.py:514} INFO - Request URL: 'https://azureyellowcab.blob.core.windows.net/cabfiles/yellow_tripdata_2011-01.parquet'
Request method: 'GET'
Request headers:
    'x-ms-range': 'REDACTED'
    'x-ms-version': 'REDACTED'
    'Accept': 'application/xml'
    'User-Agent': 'azsdk-python-storage-blob/12.19.1 Python/3.12.2 (Linux-6.6.22-linuxkit-x86_64-with-glibc2.36)'
    'x-ms-date': 'REDACTED'
    'x-ms-client-request-id': 'f857edf0-0684-11ef-bbae-0242ac1d0004'
    'Authorization': 'REDACTED'
No body was attached to the request
[2024-04-30T00:02:44.491+0000] {_universal.py:550} INFO - Response status: 206
Response headers:
    'Content-Length': '33554432'
    'Content-Type': 'application/octet-stream'
    'Content-Range': 'REDACTED'
    'Last-Modified': 'Mon, 29 Apr 2024 17:07:16 GMT'
    'Accept-Ranges': 'REDACTED'
    'ETag': '"0x8DC686ED2A077F8"'
    'Server': 'Windows-Azure-Blob/1.0 Microsoft-HTTPAPI/2.0'
    'x-ms-request-id': '47c6224e-201e-002c-2991-9a2430000000'
    'x-ms-client-request-id': 'f857edf0-0684-11ef-bbae-0242ac1d0004'
    'x-ms-version': 'REDACTED'
    'x-ms-creation-time': 'REDACTED'
    'x-ms-lease-status': 'REDACTED'
    'x-ms-lease-state': 'REDACTED'
    'x-ms-blob-type': 'REDACTED'
    'x-ms-server-encrypted': 'REDACTED'
    'Date': 'Tue, 30 Apr 2024 00:02:43 GMT'
[2024-04-30T00:03:55.502+0000] {_universal.py:514} INFO - Request URL: 'https://azureyellowcab.blob.core.windows.net/cabfiles/yellow_tripdata_2011-01.parquet'
Request method: 'GET'
Request headers:
    'x-ms-range': 'REDACTED'
    'If-Match': '"0x8DC686ED2A077F8"'
    'x-ms-version': 'REDACTED'
    'Accept': 'application/xml'
    'User-Agent': 'azsdk-python-storage-blob/12.19.1 Python/3.12.2 (Linux-6.6.22-linuxkit-x86_64-with-glibc2.36)'
    'x-ms-date': 'REDACTED'
    'x-ms-client-request-id': '22bc8e7a-0685-11ef-bbae-0242ac1d0004'
    'Authorization': 'REDACTED'
No body was attached to the request
[2024-04-30T00:03:55.635+0000] {_universal.py:550} INFO - Response status: 206
Response headers:
    'Content-Length': '4194304'
    'Content-Type': 'application/octet-stream'
    'Content-Range': 'REDACTED'
    'Last-Modified': 'Mon, 29 Apr 2024 17:07:16 GMT'
    'Accept-Ranges': 'REDACTED'
    'ETag': '"0x8DC686ED2A077F8"'
    'Server': 'Windows-Azure-Blob/1.0 Microsoft-HTTPAPI/2.0'
    'x-ms-request-id': '47c7af72-201e-002c-0d91-9a2430000000'
    'x-ms-client-request-id': '22bc8e7a-0685-11ef-bbae-0242ac1d0004'
    'x-ms-version': 'REDACTED'
    'x-ms-creation-time': 'REDACTED'
    'x-ms-lease-status': 'REDACTED'
    'x-ms-lease-state': 'REDACTED'
    'x-ms-blob-type': 'REDACTED'
    'x-ms-server-encrypted': 'REDACTED'
    'Date': 'Tue, 30 Apr 2024 00:03:54 GMT'
[2024-04-30T00:04:06.351+0000] {_universal.py:514} INFO - Request URL: 'https://azureyellowcab.blob.core.windows.net/cabfiles/yellow_tripdata_2011-01.parquet'
Request method: 'GET'
Request headers:
    'x-ms-range': 'REDACTED'
    'If-Match': '"0x8DC686ED2A077F8"'
    'x-ms-version': 'REDACTED'
    'Accept': 'application/xml'
    'User-Agent': 'azsdk-python-storage-blob/12.19.1 Python/3.12.2 (Linux-6.6.22-linuxkit-x86_64-with-glibc2.36)'
    'x-ms-date': 'REDACTED'
    'x-ms-client-request-id': '2934ac88-0685-11ef-bbae-0242ac1d0004'
    'Authorization': 'REDACTED'
No body was attached to the request
[2024-04-30T00:04:06.467+0000] {_universal.py:550} INFO - Response status: 206
Response headers:
    'Content-Length': '4194304'
    'Content-Type': 'application/octet-stream'
    'Content-Range': 'REDACTED'
    'Last-Modified': 'Mon, 29 Apr 2024 17:07:16 GMT'
    'Accept-Ranges': 'REDACTED'
    'ETag': '"0x8DC686ED2A077F8"'
    'Server': 'Windows-Azure-Blob/1.0 Microsoft-HTTPAPI/2.0'
    'x-ms-request-id': '47c7ea31-201e-002c-0591-9a2430000000'
    'x-ms-client-request-id': '2934ac88-0685-11ef-bbae-0242ac1d0004'
    'x-ms-version': 'REDACTED'
    'x-ms-creation-time': 'REDACTED'
    'x-ms-lease-status': 'REDACTED'
    'x-ms-lease-state': 'REDACTED'
    'x-ms-blob-type': 'REDACTED'
    'x-ms-server-encrypted': 'REDACTED'
    'Date': 'Tue, 30 Apr 2024 00:04:05 GMT'
[2024-04-30T00:04:14.760+0000] {_universal.py:514} INFO - Request URL: 'https://azureyellowcab.blob.core.windows.net/cabfiles/yellow_tripdata_2011-01.parquet'
Request method: 'GET'
Request headers:
    'x-ms-range': 'REDACTED'
    'If-Match': '"0x8DC686ED2A077F8"'
    'x-ms-version': 'REDACTED'
    'Accept': 'application/xml'
    'User-Agent': 'azsdk-python-storage-blob/12.19.1 Python/3.12.2 (Linux-6.6.22-linuxkit-x86_64-with-glibc2.36)'
    'x-ms-date': 'REDACTED'
    'x-ms-client-request-id': '2e37ad7a-0685-11ef-bbae-0242ac1d0004'
    'Authorization': 'REDACTED'
No body was attached to the request
[2024-04-30T00:04:14.888+0000] {_universal.py:550} INFO - Response status: 206
Response headers:
    'Content-Length': '4194304'
    'Content-Type': 'application/octet-stream'
    'Content-Range': 'REDACTED'
    'Last-Modified': 'Mon, 29 Apr 2024 17:07:16 GMT'
    'Accept-Ranges': 'REDACTED'
    'ETag': '"0x8DC686ED2A077F8"'
    'Server': 'Windows-Azure-Blob/1.0 Microsoft-HTTPAPI/2.0'
    'x-ms-request-id': '47c8184a-201e-002c-4391-9a2430000000'
    'x-ms-client-request-id': '2e37ad7a-0685-11ef-bbae-0242ac1d0004'
    'x-ms-version': 'REDACTED'
    'x-ms-creation-time': 'REDACTED'
    'x-ms-lease-status': 'REDACTED'
    'x-ms-lease-state': 'REDACTED'
    'x-ms-blob-type': 'REDACTED'
    'x-ms-server-encrypted': 'REDACTED'
    'Date': 'Tue, 30 Apr 2024 00:04:14 GMT'
[2024-04-30T00:04:26.546+0000] {_universal.py:514} INFO - Request URL: 'https://azureyellowcab.blob.core.windows.net/cabfiles/yellow_tripdata_2011-01.parquet'
Request method: 'GET'
Request headers:
    'x-ms-range': 'REDACTED'
    'If-Match': '"0x8DC686ED2A077F8"'
    'x-ms-version': 'REDACTED'
    'Accept': 'application/xml'
    'User-Agent': 'azsdk-python-storage-blob/12.19.1 Python/3.12.2 (Linux-6.6.22-linuxkit-x86_64-with-glibc2.36)'
    'x-ms-date': 'REDACTED'
    'x-ms-client-request-id': '353e2ba8-0685-11ef-bbae-0242ac1d0004'
    'Authorization': 'REDACTED'
No body was attached to the request
[2024-04-30T00:04:26.665+0000] {_universal.py:550} INFO - Response status: 206
Response headers:
    'Content-Length': '4194304'
    'Content-Type': 'application/octet-stream'
    'Content-Range': 'REDACTED'
    'Last-Modified': 'Mon, 29 Apr 2024 17:07:16 GMT'
    'Accept-Ranges': 'REDACTED'
    'ETag': '"0x8DC686ED2A077F8"'
    'Server': 'Windows-Azure-Blob/1.0 Microsoft-HTTPAPI/2.0'
    'x-ms-request-id': '47c85737-201e-002c-6a91-9a2430000000'
    'x-ms-client-request-id': '353e2ba8-0685-11ef-bbae-0242ac1d0004'
    'x-ms-version': 'REDACTED'
    'x-ms-creation-time': 'REDACTED'
    'x-ms-lease-status': 'REDACTED'
    'x-ms-lease-state': 'REDACTED'
    'x-ms-blob-type': 'REDACTED'
    'x-ms-server-encrypted': 'REDACTED'
    'Date': 'Tue, 30 Apr 2024 00:04:25 GMT'
[2024-04-30T00:04:39.164+0000] {_universal.py:514} INFO - Request URL: 'https://azureyellowcab.blob.core.windows.net/cabfiles/yellow_tripdata_2011-01.parquet'
Request method: 'GET'
Request headers:
    'x-ms-range': 'REDACTED'
    'If-Match': '"0x8DC686ED2A077F8"'
    'x-ms-version': 'REDACTED'
    'Accept': 'application/xml'
    'User-Agent': 'azsdk-python-storage-blob/12.19.1 Python/3.12.2 (Linux-6.6.22-linuxkit-x86_64-with-glibc2.36)'
    'x-ms-date': 'REDACTED'
    'x-ms-client-request-id': '3cc37d7e-0685-11ef-bbae-0242ac1d0004'
    'Authorization': 'REDACTED'
No body was attached to the request
[2024-04-30T00:04:39.276+0000] {_universal.py:550} INFO - Response status: 206
Response headers:
    'Content-Length': '4194304'
    'Content-Type': 'application/octet-stream'
    'Content-Range': 'REDACTED'
    'Last-Modified': 'Mon, 29 Apr 2024 17:07:16 GMT'
    'Accept-Ranges': 'REDACTED'
    'ETag': '"0x8DC686ED2A077F8"'
    'Server': 'Windows-Azure-Blob/1.0 Microsoft-HTTPAPI/2.0'
    'x-ms-request-id': '47c897cd-201e-002c-4591-9a2430000000'
    'x-ms-client-request-id': '3cc37d7e-0685-11ef-bbae-0242ac1d0004'
    'x-ms-version': 'REDACTED'
    'x-ms-creation-time': 'REDACTED'
    'x-ms-lease-status': 'REDACTED'
    'x-ms-lease-state': 'REDACTED'
    'x-ms-blob-type': 'REDACTED'
    'x-ms-server-encrypted': 'REDACTED'
    'Date': 'Tue, 30 Apr 2024 00:04:38 GMT'
[2024-04-30T00:04:45.828+0000] {_universal.py:514} INFO - Request URL: 'https://azureyellowcab.blob.core.windows.net/cabfiles/yellow_tripdata_2011-01.parquet'
Request method: 'GET'
Request headers:
    'x-ms-range': 'REDACTED'
    'If-Match': '"0x8DC686ED2A077F8"'
    'x-ms-version': 'REDACTED'
    'Accept': 'application/xml'
    'User-Agent': 'azsdk-python-storage-blob/12.19.1 Python/3.12.2 (Linux-6.6.22-linuxkit-x86_64-with-glibc2.36)'
    'x-ms-date': 'REDACTED'
    'x-ms-client-request-id': '40bc5a2c-0685-11ef-bbae-0242ac1d0004'
    'Authorization': 'REDACTED'
No body was attached to the request
[2024-04-30T00:04:45.955+0000] {_universal.py:550} INFO - Response status: 206
Response headers:
    'Content-Length': '4194304'
    'Content-Type': 'application/octet-stream'
    'Content-Range': 'REDACTED'
    'Last-Modified': 'Mon, 29 Apr 2024 17:07:16 GMT'
    'Accept-Ranges': 'REDACTED'
    'ETag': '"0x8DC686ED2A077F8"'
    'Server': 'Windows-Azure-Blob/1.0 Microsoft-HTTPAPI/2.0'
    'x-ms-request-id': '47c8bac2-201e-002c-0f92-9a2430000000'
    'x-ms-client-request-id': '40bc5a2c-0685-11ef-bbae-0242ac1d0004'
    'x-ms-version': 'REDACTED'
    'x-ms-creation-time': 'REDACTED'
    'x-ms-lease-status': 'REDACTED'
    'x-ms-lease-state': 'REDACTED'
    'x-ms-blob-type': 'REDACTED'
    'x-ms-server-encrypted': 'REDACTED'
    'Date': 'Tue, 30 Apr 2024 00:04:45 GMT'
[2024-04-30T00:04:59.979+0000] {_universal.py:514} INFO - Request URL: 'https://azureyellowcab.blob.core.windows.net/cabfiles/yellow_tripdata_2011-01.parquet'
Request method: 'GET'
Request headers:
    'x-ms-range': 'REDACTED'
    'If-Match': '"0x8DC686ED2A077F8"'
    'x-ms-version': 'REDACTED'
    'Accept': 'application/xml'
    'User-Agent': 'azsdk-python-storage-blob/12.19.1 Python/3.12.2 (Linux-6.6.22-linuxkit-x86_64-with-glibc2.36)'
    'x-ms-date': 'REDACTED'
    'x-ms-client-request-id': '492bac26-0685-11ef-bbae-0242ac1d0004'
    'Authorization': 'REDACTED'
No body was attached to the request
[2024-04-30T00:05:00.087+0000] {_universal.py:550} INFO - Response status: 206
Response headers:
    'Content-Length': '4194304'
    'Content-Type': 'application/octet-stream'
    'Content-Range': 'REDACTED'
    'Last-Modified': 'Mon, 29 Apr 2024 17:07:16 GMT'
    'Accept-Ranges': 'REDACTED'
    'ETag': '"0x8DC686ED2A077F8"'
    'Server': 'Windows-Azure-Blob/1.0 Microsoft-HTTPAPI/2.0'
    'x-ms-request-id': '47c90458-201e-002c-7492-9a2430000000'
    'x-ms-client-request-id': '492bac26-0685-11ef-bbae-0242ac1d0004'
    'x-ms-version': 'REDACTED'
    'x-ms-creation-time': 'REDACTED'
    'x-ms-lease-status': 'REDACTED'
    'x-ms-lease-state': 'REDACTED'
    'x-ms-blob-type': 'REDACTED'
    'x-ms-server-encrypted': 'REDACTED'
    'Date': 'Tue, 30 Apr 2024 00:04:59 GMT'
[2024-04-30T00:05:07.655+0000] {_universal.py:514} INFO - Request URL: 'https://azureyellowcab.blob.core.windows.net/cabfiles/yellow_tripdata_2011-01.parquet'
Request method: 'GET'
Request headers:
    'x-ms-range': 'REDACTED'
    'If-Match': '"0x8DC686ED2A077F8"'
    'x-ms-version': 'REDACTED'
    'Accept': 'application/xml'
    'User-Agent': 'azsdk-python-storage-blob/12.19.1 Python/3.12.2 (Linux-6.6.22-linuxkit-x86_64-with-glibc2.36)'
    'x-ms-date': 'REDACTED'
    'x-ms-client-request-id': '4dbf0666-0685-11ef-bbae-0242ac1d0004'
    'Authorization': 'REDACTED'
No body was attached to the request
[2024-04-30T00:05:07.754+0000] {_universal.py:550} INFO - Response status: 206
Response headers:
    'Content-Length': '4194304'
    'Content-Type': 'application/octet-stream'
    'Content-Range': 'REDACTED'
    'Last-Modified': 'Mon, 29 Apr 2024 17:07:16 GMT'
    'Accept-Ranges': 'REDACTED'
    'ETag': '"0x8DC686ED2A077F8"'
    'Server': 'Windows-Azure-Blob/1.0 Microsoft-HTTPAPI/2.0'
    'x-ms-request-id': '47c92f4c-201e-002c-2792-9a2430000000'
    'x-ms-client-request-id': '4dbf0666-0685-11ef-bbae-0242ac1d0004'
    'x-ms-version': 'REDACTED'
    'x-ms-creation-time': 'REDACTED'
    'x-ms-lease-status': 'REDACTED'
    'x-ms-lease-state': 'REDACTED'
    'x-ms-blob-type': 'REDACTED'
    'x-ms-server-encrypted': 'REDACTED'
    'Date': 'Tue, 30 Apr 2024 00:05:06 GMT'
[2024-04-30T00:05:14.755+0000] {_universal.py:514} INFO - Request URL: 'https://azureyellowcab.blob.core.windows.net/cabfiles/yellow_tripdata_2011-01.parquet'
Request method: 'GET'
Request headers:
    'x-ms-range': 'REDACTED'
    'If-Match': '"0x8DC686ED2A077F8"'
    'x-ms-version': 'REDACTED'
    'Accept': 'application/xml'
    'User-Agent': 'azsdk-python-storage-blob/12.19.1 Python/3.12.2 (Linux-6.6.22-linuxkit-x86_64-with-glibc2.36)'
    'x-ms-date': 'REDACTED'
    'x-ms-client-request-id': '51fa63c4-0685-11ef-bbae-0242ac1d0004'
    'Authorization': 'REDACTED'
No body was attached to the request
[2024-04-30T00:05:14.892+0000] {_universal.py:550} INFO - Response status: 206
Response headers:
    'Content-Length': '4194304'
    'Content-Type': 'application/octet-stream'
    'Content-Range': 'REDACTED'
    'Last-Modified': 'Mon, 29 Apr 2024 17:07:16 GMT'
    'Accept-Ranges': 'REDACTED'
    'ETag': '"0x8DC686ED2A077F8"'
    'Server': 'Windows-Azure-Blob/1.0 Microsoft-HTTPAPI/2.0'
    'x-ms-request-id': '47c95805-201e-002c-0992-9a2430000000'
    'x-ms-client-request-id': '51fa63c4-0685-11ef-bbae-0242ac1d0004'
    'x-ms-version': 'REDACTED'
    'x-ms-creation-time': 'REDACTED'
    'x-ms-lease-status': 'REDACTED'
    'x-ms-lease-state': 'REDACTED'
    'x-ms-blob-type': 'REDACTED'
    'x-ms-server-encrypted': 'REDACTED'
    'Date': 'Tue, 30 Apr 2024 00:05:14 GMT'
[2024-04-30T00:05:23.615+0000] {_universal.py:514} INFO - Request URL: 'https://azureyellowcab.blob.core.windows.net/cabfiles/yellow_tripdata_2011-01.parquet'
Request method: 'GET'
Request headers:
    'x-ms-range': 'REDACTED'
    'If-Match': '"0x8DC686ED2A077F8"'
    'x-ms-version': 'REDACTED'
    'Accept': 'application/xml'
    'User-Agent': 'azsdk-python-storage-blob/12.19.1 Python/3.12.2 (Linux-6.6.22-linuxkit-x86_64-with-glibc2.36)'
    'x-ms-date': 'REDACTED'
    'x-ms-client-request-id': '57424996-0685-11ef-bbae-0242ac1d0004'
    'Authorization': 'REDACTED'
No body was attached to the request
[2024-04-30T00:05:23.743+0000] {_universal.py:550} INFO - Response status: 206
Response headers:
    'Content-Length': '4194304'
    'Content-Type': 'application/octet-stream'
    'Content-Range': 'REDACTED'
    'Last-Modified': 'Mon, 29 Apr 2024 17:07:16 GMT'
    'Accept-Ranges': 'REDACTED'
    'ETag': '"0x8DC686ED2A077F8"'
    'Server': 'Windows-Azure-Blob/1.0 Microsoft-HTTPAPI/2.0'
    'x-ms-request-id': '47c99231-201e-002c-0f92-9a2430000000'
    'x-ms-client-request-id': '57424996-0685-11ef-bbae-0242ac1d0004'
    'x-ms-version': 'REDACTED'
    'x-ms-creation-time': 'REDACTED'
    'x-ms-lease-status': 'REDACTED'
    'x-ms-lease-state': 'REDACTED'
    'x-ms-blob-type': 'REDACTED'
    'x-ms-server-encrypted': 'REDACTED'
    'Date': 'Tue, 30 Apr 2024 00:05:22 GMT'
[2024-04-30T00:05:30.159+0000] {_universal.py:514} INFO - Request URL: 'https://azureyellowcab.blob.core.windows.net/cabfiles/yellow_tripdata_2011-01.parquet'
Request method: 'GET'
Request headers:
    'x-ms-range': 'REDACTED'
    'If-Match': '"0x8DC686ED2A077F8"'
    'x-ms-version': 'REDACTED'
    'Accept': 'application/xml'
    'User-Agent': 'azsdk-python-storage-blob/12.19.1 Python/3.12.2 (Linux-6.6.22-linuxkit-x86_64-with-glibc2.36)'
    'x-ms-date': 'REDACTED'
    'x-ms-client-request-id': '5b28be1e-0685-11ef-bbae-0242ac1d0004'
    'Authorization': 'REDACTED'
No body was attached to the request
[2024-04-30T00:05:30.292+0000] {_universal.py:550} INFO - Response status: 206
Response headers:
    'Content-Length': '4194304'
    'Content-Type': 'application/octet-stream'
    'Content-Range': 'REDACTED'
    'Last-Modified': 'Mon, 29 Apr 2024 17:07:16 GMT'
    'Accept-Ranges': 'REDACTED'
    'ETag': '"0x8DC686ED2A077F8"'
    'Server': 'Windows-Azure-Blob/1.0 Microsoft-HTTPAPI/2.0'
    'x-ms-request-id': '47c9bcb2-201e-002c-7c92-9a2430000000'
    'x-ms-client-request-id': '5b28be1e-0685-11ef-bbae-0242ac1d0004'
    'x-ms-version': 'REDACTED'
    'x-ms-creation-time': 'REDACTED'
    'x-ms-lease-status': 'REDACTED'
    'x-ms-lease-state': 'REDACTED'
    'x-ms-blob-type': 'REDACTED'
    'x-ms-server-encrypted': 'REDACTED'
    'Date': 'Tue, 30 Apr 2024 00:05:29 GMT'
[2024-04-30T00:05:41.075+0000] {_universal.py:514} INFO - Request URL: 'https://azureyellowcab.blob.core.windows.net/cabfiles/yellow_tripdata_2011-01.parquet'
Request method: 'GET'
Request headers:
    'x-ms-range': 'REDACTED'
    'If-Match': '"0x8DC686ED2A077F8"'
    'x-ms-version': 'REDACTED'
    'Accept': 'application/xml'
    'User-Agent': 'azsdk-python-storage-blob/12.19.1 Python/3.12.2 (Linux-6.6.22-linuxkit-x86_64-with-glibc2.36)'
    'x-ms-date': 'REDACTED'
    'x-ms-client-request-id': '61aa5284-0685-11ef-bbae-0242ac1d0004'
    'Authorization': 'REDACTED'
No body was attached to the request
[2024-04-30T00:05:41.245+0000] {_universal.py:550} INFO - Response status: 206
Response headers:
    'Content-Length': '4194304'
    'Content-Type': 'application/octet-stream'
    'Content-Range': 'REDACTED'
    'Last-Modified': 'Mon, 29 Apr 2024 17:07:16 GMT'
    'Accept-Ranges': 'REDACTED'
    'ETag': '"0x8DC686ED2A077F8"'
    'Server': 'Windows-Azure-Blob/1.0 Microsoft-HTTPAPI/2.0'
    'x-ms-request-id': '47c9ff3e-201e-002c-1692-9a2430000000'
    'x-ms-client-request-id': '61aa5284-0685-11ef-bbae-0242ac1d0004'
    'x-ms-version': 'REDACTED'
    'x-ms-creation-time': 'REDACTED'
    'x-ms-lease-status': 'REDACTED'
    'x-ms-lease-state': 'REDACTED'
    'x-ms-blob-type': 'REDACTED'
    'x-ms-server-encrypted': 'REDACTED'
    'Date': 'Tue, 30 Apr 2024 00:05:40 GMT'
[2024-04-30T00:05:49.729+0000] {_universal.py:514} INFO - Request URL: 'https://azureyellowcab.blob.core.windows.net/cabfiles/yellow_tripdata_2011-01.parquet'
Request method: 'GET'
Request headers:
    'x-ms-range': 'REDACTED'
    'If-Match': '"0x8DC686ED2A077F8"'
    'x-ms-version': 'REDACTED'
    'Accept': 'application/xml'
    'User-Agent': 'azsdk-python-storage-blob/12.19.1 Python/3.12.2 (Linux-6.6.22-linuxkit-x86_64-with-glibc2.36)'
    'x-ms-date': 'REDACTED'
    'x-ms-client-request-id': '66d2fa9a-0685-11ef-bbae-0242ac1d0004'
    'Authorization': 'REDACTED'
No body was attached to the request
[2024-04-30T00:05:49.835+0000] {_universal.py:550} INFO - Response status: 206
Response headers:
    'Content-Length': '4194304'
    'Content-Type': 'application/octet-stream'
    'Content-Range': 'REDACTED'
    'Last-Modified': 'Mon, 29 Apr 2024 17:07:16 GMT'
    'Accept-Ranges': 'REDACTED'
    'ETag': '"0x8DC686ED2A077F8"'
    'Server': 'Windows-Azure-Blob/1.0 Microsoft-HTTPAPI/2.0'
    'x-ms-request-id': '47ca2ff7-201e-002c-3192-9a2430000000'
    'x-ms-client-request-id': '66d2fa9a-0685-11ef-bbae-0242ac1d0004'
    'x-ms-version': 'REDACTED'
    'x-ms-creation-time': 'REDACTED'
    'x-ms-lease-status': 'REDACTED'
    'x-ms-lease-state': 'REDACTED'
    'x-ms-blob-type': 'REDACTED'
    'x-ms-server-encrypted': 'REDACTED'
    'Date': 'Tue, 30 Apr 2024 00:05:50 GMT'
[2024-04-30T00:05:59.510+0000] {_universal.py:514} INFO - Request URL: 'https://azureyellowcab.blob.core.windows.net/cabfiles/yellow_tripdata_2011-01.parquet'
Request method: 'GET'
Request headers:
    'x-ms-range': 'REDACTED'
    'If-Match': '"0x8DC686ED2A077F8"'
    'x-ms-version': 'REDACTED'
    'Accept': 'application/xml'
    'User-Agent': 'azsdk-python-storage-blob/12.19.1 Python/3.12.2 (Linux-6.6.22-linuxkit-x86_64-with-glibc2.36)'
    'x-ms-date': 'REDACTED'
    'x-ms-client-request-id': '6ca76e56-0685-11ef-bbae-0242ac1d0004'
    'Authorization': 'REDACTED'
No body was attached to the request
[2024-04-30T00:05:59.620+0000] {_universal.py:550} INFO - Response status: 206
Response headers:
    'Content-Length': '4194304'
    'Content-Type': 'application/octet-stream'
    'Content-Range': 'REDACTED'
    'Last-Modified': 'Mon, 29 Apr 2024 17:07:16 GMT'
    'Accept-Ranges': 'REDACTED'
    'ETag': '"0x8DC686ED2A077F8"'
    'Server': 'Windows-Azure-Blob/1.0 Microsoft-HTTPAPI/2.0'
    'x-ms-request-id': '47ca5e4f-201e-002c-6d92-9a2430000000'
    'x-ms-client-request-id': '6ca76e56-0685-11ef-bbae-0242ac1d0004'
    'x-ms-version': 'REDACTED'
    'x-ms-creation-time': 'REDACTED'
    'x-ms-lease-status': 'REDACTED'
    'x-ms-lease-state': 'REDACTED'
    'x-ms-blob-type': 'REDACTED'
    'x-ms-server-encrypted': 'REDACTED'
    'Date': 'Tue, 30 Apr 2024 00:05:59 GMT'
[2024-04-30T00:06:09.388+0000] {_universal.py:514} INFO - Request URL: 'https://azureyellowcab.blob.core.windows.net/cabfiles/yellow_tripdata_2011-01.parquet'
Request method: 'GET'
Request headers:
    'x-ms-range': 'REDACTED'
    'If-Match': '"0x8DC686ED2A077F8"'
    'x-ms-version': 'REDACTED'
    'Accept': 'application/xml'
    'User-Agent': 'azsdk-python-storage-blob/12.19.1 Python/3.12.2 (Linux-6.6.22-linuxkit-x86_64-with-glibc2.36)'
    'x-ms-date': 'REDACTED'
    'x-ms-client-request-id': '728aa284-0685-11ef-bbae-0242ac1d0004'
    'Authorization': 'REDACTED'
No body was attached to the request
[2024-04-30T00:06:09.526+0000] {_universal.py:550} INFO - Response status: 206
Response headers:
    'Content-Length': '4194304'
    'Content-Type': 'application/octet-stream'
    'Content-Range': 'REDACTED'
    'Last-Modified': 'Mon, 29 Apr 2024 17:07:16 GMT'
    'Accept-Ranges': 'REDACTED'
    'ETag': '"0x8DC686ED2A077F8"'
    'Server': 'Windows-Azure-Blob/1.0 Microsoft-HTTPAPI/2.0'
    'x-ms-request-id': '47ca8ee0-201e-002c-4192-9a2430000000'
    'x-ms-client-request-id': '728aa284-0685-11ef-bbae-0242ac1d0004'
    'x-ms-version': 'REDACTED'
    'x-ms-creation-time': 'REDACTED'
    'x-ms-lease-status': 'REDACTED'
    'x-ms-lease-state': 'REDACTED'
    'x-ms-blob-type': 'REDACTED'
    'x-ms-server-encrypted': 'REDACTED'
    'Date': 'Tue, 30 Apr 2024 00:06:09 GMT'
[2024-04-30T00:06:16.737+0000] {local_task_job_runner.py:310} WARNING - State of this instance has been externally set to success. Terminating instance.
[2024-04-30T00:06:16.808+0000] {local_task_job_runner.py:222} INFO - ::endgroup::
[2024-04-30T00:06:16.840+0000] {process_utils.py:132} INFO - Sending 15 to group 111. PIDs of all processes in the group: [111]
[2024-04-30T00:06:16.868+0000] {process_utils.py:87} INFO - Sending the signal 15 to group 111
[2024-04-30T00:06:16.875+0000] {taskinstance.py:2607} ERROR - Received SIGTERM. Terminating subprocesses.
[2024-04-30T00:06:16.898+0000] {taskinstance.py:441} INFO - ::group::Post task execution logs
[2024-04-30T00:06:17.218+0000] {process_utils.py:80} INFO - Process psutil.Process(pid=111, status='terminated', exitcode=0, started='00:02:42') (111) terminated with exit code 0
