[2024-04-30T06:00:38.502+0000] {local_task_job_runner.py:120} INFO - ::group::Pre task execution logs
[2024-04-30T06:00:38.533+0000] {taskinstance.py:2073} INFO - Dependencies all met for dep_context=non-requeueable deps ti=<TaskInstance: dag_yellow_cab.request_file manual__2024-04-30T06:00:34.889423+00:00 [queued]>
[2024-04-30T06:00:38.542+0000] {taskinstance.py:2073} INFO - Dependencies all met for dep_context=requeueable deps ti=<TaskInstance: dag_yellow_cab.request_file manual__2024-04-30T06:00:34.889423+00:00 [queued]>
[2024-04-30T06:00:38.543+0000] {taskinstance.py:2303} INFO - Starting attempt 1 of 1
[2024-04-30T06:00:38.557+0000] {taskinstance.py:2327} INFO - Executing <Task(PythonOperator): request_file> on 2024-04-30 06:00:34.889423+00:00
[2024-04-30T06:00:38.574+0000] {warnings.py:110} WARNING - /home/***/.local/lib/python3.12/site-packages/***/task/task_runner/standard_task_runner.py:61: DeprecationWarning: This process (pid=336) is multi-threaded, use of fork() may lead to deadlocks in the child.
  pid = os.fork()

[2024-04-30T06:00:38.579+0000] {standard_task_runner.py:63} INFO - Started process 345 to run task
[2024-04-30T06:00:38.574+0000] {standard_task_runner.py:90} INFO - Running: ['***', 'tasks', 'run', 'dag_yellow_cab', 'request_file', 'manual__2024-04-30T06:00:34.889423+00:00', '--job-id', '194', '--raw', '--subdir', 'DAGS_FOLDER/dag.py', '--cfg-path', '/tmp/tmp95rdjkwj']
[2024-04-30T06:00:38.581+0000] {standard_task_runner.py:91} INFO - Job 194: Subtask request_file
[2024-04-30T06:00:38.668+0000] {task_command.py:426} INFO - Running <TaskInstance: dag_yellow_cab.request_file manual__2024-04-30T06:00:34.889423+00:00 [running]> on host 8b8822eba36f
[2024-04-30T06:00:38.785+0000] {taskinstance.py:2644} INFO - Exporting env vars: AIRFLOW_CTX_DAG_OWNER='***' AIRFLOW_CTX_DAG_ID='dag_yellow_cab' AIRFLOW_CTX_TASK_ID='request_file' AIRFLOW_CTX_EXECUTION_DATE='2024-04-30T06:00:34.889423+00:00' AIRFLOW_CTX_TRY_NUMBER='1' AIRFLOW_CTX_DAG_RUN_ID='manual__2024-04-30T06:00:34.889423+00:00'
[2024-04-30T06:00:38.787+0000] {taskinstance.py:430} INFO - ::endgroup::
[2024-04-30T06:00:38.822+0000] {_universal.py:514} INFO - Request URL: 'https://azureyellowcab.blob.core.windows.net/cabfiles?restype=REDACTED&comp=REDACTED'
Request method: 'GET'
Request headers:
    'x-ms-version': 'REDACTED'
    'Accept': 'application/xml'
    'User-Agent': 'azsdk-python-storage-blob/12.19.1 Python/3.12.2 (Linux-6.6.22-linuxkit-x86_64-with-glibc2.36)'
    'x-ms-date': 'REDACTED'
    'x-ms-client-request-id': 'f81c6cbc-06b6-11ef-a6f0-0242c0a83006'
    'Authorization': 'REDACTED'
No body was attached to the request
[2024-04-30T06:00:39.288+0000] {_universal.py:550} INFO - Response status: 200
Response headers:
    'Transfer-Encoding': 'chunked'
    'Content-Type': 'application/xml'
    'Server': 'Windows-Azure-Blob/1.0 Microsoft-HTTPAPI/2.0'
    'x-ms-request-id': 'fde52b05-f01e-0010-15c3-9a0df7000000'
    'x-ms-client-request-id': 'f81c6cbc-06b6-11ef-a6f0-0242c0a83006'
    'x-ms-version': 'REDACTED'
    'Date': 'Tue, 30 Apr 2024 06:00:39 GMT'
[2024-04-30T06:00:39.315+0000] {_universal.py:514} INFO - Request URL: 'https://azureyellowcab.blob.core.windows.net/cabfiles/yellow_tripdata_2011-02.parquet'
Request method: 'GET'
Request headers:
    'x-ms-range': 'REDACTED'
    'x-ms-version': 'REDACTED'
    'Accept': 'application/xml'
    'User-Agent': 'azsdk-python-storage-blob/12.19.1 Python/3.12.2 (Linux-6.6.22-linuxkit-x86_64-with-glibc2.36)'
    'x-ms-date': 'REDACTED'
    'x-ms-client-request-id': 'f867e05c-06b6-11ef-a6f0-0242c0a83006'
    'Authorization': 'REDACTED'
No body was attached to the request
[2024-04-30T06:00:39.450+0000] {_universal.py:550} INFO - Response status: 206
Response headers:
    'Content-Length': '33554432'
    'Content-Type': 'application/octet-stream'
    'Content-Range': 'REDACTED'
    'Last-Modified': 'Tue, 30 Apr 2024 04:47:12 GMT'
    'Accept-Ranges': 'REDACTED'
    'ETag': '"0x8DC68D099B8E3CA"'
    'Server': 'Windows-Azure-Blob/1.0 Microsoft-HTTPAPI/2.0'
    'x-ms-request-id': 'fde52b94-f01e-0010-0dc3-9a0df7000000'
    'x-ms-client-request-id': 'f867e05c-06b6-11ef-a6f0-0242c0a83006'
    'x-ms-version': 'REDACTED'
    'x-ms-creation-time': 'REDACTED'
    'x-ms-lease-status': 'REDACTED'
    'x-ms-lease-state': 'REDACTED'
    'x-ms-blob-type': 'REDACTED'
    'x-ms-server-encrypted': 'REDACTED'
    'Date': 'Tue, 30 Apr 2024 06:00:39 GMT'
[2024-04-30T06:01:03.880+0000] {_universal.py:514} INFO - Request URL: 'https://azureyellowcab.blob.core.windows.net/cabfiles/yellow_tripdata_2011-02.parquet'
Request method: 'GET'
Request headers:
    'x-ms-range': 'REDACTED'
    'If-Match': '"0x8DC68D099B8E3CA"'
    'x-ms-version': 'REDACTED'
    'Accept': 'application/xml'
    'User-Agent': 'azsdk-python-storage-blob/12.19.1 Python/3.12.2 (Linux-6.6.22-linuxkit-x86_64-with-glibc2.36)'
    'x-ms-date': 'REDACTED'
    'x-ms-client-request-id': '070c442c-06b7-11ef-a6f0-0242c0a83006'
    'Authorization': 'REDACTED'
No body was attached to the request
[2024-04-30T06:01:04.033+0000] {_universal.py:550} INFO - Response status: 206
Response headers:
    'Content-Length': '4194304'
    'Content-Type': 'application/octet-stream'
    'Content-Range': 'REDACTED'
    'Last-Modified': 'Tue, 30 Apr 2024 04:47:12 GMT'
    'Accept-Ranges': 'REDACTED'
    'ETag': '"0x8DC68D099B8E3CA"'
    'Server': 'Windows-Azure-Blob/1.0 Microsoft-HTTPAPI/2.0'
    'x-ms-request-id': 'fde5a959-f01e-0010-35c3-9a0df7000000'
    'x-ms-client-request-id': '070c442c-06b7-11ef-a6f0-0242c0a83006'
    'x-ms-version': 'REDACTED'
    'x-ms-creation-time': 'REDACTED'
    'x-ms-lease-status': 'REDACTED'
    'x-ms-lease-state': 'REDACTED'
    'x-ms-blob-type': 'REDACTED'
    'x-ms-server-encrypted': 'REDACTED'
    'Date': 'Tue, 30 Apr 2024 06:01:03 GMT'
[2024-04-30T06:01:09.385+0000] {_universal.py:514} INFO - Request URL: 'https://azureyellowcab.blob.core.windows.net/cabfiles/yellow_tripdata_2011-02.parquet'
Request method: 'GET'
Request headers:
    'x-ms-range': 'REDACTED'
    'If-Match': '"0x8DC68D099B8E3CA"'
    'x-ms-version': 'REDACTED'
    'Accept': 'application/xml'
    'User-Agent': 'azsdk-python-storage-blob/12.19.1 Python/3.12.2 (Linux-6.6.22-linuxkit-x86_64-with-glibc2.36)'
    'x-ms-date': 'REDACTED'
    'x-ms-client-request-id': '0a544530-06b7-11ef-a6f0-0242c0a83006'
    'Authorization': 'REDACTED'
No body was attached to the request
[2024-04-30T06:01:09.498+0000] {_universal.py:550} INFO - Response status: 206
Response headers:
    'Content-Length': '4194304'
    'Content-Type': 'application/octet-stream'
    'Content-Range': 'REDACTED'
    'Last-Modified': 'Tue, 30 Apr 2024 04:47:12 GMT'
    'Accept-Ranges': 'REDACTED'
    'ETag': '"0x8DC68D099B8E3CA"'
    'Server': 'Windows-Azure-Blob/1.0 Microsoft-HTTPAPI/2.0'
    'x-ms-request-id': 'fde5bd53-f01e-0010-79c3-9a0df7000000'
    'x-ms-client-request-id': '0a544530-06b7-11ef-a6f0-0242c0a83006'
    'x-ms-version': 'REDACTED'
    'x-ms-creation-time': 'REDACTED'
    'x-ms-lease-status': 'REDACTED'
    'x-ms-lease-state': 'REDACTED'
    'x-ms-blob-type': 'REDACTED'
    'x-ms-server-encrypted': 'REDACTED'
    'Date': 'Tue, 30 Apr 2024 06:01:09 GMT'
[2024-04-30T06:01:14.810+0000] {_universal.py:514} INFO - Request URL: 'https://azureyellowcab.blob.core.windows.net/cabfiles/yellow_tripdata_2011-02.parquet'
Request method: 'GET'
Request headers:
    'x-ms-range': 'REDACTED'
    'If-Match': '"0x8DC68D099B8E3CA"'
    'x-ms-version': 'REDACTED'
    'Accept': 'application/xml'
    'User-Agent': 'azsdk-python-storage-blob/12.19.1 Python/3.12.2 (Linux-6.6.22-linuxkit-x86_64-with-glibc2.36)'
    'x-ms-date': 'REDACTED'
    'x-ms-client-request-id': '0d8ffc80-06b7-11ef-a6f0-0242c0a83006'
    'Authorization': 'REDACTED'
No body was attached to the request
[2024-04-30T06:01:14.971+0000] {_universal.py:550} INFO - Response status: 206
Response headers:
    'Content-Length': '4194304'
    'Content-Type': 'application/octet-stream'
    'Content-Range': 'REDACTED'
    'Last-Modified': 'Tue, 30 Apr 2024 04:47:12 GMT'
    'Accept-Ranges': 'REDACTED'
    'ETag': '"0x8DC68D099B8E3CA"'
    'Server': 'Windows-Azure-Blob/1.0 Microsoft-HTTPAPI/2.0'
    'x-ms-request-id': 'fde5d282-f01e-0010-6ec3-9a0df7000000'
    'x-ms-client-request-id': '0d8ffc80-06b7-11ef-a6f0-0242c0a83006'
    'x-ms-version': 'REDACTED'
    'x-ms-creation-time': 'REDACTED'
    'x-ms-lease-status': 'REDACTED'
    'x-ms-lease-state': 'REDACTED'
    'x-ms-blob-type': 'REDACTED'
    'x-ms-server-encrypted': 'REDACTED'
    'Date': 'Tue, 30 Apr 2024 06:01:14 GMT'
[2024-04-30T06:01:20.098+0000] {_universal.py:514} INFO - Request URL: 'https://azureyellowcab.blob.core.windows.net/cabfiles/yellow_tripdata_2011-02.parquet'
Request method: 'GET'
Request headers:
    'x-ms-range': 'REDACTED'
    'If-Match': '"0x8DC68D099B8E3CA"'
    'x-ms-version': 'REDACTED'
    'Accept': 'application/xml'
    'User-Agent': 'azsdk-python-storage-blob/12.19.1 Python/3.12.2 (Linux-6.6.22-linuxkit-x86_64-with-glibc2.36)'
    'x-ms-date': 'REDACTED'
    'x-ms-client-request-id': '10b6f008-06b7-11ef-a6f0-0242c0a83006'
    'Authorization': 'REDACTED'
No body was attached to the request
[2024-04-30T06:01:20.206+0000] {_universal.py:550} INFO - Response status: 206
Response headers:
    'Content-Length': '4194304'
    'Content-Type': 'application/octet-stream'
    'Content-Range': 'REDACTED'
    'Last-Modified': 'Tue, 30 Apr 2024 04:47:12 GMT'
    'Accept-Ranges': 'REDACTED'
    'ETag': '"0x8DC68D099B8E3CA"'
    'Server': 'Windows-Azure-Blob/1.0 Microsoft-HTTPAPI/2.0'
    'x-ms-request-id': 'fde5e3da-f01e-0010-45c3-9a0df7000000'
    'x-ms-client-request-id': '10b6f008-06b7-11ef-a6f0-0242c0a83006'
    'x-ms-version': 'REDACTED'
    'x-ms-creation-time': 'REDACTED'
    'x-ms-lease-status': 'REDACTED'
    'x-ms-lease-state': 'REDACTED'
    'x-ms-blob-type': 'REDACTED'
    'x-ms-server-encrypted': 'REDACTED'
    'Date': 'Tue, 30 Apr 2024 06:01:20 GMT'
[2024-04-30T06:01:26.169+0000] {_universal.py:514} INFO - Request URL: 'https://azureyellowcab.blob.core.windows.net/cabfiles/yellow_tripdata_2011-02.parquet'
Request method: 'GET'
Request headers:
    'x-ms-range': 'REDACTED'
    'If-Match': '"0x8DC68D099B8E3CA"'
    'x-ms-version': 'REDACTED'
    'Accept': 'application/xml'
    'User-Agent': 'azsdk-python-storage-blob/12.19.1 Python/3.12.2 (Linux-6.6.22-linuxkit-x86_64-with-glibc2.36)'
    'x-ms-date': 'REDACTED'
    'x-ms-client-request-id': '14553256-06b7-11ef-a6f0-0242c0a83006'
    'Authorization': 'REDACTED'
No body was attached to the request
[2024-04-30T06:01:26.276+0000] {_universal.py:550} INFO - Response status: 206
Response headers:
    'Content-Length': '4194304'
    'Content-Type': 'application/octet-stream'
    'Content-Range': 'REDACTED'
    'Last-Modified': 'Tue, 30 Apr 2024 04:47:12 GMT'
    'Accept-Ranges': 'REDACTED'
    'ETag': '"0x8DC68D099B8E3CA"'
    'Server': 'Windows-Azure-Blob/1.0 Microsoft-HTTPAPI/2.0'
    'x-ms-request-id': 'fde5f9d6-f01e-0010-29c3-9a0df7000000'
    'x-ms-client-request-id': '14553256-06b7-11ef-a6f0-0242c0a83006'
    'x-ms-version': 'REDACTED'
    'x-ms-creation-time': 'REDACTED'
    'x-ms-lease-status': 'REDACTED'
    'x-ms-lease-state': 'REDACTED'
    'x-ms-blob-type': 'REDACTED'
    'x-ms-server-encrypted': 'REDACTED'
    'Date': 'Tue, 30 Apr 2024 06:01:26 GMT'
[2024-04-30T06:01:30.490+0000] {_universal.py:514} INFO - Request URL: 'https://azureyellowcab.blob.core.windows.net/cabfiles/yellow_tripdata_2011-02.parquet'
Request method: 'GET'
Request headers:
    'x-ms-range': 'REDACTED'
    'If-Match': '"0x8DC68D099B8E3CA"'
    'x-ms-version': 'REDACTED'
    'Accept': 'application/xml'
    'User-Agent': 'azsdk-python-storage-blob/12.19.1 Python/3.12.2 (Linux-6.6.22-linuxkit-x86_64-with-glibc2.36)'
    'x-ms-date': 'REDACTED'
    'x-ms-client-request-id': '16e88964-06b7-11ef-a6f0-0242c0a83006'
    'Authorization': 'REDACTED'
No body was attached to the request
[2024-04-30T06:01:30.607+0000] {_universal.py:550} INFO - Response status: 206
Response headers:
    'Content-Length': '4194304'
    'Content-Type': 'application/octet-stream'
    'Content-Range': 'REDACTED'
    'Last-Modified': 'Tue, 30 Apr 2024 04:47:12 GMT'
    'Accept-Ranges': 'REDACTED'
    'ETag': '"0x8DC68D099B8E3CA"'
    'Server': 'Windows-Azure-Blob/1.0 Microsoft-HTTPAPI/2.0'
    'x-ms-request-id': 'fde6090d-f01e-0010-64c3-9a0df7000000'
    'x-ms-client-request-id': '16e88964-06b7-11ef-a6f0-0242c0a83006'
    'x-ms-version': 'REDACTED'
    'x-ms-creation-time': 'REDACTED'
    'x-ms-lease-status': 'REDACTED'
    'x-ms-lease-state': 'REDACTED'
    'x-ms-blob-type': 'REDACTED'
    'x-ms-server-encrypted': 'REDACTED'
    'Date': 'Tue, 30 Apr 2024 06:01:30 GMT'
[2024-04-30T06:01:35.567+0000] {_universal.py:514} INFO - Request URL: 'https://azureyellowcab.blob.core.windows.net/cabfiles/yellow_tripdata_2011-02.parquet'
Request method: 'GET'
Request headers:
    'x-ms-range': 'REDACTED'
    'If-Match': '"0x8DC68D099B8E3CA"'
    'x-ms-version': 'REDACTED'
    'Accept': 'application/xml'
    'User-Agent': 'azsdk-python-storage-blob/12.19.1 Python/3.12.2 (Linux-6.6.22-linuxkit-x86_64-with-glibc2.36)'
    'x-ms-date': 'REDACTED'
    'x-ms-client-request-id': '19ef3c84-06b7-11ef-a6f0-0242c0a83006'
    'Authorization': 'REDACTED'
No body was attached to the request
[2024-04-30T06:01:35.684+0000] {_universal.py:550} INFO - Response status: 206
Response headers:
    'Content-Length': '4194304'
    'Content-Type': 'application/octet-stream'
    'Content-Range': 'REDACTED'
    'Last-Modified': 'Tue, 30 Apr 2024 04:47:12 GMT'
    'Accept-Ranges': 'REDACTED'
    'ETag': '"0x8DC68D099B8E3CA"'
    'Server': 'Windows-Azure-Blob/1.0 Microsoft-HTTPAPI/2.0'
    'x-ms-request-id': 'fde61d7b-f01e-0010-16c3-9a0df7000000'
    'x-ms-client-request-id': '19ef3c84-06b7-11ef-a6f0-0242c0a83006'
    'x-ms-version': 'REDACTED'
    'x-ms-creation-time': 'REDACTED'
    'x-ms-lease-status': 'REDACTED'
    'x-ms-lease-state': 'REDACTED'
    'x-ms-blob-type': 'REDACTED'
    'x-ms-server-encrypted': 'REDACTED'
    'Date': 'Tue, 30 Apr 2024 06:01:35 GMT'
[2024-04-30T06:01:38.670+0000] {_universal.py:514} INFO - Request URL: 'https://azureyellowcab.blob.core.windows.net/cabfiles/yellow_tripdata_2011-02.parquet'
Request method: 'GET'
Request headers:
    'x-ms-range': 'REDACTED'
    'If-Match': '"0x8DC68D099B8E3CA"'
    'x-ms-version': 'REDACTED'
    'Accept': 'application/xml'
    'User-Agent': 'azsdk-python-storage-blob/12.19.1 Python/3.12.2 (Linux-6.6.22-linuxkit-x86_64-with-glibc2.36)'
    'x-ms-date': 'REDACTED'
    'x-ms-client-request-id': '1bc8a7f2-06b7-11ef-a6f0-0242c0a83006'
    'Authorization': 'REDACTED'
No body was attached to the request
[2024-04-30T06:01:38.791+0000] {_universal.py:550} INFO - Response status: 206
Response headers:
    'Content-Length': '4194304'
    'Content-Type': 'application/octet-stream'
    'Content-Range': 'REDACTED'
    'Last-Modified': 'Tue, 30 Apr 2024 04:47:12 GMT'
    'Accept-Ranges': 'REDACTED'
    'ETag': '"0x8DC68D099B8E3CA"'
    'Server': 'Windows-Azure-Blob/1.0 Microsoft-HTTPAPI/2.0'
    'x-ms-request-id': 'fde62906-f01e-0010-36c3-9a0df7000000'
    'x-ms-client-request-id': '1bc8a7f2-06b7-11ef-a6f0-0242c0a83006'
    'x-ms-version': 'REDACTED'
    'x-ms-creation-time': 'REDACTED'
    'x-ms-lease-status': 'REDACTED'
    'x-ms-lease-state': 'REDACTED'
    'x-ms-blob-type': 'REDACTED'
    'x-ms-server-encrypted': 'REDACTED'
    'Date': 'Tue, 30 Apr 2024 06:01:38 GMT'
[2024-04-30T06:01:44.342+0000] {_universal.py:514} INFO - Request URL: 'https://azureyellowcab.blob.core.windows.net/cabfiles/yellow_tripdata_2011-02.parquet'
Request method: 'GET'
Request headers:
    'x-ms-range': 'REDACTED'
    'If-Match': '"0x8DC68D099B8E3CA"'
    'x-ms-version': 'REDACTED'
    'Accept': 'application/xml'
    'User-Agent': 'azsdk-python-storage-blob/12.19.1 Python/3.12.2 (Linux-6.6.22-linuxkit-x86_64-with-glibc2.36)'
    'x-ms-date': 'REDACTED'
    'x-ms-client-request-id': '1f2a2c36-06b7-11ef-a6f0-0242c0a83006'
    'Authorization': 'REDACTED'
No body was attached to the request
[2024-04-30T06:01:44.450+0000] {_universal.py:550} INFO - Response status: 206
Response headers:
    'Content-Length': '4194304'
    'Content-Type': 'application/octet-stream'
    'Content-Range': 'REDACTED'
    'Last-Modified': 'Tue, 30 Apr 2024 04:47:12 GMT'
    'Accept-Ranges': 'REDACTED'
    'ETag': '"0x8DC68D099B8E3CA"'
    'Server': 'Windows-Azure-Blob/1.0 Microsoft-HTTPAPI/2.0'
    'x-ms-request-id': 'fde63b52-f01e-0010-45c3-9a0df7000000'
    'x-ms-client-request-id': '1f2a2c36-06b7-11ef-a6f0-0242c0a83006'
    'x-ms-version': 'REDACTED'
    'x-ms-creation-time': 'REDACTED'
    'x-ms-lease-status': 'REDACTED'
    'x-ms-lease-state': 'REDACTED'
    'x-ms-blob-type': 'REDACTED'
    'x-ms-server-encrypted': 'REDACTED'
    'Date': 'Tue, 30 Apr 2024 06:01:44 GMT'
[2024-04-30T06:01:50.618+0000] {_universal.py:514} INFO - Request URL: 'https://azureyellowcab.blob.core.windows.net/cabfiles/yellow_tripdata_2011-02.parquet'
Request method: 'GET'
Request headers:
    'x-ms-range': 'REDACTED'
    'If-Match': '"0x8DC68D099B8E3CA"'
    'x-ms-version': 'REDACTED'
    'Accept': 'application/xml'
    'User-Agent': 'azsdk-python-storage-blob/12.19.1 Python/3.12.2 (Linux-6.6.22-linuxkit-x86_64-with-glibc2.36)'
    'x-ms-date': 'REDACTED'
    'x-ms-client-request-id': '22e7b6e0-06b7-11ef-a6f0-0242c0a83006'
    'Authorization': 'REDACTED'
No body was attached to the request
[2024-04-30T06:01:50.758+0000] {_universal.py:550} INFO - Response status: 206
Response headers:
    'Content-Length': '4194304'
    'Content-Type': 'application/octet-stream'
    'Content-Range': 'REDACTED'
    'Last-Modified': 'Tue, 30 Apr 2024 04:47:12 GMT'
    'Accept-Ranges': 'REDACTED'
    'ETag': '"0x8DC68D099B8E3CA"'
    'Server': 'Windows-Azure-Blob/1.0 Microsoft-HTTPAPI/2.0'
    'x-ms-request-id': 'fde6518d-f01e-0010-80c3-9a0df7000000'
    'x-ms-client-request-id': '22e7b6e0-06b7-11ef-a6f0-0242c0a83006'
    'x-ms-version': 'REDACTED'
    'x-ms-creation-time': 'REDACTED'
    'x-ms-lease-status': 'REDACTED'
    'x-ms-lease-state': 'REDACTED'
    'x-ms-blob-type': 'REDACTED'
    'x-ms-server-encrypted': 'REDACTED'
    'Date': 'Tue, 30 Apr 2024 06:01:50 GMT'
[2024-04-30T06:01:54.960+0000] {_universal.py:514} INFO - Request URL: 'https://azureyellowcab.blob.core.windows.net/cabfiles/yellow_tripdata_2011-02.parquet'
Request method: 'GET'
Request headers:
    'x-ms-range': 'REDACTED'
    'If-Match': '"0x8DC68D099B8E3CA"'
    'x-ms-version': 'REDACTED'
    'Accept': 'application/xml'
    'User-Agent': 'azsdk-python-storage-blob/12.19.1 Python/3.12.2 (Linux-6.6.22-linuxkit-x86_64-with-glibc2.36)'
    'x-ms-date': 'REDACTED'
    'x-ms-client-request-id': '257e66f6-06b7-11ef-a6f0-0242c0a83006'
    'Authorization': 'REDACTED'
No body was attached to the request
[2024-04-30T06:01:55.082+0000] {_universal.py:550} INFO - Response status: 206
Response headers:
    'Content-Length': '4194304'
    'Content-Type': 'application/octet-stream'
    'Content-Range': 'REDACTED'
    'Last-Modified': 'Tue, 30 Apr 2024 04:47:12 GMT'
    'Accept-Ranges': 'REDACTED'
    'ETag': '"0x8DC68D099B8E3CA"'
    'Server': 'Windows-Azure-Blob/1.0 Microsoft-HTTPAPI/2.0'
    'x-ms-request-id': 'fde663fe-f01e-0010-76c3-9a0df7000000'
    'x-ms-client-request-id': '257e66f6-06b7-11ef-a6f0-0242c0a83006'
    'x-ms-version': 'REDACTED'
    'x-ms-creation-time': 'REDACTED'
    'x-ms-lease-status': 'REDACTED'
    'x-ms-lease-state': 'REDACTED'
    'x-ms-blob-type': 'REDACTED'
    'x-ms-server-encrypted': 'REDACTED'
    'Date': 'Tue, 30 Apr 2024 06:01:54 GMT'
[2024-04-30T06:02:01.587+0000] {_universal.py:514} INFO - Request URL: 'https://azureyellowcab.blob.core.windows.net/cabfiles/yellow_tripdata_2011-02.parquet'
Request method: 'GET'
Request headers:
    'x-ms-range': 'REDACTED'
    'If-Match': '"0x8DC68D099B8E3CA"'
    'x-ms-version': 'REDACTED'
    'Accept': 'application/xml'
    'User-Agent': 'azsdk-python-storage-blob/12.19.1 Python/3.12.2 (Linux-6.6.22-linuxkit-x86_64-with-glibc2.36)'
    'x-ms-date': 'REDACTED'
    'x-ms-client-request-id': '2971a228-06b7-11ef-a6f0-0242c0a83006'
    'Authorization': 'REDACTED'
No body was attached to the request
[2024-04-30T06:02:01.719+0000] {_universal.py:550} INFO - Response status: 206
Response headers:
    'Content-Length': '4194304'
    'Content-Type': 'application/octet-stream'
    'Content-Range': 'REDACTED'
    'Last-Modified': 'Tue, 30 Apr 2024 04:47:12 GMT'
    'Accept-Ranges': 'REDACTED'
    'ETag': '"0x8DC68D099B8E3CA"'
    'Server': 'Windows-Azure-Blob/1.0 Microsoft-HTTPAPI/2.0'
    'x-ms-request-id': 'fde68050-f01e-0010-40c3-9a0df7000000'
    'x-ms-client-request-id': '2971a228-06b7-11ef-a6f0-0242c0a83006'
    'x-ms-version': 'REDACTED'
    'x-ms-creation-time': 'REDACTED'
    'x-ms-lease-status': 'REDACTED'
    'x-ms-lease-state': 'REDACTED'
    'x-ms-blob-type': 'REDACTED'
    'x-ms-server-encrypted': 'REDACTED'
    'Date': 'Tue, 30 Apr 2024 06:02:01 GMT'
[2024-04-30T06:02:07.643+0000] {_universal.py:514} INFO - Request URL: 'https://azureyellowcab.blob.core.windows.net/cabfiles/yellow_tripdata_2011-02.parquet'
Request method: 'GET'
Request headers:
    'x-ms-range': 'REDACTED'
    'If-Match': '"0x8DC68D099B8E3CA"'
    'x-ms-version': 'REDACTED'
    'Accept': 'application/xml'
    'User-Agent': 'azsdk-python-storage-blob/12.19.1 Python/3.12.2 (Linux-6.6.22-linuxkit-x86_64-with-glibc2.36)'
    'x-ms-date': 'REDACTED'
    'x-ms-client-request-id': '2d0da152-06b7-11ef-a6f0-0242c0a83006'
    'Authorization': 'REDACTED'
No body was attached to the request
[2024-04-30T06:02:07.773+0000] {_universal.py:550} INFO - Response status: 206
Response headers:
    'Content-Length': '4194304'
    'Content-Type': 'application/octet-stream'
    'Content-Range': 'REDACTED'
    'Last-Modified': 'Tue, 30 Apr 2024 04:47:12 GMT'
    'Accept-Ranges': 'REDACTED'
    'ETag': '"0x8DC68D099B8E3CA"'
    'Server': 'Windows-Azure-Blob/1.0 Microsoft-HTTPAPI/2.0'
    'x-ms-request-id': 'fde694d7-f01e-0010-19c3-9a0df7000000'
    'x-ms-client-request-id': '2d0da152-06b7-11ef-a6f0-0242c0a83006'
    'x-ms-version': 'REDACTED'
    'x-ms-creation-time': 'REDACTED'
    'x-ms-lease-status': 'REDACTED'
    'x-ms-lease-state': 'REDACTED'
    'x-ms-blob-type': 'REDACTED'
    'x-ms-server-encrypted': 'REDACTED'
    'Date': 'Tue, 30 Apr 2024 06:02:07 GMT'
[2024-04-30T06:02:12.164+0000] {_universal.py:514} INFO - Request URL: 'https://azureyellowcab.blob.core.windows.net/cabfiles/yellow_tripdata_2011-02.parquet'
Request method: 'GET'
Request headers:
    'x-ms-range': 'REDACTED'
    'If-Match': '"0x8DC68D099B8E3CA"'
    'x-ms-version': 'REDACTED'
    'Accept': 'application/xml'
    'User-Agent': 'azsdk-python-storage-blob/12.19.1 Python/3.12.2 (Linux-6.6.22-linuxkit-x86_64-with-glibc2.36)'
    'x-ms-date': 'REDACTED'
    'x-ms-client-request-id': '2fbf7bd2-06b7-11ef-a6f0-0242c0a83006'
    'Authorization': 'REDACTED'
No body was attached to the request
[2024-04-30T06:02:12.283+0000] {_universal.py:550} INFO - Response status: 206
Response headers:
    'Content-Length': '4194304'
    'Content-Type': 'application/octet-stream'
    'Content-Range': 'REDACTED'
    'Last-Modified': 'Tue, 30 Apr 2024 04:47:12 GMT'
    'Accept-Ranges': 'REDACTED'
    'ETag': '"0x8DC68D099B8E3CA"'
    'Server': 'Windows-Azure-Blob/1.0 Microsoft-HTTPAPI/2.0'
    'x-ms-request-id': 'fde6a4e5-f01e-0010-41c3-9a0df7000000'
    'x-ms-client-request-id': '2fbf7bd2-06b7-11ef-a6f0-0242c0a83006'
    'x-ms-version': 'REDACTED'
    'x-ms-creation-time': 'REDACTED'
    'x-ms-lease-status': 'REDACTED'
    'x-ms-lease-state': 'REDACTED'
    'x-ms-blob-type': 'REDACTED'
    'x-ms-server-encrypted': 'REDACTED'
    'Date': 'Tue, 30 Apr 2024 06:02:12 GMT'
[2024-04-30T06:02:16.107+0000] {_universal.py:514} INFO - Request URL: 'https://azureyellowcab.blob.core.windows.net/cabfiles/yellow_tripdata_2011-02.parquet'
Request method: 'GET'
Request headers:
    'x-ms-range': 'REDACTED'
    'If-Match': '"0x8DC68D099B8E3CA"'
    'x-ms-version': 'REDACTED'
    'Accept': 'application/xml'
    'User-Agent': 'azsdk-python-storage-blob/12.19.1 Python/3.12.2 (Linux-6.6.22-linuxkit-x86_64-with-glibc2.36)'
    'x-ms-date': 'REDACTED'
    'x-ms-client-request-id': '321922f2-06b7-11ef-a6f0-0242c0a83006'
    'Authorization': 'REDACTED'
No body was attached to the request
[2024-04-30T06:02:16.252+0000] {_universal.py:550} INFO - Response status: 206
Response headers:
    'Content-Length': '4194304'
    'Content-Type': 'application/octet-stream'
    'Content-Range': 'REDACTED'
    'Last-Modified': 'Tue, 30 Apr 2024 04:47:12 GMT'
    'Accept-Ranges': 'REDACTED'
    'ETag': '"0x8DC68D099B8E3CA"'
    'Server': 'Windows-Azure-Blob/1.0 Microsoft-HTTPAPI/2.0'
    'x-ms-request-id': 'fde6b1f8-f01e-0010-72c3-9a0df7000000'
    'x-ms-client-request-id': '321922f2-06b7-11ef-a6f0-0242c0a83006'
    'x-ms-version': 'REDACTED'
    'x-ms-creation-time': 'REDACTED'
    'x-ms-lease-status': 'REDACTED'
    'x-ms-lease-state': 'REDACTED'
    'x-ms-blob-type': 'REDACTED'
    'x-ms-server-encrypted': 'REDACTED'
    'Date': 'Tue, 30 Apr 2024 06:02:16 GMT'
[2024-04-30T06:02:23.209+0000] {_universal.py:514} INFO - Request URL: 'https://azureyellowcab.blob.core.windows.net/cabfiles/yellow_tripdata_2011-02.parquet'
Request method: 'GET'
Request headers:
    'x-ms-range': 'REDACTED'
    'If-Match': '"0x8DC68D099B8E3CA"'
    'x-ms-version': 'REDACTED'
    'Accept': 'application/xml'
    'User-Agent': 'azsdk-python-storage-blob/12.19.1 Python/3.12.2 (Linux-6.6.22-linuxkit-x86_64-with-glibc2.36)'
    'x-ms-date': 'REDACTED'
    'x-ms-client-request-id': '3654e40a-06b7-11ef-a6f0-0242c0a83006'
    'Authorization': 'REDACTED'
No body was attached to the request
[2024-04-30T06:02:23.327+0000] {_universal.py:550} INFO - Response status: 206
Response headers:
    'Content-Length': '4194304'
    'Content-Type': 'application/octet-stream'
    'Content-Range': 'REDACTED'
    'Last-Modified': 'Tue, 30 Apr 2024 04:47:12 GMT'
    'Accept-Ranges': 'REDACTED'
    'ETag': '"0x8DC68D099B8E3CA"'
    'Server': 'Windows-Azure-Blob/1.0 Microsoft-HTTPAPI/2.0'
    'x-ms-request-id': 'fde6cbfa-f01e-0010-15c3-9a0df7000000'
    'x-ms-client-request-id': '3654e40a-06b7-11ef-a6f0-0242c0a83006'
    'x-ms-version': 'REDACTED'
    'x-ms-creation-time': 'REDACTED'
    'x-ms-lease-status': 'REDACTED'
    'x-ms-lease-state': 'REDACTED'
    'x-ms-blob-type': 'REDACTED'
    'x-ms-server-encrypted': 'REDACTED'
    'Date': 'Tue, 30 Apr 2024 06:02:23 GMT'
[2024-04-30T06:02:28.053+0000] {_universal.py:514} INFO - Request URL: 'https://azureyellowcab.blob.core.windows.net/cabfiles/yellow_tripdata_2011-02.parquet'
Request method: 'GET'
Request headers:
    'x-ms-range': 'REDACTED'
    'If-Match': '"0x8DC68D099B8E3CA"'
    'x-ms-version': 'REDACTED'
    'Accept': 'application/xml'
    'User-Agent': 'azsdk-python-storage-blob/12.19.1 Python/3.12.2 (Linux-6.6.22-linuxkit-x86_64-with-glibc2.36)'
    'x-ms-date': 'REDACTED'
    'x-ms-client-request-id': '3937e87a-06b7-11ef-a6f0-0242c0a83006'
    'Authorization': 'REDACTED'
No body was attached to the request
[2024-04-30T06:02:28.186+0000] {_universal.py:550} INFO - Response status: 206
Response headers:
    'Content-Length': '4194304'
    'Content-Type': 'application/octet-stream'
    'Content-Range': 'REDACTED'
    'Last-Modified': 'Tue, 30 Apr 2024 04:47:12 GMT'
    'Accept-Ranges': 'REDACTED'
    'ETag': '"0x8DC68D099B8E3CA"'
    'Server': 'Windows-Azure-Blob/1.0 Microsoft-HTTPAPI/2.0'
    'x-ms-request-id': 'fde6dc8d-f01e-0010-2ac3-9a0df7000000'
    'x-ms-client-request-id': '3937e87a-06b7-11ef-a6f0-0242c0a83006'
    'x-ms-version': 'REDACTED'
    'x-ms-creation-time': 'REDACTED'
    'x-ms-lease-status': 'REDACTED'
    'x-ms-lease-state': 'REDACTED'
    'x-ms-blob-type': 'REDACTED'
    'x-ms-server-encrypted': 'REDACTED'
    'Date': 'Tue, 30 Apr 2024 06:02:27 GMT'
[2024-04-30T06:02:31.079+0000] {_universal.py:514} INFO - Request URL: 'https://azureyellowcab.blob.core.windows.net/cabfiles/yellow_tripdata_2011-02.parquet'
Request method: 'GET'
Request headers:
    'x-ms-range': 'REDACTED'
    'If-Match': '"0x8DC68D099B8E3CA"'
    'x-ms-version': 'REDACTED'
    'Accept': 'application/xml'
    'User-Agent': 'azsdk-python-storage-blob/12.19.1 Python/3.12.2 (Linux-6.6.22-linuxkit-x86_64-with-glibc2.36)'
    'x-ms-date': 'REDACTED'
    'x-ms-client-request-id': '3b059f44-06b7-11ef-a6f0-0242c0a83006'
    'Authorization': 'REDACTED'
No body was attached to the request
[2024-04-30T06:02:31.216+0000] {_universal.py:550} INFO - Response status: 206
Response headers:
    'Content-Length': '4194304'
    'Content-Type': 'application/octet-stream'
    'Content-Range': 'REDACTED'
    'Last-Modified': 'Tue, 30 Apr 2024 04:47:12 GMT'
    'Accept-Ranges': 'REDACTED'
    'ETag': '"0x8DC68D099B8E3CA"'
    'Server': 'Windows-Azure-Blob/1.0 Microsoft-HTTPAPI/2.0'
    'x-ms-request-id': 'fde6e6c9-f01e-0010-63c3-9a0df7000000'
    'x-ms-client-request-id': '3b059f44-06b7-11ef-a6f0-0242c0a83006'
    'x-ms-version': 'REDACTED'
    'x-ms-creation-time': 'REDACTED'
    'x-ms-lease-status': 'REDACTED'
    'x-ms-lease-state': 'REDACTED'
    'x-ms-blob-type': 'REDACTED'
    'x-ms-server-encrypted': 'REDACTED'
    'Date': 'Tue, 30 Apr 2024 06:02:31 GMT'
[2024-04-30T06:02:38.671+0000] {_universal.py:514} INFO - Request URL: 'https://azureyellowcab.blob.core.windows.net/cabfiles/yellow_tripdata_2011-02.parquet'
Request method: 'GET'
Request headers:
    'x-ms-range': 'REDACTED'
    'If-Match': '"0x8DC68D099B8E3CA"'
    'x-ms-version': 'REDACTED'
    'Accept': 'application/xml'
    'User-Agent': 'azsdk-python-storage-blob/12.19.1 Python/3.12.2 (Linux-6.6.22-linuxkit-x86_64-with-glibc2.36)'
    'x-ms-date': 'REDACTED'
    'x-ms-client-request-id': '3f8c2ee8-06b7-11ef-a6f0-0242c0a83006'
    'Authorization': 'REDACTED'
No body was attached to the request
[2024-04-30T06:02:38.845+0000] {_universal.py:550} INFO - Response status: 206
Response headers:
    'Content-Length': '4194304'
    'Content-Type': 'application/octet-stream'
    'Content-Range': 'REDACTED'
    'Last-Modified': 'Tue, 30 Apr 2024 04:47:12 GMT'
    'Accept-Ranges': 'REDACTED'
    'ETag': '"0x8DC68D099B8E3CA"'
    'Server': 'Windows-Azure-Blob/1.0 Microsoft-HTTPAPI/2.0'
    'x-ms-request-id': 'fde702e7-f01e-0010-75c4-9a0df7000000'
    'x-ms-client-request-id': '3f8c2ee8-06b7-11ef-a6f0-0242c0a83006'
    'x-ms-version': 'REDACTED'
    'x-ms-creation-time': 'REDACTED'
    'x-ms-lease-status': 'REDACTED'
    'x-ms-lease-state': 'REDACTED'
    'x-ms-blob-type': 'REDACTED'
    'x-ms-server-encrypted': 'REDACTED'
    'Date': 'Tue, 30 Apr 2024 06:02:38 GMT'
[2024-04-30T06:02:49.487+0000] {_universal.py:514} INFO - Request URL: 'https://azureyellowcab.blob.core.windows.net/cabfiles/yellow_tripdata_2011-02.parquet'
Request method: 'GET'
Request headers:
    'x-ms-range': 'REDACTED'
    'If-Match': '"0x8DC68D099B8E3CA"'
    'x-ms-version': 'REDACTED'
    'Accept': 'application/xml'
    'User-Agent': 'azsdk-python-storage-blob/12.19.1 Python/3.12.2 (Linux-6.6.22-linuxkit-x86_64-with-glibc2.36)'
    'x-ms-date': 'REDACTED'
    'x-ms-client-request-id': '45fe99fa-06b7-11ef-a6f0-0242c0a83006'
    'Authorization': 'REDACTED'
No body was attached to the request
[2024-04-30T06:02:49.599+0000] {_universal.py:550} INFO - Response status: 206
Response headers:
    'Content-Length': '4194304'
    'Content-Type': 'application/octet-stream'
    'Content-Range': 'REDACTED'
    'Last-Modified': 'Tue, 30 Apr 2024 04:47:12 GMT'
    'Accept-Ranges': 'REDACTED'
    'ETag': '"0x8DC68D099B8E3CA"'
    'Server': 'Windows-Azure-Blob/1.0 Microsoft-HTTPAPI/2.0'
    'x-ms-request-id': 'fde72e7d-f01e-0010-53c4-9a0df7000000'
    'x-ms-client-request-id': '45fe99fa-06b7-11ef-a6f0-0242c0a83006'
    'x-ms-version': 'REDACTED'
    'x-ms-creation-time': 'REDACTED'
    'x-ms-lease-status': 'REDACTED'
    'x-ms-lease-state': 'REDACTED'
    'x-ms-blob-type': 'REDACTED'
    'x-ms-server-encrypted': 'REDACTED'
    'Date': 'Tue, 30 Apr 2024 06:02:49 GMT'
[2024-04-30T06:02:57.321+0000] {_universal.py:514} INFO - Request URL: 'https://azureyellowcab.blob.core.windows.net/cabfiles/yellow_tripdata_2011-02.parquet'
Request method: 'GET'
Request headers:
    'x-ms-range': 'REDACTED'
    'If-Match': '"0x8DC68D099B8E3CA"'
    'x-ms-version': 'REDACTED'
    'Accept': 'application/xml'
    'User-Agent': 'azsdk-python-storage-blob/12.19.1 Python/3.12.2 (Linux-6.6.22-linuxkit-x86_64-with-glibc2.36)'
    'x-ms-date': 'REDACTED'
    'x-ms-client-request-id': '4aa9f454-06b7-11ef-a6f0-0242c0a83006'
    'Authorization': 'REDACTED'
No body was attached to the request
[2024-04-30T06:02:57.451+0000] {_universal.py:550} INFO - Response status: 206
Response headers:
    'Content-Length': '4194304'
    'Content-Type': 'application/octet-stream'
    'Content-Range': 'REDACTED'
    'Last-Modified': 'Tue, 30 Apr 2024 04:47:12 GMT'
    'Accept-Ranges': 'REDACTED'
    'ETag': '"0x8DC68D099B8E3CA"'
    'Server': 'Windows-Azure-Blob/1.0 Microsoft-HTTPAPI/2.0'
    'x-ms-request-id': 'fde74c6d-f01e-0010-59c4-9a0df7000000'
    'x-ms-client-request-id': '4aa9f454-06b7-11ef-a6f0-0242c0a83006'
    'x-ms-version': 'REDACTED'
    'x-ms-creation-time': 'REDACTED'
    'x-ms-lease-status': 'REDACTED'
    'x-ms-lease-state': 'REDACTED'
    'x-ms-blob-type': 'REDACTED'
    'x-ms-server-encrypted': 'REDACTED'
    'Date': 'Tue, 30 Apr 2024 06:02:57 GMT'
[2024-04-30T06:03:05.110+0000] {_universal.py:514} INFO - Request URL: 'https://azureyellowcab.blob.core.windows.net/cabfiles/yellow_tripdata_2011-02.parquet'
Request method: 'GET'
Request headers:
    'x-ms-range': 'REDACTED'
    'If-Match': '"0x8DC68D099B8E3CA"'
    'x-ms-version': 'REDACTED'
    'Accept': 'application/xml'
    'User-Agent': 'azsdk-python-storage-blob/12.19.1 Python/3.12.2 (Linux-6.6.22-linuxkit-x86_64-with-glibc2.36)'
    'x-ms-date': 'REDACTED'
    'x-ms-client-request-id': '4f4e6134-06b7-11ef-a6f0-0242c0a83006'
    'Authorization': 'REDACTED'
No body was attached to the request
[2024-04-30T06:03:05.251+0000] {_universal.py:550} INFO - Response status: 206
Response headers:
    'Content-Length': '4194304'
    'Content-Type': 'application/octet-stream'
    'Content-Range': 'REDACTED'
    'Last-Modified': 'Tue, 30 Apr 2024 04:47:12 GMT'
    'Accept-Ranges': 'REDACTED'
    'ETag': '"0x8DC68D099B8E3CA"'
    'Server': 'Windows-Azure-Blob/1.0 Microsoft-HTTPAPI/2.0'
    'x-ms-request-id': 'fde76928-f01e-0010-1fc4-9a0df7000000'
    'x-ms-client-request-id': '4f4e6134-06b7-11ef-a6f0-0242c0a83006'
    'x-ms-version': 'REDACTED'
    'x-ms-creation-time': 'REDACTED'
    'x-ms-lease-status': 'REDACTED'
    'x-ms-lease-state': 'REDACTED'
    'x-ms-blob-type': 'REDACTED'
    'x-ms-server-encrypted': 'REDACTED'
    'Date': 'Tue, 30 Apr 2024 06:03:05 GMT'
[2024-04-30T06:03:15.068+0000] {_universal.py:514} INFO - Request URL: 'https://azureyellowcab.blob.core.windows.net/cabfiles/yellow_tripdata_2011-02.parquet'
Request method: 'GET'
Request headers:
    'x-ms-range': 'REDACTED'
    'If-Match': '"0x8DC68D099B8E3CA"'
    'x-ms-version': 'REDACTED'
    'Accept': 'application/xml'
    'User-Agent': 'azsdk-python-storage-blob/12.19.1 Python/3.12.2 (Linux-6.6.22-linuxkit-x86_64-with-glibc2.36)'
    'x-ms-date': 'REDACTED'
    'x-ms-client-request-id': '553dcfee-06b7-11ef-a6f0-0242c0a83006'
    'Authorization': 'REDACTED'
No body was attached to the request
[2024-04-30T06:03:15.192+0000] {_universal.py:550} INFO - Response status: 206
Response headers:
    'Content-Length': '4194304'
    'Content-Type': 'application/octet-stream'
    'Content-Range': 'REDACTED'
    'Last-Modified': 'Tue, 30 Apr 2024 04:47:12 GMT'
    'Accept-Ranges': 'REDACTED'
    'ETag': '"0x8DC68D099B8E3CA"'
    'Server': 'Windows-Azure-Blob/1.0 Microsoft-HTTPAPI/2.0'
    'x-ms-request-id': 'fde7954d-f01e-0010-13c4-9a0df7000000'
    'x-ms-client-request-id': '553dcfee-06b7-11ef-a6f0-0242c0a83006'
    'x-ms-version': 'REDACTED'
    'x-ms-creation-time': 'REDACTED'
    'x-ms-lease-status': 'REDACTED'
    'x-ms-lease-state': 'REDACTED'
    'x-ms-blob-type': 'REDACTED'
    'x-ms-server-encrypted': 'REDACTED'
    'Date': 'Tue, 30 Apr 2024 06:03:14 GMT'
[2024-04-30T06:03:22.182+0000] {_universal.py:514} INFO - Request URL: 'https://azureyellowcab.blob.core.windows.net/cabfiles/yellow_tripdata_2011-02.parquet'
Request method: 'GET'
Request headers:
    'x-ms-range': 'REDACTED'
    'If-Match': '"0x8DC68D099B8E3CA"'
    'x-ms-version': 'REDACTED'
    'Accept': 'application/xml'
    'User-Agent': 'azsdk-python-storage-blob/12.19.1 Python/3.12.2 (Linux-6.6.22-linuxkit-x86_64-with-glibc2.36)'
    'x-ms-date': 'REDACTED'
    'x-ms-client-request-id': '597b7534-06b7-11ef-a6f0-0242c0a83006'
    'Authorization': 'REDACTED'
No body was attached to the request
[2024-04-30T06:03:22.311+0000] {_universal.py:550} INFO - Response status: 206
Response headers:
    'Content-Length': '4194304'
    'Content-Type': 'application/octet-stream'
    'Content-Range': 'REDACTED'
    'Last-Modified': 'Tue, 30 Apr 2024 04:47:12 GMT'
    'Accept-Ranges': 'REDACTED'
    'ETag': '"0x8DC68D099B8E3CA"'
    'Server': 'Windows-Azure-Blob/1.0 Microsoft-HTTPAPI/2.0'
    'x-ms-request-id': 'fde7b072-f01e-0010-56c4-9a0df7000000'
    'x-ms-client-request-id': '597b7534-06b7-11ef-a6f0-0242c0a83006'
    'x-ms-version': 'REDACTED'
    'x-ms-creation-time': 'REDACTED'
    'x-ms-lease-status': 'REDACTED'
    'x-ms-lease-state': 'REDACTED'
    'x-ms-blob-type': 'REDACTED'
    'x-ms-server-encrypted': 'REDACTED'
    'Date': 'Tue, 30 Apr 2024 06:03:22 GMT'
[2024-04-30T06:03:28.863+0000] {_universal.py:514} INFO - Request URL: 'https://azureyellowcab.blob.core.windows.net/cabfiles/yellow_tripdata_2011-02.parquet'
Request method: 'GET'
Request headers:
    'x-ms-range': 'REDACTED'
    'If-Match': '"0x8DC68D099B8E3CA"'
    'x-ms-version': 'REDACTED'
    'Accept': 'application/xml'
    'User-Agent': 'azsdk-python-storage-blob/12.19.1 Python/3.12.2 (Linux-6.6.22-linuxkit-x86_64-with-glibc2.36)'
    'x-ms-date': 'REDACTED'
    'x-ms-client-request-id': '5d76c710-06b7-11ef-a6f0-0242c0a83006'
    'Authorization': 'REDACTED'
No body was attached to the request
[2024-04-30T06:03:28.978+0000] {_universal.py:550} INFO - Response status: 206
Response headers:
    'Content-Length': '4194304'
    'Content-Type': 'application/octet-stream'
    'Content-Range': 'REDACTED'
    'Last-Modified': 'Tue, 30 Apr 2024 04:47:12 GMT'
    'Accept-Ranges': 'REDACTED'
    'ETag': '"0x8DC68D099B8E3CA"'
    'Server': 'Windows-Azure-Blob/1.0 Microsoft-HTTPAPI/2.0'
    'x-ms-request-id': 'fde7cbb5-f01e-0010-19c4-9a0df7000000'
    'x-ms-client-request-id': '5d76c710-06b7-11ef-a6f0-0242c0a83006'
    'x-ms-version': 'REDACTED'
    'x-ms-creation-time': 'REDACTED'
    'x-ms-lease-status': 'REDACTED'
    'x-ms-lease-state': 'REDACTED'
    'x-ms-blob-type': 'REDACTED'
    'x-ms-server-encrypted': 'REDACTED'
    'Date': 'Tue, 30 Apr 2024 06:03:28 GMT'
[2024-04-30T06:03:34.422+0000] {_universal.py:514} INFO - Request URL: 'https://azureyellowcab.blob.core.windows.net/cabfiles/yellow_tripdata_2011-02.parquet'
Request method: 'GET'
Request headers:
    'x-ms-range': 'REDACTED'
    'If-Match': '"0x8DC68D099B8E3CA"'
    'x-ms-version': 'REDACTED'
    'Accept': 'application/xml'
    'User-Agent': 'azsdk-python-storage-blob/12.19.1 Python/3.12.2 (Linux-6.6.22-linuxkit-x86_64-with-glibc2.36)'
    'x-ms-date': 'REDACTED'
    'x-ms-client-request-id': '60c712da-06b7-11ef-a6f0-0242c0a83006'
    'Authorization': 'REDACTED'
No body was attached to the request
[2024-04-30T06:03:34.573+0000] {_universal.py:550} INFO - Response status: 206
Response headers:
    'Content-Length': '4194304'
    'Content-Type': 'application/octet-stream'
    'Content-Range': 'REDACTED'
    'Last-Modified': 'Tue, 30 Apr 2024 04:47:12 GMT'
    'Accept-Ranges': 'REDACTED'
    'ETag': '"0x8DC68D099B8E3CA"'
    'Server': 'Windows-Azure-Blob/1.0 Microsoft-HTTPAPI/2.0'
    'x-ms-request-id': 'fde7dfcc-f01e-0010-1ac4-9a0df7000000'
    'x-ms-client-request-id': '60c712da-06b7-11ef-a6f0-0242c0a83006'
    'x-ms-version': 'REDACTED'
    'x-ms-creation-time': 'REDACTED'
    'x-ms-lease-status': 'REDACTED'
    'x-ms-lease-state': 'REDACTED'
    'x-ms-blob-type': 'REDACTED'
    'x-ms-server-encrypted': 'REDACTED'
    'Date': 'Tue, 30 Apr 2024 06:03:34 GMT'
[2024-04-30T06:03:40.763+0000] {_universal.py:514} INFO - Request URL: 'https://azureyellowcab.blob.core.windows.net/cabfiles/yellow_tripdata_2011-02.parquet'
Request method: 'GET'
Request headers:
    'x-ms-range': 'REDACTED'
    'If-Match': '"0x8DC68D099B8E3CA"'
    'x-ms-version': 'REDACTED'
    'Accept': 'application/xml'
    'User-Agent': 'azsdk-python-storage-blob/12.19.1 Python/3.12.2 (Linux-6.6.22-linuxkit-x86_64-with-glibc2.36)'
    'x-ms-date': 'REDACTED'
    'x-ms-client-request-id': '648ead42-06b7-11ef-a6f0-0242c0a83006'
    'Authorization': 'REDACTED'
No body was attached to the request
[2024-04-30T06:03:40.880+0000] {_universal.py:550} INFO - Response status: 206
Response headers:
    'Content-Length': '4194304'
    'Content-Type': 'application/octet-stream'
    'Content-Range': 'REDACTED'
    'Last-Modified': 'Tue, 30 Apr 2024 04:47:12 GMT'
    'Accept-Ranges': 'REDACTED'
    'ETag': '"0x8DC68D099B8E3CA"'
    'Server': 'Windows-Azure-Blob/1.0 Microsoft-HTTPAPI/2.0'
    'x-ms-request-id': 'fde7f606-f01e-0010-76c4-9a0df7000000'
    'x-ms-client-request-id': '648ead42-06b7-11ef-a6f0-0242c0a83006'
    'x-ms-version': 'REDACTED'
    'x-ms-creation-time': 'REDACTED'
    'x-ms-lease-status': 'REDACTED'
    'x-ms-lease-state': 'REDACTED'
    'x-ms-blob-type': 'REDACTED'
    'x-ms-server-encrypted': 'REDACTED'
    'Date': 'Tue, 30 Apr 2024 06:03:40 GMT'
[2024-04-30T06:03:49.823+0000] {_universal.py:514} INFO - Request URL: 'https://azureyellowcab.blob.core.windows.net/cabfiles/yellow_tripdata_2011-02.parquet'
Request method: 'GET'
Request headers:
    'x-ms-range': 'REDACTED'
    'If-Match': '"0x8DC68D099B8E3CA"'
    'x-ms-version': 'REDACTED'
    'Accept': 'application/xml'
    'User-Agent': 'azsdk-python-storage-blob/12.19.1 Python/3.12.2 (Linux-6.6.22-linuxkit-x86_64-with-glibc2.36)'
    'x-ms-date': 'REDACTED'
    'x-ms-client-request-id': '69f50f1a-06b7-11ef-a6f0-0242c0a83006'
    'Authorization': 'REDACTED'
No body was attached to the request
[2024-04-30T06:03:49.960+0000] {_universal.py:550} INFO - Response status: 206
Response headers:
    'Content-Length': '4194304'
    'Content-Type': 'application/octet-stream'
    'Content-Range': 'REDACTED'
    'Last-Modified': 'Tue, 30 Apr 2024 04:47:12 GMT'
    'Accept-Ranges': 'REDACTED'
    'ETag': '"0x8DC68D099B8E3CA"'
    'Server': 'Windows-Azure-Blob/1.0 Microsoft-HTTPAPI/2.0'
    'x-ms-request-id': 'fde81bb1-f01e-0010-5dc4-9a0df7000000'
    'x-ms-client-request-id': '69f50f1a-06b7-11ef-a6f0-0242c0a83006'
    'x-ms-version': 'REDACTED'
    'x-ms-creation-time': 'REDACTED'
    'x-ms-lease-status': 'REDACTED'
    'x-ms-lease-state': 'REDACTED'
    'x-ms-blob-type': 'REDACTED'
    'x-ms-server-encrypted': 'REDACTED'
    'Date': 'Tue, 30 Apr 2024 06:03:49 GMT'
[2024-04-30T06:03:56.629+0000] {_universal.py:514} INFO - Request URL: 'https://azureyellowcab.blob.core.windows.net/cabfiles/yellow_tripdata_2011-02.parquet'
Request method: 'GET'
Request headers:
    'x-ms-range': 'REDACTED'
    'If-Match': '"0x8DC68D099B8E3CA"'
    'x-ms-version': 'REDACTED'
    'Accept': 'application/xml'
    'User-Agent': 'azsdk-python-storage-blob/12.19.1 Python/3.12.2 (Linux-6.6.22-linuxkit-x86_64-with-glibc2.36)'
    'x-ms-date': 'REDACTED'
    'x-ms-client-request-id': '6e03883e-06b7-11ef-a6f0-0242c0a83006'
    'Authorization': 'REDACTED'
No body was attached to the request
[2024-04-30T06:03:56.811+0000] {_universal.py:550} INFO - Response status: 206
Response headers:
    'Content-Length': '4194304'
    'Content-Type': 'application/octet-stream'
    'Content-Range': 'REDACTED'
    'Last-Modified': 'Tue, 30 Apr 2024 04:47:12 GMT'
    'Accept-Ranges': 'REDACTED'
    'ETag': '"0x8DC68D099B8E3CA"'
    'Server': 'Windows-Azure-Blob/1.0 Microsoft-HTTPAPI/2.0'
    'x-ms-request-id': 'fde83952-f01e-0010-18c4-9a0df7000000'
    'x-ms-client-request-id': '6e03883e-06b7-11ef-a6f0-0242c0a83006'
    'x-ms-version': 'REDACTED'
    'x-ms-creation-time': 'REDACTED'
    'x-ms-lease-status': 'REDACTED'
    'x-ms-lease-state': 'REDACTED'
    'x-ms-blob-type': 'REDACTED'
    'x-ms-server-encrypted': 'REDACTED'
    'Date': 'Tue, 30 Apr 2024 06:03:56 GMT'
[2024-04-30T06:04:03.806+0000] {_universal.py:514} INFO - Request URL: 'https://azureyellowcab.blob.core.windows.net/cabfiles/yellow_tripdata_2011-02.parquet'
Request method: 'GET'
Request headers:
    'x-ms-range': 'REDACTED'
    'If-Match': '"0x8DC68D099B8E3CA"'
    'x-ms-version': 'REDACTED'
    'Accept': 'application/xml'
    'User-Agent': 'azsdk-python-storage-blob/12.19.1 Python/3.12.2 (Linux-6.6.22-linuxkit-x86_64-with-glibc2.36)'
    'x-ms-date': 'REDACTED'
    'x-ms-client-request-id': '724aac42-06b7-11ef-a6f0-0242c0a83006'
    'Authorization': 'REDACTED'
No body was attached to the request
[2024-04-30T06:04:03.992+0000] {_universal.py:550} INFO - Response status: 206
Response headers:
    'Content-Length': '4194304'
    'Content-Type': 'application/octet-stream'
    'Content-Range': 'REDACTED'
    'Last-Modified': 'Tue, 30 Apr 2024 04:47:12 GMT'
    'Accept-Ranges': 'REDACTED'
    'ETag': '"0x8DC68D099B8E3CA"'
    'Server': 'Windows-Azure-Blob/1.0 Microsoft-HTTPAPI/2.0'
    'x-ms-request-id': 'fde8573a-f01e-0010-74c4-9a0df7000000'
    'x-ms-client-request-id': '724aac42-06b7-11ef-a6f0-0242c0a83006'
    'x-ms-version': 'REDACTED'
    'x-ms-creation-time': 'REDACTED'
    'x-ms-lease-status': 'REDACTED'
    'x-ms-lease-state': 'REDACTED'
    'x-ms-blob-type': 'REDACTED'
    'x-ms-server-encrypted': 'REDACTED'
    'Date': 'Tue, 30 Apr 2024 06:04:03 GMT'
[2024-04-30T06:04:15.299+0000] {_universal.py:514} INFO - Request URL: 'https://azureyellowcab.blob.core.windows.net/cabfiles/yellow_tripdata_2011-02.parquet'
Request method: 'GET'
Request headers:
    'x-ms-range': 'REDACTED'
    'If-Match': '"0x8DC68D099B8E3CA"'
    'x-ms-version': 'REDACTED'
    'Accept': 'application/xml'
    'User-Agent': 'azsdk-python-storage-blob/12.19.1 Python/3.12.2 (Linux-6.6.22-linuxkit-x86_64-with-glibc2.36)'
    'x-ms-date': 'REDACTED'
    'x-ms-client-request-id': '79246b8e-06b7-11ef-a6f0-0242c0a83006'
    'Authorization': 'REDACTED'
No body was attached to the request
[2024-04-30T06:04:15.429+0000] {_universal.py:550} INFO - Response status: 206
Response headers:
    'Content-Length': '4194304'
    'Content-Type': 'application/octet-stream'
    'Content-Range': 'REDACTED'
    'Last-Modified': 'Tue, 30 Apr 2024 04:47:12 GMT'
    'Accept-Ranges': 'REDACTED'
    'ETag': '"0x8DC68D099B8E3CA"'
    'Server': 'Windows-Azure-Blob/1.0 Microsoft-HTTPAPI/2.0'
    'x-ms-request-id': 'fde8873a-f01e-0010-55c4-9a0df7000000'
    'x-ms-client-request-id': '79246b8e-06b7-11ef-a6f0-0242c0a83006'
    'x-ms-version': 'REDACTED'
    'x-ms-creation-time': 'REDACTED'
    'x-ms-lease-status': 'REDACTED'
    'x-ms-lease-state': 'REDACTED'
    'x-ms-blob-type': 'REDACTED'
    'x-ms-server-encrypted': 'REDACTED'
    'Date': 'Tue, 30 Apr 2024 06:04:15 GMT'
[2024-04-30T06:04:24.342+0000] {_universal.py:514} INFO - Request URL: 'https://azureyellowcab.blob.core.windows.net/cabfiles/yellow_tripdata_2011-02.parquet'
Request method: 'GET'
Request headers:
    'x-ms-range': 'REDACTED'
    'If-Match': '"0x8DC68D099B8E3CA"'
    'x-ms-version': 'REDACTED'
    'Accept': 'application/xml'
    'User-Agent': 'azsdk-python-storage-blob/12.19.1 Python/3.12.2 (Linux-6.6.22-linuxkit-x86_64-with-glibc2.36)'
    'x-ms-date': 'REDACTED'
    'x-ms-client-request-id': '7e87e574-06b7-11ef-a6f0-0242c0a83006'
    'Authorization': 'REDACTED'
No body was attached to the request
[2024-04-30T06:04:24.488+0000] {_universal.py:550} INFO - Response status: 206
Response headers:
    'Content-Length': '4194304'
    'Content-Type': 'application/octet-stream'
    'Content-Range': 'REDACTED'
    'Last-Modified': 'Tue, 30 Apr 2024 04:47:12 GMT'
    'Accept-Ranges': 'REDACTED'
    'ETag': '"0x8DC68D099B8E3CA"'
    'Server': 'Windows-Azure-Blob/1.0 Microsoft-HTTPAPI/2.0'
    'x-ms-request-id': 'fde8ae10-f01e-0010-32c4-9a0df7000000'
    'x-ms-client-request-id': '7e87e574-06b7-11ef-a6f0-0242c0a83006'
    'x-ms-version': 'REDACTED'
    'x-ms-creation-time': 'REDACTED'
    'x-ms-lease-status': 'REDACTED'
    'x-ms-lease-state': 'REDACTED'
    'x-ms-blob-type': 'REDACTED'
    'x-ms-server-encrypted': 'REDACTED'
    'Date': 'Tue, 30 Apr 2024 06:04:24 GMT'
[2024-04-30T06:04:30.571+0000] {_universal.py:514} INFO - Request URL: 'https://azureyellowcab.blob.core.windows.net/cabfiles/yellow_tripdata_2011-02.parquet'
Request method: 'GET'
Request headers:
    'x-ms-range': 'REDACTED'
    'If-Match': '"0x8DC68D099B8E3CA"'
    'x-ms-version': 'REDACTED'
    'Accept': 'application/xml'
    'User-Agent': 'azsdk-python-storage-blob/12.19.1 Python/3.12.2 (Linux-6.6.22-linuxkit-x86_64-with-glibc2.36)'
    'x-ms-date': 'REDACTED'
    'x-ms-client-request-id': '823ebe4a-06b7-11ef-a6f0-0242c0a83006'
    'Authorization': 'REDACTED'
No body was attached to the request
[2024-04-30T06:04:30.694+0000] {_universal.py:550} INFO - Response status: 206
Response headers:
    'Content-Length': '4194304'
    'Content-Type': 'application/octet-stream'
    'Content-Range': 'REDACTED'
    'Last-Modified': 'Tue, 30 Apr 2024 04:47:12 GMT'
    'Accept-Ranges': 'REDACTED'
    'ETag': '"0x8DC68D099B8E3CA"'
    'Server': 'Windows-Azure-Blob/1.0 Microsoft-HTTPAPI/2.0'
    'x-ms-request-id': 'fde8c909-f01e-0010-63c4-9a0df7000000'
    'x-ms-client-request-id': '823ebe4a-06b7-11ef-a6f0-0242c0a83006'
    'x-ms-version': 'REDACTED'
    'x-ms-creation-time': 'REDACTED'
    'x-ms-lease-status': 'REDACTED'
    'x-ms-lease-state': 'REDACTED'
    'x-ms-blob-type': 'REDACTED'
    'x-ms-server-encrypted': 'REDACTED'
    'Date': 'Tue, 30 Apr 2024 06:04:30 GMT'
[2024-04-30T06:04:36.337+0000] {_universal.py:514} INFO - Request URL: 'https://azureyellowcab.blob.core.windows.net/cabfiles/yellow_tripdata_2011-02.parquet'
Request method: 'GET'
Request headers:
    'x-ms-range': 'REDACTED'
    'If-Match': '"0x8DC68D099B8E3CA"'
    'x-ms-version': 'REDACTED'
    'Accept': 'application/xml'
    'User-Agent': 'azsdk-python-storage-blob/12.19.1 Python/3.12.2 (Linux-6.6.22-linuxkit-x86_64-with-glibc2.36)'
    'x-ms-date': 'REDACTED'
    'x-ms-client-request-id': '85ae88c6-06b7-11ef-a6f0-0242c0a83006'
    'Authorization': 'REDACTED'
No body was attached to the request
[2024-04-30T06:04:36.442+0000] {_universal.py:550} INFO - Response status: 206
Response headers:
    'Content-Length': '4014369'
    'Content-Type': 'application/octet-stream'
    'Content-Range': 'REDACTED'
    'Last-Modified': 'Tue, 30 Apr 2024 04:47:12 GMT'
    'Accept-Ranges': 'REDACTED'
    'ETag': '"0x8DC68D099B8E3CA"'
    'Server': 'Windows-Azure-Blob/1.0 Microsoft-HTTPAPI/2.0'
    'x-ms-request-id': 'fde8e398-f01e-0010-3ac4-9a0df7000000'
    'x-ms-client-request-id': '85ae88c6-06b7-11ef-a6f0-0242c0a83006'
    'x-ms-version': 'REDACTED'
    'x-ms-creation-time': 'REDACTED'
    'x-ms-lease-status': 'REDACTED'
    'x-ms-lease-state': 'REDACTED'
    'x-ms-blob-type': 'REDACTED'
    'x-ms-server-encrypted': 'REDACTED'
    'Date': 'Tue, 30 Apr 2024 06:04:36 GMT'
[2024-04-30T06:04:41.207+0000] {python.py:237} INFO - Done. Returned value was: None
[2024-04-30T06:04:41.209+0000] {taskinstance.py:441} INFO - ::group::Post task execution logs
[2024-04-30T06:04:41.225+0000] {taskinstance.py:1205} INFO - Marking task as SUCCESS. dag_id=dag_yellow_cab, task_id=request_file, execution_date=20240430T060034, start_date=20240430T060038, end_date=20240430T060441
[2024-04-30T06:04:41.262+0000] {local_task_job_runner.py:240} INFO - Task exited with return code 0
[2024-04-30T06:04:41.291+0000] {taskinstance.py:3482} INFO - 1 downstream tasks scheduled from follow-on schedule check
[2024-04-30T06:04:41.293+0000] {local_task_job_runner.py:222} INFO - ::endgroup::
