[2024-04-28T19:06:24.696+0000] {local_task_job_runner.py:120} INFO - ::group::Pre task execution logs
[2024-04-28T19:06:24.729+0000] {taskinstance.py:2073} INFO - Dependencies all met for dep_context=non-requeueable deps ti=<TaskInstance: dag_yellow_cab.download_file manual__2024-04-28T19:06:22.575085+00:00 [queued]>
[2024-04-28T19:06:24.739+0000] {taskinstance.py:2073} INFO - Dependencies all met for dep_context=requeueable deps ti=<TaskInstance: dag_yellow_cab.download_file manual__2024-04-28T19:06:22.575085+00:00 [queued]>
[2024-04-28T19:06:24.740+0000] {taskinstance.py:2303} INFO - Starting attempt 1 of 1
[2024-04-28T19:06:24.756+0000] {taskinstance.py:2327} INFO - Executing <Task(PythonOperator): download_file> on 2024-04-28 19:06:22.575085+00:00
[2024-04-28T19:06:24.762+0000] {warnings.py:110} WARNING - /home/***/.local/lib/python3.12/site-packages/***/task/task_runner/standard_task_runner.py:61: DeprecationWarning: This process (pid=303) is multi-threaded, use of fork() may lead to deadlocks in the child.
  pid = os.fork()

[2024-04-28T19:06:24.764+0000] {standard_task_runner.py:63} INFO - Started process 304 to run task
[2024-04-28T19:06:24.763+0000] {standard_task_runner.py:90} INFO - Running: ['***', 'tasks', 'run', 'dag_yellow_cab', 'download_file', 'manual__2024-04-28T19:06:22.575085+00:00', '--job-id', '50', '--raw', '--subdir', 'DAGS_FOLDER/data_pipeline_cab.py', '--cfg-path', '/tmp/tmp_m2ixq2d']
[2024-04-28T19:06:24.766+0000] {standard_task_runner.py:91} INFO - Job 50: Subtask download_file
[2024-04-28T19:06:24.813+0000] {task_command.py:426} INFO - Running <TaskInstance: dag_yellow_cab.download_file manual__2024-04-28T19:06:22.575085+00:00 [running]> on host 3b50846985b8
[2024-04-28T19:06:24.923+0000] {taskinstance.py:2644} INFO - Exporting env vars: AIRFLOW_CTX_DAG_OWNER='***' AIRFLOW_CTX_DAG_ID='dag_yellow_cab' AIRFLOW_CTX_TASK_ID='download_file' AIRFLOW_CTX_EXECUTION_DATE='2024-04-28T19:06:22.575085+00:00' AIRFLOW_CTX_TRY_NUMBER='1' AIRFLOW_CTX_DAG_RUN_ID='manual__2024-04-28T19:06:22.575085+00:00'
[2024-04-28T19:06:24.924+0000] {taskinstance.py:430} INFO - ::endgroup::
[2024-04-28T19:06:24.954+0000] {_universal.py:514} INFO - Request URL: 'https://azureyellowcab.blob.core.windows.net/cabfiles/yellow_tripdata_2011-01.parquet'
Request method: 'GET'
Request headers:
    'x-ms-range': 'REDACTED'
    'x-ms-version': 'REDACTED'
    'Accept': 'application/xml'
    'User-Agent': 'azsdk-python-storage-blob/12.19.1 Python/3.12.2 (Linux-6.6.22-linuxkit-x86_64-with-glibc2.36)'
    'x-ms-date': 'REDACTED'
    'x-ms-client-request-id': '6891b680-0592-11ef-8258-0242c0a81004'
    'Authorization': 'REDACTED'
No body was attached to the request
[2024-04-28T19:06:25.516+0000] {_universal.py:550} INFO - Response status: 206
Response headers:
    'Content-Length': '33554432'
    'Content-Type': 'application/octet-stream'
    'Content-Range': 'REDACTED'
    'Last-Modified': 'Sat, 27 Apr 2024 21:32:42 GMT'
    'Accept-Ranges': 'REDACTED'
    'ETag': '"0x8DC67019256BC59"'
    'Server': 'Windows-Azure-Blob/1.0 Microsoft-HTTPAPI/2.0'
    'x-ms-request-id': 'e6322c52-701e-0043-6b9f-992ec3000000'
    'x-ms-client-request-id': '6891b680-0592-11ef-8258-0242c0a81004'
    'x-ms-version': 'REDACTED'
    'x-ms-creation-time': 'REDACTED'
    'x-ms-lease-status': 'REDACTED'
    'x-ms-lease-state': 'REDACTED'
    'x-ms-blob-type': 'REDACTED'
    'x-ms-server-encrypted': 'REDACTED'
    'Date': 'Sun, 28 Apr 2024 19:06:25 GMT'
[2024-04-28T19:06:30.386+0000] {_universal.py:514} INFO - Request URL: 'https://azureyellowcab.blob.core.windows.net/cabfiles/yellow_tripdata_2011-01.parquet'
Request method: 'GET'
Request headers:
    'x-ms-range': 'REDACTED'
    'If-Match': '"0x8DC67019256BC59"'
    'x-ms-version': 'REDACTED'
    'Accept': 'application/xml'
    'User-Agent': 'azsdk-python-storage-blob/12.19.1 Python/3.12.2 (Linux-6.6.22-linuxkit-x86_64-with-glibc2.36)'
    'x-ms-date': 'REDACTED'
    'x-ms-client-request-id': '6bcee8cc-0592-11ef-8258-0242c0a81004'
    'Authorization': 'REDACTED'
No body was attached to the request
[2024-04-28T19:06:30.467+0000] {_universal.py:550} INFO - Response status: 206
Response headers:
    'Content-Length': '4194304'
    'Content-Type': 'application/octet-stream'
    'Content-Range': 'REDACTED'
    'Last-Modified': 'Sat, 27 Apr 2024 21:32:42 GMT'
    'Accept-Ranges': 'REDACTED'
    'ETag': '"0x8DC67019256BC59"'
    'Server': 'Windows-Azure-Blob/1.0 Microsoft-HTTPAPI/2.0'
    'x-ms-request-id': 'e63240ff-701e-0043-309f-992ec3000000'
    'x-ms-client-request-id': '6bcee8cc-0592-11ef-8258-0242c0a81004'
    'x-ms-version': 'REDACTED'
    'x-ms-creation-time': 'REDACTED'
    'x-ms-lease-status': 'REDACTED'
    'x-ms-lease-state': 'REDACTED'
    'x-ms-blob-type': 'REDACTED'
    'x-ms-server-encrypted': 'REDACTED'
    'Date': 'Sun, 28 Apr 2024 19:06:30 GMT'
[2024-04-28T19:06:31.159+0000] {_universal.py:514} INFO - Request URL: 'https://azureyellowcab.blob.core.windows.net/cabfiles/yellow_tripdata_2011-01.parquet'
Request method: 'GET'
Request headers:
    'x-ms-range': 'REDACTED'
    'If-Match': '"0x8DC67019256BC59"'
    'x-ms-version': 'REDACTED'
    'Accept': 'application/xml'
    'User-Agent': 'azsdk-python-storage-blob/12.19.1 Python/3.12.2 (Linux-6.6.22-linuxkit-x86_64-with-glibc2.36)'
    'x-ms-date': 'REDACTED'
    'x-ms-client-request-id': '6c44e52c-0592-11ef-8258-0242c0a81004'
    'Authorization': 'REDACTED'
No body was attached to the request
[2024-04-28T19:06:31.280+0000] {_universal.py:550} INFO - Response status: 206
Response headers:
    'Content-Length': '4194304'
    'Content-Type': 'application/octet-stream'
    'Content-Range': 'REDACTED'
    'Last-Modified': 'Sat, 27 Apr 2024 21:32:42 GMT'
    'Accept-Ranges': 'REDACTED'
    'ETag': '"0x8DC67019256BC59"'
    'Server': 'Windows-Azure-Blob/1.0 Microsoft-HTTPAPI/2.0'
    'x-ms-request-id': 'e6324478-701e-0043-4f9f-992ec3000000'
    'x-ms-client-request-id': '6c44e52c-0592-11ef-8258-0242c0a81004'
    'x-ms-version': 'REDACTED'
    'x-ms-creation-time': 'REDACTED'
    'x-ms-lease-status': 'REDACTED'
    'x-ms-lease-state': 'REDACTED'
    'x-ms-blob-type': 'REDACTED'
    'x-ms-server-encrypted': 'REDACTED'
    'Date': 'Sun, 28 Apr 2024 19:06:30 GMT'
[2024-04-28T19:06:31.850+0000] {_universal.py:514} INFO - Request URL: 'https://azureyellowcab.blob.core.windows.net/cabfiles/yellow_tripdata_2011-01.parquet'
Request method: 'GET'
Request headers:
    'x-ms-range': 'REDACTED'
    'If-Match': '"0x8DC67019256BC59"'
    'x-ms-version': 'REDACTED'
    'Accept': 'application/xml'
    'User-Agent': 'azsdk-python-storage-blob/12.19.1 Python/3.12.2 (Linux-6.6.22-linuxkit-x86_64-with-glibc2.36)'
    'x-ms-date': 'REDACTED'
    'x-ms-client-request-id': '6cae3b80-0592-11ef-8258-0242c0a81004'
    'Authorization': 'REDACTED'
No body was attached to the request
[2024-04-28T19:06:31.928+0000] {_universal.py:550} INFO - Response status: 206
Response headers:
    'Content-Length': '4194304'
    'Content-Type': 'application/octet-stream'
    'Content-Range': 'REDACTED'
    'Last-Modified': 'Sat, 27 Apr 2024 21:32:42 GMT'
    'Accept-Ranges': 'REDACTED'
    'ETag': '"0x8DC67019256BC59"'
    'Server': 'Windows-Azure-Blob/1.0 Microsoft-HTTPAPI/2.0'
    'x-ms-request-id': 'e6324852-701e-0043-419f-992ec3000000'
    'x-ms-client-request-id': '6cae3b80-0592-11ef-8258-0242c0a81004'
    'x-ms-version': 'REDACTED'
    'x-ms-creation-time': 'REDACTED'
    'x-ms-lease-status': 'REDACTED'
    'x-ms-lease-state': 'REDACTED'
    'x-ms-blob-type': 'REDACTED'
    'x-ms-server-encrypted': 'REDACTED'
    'Date': 'Sun, 28 Apr 2024 19:06:31 GMT'
[2024-04-28T19:06:32.544+0000] {_universal.py:514} INFO - Request URL: 'https://azureyellowcab.blob.core.windows.net/cabfiles/yellow_tripdata_2011-01.parquet'
Request method: 'GET'
Request headers:
    'x-ms-range': 'REDACTED'
    'If-Match': '"0x8DC67019256BC59"'
    'x-ms-version': 'REDACTED'
    'Accept': 'application/xml'
    'User-Agent': 'azsdk-python-storage-blob/12.19.1 Python/3.12.2 (Linux-6.6.22-linuxkit-x86_64-with-glibc2.36)'
    'x-ms-date': 'REDACTED'
    'x-ms-client-request-id': '6d183940-0592-11ef-8258-0242c0a81004'
    'Authorization': 'REDACTED'
No body was attached to the request
[2024-04-28T19:06:32.625+0000] {_universal.py:550} INFO - Response status: 206
Response headers:
    'Content-Length': '4194304'
    'Content-Type': 'application/octet-stream'
    'Content-Range': 'REDACTED'
    'Last-Modified': 'Sat, 27 Apr 2024 21:32:42 GMT'
    'Accept-Ranges': 'REDACTED'
    'ETag': '"0x8DC67019256BC59"'
    'Server': 'Windows-Azure-Blob/1.0 Microsoft-HTTPAPI/2.0'
    'x-ms-request-id': 'e6324b5c-701e-0043-749f-992ec3000000'
    'x-ms-client-request-id': '6d183940-0592-11ef-8258-0242c0a81004'
    'x-ms-version': 'REDACTED'
    'x-ms-creation-time': 'REDACTED'
    'x-ms-lease-status': 'REDACTED'
    'x-ms-lease-state': 'REDACTED'
    'x-ms-blob-type': 'REDACTED'
    'x-ms-server-encrypted': 'REDACTED'
    'Date': 'Sun, 28 Apr 2024 19:06:32 GMT'
[2024-04-28T19:06:33.240+0000] {_universal.py:514} INFO - Request URL: 'https://azureyellowcab.blob.core.windows.net/cabfiles/yellow_tripdata_2011-01.parquet'
Request method: 'GET'
Request headers:
    'x-ms-range': 'REDACTED'
    'If-Match': '"0x8DC67019256BC59"'
    'x-ms-version': 'REDACTED'
    'Accept': 'application/xml'
    'User-Agent': 'azsdk-python-storage-blob/12.19.1 Python/3.12.2 (Linux-6.6.22-linuxkit-x86_64-with-glibc2.36)'
    'x-ms-date': 'REDACTED'
    'x-ms-client-request-id': '6d82547e-0592-11ef-8258-0242c0a81004'
    'Authorization': 'REDACTED'
No body was attached to the request
[2024-04-28T19:06:33.325+0000] {_universal.py:550} INFO - Response status: 206
Response headers:
    'Content-Length': '4194304'
    'Content-Type': 'application/octet-stream'
    'Content-Range': 'REDACTED'
    'Last-Modified': 'Sat, 27 Apr 2024 21:32:42 GMT'
    'Accept-Ranges': 'REDACTED'
    'ETag': '"0x8DC67019256BC59"'
    'Server': 'Windows-Azure-Blob/1.0 Microsoft-HTTPAPI/2.0'
    'x-ms-request-id': 'e6324e6f-701e-0043-2a9f-992ec3000000'
    'x-ms-client-request-id': '6d82547e-0592-11ef-8258-0242c0a81004'
    'x-ms-version': 'REDACTED'
    'x-ms-creation-time': 'REDACTED'
    'x-ms-lease-status': 'REDACTED'
    'x-ms-lease-state': 'REDACTED'
    'x-ms-blob-type': 'REDACTED'
    'x-ms-server-encrypted': 'REDACTED'
    'Date': 'Sun, 28 Apr 2024 19:06:33 GMT'
[2024-04-28T19:06:34.028+0000] {_universal.py:514} INFO - Request URL: 'https://azureyellowcab.blob.core.windows.net/cabfiles/yellow_tripdata_2011-01.parquet'
Request method: 'GET'
Request headers:
    'x-ms-range': 'REDACTED'
    'If-Match': '"0x8DC67019256BC59"'
    'x-ms-version': 'REDACTED'
    'Accept': 'application/xml'
    'User-Agent': 'azsdk-python-storage-blob/12.19.1 Python/3.12.2 (Linux-6.6.22-linuxkit-x86_64-with-glibc2.36)'
    'x-ms-date': 'REDACTED'
    'x-ms-client-request-id': '6dfab50e-0592-11ef-8258-0242c0a81004'
    'Authorization': 'REDACTED'
No body was attached to the request
[2024-04-28T19:06:34.109+0000] {_universal.py:550} INFO - Response status: 206
Response headers:
    'Content-Length': '4194304'
    'Content-Type': 'application/octet-stream'
    'Content-Range': 'REDACTED'
    'Last-Modified': 'Sat, 27 Apr 2024 21:32:42 GMT'
    'Accept-Ranges': 'REDACTED'
    'ETag': '"0x8DC67019256BC59"'
    'Server': 'Windows-Azure-Blob/1.0 Microsoft-HTTPAPI/2.0'
    'x-ms-request-id': 'e6325294-701e-0043-609f-992ec3000000'
    'x-ms-client-request-id': '6dfab50e-0592-11ef-8258-0242c0a81004'
    'x-ms-version': 'REDACTED'
    'x-ms-creation-time': 'REDACTED'
    'x-ms-lease-status': 'REDACTED'
    'x-ms-lease-state': 'REDACTED'
    'x-ms-blob-type': 'REDACTED'
    'x-ms-server-encrypted': 'REDACTED'
    'Date': 'Sun, 28 Apr 2024 19:06:33 GMT'
[2024-04-28T19:06:34.866+0000] {_universal.py:514} INFO - Request URL: 'https://azureyellowcab.blob.core.windows.net/cabfiles/yellow_tripdata_2011-01.parquet'
Request method: 'GET'
Request headers:
    'x-ms-range': 'REDACTED'
    'If-Match': '"0x8DC67019256BC59"'
    'x-ms-version': 'REDACTED'
    'Accept': 'application/xml'
    'User-Agent': 'azsdk-python-storage-blob/12.19.1 Python/3.12.2 (Linux-6.6.22-linuxkit-x86_64-with-glibc2.36)'
    'x-ms-date': 'REDACTED'
    'x-ms-client-request-id': '6e7a6d4e-0592-11ef-8258-0242c0a81004'
    'Authorization': 'REDACTED'
No body was attached to the request
[2024-04-28T19:06:34.974+0000] {_universal.py:550} INFO - Response status: 206
Response headers:
    'Content-Length': '4194304'
    'Content-Type': 'application/octet-stream'
    'Content-Range': 'REDACTED'
    'Last-Modified': 'Sat, 27 Apr 2024 21:32:42 GMT'
    'Accept-Ranges': 'REDACTED'
    'ETag': '"0x8DC67019256BC59"'
    'Server': 'Windows-Azure-Blob/1.0 Microsoft-HTTPAPI/2.0'
    'x-ms-request-id': 'e632573f-701e-0043-239f-992ec3000000'
    'x-ms-client-request-id': '6e7a6d4e-0592-11ef-8258-0242c0a81004'
    'x-ms-version': 'REDACTED'
    'x-ms-creation-time': 'REDACTED'
    'x-ms-lease-status': 'REDACTED'
    'x-ms-lease-state': 'REDACTED'
    'x-ms-blob-type': 'REDACTED'
    'x-ms-server-encrypted': 'REDACTED'
    'Date': 'Sun, 28 Apr 2024 19:06:34 GMT'
[2024-04-28T19:06:35.662+0000] {_universal.py:514} INFO - Request URL: 'https://azureyellowcab.blob.core.windows.net/cabfiles/yellow_tripdata_2011-01.parquet'
Request method: 'GET'
Request headers:
    'x-ms-range': 'REDACTED'
    'If-Match': '"0x8DC67019256BC59"'
    'x-ms-version': 'REDACTED'
    'Accept': 'application/xml'
    'User-Agent': 'azsdk-python-storage-blob/12.19.1 Python/3.12.2 (Linux-6.6.22-linuxkit-x86_64-with-glibc2.36)'
    'x-ms-date': 'REDACTED'
    'x-ms-client-request-id': '6ef3e390-0592-11ef-8258-0242c0a81004'
    'Authorization': 'REDACTED'
No body was attached to the request
[2024-04-28T19:06:35.783+0000] {_universal.py:550} INFO - Response status: 206
Response headers:
    'Content-Length': '4194304'
    'Content-Type': 'application/octet-stream'
    'Content-Range': 'REDACTED'
    'Last-Modified': 'Sat, 27 Apr 2024 21:32:42 GMT'
    'Accept-Ranges': 'REDACTED'
    'ETag': '"0x8DC67019256BC59"'
    'Server': 'Windows-Azure-Blob/1.0 Microsoft-HTTPAPI/2.0'
    'x-ms-request-id': 'e6325a8e-701e-0043-209f-992ec3000000'
    'x-ms-client-request-id': '6ef3e390-0592-11ef-8258-0242c0a81004'
    'x-ms-version': 'REDACTED'
    'x-ms-creation-time': 'REDACTED'
    'x-ms-lease-status': 'REDACTED'
    'x-ms-lease-state': 'REDACTED'
    'x-ms-blob-type': 'REDACTED'
    'x-ms-server-encrypted': 'REDACTED'
    'Date': 'Sun, 28 Apr 2024 19:06:35 GMT'
[2024-04-28T19:06:36.394+0000] {_universal.py:514} INFO - Request URL: 'https://azureyellowcab.blob.core.windows.net/cabfiles/yellow_tripdata_2011-01.parquet'
Request method: 'GET'
Request headers:
    'x-ms-range': 'REDACTED'
    'If-Match': '"0x8DC67019256BC59"'
    'x-ms-version': 'REDACTED'
    'Accept': 'application/xml'
    'User-Agent': 'azsdk-python-storage-blob/12.19.1 Python/3.12.2 (Linux-6.6.22-linuxkit-x86_64-with-glibc2.36)'
    'x-ms-date': 'REDACTED'
    'x-ms-client-request-id': '6f63b90e-0592-11ef-8258-0242c0a81004'
    'Authorization': 'REDACTED'
No body was attached to the request
[2024-04-28T19:06:36.522+0000] {_universal.py:550} INFO - Response status: 206
Response headers:
    'Content-Length': '4194304'
    'Content-Type': 'application/octet-stream'
    'Content-Range': 'REDACTED'
    'Last-Modified': 'Sat, 27 Apr 2024 21:32:42 GMT'
    'Accept-Ranges': 'REDACTED'
    'ETag': '"0x8DC67019256BC59"'
    'Server': 'Windows-Azure-Blob/1.0 Microsoft-HTTPAPI/2.0'
    'x-ms-request-id': 'e6325d50-701e-0043-239f-992ec3000000'
    'x-ms-client-request-id': '6f63b90e-0592-11ef-8258-0242c0a81004'
    'x-ms-version': 'REDACTED'
    'x-ms-creation-time': 'REDACTED'
    'x-ms-lease-status': 'REDACTED'
    'x-ms-lease-state': 'REDACTED'
    'x-ms-blob-type': 'REDACTED'
    'x-ms-server-encrypted': 'REDACTED'
    'Date': 'Sun, 28 Apr 2024 19:06:36 GMT'
[2024-04-28T19:06:37.105+0000] {_universal.py:514} INFO - Request URL: 'https://azureyellowcab.blob.core.windows.net/cabfiles/yellow_tripdata_2011-01.parquet'
Request method: 'GET'
Request headers:
    'x-ms-range': 'REDACTED'
    'If-Match': '"0x8DC67019256BC59"'
    'x-ms-version': 'REDACTED'
    'Accept': 'application/xml'
    'User-Agent': 'azsdk-python-storage-blob/12.19.1 Python/3.12.2 (Linux-6.6.22-linuxkit-x86_64-with-glibc2.36)'
    'x-ms-date': 'REDACTED'
    'x-ms-client-request-id': '6fd035ca-0592-11ef-8258-0242c0a81004'
    'Authorization': 'REDACTED'
No body was attached to the request
[2024-04-28T19:06:37.220+0000] {_universal.py:550} INFO - Response status: 206
Response headers:
    'Content-Length': '4194304'
    'Content-Type': 'application/octet-stream'
    'Content-Range': 'REDACTED'
    'Last-Modified': 'Sat, 27 Apr 2024 21:32:42 GMT'
    'Accept-Ranges': 'REDACTED'
    'ETag': '"0x8DC67019256BC59"'
    'Server': 'Windows-Azure-Blob/1.0 Microsoft-HTTPAPI/2.0'
    'x-ms-request-id': 'e632605d-701e-0043-619f-992ec3000000'
    'x-ms-client-request-id': '6fd035ca-0592-11ef-8258-0242c0a81004'
    'x-ms-version': 'REDACTED'
    'x-ms-creation-time': 'REDACTED'
    'x-ms-lease-status': 'REDACTED'
    'x-ms-lease-state': 'REDACTED'
    'x-ms-blob-type': 'REDACTED'
    'x-ms-server-encrypted': 'REDACTED'
    'Date': 'Sun, 28 Apr 2024 19:06:36 GMT'
[2024-04-28T19:06:37.782+0000] {_universal.py:514} INFO - Request URL: 'https://azureyellowcab.blob.core.windows.net/cabfiles/yellow_tripdata_2011-01.parquet'
Request method: 'GET'
Request headers:
    'x-ms-range': 'REDACTED'
    'If-Match': '"0x8DC67019256BC59"'
    'x-ms-version': 'REDACTED'
    'Accept': 'application/xml'
    'User-Agent': 'azsdk-python-storage-blob/12.19.1 Python/3.12.2 (Linux-6.6.22-linuxkit-x86_64-with-glibc2.36)'
    'x-ms-date': 'REDACTED'
    'x-ms-client-request-id': '70377aa0-0592-11ef-8258-0242c0a81004'
    'Authorization': 'REDACTED'
No body was attached to the request
[2024-04-28T19:06:37.894+0000] {_universal.py:550} INFO - Response status: 206
Response headers:
    'Content-Length': '4194304'
    'Content-Type': 'application/octet-stream'
    'Content-Range': 'REDACTED'
    'Last-Modified': 'Sat, 27 Apr 2024 21:32:42 GMT'
    'Accept-Ranges': 'REDACTED'
    'ETag': '"0x8DC67019256BC59"'
    'Server': 'Windows-Azure-Blob/1.0 Microsoft-HTTPAPI/2.0'
    'x-ms-request-id': 'e632644b-701e-0043-609f-992ec3000000'
    'x-ms-client-request-id': '70377aa0-0592-11ef-8258-0242c0a81004'
    'x-ms-version': 'REDACTED'
    'x-ms-creation-time': 'REDACTED'
    'x-ms-lease-status': 'REDACTED'
    'x-ms-lease-state': 'REDACTED'
    'x-ms-blob-type': 'REDACTED'
    'x-ms-server-encrypted': 'REDACTED'
    'Date': 'Sun, 28 Apr 2024 19:06:37 GMT'
[2024-04-28T19:06:38.574+0000] {_universal.py:514} INFO - Request URL: 'https://azureyellowcab.blob.core.windows.net/cabfiles/yellow_tripdata_2011-01.parquet'
Request method: 'GET'
Request headers:
    'x-ms-range': 'REDACTED'
    'If-Match': '"0x8DC67019256BC59"'
    'x-ms-version': 'REDACTED'
    'Accept': 'application/xml'
    'User-Agent': 'azsdk-python-storage-blob/12.19.1 Python/3.12.2 (Linux-6.6.22-linuxkit-x86_64-with-glibc2.36)'
    'x-ms-date': 'REDACTED'
    'x-ms-client-request-id': '70b05f1a-0592-11ef-8258-0242c0a81004'
    'Authorization': 'REDACTED'
No body was attached to the request
[2024-04-28T19:06:38.710+0000] {_universal.py:550} INFO - Response status: 206
Response headers:
    'Content-Length': '4194304'
    'Content-Type': 'application/octet-stream'
    'Content-Range': 'REDACTED'
    'Last-Modified': 'Sat, 27 Apr 2024 21:32:42 GMT'
    'Accept-Ranges': 'REDACTED'
    'ETag': '"0x8DC67019256BC59"'
    'Server': 'Windows-Azure-Blob/1.0 Microsoft-HTTPAPI/2.0'
    'x-ms-request-id': 'e63267e5-701e-0043-2d9f-992ec3000000'
    'x-ms-client-request-id': '70b05f1a-0592-11ef-8258-0242c0a81004'
    'x-ms-version': 'REDACTED'
    'x-ms-creation-time': 'REDACTED'
    'x-ms-lease-status': 'REDACTED'
    'x-ms-lease-state': 'REDACTED'
    'x-ms-blob-type': 'REDACTED'
    'x-ms-server-encrypted': 'REDACTED'
    'Date': 'Sun, 28 Apr 2024 19:06:38 GMT'
[2024-04-28T19:06:39.363+0000] {_universal.py:514} INFO - Request URL: 'https://azureyellowcab.blob.core.windows.net/cabfiles/yellow_tripdata_2011-01.parquet'
Request method: 'GET'
Request headers:
    'x-ms-range': 'REDACTED'
    'If-Match': '"0x8DC67019256BC59"'
    'x-ms-version': 'REDACTED'
    'Accept': 'application/xml'
    'User-Agent': 'azsdk-python-storage-blob/12.19.1 Python/3.12.2 (Linux-6.6.22-linuxkit-x86_64-with-glibc2.36)'
    'x-ms-date': 'REDACTED'
    'x-ms-client-request-id': '7128ac54-0592-11ef-8258-0242c0a81004'
    'Authorization': 'REDACTED'
No body was attached to the request
[2024-04-28T19:06:39.488+0000] {_universal.py:550} INFO - Response status: 206
Response headers:
    'Content-Length': '4194304'
    'Content-Type': 'application/octet-stream'
    'Content-Range': 'REDACTED'
    'Last-Modified': 'Sat, 27 Apr 2024 21:32:42 GMT'
    'Accept-Ranges': 'REDACTED'
    'ETag': '"0x8DC67019256BC59"'
    'Server': 'Windows-Azure-Blob/1.0 Microsoft-HTTPAPI/2.0'
    'x-ms-request-id': 'e6326bf0-701e-0043-569f-992ec3000000'
    'x-ms-client-request-id': '7128ac54-0592-11ef-8258-0242c0a81004'
    'x-ms-version': 'REDACTED'
    'x-ms-creation-time': 'REDACTED'
    'x-ms-lease-status': 'REDACTED'
    'x-ms-lease-state': 'REDACTED'
    'x-ms-blob-type': 'REDACTED'
    'x-ms-server-encrypted': 'REDACTED'
    'Date': 'Sun, 28 Apr 2024 19:06:39 GMT'
[2024-04-28T19:06:40.043+0000] {_universal.py:514} INFO - Request URL: 'https://azureyellowcab.blob.core.windows.net/cabfiles/yellow_tripdata_2011-01.parquet'
Request method: 'GET'
Request headers:
    'x-ms-range': 'REDACTED'
    'If-Match': '"0x8DC67019256BC59"'
    'x-ms-version': 'REDACTED'
    'Accept': 'application/xml'
    'User-Agent': 'azsdk-python-storage-blob/12.19.1 Python/3.12.2 (Linux-6.6.22-linuxkit-x86_64-with-glibc2.36)'
    'x-ms-date': 'REDACTED'
    'x-ms-client-request-id': '71906380-0592-11ef-8258-0242c0a81004'
    'Authorization': 'REDACTED'
No body was attached to the request
[2024-04-28T19:06:40.153+0000] {_universal.py:550} INFO - Response status: 206
Response headers:
    'Content-Length': '4194304'
    'Content-Type': 'application/octet-stream'
    'Content-Range': 'REDACTED'
    'Last-Modified': 'Sat, 27 Apr 2024 21:32:42 GMT'
    'Accept-Ranges': 'REDACTED'
    'ETag': '"0x8DC67019256BC59"'
    'Server': 'Windows-Azure-Blob/1.0 Microsoft-HTTPAPI/2.0'
    'x-ms-request-id': 'e6326e96-701e-0043-2d9f-992ec3000000'
    'x-ms-client-request-id': '71906380-0592-11ef-8258-0242c0a81004'
    'x-ms-version': 'REDACTED'
    'x-ms-creation-time': 'REDACTED'
    'x-ms-lease-status': 'REDACTED'
    'x-ms-lease-state': 'REDACTED'
    'x-ms-blob-type': 'REDACTED'
    'x-ms-server-encrypted': 'REDACTED'
    'Date': 'Sun, 28 Apr 2024 19:06:39 GMT'
[2024-04-28T19:06:40.763+0000] {_universal.py:514} INFO - Request URL: 'https://azureyellowcab.blob.core.windows.net/cabfiles/yellow_tripdata_2011-01.parquet'
Request method: 'GET'
Request headers:
    'x-ms-range': 'REDACTED'
    'If-Match': '"0x8DC67019256BC59"'
    'x-ms-version': 'REDACTED'
    'Accept': 'application/xml'
    'User-Agent': 'azsdk-python-storage-blob/12.19.1 Python/3.12.2 (Linux-6.6.22-linuxkit-x86_64-with-glibc2.36)'
    'x-ms-date': 'REDACTED'
    'x-ms-client-request-id': '71fe45f8-0592-11ef-8258-0242c0a81004'
    'Authorization': 'REDACTED'
No body was attached to the request
[2024-04-28T19:06:40.846+0000] {_universal.py:550} INFO - Response status: 206
Response headers:
    'Content-Length': '4194304'
    'Content-Type': 'application/octet-stream'
    'Content-Range': 'REDACTED'
    'Last-Modified': 'Sat, 27 Apr 2024 21:32:42 GMT'
    'Accept-Ranges': 'REDACTED'
    'ETag': '"0x8DC67019256BC59"'
    'Server': 'Windows-Azure-Blob/1.0 Microsoft-HTTPAPI/2.0'
    'x-ms-request-id': 'e632723f-701e-0043-729f-992ec3000000'
    'x-ms-client-request-id': '71fe45f8-0592-11ef-8258-0242c0a81004'
    'x-ms-version': 'REDACTED'
    'x-ms-creation-time': 'REDACTED'
    'x-ms-lease-status': 'REDACTED'
    'x-ms-lease-state': 'REDACTED'
    'x-ms-blob-type': 'REDACTED'
    'x-ms-server-encrypted': 'REDACTED'
    'Date': 'Sun, 28 Apr 2024 19:06:40 GMT'
[2024-04-28T19:06:41.476+0000] {_universal.py:514} INFO - Request URL: 'https://azureyellowcab.blob.core.windows.net/cabfiles/yellow_tripdata_2011-01.parquet'
Request method: 'GET'
Request headers:
    'x-ms-range': 'REDACTED'
    'If-Match': '"0x8DC67019256BC59"'
    'x-ms-version': 'REDACTED'
    'Accept': 'application/xml'
    'User-Agent': 'azsdk-python-storage-blob/12.19.1 Python/3.12.2 (Linux-6.6.22-linuxkit-x86_64-with-glibc2.36)'
    'x-ms-date': 'REDACTED'
    'x-ms-client-request-id': '726b275e-0592-11ef-8258-0242c0a81004'
    'Authorization': 'REDACTED'
No body was attached to the request
[2024-04-28T19:06:41.553+0000] {_universal.py:550} INFO - Response status: 206
Response headers:
    'Content-Length': '4194304'
    'Content-Type': 'application/octet-stream'
    'Content-Range': 'REDACTED'
    'Last-Modified': 'Sat, 27 Apr 2024 21:32:42 GMT'
    'Accept-Ranges': 'REDACTED'
    'ETag': '"0x8DC67019256BC59"'
    'Server': 'Windows-Azure-Blob/1.0 Microsoft-HTTPAPI/2.0'
    'x-ms-request-id': 'e6327594-701e-0043-6c9f-992ec3000000'
    'x-ms-client-request-id': '726b275e-0592-11ef-8258-0242c0a81004'
    'x-ms-version': 'REDACTED'
    'x-ms-creation-time': 'REDACTED'
    'x-ms-lease-status': 'REDACTED'
    'x-ms-lease-state': 'REDACTED'
    'x-ms-blob-type': 'REDACTED'
    'x-ms-server-encrypted': 'REDACTED'
    'Date': 'Sun, 28 Apr 2024 19:06:41 GMT'
[2024-04-28T19:06:42.218+0000] {_universal.py:514} INFO - Request URL: 'https://azureyellowcab.blob.core.windows.net/cabfiles/yellow_tripdata_2011-01.parquet'
Request method: 'GET'
Request headers:
    'x-ms-range': 'REDACTED'
    'If-Match': '"0x8DC67019256BC59"'
    'x-ms-version': 'REDACTED'
    'Accept': 'application/xml'
    'User-Agent': 'azsdk-python-storage-blob/12.19.1 Python/3.12.2 (Linux-6.6.22-linuxkit-x86_64-with-glibc2.36)'
    'x-ms-date': 'REDACTED'
    'x-ms-client-request-id': '72dc4920-0592-11ef-8258-0242c0a81004'
    'Authorization': 'REDACTED'
No body was attached to the request
[2024-04-28T19:06:42.318+0000] {_universal.py:550} INFO - Response status: 206
Response headers:
    'Content-Length': '4194304'
    'Content-Type': 'application/octet-stream'
    'Content-Range': 'REDACTED'
    'Last-Modified': 'Sat, 27 Apr 2024 21:32:42 GMT'
    'Accept-Ranges': 'REDACTED'
    'ETag': '"0x8DC67019256BC59"'
    'Server': 'Windows-Azure-Blob/1.0 Microsoft-HTTPAPI/2.0'
    'x-ms-request-id': 'e63279ac-701e-0043-099f-992ec3000000'
    'x-ms-client-request-id': '72dc4920-0592-11ef-8258-0242c0a81004'
    'x-ms-version': 'REDACTED'
    'x-ms-creation-time': 'REDACTED'
    'x-ms-lease-status': 'REDACTED'
    'x-ms-lease-state': 'REDACTED'
    'x-ms-blob-type': 'REDACTED'
    'x-ms-server-encrypted': 'REDACTED'
    'Date': 'Sun, 28 Apr 2024 19:06:42 GMT'
[2024-04-28T19:06:42.857+0000] {_universal.py:514} INFO - Request URL: 'https://azureyellowcab.blob.core.windows.net/cabfiles/yellow_tripdata_2011-01.parquet'
Request method: 'GET'
Request headers:
    'x-ms-range': 'REDACTED'
    'If-Match': '"0x8DC67019256BC59"'
    'x-ms-version': 'REDACTED'
    'Accept': 'application/xml'
    'User-Agent': 'azsdk-python-storage-blob/12.19.1 Python/3.12.2 (Linux-6.6.22-linuxkit-x86_64-with-glibc2.36)'
    'x-ms-date': 'REDACTED'
    'x-ms-client-request-id': '733ddcc6-0592-11ef-8258-0242c0a81004'
    'Authorization': 'REDACTED'
No body was attached to the request
[2024-04-28T19:06:42.941+0000] {_universal.py:550} INFO - Response status: 206
Response headers:
    'Content-Length': '4194304'
    'Content-Type': 'application/octet-stream'
    'Content-Range': 'REDACTED'
    'Last-Modified': 'Sat, 27 Apr 2024 21:32:42 GMT'
    'Accept-Ranges': 'REDACTED'
    'ETag': '"0x8DC67019256BC59"'
    'Server': 'Windows-Azure-Blob/1.0 Microsoft-HTTPAPI/2.0'
    'x-ms-request-id': 'e6327c12-701e-0043-2c9f-992ec3000000'
    'x-ms-client-request-id': '733ddcc6-0592-11ef-8258-0242c0a81004'
    'x-ms-version': 'REDACTED'
    'x-ms-creation-time': 'REDACTED'
    'x-ms-lease-status': 'REDACTED'
    'x-ms-lease-state': 'REDACTED'
    'x-ms-blob-type': 'REDACTED'
    'x-ms-server-encrypted': 'REDACTED'
    'Date': 'Sun, 28 Apr 2024 19:06:42 GMT'
[2024-04-28T19:06:43.592+0000] {_universal.py:514} INFO - Request URL: 'https://azureyellowcab.blob.core.windows.net/cabfiles/yellow_tripdata_2011-01.parquet'
Request method: 'GET'
Request headers:
    'x-ms-range': 'REDACTED'
    'If-Match': '"0x8DC67019256BC59"'
    'x-ms-version': 'REDACTED'
    'Accept': 'application/xml'
    'User-Agent': 'azsdk-python-storage-blob/12.19.1 Python/3.12.2 (Linux-6.6.22-linuxkit-x86_64-with-glibc2.36)'
    'x-ms-date': 'REDACTED'
    'x-ms-client-request-id': '73adf768-0592-11ef-8258-0242c0a81004'
    'Authorization': 'REDACTED'
No body was attached to the request
[2024-04-28T19:06:43.669+0000] {_universal.py:550} INFO - Response status: 206
Response headers:
    'Content-Length': '4194304'
    'Content-Type': 'application/octet-stream'
    'Content-Range': 'REDACTED'
    'Last-Modified': 'Sat, 27 Apr 2024 21:32:42 GMT'
    'Accept-Ranges': 'REDACTED'
    'ETag': '"0x8DC67019256BC59"'
    'Server': 'Windows-Azure-Blob/1.0 Microsoft-HTTPAPI/2.0'
    'x-ms-request-id': 'e6327f1f-701e-0043-689f-992ec3000000'
    'x-ms-client-request-id': '73adf768-0592-11ef-8258-0242c0a81004'
    'x-ms-version': 'REDACTED'
    'x-ms-creation-time': 'REDACTED'
    'x-ms-lease-status': 'REDACTED'
    'x-ms-lease-state': 'REDACTED'
    'x-ms-blob-type': 'REDACTED'
    'x-ms-server-encrypted': 'REDACTED'
    'Date': 'Sun, 28 Apr 2024 19:06:43 GMT'
[2024-04-28T19:06:44.315+0000] {_universal.py:514} INFO - Request URL: 'https://azureyellowcab.blob.core.windows.net/cabfiles/yellow_tripdata_2011-01.parquet'
Request method: 'GET'
Request headers:
    'x-ms-range': 'REDACTED'
    'If-Match': '"0x8DC67019256BC59"'
    'x-ms-version': 'REDACTED'
    'Accept': 'application/xml'
    'User-Agent': 'azsdk-python-storage-blob/12.19.1 Python/3.12.2 (Linux-6.6.22-linuxkit-x86_64-with-glibc2.36)'
    'x-ms-date': 'REDACTED'
    'x-ms-client-request-id': '741c4628-0592-11ef-8258-0242c0a81004'
    'Authorization': 'REDACTED'
No body was attached to the request
[2024-04-28T19:06:44.409+0000] {_universal.py:550} INFO - Response status: 206
Response headers:
    'Content-Length': '4194304'
    'Content-Type': 'application/octet-stream'
    'Content-Range': 'REDACTED'
    'Last-Modified': 'Sat, 27 Apr 2024 21:32:42 GMT'
    'Accept-Ranges': 'REDACTED'
    'ETag': '"0x8DC67019256BC59"'
    'Server': 'Windows-Azure-Blob/1.0 Microsoft-HTTPAPI/2.0'
    'x-ms-request-id': 'e632834b-701e-0043-349f-992ec3000000'
    'x-ms-client-request-id': '741c4628-0592-11ef-8258-0242c0a81004'
    'x-ms-version': 'REDACTED'
    'x-ms-creation-time': 'REDACTED'
    'x-ms-lease-status': 'REDACTED'
    'x-ms-lease-state': 'REDACTED'
    'x-ms-blob-type': 'REDACTED'
    'x-ms-server-encrypted': 'REDACTED'
    'Date': 'Sun, 28 Apr 2024 19:06:44 GMT'
[2024-04-28T19:06:44.965+0000] {_universal.py:514} INFO - Request URL: 'https://azureyellowcab.blob.core.windows.net/cabfiles/yellow_tripdata_2011-01.parquet'
Request method: 'GET'
Request headers:
    'x-ms-range': 'REDACTED'
    'If-Match': '"0x8DC67019256BC59"'
    'x-ms-version': 'REDACTED'
    'Accept': 'application/xml'
    'User-Agent': 'azsdk-python-storage-blob/12.19.1 Python/3.12.2 (Linux-6.6.22-linuxkit-x86_64-with-glibc2.36)'
    'x-ms-date': 'REDACTED'
    'x-ms-client-request-id': '747f83a0-0592-11ef-8258-0242c0a81004'
    'Authorization': 'REDACTED'
No body was attached to the request
[2024-04-28T19:06:45.112+0000] {_universal.py:550} INFO - Response status: 206
Response headers:
    'Content-Length': '4194304'
    'Content-Type': 'application/octet-stream'
    'Content-Range': 'REDACTED'
    'Last-Modified': 'Sat, 27 Apr 2024 21:32:42 GMT'
    'Accept-Ranges': 'REDACTED'
    'ETag': '"0x8DC67019256BC59"'
    'Server': 'Windows-Azure-Blob/1.0 Microsoft-HTTPAPI/2.0'
    'x-ms-request-id': 'e63285af-701e-0043-539f-992ec3000000'
    'x-ms-client-request-id': '747f83a0-0592-11ef-8258-0242c0a81004'
    'x-ms-version': 'REDACTED'
    'x-ms-creation-time': 'REDACTED'
    'x-ms-lease-status': 'REDACTED'
    'x-ms-lease-state': 'REDACTED'
    'x-ms-blob-type': 'REDACTED'
    'x-ms-server-encrypted': 'REDACTED'
    'Date': 'Sun, 28 Apr 2024 19:06:44 GMT'
[2024-04-28T19:06:45.630+0000] {_universal.py:514} INFO - Request URL: 'https://azureyellowcab.blob.core.windows.net/cabfiles/yellow_tripdata_2011-01.parquet'
Request method: 'GET'
Request headers:
    'x-ms-range': 'REDACTED'
    'If-Match': '"0x8DC67019256BC59"'
    'x-ms-version': 'REDACTED'
    'Accept': 'application/xml'
    'User-Agent': 'azsdk-python-storage-blob/12.19.1 Python/3.12.2 (Linux-6.6.22-linuxkit-x86_64-with-glibc2.36)'
    'x-ms-date': 'REDACTED'
    'x-ms-client-request-id': '74e50162-0592-11ef-8258-0242c0a81004'
    'Authorization': 'REDACTED'
No body was attached to the request
[2024-04-28T19:06:45.727+0000] {_universal.py:550} INFO - Response status: 206
Response headers:
    'Content-Length': '4194304'
    'Content-Type': 'application/octet-stream'
    'Content-Range': 'REDACTED'
    'Last-Modified': 'Sat, 27 Apr 2024 21:32:42 GMT'
    'Accept-Ranges': 'REDACTED'
    'ETag': '"0x8DC67019256BC59"'
    'Server': 'Windows-Azure-Blob/1.0 Microsoft-HTTPAPI/2.0'
    'x-ms-request-id': 'e6328841-701e-0043-229f-992ec3000000'
    'x-ms-client-request-id': '74e50162-0592-11ef-8258-0242c0a81004'
    'x-ms-version': 'REDACTED'
    'x-ms-creation-time': 'REDACTED'
    'x-ms-lease-status': 'REDACTED'
    'x-ms-lease-state': 'REDACTED'
    'x-ms-blob-type': 'REDACTED'
    'x-ms-server-encrypted': 'REDACTED'
    'Date': 'Sun, 28 Apr 2024 19:06:45 GMT'
[2024-04-28T19:06:46.479+0000] {_universal.py:514} INFO - Request URL: 'https://azureyellowcab.blob.core.windows.net/cabfiles/yellow_tripdata_2011-01.parquet'
Request method: 'GET'
Request headers:
    'x-ms-range': 'REDACTED'
    'If-Match': '"0x8DC67019256BC59"'
    'x-ms-version': 'REDACTED'
    'Accept': 'application/xml'
    'User-Agent': 'azsdk-python-storage-blob/12.19.1 Python/3.12.2 (Linux-6.6.22-linuxkit-x86_64-with-glibc2.36)'
    'x-ms-date': 'REDACTED'
    'x-ms-client-request-id': '75668cbe-0592-11ef-8258-0242c0a81004'
    'Authorization': 'REDACTED'
No body was attached to the request
[2024-04-28T19:06:46.672+0000] {_universal.py:550} INFO - Response status: 206
Response headers:
    'Content-Length': '4194304'
    'Content-Type': 'application/octet-stream'
    'Content-Range': 'REDACTED'
    'Last-Modified': 'Sat, 27 Apr 2024 21:32:42 GMT'
    'Accept-Ranges': 'REDACTED'
    'ETag': '"0x8DC67019256BC59"'
    'Server': 'Windows-Azure-Blob/1.0 Microsoft-HTTPAPI/2.0'
    'x-ms-request-id': 'e6328b79-701e-0043-749f-992ec3000000'
    'x-ms-client-request-id': '75668cbe-0592-11ef-8258-0242c0a81004'
    'x-ms-version': 'REDACTED'
    'x-ms-creation-time': 'REDACTED'
    'x-ms-lease-status': 'REDACTED'
    'x-ms-lease-state': 'REDACTED'
    'x-ms-blob-type': 'REDACTED'
    'x-ms-server-encrypted': 'REDACTED'
    'Date': 'Sun, 28 Apr 2024 19:06:46 GMT'
[2024-04-28T19:06:47.192+0000] {_universal.py:514} INFO - Request URL: 'https://azureyellowcab.blob.core.windows.net/cabfiles/yellow_tripdata_2011-01.parquet'
Request method: 'GET'
Request headers:
    'x-ms-range': 'REDACTED'
    'If-Match': '"0x8DC67019256BC59"'
    'x-ms-version': 'REDACTED'
    'Accept': 'application/xml'
    'User-Agent': 'azsdk-python-storage-blob/12.19.1 Python/3.12.2 (Linux-6.6.22-linuxkit-x86_64-with-glibc2.36)'
    'x-ms-date': 'REDACTED'
    'x-ms-client-request-id': '75d3434a-0592-11ef-8258-0242c0a81004'
    'Authorization': 'REDACTED'
No body was attached to the request
[2024-04-28T19:06:47.321+0000] {_universal.py:550} INFO - Response status: 206
Response headers:
    'Content-Length': '4194304'
    'Content-Type': 'application/octet-stream'
    'Content-Range': 'REDACTED'
    'Last-Modified': 'Sat, 27 Apr 2024 21:32:42 GMT'
    'Accept-Ranges': 'REDACTED'
    'ETag': '"0x8DC67019256BC59"'
    'Server': 'Windows-Azure-Blob/1.0 Microsoft-HTTPAPI/2.0'
    'x-ms-request-id': 'e6328ec4-701e-0043-6e9f-992ec3000000'
    'x-ms-client-request-id': '75d3434a-0592-11ef-8258-0242c0a81004'
    'x-ms-version': 'REDACTED'
    'x-ms-creation-time': 'REDACTED'
    'x-ms-lease-status': 'REDACTED'
    'x-ms-lease-state': 'REDACTED'
    'x-ms-blob-type': 'REDACTED'
    'x-ms-server-encrypted': 'REDACTED'
    'Date': 'Sun, 28 Apr 2024 19:06:47 GMT'
[2024-04-28T19:06:47.907+0000] {_universal.py:514} INFO - Request URL: 'https://azureyellowcab.blob.core.windows.net/cabfiles/yellow_tripdata_2011-01.parquet'
Request method: 'GET'
Request headers:
    'x-ms-range': 'REDACTED'
    'If-Match': '"0x8DC67019256BC59"'
    'x-ms-version': 'REDACTED'
    'Accept': 'application/xml'
    'User-Agent': 'azsdk-python-storage-blob/12.19.1 Python/3.12.2 (Linux-6.6.22-linuxkit-x86_64-with-glibc2.36)'
    'x-ms-date': 'REDACTED'
    'x-ms-client-request-id': '764062cc-0592-11ef-8258-0242c0a81004'
    'Authorization': 'REDACTED'
No body was attached to the request
[2024-04-28T19:06:48.019+0000] {_universal.py:550} INFO - Response status: 206
Response headers:
    'Content-Length': '4194304'
    'Content-Type': 'application/octet-stream'
    'Content-Range': 'REDACTED'
    'Last-Modified': 'Sat, 27 Apr 2024 21:32:42 GMT'
    'Accept-Ranges': 'REDACTED'
    'ETag': '"0x8DC67019256BC59"'
    'Server': 'Windows-Azure-Blob/1.0 Microsoft-HTTPAPI/2.0'
    'x-ms-request-id': 'e6329243-701e-0043-229f-992ec3000000'
    'x-ms-client-request-id': '764062cc-0592-11ef-8258-0242c0a81004'
    'x-ms-version': 'REDACTED'
    'x-ms-creation-time': 'REDACTED'
    'x-ms-lease-status': 'REDACTED'
    'x-ms-lease-state': 'REDACTED'
    'x-ms-blob-type': 'REDACTED'
    'x-ms-server-encrypted': 'REDACTED'
    'Date': 'Sun, 28 Apr 2024 19:06:47 GMT'
[2024-04-28T19:06:48.604+0000] {_universal.py:514} INFO - Request URL: 'https://azureyellowcab.blob.core.windows.net/cabfiles/yellow_tripdata_2011-01.parquet'
Request method: 'GET'
Request headers:
    'x-ms-range': 'REDACTED'
    'If-Match': '"0x8DC67019256BC59"'
    'x-ms-version': 'REDACTED'
    'Accept': 'application/xml'
    'User-Agent': 'azsdk-python-storage-blob/12.19.1 Python/3.12.2 (Linux-6.6.22-linuxkit-x86_64-with-glibc2.36)'
    'x-ms-date': 'REDACTED'
    'x-ms-client-request-id': '76aaad3a-0592-11ef-8258-0242c0a81004'
    'Authorization': 'REDACTED'
No body was attached to the request
[2024-04-28T19:06:48.770+0000] {_universal.py:550} INFO - Response status: 206
Response headers:
    'Content-Length': '4194304'
    'Content-Type': 'application/octet-stream'
    'Content-Range': 'REDACTED'
    'Last-Modified': 'Sat, 27 Apr 2024 21:32:42 GMT'
    'Accept-Ranges': 'REDACTED'
    'ETag': '"0x8DC67019256BC59"'
    'Server': 'Windows-Azure-Blob/1.0 Microsoft-HTTPAPI/2.0'
    'x-ms-request-id': 'e6329549-701e-0043-639f-992ec3000000'
    'x-ms-client-request-id': '76aaad3a-0592-11ef-8258-0242c0a81004'
    'x-ms-version': 'REDACTED'
    'x-ms-creation-time': 'REDACTED'
    'x-ms-lease-status': 'REDACTED'
    'x-ms-lease-state': 'REDACTED'
    'x-ms-blob-type': 'REDACTED'
    'x-ms-server-encrypted': 'REDACTED'
    'Date': 'Sun, 28 Apr 2024 19:06:48 GMT'
[2024-04-28T19:06:49.411+0000] {_universal.py:514} INFO - Request URL: 'https://azureyellowcab.blob.core.windows.net/cabfiles/yellow_tripdata_2011-01.parquet'
Request method: 'GET'
Request headers:
    'x-ms-range': 'REDACTED'
    'If-Match': '"0x8DC67019256BC59"'
    'x-ms-version': 'REDACTED'
    'Accept': 'application/xml'
    'User-Agent': 'azsdk-python-storage-blob/12.19.1 Python/3.12.2 (Linux-6.6.22-linuxkit-x86_64-with-glibc2.36)'
    'x-ms-date': 'REDACTED'
    'x-ms-client-request-id': '7725d41a-0592-11ef-8258-0242c0a81004'
    'Authorization': 'REDACTED'
No body was attached to the request
[2024-04-28T19:06:49.539+0000] {_universal.py:550} INFO - Response status: 206
Response headers:
    'Content-Length': '4194304'
    'Content-Type': 'application/octet-stream'
    'Content-Range': 'REDACTED'
    'Last-Modified': 'Sat, 27 Apr 2024 21:32:42 GMT'
    'Accept-Ranges': 'REDACTED'
    'ETag': '"0x8DC67019256BC59"'
    'Server': 'Windows-Azure-Blob/1.0 Microsoft-HTTPAPI/2.0'
    'x-ms-request-id': 'e63298dc-701e-0043-219f-992ec3000000'
    'x-ms-client-request-id': '7725d41a-0592-11ef-8258-0242c0a81004'
    'x-ms-version': 'REDACTED'
    'x-ms-creation-time': 'REDACTED'
    'x-ms-lease-status': 'REDACTED'
    'x-ms-lease-state': 'REDACTED'
    'x-ms-blob-type': 'REDACTED'
    'x-ms-server-encrypted': 'REDACTED'
    'Date': 'Sun, 28 Apr 2024 19:06:49 GMT'
[2024-04-28T19:06:50.528+0000] {_universal.py:514} INFO - Request URL: 'https://azureyellowcab.blob.core.windows.net/cabfiles/yellow_tripdata_2011-01.parquet'
Request method: 'GET'
Request headers:
    'x-ms-range': 'REDACTED'
    'If-Match': '"0x8DC67019256BC59"'
    'x-ms-version': 'REDACTED'
    'Accept': 'application/xml'
    'User-Agent': 'azsdk-python-storage-blob/12.19.1 Python/3.12.2 (Linux-6.6.22-linuxkit-x86_64-with-glibc2.36)'
    'x-ms-date': 'REDACTED'
    'x-ms-client-request-id': '77d04eae-0592-11ef-8258-0242c0a81004'
    'Authorization': 'REDACTED'
No body was attached to the request
[2024-04-28T19:06:50.693+0000] {_universal.py:550} INFO - Response status: 206
Response headers:
    'Content-Length': '4194304'
    'Content-Type': 'application/octet-stream'
    'Content-Range': 'REDACTED'
    'Last-Modified': 'Sat, 27 Apr 2024 21:32:42 GMT'
    'Accept-Ranges': 'REDACTED'
    'ETag': '"0x8DC67019256BC59"'
    'Server': 'Windows-Azure-Blob/1.0 Microsoft-HTTPAPI/2.0'
    'x-ms-request-id': 'e6329e10-701e-0043-729f-992ec3000000'
    'x-ms-client-request-id': '77d04eae-0592-11ef-8258-0242c0a81004'
    'x-ms-version': 'REDACTED'
    'x-ms-creation-time': 'REDACTED'
    'x-ms-lease-status': 'REDACTED'
    'x-ms-lease-state': 'REDACTED'
    'x-ms-blob-type': 'REDACTED'
    'x-ms-server-encrypted': 'REDACTED'
    'Date': 'Sun, 28 Apr 2024 19:06:50 GMT'
[2024-04-28T19:06:51.570+0000] {_universal.py:514} INFO - Request URL: 'https://azureyellowcab.blob.core.windows.net/cabfiles/yellow_tripdata_2011-01.parquet'
Request method: 'GET'
Request headers:
    'x-ms-range': 'REDACTED'
    'If-Match': '"0x8DC67019256BC59"'
    'x-ms-version': 'REDACTED'
    'Accept': 'application/xml'
    'User-Agent': 'azsdk-python-storage-blob/12.19.1 Python/3.12.2 (Linux-6.6.22-linuxkit-x86_64-with-glibc2.36)'
    'x-ms-date': 'REDACTED'
    'x-ms-client-request-id': '786f4ec8-0592-11ef-8258-0242c0a81004'
    'Authorization': 'REDACTED'
No body was attached to the request
[2024-04-28T19:06:51.683+0000] {_universal.py:550} INFO - Response status: 206
Response headers:
    'Content-Length': '4194304'
    'Content-Type': 'application/octet-stream'
    'Content-Range': 'REDACTED'
    'Last-Modified': 'Sat, 27 Apr 2024 21:32:42 GMT'
    'Accept-Ranges': 'REDACTED'
    'ETag': '"0x8DC67019256BC59"'
    'Server': 'Windows-Azure-Blob/1.0 Microsoft-HTTPAPI/2.0'
    'x-ms-request-id': 'e632a3b8-701e-0043-059f-992ec3000000'
    'x-ms-client-request-id': '786f4ec8-0592-11ef-8258-0242c0a81004'
    'x-ms-version': 'REDACTED'
    'x-ms-creation-time': 'REDACTED'
    'x-ms-lease-status': 'REDACTED'
    'x-ms-lease-state': 'REDACTED'
    'x-ms-blob-type': 'REDACTED'
    'x-ms-server-encrypted': 'REDACTED'
    'Date': 'Sun, 28 Apr 2024 19:06:51 GMT'
[2024-04-28T19:06:52.580+0000] {_universal.py:514} INFO - Request URL: 'https://azureyellowcab.blob.core.windows.net/cabfiles/yellow_tripdata_2011-01.parquet'
Request method: 'GET'
Request headers:
    'x-ms-range': 'REDACTED'
    'If-Match': '"0x8DC67019256BC59"'
    'x-ms-version': 'REDACTED'
    'Accept': 'application/xml'
    'User-Agent': 'azsdk-python-storage-blob/12.19.1 Python/3.12.2 (Linux-6.6.22-linuxkit-x86_64-with-glibc2.36)'
    'x-ms-date': 'REDACTED'
    'x-ms-client-request-id': '79097836-0592-11ef-8258-0242c0a81004'
    'Authorization': 'REDACTED'
No body was attached to the request
[2024-04-28T19:06:52.701+0000] {_universal.py:550} INFO - Response status: 206
Response headers:
    'Content-Length': '4194304'
    'Content-Type': 'application/octet-stream'
    'Content-Range': 'REDACTED'
    'Last-Modified': 'Sat, 27 Apr 2024 21:32:42 GMT'
    'Accept-Ranges': 'REDACTED'
    'ETag': '"0x8DC67019256BC59"'
    'Server': 'Windows-Azure-Blob/1.0 Microsoft-HTTPAPI/2.0'
    'x-ms-request-id': 'e632aaba-701e-0043-189f-992ec3000000'
    'x-ms-client-request-id': '79097836-0592-11ef-8258-0242c0a81004'
    'x-ms-version': 'REDACTED'
    'x-ms-creation-time': 'REDACTED'
    'x-ms-lease-status': 'REDACTED'
    'x-ms-lease-state': 'REDACTED'
    'x-ms-blob-type': 'REDACTED'
    'x-ms-server-encrypted': 'REDACTED'
    'Date': 'Sun, 28 Apr 2024 19:06:52 GMT'
[2024-04-28T19:06:53.561+0000] {_universal.py:514} INFO - Request URL: 'https://azureyellowcab.blob.core.windows.net/cabfiles/yellow_tripdata_2011-01.parquet'
Request method: 'GET'
Request headers:
    'x-ms-range': 'REDACTED'
    'If-Match': '"0x8DC67019256BC59"'
    'x-ms-version': 'REDACTED'
    'Accept': 'application/xml'
    'User-Agent': 'azsdk-python-storage-blob/12.19.1 Python/3.12.2 (Linux-6.6.22-linuxkit-x86_64-with-glibc2.36)'
    'x-ms-date': 'REDACTED'
    'x-ms-client-request-id': '799f1e86-0592-11ef-8258-0242c0a81004'
    'Authorization': 'REDACTED'
No body was attached to the request
[2024-04-28T19:06:53.655+0000] {_universal.py:550} INFO - Response status: 206
Response headers:
    'Content-Length': '4194304'
    'Content-Type': 'application/octet-stream'
    'Content-Range': 'REDACTED'
    'Last-Modified': 'Sat, 27 Apr 2024 21:32:42 GMT'
    'Accept-Ranges': 'REDACTED'
    'ETag': '"0x8DC67019256BC59"'
    'Server': 'Windows-Azure-Blob/1.0 Microsoft-HTTPAPI/2.0'
    'x-ms-request-id': 'e632b058-701e-0043-659f-992ec3000000'
    'x-ms-client-request-id': '799f1e86-0592-11ef-8258-0242c0a81004'
    'x-ms-version': 'REDACTED'
    'x-ms-creation-time': 'REDACTED'
    'x-ms-lease-status': 'REDACTED'
    'x-ms-lease-state': 'REDACTED'
    'x-ms-blob-type': 'REDACTED'
    'x-ms-server-encrypted': 'REDACTED'
    'Date': 'Sun, 28 Apr 2024 19:06:53 GMT'
[2024-04-28T19:06:54.477+0000] {_universal.py:514} INFO - Request URL: 'https://azureyellowcab.blob.core.windows.net/cabfiles/yellow_tripdata_2011-01.parquet'
Request method: 'GET'
Request headers:
    'x-ms-range': 'REDACTED'
    'If-Match': '"0x8DC67019256BC59"'
    'x-ms-version': 'REDACTED'
    'Accept': 'application/xml'
    'User-Agent': 'azsdk-python-storage-blob/12.19.1 Python/3.12.2 (Linux-6.6.22-linuxkit-x86_64-with-glibc2.36)'
    'x-ms-date': 'REDACTED'
    'x-ms-client-request-id': '7a2ad660-0592-11ef-8258-0242c0a81004'
    'Authorization': 'REDACTED'
No body was attached to the request
[2024-04-28T19:06:54.578+0000] {_universal.py:550} INFO - Response status: 206
Response headers:
    'Content-Length': '3601974'
    'Content-Type': 'application/octet-stream'
    'Content-Range': 'REDACTED'
    'Last-Modified': 'Sat, 27 Apr 2024 21:32:42 GMT'
    'Accept-Ranges': 'REDACTED'
    'ETag': '"0x8DC67019256BC59"'
    'Server': 'Windows-Azure-Blob/1.0 Microsoft-HTTPAPI/2.0'
    'x-ms-request-id': 'e632b6ee-701e-0043-5d9f-992ec3000000'
    'x-ms-client-request-id': '7a2ad660-0592-11ef-8258-0242c0a81004'
    'x-ms-version': 'REDACTED'
    'x-ms-creation-time': 'REDACTED'
    'x-ms-lease-status': 'REDACTED'
    'x-ms-lease-state': 'REDACTED'
    'x-ms-blob-type': 'REDACTED'
    'x-ms-server-encrypted': 'REDACTED'
    'Date': 'Sun, 28 Apr 2024 19:06:54 GMT'
[2024-04-28T19:06:56.791+0000] {python.py:237} INFO - Done. Returned value was: True
[2024-04-28T19:06:56.792+0000] {taskinstance.py:441} INFO - ::group::Post task execution logs
[2024-04-28T19:06:56.824+0000] {taskinstance.py:1205} INFO - Marking task as SUCCESS. dag_id=dag_yellow_cab, task_id=download_file, execution_date=20240428T190622, start_date=20240428T190624, end_date=20240428T190656
[2024-04-28T19:06:56.861+0000] {local_task_job_runner.py:240} INFO - Task exited with return code 0
[2024-04-28T19:06:56.905+0000] {taskinstance.py:3482} INFO - 1 downstream tasks scheduled from follow-on schedule check
[2024-04-28T19:06:56.906+0000] {local_task_job_runner.py:222} INFO - ::endgroup::
