[2024-04-30T19:22:18.802+0000] {local_task_job_runner.py:120} INFO - ::group::Pre task execution logs
[2024-04-30T19:22:18.821+0000] {taskinstance.py:2073} INFO - Dependencies all met for dep_context=non-requeueable deps ti=<TaskInstance: dag_yellow_cab.load_data manual__2024-04-30T19:21:04.965591+00:00 [queued]>
[2024-04-30T19:22:18.829+0000] {taskinstance.py:2073} INFO - Dependencies all met for dep_context=requeueable deps ti=<TaskInstance: dag_yellow_cab.load_data manual__2024-04-30T19:21:04.965591+00:00 [queued]>
[2024-04-30T19:22:18.830+0000] {taskinstance.py:2303} INFO - Starting attempt 1 of 1
[2024-04-30T19:22:18.843+0000] {taskinstance.py:2327} INFO - Executing <Task(PythonOperator): load_data> on 2024-04-30 19:21:04.965591+00:00
[2024-04-30T19:22:18.848+0000] {warnings.py:110} WARNING - /home/***/.local/lib/python3.12/site-packages/***/task/task_runner/standard_task_runner.py:61: DeprecationWarning: This process (pid=110) is multi-threaded, use of fork() may lead to deadlocks in the child.
  pid = os.fork()

[2024-04-30T19:22:18.850+0000] {standard_task_runner.py:63} INFO - Started process 112 to run task
[2024-04-30T19:22:18.850+0000] {standard_task_runner.py:90} INFO - Running: ['***', 'tasks', 'run', 'dag_yellow_cab', 'load_data', 'manual__2024-04-30T19:21:04.965591+00:00', '--job-id', '270', '--raw', '--subdir', 'DAGS_FOLDER/dag.py', '--cfg-path', '/tmp/tmpqr9sax5j']
[2024-04-30T19:22:18.852+0000] {standard_task_runner.py:91} INFO - Job 270: Subtask load_data
[2024-04-30T19:22:18.892+0000] {task_command.py:426} INFO - Running <TaskInstance: dag_yellow_cab.load_data manual__2024-04-30T19:21:04.965591+00:00 [running]> on host 7e6470959e76
[2024-04-30T19:22:18.979+0000] {taskinstance.py:2644} INFO - Exporting env vars: AIRFLOW_CTX_DAG_OWNER='***' AIRFLOW_CTX_DAG_ID='dag_yellow_cab' AIRFLOW_CTX_TASK_ID='load_data' AIRFLOW_CTX_EXECUTION_DATE='2024-04-30T19:21:04.965591+00:00' AIRFLOW_CTX_TRY_NUMBER='1' AIRFLOW_CTX_DAG_RUN_ID='manual__2024-04-30T19:21:04.965591+00:00'
[2024-04-30T19:22:18.980+0000] {taskinstance.py:430} INFO - ::endgroup::
[2024-04-30T19:22:18.994+0000] {logging_mixin.py:188} INFO - passed engine creation
[2024-04-30T19:22:18.996+0000] {logging_mixin.py:188} INFO - enter for loop
[2024-04-30T19:22:18.996+0000] {logging_mixin.py:188} INFO - enter for loop
[2024-04-30T19:22:18.997+0000] {logging_mixin.py:188} INFO - enter for loop
[2024-04-30T19:22:18.997+0000] {logging_mixin.py:188} INFO - enter for loop
[2024-04-30T19:22:18.998+0000] {logging_mixin.py:188} INFO - enter if loop
[2024-04-30T19:22:18.998+0000] {logging_mixin.py:188} INFO - enter file_upload function
[2024-04-30T19:22:18.999+0000] {logging_mixin.py:188} INFO - read filepath
[2024-04-30T19:26:53.301+0000] {logging_mixin.py:188} INFO - upload compleated
[2024-04-30T19:26:53.310+0000] {python.py:237} INFO - Done. Returned value was: None
[2024-04-30T19:26:53.311+0000] {taskinstance.py:441} INFO - ::group::Post task execution logs
[2024-04-30T19:26:53.322+0000] {taskinstance.py:1205} INFO - Marking task as SUCCESS. dag_id=dag_yellow_cab, task_id=load_data, execution_date=20240430T192104, start_date=20240430T192218, end_date=20240430T192653
[2024-04-30T19:26:53.447+0000] {local_task_job_runner.py:240} INFO - Task exited with return code 0
[2024-04-30T19:26:53.672+0000] {taskinstance.py:3482} INFO - 1 downstream tasks scheduled from follow-on schedule check
[2024-04-30T19:26:53.674+0000] {local_task_job_runner.py:222} INFO - ::endgroup::
