[2024-05-01T00:00:05.708+0000] {local_task_job_runner.py:120} INFO - ::group::Pre task execution logs
[2024-05-01T00:00:05.737+0000] {taskinstance.py:2073} INFO - Dependencies all met for dep_context=non-requeueable deps ti=<TaskInstance: dag_yellow_cab.request_file scheduled__2024-04-30T00:00:00+00:00 [queued]>
[2024-05-01T00:00:05.747+0000] {taskinstance.py:2073} INFO - Dependencies all met for dep_context=requeueable deps ti=<TaskInstance: dag_yellow_cab.request_file scheduled__2024-04-30T00:00:00+00:00 [queued]>
[2024-05-01T00:00:05.748+0000] {taskinstance.py:2303} INFO - Starting attempt 1 of 1
[2024-05-01T00:00:05.766+0000] {taskinstance.py:2327} INFO - Executing <Task(PythonOperator): request_file> on 2024-04-30 00:00:00+00:00
[2024-05-01T00:00:05.775+0000] {warnings.py:110} WARNING - /home/***/.local/lib/python3.12/site-packages/***/task/task_runner/standard_task_runner.py:61: DeprecationWarning: This process (pid=248) is multi-threaded, use of fork() may lead to deadlocks in the child.
  pid = os.fork()

[2024-05-01T00:00:05.777+0000] {standard_task_runner.py:63} INFO - Started process 250 to run task
[2024-05-01T00:00:05.776+0000] {standard_task_runner.py:90} INFO - Running: ['***', 'tasks', 'run', 'dag_yellow_cab', 'request_file', 'scheduled__2024-04-30T00:00:00+00:00', '--job-id', '13', '--raw', '--subdir', 'DAGS_FOLDER/dag.py', '--cfg-path', '/tmp/tmpvv5hswb7']
[2024-05-01T00:00:05.779+0000] {standard_task_runner.py:91} INFO - Job 13: Subtask request_file
[2024-05-01T00:00:05.836+0000] {task_command.py:426} INFO - Running <TaskInstance: dag_yellow_cab.request_file scheduled__2024-04-30T00:00:00+00:00 [running]> on host ee85e0733ed4
[2024-05-01T00:00:05.950+0000] {taskinstance.py:2644} INFO - Exporting env vars: AIRFLOW_CTX_DAG_OWNER='***' AIRFLOW_CTX_DAG_ID='dag_yellow_cab' AIRFLOW_CTX_TASK_ID='request_file' AIRFLOW_CTX_EXECUTION_DATE='2024-04-30T00:00:00+00:00' AIRFLOW_CTX_TRY_NUMBER='1' AIRFLOW_CTX_DAG_RUN_ID='scheduled__2024-04-30T00:00:00+00:00'
[2024-05-01T00:00:05.951+0000] {taskinstance.py:430} INFO - ::endgroup::
[2024-05-01T00:00:05.986+0000] {_universal.py:514} INFO - Request URL: 'https://azureyellowcab.blob.core.windows.net/cabfiles?restype=REDACTED&comp=REDACTED'
Request method: 'GET'
Request headers:
    'x-ms-version': 'REDACTED'
    'Accept': 'application/xml'
    'User-Agent': 'azsdk-python-storage-blob/12.19.1 Python/3.12.2 (Linux-6.6.22-linuxkit-x86_64-with-glibc2.36)'
    'x-ms-date': 'REDACTED'
    'x-ms-client-request-id': 'c4597982-074d-11ef-a3c8-0242ac160006'
    'Authorization': 'REDACTED'
No body was attached to the request
[2024-05-01T00:00:06.558+0000] {_universal.py:550} INFO - Response status: 200
Response headers:
    'Transfer-Encoding': 'chunked'
    'Content-Type': 'application/xml'
    'Server': 'Windows-Azure-Blob/1.0 Microsoft-HTTPAPI/2.0'
    'x-ms-request-id': '98b0ee67-001e-0004-145a-9b4598000000'
    'x-ms-client-request-id': 'c4597982-074d-11ef-a3c8-0242ac160006'
    'x-ms-version': 'REDACTED'
    'Date': 'Wed, 01 May 2024 00:00:08 GMT'
[2024-05-01T00:00:06.567+0000] {python.py:237} INFO - Done. Returned value was: None
[2024-05-01T00:00:06.568+0000] {taskinstance.py:441} INFO - ::group::Post task execution logs
[2024-05-01T00:00:06.579+0000] {taskinstance.py:1205} INFO - Marking task as SUCCESS. dag_id=dag_yellow_cab, task_id=request_file, execution_date=20240430T000000, start_date=20240501T000005, end_date=20240501T000006
[2024-05-01T00:00:06.615+0000] {local_task_job_runner.py:240} INFO - Task exited with return code 0
[2024-05-01T00:00:06.647+0000] {taskinstance.py:3482} INFO - 1 downstream tasks scheduled from follow-on schedule check
[2024-05-01T00:00:06.649+0000] {local_task_job_runner.py:222} INFO - ::endgroup::
[2024-05-01T22:57:30.832+0000] {local_task_job_runner.py:120} INFO - ::group::Pre task execution logs
[2024-05-01T22:57:30.854+0000] {taskinstance.py:2073} INFO - Dependencies all met for dep_context=non-requeueable deps ti=<TaskInstance: dag_yellow_cab.request_file scheduled__2024-04-30T00:00:00+00:00 [queued]>
[2024-05-01T22:57:30.861+0000] {taskinstance.py:2073} INFO - Dependencies all met for dep_context=requeueable deps ti=<TaskInstance: dag_yellow_cab.request_file scheduled__2024-04-30T00:00:00+00:00 [queued]>
[2024-05-01T22:57:30.862+0000] {taskinstance.py:2303} INFO - Starting attempt 1 of 1
[2024-05-01T22:57:30.877+0000] {taskinstance.py:2327} INFO - Executing <Task(PythonOperator): request_file> on 2024-04-30 00:00:00+00:00
[2024-05-01T22:57:30.887+0000] {warnings.py:110} WARNING - /home/***/.local/lib/python3.12/site-packages/***/task/task_runner/standard_task_runner.py:61: DeprecationWarning: This process (pid=141) is multi-threaded, use of fork() may lead to deadlocks in the child.
  pid = os.fork()

[2024-05-01T22:57:30.891+0000] {standard_task_runner.py:63} INFO - Started process 144 to run task
[2024-05-01T22:57:30.892+0000] {standard_task_runner.py:90} INFO - Running: ['***', 'tasks', 'run', 'dag_yellow_cab', 'request_file', 'scheduled__2024-04-30T00:00:00+00:00', '--job-id', '3', '--raw', '--subdir', 'DAGS_FOLDER/dag.py', '--cfg-path', '/tmp/tmpbkoizbep']
[2024-05-01T22:57:30.898+0000] {standard_task_runner.py:91} INFO - Job 3: Subtask request_file
[2024-05-01T22:57:31.070+0000] {task_command.py:426} INFO - Running <TaskInstance: dag_yellow_cab.request_file scheduled__2024-04-30T00:00:00+00:00 [running]> on host e4515e05b162
[2024-05-01T22:57:31.232+0000] {taskinstance.py:2644} INFO - Exporting env vars: AIRFLOW_CTX_DAG_OWNER='***' AIRFLOW_CTX_DAG_ID='dag_yellow_cab' AIRFLOW_CTX_TASK_ID='request_file' AIRFLOW_CTX_EXECUTION_DATE='2024-04-30T00:00:00+00:00' AIRFLOW_CTX_TRY_NUMBER='1' AIRFLOW_CTX_DAG_RUN_ID='scheduled__2024-04-30T00:00:00+00:00'
[2024-05-01T22:57:31.234+0000] {taskinstance.py:430} INFO - ::endgroup::
[2024-05-01T22:57:31.284+0000] {scripts.py:12} INFO - Downloading files
[2024-05-01T22:57:31.306+0000] {_universal.py:514} INFO - Request URL: 'https://azureyellowcab.blob.core.windows.net/cabfiles?restype=REDACTED&comp=REDACTED'
Request method: 'GET'
Request headers:
    'x-ms-version': 'REDACTED'
    'Accept': 'application/xml'
    'User-Agent': 'azsdk-python-storage-blob/12.19.1 Python/3.12.2 (Linux-6.6.22-linuxkit-x86_64-with-glibc2.36)'
    'x-ms-date': 'REDACTED'
    'x-ms-client-request-id': '30cca006-080e-11ef-970b-0242ac1f0007'
    'Authorization': 'REDACTED'
No body was attached to the request
[2024-05-01T22:57:31.859+0000] {_universal.py:550} INFO - Response status: 200
Response headers:
    'Transfer-Encoding': 'chunked'
    'Content-Type': 'application/xml'
    'Server': 'Windows-Azure-Blob/1.0 Microsoft-HTTPAPI/2.0'
    'x-ms-request-id': '3243fea5-e01e-007e-221a-9c58d8000000'
    'x-ms-client-request-id': '30cca006-080e-11ef-970b-0242ac1f0007'
    'x-ms-version': 'REDACTED'
    'Date': 'Wed, 01 May 2024 22:57:34 GMT'
[2024-05-01T22:57:31.875+0000] {logging_mixin.py:188} WARNING - --- Logging error ---
[2024-05-01T22:57:31.876+0000] {logging_mixin.py:188} WARNING - Traceback (most recent call last):
[2024-05-01T22:57:31.877+0000] {logging_mixin.py:188} WARNING -   File "/usr/local/lib/python3.12/logging/__init__.py", line 1160, in emit
    msg = self.format(record)
          ^^^^^^^^^^^^^^^^^^^
[2024-05-01T22:57:31.878+0000] {logging_mixin.py:188} WARNING -   File "/usr/local/lib/python3.12/logging/__init__.py", line 999, in format
    return fmt.format(record)
           ^^^^^^^^^^^^^^^^^^
[2024-05-01T22:57:31.879+0000] {logging_mixin.py:188} WARNING -   File "/usr/local/lib/python3.12/logging/__init__.py", line 703, in format
    record.message = record.getMessage()
                     ^^^^^^^^^^^^^^^^^^^
[2024-05-01T22:57:31.879+0000] {logging_mixin.py:188} WARNING -   File "/usr/local/lib/python3.12/logging/__init__.py", line 392, in getMessage
    msg = msg % self.args
          ~~~~^~~~~~~~~~~
[2024-05-01T22:57:31.880+0000] {logging_mixin.py:188} WARNING - TypeError: not all arguments converted during string formatting
[2024-05-01T22:57:31.881+0000] {logging_mixin.py:188} WARNING - Call stack:
[2024-05-01T22:57:31.893+0000] {logging_mixin.py:188} WARNING -   File "/home/***/.local/bin/***", line 8, in <module>
    sys.exit(main())
[2024-05-01T22:57:31.894+0000] {logging_mixin.py:188} WARNING -   File "/home/***/.local/lib/python3.12/site-packages/***/__main__.py", line 58, in main
    args.func(args)
[2024-05-01T22:57:31.894+0000] {logging_mixin.py:188} WARNING -   File "/home/***/.local/lib/python3.12/site-packages/***/cli/cli_config.py", line 49, in command
    return func(*args, **kwargs)
[2024-05-01T22:57:31.895+0000] {logging_mixin.py:188} WARNING -   File "/home/***/.local/lib/python3.12/site-packages/***/utils/cli.py", line 114, in wrapper
    return f(*args, **kwargs)
[2024-05-01T22:57:31.895+0000] {logging_mixin.py:188} WARNING -   File "/home/***/.local/lib/python3.12/site-packages/***/providers/celery/cli/celery_command.py", line 60, in wrapper
    providers_configuration_loaded(func)(*args, **kwargs)
[2024-05-01T22:57:31.896+0000] {logging_mixin.py:188} WARNING -   File "/home/***/.local/lib/python3.12/site-packages/***/utils/providers_configuration_loader.py", line 55, in wrapped_function
    return func(*args, **kwargs)
[2024-05-01T22:57:31.897+0000] {logging_mixin.py:188} WARNING -   File "/home/***/.local/lib/python3.12/site-packages/***/providers/celery/cli/celery_command.py", line 231, in worker
    _run_command_with_daemon_option(
[2024-05-01T22:57:31.900+0000] {logging_mixin.py:188} WARNING -   File "/home/***/.local/lib/python3.12/site-packages/***/providers/celery/cli/celery_command.py", line 46, in _run_command_with_daemon_option
    run_command_with_daemon_option(*args, **kwargs)
[2024-05-01T22:57:31.901+0000] {logging_mixin.py:188} WARNING -   File "/home/***/.local/lib/python3.12/site-packages/***/cli/commands/daemon_utils.py", line 85, in run_command_with_daemon_option
    callback()
[2024-05-01T22:57:31.901+0000] {logging_mixin.py:188} WARNING -   File "/home/***/.local/lib/python3.12/site-packages/***/providers/celery/cli/celery_command.py", line 224, in run_celery_worker
    celery_app.worker_main(options)
[2024-05-01T22:57:31.902+0000] {logging_mixin.py:188} WARNING -   File "/home/***/.local/lib/python3.12/site-packages/celery/app/base.py", line 389, in worker_main
    self.start(argv=argv)
[2024-05-01T22:57:31.902+0000] {logging_mixin.py:188} WARNING -   File "/home/***/.local/lib/python3.12/site-packages/celery/app/base.py", line 369, in start
    celery.main(args=argv, standalone_mode=False)
[2024-05-01T22:57:31.903+0000] {logging_mixin.py:188} WARNING -   File "/home/***/.local/lib/python3.12/site-packages/click/core.py", line 1078, in main
    rv = self.invoke(ctx)
[2024-05-01T22:57:31.903+0000] {logging_mixin.py:188} WARNING -   File "/home/***/.local/lib/python3.12/site-packages/click/core.py", line 1688, in invoke
    return _process_result(sub_ctx.command.invoke(sub_ctx))
[2024-05-01T22:57:31.904+0000] {logging_mixin.py:188} WARNING -   File "/home/***/.local/lib/python3.12/site-packages/click/core.py", line 1434, in invoke
    return ctx.invoke(self.callback, **ctx.params)
[2024-05-01T22:57:31.904+0000] {logging_mixin.py:188} WARNING -   File "/home/***/.local/lib/python3.12/site-packages/click/core.py", line 783, in invoke
    return __callback(*args, **kwargs)
[2024-05-01T22:57:31.905+0000] {logging_mixin.py:188} WARNING -   File "/home/***/.local/lib/python3.12/site-packages/click/decorators.py", line 33, in new_func
    return f(get_current_context(), *args, **kwargs)
[2024-05-01T22:57:31.905+0000] {logging_mixin.py:188} WARNING -   File "/home/***/.local/lib/python3.12/site-packages/celery/bin/base.py", line 134, in caller
    return f(ctx, *args, **kwargs)
[2024-05-01T22:57:31.906+0000] {logging_mixin.py:188} WARNING -   File "/home/***/.local/lib/python3.12/site-packages/celery/bin/worker.py", line 356, in worker
    worker.start()
[2024-05-01T22:57:31.906+0000] {logging_mixin.py:188} WARNING -   File "/home/***/.local/lib/python3.12/site-packages/celery/worker/worker.py", line 202, in start
    self.blueprint.start(self)
[2024-05-01T22:57:31.907+0000] {logging_mixin.py:188} WARNING -   File "/home/***/.local/lib/python3.12/site-packages/celery/bootsteps.py", line 116, in start
    step.start(parent)
[2024-05-01T22:57:31.907+0000] {logging_mixin.py:188} WARNING -   File "/home/***/.local/lib/python3.12/site-packages/celery/bootsteps.py", line 365, in start
    return self.obj.start()
[2024-05-01T22:57:31.908+0000] {logging_mixin.py:188} WARNING -   File "/home/***/.local/lib/python3.12/site-packages/celery/concurrency/base.py", line 130, in start
    self.on_start()
[2024-05-01T22:57:31.908+0000] {logging_mixin.py:188} WARNING -   File "/home/***/.local/lib/python3.12/site-packages/celery/concurrency/prefork.py", line 109, in on_start
    P = self._pool = Pool(processes=self.limit,
[2024-05-01T22:57:31.909+0000] {logging_mixin.py:188} WARNING -   File "/home/***/.local/lib/python3.12/site-packages/celery/concurrency/asynpool.py", line 464, in __init__
    super().__init__(processes, *args, **kwargs)
[2024-05-01T22:57:31.909+0000] {logging_mixin.py:188} WARNING -   File "/home/***/.local/lib/python3.12/site-packages/billiard/pool.py", line 1045, in __init__
    self._create_worker_process(i)
[2024-05-01T22:57:31.910+0000] {logging_mixin.py:188} WARNING -   File "/home/***/.local/lib/python3.12/site-packages/celery/concurrency/asynpool.py", line 482, in _create_worker_process
    return super()._create_worker_process(i)
[2024-05-01T22:57:31.910+0000] {logging_mixin.py:188} WARNING -   File "/home/***/.local/lib/python3.12/site-packages/billiard/pool.py", line 1157, in _create_worker_process
    w.start()
[2024-05-01T22:57:31.911+0000] {logging_mixin.py:188} WARNING -   File "/home/***/.local/lib/python3.12/site-packages/billiard/process.py", line 120, in start
    self._popen = self._Popen(self)
[2024-05-01T22:57:31.911+0000] {logging_mixin.py:188} WARNING -   File "/home/***/.local/lib/python3.12/site-packages/billiard/context.py", line 331, in _Popen
    return Popen(process_obj)
[2024-05-01T22:57:31.912+0000] {logging_mixin.py:188} WARNING -   File "/home/***/.local/lib/python3.12/site-packages/billiard/popen_fork.py", line 22, in __init__
    self._launch(process_obj)
[2024-05-01T22:57:31.912+0000] {logging_mixin.py:188} WARNING -   File "/home/***/.local/lib/python3.12/site-packages/billiard/popen_fork.py", line 77, in _launch
    code = process_obj._bootstrap()
[2024-05-01T22:57:31.913+0000] {logging_mixin.py:188} WARNING -   File "/home/***/.local/lib/python3.12/site-packages/billiard/process.py", line 323, in _bootstrap
    self.run()
[2024-05-01T22:57:31.913+0000] {logging_mixin.py:188} WARNING -   File "/home/***/.local/lib/python3.12/site-packages/billiard/process.py", line 110, in run
    self._target(*self._args, **self._kwargs)
[2024-05-01T22:57:31.914+0000] {logging_mixin.py:188} WARNING -   File "/home/***/.local/lib/python3.12/site-packages/billiard/pool.py", line 291, in __call__
    sys.exit(self.workloop(pid=pid))
[2024-05-01T22:57:31.914+0000] {logging_mixin.py:188} WARNING -   File "/home/***/.local/lib/python3.12/site-packages/billiard/pool.py", line 361, in workloop
    result = (True, prepare_result(fun(*args, **kwargs)))
[2024-05-01T22:57:31.915+0000] {logging_mixin.py:188} WARNING -   File "/home/***/.local/lib/python3.12/site-packages/celery/app/trace.py", line 675, in fast_trace_task
    R, I, T, Rstr = tasks[task].__trace__(
[2024-05-01T22:57:31.915+0000] {logging_mixin.py:188} WARNING -   File "/home/***/.local/lib/python3.12/site-packages/celery/app/trace.py", line 477, in trace_task
    R = retval = fun(*args, **kwargs)
[2024-05-01T22:57:31.916+0000] {logging_mixin.py:188} WARNING -   File "/home/***/.local/lib/python3.12/site-packages/celery/app/trace.py", line 760, in __protected_call__
    return self.run(*args, **kwargs)
[2024-05-01T22:57:31.916+0000] {logging_mixin.py:188} WARNING -   File "/home/***/.local/lib/python3.12/site-packages/***/providers/celery/executors/celery_executor_utils.py", line 135, in execute_command
    _execute_in_fork(command_to_exec, celery_task_id)
[2024-05-01T22:57:31.917+0000] {logging_mixin.py:188} WARNING -   File "/home/***/.local/lib/python3.12/site-packages/***/providers/celery/executors/celery_executor_utils.py", line 169, in _execute_in_fork
    args.func(args)
[2024-05-01T22:57:31.917+0000] {logging_mixin.py:188} WARNING -   File "/home/***/.local/lib/python3.12/site-packages/***/cli/cli_config.py", line 49, in command
    return func(*args, **kwargs)
[2024-05-01T22:57:31.918+0000] {logging_mixin.py:188} WARNING -   File "/home/***/.local/lib/python3.12/site-packages/***/utils/cli.py", line 114, in wrapper
    return f(*args, **kwargs)
[2024-05-01T22:57:31.918+0000] {logging_mixin.py:188} WARNING -   File "/home/***/.local/lib/python3.12/site-packages/***/cli/commands/task_command.py", line 441, in task_run
    task_return_code = _run_task_by_selected_method(args, _dag, ti)
[2024-05-01T22:57:31.919+0000] {logging_mixin.py:188} WARNING -   File "/home/***/.local/lib/python3.12/site-packages/***/cli/commands/task_command.py", line 219, in _run_task_by_selected_method
    return _run_task_by_local_task_job(args, ti)
[2024-05-01T22:57:31.919+0000] {logging_mixin.py:188} WARNING -   File "/home/***/.local/lib/python3.12/site-packages/***/cli/commands/task_command.py", line 281, in _run_task_by_local_task_job
    ret = run_job(job=job_runner.job, execute_callable=job_runner._execute)
[2024-05-01T22:57:31.920+0000] {logging_mixin.py:188} WARNING -   File "/home/***/.local/lib/python3.12/site-packages/***/utils/session.py", line 79, in wrapper
    return func(*args, session=session, **kwargs)
[2024-05-01T22:57:31.920+0000] {logging_mixin.py:188} WARNING -   File "/home/***/.local/lib/python3.12/site-packages/***/jobs/job.py", line 402, in run_job
    return execute_job(job, execute_callable=execute_callable)
[2024-05-01T22:57:31.921+0000] {logging_mixin.py:188} WARNING -   File "/home/***/.local/lib/python3.12/site-packages/***/jobs/job.py", line 431, in execute_job
    ret = execute_callable()
[2024-05-01T22:57:31.921+0000] {logging_mixin.py:188} WARNING -   File "/home/***/.local/lib/python3.12/site-packages/***/jobs/local_task_job_runner.py", line 168, in _execute
    self.task_runner.start()
[2024-05-01T22:57:31.922+0000] {logging_mixin.py:188} WARNING -   File "/home/***/.local/lib/python3.12/site-packages/***/task/task_runner/standard_task_runner.py", line 51, in start
    self.process = self._start_by_fork()
[2024-05-01T22:57:31.922+0000] {logging_mixin.py:188} WARNING -   File "/home/***/.local/lib/python3.12/site-packages/***/task/task_runner/standard_task_runner.py", line 103, in _start_by_fork
    ret = args.func(args, dag=self.dag)
[2024-05-01T22:57:31.923+0000] {logging_mixin.py:188} WARNING -   File "/home/***/.local/lib/python3.12/site-packages/***/cli/cli_config.py", line 49, in command
    return func(*args, **kwargs)
[2024-05-01T22:57:31.923+0000] {logging_mixin.py:188} WARNING -   File "/home/***/.local/lib/python3.12/site-packages/***/utils/cli.py", line 114, in wrapper
    return f(*args, **kwargs)
[2024-05-01T22:57:31.924+0000] {logging_mixin.py:188} WARNING -   File "/home/***/.local/lib/python3.12/site-packages/***/cli/commands/task_command.py", line 441, in task_run
    task_return_code = _run_task_by_selected_method(args, _dag, ti)
[2024-05-01T22:57:31.924+0000] {logging_mixin.py:188} WARNING -   File "/home/***/.local/lib/python3.12/site-packages/***/cli/commands/task_command.py", line 221, in _run_task_by_selected_method
    return _run_raw_task(args, ti)
[2024-05-01T22:57:31.925+0000] {logging_mixin.py:188} WARNING -   File "/home/***/.local/lib/python3.12/site-packages/***/cli/commands/task_command.py", line 300, in _run_raw_task
    return ti._run_raw_task(
[2024-05-01T22:57:31.925+0000] {logging_mixin.py:188} WARNING -   File "/home/***/.local/lib/python3.12/site-packages/***/utils/session.py", line 79, in wrapper
    return func(*args, session=session, **kwargs)
[2024-05-01T22:57:31.926+0000] {logging_mixin.py:188} WARNING -   File "/home/***/.local/lib/python3.12/site-packages/***/models/taskinstance.py", line 2476, in _run_raw_task
    self._execute_task_with_callbacks(context, test_mode, session=session)
[2024-05-01T22:57:31.926+0000] {logging_mixin.py:188} WARNING -   File "/home/***/.local/lib/python3.12/site-packages/***/models/taskinstance.py", line 2663, in _execute_task_with_callbacks
    result = self._execute_task(context, task_orig)
[2024-05-01T22:57:31.927+0000] {logging_mixin.py:188} WARNING -   File "/home/***/.local/lib/python3.12/site-packages/***/models/taskinstance.py", line 2686, in _execute_task
    return _execute_task(self, context, task_orig)
[2024-05-01T22:57:31.927+0000] {logging_mixin.py:188} WARNING -   File "/home/***/.local/lib/python3.12/site-packages/***/models/taskinstance.py", line 465, in _execute_task
    result = _execute_callable(context=context, **execute_callable_kwargs)
[2024-05-01T22:57:31.928+0000] {logging_mixin.py:188} WARNING -   File "/home/***/.local/lib/python3.12/site-packages/***/models/taskinstance.py", line 432, in _execute_callable
    return execute_callable(context=context, **execute_callable_kwargs)
[2024-05-01T22:57:31.928+0000] {logging_mixin.py:188} WARNING -   File "/home/***/.local/lib/python3.12/site-packages/***/models/baseoperator.py", line 400, in wrapper
    return func(self, *args, **kwargs)
[2024-05-01T22:57:31.929+0000] {logging_mixin.py:188} WARNING -   File "/home/***/.local/lib/python3.12/site-packages/***/operators/python.py", line 235, in execute
    return_value = self.execute_callable()
[2024-05-01T22:57:31.929+0000] {logging_mixin.py:188} WARNING -   File "/home/***/.local/lib/python3.12/site-packages/***/operators/python.py", line 252, in execute_callable
    return self.python_callable(*self.op_args, **self.op_kwargs)
[2024-05-01T22:57:31.930+0000] {logging_mixin.py:188} WARNING -   File "/opt/***/dags/scripts/scripts.py", line 17, in file_download
    get_file(filename.name)
[2024-05-01T22:57:31.930+0000] {logging_mixin.py:188} WARNING -   File "/opt/***/dags/scripts/scripts.py", line 26, in get_file
    logger.info("file detected on blob: ", filename)
[2024-05-01T22:57:31.931+0000] {logging_mixin.py:188} WARNING -   File "/usr/local/lib/python3.12/logging/__init__.py", line 1539, in info
    self._log(INFO, msg, args, **kwargs)
[2024-05-01T22:57:31.931+0000] {logging_mixin.py:188} WARNING -   File "/usr/local/lib/python3.12/logging/__init__.py", line 1684, in _log
    self.handle(record)
[2024-05-01T22:57:31.932+0000] {logging_mixin.py:188} WARNING -   File "/usr/local/lib/python3.12/logging/__init__.py", line 1700, in handle
    self.callHandlers(record)
[2024-05-01T22:57:31.932+0000] {logging_mixin.py:188} WARNING -   File "/usr/local/lib/python3.12/logging/__init__.py", line 1762, in callHandlers
    hdlr.handle(record)
[2024-05-01T22:57:31.933+0000] {logging_mixin.py:188} WARNING -   File "/usr/local/lib/python3.12/logging/__init__.py", line 1028, in handle
    self.emit(record)
[2024-05-01T22:57:31.933+0000] {logging_mixin.py:188} WARNING -   File "/home/***/.local/lib/python3.12/site-packages/***/utils/log/file_task_handler.py", line 248, in emit
    self.handler.emit(record)
[2024-05-01T22:57:31.934+0000] {logging_mixin.py:188} WARNING - Message: 'file detected on blob: '
Arguments: ('yellow_tripdata_2011-01.parquet',)
[2024-05-01T22:57:31.938+0000] {_universal.py:514} INFO - Request URL: 'https://azureyellowcab.blob.core.windows.net/cabfiles/yellow_tripdata_2011-01.parquet'
Request method: 'GET'
Request headers:
    'x-ms-range': 'REDACTED'
    'x-ms-version': 'REDACTED'
    'Accept': 'application/xml'
    'User-Agent': 'azsdk-python-storage-blob/12.19.1 Python/3.12.2 (Linux-6.6.22-linuxkit-x86_64-with-glibc2.36)'
    'x-ms-date': 'REDACTED'
    'x-ms-client-request-id': '312d098c-080e-11ef-970b-0242ac1f0007'
    'Authorization': 'REDACTED'
No body was attached to the request
[2024-05-01T22:57:32.064+0000] {_universal.py:550} INFO - Response status: 206
Response headers:
    'Content-Length': '33554432'
    'Content-Type': 'application/octet-stream'
    'Content-Range': 'REDACTED'
    'Last-Modified': 'Wed, 01 May 2024 22:28:05 GMT'
    'Accept-Ranges': 'REDACTED'
    'ETag': '"0x8DC6A2DF85F6C08"'
    'Server': 'Windows-Azure-Blob/1.0 Microsoft-HTTPAPI/2.0'
    'x-ms-request-id': '3243ff32-e01e-007e-1e1a-9c58d8000000'
    'x-ms-client-request-id': '312d098c-080e-11ef-970b-0242ac1f0007'
    'x-ms-version': 'REDACTED'
    'x-ms-creation-time': 'REDACTED'
    'x-ms-lease-status': 'REDACTED'
    'x-ms-lease-state': 'REDACTED'
    'x-ms-blob-type': 'REDACTED'
    'x-ms-server-encrypted': 'REDACTED'
    'Date': 'Wed, 01 May 2024 22:57:34 GMT'
[2024-05-01T22:57:43.772+0000] {_universal.py:514} INFO - Request URL: 'https://azureyellowcab.blob.core.windows.net/cabfiles/yellow_tripdata_2011-01.parquet'
Request method: 'GET'
Request headers:
    'x-ms-range': 'REDACTED'
    'If-Match': '"0x8DC6A2DF85F6C08"'
    'x-ms-version': 'REDACTED'
    'Accept': 'application/xml'
    'User-Agent': 'azsdk-python-storage-blob/12.19.1 Python/3.12.2 (Linux-6.6.22-linuxkit-x86_64-with-glibc2.36)'
    'x-ms-date': 'REDACTED'
    'x-ms-client-request-id': '383ac084-080e-11ef-970b-0242ac1f0007'
    'Authorization': 'REDACTED'
No body was attached to the request
[2024-05-01T22:57:43.865+0000] {_universal.py:550} INFO - Response status: 206
Response headers:
    'Content-Length': '4194304'
    'Content-Type': 'application/octet-stream'
    'Content-Range': 'REDACTED'
    'Last-Modified': 'Wed, 01 May 2024 22:28:05 GMT'
    'Accept-Ranges': 'REDACTED'
    'ETag': '"0x8DC6A2DF85F6C08"'
    'Server': 'Windows-Azure-Blob/1.0 Microsoft-HTTPAPI/2.0'
    'x-ms-request-id': '32442b47-e01e-007e-011a-9c58d8000000'
    'x-ms-client-request-id': '383ac084-080e-11ef-970b-0242ac1f0007'
    'x-ms-version': 'REDACTED'
    'x-ms-creation-time': 'REDACTED'
    'x-ms-lease-status': 'REDACTED'
    'x-ms-lease-state': 'REDACTED'
    'x-ms-blob-type': 'REDACTED'
    'x-ms-server-encrypted': 'REDACTED'
    'Date': 'Wed, 01 May 2024 22:57:46 GMT'
[2024-05-01T22:57:46.435+0000] {_universal.py:514} INFO - Request URL: 'https://azureyellowcab.blob.core.windows.net/cabfiles/yellow_tripdata_2011-01.parquet'
Request method: 'GET'
Request headers:
    'x-ms-range': 'REDACTED'
    'If-Match': '"0x8DC6A2DF85F6C08"'
    'x-ms-version': 'REDACTED'
    'Accept': 'application/xml'
    'User-Agent': 'azsdk-python-storage-blob/12.19.1 Python/3.12.2 (Linux-6.6.22-linuxkit-x86_64-with-glibc2.36)'
    'x-ms-date': 'REDACTED'
    'x-ms-client-request-id': '39c6cb6e-080e-11ef-970b-0242ac1f0007'
    'Authorization': 'REDACTED'
No body was attached to the request
[2024-05-01T22:57:46.602+0000] {_universal.py:550} INFO - Response status: 206
Response headers:
    'Content-Length': '4194304'
    'Content-Type': 'application/octet-stream'
    'Content-Range': 'REDACTED'
    'Last-Modified': 'Wed, 01 May 2024 22:28:05 GMT'
    'Accept-Ranges': 'REDACTED'
    'ETag': '"0x8DC6A2DF85F6C08"'
    'Server': 'Windows-Azure-Blob/1.0 Microsoft-HTTPAPI/2.0'
    'x-ms-request-id': '324435ca-e01e-007e-2d1a-9c58d8000000'
    'x-ms-client-request-id': '39c6cb6e-080e-11ef-970b-0242ac1f0007'
    'x-ms-version': 'REDACTED'
    'x-ms-creation-time': 'REDACTED'
    'x-ms-lease-status': 'REDACTED'
    'x-ms-lease-state': 'REDACTED'
    'x-ms-blob-type': 'REDACTED'
    'x-ms-server-encrypted': 'REDACTED'
    'Date': 'Wed, 01 May 2024 22:57:49 GMT'
[2024-05-01T22:57:47.909+0000] {_universal.py:514} INFO - Request URL: 'https://azureyellowcab.blob.core.windows.net/cabfiles/yellow_tripdata_2011-01.parquet'
Request method: 'GET'
Request headers:
    'x-ms-range': 'REDACTED'
    'If-Match': '"0x8DC6A2DF85F6C08"'
    'x-ms-version': 'REDACTED'
    'Accept': 'application/xml'
    'User-Agent': 'azsdk-python-storage-blob/12.19.1 Python/3.12.2 (Linux-6.6.22-linuxkit-x86_64-with-glibc2.36)'
    'x-ms-date': 'REDACTED'
    'x-ms-client-request-id': '3ab1b12e-080e-11ef-970b-0242ac1f0007'
    'Authorization': 'REDACTED'
No body was attached to the request
[2024-05-01T22:57:48.014+0000] {_universal.py:550} INFO - Response status: 206
Response headers:
    'Content-Length': '4194304'
    'Content-Type': 'application/octet-stream'
    'Content-Range': 'REDACTED'
    'Last-Modified': 'Wed, 01 May 2024 22:28:05 GMT'
    'Accept-Ranges': 'REDACTED'
    'ETag': '"0x8DC6A2DF85F6C08"'
    'Server': 'Windows-Azure-Blob/1.0 Microsoft-HTTPAPI/2.0'
    'x-ms-request-id': '32443bcc-e01e-007e-251a-9c58d8000000'
    'x-ms-client-request-id': '3ab1b12e-080e-11ef-970b-0242ac1f0007'
    'x-ms-version': 'REDACTED'
    'x-ms-creation-time': 'REDACTED'
    'x-ms-lease-status': 'REDACTED'
    'x-ms-lease-state': 'REDACTED'
    'x-ms-blob-type': 'REDACTED'
    'x-ms-server-encrypted': 'REDACTED'
    'Date': 'Wed, 01 May 2024 22:57:50 GMT'
[2024-05-01T22:57:49.764+0000] {_universal.py:514} INFO - Request URL: 'https://azureyellowcab.blob.core.windows.net/cabfiles/yellow_tripdata_2011-01.parquet'
Request method: 'GET'
Request headers:
    'x-ms-range': 'REDACTED'
    'If-Match': '"0x8DC6A2DF85F6C08"'
    'x-ms-version': 'REDACTED'
    'Accept': 'application/xml'
    'User-Agent': 'azsdk-python-storage-blob/12.19.1 Python/3.12.2 (Linux-6.6.22-linuxkit-x86_64-with-glibc2.36)'
    'x-ms-date': 'REDACTED'
    'x-ms-client-request-id': '3bc7ceea-080e-11ef-970b-0242ac1f0007'
    'Authorization': 'REDACTED'
No body was attached to the request
[2024-05-01T22:57:49.981+0000] {_universal.py:550} INFO - Response status: 206
Response headers:
    'Content-Length': '4194304'
    'Content-Type': 'application/octet-stream'
    'Content-Range': 'REDACTED'
    'Last-Modified': 'Wed, 01 May 2024 22:28:05 GMT'
    'Accept-Ranges': 'REDACTED'
    'ETag': '"0x8DC6A2DF85F6C08"'
    'Server': 'Windows-Azure-Blob/1.0 Microsoft-HTTPAPI/2.0'
    'x-ms-request-id': '3244437c-e01e-007e-331a-9c58d8000000'
    'x-ms-client-request-id': '3bc7ceea-080e-11ef-970b-0242ac1f0007'
    'x-ms-version': 'REDACTED'
    'x-ms-creation-time': 'REDACTED'
    'x-ms-lease-status': 'REDACTED'
    'x-ms-lease-state': 'REDACTED'
    'x-ms-blob-type': 'REDACTED'
    'x-ms-server-encrypted': 'REDACTED'
    'Date': 'Wed, 01 May 2024 22:57:52 GMT'
[2024-05-01T22:57:51.678+0000] {_universal.py:514} INFO - Request URL: 'https://azureyellowcab.blob.core.windows.net/cabfiles/yellow_tripdata_2011-01.parquet'
Request method: 'GET'
Request headers:
    'x-ms-range': 'REDACTED'
    'If-Match': '"0x8DC6A2DF85F6C08"'
    'x-ms-version': 'REDACTED'
    'Accept': 'application/xml'
    'User-Agent': 'azsdk-python-storage-blob/12.19.1 Python/3.12.2 (Linux-6.6.22-linuxkit-x86_64-with-glibc2.36)'
    'x-ms-date': 'REDACTED'
    'x-ms-client-request-id': '3cf0d10e-080e-11ef-970b-0242ac1f0007'
    'Authorization': 'REDACTED'
No body was attached to the request
[2024-05-01T22:57:51.800+0000] {_universal.py:550} INFO - Response status: 206
Response headers:
    'Content-Length': '4194304'
    'Content-Type': 'application/octet-stream'
    'Content-Range': 'REDACTED'
    'Last-Modified': 'Wed, 01 May 2024 22:28:05 GMT'
    'Accept-Ranges': 'REDACTED'
    'ETag': '"0x8DC6A2DF85F6C08"'
    'Server': 'Windows-Azure-Blob/1.0 Microsoft-HTTPAPI/2.0'
    'x-ms-request-id': '32444a7b-e01e-007e-3a1b-9c58d8000000'
    'x-ms-client-request-id': '3cf0d10e-080e-11ef-970b-0242ac1f0007'
    'x-ms-version': 'REDACTED'
    'x-ms-creation-time': 'REDACTED'
    'x-ms-lease-status': 'REDACTED'
    'x-ms-lease-state': 'REDACTED'
    'x-ms-blob-type': 'REDACTED'
    'x-ms-server-encrypted': 'REDACTED'
    'Date': 'Wed, 01 May 2024 22:57:54 GMT'
[2024-05-01T22:57:52.665+0000] {_universal.py:514} INFO - Request URL: 'https://azureyellowcab.blob.core.windows.net/cabfiles/yellow_tripdata_2011-01.parquet'
Request method: 'GET'
Request headers:
    'x-ms-range': 'REDACTED'
    'If-Match': '"0x8DC6A2DF85F6C08"'
    'x-ms-version': 'REDACTED'
    'Accept': 'application/xml'
    'User-Agent': 'azsdk-python-storage-blob/12.19.1 Python/3.12.2 (Linux-6.6.22-linuxkit-x86_64-with-glibc2.36)'
    'x-ms-date': 'REDACTED'
    'x-ms-client-request-id': '3d87d356-080e-11ef-970b-0242ac1f0007'
    'Authorization': 'REDACTED'
No body was attached to the request
[2024-05-01T22:57:52.779+0000] {_universal.py:550} INFO - Response status: 206
Response headers:
    'Content-Length': '4194304'
    'Content-Type': 'application/octet-stream'
    'Content-Range': 'REDACTED'
    'Last-Modified': 'Wed, 01 May 2024 22:28:05 GMT'
    'Accept-Ranges': 'REDACTED'
    'ETag': '"0x8DC6A2DF85F6C08"'
    'Server': 'Windows-Azure-Blob/1.0 Microsoft-HTTPAPI/2.0'
    'x-ms-request-id': '32444e4f-e01e-007e-4f1b-9c58d8000000'
    'x-ms-client-request-id': '3d87d356-080e-11ef-970b-0242ac1f0007'
    'x-ms-version': 'REDACTED'
    'x-ms-creation-time': 'REDACTED'
    'x-ms-lease-status': 'REDACTED'
    'x-ms-lease-state': 'REDACTED'
    'x-ms-blob-type': 'REDACTED'
    'x-ms-server-encrypted': 'REDACTED'
    'Date': 'Wed, 01 May 2024 22:57:55 GMT'
[2024-05-01T22:57:54.120+0000] {_universal.py:514} INFO - Request URL: 'https://azureyellowcab.blob.core.windows.net/cabfiles/yellow_tripdata_2011-01.parquet'
Request method: 'GET'
Request headers:
    'x-ms-range': 'REDACTED'
    'If-Match': '"0x8DC6A2DF85F6C08"'
    'x-ms-version': 'REDACTED'
    'Accept': 'application/xml'
    'User-Agent': 'azsdk-python-storage-blob/12.19.1 Python/3.12.2 (Linux-6.6.22-linuxkit-x86_64-with-glibc2.36)'
    'x-ms-date': 'REDACTED'
    'x-ms-client-request-id': '3e65556e-080e-11ef-970b-0242ac1f0007'
    'Authorization': 'REDACTED'
No body was attached to the request
[2024-05-01T22:57:54.228+0000] {_universal.py:550} INFO - Response status: 206
Response headers:
    'Content-Length': '4194304'
    'Content-Type': 'application/octet-stream'
    'Content-Range': 'REDACTED'
    'Last-Modified': 'Wed, 01 May 2024 22:28:05 GMT'
    'Accept-Ranges': 'REDACTED'
    'ETag': '"0x8DC6A2DF85F6C08"'
    'Server': 'Windows-Azure-Blob/1.0 Microsoft-HTTPAPI/2.0'
    'x-ms-request-id': '324453a2-e01e-007e-241b-9c58d8000000'
    'x-ms-client-request-id': '3e65556e-080e-11ef-970b-0242ac1f0007'
    'x-ms-version': 'REDACTED'
    'x-ms-creation-time': 'REDACTED'
    'x-ms-lease-status': 'REDACTED'
    'x-ms-lease-state': 'REDACTED'
    'x-ms-blob-type': 'REDACTED'
    'x-ms-server-encrypted': 'REDACTED'
    'Date': 'Wed, 01 May 2024 22:57:57 GMT'
[2024-05-01T22:57:55.034+0000] {_universal.py:514} INFO - Request URL: 'https://azureyellowcab.blob.core.windows.net/cabfiles/yellow_tripdata_2011-01.parquet'
Request method: 'GET'
Request headers:
    'x-ms-range': 'REDACTED'
    'If-Match': '"0x8DC6A2DF85F6C08"'
    'x-ms-version': 'REDACTED'
    'Accept': 'application/xml'
    'User-Agent': 'azsdk-python-storage-blob/12.19.1 Python/3.12.2 (Linux-6.6.22-linuxkit-x86_64-with-glibc2.36)'
    'x-ms-date': 'REDACTED'
    'x-ms-client-request-id': '3ef13822-080e-11ef-970b-0242ac1f0007'
    'Authorization': 'REDACTED'
No body was attached to the request
[2024-05-01T22:57:55.168+0000] {_universal.py:550} INFO - Response status: 206
Response headers:
    'Content-Length': '4194304'
    'Content-Type': 'application/octet-stream'
    'Content-Range': 'REDACTED'
    'Last-Modified': 'Wed, 01 May 2024 22:28:05 GMT'
    'Accept-Ranges': 'REDACTED'
    'ETag': '"0x8DC6A2DF85F6C08"'
    'Server': 'Windows-Azure-Blob/1.0 Microsoft-HTTPAPI/2.0'
    'x-ms-request-id': '324456b3-e01e-007e-7b1b-9c58d8000000'
    'x-ms-client-request-id': '3ef13822-080e-11ef-970b-0242ac1f0007'
    'x-ms-version': 'REDACTED'
    'x-ms-creation-time': 'REDACTED'
    'x-ms-lease-status': 'REDACTED'
    'x-ms-lease-state': 'REDACTED'
    'x-ms-blob-type': 'REDACTED'
    'x-ms-server-encrypted': 'REDACTED'
    'Date': 'Wed, 01 May 2024 22:57:57 GMT'
[2024-05-01T22:57:55.928+0000] {_universal.py:514} INFO - Request URL: 'https://azureyellowcab.blob.core.windows.net/cabfiles/yellow_tripdata_2011-01.parquet'
Request method: 'GET'
Request headers:
    'x-ms-range': 'REDACTED'
    'If-Match': '"0x8DC6A2DF85F6C08"'
    'x-ms-version': 'REDACTED'
    'Accept': 'application/xml'
    'User-Agent': 'azsdk-python-storage-blob/12.19.1 Python/3.12.2 (Linux-6.6.22-linuxkit-x86_64-with-glibc2.36)'
    'x-ms-date': 'REDACTED'
    'x-ms-client-request-id': '3f79a68a-080e-11ef-970b-0242ac1f0007'
    'Authorization': 'REDACTED'
No body was attached to the request
[2024-05-01T22:57:56.025+0000] {_universal.py:550} INFO - Response status: 206
Response headers:
    'Content-Length': '4194304'
    'Content-Type': 'application/octet-stream'
    'Content-Range': 'REDACTED'
    'Last-Modified': 'Wed, 01 May 2024 22:28:05 GMT'
    'Accept-Ranges': 'REDACTED'
    'ETag': '"0x8DC6A2DF85F6C08"'
    'Server': 'Windows-Azure-Blob/1.0 Microsoft-HTTPAPI/2.0'
    'x-ms-request-id': '324459c0-e01e-007e-461b-9c58d8000000'
    'x-ms-client-request-id': '3f79a68a-080e-11ef-970b-0242ac1f0007'
    'x-ms-version': 'REDACTED'
    'x-ms-creation-time': 'REDACTED'
    'x-ms-lease-status': 'REDACTED'
    'x-ms-lease-state': 'REDACTED'
    'x-ms-blob-type': 'REDACTED'
    'x-ms-server-encrypted': 'REDACTED'
    'Date': 'Wed, 01 May 2024 22:57:58 GMT'
[2024-05-01T22:57:57.135+0000] {_universal.py:514} INFO - Request URL: 'https://azureyellowcab.blob.core.windows.net/cabfiles/yellow_tripdata_2011-01.parquet'
Request method: 'GET'
Request headers:
    'x-ms-range': 'REDACTED'
    'If-Match': '"0x8DC6A2DF85F6C08"'
    'x-ms-version': 'REDACTED'
    'Accept': 'application/xml'
    'User-Agent': 'azsdk-python-storage-blob/12.19.1 Python/3.12.2 (Linux-6.6.22-linuxkit-x86_64-with-glibc2.36)'
    'x-ms-date': 'REDACTED'
    'x-ms-client-request-id': '4031e2fe-080e-11ef-970b-0242ac1f0007'
    'Authorization': 'REDACTED'
No body was attached to the request
[2024-05-01T22:57:57.242+0000] {_universal.py:550} INFO - Response status: 206
Response headers:
    'Content-Length': '4194304'
    'Content-Type': 'application/octet-stream'
    'Content-Range': 'REDACTED'
    'Last-Modified': 'Wed, 01 May 2024 22:28:05 GMT'
    'Accept-Ranges': 'REDACTED'
    'ETag': '"0x8DC6A2DF85F6C08"'
    'Server': 'Windows-Azure-Blob/1.0 Microsoft-HTTPAPI/2.0'
    'x-ms-request-id': '32445ee2-e01e-007e-771b-9c58d8000000'
    'x-ms-client-request-id': '4031e2fe-080e-11ef-970b-0242ac1f0007'
    'x-ms-version': 'REDACTED'
    'x-ms-creation-time': 'REDACTED'
    'x-ms-lease-status': 'REDACTED'
    'x-ms-lease-state': 'REDACTED'
    'x-ms-blob-type': 'REDACTED'
    'x-ms-server-encrypted': 'REDACTED'
    'Date': 'Wed, 01 May 2024 22:58:00 GMT'
[2024-05-01T22:57:58.738+0000] {_universal.py:514} INFO - Request URL: 'https://azureyellowcab.blob.core.windows.net/cabfiles/yellow_tripdata_2011-01.parquet'
Request method: 'GET'
Request headers:
    'x-ms-range': 'REDACTED'
    'If-Match': '"0x8DC6A2DF85F6C08"'
    'x-ms-version': 'REDACTED'
    'Accept': 'application/xml'
    'User-Agent': 'azsdk-python-storage-blob/12.19.1 Python/3.12.2 (Linux-6.6.22-linuxkit-x86_64-with-glibc2.36)'
    'x-ms-date': 'REDACTED'
    'x-ms-client-request-id': '412671b6-080e-11ef-970b-0242ac1f0007'
    'Authorization': 'REDACTED'
No body was attached to the request
[2024-05-01T22:57:58.867+0000] {_universal.py:550} INFO - Response status: 206
Response headers:
    'Content-Length': '4194304'
    'Content-Type': 'application/octet-stream'
    'Content-Range': 'REDACTED'
    'Last-Modified': 'Wed, 01 May 2024 22:28:05 GMT'
    'Accept-Ranges': 'REDACTED'
    'ETag': '"0x8DC6A2DF85F6C08"'
    'Server': 'Windows-Azure-Blob/1.0 Microsoft-HTTPAPI/2.0'
    'x-ms-request-id': '324465a2-e01e-007e-7d1b-9c58d8000000'
    'x-ms-client-request-id': '412671b6-080e-11ef-970b-0242ac1f0007'
    'x-ms-version': 'REDACTED'
    'x-ms-creation-time': 'REDACTED'
    'x-ms-lease-status': 'REDACTED'
    'x-ms-lease-state': 'REDACTED'
    'x-ms-blob-type': 'REDACTED'
    'x-ms-server-encrypted': 'REDACTED'
    'Date': 'Wed, 01 May 2024 22:58:01 GMT'
[2024-05-01T22:58:00.332+0000] {_universal.py:514} INFO - Request URL: 'https://azureyellowcab.blob.core.windows.net/cabfiles/yellow_tripdata_2011-01.parquet'
Request method: 'GET'
Request headers:
    'x-ms-range': 'REDACTED'
    'If-Match': '"0x8DC6A2DF85F6C08"'
    'x-ms-version': 'REDACTED'
    'Accept': 'application/xml'
    'User-Agent': 'azsdk-python-storage-blob/12.19.1 Python/3.12.2 (Linux-6.6.22-linuxkit-x86_64-with-glibc2.36)'
    'x-ms-date': 'REDACTED'
    'x-ms-client-request-id': '4219c334-080e-11ef-970b-0242ac1f0007'
    'Authorization': 'REDACTED'
No body was attached to the request
[2024-05-01T22:58:00.474+0000] {_universal.py:550} INFO - Response status: 206
Response headers:
    'Content-Length': '4194304'
    'Content-Type': 'application/octet-stream'
    'Content-Range': 'REDACTED'
    'Last-Modified': 'Wed, 01 May 2024 22:28:05 GMT'
    'Accept-Ranges': 'REDACTED'
    'ETag': '"0x8DC6A2DF85F6C08"'
    'Server': 'Windows-Azure-Blob/1.0 Microsoft-HTTPAPI/2.0'
    'x-ms-request-id': '32446adc-e01e-007e-241b-9c58d8000000'
    'x-ms-client-request-id': '4219c334-080e-11ef-970b-0242ac1f0007'
    'x-ms-version': 'REDACTED'
    'x-ms-creation-time': 'REDACTED'
    'x-ms-lease-status': 'REDACTED'
    'x-ms-lease-state': 'REDACTED'
    'x-ms-blob-type': 'REDACTED'
    'x-ms-server-encrypted': 'REDACTED'
    'Date': 'Wed, 01 May 2024 22:58:03 GMT'
[2024-05-01T22:58:01.829+0000] {_universal.py:514} INFO - Request URL: 'https://azureyellowcab.blob.core.windows.net/cabfiles/yellow_tripdata_2011-01.parquet'
Request method: 'GET'
Request headers:
    'x-ms-range': 'REDACTED'
    'If-Match': '"0x8DC6A2DF85F6C08"'
    'x-ms-version': 'REDACTED'
    'Accept': 'application/xml'
    'User-Agent': 'azsdk-python-storage-blob/12.19.1 Python/3.12.2 (Linux-6.6.22-linuxkit-x86_64-with-glibc2.36)'
    'x-ms-date': 'REDACTED'
    'x-ms-client-request-id': '42fe2114-080e-11ef-970b-0242ac1f0007'
    'Authorization': 'REDACTED'
No body was attached to the request
[2024-05-01T22:58:01.940+0000] {_universal.py:550} INFO - Response status: 206
Response headers:
    'Content-Length': '4194304'
    'Content-Type': 'application/octet-stream'
    'Content-Range': 'REDACTED'
    'Last-Modified': 'Wed, 01 May 2024 22:28:05 GMT'
    'Accept-Ranges': 'REDACTED'
    'ETag': '"0x8DC6A2DF85F6C08"'
    'Server': 'Windows-Azure-Blob/1.0 Microsoft-HTTPAPI/2.0'
    'x-ms-request-id': '32447067-e01e-007e-1e1b-9c58d8000000'
    'x-ms-client-request-id': '42fe2114-080e-11ef-970b-0242ac1f0007'
    'x-ms-version': 'REDACTED'
    'x-ms-creation-time': 'REDACTED'
    'x-ms-lease-status': 'REDACTED'
    'x-ms-lease-state': 'REDACTED'
    'x-ms-blob-type': 'REDACTED'
    'x-ms-server-encrypted': 'REDACTED'
    'Date': 'Wed, 01 May 2024 22:58:04 GMT'
[2024-05-01T22:58:03.343+0000] {_universal.py:514} INFO - Request URL: 'https://azureyellowcab.blob.core.windows.net/cabfiles/yellow_tripdata_2011-01.parquet'
Request method: 'GET'
Request headers:
    'x-ms-range': 'REDACTED'
    'If-Match': '"0x8DC6A2DF85F6C08"'
    'x-ms-version': 'REDACTED'
    'Accept': 'application/xml'
    'User-Agent': 'azsdk-python-storage-blob/12.19.1 Python/3.12.2 (Linux-6.6.22-linuxkit-x86_64-with-glibc2.36)'
    'x-ms-date': 'REDACTED'
    'x-ms-client-request-id': '43e505e8-080e-11ef-970b-0242ac1f0007'
    'Authorization': 'REDACTED'
No body was attached to the request
[2024-05-01T22:58:03.454+0000] {_universal.py:550} INFO - Response status: 206
Response headers:
    'Content-Length': '4194304'
    'Content-Type': 'application/octet-stream'
    'Content-Range': 'REDACTED'
    'Last-Modified': 'Wed, 01 May 2024 22:28:05 GMT'
    'Accept-Ranges': 'REDACTED'
    'ETag': '"0x8DC6A2DF85F6C08"'
    'Server': 'Windows-Azure-Blob/1.0 Microsoft-HTTPAPI/2.0'
    'x-ms-request-id': '324476ba-e01e-007e-651b-9c58d8000000'
    'x-ms-client-request-id': '43e505e8-080e-11ef-970b-0242ac1f0007'
    'x-ms-version': 'REDACTED'
    'x-ms-creation-time': 'REDACTED'
    'x-ms-lease-status': 'REDACTED'
    'x-ms-lease-state': 'REDACTED'
    'x-ms-blob-type': 'REDACTED'
    'x-ms-server-encrypted': 'REDACTED'
    'Date': 'Wed, 01 May 2024 22:58:06 GMT'
[2024-05-01T22:58:05.302+0000] {_universal.py:514} INFO - Request URL: 'https://azureyellowcab.blob.core.windows.net/cabfiles/yellow_tripdata_2011-01.parquet'
Request method: 'GET'
Request headers:
    'x-ms-range': 'REDACTED'
    'If-Match': '"0x8DC6A2DF85F6C08"'
    'x-ms-version': 'REDACTED'
    'Accept': 'application/xml'
    'User-Agent': 'azsdk-python-storage-blob/12.19.1 Python/3.12.2 (Linux-6.6.22-linuxkit-x86_64-with-glibc2.36)'
    'x-ms-date': 'REDACTED'
    'x-ms-client-request-id': '45101ea8-080e-11ef-970b-0242ac1f0007'
    'Authorization': 'REDACTED'
No body was attached to the request
[2024-05-01T22:58:05.419+0000] {_universal.py:550} INFO - Response status: 206
Response headers:
    'Content-Length': '4194304'
    'Content-Type': 'application/octet-stream'
    'Content-Range': 'REDACTED'
    'Last-Modified': 'Wed, 01 May 2024 22:28:05 GMT'
    'Accept-Ranges': 'REDACTED'
    'ETag': '"0x8DC6A2DF85F6C08"'
    'Server': 'Windows-Azure-Blob/1.0 Microsoft-HTTPAPI/2.0'
    'x-ms-request-id': '32447e34-e01e-007e-511b-9c58d8000000'
    'x-ms-client-request-id': '45101ea8-080e-11ef-970b-0242ac1f0007'
    'x-ms-version': 'REDACTED'
    'x-ms-creation-time': 'REDACTED'
    'x-ms-lease-status': 'REDACTED'
    'x-ms-lease-state': 'REDACTED'
    'x-ms-blob-type': 'REDACTED'
    'x-ms-server-encrypted': 'REDACTED'
    'Date': 'Wed, 01 May 2024 22:58:08 GMT'
[2024-05-01T22:58:07.701+0000] {_universal.py:514} INFO - Request URL: 'https://azureyellowcab.blob.core.windows.net/cabfiles/yellow_tripdata_2011-01.parquet'
Request method: 'GET'
Request headers:
    'x-ms-range': 'REDACTED'
    'If-Match': '"0x8DC6A2DF85F6C08"'
    'x-ms-version': 'REDACTED'
    'Accept': 'application/xml'
    'User-Agent': 'azsdk-python-storage-blob/12.19.1 Python/3.12.2 (Linux-6.6.22-linuxkit-x86_64-with-glibc2.36)'
    'x-ms-date': 'REDACTED'
    'x-ms-client-request-id': '467e2398-080e-11ef-970b-0242ac1f0007'
    'Authorization': 'REDACTED'
No body was attached to the request
[2024-05-01T22:58:07.801+0000] {_universal.py:550} INFO - Response status: 206
Response headers:
    'Content-Length': '4194304'
    'Content-Type': 'application/octet-stream'
    'Content-Range': 'REDACTED'
    'Last-Modified': 'Wed, 01 May 2024 22:28:05 GMT'
    'Accept-Ranges': 'REDACTED'
    'ETag': '"0x8DC6A2DF85F6C08"'
    'Server': 'Windows-Azure-Blob/1.0 Microsoft-HTTPAPI/2.0'
    'x-ms-request-id': '324487c2-e01e-007e-161b-9c58d8000000'
    'x-ms-client-request-id': '467e2398-080e-11ef-970b-0242ac1f0007'
    'x-ms-version': 'REDACTED'
    'x-ms-creation-time': 'REDACTED'
    'x-ms-lease-status': 'REDACTED'
    'x-ms-lease-state': 'REDACTED'
    'x-ms-blob-type': 'REDACTED'
    'x-ms-server-encrypted': 'REDACTED'
    'Date': 'Wed, 01 May 2024 22:58:10 GMT'
[2024-05-01T22:58:09.733+0000] {_universal.py:514} INFO - Request URL: 'https://azureyellowcab.blob.core.windows.net/cabfiles/yellow_tripdata_2011-01.parquet'
Request method: 'GET'
Request headers:
    'x-ms-range': 'REDACTED'
    'If-Match': '"0x8DC6A2DF85F6C08"'
    'x-ms-version': 'REDACTED'
    'Accept': 'application/xml'
    'User-Agent': 'azsdk-python-storage-blob/12.19.1 Python/3.12.2 (Linux-6.6.22-linuxkit-x86_64-with-glibc2.36)'
    'x-ms-date': 'REDACTED'
    'x-ms-client-request-id': '47b432ac-080e-11ef-970b-0242ac1f0007'
    'Authorization': 'REDACTED'
No body was attached to the request
[2024-05-01T22:58:09.845+0000] {_universal.py:550} INFO - Response status: 206
Response headers:
    'Content-Length': '4194304'
    'Content-Type': 'application/octet-stream'
    'Content-Range': 'REDACTED'
    'Last-Modified': 'Wed, 01 May 2024 22:28:05 GMT'
    'Accept-Ranges': 'REDACTED'
    'ETag': '"0x8DC6A2DF85F6C08"'
    'Server': 'Windows-Azure-Blob/1.0 Microsoft-HTTPAPI/2.0'
    'x-ms-request-id': '32449003-e01e-007e-131b-9c58d8000000'
    'x-ms-client-request-id': '47b432ac-080e-11ef-970b-0242ac1f0007'
    'x-ms-version': 'REDACTED'
    'x-ms-creation-time': 'REDACTED'
    'x-ms-lease-status': 'REDACTED'
    'x-ms-lease-state': 'REDACTED'
    'x-ms-blob-type': 'REDACTED'
    'x-ms-server-encrypted': 'REDACTED'
    'Date': 'Wed, 01 May 2024 22:58:12 GMT'
[2024-05-01T22:58:11.551+0000] {_universal.py:514} INFO - Request URL: 'https://azureyellowcab.blob.core.windows.net/cabfiles/yellow_tripdata_2011-01.parquet'
Request method: 'GET'
Request headers:
    'x-ms-range': 'REDACTED'
    'If-Match': '"0x8DC6A2DF85F6C08"'
    'x-ms-version': 'REDACTED'
    'Accept': 'application/xml'
    'User-Agent': 'azsdk-python-storage-blob/12.19.1 Python/3.12.2 (Linux-6.6.22-linuxkit-x86_64-with-glibc2.36)'
    'x-ms-date': 'REDACTED'
    'x-ms-client-request-id': '48c97f62-080e-11ef-970b-0242ac1f0007'
    'Authorization': 'REDACTED'
No body was attached to the request
[2024-05-01T22:58:11.655+0000] {_universal.py:550} INFO - Response status: 206
Response headers:
    'Content-Length': '4194304'
    'Content-Type': 'application/octet-stream'
    'Content-Range': 'REDACTED'
    'Last-Modified': 'Wed, 01 May 2024 22:28:05 GMT'
    'Accept-Ranges': 'REDACTED'
    'ETag': '"0x8DC6A2DF85F6C08"'
    'Server': 'Windows-Azure-Blob/1.0 Microsoft-HTTPAPI/2.0'
    'x-ms-request-id': '3244966d-e01e-007e-5e1b-9c58d8000000'
    'x-ms-client-request-id': '48c97f62-080e-11ef-970b-0242ac1f0007'
    'x-ms-version': 'REDACTED'
    'x-ms-creation-time': 'REDACTED'
    'x-ms-lease-status': 'REDACTED'
    'x-ms-lease-state': 'REDACTED'
    'x-ms-blob-type': 'REDACTED'
    'x-ms-server-encrypted': 'REDACTED'
    'Date': 'Wed, 01 May 2024 22:58:14 GMT'
[2024-05-01T22:58:13.199+0000] {_universal.py:514} INFO - Request URL: 'https://azureyellowcab.blob.core.windows.net/cabfiles/yellow_tripdata_2011-01.parquet'
Request method: 'GET'
Request headers:
    'x-ms-range': 'REDACTED'
    'If-Match': '"0x8DC6A2DF85F6C08"'
    'x-ms-version': 'REDACTED'
    'Accept': 'application/xml'
    'User-Agent': 'azsdk-python-storage-blob/12.19.1 Python/3.12.2 (Linux-6.6.22-linuxkit-x86_64-with-glibc2.36)'
    'x-ms-date': 'REDACTED'
    'x-ms-client-request-id': '49c5054e-080e-11ef-970b-0242ac1f0007'
    'Authorization': 'REDACTED'
No body was attached to the request
[2024-05-01T22:58:13.313+0000] {_universal.py:550} INFO - Response status: 206
Response headers:
    'Content-Length': '4194304'
    'Content-Type': 'application/octet-stream'
    'Content-Range': 'REDACTED'
    'Last-Modified': 'Wed, 01 May 2024 22:28:05 GMT'
    'Accept-Ranges': 'REDACTED'
    'ETag': '"0x8DC6A2DF85F6C08"'
    'Server': 'Windows-Azure-Blob/1.0 Microsoft-HTTPAPI/2.0'
    'x-ms-request-id': '32449c92-e01e-007e-101b-9c58d8000000'
    'x-ms-client-request-id': '49c5054e-080e-11ef-970b-0242ac1f0007'
    'x-ms-version': 'REDACTED'
    'x-ms-creation-time': 'REDACTED'
    'x-ms-lease-status': 'REDACTED'
    'x-ms-lease-state': 'REDACTED'
    'x-ms-blob-type': 'REDACTED'
    'x-ms-server-encrypted': 'REDACTED'
    'Date': 'Wed, 01 May 2024 22:58:16 GMT'
[2024-05-01T22:58:14.607+0000] {_universal.py:514} INFO - Request URL: 'https://azureyellowcab.blob.core.windows.net/cabfiles/yellow_tripdata_2011-01.parquet'
Request method: 'GET'
Request headers:
    'x-ms-range': 'REDACTED'
    'If-Match': '"0x8DC6A2DF85F6C08"'
    'x-ms-version': 'REDACTED'
    'Accept': 'application/xml'
    'User-Agent': 'azsdk-python-storage-blob/12.19.1 Python/3.12.2 (Linux-6.6.22-linuxkit-x86_64-with-glibc2.36)'
    'x-ms-date': 'REDACTED'
    'x-ms-client-request-id': '4a9bdee8-080e-11ef-970b-0242ac1f0007'
    'Authorization': 'REDACTED'
No body was attached to the request
[2024-05-01T22:58:14.710+0000] {_universal.py:550} INFO - Response status: 206
Response headers:
    'Content-Length': '4194304'
    'Content-Type': 'application/octet-stream'
    'Content-Range': 'REDACTED'
    'Last-Modified': 'Wed, 01 May 2024 22:28:05 GMT'
    'Accept-Ranges': 'REDACTED'
    'ETag': '"0x8DC6A2DF85F6C08"'
    'Server': 'Windows-Azure-Blob/1.0 Microsoft-HTTPAPI/2.0'
    'x-ms-request-id': '3244a1dc-e01e-007e-761b-9c58d8000000'
    'x-ms-client-request-id': '4a9bdee8-080e-11ef-970b-0242ac1f0007'
    'x-ms-version': 'REDACTED'
    'x-ms-creation-time': 'REDACTED'
    'x-ms-lease-status': 'REDACTED'
    'x-ms-lease-state': 'REDACTED'
    'x-ms-blob-type': 'REDACTED'
    'x-ms-server-encrypted': 'REDACTED'
    'Date': 'Wed, 01 May 2024 22:58:17 GMT'
[2024-05-01T22:58:16.165+0000] {_universal.py:514} INFO - Request URL: 'https://azureyellowcab.blob.core.windows.net/cabfiles/yellow_tripdata_2011-01.parquet'
Request method: 'GET'
Request headers:
    'x-ms-range': 'REDACTED'
    'If-Match': '"0x8DC6A2DF85F6C08"'
    'x-ms-version': 'REDACTED'
    'Accept': 'application/xml'
    'User-Agent': 'azsdk-python-storage-blob/12.19.1 Python/3.12.2 (Linux-6.6.22-linuxkit-x86_64-with-glibc2.36)'
    'x-ms-date': 'REDACTED'
    'x-ms-client-request-id': '4b89aaf6-080e-11ef-970b-0242ac1f0007'
    'Authorization': 'REDACTED'
No body was attached to the request
[2024-05-01T22:58:16.262+0000] {_universal.py:550} INFO - Response status: 206
Response headers:
    'Content-Length': '4194304'
    'Content-Type': 'application/octet-stream'
    'Content-Range': 'REDACTED'
    'Last-Modified': 'Wed, 01 May 2024 22:28:05 GMT'
    'Accept-Ranges': 'REDACTED'
    'ETag': '"0x8DC6A2DF85F6C08"'
    'Server': 'Windows-Azure-Blob/1.0 Microsoft-HTTPAPI/2.0'
    'x-ms-request-id': '3244a797-e01e-007e-381b-9c58d8000000'
    'x-ms-client-request-id': '4b89aaf6-080e-11ef-970b-0242ac1f0007'
    'x-ms-version': 'REDACTED'
    'x-ms-creation-time': 'REDACTED'
    'x-ms-lease-status': 'REDACTED'
    'x-ms-lease-state': 'REDACTED'
    'x-ms-blob-type': 'REDACTED'
    'x-ms-server-encrypted': 'REDACTED'
    'Date': 'Wed, 01 May 2024 22:58:19 GMT'
[2024-05-01T22:58:17.632+0000] {_universal.py:514} INFO - Request URL: 'https://azureyellowcab.blob.core.windows.net/cabfiles/yellow_tripdata_2011-01.parquet'
Request method: 'GET'
Request headers:
    'x-ms-range': 'REDACTED'
    'If-Match': '"0x8DC6A2DF85F6C08"'
    'x-ms-version': 'REDACTED'
    'Accept': 'application/xml'
    'User-Agent': 'azsdk-python-storage-blob/12.19.1 Python/3.12.2 (Linux-6.6.22-linuxkit-x86_64-with-glibc2.36)'
    'x-ms-date': 'REDACTED'
    'x-ms-client-request-id': '4c697b04-080e-11ef-970b-0242ac1f0007'
    'Authorization': 'REDACTED'
No body was attached to the request
[2024-05-01T22:58:17.731+0000] {_universal.py:550} INFO - Response status: 206
Response headers:
    'Content-Length': '4194304'
    'Content-Type': 'application/octet-stream'
    'Content-Range': 'REDACTED'
    'Last-Modified': 'Wed, 01 May 2024 22:28:05 GMT'
    'Accept-Ranges': 'REDACTED'
    'ETag': '"0x8DC6A2DF85F6C08"'
    'Server': 'Windows-Azure-Blob/1.0 Microsoft-HTTPAPI/2.0'
    'x-ms-request-id': '3244ad80-e01e-007e-3e1b-9c58d8000000'
    'x-ms-client-request-id': '4c697b04-080e-11ef-970b-0242ac1f0007'
    'x-ms-version': 'REDACTED'
    'x-ms-creation-time': 'REDACTED'
    'x-ms-lease-status': 'REDACTED'
    'x-ms-lease-state': 'REDACTED'
    'x-ms-blob-type': 'REDACTED'
    'x-ms-server-encrypted': 'REDACTED'
    'Date': 'Wed, 01 May 2024 22:58:20 GMT'
[2024-05-01T22:58:19.412+0000] {_universal.py:514} INFO - Request URL: 'https://azureyellowcab.blob.core.windows.net/cabfiles/yellow_tripdata_2011-01.parquet'
Request method: 'GET'
Request headers:
    'x-ms-range': 'REDACTED'
    'If-Match': '"0x8DC6A2DF85F6C08"'
    'x-ms-version': 'REDACTED'
    'Accept': 'application/xml'
    'User-Agent': 'azsdk-python-storage-blob/12.19.1 Python/3.12.2 (Linux-6.6.22-linuxkit-x86_64-with-glibc2.36)'
    'x-ms-date': 'REDACTED'
    'x-ms-client-request-id': '4d791c20-080e-11ef-970b-0242ac1f0007'
    'Authorization': 'REDACTED'
No body was attached to the request
[2024-05-01T22:58:19.533+0000] {_universal.py:550} INFO - Response status: 206
Response headers:
    'Content-Length': '4194304'
    'Content-Type': 'application/octet-stream'
    'Content-Range': 'REDACTED'
    'Last-Modified': 'Wed, 01 May 2024 22:28:05 GMT'
    'Accept-Ranges': 'REDACTED'
    'ETag': '"0x8DC6A2DF85F6C08"'
    'Server': 'Windows-Azure-Blob/1.0 Microsoft-HTTPAPI/2.0'
    'x-ms-request-id': '3244b561-e01e-007e-1a1b-9c58d8000000'
    'x-ms-client-request-id': '4d791c20-080e-11ef-970b-0242ac1f0007'
    'x-ms-version': 'REDACTED'
    'x-ms-creation-time': 'REDACTED'
    'x-ms-lease-status': 'REDACTED'
    'x-ms-lease-state': 'REDACTED'
    'x-ms-blob-type': 'REDACTED'
    'x-ms-server-encrypted': 'REDACTED'
    'Date': 'Wed, 01 May 2024 22:58:22 GMT'
[2024-05-01T22:58:21.043+0000] {_universal.py:514} INFO - Request URL: 'https://azureyellowcab.blob.core.windows.net/cabfiles/yellow_tripdata_2011-01.parquet'
Request method: 'GET'
Request headers:
    'x-ms-range': 'REDACTED'
    'If-Match': '"0x8DC6A2DF85F6C08"'
    'x-ms-version': 'REDACTED'
    'Accept': 'application/xml'
    'User-Agent': 'azsdk-python-storage-blob/12.19.1 Python/3.12.2 (Linux-6.6.22-linuxkit-x86_64-with-glibc2.36)'
    'x-ms-date': 'REDACTED'
    'x-ms-client-request-id': '4e71e7ec-080e-11ef-970b-0242ac1f0007'
    'Authorization': 'REDACTED'
No body was attached to the request
[2024-05-01T22:58:21.165+0000] {_universal.py:550} INFO - Response status: 206
Response headers:
    'Content-Length': '4194304'
    'Content-Type': 'application/octet-stream'
    'Content-Range': 'REDACTED'
    'Last-Modified': 'Wed, 01 May 2024 22:28:05 GMT'
    'Accept-Ranges': 'REDACTED'
    'ETag': '"0x8DC6A2DF85F6C08"'
    'Server': 'Windows-Azure-Blob/1.0 Microsoft-HTTPAPI/2.0'
    'x-ms-request-id': '3244bb6a-e01e-007e-2d1b-9c58d8000000'
    'x-ms-client-request-id': '4e71e7ec-080e-11ef-970b-0242ac1f0007'
    'x-ms-version': 'REDACTED'
    'x-ms-creation-time': 'REDACTED'
    'x-ms-lease-status': 'REDACTED'
    'x-ms-lease-state': 'REDACTED'
    'x-ms-blob-type': 'REDACTED'
    'x-ms-server-encrypted': 'REDACTED'
    'Date': 'Wed, 01 May 2024 22:58:23 GMT'
[2024-05-01T22:58:22.803+0000] {_universal.py:514} INFO - Request URL: 'https://azureyellowcab.blob.core.windows.net/cabfiles/yellow_tripdata_2011-01.parquet'
Request method: 'GET'
Request headers:
    'x-ms-range': 'REDACTED'
    'If-Match': '"0x8DC6A2DF85F6C08"'
    'x-ms-version': 'REDACTED'
    'Accept': 'application/xml'
    'User-Agent': 'azsdk-python-storage-blob/12.19.1 Python/3.12.2 (Linux-6.6.22-linuxkit-x86_64-with-glibc2.36)'
    'x-ms-date': 'REDACTED'
    'x-ms-client-request-id': '4f7e8064-080e-11ef-970b-0242ac1f0007'
    'Authorization': 'REDACTED'
No body was attached to the request
[2024-05-01T22:58:22.920+0000] {_universal.py:550} INFO - Response status: 206
Response headers:
    'Content-Length': '4194304'
    'Content-Type': 'application/octet-stream'
    'Content-Range': 'REDACTED'
    'Last-Modified': 'Wed, 01 May 2024 22:28:05 GMT'
    'Accept-Ranges': 'REDACTED'
    'ETag': '"0x8DC6A2DF85F6C08"'
    'Server': 'Windows-Azure-Blob/1.0 Microsoft-HTTPAPI/2.0'
    'x-ms-request-id': '3244c273-e01e-007e-201b-9c58d8000000'
    'x-ms-client-request-id': '4f7e8064-080e-11ef-970b-0242ac1f0007'
    'x-ms-version': 'REDACTED'
    'x-ms-creation-time': 'REDACTED'
    'x-ms-lease-status': 'REDACTED'
    'x-ms-lease-state': 'REDACTED'
    'x-ms-blob-type': 'REDACTED'
    'x-ms-server-encrypted': 'REDACTED'
    'Date': 'Wed, 01 May 2024 22:58:25 GMT'
[2024-05-01T22:58:24.304+0000] {_universal.py:514} INFO - Request URL: 'https://azureyellowcab.blob.core.windows.net/cabfiles/yellow_tripdata_2011-01.parquet'
Request method: 'GET'
Request headers:
    'x-ms-range': 'REDACTED'
    'If-Match': '"0x8DC6A2DF85F6C08"'
    'x-ms-version': 'REDACTED'
    'Accept': 'application/xml'
    'User-Agent': 'azsdk-python-storage-blob/12.19.1 Python/3.12.2 (Linux-6.6.22-linuxkit-x86_64-with-glibc2.36)'
    'x-ms-date': 'REDACTED'
    'x-ms-client-request-id': '50637656-080e-11ef-970b-0242ac1f0007'
    'Authorization': 'REDACTED'
No body was attached to the request
[2024-05-01T22:58:24.390+0000] {_universal.py:550} INFO - Response status: 206
Response headers:
    'Content-Length': '4194304'
    'Content-Type': 'application/octet-stream'
    'Content-Range': 'REDACTED'
    'Last-Modified': 'Wed, 01 May 2024 22:28:05 GMT'
    'Accept-Ranges': 'REDACTED'
    'ETag': '"0x8DC6A2DF85F6C08"'
    'Server': 'Windows-Azure-Blob/1.0 Microsoft-HTTPAPI/2.0'
    'x-ms-request-id': '3244c7b8-e01e-007e-511b-9c58d8000000'
    'x-ms-client-request-id': '50637656-080e-11ef-970b-0242ac1f0007'
    'x-ms-version': 'REDACTED'
    'x-ms-creation-time': 'REDACTED'
    'x-ms-lease-status': 'REDACTED'
    'x-ms-lease-state': 'REDACTED'
    'x-ms-blob-type': 'REDACTED'
    'x-ms-server-encrypted': 'REDACTED'
    'Date': 'Wed, 01 May 2024 22:58:27 GMT'
[2024-05-01T22:58:25.914+0000] {_universal.py:514} INFO - Request URL: 'https://azureyellowcab.blob.core.windows.net/cabfiles/yellow_tripdata_2011-01.parquet'
Request method: 'GET'
Request headers:
    'x-ms-range': 'REDACTED'
    'If-Match': '"0x8DC6A2DF85F6C08"'
    'x-ms-version': 'REDACTED'
    'Accept': 'application/xml'
    'User-Agent': 'azsdk-python-storage-blob/12.19.1 Python/3.12.2 (Linux-6.6.22-linuxkit-x86_64-with-glibc2.36)'
    'x-ms-date': 'REDACTED'
    'x-ms-client-request-id': '515934d8-080e-11ef-970b-0242ac1f0007'
    'Authorization': 'REDACTED'
No body was attached to the request
[2024-05-01T22:58:26.040+0000] {_universal.py:550} INFO - Response status: 206
Response headers:
    'Content-Length': '4194304'
    'Content-Type': 'application/octet-stream'
    'Content-Range': 'REDACTED'
    'Last-Modified': 'Wed, 01 May 2024 22:28:05 GMT'
    'Accept-Ranges': 'REDACTED'
    'ETag': '"0x8DC6A2DF85F6C08"'
    'Server': 'Windows-Azure-Blob/1.0 Microsoft-HTTPAPI/2.0'
    'x-ms-request-id': '3244cd4a-e01e-007e-7f1b-9c58d8000000'
    'x-ms-client-request-id': '515934d8-080e-11ef-970b-0242ac1f0007'
    'x-ms-version': 'REDACTED'
    'x-ms-creation-time': 'REDACTED'
    'x-ms-lease-status': 'REDACTED'
    'x-ms-lease-state': 'REDACTED'
    'x-ms-blob-type': 'REDACTED'
    'x-ms-server-encrypted': 'REDACTED'
    'Date': 'Wed, 01 May 2024 22:58:28 GMT'
[2024-05-01T22:58:27.952+0000] {_universal.py:514} INFO - Request URL: 'https://azureyellowcab.blob.core.windows.net/cabfiles/yellow_tripdata_2011-01.parquet'
Request method: 'GET'
Request headers:
    'x-ms-range': 'REDACTED'
    'If-Match': '"0x8DC6A2DF85F6C08"'
    'x-ms-version': 'REDACTED'
    'Accept': 'application/xml'
    'User-Agent': 'azsdk-python-storage-blob/12.19.1 Python/3.12.2 (Linux-6.6.22-linuxkit-x86_64-with-glibc2.36)'
    'x-ms-date': 'REDACTED'
    'x-ms-client-request-id': '528fd5dc-080e-11ef-970b-0242ac1f0007'
    'Authorization': 'REDACTED'
No body was attached to the request
[2024-05-01T22:58:28.082+0000] {_universal.py:550} INFO - Response status: 206
Response headers:
    'Content-Length': '4194304'
    'Content-Type': 'application/octet-stream'
    'Content-Range': 'REDACTED'
    'Last-Modified': 'Wed, 01 May 2024 22:28:05 GMT'
    'Accept-Ranges': 'REDACTED'
    'ETag': '"0x8DC6A2DF85F6C08"'
    'Server': 'Windows-Azure-Blob/1.0 Microsoft-HTTPAPI/2.0'
    'x-ms-request-id': '3244d4c2-e01e-007e-281b-9c58d8000000'
    'x-ms-client-request-id': '528fd5dc-080e-11ef-970b-0242ac1f0007'
    'x-ms-version': 'REDACTED'
    'x-ms-creation-time': 'REDACTED'
    'x-ms-lease-status': 'REDACTED'
    'x-ms-lease-state': 'REDACTED'
    'x-ms-blob-type': 'REDACTED'
    'x-ms-server-encrypted': 'REDACTED'
    'Date': 'Wed, 01 May 2024 22:58:30 GMT'
[2024-05-01T22:58:29.535+0000] {_universal.py:514} INFO - Request URL: 'https://azureyellowcab.blob.core.windows.net/cabfiles/yellow_tripdata_2011-01.parquet'
Request method: 'GET'
Request headers:
    'x-ms-range': 'REDACTED'
    'If-Match': '"0x8DC6A2DF85F6C08"'
    'x-ms-version': 'REDACTED'
    'Accept': 'application/xml'
    'User-Agent': 'azsdk-python-storage-blob/12.19.1 Python/3.12.2 (Linux-6.6.22-linuxkit-x86_64-with-glibc2.36)'
    'x-ms-date': 'REDACTED'
    'x-ms-client-request-id': '5381b500-080e-11ef-970b-0242ac1f0007'
    'Authorization': 'REDACTED'
No body was attached to the request
[2024-05-01T22:58:29.657+0000] {_universal.py:550} INFO - Response status: 206
Response headers:
    'Content-Length': '4194304'
    'Content-Type': 'application/octet-stream'
    'Content-Range': 'REDACTED'
    'Last-Modified': 'Wed, 01 May 2024 22:28:05 GMT'
    'Accept-Ranges': 'REDACTED'
    'ETag': '"0x8DC6A2DF85F6C08"'
    'Server': 'Windows-Azure-Blob/1.0 Microsoft-HTTPAPI/2.0'
    'x-ms-request-id': '3244da45-e01e-007e-131b-9c58d8000000'
    'x-ms-client-request-id': '5381b500-080e-11ef-970b-0242ac1f0007'
    'x-ms-version': 'REDACTED'
    'x-ms-creation-time': 'REDACTED'
    'x-ms-lease-status': 'REDACTED'
    'x-ms-lease-state': 'REDACTED'
    'x-ms-blob-type': 'REDACTED'
    'x-ms-server-encrypted': 'REDACTED'
    'Date': 'Wed, 01 May 2024 22:58:32 GMT'
[2024-05-01T22:58:31.053+0000] {_universal.py:514} INFO - Request URL: 'https://azureyellowcab.blob.core.windows.net/cabfiles/yellow_tripdata_2011-01.parquet'
Request method: 'GET'
Request headers:
    'x-ms-range': 'REDACTED'
    'If-Match': '"0x8DC6A2DF85F6C08"'
    'x-ms-version': 'REDACTED'
    'Accept': 'application/xml'
    'User-Agent': 'azsdk-python-storage-blob/12.19.1 Python/3.12.2 (Linux-6.6.22-linuxkit-x86_64-with-glibc2.36)'
    'x-ms-date': 'REDACTED'
    'x-ms-client-request-id': '54694bcc-080e-11ef-970b-0242ac1f0007'
    'Authorization': 'REDACTED'
No body was attached to the request
[2024-05-01T22:58:31.149+0000] {_universal.py:550} INFO - Response status: 206
Response headers:
    'Content-Length': '4194304'
    'Content-Type': 'application/octet-stream'
    'Content-Range': 'REDACTED'
    'Last-Modified': 'Wed, 01 May 2024 22:28:05 GMT'
    'Accept-Ranges': 'REDACTED'
    'ETag': '"0x8DC6A2DF85F6C08"'
    'Server': 'Windows-Azure-Blob/1.0 Microsoft-HTTPAPI/2.0'
    'x-ms-request-id': '3244df61-e01e-007e-261b-9c58d8000000'
    'x-ms-client-request-id': '54694bcc-080e-11ef-970b-0242ac1f0007'
    'x-ms-version': 'REDACTED'
    'x-ms-creation-time': 'REDACTED'
    'x-ms-lease-status': 'REDACTED'
    'x-ms-lease-state': 'REDACTED'
    'x-ms-blob-type': 'REDACTED'
    'x-ms-server-encrypted': 'REDACTED'
    'Date': 'Wed, 01 May 2024 22:58:33 GMT'
[2024-05-01T22:58:32.758+0000] {_universal.py:514} INFO - Request URL: 'https://azureyellowcab.blob.core.windows.net/cabfiles/yellow_tripdata_2011-01.parquet'
Request method: 'GET'
Request headers:
    'x-ms-range': 'REDACTED'
    'If-Match': '"0x8DC6A2DF85F6C08"'
    'x-ms-version': 'REDACTED'
    'Accept': 'application/xml'
    'User-Agent': 'azsdk-python-storage-blob/12.19.1 Python/3.12.2 (Linux-6.6.22-linuxkit-x86_64-with-glibc2.36)'
    'x-ms-date': 'REDACTED'
    'x-ms-client-request-id': '556d7ef8-080e-11ef-970b-0242ac1f0007'
    'Authorization': 'REDACTED'
No body was attached to the request
[2024-05-01T22:58:32.880+0000] {_universal.py:550} INFO - Response status: 206
Response headers:
    'Content-Length': '4194304'
    'Content-Type': 'application/octet-stream'
    'Content-Range': 'REDACTED'
    'Last-Modified': 'Wed, 01 May 2024 22:28:05 GMT'
    'Accept-Ranges': 'REDACTED'
    'ETag': '"0x8DC6A2DF85F6C08"'
    'Server': 'Windows-Azure-Blob/1.0 Microsoft-HTTPAPI/2.0'
    'x-ms-request-id': '3244e4d6-e01e-007e-151b-9c58d8000000'
    'x-ms-client-request-id': '556d7ef8-080e-11ef-970b-0242ac1f0007'
    'x-ms-version': 'REDACTED'
    'x-ms-creation-time': 'REDACTED'
    'x-ms-lease-status': 'REDACTED'
    'x-ms-lease-state': 'REDACTED'
    'x-ms-blob-type': 'REDACTED'
    'x-ms-server-encrypted': 'REDACTED'
    'Date': 'Wed, 01 May 2024 22:58:35 GMT'
[2024-05-01T22:58:34.544+0000] {_universal.py:514} INFO - Request URL: 'https://azureyellowcab.blob.core.windows.net/cabfiles/yellow_tripdata_2011-01.parquet'
Request method: 'GET'
Request headers:
    'x-ms-range': 'REDACTED'
    'If-Match': '"0x8DC6A2DF85F6C08"'
    'x-ms-version': 'REDACTED'
    'Accept': 'application/xml'
    'User-Agent': 'azsdk-python-storage-blob/12.19.1 Python/3.12.2 (Linux-6.6.22-linuxkit-x86_64-with-glibc2.36)'
    'x-ms-date': 'REDACTED'
    'x-ms-client-request-id': '567df4c6-080e-11ef-970b-0242ac1f0007'
    'Authorization': 'REDACTED'
No body was attached to the request
[2024-05-01T22:58:34.640+0000] {_universal.py:550} INFO - Response status: 206
Response headers:
    'Content-Length': '3601974'
    'Content-Type': 'application/octet-stream'
    'Content-Range': 'REDACTED'
    'Last-Modified': 'Wed, 01 May 2024 22:28:05 GMT'
    'Accept-Ranges': 'REDACTED'
    'ETag': '"0x8DC6A2DF85F6C08"'
    'Server': 'Windows-Azure-Blob/1.0 Microsoft-HTTPAPI/2.0'
    'x-ms-request-id': '3244ea75-e01e-007e-101b-9c58d8000000'
    'x-ms-client-request-id': '567df4c6-080e-11ef-970b-0242ac1f0007'
    'x-ms-version': 'REDACTED'
    'x-ms-creation-time': 'REDACTED'
    'x-ms-lease-status': 'REDACTED'
    'x-ms-lease-state': 'REDACTED'
    'x-ms-blob-type': 'REDACTED'
    'x-ms-server-encrypted': 'REDACTED'
    'Date': 'Wed, 01 May 2024 22:58:37 GMT'
[2024-05-01T22:58:37.766+0000] {_universal.py:514} INFO - Request URL: 'https://azureyellowcab.blob.core.windows.net/cabfiles/yellow_tripdata_2011-01.parquet'
Request method: 'DELETE'
Request headers:
    'x-ms-version': 'REDACTED'
    'Accept': 'application/xml'
    'User-Agent': 'azsdk-python-storage-blob/12.19.1 Python/3.12.2 (Linux-6.6.22-linuxkit-x86_64-with-glibc2.36)'
    'x-ms-date': 'REDACTED'
    'x-ms-client-request-id': '5869c04e-080e-11ef-970b-0242ac1f0007'
    'Authorization': 'REDACTED'
No body was attached to the request
[2024-05-01T22:58:37.833+0000] {_universal.py:550} INFO - Response status: 202
Response headers:
    'Content-Length': '0'
    'Server': 'Windows-Azure-Blob/1.0 Microsoft-HTTPAPI/2.0'
    'x-ms-request-id': '3244f69d-e01e-007e-1e1b-9c58d8000000'
    'x-ms-client-request-id': '5869c04e-080e-11ef-970b-0242ac1f0007'
    'x-ms-version': 'REDACTED'
    'x-ms-delete-type-permanent': 'REDACTED'
    'Date': 'Wed, 01 May 2024 22:58:40 GMT'
[2024-05-01T22:58:37.834+0000] {scripts.py:19} INFO - download completed
[2024-05-01T22:58:37.837+0000] {python.py:237} INFO - Done. Returned value was: None
[2024-05-01T22:58:37.853+0000] {taskinstance.py:441} INFO - ::group::Post task execution logs
[2024-05-01T22:58:37.910+0000] {taskinstance.py:1205} INFO - Marking task as SUCCESS. dag_id=dag_yellow_cab, task_id=request_file, execution_date=20240430T000000, start_date=20240501T225730, end_date=20240501T225837
[2024-05-01T22:58:38.023+0000] {local_task_job_runner.py:240} INFO - Task exited with return code 0
[2024-05-01T22:58:38.114+0000] {taskinstance.py:3482} INFO - 1 downstream tasks scheduled from follow-on schedule check
[2024-05-01T22:58:38.116+0000] {local_task_job_runner.py:222} INFO - ::endgroup::
[2024-05-01T23:28:36.696+0000] {local_task_job_runner.py:120} INFO - ::group::Pre task execution logs
[2024-05-01T23:28:36.725+0000] {taskinstance.py:2073} INFO - Dependencies all met for dep_context=non-requeueable deps ti=<TaskInstance: dag_yellow_cab.request_file scheduled__2024-04-30T00:00:00+00:00 [queued]>
[2024-05-01T23:28:36.734+0000] {taskinstance.py:2073} INFO - Dependencies all met for dep_context=requeueable deps ti=<TaskInstance: dag_yellow_cab.request_file scheduled__2024-04-30T00:00:00+00:00 [queued]>
[2024-05-01T23:28:36.734+0000] {taskinstance.py:2303} INFO - Starting attempt 1 of 1
[2024-05-01T23:28:36.749+0000] {taskinstance.py:2327} INFO - Executing <Task(PythonOperator): request_file> on 2024-04-30 00:00:00+00:00
[2024-05-01T23:28:36.756+0000] {warnings.py:110} WARNING - /home/***/.local/lib/python3.12/site-packages/***/task/task_runner/standard_task_runner.py:61: DeprecationWarning: This process (pid=70) is multi-threaded, use of fork() may lead to deadlocks in the child.
  pid = os.fork()

[2024-05-01T23:28:36.758+0000] {standard_task_runner.py:63} INFO - Started process 79 to run task
[2024-05-01T23:28:36.758+0000] {standard_task_runner.py:90} INFO - Running: ['***', 'tasks', 'run', 'dag_yellow_cab', 'request_file', 'scheduled__2024-04-30T00:00:00+00:00', '--job-id', '18', '--raw', '--subdir', 'DAGS_FOLDER/dag.py', '--cfg-path', '/tmp/tmp089n3adl']
[2024-05-01T23:28:36.762+0000] {standard_task_runner.py:91} INFO - Job 18: Subtask request_file
[2024-05-01T23:28:36.868+0000] {task_command.py:426} INFO - Running <TaskInstance: dag_yellow_cab.request_file scheduled__2024-04-30T00:00:00+00:00 [running]> on host cfaf22ab3131
[2024-05-01T23:28:37.040+0000] {taskinstance.py:2644} INFO - Exporting env vars: AIRFLOW_CTX_DAG_OWNER='***' AIRFLOW_CTX_DAG_ID='dag_yellow_cab' AIRFLOW_CTX_TASK_ID='request_file' AIRFLOW_CTX_EXECUTION_DATE='2024-04-30T00:00:00+00:00' AIRFLOW_CTX_TRY_NUMBER='1' AIRFLOW_CTX_DAG_RUN_ID='scheduled__2024-04-30T00:00:00+00:00'
[2024-05-01T23:28:37.044+0000] {taskinstance.py:430} INFO - ::endgroup::
[2024-05-01T23:28:37.101+0000] {scripts.py:12} INFO - Downloading files
[2024-05-01T23:28:37.117+0000] {_universal.py:514} INFO - Request URL: 'https://azureyellowcab.blob.core.windows.net/cabfiles?restype=REDACTED&comp=REDACTED'
Request method: 'GET'
Request headers:
    'x-ms-version': 'REDACTED'
    'Accept': 'application/xml'
    'User-Agent': 'azsdk-python-storage-blob/12.19.1 Python/3.12.2 (Linux-6.6.22-linuxkit-x86_64-with-glibc2.36)'
    'x-ms-date': 'REDACTED'
    'x-ms-client-request-id': '88e88346-0812-11ef-b822-0242c0a80005'
    'Authorization': 'REDACTED'
No body was attached to the request
[2024-05-01T23:28:37.760+0000] {_universal.py:550} INFO - Response status: 200
Response headers:
    'Transfer-Encoding': 'chunked'
    'Content-Type': 'application/xml'
    'Server': 'Windows-Azure-Blob/1.0 Microsoft-HTTPAPI/2.0'
    'x-ms-request-id': '0609edb1-901e-0029-1a1f-9cf6eb000000'
    'x-ms-client-request-id': '88e88346-0812-11ef-b822-0242c0a80005'
    'x-ms-version': 'REDACTED'
    'Date': 'Wed, 01 May 2024 23:28:41 GMT'
[2024-05-01T23:28:37.767+0000] {scripts.py:19} INFO - download completed
[2024-05-01T23:28:37.767+0000] {python.py:237} INFO - Done. Returned value was: None
[2024-05-01T23:28:37.768+0000] {taskinstance.py:441} INFO - ::group::Post task execution logs
[2024-05-01T23:28:37.787+0000] {taskinstance.py:1205} INFO - Marking task as SUCCESS. dag_id=dag_yellow_cab, task_id=request_file, execution_date=20240430T000000, start_date=20240501T232836, end_date=20240501T232837
[2024-05-01T23:28:37.853+0000] {local_task_job_runner.py:240} INFO - Task exited with return code 0
[2024-05-01T23:28:37.891+0000] {taskinstance.py:3482} INFO - 1 downstream tasks scheduled from follow-on schedule check
[2024-05-01T23:28:37.893+0000] {local_task_job_runner.py:222} INFO - ::endgroup::
