[2024-04-30T00:00:10.584+0000] {processor.py:161} INFO - Started process (PID=65) to work on /opt/airflow/dags/data_pipeline_cab.py
[2024-04-30T00:00:10.588+0000] {processor.py:830} INFO - Processing file /opt/airflow/dags/data_pipeline_cab.py for tasks to queue
[2024-04-30T00:00:10.592+0000] {logging_mixin.py:188} INFO - [2024-04-30T00:00:10.591+0000] {dagbag.py:540} INFO - Filling up the DagBag from /opt/airflow/dags/data_pipeline_cab.py
[2024-04-30T00:00:12.009+0000] {processor.py:840} INFO - DAG(s) 'dag_yellow_cab' retrieved from /opt/airflow/dags/data_pipeline_cab.py
[2024-04-30T00:00:12.108+0000] {logging_mixin.py:188} INFO - [2024-04-30T00:00:12.108+0000] {dag.py:3096} INFO - Sync 1 DAGs
[2024-04-30T00:00:12.127+0000] {logging_mixin.py:188} INFO - [2024-04-30T00:00:12.127+0000] {dag.py:3954} INFO - Setting next_dagrun for dag_yellow_cab to 2024-04-30 00:00:00+00:00, run_after=2024-05-01 00:00:00+00:00
[2024-04-30T00:00:12.144+0000] {processor.py:183} INFO - Processing /opt/airflow/dags/data_pipeline_cab.py took 1.580 seconds
[2024-04-30T00:00:42.266+0000] {processor.py:161} INFO - Started process (PID=78) to work on /opt/airflow/dags/data_pipeline_cab.py
[2024-04-30T00:00:42.268+0000] {processor.py:830} INFO - Processing file /opt/airflow/dags/data_pipeline_cab.py for tasks to queue
[2024-04-30T00:00:42.275+0000] {logging_mixin.py:188} INFO - [2024-04-30T00:00:42.274+0000] {dagbag.py:540} INFO - Filling up the DagBag from /opt/airflow/dags/data_pipeline_cab.py
[2024-04-30T00:00:43.405+0000] {processor.py:840} INFO - DAG(s) 'dag_yellow_cab' retrieved from /opt/airflow/dags/data_pipeline_cab.py
[2024-04-30T00:00:43.479+0000] {logging_mixin.py:188} INFO - [2024-04-30T00:00:43.478+0000] {dag.py:3096} INFO - Sync 1 DAGs
[2024-04-30T00:00:43.508+0000] {logging_mixin.py:188} INFO - [2024-04-30T00:00:43.508+0000] {dag.py:3954} INFO - Setting next_dagrun for dag_yellow_cab to 2024-04-30 00:00:00+00:00, run_after=2024-05-01 00:00:00+00:00
[2024-04-30T00:00:43.530+0000] {processor.py:183} INFO - Processing /opt/airflow/dags/data_pipeline_cab.py took 1.282 seconds
[2024-04-30T00:01:13.774+0000] {processor.py:161} INFO - Started process (PID=92) to work on /opt/airflow/dags/data_pipeline_cab.py
[2024-04-30T00:01:13.775+0000] {processor.py:830} INFO - Processing file /opt/airflow/dags/data_pipeline_cab.py for tasks to queue
[2024-04-30T00:01:13.779+0000] {logging_mixin.py:188} INFO - [2024-04-30T00:01:13.778+0000] {dagbag.py:540} INFO - Filling up the DagBag from /opt/airflow/dags/data_pipeline_cab.py
[2024-04-30T00:01:14.616+0000] {processor.py:840} INFO - DAG(s) 'dag_yellow_cab' retrieved from /opt/airflow/dags/data_pipeline_cab.py
[2024-04-30T00:01:14.639+0000] {logging_mixin.py:188} INFO - [2024-04-30T00:01:14.639+0000] {dag.py:3096} INFO - Sync 1 DAGs
[2024-04-30T00:01:14.659+0000] {logging_mixin.py:188} INFO - [2024-04-30T00:01:14.659+0000] {dag.py:3954} INFO - Setting next_dagrun for dag_yellow_cab to 2024-04-30 00:00:00+00:00, run_after=2024-05-01 00:00:00+00:00
[2024-04-30T00:01:14.675+0000] {processor.py:183} INFO - Processing /opt/airflow/dags/data_pipeline_cab.py took 0.910 seconds
[2024-04-30T00:01:45.405+0000] {processor.py:161} INFO - Started process (PID=105) to work on /opt/airflow/dags/data_pipeline_cab.py
[2024-04-30T00:01:45.418+0000] {processor.py:830} INFO - Processing file /opt/airflow/dags/data_pipeline_cab.py for tasks to queue
[2024-04-30T00:01:45.449+0000] {logging_mixin.py:188} INFO - [2024-04-30T00:01:45.448+0000] {dagbag.py:540} INFO - Filling up the DagBag from /opt/airflow/dags/data_pipeline_cab.py
[2024-04-30T00:01:51.370+0000] {processor.py:840} INFO - DAG(s) 'dag_yellow_cab' retrieved from /opt/airflow/dags/data_pipeline_cab.py
[2024-04-30T00:01:51.445+0000] {logging_mixin.py:188} INFO - [2024-04-30T00:01:51.444+0000] {dag.py:3096} INFO - Sync 1 DAGs
[2024-04-30T00:01:51.480+0000] {logging_mixin.py:188} INFO - [2024-04-30T00:01:51.480+0000] {dag.py:3954} INFO - Setting next_dagrun for dag_yellow_cab to 2024-04-30 00:00:00+00:00, run_after=2024-05-01 00:00:00+00:00
[2024-04-30T00:01:51.505+0000] {processor.py:183} INFO - Processing /opt/airflow/dags/data_pipeline_cab.py took 6.253 seconds
[2024-04-30T00:02:21.793+0000] {processor.py:161} INFO - Started process (PID=124) to work on /opt/airflow/dags/data_pipeline_cab.py
[2024-04-30T00:02:21.795+0000] {processor.py:830} INFO - Processing file /opt/airflow/dags/data_pipeline_cab.py for tasks to queue
[2024-04-30T00:02:21.798+0000] {logging_mixin.py:188} INFO - [2024-04-30T00:02:21.797+0000] {dagbag.py:540} INFO - Filling up the DagBag from /opt/airflow/dags/data_pipeline_cab.py
[2024-04-30T00:02:27.462+0000] {processor.py:840} INFO - DAG(s) 'dag_yellow_cab' retrieved from /opt/airflow/dags/data_pipeline_cab.py
[2024-04-30T00:02:27.513+0000] {logging_mixin.py:188} INFO - [2024-04-30T00:02:27.513+0000] {dag.py:3096} INFO - Sync 1 DAGs
[2024-04-30T00:02:27.544+0000] {logging_mixin.py:188} INFO - [2024-04-30T00:02:27.544+0000] {dag.py:3954} INFO - Setting next_dagrun for dag_yellow_cab to 2024-04-30 00:00:00+00:00, run_after=2024-05-01 00:00:00+00:00
[2024-04-30T00:02:27.565+0000] {processor.py:183} INFO - Processing /opt/airflow/dags/data_pipeline_cab.py took 5.780 seconds
[2024-04-30T00:02:57.781+0000] {processor.py:161} INFO - Started process (PID=137) to work on /opt/airflow/dags/data_pipeline_cab.py
[2024-04-30T00:02:57.783+0000] {processor.py:830} INFO - Processing file /opt/airflow/dags/data_pipeline_cab.py for tasks to queue
[2024-04-30T00:02:57.786+0000] {logging_mixin.py:188} INFO - [2024-04-30T00:02:57.785+0000] {dagbag.py:540} INFO - Filling up the DagBag from /opt/airflow/dags/data_pipeline_cab.py
[2024-04-30T00:03:02.431+0000] {processor.py:840} INFO - DAG(s) 'dag_yellow_cab' retrieved from /opt/airflow/dags/data_pipeline_cab.py
[2024-04-30T00:03:02.475+0000] {logging_mixin.py:188} INFO - [2024-04-30T00:03:02.474+0000] {dag.py:3096} INFO - Sync 1 DAGs
[2024-04-30T00:03:02.503+0000] {logging_mixin.py:188} INFO - [2024-04-30T00:03:02.503+0000] {dag.py:3954} INFO - Setting next_dagrun for dag_yellow_cab to 2024-04-30 00:00:00+00:00, run_after=2024-05-01 00:00:00+00:00
[2024-04-30T00:03:02.521+0000] {processor.py:183} INFO - Processing /opt/airflow/dags/data_pipeline_cab.py took 4.750 seconds
[2024-04-30T00:03:33.173+0000] {processor.py:161} INFO - Started process (PID=150) to work on /opt/airflow/dags/data_pipeline_cab.py
[2024-04-30T00:03:33.176+0000] {processor.py:830} INFO - Processing file /opt/airflow/dags/data_pipeline_cab.py for tasks to queue
[2024-04-30T00:03:33.183+0000] {logging_mixin.py:188} INFO - [2024-04-30T00:03:33.181+0000] {dagbag.py:540} INFO - Filling up the DagBag from /opt/airflow/dags/data_pipeline_cab.py
[2024-04-30T00:03:34.170+0000] {processor.py:840} INFO - DAG(s) 'dag_yellow_cab' retrieved from /opt/airflow/dags/data_pipeline_cab.py
[2024-04-30T00:03:34.194+0000] {logging_mixin.py:188} INFO - [2024-04-30T00:03:34.194+0000] {dag.py:3096} INFO - Sync 1 DAGs
[2024-04-30T00:03:34.215+0000] {logging_mixin.py:188} INFO - [2024-04-30T00:03:34.214+0000] {dag.py:3954} INFO - Setting next_dagrun for dag_yellow_cab to 2024-04-30 00:00:00+00:00, run_after=2024-05-01 00:00:00+00:00
[2024-04-30T00:03:34.231+0000] {processor.py:183} INFO - Processing /opt/airflow/dags/data_pipeline_cab.py took 1.078 seconds
[2024-04-30T00:04:04.458+0000] {processor.py:161} INFO - Started process (PID=163) to work on /opt/airflow/dags/data_pipeline_cab.py
[2024-04-30T00:04:04.460+0000] {processor.py:830} INFO - Processing file /opt/airflow/dags/data_pipeline_cab.py for tasks to queue
[2024-04-30T00:04:04.463+0000] {logging_mixin.py:188} INFO - [2024-04-30T00:04:04.462+0000] {dagbag.py:540} INFO - Filling up the DagBag from /opt/airflow/dags/data_pipeline_cab.py
[2024-04-30T00:04:05.070+0000] {processor.py:840} INFO - DAG(s) 'dag_yellow_cab' retrieved from /opt/airflow/dags/data_pipeline_cab.py
[2024-04-30T00:04:05.093+0000] {logging_mixin.py:188} INFO - [2024-04-30T00:04:05.092+0000] {dag.py:3096} INFO - Sync 1 DAGs
[2024-04-30T00:04:05.114+0000] {logging_mixin.py:188} INFO - [2024-04-30T00:04:05.114+0000] {dag.py:3954} INFO - Setting next_dagrun for dag_yellow_cab to 2024-04-30 00:00:00+00:00, run_after=2024-05-01 00:00:00+00:00
[2024-04-30T00:04:05.131+0000] {processor.py:183} INFO - Processing /opt/airflow/dags/data_pipeline_cab.py took 0.681 seconds
[2024-04-30T00:04:35.396+0000] {processor.py:161} INFO - Started process (PID=176) to work on /opt/airflow/dags/data_pipeline_cab.py
[2024-04-30T00:04:35.398+0000] {processor.py:830} INFO - Processing file /opt/airflow/dags/data_pipeline_cab.py for tasks to queue
[2024-04-30T00:04:35.402+0000] {logging_mixin.py:188} INFO - [2024-04-30T00:04:35.401+0000] {dagbag.py:540} INFO - Filling up the DagBag from /opt/airflow/dags/data_pipeline_cab.py
[2024-04-30T00:04:35.989+0000] {processor.py:840} INFO - DAG(s) 'dag_yellow_cab' retrieved from /opt/airflow/dags/data_pipeline_cab.py
[2024-04-30T00:04:36.013+0000] {logging_mixin.py:188} INFO - [2024-04-30T00:04:36.013+0000] {dag.py:3096} INFO - Sync 1 DAGs
[2024-04-30T00:04:36.034+0000] {logging_mixin.py:188} INFO - [2024-04-30T00:04:36.034+0000] {dag.py:3954} INFO - Setting next_dagrun for dag_yellow_cab to 2024-04-30 00:00:00+00:00, run_after=2024-05-01 00:00:00+00:00
[2024-04-30T00:04:36.049+0000] {processor.py:183} INFO - Processing /opt/airflow/dags/data_pipeline_cab.py took 0.662 seconds
[2024-04-30T00:05:06.258+0000] {processor.py:161} INFO - Started process (PID=189) to work on /opt/airflow/dags/data_pipeline_cab.py
[2024-04-30T00:05:06.259+0000] {processor.py:830} INFO - Processing file /opt/airflow/dags/data_pipeline_cab.py for tasks to queue
[2024-04-30T00:05:06.262+0000] {logging_mixin.py:188} INFO - [2024-04-30T00:05:06.262+0000] {dagbag.py:540} INFO - Filling up the DagBag from /opt/airflow/dags/data_pipeline_cab.py
[2024-04-30T00:05:06.832+0000] {processor.py:840} INFO - DAG(s) 'dag_yellow_cab' retrieved from /opt/airflow/dags/data_pipeline_cab.py
[2024-04-30T00:05:06.854+0000] {logging_mixin.py:188} INFO - [2024-04-30T00:05:06.854+0000] {dag.py:3096} INFO - Sync 1 DAGs
[2024-04-30T00:05:06.875+0000] {logging_mixin.py:188} INFO - [2024-04-30T00:05:06.874+0000] {dag.py:3954} INFO - Setting next_dagrun for dag_yellow_cab to 2024-04-30 00:00:00+00:00, run_after=2024-05-01 00:00:00+00:00
[2024-04-30T00:05:06.889+0000] {processor.py:183} INFO - Processing /opt/airflow/dags/data_pipeline_cab.py took 0.640 seconds
[2024-04-30T00:05:37.118+0000] {processor.py:161} INFO - Started process (PID=202) to work on /opt/airflow/dags/data_pipeline_cab.py
[2024-04-30T00:05:37.119+0000] {processor.py:830} INFO - Processing file /opt/airflow/dags/data_pipeline_cab.py for tasks to queue
[2024-04-30T00:05:37.122+0000] {logging_mixin.py:188} INFO - [2024-04-30T00:05:37.121+0000] {dagbag.py:540} INFO - Filling up the DagBag from /opt/airflow/dags/data_pipeline_cab.py
[2024-04-30T00:05:37.742+0000] {processor.py:840} INFO - DAG(s) 'dag_yellow_cab' retrieved from /opt/airflow/dags/data_pipeline_cab.py
[2024-04-30T00:05:37.785+0000] {logging_mixin.py:188} INFO - [2024-04-30T00:05:37.784+0000] {dag.py:3096} INFO - Sync 1 DAGs
[2024-04-30T00:05:37.821+0000] {logging_mixin.py:188} INFO - [2024-04-30T00:05:37.821+0000] {dag.py:3954} INFO - Setting next_dagrun for dag_yellow_cab to 2024-04-30 00:00:00+00:00, run_after=2024-05-01 00:00:00+00:00
[2024-04-30T00:05:37.843+0000] {processor.py:183} INFO - Processing /opt/airflow/dags/data_pipeline_cab.py took 0.734 seconds
[2024-04-30T00:06:08.055+0000] {processor.py:161} INFO - Started process (PID=215) to work on /opt/airflow/dags/data_pipeline_cab.py
[2024-04-30T00:06:08.056+0000] {processor.py:830} INFO - Processing file /opt/airflow/dags/data_pipeline_cab.py for tasks to queue
[2024-04-30T00:06:08.058+0000] {logging_mixin.py:188} INFO - [2024-04-30T00:06:08.058+0000] {dagbag.py:540} INFO - Filling up the DagBag from /opt/airflow/dags/data_pipeline_cab.py
[2024-04-30T00:06:08.953+0000] {processor.py:840} INFO - DAG(s) 'dag_yellow_cab' retrieved from /opt/airflow/dags/data_pipeline_cab.py
[2024-04-30T00:06:08.991+0000] {logging_mixin.py:188} INFO - [2024-04-30T00:06:08.990+0000] {dag.py:3096} INFO - Sync 1 DAGs
[2024-04-30T00:06:09.020+0000] {logging_mixin.py:188} INFO - [2024-04-30T00:06:09.019+0000] {dag.py:3954} INFO - Setting next_dagrun for dag_yellow_cab to 2024-04-30 00:00:00+00:00, run_after=2024-05-01 00:00:00+00:00
[2024-04-30T00:06:09.039+0000] {processor.py:183} INFO - Processing /opt/airflow/dags/data_pipeline_cab.py took 0.991 seconds
[2024-04-30T00:06:40.205+0000] {processor.py:161} INFO - Started process (PID=231) to work on /opt/airflow/dags/data_pipeline_cab.py
[2024-04-30T00:06:40.269+0000] {processor.py:830} INFO - Processing file /opt/airflow/dags/data_pipeline_cab.py for tasks to queue
[2024-04-30T00:06:40.351+0000] {logging_mixin.py:188} INFO - [2024-04-30T00:06:40.328+0000] {dagbag.py:540} INFO - Filling up the DagBag from /opt/airflow/dags/data_pipeline_cab.py
[2024-04-30T00:07:10.488+0000] {logging_mixin.py:188} INFO - [2024-04-30T00:07:10.486+0000] {timeout.py:68} ERROR - Process timed out, PID: 231
[2024-04-30T00:07:13.361+0000] {processor.py:161} INFO - Started process (PID=242) to work on /opt/airflow/dags/data_pipeline_cab.py
[2024-04-30T00:07:13.365+0000] {processor.py:830} INFO - Processing file /opt/airflow/dags/data_pipeline_cab.py for tasks to queue
[2024-04-30T00:07:13.370+0000] {logging_mixin.py:188} INFO - [2024-04-30T00:07:13.369+0000] {dagbag.py:540} INFO - Filling up the DagBag from /opt/airflow/dags/data_pipeline_cab.py
[2024-04-30T00:07:17.677+0000] {processor.py:840} INFO - DAG(s) 'dag_yellow_cab' retrieved from /opt/airflow/dags/data_pipeline_cab.py
[2024-04-30T00:07:17.710+0000] {logging_mixin.py:188} INFO - [2024-04-30T00:07:17.710+0000] {taskinstance.py:2892} ERROR - {'DAG Id': 'dag_yellow_cab', 'Task Id': 'load_data', 'Run Id': 'manual__2024-04-30T00:02:41.393402+00:00', 'Hostname': 'fa551f826898', 'External Executor Id': 'eba5c7dd-36f1-44d2-972c-3900e054ce1e'}
[2024-04-30T00:07:17.740+0000] {logging_mixin.py:188} INFO - [2024-04-30T00:07:17.739+0000] {taskinstance.py:1205} INFO - Marking task as FAILED. dag_id=dag_yellow_cab, task_id=load_data, execution_date=20240430T000241, start_date=20240430T000612, end_date=20240430T000717
[2024-04-30T00:07:17.767+0000] {processor.py:791} INFO - Executed failure callback for <TaskInstance: dag_yellow_cab.load_data manual__2024-04-30T00:02:41.393402+00:00 [failed]> in state failed
[2024-04-30T00:07:17.788+0000] {logging_mixin.py:188} INFO - [2024-04-30T00:07:17.787+0000] {dag.py:3096} INFO - Sync 1 DAGs
[2024-04-30T00:07:17.815+0000] {logging_mixin.py:188} INFO - [2024-04-30T00:07:17.815+0000] {dag.py:3954} INFO - Setting next_dagrun for dag_yellow_cab to 2024-04-30 00:00:00+00:00, run_after=2024-05-01 00:00:00+00:00
[2024-04-30T00:07:17.836+0000] {processor.py:183} INFO - Processing /opt/airflow/dags/data_pipeline_cab.py took 4.487 seconds
