[2024-04-29T19:11:51.625+0000] {local_task_job_runner.py:120} INFO - ::group::Pre task execution logs
[2024-04-29T19:11:51.646+0000] {taskinstance.py:2073} INFO - Dependencies all met for dep_context=non-requeueable deps ti=<TaskInstance: dag_yellow_cab.download_file manual__2024-04-29T19:11:46.427744+00:00 [queued]>
[2024-04-29T19:11:51.653+0000] {taskinstance.py:2073} INFO - Dependencies all met for dep_context=requeueable deps ti=<TaskInstance: dag_yellow_cab.download_file manual__2024-04-29T19:11:46.427744+00:00 [queued]>
[2024-04-29T19:11:51.653+0000] {taskinstance.py:2303} INFO - Starting attempt 1 of 1
[2024-04-29T19:11:51.664+0000] {taskinstance.py:2327} INFO - Executing <Task(BranchPythonOperator): download_file> on 2024-04-29 19:11:46.427744+00:00
[2024-04-29T19:11:51.672+0000] {warnings.py:110} WARNING - /home/***/.local/lib/python3.12/site-packages/***/task/task_runner/standard_task_runner.py:61: DeprecationWarning: This process (pid=71) is multi-threaded, use of fork() may lead to deadlocks in the child.
  pid = os.fork()

[2024-04-29T19:11:51.676+0000] {standard_task_runner.py:63} INFO - Started process 73 to run task
[2024-04-29T19:11:51.677+0000] {standard_task_runner.py:90} INFO - Running: ['***', 'tasks', 'run', 'dag_yellow_cab', 'download_file', 'manual__2024-04-29T19:11:46.427744+00:00', '--job-id', '109', '--raw', '--subdir', 'DAGS_FOLDER/data_pipeline_cab.py', '--cfg-path', '/tmp/tmp003m5c1e']
[2024-04-29T19:11:51.684+0000] {standard_task_runner.py:91} INFO - Job 109: Subtask download_file
[2024-04-29T19:11:51.734+0000] {task_command.py:426} INFO - Running <TaskInstance: dag_yellow_cab.download_file manual__2024-04-29T19:11:46.427744+00:00 [running]> on host d52519cde928
[2024-04-29T19:11:51.829+0000] {taskinstance.py:2644} INFO - Exporting env vars: AIRFLOW_CTX_DAG_OWNER='***' AIRFLOW_CTX_DAG_ID='dag_yellow_cab' AIRFLOW_CTX_TASK_ID='download_file' AIRFLOW_CTX_EXECUTION_DATE='2024-04-29T19:11:46.427744+00:00' AIRFLOW_CTX_TRY_NUMBER='1' AIRFLOW_CTX_DAG_RUN_ID='manual__2024-04-29T19:11:46.427744+00:00'
[2024-04-29T19:11:51.831+0000] {taskinstance.py:430} INFO - ::endgroup::
[2024-04-29T19:11:51.856+0000] {baseoperator.py:399} WARNING - BranchPythonOperator.execute cannot be called outside TaskInstance!
[2024-04-29T19:11:51.861+0000] {_universal.py:514} INFO - Request URL: 'https://azureyellowcab.blob.core.windows.net/cabfiles?restype=REDACTED&comp=REDACTED'
Request method: 'GET'
Request headers:
    'x-ms-version': 'REDACTED'
    'Accept': 'application/xml'
    'User-Agent': 'azsdk-python-storage-blob/12.19.1 Python/3.12.2 (Linux-6.6.22-linuxkit-x86_64-with-glibc2.36)'
    'x-ms-date': 'REDACTED'
    'x-ms-client-request-id': '55d5c58e-065c-11ef-8955-0242c0a8d005'
    'Authorization': 'REDACTED'
No body was attached to the request
[2024-04-29T19:11:52.274+0000] {_universal.py:550} INFO - Response status: 200
Response headers:
    'Transfer-Encoding': 'chunked'
    'Content-Type': 'application/xml'
    'Server': 'Windows-Azure-Blob/1.0 Microsoft-HTTPAPI/2.0'
    'x-ms-request-id': 'e8a5c80f-201e-0013-2369-9aec93000000'
    'x-ms-client-request-id': '55d5c58e-065c-11ef-8955-0242c0a8d005'
    'x-ms-version': 'REDACTED'
    'Date': 'Mon, 29 Apr 2024 19:11:51 GMT'
[2024-04-29T19:11:52.299+0000] {_universal.py:514} INFO - Request URL: 'https://azureyellowcab.blob.core.windows.net/cabfiles/yellow_tripdata_2011-01.parquet'
Request method: 'GET'
Request headers:
    'x-ms-range': 'REDACTED'
    'x-ms-version': 'REDACTED'
    'Accept': 'application/xml'
    'User-Agent': 'azsdk-python-storage-blob/12.19.1 Python/3.12.2 (Linux-6.6.22-linuxkit-x86_64-with-glibc2.36)'
    'x-ms-date': 'REDACTED'
    'x-ms-client-request-id': '5618b470-065c-11ef-8955-0242c0a8d005'
    'Authorization': 'REDACTED'
No body was attached to the request
[2024-04-29T19:11:52.400+0000] {_universal.py:550} INFO - Response status: 206
Response headers:
    'Content-Length': '33554432'
    'Content-Type': 'application/octet-stream'
    'Content-Range': 'REDACTED'
    'Last-Modified': 'Mon, 29 Apr 2024 17:07:16 GMT'
    'Accept-Ranges': 'REDACTED'
    'ETag': '"0x8DC686ED2A077F8"'
    'Server': 'Windows-Azure-Blob/1.0 Microsoft-HTTPAPI/2.0'
    'x-ms-request-id': 'e8a5c85b-201e-0013-6369-9aec93000000'
    'x-ms-client-request-id': '5618b470-065c-11ef-8955-0242c0a8d005'
    'x-ms-version': 'REDACTED'
    'x-ms-creation-time': 'REDACTED'
    'x-ms-lease-status': 'REDACTED'
    'x-ms-lease-state': 'REDACTED'
    'x-ms-blob-type': 'REDACTED'
    'x-ms-server-encrypted': 'REDACTED'
    'Date': 'Mon, 29 Apr 2024 19:11:52 GMT'
[2024-04-29T19:11:56.783+0000] {_universal.py:514} INFO - Request URL: 'https://azureyellowcab.blob.core.windows.net/cabfiles/yellow_tripdata_2011-01.parquet'
Request method: 'GET'
Request headers:
    'x-ms-range': 'REDACTED'
    'If-Match': '"0x8DC686ED2A077F8"'
    'x-ms-version': 'REDACTED'
    'Accept': 'application/xml'
    'User-Agent': 'azsdk-python-storage-blob/12.19.1 Python/3.12.2 (Linux-6.6.22-linuxkit-x86_64-with-glibc2.36)'
    'x-ms-date': 'REDACTED'
    'x-ms-client-request-id': '58c4dad2-065c-11ef-8955-0242c0a8d005'
    'Authorization': 'REDACTED'
No body was attached to the request
[2024-04-29T19:11:56.880+0000] {_universal.py:550} INFO - Response status: 206
Response headers:
    'Content-Length': '4194304'
    'Content-Type': 'application/octet-stream'
    'Content-Range': 'REDACTED'
    'Last-Modified': 'Mon, 29 Apr 2024 17:07:16 GMT'
    'Accept-Ranges': 'REDACTED'
    'ETag': '"0x8DC686ED2A077F8"'
    'Server': 'Windows-Azure-Blob/1.0 Microsoft-HTTPAPI/2.0'
    'x-ms-request-id': 'e8a5d95e-201e-0013-0669-9aec93000000'
    'x-ms-client-request-id': '58c4dad2-065c-11ef-8955-0242c0a8d005'
    'x-ms-version': 'REDACTED'
    'x-ms-creation-time': 'REDACTED'
    'x-ms-lease-status': 'REDACTED'
    'x-ms-lease-state': 'REDACTED'
    'x-ms-blob-type': 'REDACTED'
    'x-ms-server-encrypted': 'REDACTED'
    'Date': 'Mon, 29 Apr 2024 19:11:56 GMT'
[2024-04-29T19:11:57.373+0000] {_universal.py:514} INFO - Request URL: 'https://azureyellowcab.blob.core.windows.net/cabfiles/yellow_tripdata_2011-01.parquet'
Request method: 'GET'
Request headers:
    'x-ms-range': 'REDACTED'
    'If-Match': '"0x8DC686ED2A077F8"'
    'x-ms-version': 'REDACTED'
    'Accept': 'application/xml'
    'User-Agent': 'azsdk-python-storage-blob/12.19.1 Python/3.12.2 (Linux-6.6.22-linuxkit-x86_64-with-glibc2.36)'
    'x-ms-date': 'REDACTED'
    'x-ms-client-request-id': '591eeca2-065c-11ef-8955-0242c0a8d005'
    'Authorization': 'REDACTED'
No body was attached to the request
[2024-04-29T19:11:57.468+0000] {_universal.py:550} INFO - Response status: 206
Response headers:
    'Content-Length': '4194304'
    'Content-Type': 'application/octet-stream'
    'Content-Range': 'REDACTED'
    'Last-Modified': 'Mon, 29 Apr 2024 17:07:16 GMT'
    'Accept-Ranges': 'REDACTED'
    'ETag': '"0x8DC686ED2A077F8"'
    'Server': 'Windows-Azure-Blob/1.0 Microsoft-HTTPAPI/2.0'
    'x-ms-request-id': 'e8a5dc28-201e-0013-1069-9aec93000000'
    'x-ms-client-request-id': '591eeca2-065c-11ef-8955-0242c0a8d005'
    'x-ms-version': 'REDACTED'
    'x-ms-creation-time': 'REDACTED'
    'x-ms-lease-status': 'REDACTED'
    'x-ms-lease-state': 'REDACTED'
    'x-ms-blob-type': 'REDACTED'
    'x-ms-server-encrypted': 'REDACTED'
    'Date': 'Mon, 29 Apr 2024 19:11:57 GMT'
[2024-04-29T19:11:57.958+0000] {_universal.py:514} INFO - Request URL: 'https://azureyellowcab.blob.core.windows.net/cabfiles/yellow_tripdata_2011-01.parquet'
Request method: 'GET'
Request headers:
    'x-ms-range': 'REDACTED'
    'If-Match': '"0x8DC686ED2A077F8"'
    'x-ms-version': 'REDACTED'
    'Accept': 'application/xml'
    'User-Agent': 'azsdk-python-storage-blob/12.19.1 Python/3.12.2 (Linux-6.6.22-linuxkit-x86_64-with-glibc2.36)'
    'x-ms-date': 'REDACTED'
    'x-ms-client-request-id': '59783492-065c-11ef-8955-0242c0a8d005'
    'Authorization': 'REDACTED'
No body was attached to the request
[2024-04-29T19:11:58.041+0000] {_universal.py:550} INFO - Response status: 206
Response headers:
    'Content-Length': '4194304'
    'Content-Type': 'application/octet-stream'
    'Content-Range': 'REDACTED'
    'Last-Modified': 'Mon, 29 Apr 2024 17:07:16 GMT'
    'Accept-Ranges': 'REDACTED'
    'ETag': '"0x8DC686ED2A077F8"'
    'Server': 'Windows-Azure-Blob/1.0 Microsoft-HTTPAPI/2.0'
    'x-ms-request-id': 'e8a5de2e-201e-0013-6769-9aec93000000'
    'x-ms-client-request-id': '59783492-065c-11ef-8955-0242c0a8d005'
    'x-ms-version': 'REDACTED'
    'x-ms-creation-time': 'REDACTED'
    'x-ms-lease-status': 'REDACTED'
    'x-ms-lease-state': 'REDACTED'
    'x-ms-blob-type': 'REDACTED'
    'x-ms-server-encrypted': 'REDACTED'
    'Date': 'Mon, 29 Apr 2024 19:11:57 GMT'
[2024-04-29T19:11:58.540+0000] {_universal.py:514} INFO - Request URL: 'https://azureyellowcab.blob.core.windows.net/cabfiles/yellow_tripdata_2011-01.parquet'
Request method: 'GET'
Request headers:
    'x-ms-range': 'REDACTED'
    'If-Match': '"0x8DC686ED2A077F8"'
    'x-ms-version': 'REDACTED'
    'Accept': 'application/xml'
    'User-Agent': 'azsdk-python-storage-blob/12.19.1 Python/3.12.2 (Linux-6.6.22-linuxkit-x86_64-with-glibc2.36)'
    'x-ms-date': 'REDACTED'
    'x-ms-client-request-id': '59d1031a-065c-11ef-8955-0242c0a8d005'
    'Authorization': 'REDACTED'
No body was attached to the request
[2024-04-29T19:11:58.667+0000] {_universal.py:550} INFO - Response status: 206
Response headers:
    'Content-Length': '4194304'
    'Content-Type': 'application/octet-stream'
    'Content-Range': 'REDACTED'
    'Last-Modified': 'Mon, 29 Apr 2024 17:07:16 GMT'
    'Accept-Ranges': 'REDACTED'
    'ETag': '"0x8DC686ED2A077F8"'
    'Server': 'Windows-Azure-Blob/1.0 Microsoft-HTTPAPI/2.0'
    'x-ms-request-id': 'e8a5e073-201e-0013-7069-9aec93000000'
    'x-ms-client-request-id': '59d1031a-065c-11ef-8955-0242c0a8d005'
    'x-ms-version': 'REDACTED'
    'x-ms-creation-time': 'REDACTED'
    'x-ms-lease-status': 'REDACTED'
    'x-ms-lease-state': 'REDACTED'
    'x-ms-blob-type': 'REDACTED'
    'x-ms-server-encrypted': 'REDACTED'
    'Date': 'Mon, 29 Apr 2024 19:11:58 GMT'
[2024-04-29T19:11:59.175+0000] {_universal.py:514} INFO - Request URL: 'https://azureyellowcab.blob.core.windows.net/cabfiles/yellow_tripdata_2011-01.parquet'
Request method: 'GET'
Request headers:
    'x-ms-range': 'REDACTED'
    'If-Match': '"0x8DC686ED2A077F8"'
    'x-ms-version': 'REDACTED'
    'Accept': 'application/xml'
    'User-Agent': 'azsdk-python-storage-blob/12.19.1 Python/3.12.2 (Linux-6.6.22-linuxkit-x86_64-with-glibc2.36)'
    'x-ms-date': 'REDACTED'
    'x-ms-client-request-id': '5a31d712-065c-11ef-8955-0242c0a8d005'
    'Authorization': 'REDACTED'
No body was attached to the request
[2024-04-29T19:11:59.273+0000] {_universal.py:550} INFO - Response status: 206
Response headers:
    'Content-Length': '4194304'
    'Content-Type': 'application/octet-stream'
    'Content-Range': 'REDACTED'
    'Last-Modified': 'Mon, 29 Apr 2024 17:07:16 GMT'
    'Accept-Ranges': 'REDACTED'
    'ETag': '"0x8DC686ED2A077F8"'
    'Server': 'Windows-Azure-Blob/1.0 Microsoft-HTTPAPI/2.0'
    'x-ms-request-id': 'e8a5e31e-201e-0013-5169-9aec93000000'
    'x-ms-client-request-id': '5a31d712-065c-11ef-8955-0242c0a8d005'
    'x-ms-version': 'REDACTED'
    'x-ms-creation-time': 'REDACTED'
    'x-ms-lease-status': 'REDACTED'
    'x-ms-lease-state': 'REDACTED'
    'x-ms-blob-type': 'REDACTED'
    'x-ms-server-encrypted': 'REDACTED'
    'Date': 'Mon, 29 Apr 2024 19:11:58 GMT'
[2024-04-29T19:11:59.747+0000] {_universal.py:514} INFO - Request URL: 'https://azureyellowcab.blob.core.windows.net/cabfiles/yellow_tripdata_2011-01.parquet'
Request method: 'GET'
Request headers:
    'x-ms-range': 'REDACTED'
    'If-Match': '"0x8DC686ED2A077F8"'
    'x-ms-version': 'REDACTED'
    'Accept': 'application/xml'
    'User-Agent': 'azsdk-python-storage-blob/12.19.1 Python/3.12.2 (Linux-6.6.22-linuxkit-x86_64-with-glibc2.36)'
    'x-ms-date': 'REDACTED'
    'x-ms-client-request-id': '5a892fb2-065c-11ef-8955-0242c0a8d005'
    'Authorization': 'REDACTED'
No body was attached to the request
[2024-04-29T19:11:59.851+0000] {_universal.py:550} INFO - Response status: 206
Response headers:
    'Content-Length': '4194304'
    'Content-Type': 'application/octet-stream'
    'Content-Range': 'REDACTED'
    'Last-Modified': 'Mon, 29 Apr 2024 17:07:16 GMT'
    'Accept-Ranges': 'REDACTED'
    'ETag': '"0x8DC686ED2A077F8"'
    'Server': 'Windows-Azure-Blob/1.0 Microsoft-HTTPAPI/2.0'
    'x-ms-request-id': 'e8a5e5e9-201e-0013-3169-9aec93000000'
    'x-ms-client-request-id': '5a892fb2-065c-11ef-8955-0242c0a8d005'
    'x-ms-version': 'REDACTED'
    'x-ms-creation-time': 'REDACTED'
    'x-ms-lease-status': 'REDACTED'
    'x-ms-lease-state': 'REDACTED'
    'x-ms-blob-type': 'REDACTED'
    'x-ms-server-encrypted': 'REDACTED'
    'Date': 'Mon, 29 Apr 2024 19:11:59 GMT'
[2024-04-29T19:12:00.334+0000] {_universal.py:514} INFO - Request URL: 'https://azureyellowcab.blob.core.windows.net/cabfiles/yellow_tripdata_2011-01.parquet'
Request method: 'GET'
Request headers:
    'x-ms-range': 'REDACTED'
    'If-Match': '"0x8DC686ED2A077F8"'
    'x-ms-version': 'REDACTED'
    'Accept': 'application/xml'
    'User-Agent': 'azsdk-python-storage-blob/12.19.1 Python/3.12.2 (Linux-6.6.22-linuxkit-x86_64-with-glibc2.36)'
    'x-ms-date': 'REDACTED'
    'x-ms-client-request-id': '5ae2bb5e-065c-11ef-8955-0242c0a8d005'
    'Authorization': 'REDACTED'
No body was attached to the request
[2024-04-29T19:12:00.499+0000] {_universal.py:550} INFO - Response status: 206
Response headers:
    'Content-Length': '4194304'
    'Content-Type': 'application/octet-stream'
    'Content-Range': 'REDACTED'
    'Last-Modified': 'Mon, 29 Apr 2024 17:07:16 GMT'
    'Accept-Ranges': 'REDACTED'
    'ETag': '"0x8DC686ED2A077F8"'
    'Server': 'Windows-Azure-Blob/1.0 Microsoft-HTTPAPI/2.0'
    'x-ms-request-id': 'e8a5e8e7-201e-0013-3869-9aec93000000'
    'x-ms-client-request-id': '5ae2bb5e-065c-11ef-8955-0242c0a8d005'
    'x-ms-version': 'REDACTED'
    'x-ms-creation-time': 'REDACTED'
    'x-ms-lease-status': 'REDACTED'
    'x-ms-lease-state': 'REDACTED'
    'x-ms-blob-type': 'REDACTED'
    'x-ms-server-encrypted': 'REDACTED'
    'Date': 'Mon, 29 Apr 2024 19:12:00 GMT'
[2024-04-29T19:12:00.919+0000] {_universal.py:514} INFO - Request URL: 'https://azureyellowcab.blob.core.windows.net/cabfiles/yellow_tripdata_2011-01.parquet'
Request method: 'GET'
Request headers:
    'x-ms-range': 'REDACTED'
    'If-Match': '"0x8DC686ED2A077F8"'
    'x-ms-version': 'REDACTED'
    'Accept': 'application/xml'
    'User-Agent': 'azsdk-python-storage-blob/12.19.1 Python/3.12.2 (Linux-6.6.22-linuxkit-x86_64-with-glibc2.36)'
    'x-ms-date': 'REDACTED'
    'x-ms-client-request-id': '5b3bfcc8-065c-11ef-8955-0242c0a8d005'
    'Authorization': 'REDACTED'
No body was attached to the request
[2024-04-29T19:12:01.032+0000] {_universal.py:550} INFO - Response status: 206
Response headers:
    'Content-Length': '4194304'
    'Content-Type': 'application/octet-stream'
    'Content-Range': 'REDACTED'
    'Last-Modified': 'Mon, 29 Apr 2024 17:07:16 GMT'
    'Accept-Ranges': 'REDACTED'
    'ETag': '"0x8DC686ED2A077F8"'
    'Server': 'Windows-Azure-Blob/1.0 Microsoft-HTTPAPI/2.0'
    'x-ms-request-id': 'e8a5ebf0-201e-0013-4869-9aec93000000'
    'x-ms-client-request-id': '5b3bfcc8-065c-11ef-8955-0242c0a8d005'
    'x-ms-version': 'REDACTED'
    'x-ms-creation-time': 'REDACTED'
    'x-ms-lease-status': 'REDACTED'
    'x-ms-lease-state': 'REDACTED'
    'x-ms-blob-type': 'REDACTED'
    'x-ms-server-encrypted': 'REDACTED'
    'Date': 'Mon, 29 Apr 2024 19:12:00 GMT'
[2024-04-29T19:12:01.432+0000] {_universal.py:514} INFO - Request URL: 'https://azureyellowcab.blob.core.windows.net/cabfiles/yellow_tripdata_2011-01.parquet'
Request method: 'GET'
Request headers:
    'x-ms-range': 'REDACTED'
    'If-Match': '"0x8DC686ED2A077F8"'
    'x-ms-version': 'REDACTED'
    'Accept': 'application/xml'
    'User-Agent': 'azsdk-python-storage-blob/12.19.1 Python/3.12.2 (Linux-6.6.22-linuxkit-x86_64-with-glibc2.36)'
    'x-ms-date': 'REDACTED'
    'x-ms-client-request-id': '5b8a4fb8-065c-11ef-8955-0242c0a8d005'
    'Authorization': 'REDACTED'
No body was attached to the request
[2024-04-29T19:12:01.564+0000] {_universal.py:550} INFO - Response status: 206
Response headers:
    'Content-Length': '4194304'
    'Content-Type': 'application/octet-stream'
    'Content-Range': 'REDACTED'
    'Last-Modified': 'Mon, 29 Apr 2024 17:07:16 GMT'
    'Accept-Ranges': 'REDACTED'
    'ETag': '"0x8DC686ED2A077F8"'
    'Server': 'Windows-Azure-Blob/1.0 Microsoft-HTTPAPI/2.0'
    'x-ms-request-id': 'e8a5ee7a-201e-0013-6169-9aec93000000'
    'x-ms-client-request-id': '5b8a4fb8-065c-11ef-8955-0242c0a8d005'
    'x-ms-version': 'REDACTED'
    'x-ms-creation-time': 'REDACTED'
    'x-ms-lease-status': 'REDACTED'
    'x-ms-lease-state': 'REDACTED'
    'x-ms-blob-type': 'REDACTED'
    'x-ms-server-encrypted': 'REDACTED'
    'Date': 'Mon, 29 Apr 2024 19:12:01 GMT'
[2024-04-29T19:12:01.990+0000] {_universal.py:514} INFO - Request URL: 'https://azureyellowcab.blob.core.windows.net/cabfiles/yellow_tripdata_2011-01.parquet'
Request method: 'GET'
Request headers:
    'x-ms-range': 'REDACTED'
    'If-Match': '"0x8DC686ED2A077F8"'
    'x-ms-version': 'REDACTED'
    'Accept': 'application/xml'
    'User-Agent': 'azsdk-python-storage-blob/12.19.1 Python/3.12.2 (Linux-6.6.22-linuxkit-x86_64-with-glibc2.36)'
    'x-ms-date': 'REDACTED'
    'x-ms-client-request-id': '5bdf76b4-065c-11ef-8955-0242c0a8d005'
    'Authorization': 'REDACTED'
No body was attached to the request
[2024-04-29T19:12:02.120+0000] {_universal.py:550} INFO - Response status: 206
Response headers:
    'Content-Length': '4194304'
    'Content-Type': 'application/octet-stream'
    'Content-Range': 'REDACTED'
    'Last-Modified': 'Mon, 29 Apr 2024 17:07:16 GMT'
    'Accept-Ranges': 'REDACTED'
    'ETag': '"0x8DC686ED2A077F8"'
    'Server': 'Windows-Azure-Blob/1.0 Microsoft-HTTPAPI/2.0'
    'x-ms-request-id': 'e8a5f0c7-201e-0013-5669-9aec93000000'
    'x-ms-client-request-id': '5bdf76b4-065c-11ef-8955-0242c0a8d005'
    'x-ms-version': 'REDACTED'
    'x-ms-creation-time': 'REDACTED'
    'x-ms-lease-status': 'REDACTED'
    'x-ms-lease-state': 'REDACTED'
    'x-ms-blob-type': 'REDACTED'
    'x-ms-server-encrypted': 'REDACTED'
    'Date': 'Mon, 29 Apr 2024 19:12:01 GMT'
[2024-04-29T19:12:02.534+0000] {_universal.py:514} INFO - Request URL: 'https://azureyellowcab.blob.core.windows.net/cabfiles/yellow_tripdata_2011-01.parquet'
Request method: 'GET'
Request headers:
    'x-ms-range': 'REDACTED'
    'If-Match': '"0x8DC686ED2A077F8"'
    'x-ms-version': 'REDACTED'
    'Accept': 'application/xml'
    'User-Agent': 'azsdk-python-storage-blob/12.19.1 Python/3.12.2 (Linux-6.6.22-linuxkit-x86_64-with-glibc2.36)'
    'x-ms-date': 'REDACTED'
    'x-ms-client-request-id': '5c326aea-065c-11ef-8955-0242c0a8d005'
    'Authorization': 'REDACTED'
No body was attached to the request
[2024-04-29T19:12:02.639+0000] {_universal.py:550} INFO - Response status: 206
Response headers:
    'Content-Length': '4194304'
    'Content-Type': 'application/octet-stream'
    'Content-Range': 'REDACTED'
    'Last-Modified': 'Mon, 29 Apr 2024 17:07:16 GMT'
    'Accept-Ranges': 'REDACTED'
    'ETag': '"0x8DC686ED2A077F8"'
    'Server': 'Windows-Azure-Blob/1.0 Microsoft-HTTPAPI/2.0'
    'x-ms-request-id': 'e8a5f2bb-201e-0013-0769-9aec93000000'
    'x-ms-client-request-id': '5c326aea-065c-11ef-8955-0242c0a8d005'
    'x-ms-version': 'REDACTED'
    'x-ms-creation-time': 'REDACTED'
    'x-ms-lease-status': 'REDACTED'
    'x-ms-lease-state': 'REDACTED'
    'x-ms-blob-type': 'REDACTED'
    'x-ms-server-encrypted': 'REDACTED'
    'Date': 'Mon, 29 Apr 2024 19:12:02 GMT'
[2024-04-29T19:12:03.082+0000] {_universal.py:514} INFO - Request URL: 'https://azureyellowcab.blob.core.windows.net/cabfiles/yellow_tripdata_2011-01.parquet'
Request method: 'GET'
Request headers:
    'x-ms-range': 'REDACTED'
    'If-Match': '"0x8DC686ED2A077F8"'
    'x-ms-version': 'REDACTED'
    'Accept': 'application/xml'
    'User-Agent': 'azsdk-python-storage-blob/12.19.1 Python/3.12.2 (Linux-6.6.22-linuxkit-x86_64-with-glibc2.36)'
    'x-ms-date': 'REDACTED'
    'x-ms-client-request-id': '5c860fe2-065c-11ef-8955-0242c0a8d005'
    'Authorization': 'REDACTED'
No body was attached to the request
[2024-04-29T19:12:03.198+0000] {_universal.py:550} INFO - Response status: 206
Response headers:
    'Content-Length': '4194304'
    'Content-Type': 'application/octet-stream'
    'Content-Range': 'REDACTED'
    'Last-Modified': 'Mon, 29 Apr 2024 17:07:16 GMT'
    'Accept-Ranges': 'REDACTED'
    'ETag': '"0x8DC686ED2A077F8"'
    'Server': 'Windows-Azure-Blob/1.0 Microsoft-HTTPAPI/2.0'
    'x-ms-request-id': 'e8a5f4e6-201e-0013-6869-9aec93000000'
    'x-ms-client-request-id': '5c860fe2-065c-11ef-8955-0242c0a8d005'
    'x-ms-version': 'REDACTED'
    'x-ms-creation-time': 'REDACTED'
    'x-ms-lease-status': 'REDACTED'
    'x-ms-lease-state': 'REDACTED'
    'x-ms-blob-type': 'REDACTED'
    'x-ms-server-encrypted': 'REDACTED'
    'Date': 'Mon, 29 Apr 2024 19:12:02 GMT'
[2024-04-29T19:12:03.600+0000] {_universal.py:514} INFO - Request URL: 'https://azureyellowcab.blob.core.windows.net/cabfiles/yellow_tripdata_2011-01.parquet'
Request method: 'GET'
Request headers:
    'x-ms-range': 'REDACTED'
    'If-Match': '"0x8DC686ED2A077F8"'
    'x-ms-version': 'REDACTED'
    'Accept': 'application/xml'
    'User-Agent': 'azsdk-python-storage-blob/12.19.1 Python/3.12.2 (Linux-6.6.22-linuxkit-x86_64-with-glibc2.36)'
    'x-ms-date': 'REDACTED'
    'x-ms-client-request-id': '5cd528ca-065c-11ef-8955-0242c0a8d005'
    'Authorization': 'REDACTED'
No body was attached to the request
[2024-04-29T19:12:03.688+0000] {_universal.py:550} INFO - Response status: 206
Response headers:
    'Content-Length': '4194304'
    'Content-Type': 'application/octet-stream'
    'Content-Range': 'REDACTED'
    'Last-Modified': 'Mon, 29 Apr 2024 17:07:16 GMT'
    'Accept-Ranges': 'REDACTED'
    'ETag': '"0x8DC686ED2A077F8"'
    'Server': 'Windows-Azure-Blob/1.0 Microsoft-HTTPAPI/2.0'
    'x-ms-request-id': 'e8a5f6a9-201e-0013-7069-9aec93000000'
    'x-ms-client-request-id': '5cd528ca-065c-11ef-8955-0242c0a8d005'
    'x-ms-version': 'REDACTED'
    'x-ms-creation-time': 'REDACTED'
    'x-ms-lease-status': 'REDACTED'
    'x-ms-lease-state': 'REDACTED'
    'x-ms-blob-type': 'REDACTED'
    'x-ms-server-encrypted': 'REDACTED'
    'Date': 'Mon, 29 Apr 2024 19:12:03 GMT'
[2024-04-29T19:12:04.149+0000] {_universal.py:514} INFO - Request URL: 'https://azureyellowcab.blob.core.windows.net/cabfiles/yellow_tripdata_2011-01.parquet'
Request method: 'GET'
Request headers:
    'x-ms-range': 'REDACTED'
    'If-Match': '"0x8DC686ED2A077F8"'
    'x-ms-version': 'REDACTED'
    'Accept': 'application/xml'
    'User-Agent': 'azsdk-python-storage-blob/12.19.1 Python/3.12.2 (Linux-6.6.22-linuxkit-x86_64-with-glibc2.36)'
    'x-ms-date': 'REDACTED'
    'x-ms-client-request-id': '5d28dcb8-065c-11ef-8955-0242c0a8d005'
    'Authorization': 'REDACTED'
No body was attached to the request
[2024-04-29T19:12:04.281+0000] {_universal.py:550} INFO - Response status: 206
Response headers:
    'Content-Length': '4194304'
    'Content-Type': 'application/octet-stream'
    'Content-Range': 'REDACTED'
    'Last-Modified': 'Mon, 29 Apr 2024 17:07:16 GMT'
    'Accept-Ranges': 'REDACTED'
    'ETag': '"0x8DC686ED2A077F8"'
    'Server': 'Windows-Azure-Blob/1.0 Microsoft-HTTPAPI/2.0'
    'x-ms-request-id': 'e8a5f8e6-201e-0013-6469-9aec93000000'
    'x-ms-client-request-id': '5d28dcb8-065c-11ef-8955-0242c0a8d005'
    'x-ms-version': 'REDACTED'
    'x-ms-creation-time': 'REDACTED'
    'x-ms-lease-status': 'REDACTED'
    'x-ms-lease-state': 'REDACTED'
    'x-ms-blob-type': 'REDACTED'
    'x-ms-server-encrypted': 'REDACTED'
    'Date': 'Mon, 29 Apr 2024 19:12:03 GMT'
[2024-04-29T19:12:04.683+0000] {_universal.py:514} INFO - Request URL: 'https://azureyellowcab.blob.core.windows.net/cabfiles/yellow_tripdata_2011-01.parquet'
Request method: 'GET'
Request headers:
    'x-ms-range': 'REDACTED'
    'If-Match': '"0x8DC686ED2A077F8"'
    'x-ms-version': 'REDACTED'
    'Accept': 'application/xml'
    'User-Agent': 'azsdk-python-storage-blob/12.19.1 Python/3.12.2 (Linux-6.6.22-linuxkit-x86_64-with-glibc2.36)'
    'x-ms-date': 'REDACTED'
    'x-ms-client-request-id': '5d7a5548-065c-11ef-8955-0242c0a8d005'
    'Authorization': 'REDACTED'
No body was attached to the request
[2024-04-29T19:12:04.762+0000] {_universal.py:550} INFO - Response status: 206
Response headers:
    'Content-Length': '4194304'
    'Content-Type': 'application/octet-stream'
    'Content-Range': 'REDACTED'
    'Last-Modified': 'Mon, 29 Apr 2024 17:07:16 GMT'
    'Accept-Ranges': 'REDACTED'
    'ETag': '"0x8DC686ED2A077F8"'
    'Server': 'Windows-Azure-Blob/1.0 Microsoft-HTTPAPI/2.0'
    'x-ms-request-id': 'e8a5faae-201e-0013-7669-9aec93000000'
    'x-ms-client-request-id': '5d7a5548-065c-11ef-8955-0242c0a8d005'
    'x-ms-version': 'REDACTED'
    'x-ms-creation-time': 'REDACTED'
    'x-ms-lease-status': 'REDACTED'
    'x-ms-lease-state': 'REDACTED'
    'x-ms-blob-type': 'REDACTED'
    'x-ms-server-encrypted': 'REDACTED'
    'Date': 'Mon, 29 Apr 2024 19:12:04 GMT'
[2024-04-29T19:12:05.226+0000] {_universal.py:514} INFO - Request URL: 'https://azureyellowcab.blob.core.windows.net/cabfiles/yellow_tripdata_2011-01.parquet'
Request method: 'GET'
Request headers:
    'x-ms-range': 'REDACTED'
    'If-Match': '"0x8DC686ED2A077F8"'
    'x-ms-version': 'REDACTED'
    'Accept': 'application/xml'
    'User-Agent': 'azsdk-python-storage-blob/12.19.1 Python/3.12.2 (Linux-6.6.22-linuxkit-x86_64-with-glibc2.36)'
    'x-ms-date': 'REDACTED'
    'x-ms-client-request-id': '5dcd320e-065c-11ef-8955-0242c0a8d005'
    'Authorization': 'REDACTED'
No body was attached to the request
[2024-04-29T19:12:05.316+0000] {_universal.py:550} INFO - Response status: 206
Response headers:
    'Content-Length': '4194304'
    'Content-Type': 'application/octet-stream'
    'Content-Range': 'REDACTED'
    'Last-Modified': 'Mon, 29 Apr 2024 17:07:16 GMT'
    'Accept-Ranges': 'REDACTED'
    'ETag': '"0x8DC686ED2A077F8"'
    'Server': 'Windows-Azure-Blob/1.0 Microsoft-HTTPAPI/2.0'
    'x-ms-request-id': 'e8a5fcf1-201e-0013-7d69-9aec93000000'
    'x-ms-client-request-id': '5dcd320e-065c-11ef-8955-0242c0a8d005'
    'x-ms-version': 'REDACTED'
    'x-ms-creation-time': 'REDACTED'
    'x-ms-lease-status': 'REDACTED'
    'x-ms-lease-state': 'REDACTED'
    'x-ms-blob-type': 'REDACTED'
    'x-ms-server-encrypted': 'REDACTED'
    'Date': 'Mon, 29 Apr 2024 19:12:04 GMT'
[2024-04-29T19:12:05.855+0000] {_universal.py:514} INFO - Request URL: 'https://azureyellowcab.blob.core.windows.net/cabfiles/yellow_tripdata_2011-01.parquet'
Request method: 'GET'
Request headers:
    'x-ms-range': 'REDACTED'
    'If-Match': '"0x8DC686ED2A077F8"'
    'x-ms-version': 'REDACTED'
    'Accept': 'application/xml'
    'User-Agent': 'azsdk-python-storage-blob/12.19.1 Python/3.12.2 (Linux-6.6.22-linuxkit-x86_64-with-glibc2.36)'
    'x-ms-date': 'REDACTED'
    'x-ms-client-request-id': '5e2d2524-065c-11ef-8955-0242c0a8d005'
    'Authorization': 'REDACTED'
No body was attached to the request
[2024-04-29T19:12:05.985+0000] {_universal.py:550} INFO - Response status: 206
Response headers:
    'Content-Length': '4194304'
    'Content-Type': 'application/octet-stream'
    'Content-Range': 'REDACTED'
    'Last-Modified': 'Mon, 29 Apr 2024 17:07:16 GMT'
    'Accept-Ranges': 'REDACTED'
    'ETag': '"0x8DC686ED2A077F8"'
    'Server': 'Windows-Azure-Blob/1.0 Microsoft-HTTPAPI/2.0'
    'x-ms-request-id': 'e8a5ff8b-201e-0013-5569-9aec93000000'
    'x-ms-client-request-id': '5e2d2524-065c-11ef-8955-0242c0a8d005'
    'x-ms-version': 'REDACTED'
    'x-ms-creation-time': 'REDACTED'
    'x-ms-lease-status': 'REDACTED'
    'x-ms-lease-state': 'REDACTED'
    'x-ms-blob-type': 'REDACTED'
    'x-ms-server-encrypted': 'REDACTED'
    'Date': 'Mon, 29 Apr 2024 19:12:05 GMT'
[2024-04-29T19:12:06.374+0000] {_universal.py:514} INFO - Request URL: 'https://azureyellowcab.blob.core.windows.net/cabfiles/yellow_tripdata_2011-01.parquet'
Request method: 'GET'
Request headers:
    'x-ms-range': 'REDACTED'
    'If-Match': '"0x8DC686ED2A077F8"'
    'x-ms-version': 'REDACTED'
    'Accept': 'application/xml'
    'User-Agent': 'azsdk-python-storage-blob/12.19.1 Python/3.12.2 (Linux-6.6.22-linuxkit-x86_64-with-glibc2.36)'
    'x-ms-date': 'REDACTED'
    'x-ms-client-request-id': '5e7c6bfc-065c-11ef-8955-0242c0a8d005'
    'Authorization': 'REDACTED'
No body was attached to the request
[2024-04-29T19:12:06.491+0000] {_universal.py:550} INFO - Response status: 206
Response headers:
    'Content-Length': '4194304'
    'Content-Type': 'application/octet-stream'
    'Content-Range': 'REDACTED'
    'Last-Modified': 'Mon, 29 Apr 2024 17:07:16 GMT'
    'Accept-Ranges': 'REDACTED'
    'ETag': '"0x8DC686ED2A077F8"'
    'Server': 'Windows-Azure-Blob/1.0 Microsoft-HTTPAPI/2.0'
    'x-ms-request-id': 'e8a601cd-201e-0013-6069-9aec93000000'
    'x-ms-client-request-id': '5e7c6bfc-065c-11ef-8955-0242c0a8d005'
    'x-ms-version': 'REDACTED'
    'x-ms-creation-time': 'REDACTED'
    'x-ms-lease-status': 'REDACTED'
    'x-ms-lease-state': 'REDACTED'
    'x-ms-blob-type': 'REDACTED'
    'x-ms-server-encrypted': 'REDACTED'
    'Date': 'Mon, 29 Apr 2024 19:12:06 GMT'
[2024-04-29T19:12:06.973+0000] {_universal.py:514} INFO - Request URL: 'https://azureyellowcab.blob.core.windows.net/cabfiles/yellow_tripdata_2011-01.parquet'
Request method: 'GET'
Request headers:
    'x-ms-range': 'REDACTED'
    'If-Match': '"0x8DC686ED2A077F8"'
    'x-ms-version': 'REDACTED'
    'Accept': 'application/xml'
    'User-Agent': 'azsdk-python-storage-blob/12.19.1 Python/3.12.2 (Linux-6.6.22-linuxkit-x86_64-with-glibc2.36)'
    'x-ms-date': 'REDACTED'
    'x-ms-client-request-id': '5ed7c330-065c-11ef-8955-0242c0a8d005'
    'Authorization': 'REDACTED'
No body was attached to the request
[2024-04-29T19:12:07.153+0000] {_universal.py:550} INFO - Response status: 206
Response headers:
    'Content-Length': '4194304'
    'Content-Type': 'application/octet-stream'
    'Content-Range': 'REDACTED'
    'Last-Modified': 'Mon, 29 Apr 2024 17:07:16 GMT'
    'Accept-Ranges': 'REDACTED'
    'ETag': '"0x8DC686ED2A077F8"'
    'Server': 'Windows-Azure-Blob/1.0 Microsoft-HTTPAPI/2.0'
    'x-ms-request-id': 'e8a6045e-201e-0013-2169-9aec93000000'
    'x-ms-client-request-id': '5ed7c330-065c-11ef-8955-0242c0a8d005'
    'x-ms-version': 'REDACTED'
    'x-ms-creation-time': 'REDACTED'
    'x-ms-lease-status': 'REDACTED'
    'x-ms-lease-state': 'REDACTED'
    'x-ms-blob-type': 'REDACTED'
    'x-ms-server-encrypted': 'REDACTED'
    'Date': 'Mon, 29 Apr 2024 19:12:06 GMT'
[2024-04-29T19:12:07.723+0000] {_universal.py:514} INFO - Request URL: 'https://azureyellowcab.blob.core.windows.net/cabfiles/yellow_tripdata_2011-01.parquet'
Request method: 'GET'
Request headers:
    'x-ms-range': 'REDACTED'
    'If-Match': '"0x8DC686ED2A077F8"'
    'x-ms-version': 'REDACTED'
    'Accept': 'application/xml'
    'User-Agent': 'azsdk-python-storage-blob/12.19.1 Python/3.12.2 (Linux-6.6.22-linuxkit-x86_64-with-glibc2.36)'
    'x-ms-date': 'REDACTED'
    'x-ms-client-request-id': '5f4a22cc-065c-11ef-8955-0242c0a8d005'
    'Authorization': 'REDACTED'
No body was attached to the request
[2024-04-29T19:12:07.796+0000] {_universal.py:550} INFO - Response status: 206
Response headers:
    'Content-Length': '4194304'
    'Content-Type': 'application/octet-stream'
    'Content-Range': 'REDACTED'
    'Last-Modified': 'Mon, 29 Apr 2024 17:07:16 GMT'
    'Accept-Ranges': 'REDACTED'
    'ETag': '"0x8DC686ED2A077F8"'
    'Server': 'Windows-Azure-Blob/1.0 Microsoft-HTTPAPI/2.0'
    'x-ms-request-id': 'e8a607c9-201e-0013-4869-9aec93000000'
    'x-ms-client-request-id': '5f4a22cc-065c-11ef-8955-0242c0a8d005'
    'x-ms-version': 'REDACTED'
    'x-ms-creation-time': 'REDACTED'
    'x-ms-lease-status': 'REDACTED'
    'x-ms-lease-state': 'REDACTED'
    'x-ms-blob-type': 'REDACTED'
    'x-ms-server-encrypted': 'REDACTED'
    'Date': 'Mon, 29 Apr 2024 19:12:07 GMT'
[2024-04-29T19:12:08.389+0000] {_universal.py:514} INFO - Request URL: 'https://azureyellowcab.blob.core.windows.net/cabfiles/yellow_tripdata_2011-01.parquet'
Request method: 'GET'
Request headers:
    'x-ms-range': 'REDACTED'
    'If-Match': '"0x8DC686ED2A077F8"'
    'x-ms-version': 'REDACTED'
    'Accept': 'application/xml'
    'User-Agent': 'azsdk-python-storage-blob/12.19.1 Python/3.12.2 (Linux-6.6.22-linuxkit-x86_64-with-glibc2.36)'
    'x-ms-date': 'REDACTED'
    'x-ms-client-request-id': '5fafdaa4-065c-11ef-8955-0242c0a8d005'
    'Authorization': 'REDACTED'
No body was attached to the request
[2024-04-29T19:12:08.460+0000] {_universal.py:550} INFO - Response status: 206
Response headers:
    'Content-Length': '4194304'
    'Content-Type': 'application/octet-stream'
    'Content-Range': 'REDACTED'
    'Last-Modified': 'Mon, 29 Apr 2024 17:07:16 GMT'
    'Accept-Ranges': 'REDACTED'
    'ETag': '"0x8DC686ED2A077F8"'
    'Server': 'Windows-Azure-Blob/1.0 Microsoft-HTTPAPI/2.0'
    'x-ms-request-id': 'e8a60aa2-201e-0013-5e69-9aec93000000'
    'x-ms-client-request-id': '5fafdaa4-065c-11ef-8955-0242c0a8d005'
    'x-ms-version': 'REDACTED'
    'x-ms-creation-time': 'REDACTED'
    'x-ms-lease-status': 'REDACTED'
    'x-ms-lease-state': 'REDACTED'
    'x-ms-blob-type': 'REDACTED'
    'x-ms-server-encrypted': 'REDACTED'
    'Date': 'Mon, 29 Apr 2024 19:12:08 GMT'
[2024-04-29T19:12:09.019+0000] {_universal.py:514} INFO - Request URL: 'https://azureyellowcab.blob.core.windows.net/cabfiles/yellow_tripdata_2011-01.parquet'
Request method: 'GET'
Request headers:
    'x-ms-range': 'REDACTED'
    'If-Match': '"0x8DC686ED2A077F8"'
    'x-ms-version': 'REDACTED'
    'Accept': 'application/xml'
    'User-Agent': 'azsdk-python-storage-blob/12.19.1 Python/3.12.2 (Linux-6.6.22-linuxkit-x86_64-with-glibc2.36)'
    'x-ms-date': 'REDACTED'
    'x-ms-client-request-id': '6010056e-065c-11ef-8955-0242c0a8d005'
    'Authorization': 'REDACTED'
No body was attached to the request
[2024-04-29T19:12:09.090+0000] {_universal.py:550} INFO - Response status: 206
Response headers:
    'Content-Length': '4194304'
    'Content-Type': 'application/octet-stream'
    'Content-Range': 'REDACTED'
    'Last-Modified': 'Mon, 29 Apr 2024 17:07:16 GMT'
    'Accept-Ranges': 'REDACTED'
    'ETag': '"0x8DC686ED2A077F8"'
    'Server': 'Windows-Azure-Blob/1.0 Microsoft-HTTPAPI/2.0'
    'x-ms-request-id': 'e8a60d19-201e-0013-2e69-9aec93000000'
    'x-ms-client-request-id': '6010056e-065c-11ef-8955-0242c0a8d005'
    'x-ms-version': 'REDACTED'
    'x-ms-creation-time': 'REDACTED'
    'x-ms-lease-status': 'REDACTED'
    'x-ms-lease-state': 'REDACTED'
    'x-ms-blob-type': 'REDACTED'
    'x-ms-server-encrypted': 'REDACTED'
    'Date': 'Mon, 29 Apr 2024 19:12:08 GMT'
[2024-04-29T19:12:09.750+0000] {_universal.py:514} INFO - Request URL: 'https://azureyellowcab.blob.core.windows.net/cabfiles/yellow_tripdata_2011-01.parquet'
Request method: 'GET'
Request headers:
    'x-ms-range': 'REDACTED'
    'If-Match': '"0x8DC686ED2A077F8"'
    'x-ms-version': 'REDACTED'
    'Accept': 'application/xml'
    'User-Agent': 'azsdk-python-storage-blob/12.19.1 Python/3.12.2 (Linux-6.6.22-linuxkit-x86_64-with-glibc2.36)'
    'x-ms-date': 'REDACTED'
    'x-ms-client-request-id': '607f7b88-065c-11ef-8955-0242c0a8d005'
    'Authorization': 'REDACTED'
No body was attached to the request
[2024-04-29T19:12:09.883+0000] {_universal.py:550} INFO - Response status: 206
Response headers:
    'Content-Length': '4194304'
    'Content-Type': 'application/octet-stream'
    'Content-Range': 'REDACTED'
    'Last-Modified': 'Mon, 29 Apr 2024 17:07:16 GMT'
    'Accept-Ranges': 'REDACTED'
    'ETag': '"0x8DC686ED2A077F8"'
    'Server': 'Windows-Azure-Blob/1.0 Microsoft-HTTPAPI/2.0'
    'x-ms-request-id': 'e8a60f9d-201e-0013-7769-9aec93000000'
    'x-ms-client-request-id': '607f7b88-065c-11ef-8955-0242c0a8d005'
    'x-ms-version': 'REDACTED'
    'x-ms-creation-time': 'REDACTED'
    'x-ms-lease-status': 'REDACTED'
    'x-ms-lease-state': 'REDACTED'
    'x-ms-blob-type': 'REDACTED'
    'x-ms-server-encrypted': 'REDACTED'
    'Date': 'Mon, 29 Apr 2024 19:12:09 GMT'
[2024-04-29T19:12:10.555+0000] {_universal.py:514} INFO - Request URL: 'https://azureyellowcab.blob.core.windows.net/cabfiles/yellow_tripdata_2011-01.parquet'
Request method: 'GET'
Request headers:
    'x-ms-range': 'REDACTED'
    'If-Match': '"0x8DC686ED2A077F8"'
    'x-ms-version': 'REDACTED'
    'Accept': 'application/xml'
    'User-Agent': 'azsdk-python-storage-blob/12.19.1 Python/3.12.2 (Linux-6.6.22-linuxkit-x86_64-with-glibc2.36)'
    'x-ms-date': 'REDACTED'
    'x-ms-client-request-id': '60fa5ce0-065c-11ef-8955-0242c0a8d005'
    'Authorization': 'REDACTED'
No body was attached to the request
[2024-04-29T19:12:10.674+0000] {_universal.py:550} INFO - Response status: 206
Response headers:
    'Content-Length': '4194304'
    'Content-Type': 'application/octet-stream'
    'Content-Range': 'REDACTED'
    'Last-Modified': 'Mon, 29 Apr 2024 17:07:16 GMT'
    'Accept-Ranges': 'REDACTED'
    'ETag': '"0x8DC686ED2A077F8"'
    'Server': 'Windows-Azure-Blob/1.0 Microsoft-HTTPAPI/2.0'
    'x-ms-request-id': 'e8a61313-201e-0013-2069-9aec93000000'
    'x-ms-client-request-id': '60fa5ce0-065c-11ef-8955-0242c0a8d005'
    'x-ms-version': 'REDACTED'
    'x-ms-creation-time': 'REDACTED'
    'x-ms-lease-status': 'REDACTED'
    'x-ms-lease-state': 'REDACTED'
    'x-ms-blob-type': 'REDACTED'
    'x-ms-server-encrypted': 'REDACTED'
    'Date': 'Mon, 29 Apr 2024 19:12:10 GMT'
[2024-04-29T19:12:11.327+0000] {_universal.py:514} INFO - Request URL: 'https://azureyellowcab.blob.core.windows.net/cabfiles/yellow_tripdata_2011-01.parquet'
Request method: 'GET'
Request headers:
    'x-ms-range': 'REDACTED'
    'If-Match': '"0x8DC686ED2A077F8"'
    'x-ms-version': 'REDACTED'
    'Accept': 'application/xml'
    'User-Agent': 'azsdk-python-storage-blob/12.19.1 Python/3.12.2 (Linux-6.6.22-linuxkit-x86_64-with-glibc2.36)'
    'x-ms-date': 'REDACTED'
    'x-ms-client-request-id': '61703028-065c-11ef-8955-0242c0a8d005'
    'Authorization': 'REDACTED'
No body was attached to the request
[2024-04-29T19:12:11.440+0000] {_universal.py:550} INFO - Response status: 206
Response headers:
    'Content-Length': '4194304'
    'Content-Type': 'application/octet-stream'
    'Content-Range': 'REDACTED'
    'Last-Modified': 'Mon, 29 Apr 2024 17:07:16 GMT'
    'Accept-Ranges': 'REDACTED'
    'ETag': '"0x8DC686ED2A077F8"'
    'Server': 'Windows-Azure-Blob/1.0 Microsoft-HTTPAPI/2.0'
    'x-ms-request-id': 'e8a61676-201e-0013-3669-9aec93000000'
    'x-ms-client-request-id': '61703028-065c-11ef-8955-0242c0a8d005'
    'x-ms-version': 'REDACTED'
    'x-ms-creation-time': 'REDACTED'
    'x-ms-lease-status': 'REDACTED'
    'x-ms-lease-state': 'REDACTED'
    'x-ms-blob-type': 'REDACTED'
    'x-ms-server-encrypted': 'REDACTED'
    'Date': 'Mon, 29 Apr 2024 19:12:11 GMT'
[2024-04-29T19:12:11.968+0000] {_universal.py:514} INFO - Request URL: 'https://azureyellowcab.blob.core.windows.net/cabfiles/yellow_tripdata_2011-01.parquet'
Request method: 'GET'
Request headers:
    'x-ms-range': 'REDACTED'
    'If-Match': '"0x8DC686ED2A077F8"'
    'x-ms-version': 'REDACTED'
    'Accept': 'application/xml'
    'User-Agent': 'azsdk-python-storage-blob/12.19.1 Python/3.12.2 (Linux-6.6.22-linuxkit-x86_64-with-glibc2.36)'
    'x-ms-date': 'REDACTED'
    'x-ms-client-request-id': '61d1f2cc-065c-11ef-8955-0242c0a8d005'
    'Authorization': 'REDACTED'
No body was attached to the request
[2024-04-29T19:12:12.086+0000] {_universal.py:550} INFO - Response status: 206
Response headers:
    'Content-Length': '4194304'
    'Content-Type': 'application/octet-stream'
    'Content-Range': 'REDACTED'
    'Last-Modified': 'Mon, 29 Apr 2024 17:07:16 GMT'
    'Accept-Ranges': 'REDACTED'
    'ETag': '"0x8DC686ED2A077F8"'
    'Server': 'Windows-Azure-Blob/1.0 Microsoft-HTTPAPI/2.0'
    'x-ms-request-id': 'e8a618e2-201e-0013-6169-9aec93000000'
    'x-ms-client-request-id': '61d1f2cc-065c-11ef-8955-0242c0a8d005'
    'x-ms-version': 'REDACTED'
    'x-ms-creation-time': 'REDACTED'
    'x-ms-lease-status': 'REDACTED'
    'x-ms-lease-state': 'REDACTED'
    'x-ms-blob-type': 'REDACTED'
    'x-ms-server-encrypted': 'REDACTED'
    'Date': 'Mon, 29 Apr 2024 19:12:11 GMT'
[2024-04-29T19:12:12.615+0000] {_universal.py:514} INFO - Request URL: 'https://azureyellowcab.blob.core.windows.net/cabfiles/yellow_tripdata_2011-01.parquet'
Request method: 'GET'
Request headers:
    'x-ms-range': 'REDACTED'
    'If-Match': '"0x8DC686ED2A077F8"'
    'x-ms-version': 'REDACTED'
    'Accept': 'application/xml'
    'User-Agent': 'azsdk-python-storage-blob/12.19.1 Python/3.12.2 (Linux-6.6.22-linuxkit-x86_64-with-glibc2.36)'
    'x-ms-date': 'REDACTED'
    'x-ms-client-request-id': '6234b9b6-065c-11ef-8955-0242c0a8d005'
    'Authorization': 'REDACTED'
No body was attached to the request
[2024-04-29T19:12:12.740+0000] {_universal.py:550} INFO - Response status: 206
Response headers:
    'Content-Length': '4194304'
    'Content-Type': 'application/octet-stream'
    'Content-Range': 'REDACTED'
    'Last-Modified': 'Mon, 29 Apr 2024 17:07:16 GMT'
    'Accept-Ranges': 'REDACTED'
    'ETag': '"0x8DC686ED2A077F8"'
    'Server': 'Windows-Azure-Blob/1.0 Microsoft-HTTPAPI/2.0'
    'x-ms-request-id': 'e8a61bd7-201e-0013-2769-9aec93000000'
    'x-ms-client-request-id': '6234b9b6-065c-11ef-8955-0242c0a8d005'
    'x-ms-version': 'REDACTED'
    'x-ms-creation-time': 'REDACTED'
    'x-ms-lease-status': 'REDACTED'
    'x-ms-lease-state': 'REDACTED'
    'x-ms-blob-type': 'REDACTED'
    'x-ms-server-encrypted': 'REDACTED'
    'Date': 'Mon, 29 Apr 2024 19:12:12 GMT'
[2024-04-29T19:12:13.210+0000] {_universal.py:514} INFO - Request URL: 'https://azureyellowcab.blob.core.windows.net/cabfiles/yellow_tripdata_2011-01.parquet'
Request method: 'GET'
Request headers:
    'x-ms-range': 'REDACTED'
    'If-Match': '"0x8DC686ED2A077F8"'
    'x-ms-version': 'REDACTED'
    'Accept': 'application/xml'
    'User-Agent': 'azsdk-python-storage-blob/12.19.1 Python/3.12.2 (Linux-6.6.22-linuxkit-x86_64-with-glibc2.36)'
    'x-ms-date': 'REDACTED'
    'x-ms-client-request-id': '628f5b14-065c-11ef-8955-0242c0a8d005'
    'Authorization': 'REDACTED'
No body was attached to the request
[2024-04-29T19:12:13.292+0000] {_universal.py:550} INFO - Response status: 206
Response headers:
    'Content-Length': '4194304'
    'Content-Type': 'application/octet-stream'
    'Content-Range': 'REDACTED'
    'Last-Modified': 'Mon, 29 Apr 2024 17:07:16 GMT'
    'Accept-Ranges': 'REDACTED'
    'ETag': '"0x8DC686ED2A077F8"'
    'Server': 'Windows-Azure-Blob/1.0 Microsoft-HTTPAPI/2.0'
    'x-ms-request-id': 'e8a61e6b-201e-0013-7269-9aec93000000'
    'x-ms-client-request-id': '628f5b14-065c-11ef-8955-0242c0a8d005'
    'x-ms-version': 'REDACTED'
    'x-ms-creation-time': 'REDACTED'
    'x-ms-lease-status': 'REDACTED'
    'x-ms-lease-state': 'REDACTED'
    'x-ms-blob-type': 'REDACTED'
    'x-ms-server-encrypted': 'REDACTED'
    'Date': 'Mon, 29 Apr 2024 19:12:12 GMT'
[2024-04-29T19:12:13.777+0000] {_universal.py:514} INFO - Request URL: 'https://azureyellowcab.blob.core.windows.net/cabfiles/yellow_tripdata_2011-01.parquet'
Request method: 'GET'
Request headers:
    'x-ms-range': 'REDACTED'
    'If-Match': '"0x8DC686ED2A077F8"'
    'x-ms-version': 'REDACTED'
    'Accept': 'application/xml'
    'User-Agent': 'azsdk-python-storage-blob/12.19.1 Python/3.12.2 (Linux-6.6.22-linuxkit-x86_64-with-glibc2.36)'
    'x-ms-date': 'REDACTED'
    'x-ms-client-request-id': '62e60a36-065c-11ef-8955-0242c0a8d005'
    'Authorization': 'REDACTED'
No body was attached to the request
[2024-04-29T19:12:14.155+0000] {_universal.py:550} INFO - Response status: 206
Response headers:
    'Content-Length': '4194304'
    'Content-Type': 'application/octet-stream'
    'Content-Range': 'REDACTED'
    'Last-Modified': 'Mon, 29 Apr 2024 17:07:16 GMT'
    'Accept-Ranges': 'REDACTED'
    'ETag': '"0x8DC686ED2A077F8"'
    'Server': 'Windows-Azure-Blob/1.0 Microsoft-HTTPAPI/2.0'
    'x-ms-request-id': 'e8a620d2-201e-0013-1969-9aec93000000'
    'x-ms-client-request-id': '62e60a36-065c-11ef-8955-0242c0a8d005'
    'x-ms-version': 'REDACTED'
    'x-ms-creation-time': 'REDACTED'
    'x-ms-lease-status': 'REDACTED'
    'x-ms-lease-state': 'REDACTED'
    'x-ms-blob-type': 'REDACTED'
    'x-ms-server-encrypted': 'REDACTED'
    'Date': 'Mon, 29 Apr 2024 19:12:13 GMT'
[2024-04-29T19:12:14.603+0000] {_universal.py:514} INFO - Request URL: 'https://azureyellowcab.blob.core.windows.net/cabfiles/yellow_tripdata_2011-01.parquet'
Request method: 'GET'
Request headers:
    'x-ms-range': 'REDACTED'
    'If-Match': '"0x8DC686ED2A077F8"'
    'x-ms-version': 'REDACTED'
    'Accept': 'application/xml'
    'User-Agent': 'azsdk-python-storage-blob/12.19.1 Python/3.12.2 (Linux-6.6.22-linuxkit-x86_64-with-glibc2.36)'
    'x-ms-date': 'REDACTED'
    'x-ms-client-request-id': '63640ada-065c-11ef-8955-0242c0a8d005'
    'Authorization': 'REDACTED'
No body was attached to the request
[2024-04-29T19:12:14.838+0000] {_universal.py:550} INFO - Response status: 206
Response headers:
    'Content-Length': '4194304'
    'Content-Type': 'application/octet-stream'
    'Content-Range': 'REDACTED'
    'Last-Modified': 'Mon, 29 Apr 2024 17:07:16 GMT'
    'Accept-Ranges': 'REDACTED'
    'ETag': '"0x8DC686ED2A077F8"'
    'Server': 'Windows-Azure-Blob/1.0 Microsoft-HTTPAPI/2.0'
    'x-ms-request-id': 'e8a6244b-201e-0013-4169-9aec93000000'
    'x-ms-client-request-id': '63640ada-065c-11ef-8955-0242c0a8d005'
    'x-ms-version': 'REDACTED'
    'x-ms-creation-time': 'REDACTED'
    'x-ms-lease-status': 'REDACTED'
    'x-ms-lease-state': 'REDACTED'
    'x-ms-blob-type': 'REDACTED'
    'x-ms-server-encrypted': 'REDACTED'
    'Date': 'Mon, 29 Apr 2024 19:12:14 GMT'
[2024-04-29T19:12:15.382+0000] {_universal.py:514} INFO - Request URL: 'https://azureyellowcab.blob.core.windows.net/cabfiles/yellow_tripdata_2011-01.parquet'
Request method: 'GET'
Request headers:
    'x-ms-range': 'REDACTED'
    'If-Match': '"0x8DC686ED2A077F8"'
    'x-ms-version': 'REDACTED'
    'Accept': 'application/xml'
    'User-Agent': 'azsdk-python-storage-blob/12.19.1 Python/3.12.2 (Linux-6.6.22-linuxkit-x86_64-with-glibc2.36)'
    'x-ms-date': 'REDACTED'
    'x-ms-client-request-id': '63daed9e-065c-11ef-8955-0242c0a8d005'
    'Authorization': 'REDACTED'
No body was attached to the request
[2024-04-29T19:12:15.555+0000] {_universal.py:550} INFO - Response status: 206
Response headers:
    'Content-Length': '4194304'
    'Content-Type': 'application/octet-stream'
    'Content-Range': 'REDACTED'
    'Last-Modified': 'Mon, 29 Apr 2024 17:07:16 GMT'
    'Accept-Ranges': 'REDACTED'
    'ETag': '"0x8DC686ED2A077F8"'
    'Server': 'Windows-Azure-Blob/1.0 Microsoft-HTTPAPI/2.0'
    'x-ms-request-id': 'e8a6272e-201e-0013-5769-9aec93000000'
    'x-ms-client-request-id': '63daed9e-065c-11ef-8955-0242c0a8d005'
    'x-ms-version': 'REDACTED'
    'x-ms-creation-time': 'REDACTED'
    'x-ms-lease-status': 'REDACTED'
    'x-ms-lease-state': 'REDACTED'
    'x-ms-blob-type': 'REDACTED'
    'x-ms-server-encrypted': 'REDACTED'
    'Date': 'Mon, 29 Apr 2024 19:12:15 GMT'
[2024-04-29T19:12:16.009+0000] {_universal.py:514} INFO - Request URL: 'https://azureyellowcab.blob.core.windows.net/cabfiles/yellow_tripdata_2011-01.parquet'
Request method: 'GET'
Request headers:
    'x-ms-range': 'REDACTED'
    'If-Match': '"0x8DC686ED2A077F8"'
    'x-ms-version': 'REDACTED'
    'Accept': 'application/xml'
    'User-Agent': 'azsdk-python-storage-blob/12.19.1 Python/3.12.2 (Linux-6.6.22-linuxkit-x86_64-with-glibc2.36)'
    'x-ms-date': 'REDACTED'
    'x-ms-client-request-id': '643a9046-065c-11ef-8955-0242c0a8d005'
    'Authorization': 'REDACTED'
No body was attached to the request
[2024-04-29T19:12:16.161+0000] {_universal.py:550} INFO - Response status: 206
Response headers:
    'Content-Length': '3601974'
    'Content-Type': 'application/octet-stream'
    'Content-Range': 'REDACTED'
    'Last-Modified': 'Mon, 29 Apr 2024 17:07:16 GMT'
    'Accept-Ranges': 'REDACTED'
    'ETag': '"0x8DC686ED2A077F8"'
    'Server': 'Windows-Azure-Blob/1.0 Microsoft-HTTPAPI/2.0'
    'x-ms-request-id': 'e8a62a30-201e-0013-1269-9aec93000000'
    'x-ms-client-request-id': '643a9046-065c-11ef-8955-0242c0a8d005'
    'x-ms-version': 'REDACTED'
    'x-ms-creation-time': 'REDACTED'
    'x-ms-lease-status': 'REDACTED'
    'x-ms-lease-state': 'REDACTED'
    'x-ms-blob-type': 'REDACTED'
    'x-ms-server-encrypted': 'REDACTED'
    'Date': 'Mon, 29 Apr 2024 19:12:15 GMT'
[2024-04-29T19:12:16.906+0000] {python.py:237} INFO - Done. Returned value was: load_stage
[2024-04-29T19:12:16.906+0000] {branch.py:36} INFO - Branch into load_stage
[2024-04-29T19:12:16.907+0000] {skipmixin.py:178} INFO - Following branch load_stage
[2024-04-29T19:12:16.931+0000] {skipmixin.py:246} INFO - Skipping tasks [('file_exception', -1)]
[2024-04-29T19:12:16.954+0000] {taskinstance.py:441} INFO - ::group::Post task execution logs
[2024-04-29T19:12:16.969+0000] {taskinstance.py:1205} INFO - Marking task as SUCCESS. dag_id=dag_yellow_cab, task_id=download_file, execution_date=20240429T191146, start_date=20240429T191151, end_date=20240429T191216
[2024-04-29T19:12:16.987+0000] {local_task_job_runner.py:240} INFO - Task exited with return code 0
[2024-04-29T19:12:16.996+0000] {warnings.py:110} WARNING - /home/***/.local/lib/python3.12/site-packages/***/models/baseoperator.py:1296: AirflowProviderDeprecationWarning: Call to deprecated class SnowflakeOperator. (This class is deprecated. Please use `***.providers.common.sql.operators.sql.SQLExecuteQueryOperator`. Also, you can provide `hook_params={'warehouse': <warehouse>, 'database': <database>, 'role': <role>, 'schema': <schema>, 'authenticator': <authenticator>,'session_parameters': <session_parameters>}`.)
  result = cls.__new__(cls)

[2024-04-29T19:12:17.018+0000] {taskinstance.py:3482} INFO - 1 downstream tasks scheduled from follow-on schedule check
[2024-04-29T19:12:17.020+0000] {local_task_job_runner.py:222} INFO - ::endgroup::
