[2024-05-01T00:49:20.401+0000] {local_task_job_runner.py:120} INFO - ::group::Pre task execution logs
[2024-05-01T00:49:20.434+0000] {taskinstance.py:2073} INFO - Dependencies all met for dep_context=non-requeueable deps ti=<TaskInstance: dag_yellow_cab.request_file manual__2024-05-01T00:49:05.325144+00:00 [queued]>
[2024-05-01T00:49:20.444+0000] {taskinstance.py:2073} INFO - Dependencies all met for dep_context=requeueable deps ti=<TaskInstance: dag_yellow_cab.request_file manual__2024-05-01T00:49:05.325144+00:00 [queued]>
[2024-05-01T00:49:20.445+0000] {taskinstance.py:2303} INFO - Starting attempt 1 of 1
[2024-05-01T00:49:20.459+0000] {taskinstance.py:2327} INFO - Executing <Task(PythonOperator): request_file> on 2024-05-01 00:49:05.325144+00:00
[2024-05-01T00:49:20.473+0000] {warnings.py:110} WARNING - /home/***/.local/lib/python3.12/site-packages/***/task/task_runner/standard_task_runner.py:61: DeprecationWarning: This process (pid=855) is multi-threaded, use of fork() may lead to deadlocks in the child.
  pid = os.fork()

[2024-05-01T00:49:20.475+0000] {standard_task_runner.py:63} INFO - Started process 857 to run task
[2024-05-01T00:49:20.474+0000] {standard_task_runner.py:90} INFO - Running: ['***', 'tasks', 'run', 'dag_yellow_cab', 'request_file', 'manual__2024-05-01T00:49:05.325144+00:00', '--job-id', '16', '--raw', '--subdir', 'DAGS_FOLDER/dag.py', '--cfg-path', '/tmp/tmpjkixiqdh']
[2024-05-01T00:49:20.477+0000] {standard_task_runner.py:91} INFO - Job 16: Subtask request_file
[2024-05-01T00:49:20.525+0000] {task_command.py:426} INFO - Running <TaskInstance: dag_yellow_cab.request_file manual__2024-05-01T00:49:05.325144+00:00 [running]> on host ee85e0733ed4
[2024-05-01T00:49:20.632+0000] {taskinstance.py:2644} INFO - Exporting env vars: AIRFLOW_CTX_DAG_OWNER='***' AIRFLOW_CTX_DAG_ID='dag_yellow_cab' AIRFLOW_CTX_TASK_ID='request_file' AIRFLOW_CTX_EXECUTION_DATE='2024-05-01T00:49:05.325144+00:00' AIRFLOW_CTX_TRY_NUMBER='1' AIRFLOW_CTX_DAG_RUN_ID='manual__2024-05-01T00:49:05.325144+00:00'
[2024-05-01T00:49:20.634+0000] {taskinstance.py:430} INFO - ::endgroup::
[2024-05-01T00:49:20.674+0000] {_universal.py:514} INFO - Request URL: 'https://azureyellowcab.blob.core.windows.net/cabfiles?restype=REDACTED&comp=REDACTED'
Request method: 'GET'
Request headers:
    'x-ms-version': 'REDACTED'
    'Accept': 'application/xml'
    'User-Agent': 'azsdk-python-storage-blob/12.19.1 Python/3.12.2 (Linux-6.6.22-linuxkit-x86_64-with-glibc2.36)'
    'x-ms-date': 'REDACTED'
    'x-ms-client-request-id': 'a57b25f4-0754-11ef-b388-0242ac160006'
    'Authorization': 'REDACTED'
No body was attached to the request
[2024-05-01T00:49:21.118+0000] {_universal.py:550} INFO - Response status: 200
Response headers:
    'Transfer-Encoding': 'chunked'
    'Content-Type': 'application/xml'
    'Server': 'Windows-Azure-Blob/1.0 Microsoft-HTTPAPI/2.0'
    'x-ms-request-id': '3ddcd1c6-201e-003c-5f61-9be158000000'
    'x-ms-client-request-id': 'a57b25f4-0754-11ef-b388-0242ac160006'
    'x-ms-version': 'REDACTED'
    'Date': 'Wed, 01 May 2024 00:49:24 GMT'
[2024-05-01T00:49:21.135+0000] {_universal.py:514} INFO - Request URL: 'https://azureyellowcab.blob.core.windows.net/cabfiles/yellow_tripdata_2011-03.parquet'
Request method: 'GET'
Request headers:
    'x-ms-range': 'REDACTED'
    'x-ms-version': 'REDACTED'
    'Accept': 'application/xml'
    'User-Agent': 'azsdk-python-storage-blob/12.19.1 Python/3.12.2 (Linux-6.6.22-linuxkit-x86_64-with-glibc2.36)'
    'x-ms-date': 'REDACTED'
    'x-ms-client-request-id': 'a5c190e8-0754-11ef-b388-0242ac160006'
    'Authorization': 'REDACTED'
No body was attached to the request
[2024-05-01T00:49:21.259+0000] {_universal.py:550} INFO - Response status: 206
Response headers:
    'Content-Length': '33554432'
    'Content-Type': 'application/octet-stream'
    'Content-Range': 'REDACTED'
    'Last-Modified': 'Wed, 01 May 2024 00:47:53 GMT'
    'Accept-Ranges': 'REDACTED'
    'ETag': '"0x8DC697855E94C9E"'
    'Server': 'Windows-Azure-Blob/1.0 Microsoft-HTTPAPI/2.0'
    'x-ms-request-id': '3ddcd216-201e-003c-2961-9be158000000'
    'x-ms-client-request-id': 'a5c190e8-0754-11ef-b388-0242ac160006'
    'x-ms-version': 'REDACTED'
    'x-ms-creation-time': 'REDACTED'
    'x-ms-lease-status': 'REDACTED'
    'x-ms-lease-state': 'REDACTED'
    'x-ms-blob-type': 'REDACTED'
    'x-ms-server-encrypted': 'REDACTED'
    'Date': 'Wed, 01 May 2024 00:49:24 GMT'
[2024-05-01T00:49:25.495+0000] {_universal.py:514} INFO - Request URL: 'https://azureyellowcab.blob.core.windows.net/cabfiles/yellow_tripdata_2011-03.parquet'
Request method: 'GET'
Request headers:
    'x-ms-range': 'REDACTED'
    'If-Match': '"0x8DC697855E94C9E"'
    'x-ms-version': 'REDACTED'
    'Accept': 'application/xml'
    'User-Agent': 'azsdk-python-storage-blob/12.19.1 Python/3.12.2 (Linux-6.6.22-linuxkit-x86_64-with-glibc2.36)'
    'x-ms-date': 'REDACTED'
    'x-ms-client-request-id': 'a85acd56-0754-11ef-b388-0242ac160006'
    'Authorization': 'REDACTED'
No body was attached to the request
[2024-05-01T00:49:25.595+0000] {_universal.py:550} INFO - Response status: 206
Response headers:
    'Content-Length': '4194304'
    'Content-Type': 'application/octet-stream'
    'Content-Range': 'REDACTED'
    'Last-Modified': 'Wed, 01 May 2024 00:47:53 GMT'
    'Accept-Ranges': 'REDACTED'
    'ETag': '"0x8DC697855E94C9E"'
    'Server': 'Windows-Azure-Blob/1.0 Microsoft-HTTPAPI/2.0'
    'x-ms-request-id': '3ddce313-201e-003c-4261-9be158000000'
    'x-ms-client-request-id': 'a85acd56-0754-11ef-b388-0242ac160006'
    'x-ms-version': 'REDACTED'
    'x-ms-creation-time': 'REDACTED'
    'x-ms-lease-status': 'REDACTED'
    'x-ms-lease-state': 'REDACTED'
    'x-ms-blob-type': 'REDACTED'
    'x-ms-server-encrypted': 'REDACTED'
    'Date': 'Wed, 01 May 2024 00:49:28 GMT'
[2024-05-01T00:49:26.065+0000] {_universal.py:514} INFO - Request URL: 'https://azureyellowcab.blob.core.windows.net/cabfiles/yellow_tripdata_2011-03.parquet'
Request method: 'GET'
Request headers:
    'x-ms-range': 'REDACTED'
    'If-Match': '"0x8DC697855E94C9E"'
    'x-ms-version': 'REDACTED'
    'Accept': 'application/xml'
    'User-Agent': 'azsdk-python-storage-blob/12.19.1 Python/3.12.2 (Linux-6.6.22-linuxkit-x86_64-with-glibc2.36)'
    'x-ms-date': 'REDACTED'
    'x-ms-client-request-id': 'a8b1c5ac-0754-11ef-b388-0242ac160006'
    'Authorization': 'REDACTED'
No body was attached to the request
[2024-05-01T00:49:26.237+0000] {_universal.py:550} INFO - Response status: 206
Response headers:
    'Content-Length': '4194304'
    'Content-Type': 'application/octet-stream'
    'Content-Range': 'REDACTED'
    'Last-Modified': 'Wed, 01 May 2024 00:47:53 GMT'
    'Accept-Ranges': 'REDACTED'
    'ETag': '"0x8DC697855E94C9E"'
    'Server': 'Windows-Azure-Blob/1.0 Microsoft-HTTPAPI/2.0'
    'x-ms-request-id': '3ddce521-201e-003c-1661-9be158000000'
    'x-ms-client-request-id': 'a8b1c5ac-0754-11ef-b388-0242ac160006'
    'x-ms-version': 'REDACTED'
    'x-ms-creation-time': 'REDACTED'
    'x-ms-lease-status': 'REDACTED'
    'x-ms-lease-state': 'REDACTED'
    'x-ms-blob-type': 'REDACTED'
    'x-ms-server-encrypted': 'REDACTED'
    'Date': 'Wed, 01 May 2024 00:49:29 GMT'
[2024-05-01T00:49:26.640+0000] {_universal.py:514} INFO - Request URL: 'https://azureyellowcab.blob.core.windows.net/cabfiles/yellow_tripdata_2011-03.parquet'
Request method: 'GET'
Request headers:
    'x-ms-range': 'REDACTED'
    'If-Match': '"0x8DC697855E94C9E"'
    'x-ms-version': 'REDACTED'
    'Accept': 'application/xml'
    'User-Agent': 'azsdk-python-storage-blob/12.19.1 Python/3.12.2 (Linux-6.6.22-linuxkit-x86_64-with-glibc2.36)'
    'x-ms-date': 'REDACTED'
    'x-ms-client-request-id': 'a90989f4-0754-11ef-b388-0242ac160006'
    'Authorization': 'REDACTED'
No body was attached to the request
[2024-05-01T00:49:26.747+0000] {_universal.py:550} INFO - Response status: 206
Response headers:
    'Content-Length': '4194304'
    'Content-Type': 'application/octet-stream'
    'Content-Range': 'REDACTED'
    'Last-Modified': 'Wed, 01 May 2024 00:47:53 GMT'
    'Accept-Ranges': 'REDACTED'
    'ETag': '"0x8DC697855E94C9E"'
    'Server': 'Windows-Azure-Blob/1.0 Microsoft-HTTPAPI/2.0'
    'x-ms-request-id': '3ddce786-201e-003c-4b61-9be158000000'
    'x-ms-client-request-id': 'a90989f4-0754-11ef-b388-0242ac160006'
    'x-ms-version': 'REDACTED'
    'x-ms-creation-time': 'REDACTED'
    'x-ms-lease-status': 'REDACTED'
    'x-ms-lease-state': 'REDACTED'
    'x-ms-blob-type': 'REDACTED'
    'x-ms-server-encrypted': 'REDACTED'
    'Date': 'Wed, 01 May 2024 00:49:29 GMT'
[2024-05-01T00:49:27.138+0000] {_universal.py:514} INFO - Request URL: 'https://azureyellowcab.blob.core.windows.net/cabfiles/yellow_tripdata_2011-03.parquet'
Request method: 'GET'
Request headers:
    'x-ms-range': 'REDACTED'
    'If-Match': '"0x8DC697855E94C9E"'
    'x-ms-version': 'REDACTED'
    'Accept': 'application/xml'
    'User-Agent': 'azsdk-python-storage-blob/12.19.1 Python/3.12.2 (Linux-6.6.22-linuxkit-x86_64-with-glibc2.36)'
    'x-ms-date': 'REDACTED'
    'x-ms-client-request-id': 'a955945c-0754-11ef-b388-0242ac160006'
    'Authorization': 'REDACTED'
No body was attached to the request
[2024-05-01T00:49:27.242+0000] {_universal.py:550} INFO - Response status: 206
Response headers:
    'Content-Length': '4194304'
    'Content-Type': 'application/octet-stream'
    'Content-Range': 'REDACTED'
    'Last-Modified': 'Wed, 01 May 2024 00:47:53 GMT'
    'Accept-Ranges': 'REDACTED'
    'ETag': '"0x8DC697855E94C9E"'
    'Server': 'Windows-Azure-Blob/1.0 Microsoft-HTTPAPI/2.0'
    'x-ms-request-id': '3ddce988-201e-003c-2f61-9be158000000'
    'x-ms-client-request-id': 'a955945c-0754-11ef-b388-0242ac160006'
    'x-ms-version': 'REDACTED'
    'x-ms-creation-time': 'REDACTED'
    'x-ms-lease-status': 'REDACTED'
    'x-ms-lease-state': 'REDACTED'
    'x-ms-blob-type': 'REDACTED'
    'x-ms-server-encrypted': 'REDACTED'
    'Date': 'Wed, 01 May 2024 00:49:30 GMT'
[2024-05-01T00:49:27.668+0000] {_universal.py:514} INFO - Request URL: 'https://azureyellowcab.blob.core.windows.net/cabfiles/yellow_tripdata_2011-03.parquet'
Request method: 'GET'
Request headers:
    'x-ms-range': 'REDACTED'
    'If-Match': '"0x8DC697855E94C9E"'
    'x-ms-version': 'REDACTED'
    'Accept': 'application/xml'
    'User-Agent': 'azsdk-python-storage-blob/12.19.1 Python/3.12.2 (Linux-6.6.22-linuxkit-x86_64-with-glibc2.36)'
    'x-ms-date': 'REDACTED'
    'x-ms-client-request-id': 'a9a65e64-0754-11ef-b388-0242ac160006'
    'Authorization': 'REDACTED'
No body was attached to the request
[2024-05-01T00:49:27.768+0000] {_universal.py:550} INFO - Response status: 206
Response headers:
    'Content-Length': '4194304'
    'Content-Type': 'application/octet-stream'
    'Content-Range': 'REDACTED'
    'Last-Modified': 'Wed, 01 May 2024 00:47:53 GMT'
    'Accept-Ranges': 'REDACTED'
    'ETag': '"0x8DC697855E94C9E"'
    'Server': 'Windows-Azure-Blob/1.0 Microsoft-HTTPAPI/2.0'
    'x-ms-request-id': '3ddcec31-201e-003c-2061-9be158000000'
    'x-ms-client-request-id': 'a9a65e64-0754-11ef-b388-0242ac160006'
    'x-ms-version': 'REDACTED'
    'x-ms-creation-time': 'REDACTED'
    'x-ms-lease-status': 'REDACTED'
    'x-ms-lease-state': 'REDACTED'
    'x-ms-blob-type': 'REDACTED'
    'x-ms-server-encrypted': 'REDACTED'
    'Date': 'Wed, 01 May 2024 00:49:30 GMT'
[2024-05-01T00:49:28.222+0000] {_universal.py:514} INFO - Request URL: 'https://azureyellowcab.blob.core.windows.net/cabfiles/yellow_tripdata_2011-03.parquet'
Request method: 'GET'
Request headers:
    'x-ms-range': 'REDACTED'
    'If-Match': '"0x8DC697855E94C9E"'
    'x-ms-version': 'REDACTED'
    'Accept': 'application/xml'
    'User-Agent': 'azsdk-python-storage-blob/12.19.1 Python/3.12.2 (Linux-6.6.22-linuxkit-x86_64-with-glibc2.36)'
    'x-ms-date': 'REDACTED'
    'x-ms-client-request-id': 'a9fae68c-0754-11ef-b388-0242ac160006'
    'Authorization': 'REDACTED'
No body was attached to the request
[2024-05-01T00:49:28.345+0000] {_universal.py:550} INFO - Response status: 206
Response headers:
    'Content-Length': '4194304'
    'Content-Type': 'application/octet-stream'
    'Content-Range': 'REDACTED'
    'Last-Modified': 'Wed, 01 May 2024 00:47:53 GMT'
    'Accept-Ranges': 'REDACTED'
    'ETag': '"0x8DC697855E94C9E"'
    'Server': 'Windows-Azure-Blob/1.0 Microsoft-HTTPAPI/2.0'
    'x-ms-request-id': '3ddceed1-201e-003c-7c61-9be158000000'
    'x-ms-client-request-id': 'a9fae68c-0754-11ef-b388-0242ac160006'
    'x-ms-version': 'REDACTED'
    'x-ms-creation-time': 'REDACTED'
    'x-ms-lease-status': 'REDACTED'
    'x-ms-lease-state': 'REDACTED'
    'x-ms-blob-type': 'REDACTED'
    'x-ms-server-encrypted': 'REDACTED'
    'Date': 'Wed, 01 May 2024 00:49:31 GMT'
[2024-05-01T00:49:28.745+0000] {_universal.py:514} INFO - Request URL: 'https://azureyellowcab.blob.core.windows.net/cabfiles/yellow_tripdata_2011-03.parquet'
Request method: 'GET'
Request headers:
    'x-ms-range': 'REDACTED'
    'If-Match': '"0x8DC697855E94C9E"'
    'x-ms-version': 'REDACTED'
    'Accept': 'application/xml'
    'User-Agent': 'azsdk-python-storage-blob/12.19.1 Python/3.12.2 (Linux-6.6.22-linuxkit-x86_64-with-glibc2.36)'
    'x-ms-date': 'REDACTED'
    'x-ms-client-request-id': 'aa4aac6c-0754-11ef-b388-0242ac160006'
    'Authorization': 'REDACTED'
No body was attached to the request
[2024-05-01T00:49:28.853+0000] {_universal.py:550} INFO - Response status: 206
Response headers:
    'Content-Length': '4194304'
    'Content-Type': 'application/octet-stream'
    'Content-Range': 'REDACTED'
    'Last-Modified': 'Wed, 01 May 2024 00:47:53 GMT'
    'Accept-Ranges': 'REDACTED'
    'ETag': '"0x8DC697855E94C9E"'
    'Server': 'Windows-Azure-Blob/1.0 Microsoft-HTTPAPI/2.0'
    'x-ms-request-id': '3ddcf0da-201e-003c-5061-9be158000000'
    'x-ms-client-request-id': 'aa4aac6c-0754-11ef-b388-0242ac160006'
    'x-ms-version': 'REDACTED'
    'x-ms-creation-time': 'REDACTED'
    'x-ms-lease-status': 'REDACTED'
    'x-ms-lease-state': 'REDACTED'
    'x-ms-blob-type': 'REDACTED'
    'x-ms-server-encrypted': 'REDACTED'
    'Date': 'Wed, 01 May 2024 00:49:31 GMT'
[2024-05-01T00:49:29.243+0000] {_universal.py:514} INFO - Request URL: 'https://azureyellowcab.blob.core.windows.net/cabfiles/yellow_tripdata_2011-03.parquet'
Request method: 'GET'
Request headers:
    'x-ms-range': 'REDACTED'
    'If-Match': '"0x8DC697855E94C9E"'
    'x-ms-version': 'REDACTED'
    'Accept': 'application/xml'
    'User-Agent': 'azsdk-python-storage-blob/12.19.1 Python/3.12.2 (Linux-6.6.22-linuxkit-x86_64-with-glibc2.36)'
    'x-ms-date': 'REDACTED'
    'x-ms-client-request-id': 'aa96d146-0754-11ef-b388-0242ac160006'
    'Authorization': 'REDACTED'
No body was attached to the request
[2024-05-01T00:49:29.349+0000] {_universal.py:550} INFO - Response status: 206
Response headers:
    'Content-Length': '4194304'
    'Content-Type': 'application/octet-stream'
    'Content-Range': 'REDACTED'
    'Last-Modified': 'Wed, 01 May 2024 00:47:53 GMT'
    'Accept-Ranges': 'REDACTED'
    'ETag': '"0x8DC697855E94C9E"'
    'Server': 'Windows-Azure-Blob/1.0 Microsoft-HTTPAPI/2.0'
    'x-ms-request-id': '3ddcf2dd-201e-003c-2961-9be158000000'
    'x-ms-client-request-id': 'aa96d146-0754-11ef-b388-0242ac160006'
    'x-ms-version': 'REDACTED'
    'x-ms-creation-time': 'REDACTED'
    'x-ms-lease-status': 'REDACTED'
    'x-ms-lease-state': 'REDACTED'
    'x-ms-blob-type': 'REDACTED'
    'x-ms-server-encrypted': 'REDACTED'
    'Date': 'Wed, 01 May 2024 00:49:32 GMT'
[2024-05-01T00:49:29.824+0000] {_universal.py:514} INFO - Request URL: 'https://azureyellowcab.blob.core.windows.net/cabfiles/yellow_tripdata_2011-03.parquet'
Request method: 'GET'
Request headers:
    'x-ms-range': 'REDACTED'
    'If-Match': '"0x8DC697855E94C9E"'
    'x-ms-version': 'REDACTED'
    'Accept': 'application/xml'
    'User-Agent': 'azsdk-python-storage-blob/12.19.1 Python/3.12.2 (Linux-6.6.22-linuxkit-x86_64-with-glibc2.36)'
    'x-ms-date': 'REDACTED'
    'x-ms-client-request-id': 'aaef6f0e-0754-11ef-b388-0242ac160006'
    'Authorization': 'REDACTED'
No body was attached to the request
[2024-05-01T00:49:29.936+0000] {_universal.py:550} INFO - Response status: 206
Response headers:
    'Content-Length': '4194304'
    'Content-Type': 'application/octet-stream'
    'Content-Range': 'REDACTED'
    'Last-Modified': 'Wed, 01 May 2024 00:47:53 GMT'
    'Accept-Ranges': 'REDACTED'
    'ETag': '"0x8DC697855E94C9E"'
    'Server': 'Windows-Azure-Blob/1.0 Microsoft-HTTPAPI/2.0'
    'x-ms-request-id': '3ddcf537-201e-003c-5e61-9be158000000'
    'x-ms-client-request-id': 'aaef6f0e-0754-11ef-b388-0242ac160006'
    'x-ms-version': 'REDACTED'
    'x-ms-creation-time': 'REDACTED'
    'x-ms-lease-status': 'REDACTED'
    'x-ms-lease-state': 'REDACTED'
    'x-ms-blob-type': 'REDACTED'
    'x-ms-server-encrypted': 'REDACTED'
    'Date': 'Wed, 01 May 2024 00:49:33 GMT'
[2024-05-01T00:49:30.468+0000] {_universal.py:514} INFO - Request URL: 'https://azureyellowcab.blob.core.windows.net/cabfiles/yellow_tripdata_2011-03.parquet'
Request method: 'GET'
Request headers:
    'x-ms-range': 'REDACTED'
    'If-Match': '"0x8DC697855E94C9E"'
    'x-ms-version': 'REDACTED'
    'Accept': 'application/xml'
    'User-Agent': 'azsdk-python-storage-blob/12.19.1 Python/3.12.2 (Linux-6.6.22-linuxkit-x86_64-with-glibc2.36)'
    'x-ms-date': 'REDACTED'
    'x-ms-client-request-id': 'ab51b114-0754-11ef-b388-0242ac160006'
    'Authorization': 'REDACTED'
No body was attached to the request
[2024-05-01T00:49:30.574+0000] {_universal.py:550} INFO - Response status: 206
Response headers:
    'Content-Length': '4194304'
    'Content-Type': 'application/octet-stream'
    'Content-Range': 'REDACTED'
    'Last-Modified': 'Wed, 01 May 2024 00:47:53 GMT'
    'Accept-Ranges': 'REDACTED'
    'ETag': '"0x8DC697855E94C9E"'
    'Server': 'Windows-Azure-Blob/1.0 Microsoft-HTTPAPI/2.0'
    'x-ms-request-id': '3ddcf768-201e-003c-6261-9be158000000'
    'x-ms-client-request-id': 'ab51b114-0754-11ef-b388-0242ac160006'
    'x-ms-version': 'REDACTED'
    'x-ms-creation-time': 'REDACTED'
    'x-ms-lease-status': 'REDACTED'
    'x-ms-lease-state': 'REDACTED'
    'x-ms-blob-type': 'REDACTED'
    'x-ms-server-encrypted': 'REDACTED'
    'Date': 'Wed, 01 May 2024 00:49:33 GMT'
[2024-05-01T00:49:31.104+0000] {_universal.py:514} INFO - Request URL: 'https://azureyellowcab.blob.core.windows.net/cabfiles/yellow_tripdata_2011-03.parquet'
Request method: 'GET'
Request headers:
    'x-ms-range': 'REDACTED'
    'If-Match': '"0x8DC697855E94C9E"'
    'x-ms-version': 'REDACTED'
    'Accept': 'application/xml'
    'User-Agent': 'azsdk-python-storage-blob/12.19.1 Python/3.12.2 (Linux-6.6.22-linuxkit-x86_64-with-glibc2.36)'
    'x-ms-date': 'REDACTED'
    'x-ms-client-request-id': 'abb2c724-0754-11ef-b388-0242ac160006'
    'Authorization': 'REDACTED'
No body was attached to the request
[2024-05-01T00:49:31.215+0000] {_universal.py:550} INFO - Response status: 206
Response headers:
    'Content-Length': '4194304'
    'Content-Type': 'application/octet-stream'
    'Content-Range': 'REDACTED'
    'Last-Modified': 'Wed, 01 May 2024 00:47:53 GMT'
    'Accept-Ranges': 'REDACTED'
    'ETag': '"0x8DC697855E94C9E"'
    'Server': 'Windows-Azure-Blob/1.0 Microsoft-HTTPAPI/2.0'
    'x-ms-request-id': '3ddcf9d3-201e-003c-1861-9be158000000'
    'x-ms-client-request-id': 'abb2c724-0754-11ef-b388-0242ac160006'
    'x-ms-version': 'REDACTED'
    'x-ms-creation-time': 'REDACTED'
    'x-ms-lease-status': 'REDACTED'
    'x-ms-lease-state': 'REDACTED'
    'x-ms-blob-type': 'REDACTED'
    'x-ms-server-encrypted': 'REDACTED'
    'Date': 'Wed, 01 May 2024 00:49:34 GMT'
[2024-05-01T00:49:31.711+0000] {_universal.py:514} INFO - Request URL: 'https://azureyellowcab.blob.core.windows.net/cabfiles/yellow_tripdata_2011-03.parquet'
Request method: 'GET'
Request headers:
    'x-ms-range': 'REDACTED'
    'If-Match': '"0x8DC697855E94C9E"'
    'x-ms-version': 'REDACTED'
    'Accept': 'application/xml'
    'User-Agent': 'azsdk-python-storage-blob/12.19.1 Python/3.12.2 (Linux-6.6.22-linuxkit-x86_64-with-glibc2.36)'
    'x-ms-date': 'REDACTED'
    'x-ms-client-request-id': 'ac0f354a-0754-11ef-b388-0242ac160006'
    'Authorization': 'REDACTED'
No body was attached to the request
[2024-05-01T00:49:31.825+0000] {_universal.py:550} INFO - Response status: 206
Response headers:
    'Content-Length': '4194304'
    'Content-Type': 'application/octet-stream'
    'Content-Range': 'REDACTED'
    'Last-Modified': 'Wed, 01 May 2024 00:47:53 GMT'
    'Accept-Ranges': 'REDACTED'
    'ETag': '"0x8DC697855E94C9E"'
    'Server': 'Windows-Azure-Blob/1.0 Microsoft-HTTPAPI/2.0'
    'x-ms-request-id': '3ddcfc28-201e-003c-3261-9be158000000'
    'x-ms-client-request-id': 'ac0f354a-0754-11ef-b388-0242ac160006'
    'x-ms-version': 'REDACTED'
    'x-ms-creation-time': 'REDACTED'
    'x-ms-lease-status': 'REDACTED'
    'x-ms-lease-state': 'REDACTED'
    'x-ms-blob-type': 'REDACTED'
    'x-ms-server-encrypted': 'REDACTED'
    'Date': 'Wed, 01 May 2024 00:49:34 GMT'
[2024-05-01T00:49:32.344+0000] {_universal.py:514} INFO - Request URL: 'https://azureyellowcab.blob.core.windows.net/cabfiles/yellow_tripdata_2011-03.parquet'
Request method: 'GET'
Request headers:
    'x-ms-range': 'REDACTED'
    'If-Match': '"0x8DC697855E94C9E"'
    'x-ms-version': 'REDACTED'
    'Accept': 'application/xml'
    'User-Agent': 'azsdk-python-storage-blob/12.19.1 Python/3.12.2 (Linux-6.6.22-linuxkit-x86_64-with-glibc2.36)'
    'x-ms-date': 'REDACTED'
    'x-ms-client-request-id': 'ac6fcb76-0754-11ef-b388-0242ac160006'
    'Authorization': 'REDACTED'
No body was attached to the request
[2024-05-01T00:49:32.580+0000] {_universal.py:550} INFO - Response status: 206
Response headers:
    'Content-Length': '4194304'
    'Content-Type': 'application/octet-stream'
    'Content-Range': 'REDACTED'
    'Last-Modified': 'Wed, 01 May 2024 00:47:53 GMT'
    'Accept-Ranges': 'REDACTED'
    'ETag': '"0x8DC697855E94C9E"'
    'Server': 'Windows-Azure-Blob/1.0 Microsoft-HTTPAPI/2.0'
    'x-ms-request-id': '3ddcfe26-201e-003c-7961-9be158000000'
    'x-ms-client-request-id': 'ac6fcb76-0754-11ef-b388-0242ac160006'
    'x-ms-version': 'REDACTED'
    'x-ms-creation-time': 'REDACTED'
    'x-ms-lease-status': 'REDACTED'
    'x-ms-lease-state': 'REDACTED'
    'x-ms-blob-type': 'REDACTED'
    'x-ms-server-encrypted': 'REDACTED'
    'Date': 'Wed, 01 May 2024 00:49:35 GMT'
[2024-05-01T00:49:33.266+0000] {_universal.py:514} INFO - Request URL: 'https://azureyellowcab.blob.core.windows.net/cabfiles/yellow_tripdata_2011-03.parquet'
Request method: 'GET'
Request headers:
    'x-ms-range': 'REDACTED'
    'If-Match': '"0x8DC697855E94C9E"'
    'x-ms-version': 'REDACTED'
    'Accept': 'application/xml'
    'User-Agent': 'azsdk-python-storage-blob/12.19.1 Python/3.12.2 (Linux-6.6.22-linuxkit-x86_64-with-glibc2.36)'
    'x-ms-date': 'REDACTED'
    'x-ms-client-request-id': 'acfc9ba0-0754-11ef-b388-0242ac160006'
    'Authorization': 'REDACTED'
No body was attached to the request
[2024-05-01T00:49:33.415+0000] {_universal.py:550} INFO - Response status: 206
Response headers:
    'Content-Length': '4194304'
    'Content-Type': 'application/octet-stream'
    'Content-Range': 'REDACTED'
    'Last-Modified': 'Wed, 01 May 2024 00:47:53 GMT'
    'Accept-Ranges': 'REDACTED'
    'ETag': '"0x8DC697855E94C9E"'
    'Server': 'Windows-Azure-Blob/1.0 Microsoft-HTTPAPI/2.0'
    'x-ms-request-id': '3ddd01ee-201e-003c-6061-9be158000000'
    'x-ms-client-request-id': 'acfc9ba0-0754-11ef-b388-0242ac160006'
    'x-ms-version': 'REDACTED'
    'x-ms-creation-time': 'REDACTED'
    'x-ms-lease-status': 'REDACTED'
    'x-ms-lease-state': 'REDACTED'
    'x-ms-blob-type': 'REDACTED'
    'x-ms-server-encrypted': 'REDACTED'
    'Date': 'Wed, 01 May 2024 00:49:36 GMT'
[2024-05-01T00:49:33.851+0000] {_universal.py:514} INFO - Request URL: 'https://azureyellowcab.blob.core.windows.net/cabfiles/yellow_tripdata_2011-03.parquet'
Request method: 'GET'
Request headers:
    'x-ms-range': 'REDACTED'
    'If-Match': '"0x8DC697855E94C9E"'
    'x-ms-version': 'REDACTED'
    'Accept': 'application/xml'
    'User-Agent': 'azsdk-python-storage-blob/12.19.1 Python/3.12.2 (Linux-6.6.22-linuxkit-x86_64-with-glibc2.36)'
    'x-ms-date': 'REDACTED'
    'x-ms-client-request-id': 'ad55e1e2-0754-11ef-b388-0242ac160006'
    'Authorization': 'REDACTED'
No body was attached to the request
[2024-05-01T00:49:33.941+0000] {_universal.py:550} INFO - Response status: 206
Response headers:
    'Content-Length': '4194304'
    'Content-Type': 'application/octet-stream'
    'Content-Range': 'REDACTED'
    'Last-Modified': 'Wed, 01 May 2024 00:47:53 GMT'
    'Accept-Ranges': 'REDACTED'
    'ETag': '"0x8DC697855E94C9E"'
    'Server': 'Windows-Azure-Blob/1.0 Microsoft-HTTPAPI/2.0'
    'x-ms-request-id': '3ddd0502-201e-003c-3861-9be158000000'
    'x-ms-client-request-id': 'ad55e1e2-0754-11ef-b388-0242ac160006'
    'x-ms-version': 'REDACTED'
    'x-ms-creation-time': 'REDACTED'
    'x-ms-lease-status': 'REDACTED'
    'x-ms-lease-state': 'REDACTED'
    'x-ms-blob-type': 'REDACTED'
    'x-ms-server-encrypted': 'REDACTED'
    'Date': 'Wed, 01 May 2024 00:49:37 GMT'
[2024-05-01T00:49:34.443+0000] {_universal.py:514} INFO - Request URL: 'https://azureyellowcab.blob.core.windows.net/cabfiles/yellow_tripdata_2011-03.parquet'
Request method: 'GET'
Request headers:
    'x-ms-range': 'REDACTED'
    'If-Match': '"0x8DC697855E94C9E"'
    'x-ms-version': 'REDACTED'
    'Accept': 'application/xml'
    'User-Agent': 'azsdk-python-storage-blob/12.19.1 Python/3.12.2 (Linux-6.6.22-linuxkit-x86_64-with-glibc2.36)'
    'x-ms-date': 'REDACTED'
    'x-ms-client-request-id': 'adb0357a-0754-11ef-b388-0242ac160006'
    'Authorization': 'REDACTED'
No body was attached to the request
[2024-05-01T00:49:34.521+0000] {_universal.py:550} INFO - Response status: 206
Response headers:
    'Content-Length': '4194304'
    'Content-Type': 'application/octet-stream'
    'Content-Range': 'REDACTED'
    'Last-Modified': 'Wed, 01 May 2024 00:47:53 GMT'
    'Accept-Ranges': 'REDACTED'
    'ETag': '"0x8DC697855E94C9E"'
    'Server': 'Windows-Azure-Blob/1.0 Microsoft-HTTPAPI/2.0'
    'x-ms-request-id': '3ddd0790-201e-003c-1561-9be158000000'
    'x-ms-client-request-id': 'adb0357a-0754-11ef-b388-0242ac160006'
    'x-ms-version': 'REDACTED'
    'x-ms-creation-time': 'REDACTED'
    'x-ms-lease-status': 'REDACTED'
    'x-ms-lease-state': 'REDACTED'
    'x-ms-blob-type': 'REDACTED'
    'x-ms-server-encrypted': 'REDACTED'
    'Date': 'Wed, 01 May 2024 00:49:37 GMT'
[2024-05-01T00:49:35.022+0000] {_universal.py:514} INFO - Request URL: 'https://azureyellowcab.blob.core.windows.net/cabfiles/yellow_tripdata_2011-03.parquet'
Request method: 'GET'
Request headers:
    'x-ms-range': 'REDACTED'
    'If-Match': '"0x8DC697855E94C9E"'
    'x-ms-version': 'REDACTED'
    'Accept': 'application/xml'
    'User-Agent': 'azsdk-python-storage-blob/12.19.1 Python/3.12.2 (Linux-6.6.22-linuxkit-x86_64-with-glibc2.36)'
    'x-ms-date': 'REDACTED'
    'x-ms-client-request-id': 'ae088efa-0754-11ef-b388-0242ac160006'
    'Authorization': 'REDACTED'
No body was attached to the request
[2024-05-01T00:49:35.165+0000] {_universal.py:550} INFO - Response status: 206
Response headers:
    'Content-Length': '4194304'
    'Content-Type': 'application/octet-stream'
    'Content-Range': 'REDACTED'
    'Last-Modified': 'Wed, 01 May 2024 00:47:53 GMT'
    'Accept-Ranges': 'REDACTED'
    'ETag': '"0x8DC697855E94C9E"'
    'Server': 'Windows-Azure-Blob/1.0 Microsoft-HTTPAPI/2.0'
    'x-ms-request-id': '3ddd0aa8-201e-003c-5b61-9be158000000'
    'x-ms-client-request-id': 'ae088efa-0754-11ef-b388-0242ac160006'
    'x-ms-version': 'REDACTED'
    'x-ms-creation-time': 'REDACTED'
    'x-ms-lease-status': 'REDACTED'
    'x-ms-lease-state': 'REDACTED'
    'x-ms-blob-type': 'REDACTED'
    'x-ms-server-encrypted': 'REDACTED'
    'Date': 'Wed, 01 May 2024 00:49:38 GMT'
[2024-05-01T00:49:35.624+0000] {_universal.py:514} INFO - Request URL: 'https://azureyellowcab.blob.core.windows.net/cabfiles/yellow_tripdata_2011-03.parquet'
Request method: 'GET'
Request headers:
    'x-ms-range': 'REDACTED'
    'If-Match': '"0x8DC697855E94C9E"'
    'x-ms-version': 'REDACTED'
    'Accept': 'application/xml'
    'User-Agent': 'azsdk-python-storage-blob/12.19.1 Python/3.12.2 (Linux-6.6.22-linuxkit-x86_64-with-glibc2.36)'
    'x-ms-date': 'REDACTED'
    'x-ms-client-request-id': 'ae646b62-0754-11ef-b388-0242ac160006'
    'Authorization': 'REDACTED'
No body was attached to the request
[2024-05-01T00:49:35.735+0000] {_universal.py:550} INFO - Response status: 206
Response headers:
    'Content-Length': '4194304'
    'Content-Type': 'application/octet-stream'
    'Content-Range': 'REDACTED'
    'Last-Modified': 'Wed, 01 May 2024 00:47:53 GMT'
    'Accept-Ranges': 'REDACTED'
    'ETag': '"0x8DC697855E94C9E"'
    'Server': 'Windows-Azure-Blob/1.0 Microsoft-HTTPAPI/2.0'
    'x-ms-request-id': '3ddd0d47-201e-003c-3161-9be158000000'
    'x-ms-client-request-id': 'ae646b62-0754-11ef-b388-0242ac160006'
    'x-ms-version': 'REDACTED'
    'x-ms-creation-time': 'REDACTED'
    'x-ms-lease-status': 'REDACTED'
    'x-ms-lease-state': 'REDACTED'
    'x-ms-blob-type': 'REDACTED'
    'x-ms-server-encrypted': 'REDACTED'
    'Date': 'Wed, 01 May 2024 00:49:38 GMT'
[2024-05-01T00:49:36.173+0000] {_universal.py:514} INFO - Request URL: 'https://azureyellowcab.blob.core.windows.net/cabfiles/yellow_tripdata_2011-03.parquet'
Request method: 'GET'
Request headers:
    'x-ms-range': 'REDACTED'
    'If-Match': '"0x8DC697855E94C9E"'
    'x-ms-version': 'REDACTED'
    'Accept': 'application/xml'
    'User-Agent': 'azsdk-python-storage-blob/12.19.1 Python/3.12.2 (Linux-6.6.22-linuxkit-x86_64-with-glibc2.36)'
    'x-ms-date': 'REDACTED'
    'x-ms-client-request-id': 'aeb83ac6-0754-11ef-b388-0242ac160006'
    'Authorization': 'REDACTED'
No body was attached to the request
[2024-05-01T00:49:36.308+0000] {_universal.py:550} INFO - Response status: 206
Response headers:
    'Content-Length': '4194304'
    'Content-Type': 'application/octet-stream'
    'Content-Range': 'REDACTED'
    'Last-Modified': 'Wed, 01 May 2024 00:47:53 GMT'
    'Accept-Ranges': 'REDACTED'
    'ETag': '"0x8DC697855E94C9E"'
    'Server': 'Windows-Azure-Blob/1.0 Microsoft-HTTPAPI/2.0'
    'x-ms-request-id': '3ddd0f7b-201e-003c-2861-9be158000000'
    'x-ms-client-request-id': 'aeb83ac6-0754-11ef-b388-0242ac160006'
    'x-ms-version': 'REDACTED'
    'x-ms-creation-time': 'REDACTED'
    'x-ms-lease-status': 'REDACTED'
    'x-ms-lease-state': 'REDACTED'
    'x-ms-blob-type': 'REDACTED'
    'x-ms-server-encrypted': 'REDACTED'
    'Date': 'Wed, 01 May 2024 00:49:39 GMT'
[2024-05-01T00:49:36.820+0000] {_universal.py:514} INFO - Request URL: 'https://azureyellowcab.blob.core.windows.net/cabfiles/yellow_tripdata_2011-03.parquet'
Request method: 'GET'
Request headers:
    'x-ms-range': 'REDACTED'
    'If-Match': '"0x8DC697855E94C9E"'
    'x-ms-version': 'REDACTED'
    'Accept': 'application/xml'
    'User-Agent': 'azsdk-python-storage-blob/12.19.1 Python/3.12.2 (Linux-6.6.22-linuxkit-x86_64-with-glibc2.36)'
    'x-ms-date': 'REDACTED'
    'x-ms-client-request-id': 'af1ae41e-0754-11ef-b388-0242ac160006'
    'Authorization': 'REDACTED'
No body was attached to the request
[2024-05-01T00:49:36.922+0000] {_universal.py:550} INFO - Response status: 206
Response headers:
    'Content-Length': '4194304'
    'Content-Type': 'application/octet-stream'
    'Content-Range': 'REDACTED'
    'Last-Modified': 'Wed, 01 May 2024 00:47:53 GMT'
    'Accept-Ranges': 'REDACTED'
    'ETag': '"0x8DC697855E94C9E"'
    'Server': 'Windows-Azure-Blob/1.0 Microsoft-HTTPAPI/2.0'
    'x-ms-request-id': '3ddd1313-201e-003c-0a61-9be158000000'
    'x-ms-client-request-id': 'af1ae41e-0754-11ef-b388-0242ac160006'
    'x-ms-version': 'REDACTED'
    'x-ms-creation-time': 'REDACTED'
    'x-ms-lease-status': 'REDACTED'
    'x-ms-lease-state': 'REDACTED'
    'x-ms-blob-type': 'REDACTED'
    'x-ms-server-encrypted': 'REDACTED'
    'Date': 'Wed, 01 May 2024 00:49:40 GMT'
[2024-05-01T00:49:37.428+0000] {_universal.py:514} INFO - Request URL: 'https://azureyellowcab.blob.core.windows.net/cabfiles/yellow_tripdata_2011-03.parquet'
Request method: 'GET'
Request headers:
    'x-ms-range': 'REDACTED'
    'If-Match': '"0x8DC697855E94C9E"'
    'x-ms-version': 'REDACTED'
    'Accept': 'application/xml'
    'User-Agent': 'azsdk-python-storage-blob/12.19.1 Python/3.12.2 (Linux-6.6.22-linuxkit-x86_64-with-glibc2.36)'
    'x-ms-date': 'REDACTED'
    'x-ms-client-request-id': 'af77b310-0754-11ef-b388-0242ac160006'
    'Authorization': 'REDACTED'
No body was attached to the request
[2024-05-01T00:49:37.540+0000] {_universal.py:550} INFO - Response status: 206
Response headers:
    'Content-Length': '4194304'
    'Content-Type': 'application/octet-stream'
    'Content-Range': 'REDACTED'
    'Last-Modified': 'Wed, 01 May 2024 00:47:53 GMT'
    'Accept-Ranges': 'REDACTED'
    'ETag': '"0x8DC697855E94C9E"'
    'Server': 'Windows-Azure-Blob/1.0 Microsoft-HTTPAPI/2.0'
    'x-ms-request-id': '3ddd15fe-201e-003c-4361-9be158000000'
    'x-ms-client-request-id': 'af77b310-0754-11ef-b388-0242ac160006'
    'x-ms-version': 'REDACTED'
    'x-ms-creation-time': 'REDACTED'
    'x-ms-lease-status': 'REDACTED'
    'x-ms-lease-state': 'REDACTED'
    'x-ms-blob-type': 'REDACTED'
    'x-ms-server-encrypted': 'REDACTED'
    'Date': 'Wed, 01 May 2024 00:49:40 GMT'
[2024-05-01T00:49:38.021+0000] {_universal.py:514} INFO - Request URL: 'https://azureyellowcab.blob.core.windows.net/cabfiles/yellow_tripdata_2011-03.parquet'
Request method: 'GET'
Request headers:
    'x-ms-range': 'REDACTED'
    'If-Match': '"0x8DC697855E94C9E"'
    'x-ms-version': 'REDACTED'
    'Accept': 'application/xml'
    'User-Agent': 'azsdk-python-storage-blob/12.19.1 Python/3.12.2 (Linux-6.6.22-linuxkit-x86_64-with-glibc2.36)'
    'x-ms-date': 'REDACTED'
    'x-ms-client-request-id': 'afd22142-0754-11ef-b388-0242ac160006'
    'Authorization': 'REDACTED'
No body was attached to the request
[2024-05-01T00:49:38.099+0000] {_universal.py:550} INFO - Response status: 206
Response headers:
    'Content-Length': '4194304'
    'Content-Type': 'application/octet-stream'
    'Content-Range': 'REDACTED'
    'Last-Modified': 'Wed, 01 May 2024 00:47:53 GMT'
    'Accept-Ranges': 'REDACTED'
    'ETag': '"0x8DC697855E94C9E"'
    'Server': 'Windows-Azure-Blob/1.0 Microsoft-HTTPAPI/2.0'
    'x-ms-request-id': '3ddd193b-201e-003c-4d61-9be158000000'
    'x-ms-client-request-id': 'afd22142-0754-11ef-b388-0242ac160006'
    'x-ms-version': 'REDACTED'
    'x-ms-creation-time': 'REDACTED'
    'x-ms-lease-status': 'REDACTED'
    'x-ms-lease-state': 'REDACTED'
    'x-ms-blob-type': 'REDACTED'
    'x-ms-server-encrypted': 'REDACTED'
    'Date': 'Wed, 01 May 2024 00:49:41 GMT'
[2024-05-01T00:49:38.618+0000] {_universal.py:514} INFO - Request URL: 'https://azureyellowcab.blob.core.windows.net/cabfiles/yellow_tripdata_2011-03.parquet'
Request method: 'GET'
Request headers:
    'x-ms-range': 'REDACTED'
    'If-Match': '"0x8DC697855E94C9E"'
    'x-ms-version': 'REDACTED'
    'Accept': 'application/xml'
    'User-Agent': 'azsdk-python-storage-blob/12.19.1 Python/3.12.2 (Linux-6.6.22-linuxkit-x86_64-with-glibc2.36)'
    'x-ms-date': 'REDACTED'
    'x-ms-client-request-id': 'b02d37ee-0754-11ef-b388-0242ac160006'
    'Authorization': 'REDACTED'
No body was attached to the request
[2024-05-01T00:49:38.723+0000] {_universal.py:550} INFO - Response status: 206
Response headers:
    'Content-Length': '4194304'
    'Content-Type': 'application/octet-stream'
    'Content-Range': 'REDACTED'
    'Last-Modified': 'Wed, 01 May 2024 00:47:53 GMT'
    'Accept-Ranges': 'REDACTED'
    'ETag': '"0x8DC697855E94C9E"'
    'Server': 'Windows-Azure-Blob/1.0 Microsoft-HTTPAPI/2.0'
    'x-ms-request-id': '3ddd1bba-201e-003c-1461-9be158000000'
    'x-ms-client-request-id': 'b02d37ee-0754-11ef-b388-0242ac160006'
    'x-ms-version': 'REDACTED'
    'x-ms-creation-time': 'REDACTED'
    'x-ms-lease-status': 'REDACTED'
    'x-ms-lease-state': 'REDACTED'
    'x-ms-blob-type': 'REDACTED'
    'x-ms-server-encrypted': 'REDACTED'
    'Date': 'Wed, 01 May 2024 00:49:41 GMT'
[2024-05-01T00:49:39.168+0000] {_universal.py:514} INFO - Request URL: 'https://azureyellowcab.blob.core.windows.net/cabfiles/yellow_tripdata_2011-03.parquet'
Request method: 'GET'
Request headers:
    'x-ms-range': 'REDACTED'
    'If-Match': '"0x8DC697855E94C9E"'
    'x-ms-version': 'REDACTED'
    'Accept': 'application/xml'
    'User-Agent': 'azsdk-python-storage-blob/12.19.1 Python/3.12.2 (Linux-6.6.22-linuxkit-x86_64-with-glibc2.36)'
    'x-ms-date': 'REDACTED'
    'x-ms-client-request-id': 'b0813592-0754-11ef-b388-0242ac160006'
    'Authorization': 'REDACTED'
No body was attached to the request
[2024-05-01T00:49:39.299+0000] {_universal.py:550} INFO - Response status: 206
Response headers:
    'Content-Length': '4194304'
    'Content-Type': 'application/octet-stream'
    'Content-Range': 'REDACTED'
    'Last-Modified': 'Wed, 01 May 2024 00:47:53 GMT'
    'Accept-Ranges': 'REDACTED'
    'ETag': '"0x8DC697855E94C9E"'
    'Server': 'Windows-Azure-Blob/1.0 Microsoft-HTTPAPI/2.0'
    'x-ms-request-id': '3ddd1e23-201e-003c-2f61-9be158000000'
    'x-ms-client-request-id': 'b0813592-0754-11ef-b388-0242ac160006'
    'x-ms-version': 'REDACTED'
    'x-ms-creation-time': 'REDACTED'
    'x-ms-lease-status': 'REDACTED'
    'x-ms-lease-state': 'REDACTED'
    'x-ms-blob-type': 'REDACTED'
    'x-ms-server-encrypted': 'REDACTED'
    'Date': 'Wed, 01 May 2024 00:49:42 GMT'
[2024-05-01T00:49:39.746+0000] {_universal.py:514} INFO - Request URL: 'https://azureyellowcab.blob.core.windows.net/cabfiles/yellow_tripdata_2011-03.parquet'
Request method: 'GET'
Request headers:
    'x-ms-range': 'REDACTED'
    'If-Match': '"0x8DC697855E94C9E"'
    'x-ms-version': 'REDACTED'
    'Accept': 'application/xml'
    'User-Agent': 'azsdk-python-storage-blob/12.19.1 Python/3.12.2 (Linux-6.6.22-linuxkit-x86_64-with-glibc2.36)'
    'x-ms-date': 'REDACTED'
    'x-ms-client-request-id': 'b0d9527c-0754-11ef-b388-0242ac160006'
    'Authorization': 'REDACTED'
No body was attached to the request
[2024-05-01T00:49:39.852+0000] {_universal.py:550} INFO - Response status: 206
Response headers:
    'Content-Length': '4194304'
    'Content-Type': 'application/octet-stream'
    'Content-Range': 'REDACTED'
    'Last-Modified': 'Wed, 01 May 2024 00:47:53 GMT'
    'Accept-Ranges': 'REDACTED'
    'ETag': '"0x8DC697855E94C9E"'
    'Server': 'Windows-Azure-Blob/1.0 Microsoft-HTTPAPI/2.0'
    'x-ms-request-id': '3ddd20cc-201e-003c-1961-9be158000000'
    'x-ms-client-request-id': 'b0d9527c-0754-11ef-b388-0242ac160006'
    'x-ms-version': 'REDACTED'
    'x-ms-creation-time': 'REDACTED'
    'x-ms-lease-status': 'REDACTED'
    'x-ms-lease-state': 'REDACTED'
    'x-ms-blob-type': 'REDACTED'
    'x-ms-server-encrypted': 'REDACTED'
    'Date': 'Wed, 01 May 2024 00:49:42 GMT'
[2024-05-01T00:49:40.278+0000] {_universal.py:514} INFO - Request URL: 'https://azureyellowcab.blob.core.windows.net/cabfiles/yellow_tripdata_2011-03.parquet'
Request method: 'GET'
Request headers:
    'x-ms-range': 'REDACTED'
    'If-Match': '"0x8DC697855E94C9E"'
    'x-ms-version': 'REDACTED'
    'Accept': 'application/xml'
    'User-Agent': 'azsdk-python-storage-blob/12.19.1 Python/3.12.2 (Linux-6.6.22-linuxkit-x86_64-with-glibc2.36)'
    'x-ms-date': 'REDACTED'
    'x-ms-client-request-id': 'b12a7df0-0754-11ef-b388-0242ac160006'
    'Authorization': 'REDACTED'
No body was attached to the request
[2024-05-01T00:49:40.378+0000] {_universal.py:550} INFO - Response status: 206
Response headers:
    'Content-Length': '4194304'
    'Content-Type': 'application/octet-stream'
    'Content-Range': 'REDACTED'
    'Last-Modified': 'Wed, 01 May 2024 00:47:53 GMT'
    'Accept-Ranges': 'REDACTED'
    'ETag': '"0x8DC697855E94C9E"'
    'Server': 'Windows-Azure-Blob/1.0 Microsoft-HTTPAPI/2.0'
    'x-ms-request-id': '3ddd22fb-201e-003c-1061-9be158000000'
    'x-ms-client-request-id': 'b12a7df0-0754-11ef-b388-0242ac160006'
    'x-ms-version': 'REDACTED'
    'x-ms-creation-time': 'REDACTED'
    'x-ms-lease-status': 'REDACTED'
    'x-ms-lease-state': 'REDACTED'
    'x-ms-blob-type': 'REDACTED'
    'x-ms-server-encrypted': 'REDACTED'
    'Date': 'Wed, 01 May 2024 00:49:43 GMT'
[2024-05-01T00:49:40.828+0000] {_universal.py:514} INFO - Request URL: 'https://azureyellowcab.blob.core.windows.net/cabfiles/yellow_tripdata_2011-03.parquet'
Request method: 'GET'
Request headers:
    'x-ms-range': 'REDACTED'
    'If-Match': '"0x8DC697855E94C9E"'
    'x-ms-version': 'REDACTED'
    'Accept': 'application/xml'
    'User-Agent': 'azsdk-python-storage-blob/12.19.1 Python/3.12.2 (Linux-6.6.22-linuxkit-x86_64-with-glibc2.36)'
    'x-ms-date': 'REDACTED'
    'x-ms-client-request-id': 'b17e79fa-0754-11ef-b388-0242ac160006'
    'Authorization': 'REDACTED'
No body was attached to the request
[2024-05-01T00:49:40.958+0000] {_universal.py:550} INFO - Response status: 206
Response headers:
    'Content-Length': '4194304'
    'Content-Type': 'application/octet-stream'
    'Content-Range': 'REDACTED'
    'Last-Modified': 'Wed, 01 May 2024 00:47:53 GMT'
    'Accept-Ranges': 'REDACTED'
    'ETag': '"0x8DC697855E94C9E"'
    'Server': 'Windows-Azure-Blob/1.0 Microsoft-HTTPAPI/2.0'
    'x-ms-request-id': '3ddd2533-201e-003c-1461-9be158000000'
    'x-ms-client-request-id': 'b17e79fa-0754-11ef-b388-0242ac160006'
    'x-ms-version': 'REDACTED'
    'x-ms-creation-time': 'REDACTED'
    'x-ms-lease-status': 'REDACTED'
    'x-ms-lease-state': 'REDACTED'
    'x-ms-blob-type': 'REDACTED'
    'x-ms-server-encrypted': 'REDACTED'
    'Date': 'Wed, 01 May 2024 00:49:44 GMT'
[2024-05-01T00:49:41.439+0000] {_universal.py:514} INFO - Request URL: 'https://azureyellowcab.blob.core.windows.net/cabfiles/yellow_tripdata_2011-03.parquet'
Request method: 'GET'
Request headers:
    'x-ms-range': 'REDACTED'
    'If-Match': '"0x8DC697855E94C9E"'
    'x-ms-version': 'REDACTED'
    'Accept': 'application/xml'
    'User-Agent': 'azsdk-python-storage-blob/12.19.1 Python/3.12.2 (Linux-6.6.22-linuxkit-x86_64-with-glibc2.36)'
    'x-ms-date': 'REDACTED'
    'x-ms-client-request-id': 'b1dbbc5a-0754-11ef-b388-0242ac160006'
    'Authorization': 'REDACTED'
No body was attached to the request
[2024-05-01T00:49:41.541+0000] {_universal.py:550} INFO - Response status: 206
Response headers:
    'Content-Length': '4194304'
    'Content-Type': 'application/octet-stream'
    'Content-Range': 'REDACTED'
    'Last-Modified': 'Wed, 01 May 2024 00:47:53 GMT'
    'Accept-Ranges': 'REDACTED'
    'ETag': '"0x8DC697855E94C9E"'
    'Server': 'Windows-Azure-Blob/1.0 Microsoft-HTTPAPI/2.0'
    'x-ms-request-id': '3ddd2756-201e-003c-7f61-9be158000000'
    'x-ms-client-request-id': 'b1dbbc5a-0754-11ef-b388-0242ac160006'
    'x-ms-version': 'REDACTED'
    'x-ms-creation-time': 'REDACTED'
    'x-ms-lease-status': 'REDACTED'
    'x-ms-lease-state': 'REDACTED'
    'x-ms-blob-type': 'REDACTED'
    'x-ms-server-encrypted': 'REDACTED'
    'Date': 'Wed, 01 May 2024 00:49:44 GMT'
[2024-05-01T00:49:41.960+0000] {_universal.py:514} INFO - Request URL: 'https://azureyellowcab.blob.core.windows.net/cabfiles/yellow_tripdata_2011-03.parquet'
Request method: 'GET'
Request headers:
    'x-ms-range': 'REDACTED'
    'If-Match': '"0x8DC697855E94C9E"'
    'x-ms-version': 'REDACTED'
    'Accept': 'application/xml'
    'User-Agent': 'azsdk-python-storage-blob/12.19.1 Python/3.12.2 (Linux-6.6.22-linuxkit-x86_64-with-glibc2.36)'
    'x-ms-date': 'REDACTED'
    'x-ms-client-request-id': 'b22b3884-0754-11ef-b388-0242ac160006'
    'Authorization': 'REDACTED'
No body was attached to the request
[2024-05-01T00:49:42.066+0000] {_universal.py:550} INFO - Response status: 206
Response headers:
    'Content-Length': '4194304'
    'Content-Type': 'application/octet-stream'
    'Content-Range': 'REDACTED'
    'Last-Modified': 'Wed, 01 May 2024 00:47:53 GMT'
    'Accept-Ranges': 'REDACTED'
    'ETag': '"0x8DC697855E94C9E"'
    'Server': 'Windows-Azure-Blob/1.0 Microsoft-HTTPAPI/2.0'
    'x-ms-request-id': '3ddd2933-201e-003c-3161-9be158000000'
    'x-ms-client-request-id': 'b22b3884-0754-11ef-b388-0242ac160006'
    'x-ms-version': 'REDACTED'
    'x-ms-creation-time': 'REDACTED'
    'x-ms-lease-status': 'REDACTED'
    'x-ms-lease-state': 'REDACTED'
    'x-ms-blob-type': 'REDACTED'
    'x-ms-server-encrypted': 'REDACTED'
    'Date': 'Wed, 01 May 2024 00:49:45 GMT'
[2024-05-01T00:49:42.463+0000] {_universal.py:514} INFO - Request URL: 'https://azureyellowcab.blob.core.windows.net/cabfiles/yellow_tripdata_2011-03.parquet'
Request method: 'GET'
Request headers:
    'x-ms-range': 'REDACTED'
    'If-Match': '"0x8DC697855E94C9E"'
    'x-ms-version': 'REDACTED'
    'Accept': 'application/xml'
    'User-Agent': 'azsdk-python-storage-blob/12.19.1 Python/3.12.2 (Linux-6.6.22-linuxkit-x86_64-with-glibc2.36)'
    'x-ms-date': 'REDACTED'
    'x-ms-client-request-id': 'b277fdea-0754-11ef-b388-0242ac160006'
    'Authorization': 'REDACTED'
No body was attached to the request
[2024-05-01T00:49:42.554+0000] {_universal.py:550} INFO - Response status: 206
Response headers:
    'Content-Length': '4194304'
    'Content-Type': 'application/octet-stream'
    'Content-Range': 'REDACTED'
    'Last-Modified': 'Wed, 01 May 2024 00:47:53 GMT'
    'Accept-Ranges': 'REDACTED'
    'ETag': '"0x8DC697855E94C9E"'
    'Server': 'Windows-Azure-Blob/1.0 Microsoft-HTTPAPI/2.0'
    'x-ms-request-id': '3ddd2ab5-201e-003c-1061-9be158000000'
    'x-ms-client-request-id': 'b277fdea-0754-11ef-b388-0242ac160006'
    'x-ms-version': 'REDACTED'
    'x-ms-creation-time': 'REDACTED'
    'x-ms-lease-status': 'REDACTED'
    'x-ms-lease-state': 'REDACTED'
    'x-ms-blob-type': 'REDACTED'
    'x-ms-server-encrypted': 'REDACTED'
    'Date': 'Wed, 01 May 2024 00:49:45 GMT'
[2024-05-01T00:49:42.990+0000] {_universal.py:514} INFO - Request URL: 'https://azureyellowcab.blob.core.windows.net/cabfiles/yellow_tripdata_2011-03.parquet'
Request method: 'GET'
Request headers:
    'x-ms-range': 'REDACTED'
    'If-Match': '"0x8DC697855E94C9E"'
    'x-ms-version': 'REDACTED'
    'Accept': 'application/xml'
    'User-Agent': 'azsdk-python-storage-blob/12.19.1 Python/3.12.2 (Linux-6.6.22-linuxkit-x86_64-with-glibc2.36)'
    'x-ms-date': 'REDACTED'
    'x-ms-client-request-id': 'b2c8680c-0754-11ef-b388-0242ac160006'
    'Authorization': 'REDACTED'
No body was attached to the request
[2024-05-01T00:49:43.092+0000] {_universal.py:550} INFO - Response status: 206
Response headers:
    'Content-Length': '4194304'
    'Content-Type': 'application/octet-stream'
    'Content-Range': 'REDACTED'
    'Last-Modified': 'Wed, 01 May 2024 00:47:53 GMT'
    'Accept-Ranges': 'REDACTED'
    'ETag': '"0x8DC697855E94C9E"'
    'Server': 'Windows-Azure-Blob/1.0 Microsoft-HTTPAPI/2.0'
    'x-ms-request-id': '3ddd2c9d-201e-003c-4261-9be158000000'
    'x-ms-client-request-id': 'b2c8680c-0754-11ef-b388-0242ac160006'
    'x-ms-version': 'REDACTED'
    'x-ms-creation-time': 'REDACTED'
    'x-ms-lease-status': 'REDACTED'
    'x-ms-lease-state': 'REDACTED'
    'x-ms-blob-type': 'REDACTED'
    'x-ms-server-encrypted': 'REDACTED'
    'Date': 'Wed, 01 May 2024 00:49:46 GMT'
[2024-05-01T00:49:43.521+0000] {_universal.py:514} INFO - Request URL: 'https://azureyellowcab.blob.core.windows.net/cabfiles/yellow_tripdata_2011-03.parquet'
Request method: 'GET'
Request headers:
    'x-ms-range': 'REDACTED'
    'If-Match': '"0x8DC697855E94C9E"'
    'x-ms-version': 'REDACTED'
    'Accept': 'application/xml'
    'User-Agent': 'azsdk-python-storage-blob/12.19.1 Python/3.12.2 (Linux-6.6.22-linuxkit-x86_64-with-glibc2.36)'
    'x-ms-date': 'REDACTED'
    'x-ms-client-request-id': 'b3197530-0754-11ef-b388-0242ac160006'
    'Authorization': 'REDACTED'
No body was attached to the request
[2024-05-01T00:49:43.619+0000] {_universal.py:550} INFO - Response status: 206
Response headers:
    'Content-Length': '4194304'
    'Content-Type': 'application/octet-stream'
    'Content-Range': 'REDACTED'
    'Last-Modified': 'Wed, 01 May 2024 00:47:53 GMT'
    'Accept-Ranges': 'REDACTED'
    'ETag': '"0x8DC697855E94C9E"'
    'Server': 'Windows-Azure-Blob/1.0 Microsoft-HTTPAPI/2.0'
    'x-ms-request-id': '3ddd2e97-201e-003c-7f61-9be158000000'
    'x-ms-client-request-id': 'b3197530-0754-11ef-b388-0242ac160006'
    'x-ms-version': 'REDACTED'
    'x-ms-creation-time': 'REDACTED'
    'x-ms-lease-status': 'REDACTED'
    'x-ms-lease-state': 'REDACTED'
    'x-ms-blob-type': 'REDACTED'
    'x-ms-server-encrypted': 'REDACTED'
    'Date': 'Wed, 01 May 2024 00:49:46 GMT'
[2024-05-01T00:49:43.993+0000] {_universal.py:514} INFO - Request URL: 'https://azureyellowcab.blob.core.windows.net/cabfiles/yellow_tripdata_2011-03.parquet'
Request method: 'GET'
Request headers:
    'x-ms-range': 'REDACTED'
    'If-Match': '"0x8DC697855E94C9E"'
    'x-ms-version': 'REDACTED'
    'Accept': 'application/xml'
    'User-Agent': 'azsdk-python-storage-blob/12.19.1 Python/3.12.2 (Linux-6.6.22-linuxkit-x86_64-with-glibc2.36)'
    'x-ms-date': 'REDACTED'
    'x-ms-client-request-id': 'b3616606-0754-11ef-b388-0242ac160006'
    'Authorization': 'REDACTED'
No body was attached to the request
[2024-05-01T00:49:44.076+0000] {_universal.py:550} INFO - Response status: 206
Response headers:
    'Content-Length': '4194304'
    'Content-Type': 'application/octet-stream'
    'Content-Range': 'REDACTED'
    'Last-Modified': 'Wed, 01 May 2024 00:47:53 GMT'
    'Accept-Ranges': 'REDACTED'
    'ETag': '"0x8DC697855E94C9E"'
    'Server': 'Windows-Azure-Blob/1.0 Microsoft-HTTPAPI/2.0'
    'x-ms-request-id': '3ddd3073-201e-003c-2761-9be158000000'
    'x-ms-client-request-id': 'b3616606-0754-11ef-b388-0242ac160006'
    'x-ms-version': 'REDACTED'
    'x-ms-creation-time': 'REDACTED'
    'x-ms-lease-status': 'REDACTED'
    'x-ms-lease-state': 'REDACTED'
    'x-ms-blob-type': 'REDACTED'
    'x-ms-server-encrypted': 'REDACTED'
    'Date': 'Wed, 01 May 2024 00:49:47 GMT'
[2024-05-01T00:49:44.597+0000] {_universal.py:514} INFO - Request URL: 'https://azureyellowcab.blob.core.windows.net/cabfiles/yellow_tripdata_2011-03.parquet'
Request method: 'GET'
Request headers:
    'x-ms-range': 'REDACTED'
    'If-Match': '"0x8DC697855E94C9E"'
    'x-ms-version': 'REDACTED'
    'Accept': 'application/xml'
    'User-Agent': 'azsdk-python-storage-blob/12.19.1 Python/3.12.2 (Linux-6.6.22-linuxkit-x86_64-with-glibc2.36)'
    'x-ms-date': 'REDACTED'
    'x-ms-client-request-id': 'b3bd8ddc-0754-11ef-b388-0242ac160006'
    'Authorization': 'REDACTED'
No body was attached to the request
[2024-05-01T00:49:44.674+0000] {_universal.py:550} INFO - Response status: 206
Response headers:
    'Content-Length': '4194304'
    'Content-Type': 'application/octet-stream'
    'Content-Range': 'REDACTED'
    'Last-Modified': 'Wed, 01 May 2024 00:47:53 GMT'
    'Accept-Ranges': 'REDACTED'
    'ETag': '"0x8DC697855E94C9E"'
    'Server': 'Windows-Azure-Blob/1.0 Microsoft-HTTPAPI/2.0'
    'x-ms-request-id': '3ddd32ef-201e-003c-5a61-9be158000000'
    'x-ms-client-request-id': 'b3bd8ddc-0754-11ef-b388-0242ac160006'
    'x-ms-version': 'REDACTED'
    'x-ms-creation-time': 'REDACTED'
    'x-ms-lease-status': 'REDACTED'
    'x-ms-lease-state': 'REDACTED'
    'x-ms-blob-type': 'REDACTED'
    'x-ms-server-encrypted': 'REDACTED'
    'Date': 'Wed, 01 May 2024 00:49:47 GMT'
[2024-05-01T00:49:45.192+0000] {_universal.py:514} INFO - Request URL: 'https://azureyellowcab.blob.core.windows.net/cabfiles/yellow_tripdata_2011-03.parquet'
Request method: 'GET'
Request headers:
    'x-ms-range': 'REDACTED'
    'If-Match': '"0x8DC697855E94C9E"'
    'x-ms-version': 'REDACTED'
    'Accept': 'application/xml'
    'User-Agent': 'azsdk-python-storage-blob/12.19.1 Python/3.12.2 (Linux-6.6.22-linuxkit-x86_64-with-glibc2.36)'
    'x-ms-date': 'REDACTED'
    'x-ms-client-request-id': 'b41879e0-0754-11ef-b388-0242ac160006'
    'Authorization': 'REDACTED'
No body was attached to the request
[2024-05-01T00:49:45.286+0000] {_universal.py:550} INFO - Response status: 206
Response headers:
    'Content-Length': '4194304'
    'Content-Type': 'application/octet-stream'
    'Content-Range': 'REDACTED'
    'Last-Modified': 'Wed, 01 May 2024 00:47:53 GMT'
    'Accept-Ranges': 'REDACTED'
    'ETag': '"0x8DC697855E94C9E"'
    'Server': 'Windows-Azure-Blob/1.0 Microsoft-HTTPAPI/2.0'
    'x-ms-request-id': '3ddd353a-201e-003c-6e61-9be158000000'
    'x-ms-client-request-id': 'b41879e0-0754-11ef-b388-0242ac160006'
    'x-ms-version': 'REDACTED'
    'x-ms-creation-time': 'REDACTED'
    'x-ms-lease-status': 'REDACTED'
    'x-ms-lease-state': 'REDACTED'
    'x-ms-blob-type': 'REDACTED'
    'x-ms-server-encrypted': 'REDACTED'
    'Date': 'Wed, 01 May 2024 00:49:48 GMT'
[2024-05-01T00:49:45.752+0000] {_universal.py:514} INFO - Request URL: 'https://azureyellowcab.blob.core.windows.net/cabfiles/yellow_tripdata_2011-03.parquet'
Request method: 'GET'
Request headers:
    'x-ms-range': 'REDACTED'
    'If-Match': '"0x8DC697855E94C9E"'
    'x-ms-version': 'REDACTED'
    'Accept': 'application/xml'
    'User-Agent': 'azsdk-python-storage-blob/12.19.1 Python/3.12.2 (Linux-6.6.22-linuxkit-x86_64-with-glibc2.36)'
    'x-ms-date': 'REDACTED'
    'x-ms-client-request-id': 'b46dd58e-0754-11ef-b388-0242ac160006'
    'Authorization': 'REDACTED'
No body was attached to the request
[2024-05-01T00:49:45.831+0000] {_universal.py:550} INFO - Response status: 206
Response headers:
    'Content-Length': '4194304'
    'Content-Type': 'application/octet-stream'
    'Content-Range': 'REDACTED'
    'Last-Modified': 'Wed, 01 May 2024 00:47:53 GMT'
    'Accept-Ranges': 'REDACTED'
    'ETag': '"0x8DC697855E94C9E"'
    'Server': 'Windows-Azure-Blob/1.0 Microsoft-HTTPAPI/2.0'
    'x-ms-request-id': '3ddd3776-201e-003c-6d61-9be158000000'
    'x-ms-client-request-id': 'b46dd58e-0754-11ef-b388-0242ac160006'
    'x-ms-version': 'REDACTED'
    'x-ms-creation-time': 'REDACTED'
    'x-ms-lease-status': 'REDACTED'
    'x-ms-lease-state': 'REDACTED'
    'x-ms-blob-type': 'REDACTED'
    'x-ms-server-encrypted': 'REDACTED'
    'Date': 'Wed, 01 May 2024 00:49:48 GMT'
[2024-05-01T00:49:46.313+0000] {_universal.py:514} INFO - Request URL: 'https://azureyellowcab.blob.core.windows.net/cabfiles/yellow_tripdata_2011-03.parquet'
Request method: 'GET'
Request headers:
    'x-ms-range': 'REDACTED'
    'If-Match': '"0x8DC697855E94C9E"'
    'x-ms-version': 'REDACTED'
    'Accept': 'application/xml'
    'User-Agent': 'azsdk-python-storage-blob/12.19.1 Python/3.12.2 (Linux-6.6.22-linuxkit-x86_64-with-glibc2.36)'
    'x-ms-date': 'REDACTED'
    'x-ms-client-request-id': 'b4c35a5e-0754-11ef-b388-0242ac160006'
    'Authorization': 'REDACTED'
No body was attached to the request
[2024-05-01T00:49:46.409+0000] {_universal.py:550} INFO - Response status: 206
Response headers:
    'Content-Length': '4194304'
    'Content-Type': 'application/octet-stream'
    'Content-Range': 'REDACTED'
    'Last-Modified': 'Wed, 01 May 2024 00:47:53 GMT'
    'Accept-Ranges': 'REDACTED'
    'ETag': '"0x8DC697855E94C9E"'
    'Server': 'Windows-Azure-Blob/1.0 Microsoft-HTTPAPI/2.0'
    'x-ms-request-id': '3ddd39a7-201e-003c-6961-9be158000000'
    'x-ms-client-request-id': 'b4c35a5e-0754-11ef-b388-0242ac160006'
    'x-ms-version': 'REDACTED'
    'x-ms-creation-time': 'REDACTED'
    'x-ms-lease-status': 'REDACTED'
    'x-ms-lease-state': 'REDACTED'
    'x-ms-blob-type': 'REDACTED'
    'x-ms-server-encrypted': 'REDACTED'
    'Date': 'Wed, 01 May 2024 00:49:49 GMT'
[2024-05-01T00:49:46.820+0000] {_universal.py:514} INFO - Request URL: 'https://azureyellowcab.blob.core.windows.net/cabfiles/yellow_tripdata_2011-03.parquet'
Request method: 'GET'
Request headers:
    'x-ms-range': 'REDACTED'
    'If-Match': '"0x8DC697855E94C9E"'
    'x-ms-version': 'REDACTED'
    'Accept': 'application/xml'
    'User-Agent': 'azsdk-python-storage-blob/12.19.1 Python/3.12.2 (Linux-6.6.22-linuxkit-x86_64-with-glibc2.36)'
    'x-ms-date': 'REDACTED'
    'x-ms-client-request-id': 'b510d400-0754-11ef-b388-0242ac160006'
    'Authorization': 'REDACTED'
No body was attached to the request
[2024-05-01T00:49:46.940+0000] {_universal.py:550} INFO - Response status: 206
Response headers:
    'Content-Length': '4194304'
    'Content-Type': 'application/octet-stream'
    'Content-Range': 'REDACTED'
    'Last-Modified': 'Wed, 01 May 2024 00:47:53 GMT'
    'Accept-Ranges': 'REDACTED'
    'ETag': '"0x8DC697855E94C9E"'
    'Server': 'Windows-Azure-Blob/1.0 Microsoft-HTTPAPI/2.0'
    'x-ms-request-id': '3ddd3b6d-201e-003c-0a61-9be158000000'
    'x-ms-client-request-id': 'b510d400-0754-11ef-b388-0242ac160006'
    'x-ms-version': 'REDACTED'
    'x-ms-creation-time': 'REDACTED'
    'x-ms-lease-status': 'REDACTED'
    'x-ms-lease-state': 'REDACTED'
    'x-ms-blob-type': 'REDACTED'
    'x-ms-server-encrypted': 'REDACTED'
    'Date': 'Wed, 01 May 2024 00:49:50 GMT'
[2024-05-01T00:49:47.312+0000] {_universal.py:514} INFO - Request URL: 'https://azureyellowcab.blob.core.windows.net/cabfiles/yellow_tripdata_2011-03.parquet'
Request method: 'GET'
Request headers:
    'x-ms-range': 'REDACTED'
    'If-Match': '"0x8DC697855E94C9E"'
    'x-ms-version': 'REDACTED'
    'Accept': 'application/xml'
    'User-Agent': 'azsdk-python-storage-blob/12.19.1 Python/3.12.2 (Linux-6.6.22-linuxkit-x86_64-with-glibc2.36)'
    'x-ms-date': 'REDACTED'
    'x-ms-client-request-id': 'b55bc6ea-0754-11ef-b388-0242ac160006'
    'Authorization': 'REDACTED'
No body was attached to the request
[2024-05-01T00:49:47.436+0000] {_universal.py:550} INFO - Response status: 206
Response headers:
    'Content-Length': '4194304'
    'Content-Type': 'application/octet-stream'
    'Content-Range': 'REDACTED'
    'Last-Modified': 'Wed, 01 May 2024 00:47:53 GMT'
    'Accept-Ranges': 'REDACTED'
    'ETag': '"0x8DC697855E94C9E"'
    'Server': 'Windows-Azure-Blob/1.0 Microsoft-HTTPAPI/2.0'
    'x-ms-request-id': '3ddd3da8-201e-003c-0d61-9be158000000'
    'x-ms-client-request-id': 'b55bc6ea-0754-11ef-b388-0242ac160006'
    'x-ms-version': 'REDACTED'
    'x-ms-creation-time': 'REDACTED'
    'x-ms-lease-status': 'REDACTED'
    'x-ms-lease-state': 'REDACTED'
    'x-ms-blob-type': 'REDACTED'
    'x-ms-server-encrypted': 'REDACTED'
    'Date': 'Wed, 01 May 2024 00:49:50 GMT'
[2024-05-01T00:49:47.840+0000] {_universal.py:514} INFO - Request URL: 'https://azureyellowcab.blob.core.windows.net/cabfiles/yellow_tripdata_2011-03.parquet'
Request method: 'GET'
Request headers:
    'x-ms-range': 'REDACTED'
    'If-Match': '"0x8DC697855E94C9E"'
    'x-ms-version': 'REDACTED'
    'Accept': 'application/xml'
    'User-Agent': 'azsdk-python-storage-blob/12.19.1 Python/3.12.2 (Linux-6.6.22-linuxkit-x86_64-with-glibc2.36)'
    'x-ms-date': 'REDACTED'
    'x-ms-client-request-id': 'b5ac590c-0754-11ef-b388-0242ac160006'
    'Authorization': 'REDACTED'
No body was attached to the request
[2024-05-01T00:49:47.937+0000] {_universal.py:550} INFO - Response status: 206
Response headers:
    'Content-Length': '2800582'
    'Content-Type': 'application/octet-stream'
    'Content-Range': 'REDACTED'
    'Last-Modified': 'Wed, 01 May 2024 00:47:53 GMT'
    'Accept-Ranges': 'REDACTED'
    'ETag': '"0x8DC697855E94C9E"'
    'Server': 'Windows-Azure-Blob/1.0 Microsoft-HTTPAPI/2.0'
    'x-ms-request-id': '3ddd3ff8-201e-003c-2c61-9be158000000'
    'x-ms-client-request-id': 'b5ac590c-0754-11ef-b388-0242ac160006'
    'x-ms-version': 'REDACTED'
    'x-ms-creation-time': 'REDACTED'
    'x-ms-lease-status': 'REDACTED'
    'x-ms-lease-state': 'REDACTED'
    'x-ms-blob-type': 'REDACTED'
    'x-ms-server-encrypted': 'REDACTED'
    'Date': 'Wed, 01 May 2024 00:49:51 GMT'
[2024-05-01T00:49:48.531+0000] {_universal.py:514} INFO - Request URL: 'https://azureyellowcab.blob.core.windows.net/cabfiles/yellow_tripdata_2011-03.parquet'
Request method: 'DELETE'
Request headers:
    'x-ms-version': 'REDACTED'
    'Accept': 'application/xml'
    'User-Agent': 'azsdk-python-storage-blob/12.19.1 Python/3.12.2 (Linux-6.6.22-linuxkit-x86_64-with-glibc2.36)'
    'x-ms-date': 'REDACTED'
    'x-ms-client-request-id': 'b615edb8-0754-11ef-b388-0242ac160006'
    'Authorization': 'REDACTED'
No body was attached to the request
[2024-05-01T00:49:48.602+0000] {_universal.py:550} INFO - Response status: 202
Response headers:
    'Content-Length': '0'
    'Server': 'Windows-Azure-Blob/1.0 Microsoft-HTTPAPI/2.0'
    'x-ms-request-id': '3ddd428f-201e-003c-8061-9be158000000'
    'x-ms-client-request-id': 'b615edb8-0754-11ef-b388-0242ac160006'
    'x-ms-version': 'REDACTED'
    'x-ms-delete-type-permanent': 'REDACTED'
    'Date': 'Wed, 01 May 2024 00:49:51 GMT'
[2024-05-01T00:49:48.603+0000] {python.py:237} INFO - Done. Returned value was: None
[2024-05-01T00:49:48.604+0000] {taskinstance.py:441} INFO - ::group::Post task execution logs
[2024-05-01T00:49:48.612+0000] {taskinstance.py:1205} INFO - Marking task as SUCCESS. dag_id=dag_yellow_cab, task_id=request_file, execution_date=20240501T004905, start_date=20240501T004920, end_date=20240501T004948
[2024-05-01T00:49:48.634+0000] {local_task_job_runner.py:240} INFO - Task exited with return code 0
[2024-05-01T00:49:48.658+0000] {taskinstance.py:3482} INFO - 1 downstream tasks scheduled from follow-on schedule check
[2024-05-01T00:49:48.659+0000] {local_task_job_runner.py:222} INFO - ::endgroup::
