[2024-05-01T23:00:42.925+0000] {local_task_job_runner.py:120} INFO - ::group::Pre task execution logs
[2024-05-01T23:00:42.945+0000] {taskinstance.py:2073} INFO - Dependencies all met for dep_context=non-requeueable deps ti=<TaskInstance: dag_yellow_cab.request_file manual__2024-05-01T23:00:41.510035+00:00 [queued]>
[2024-05-01T23:00:42.952+0000] {taskinstance.py:2073} INFO - Dependencies all met for dep_context=requeueable deps ti=<TaskInstance: dag_yellow_cab.request_file manual__2024-05-01T23:00:41.510035+00:00 [queued]>
[2024-05-01T23:00:42.952+0000] {taskinstance.py:2303} INFO - Starting attempt 1 of 1
[2024-05-01T23:00:42.966+0000] {taskinstance.py:2327} INFO - Executing <Task(PythonOperator): request_file> on 2024-05-01 23:00:41.510035+00:00
[2024-05-01T23:00:42.972+0000] {warnings.py:110} WARNING - /home/***/.local/lib/python3.12/site-packages/***/task/task_runner/standard_task_runner.py:61: DeprecationWarning: This process (pid=197) is multi-threaded, use of fork() may lead to deadlocks in the child.
  pid = os.fork()

[2024-05-01T23:00:42.975+0000] {standard_task_runner.py:63} INFO - Started process 199 to run task
[2024-05-01T23:00:42.976+0000] {standard_task_runner.py:90} INFO - Running: ['***', 'tasks', 'run', 'dag_yellow_cab', 'request_file', 'manual__2024-05-01T23:00:41.510035+00:00', '--job-id', '8', '--raw', '--subdir', 'DAGS_FOLDER/dag.py', '--cfg-path', '/tmp/tmp8fbvevpn']
[2024-05-01T23:00:42.978+0000] {standard_task_runner.py:91} INFO - Job 8: Subtask request_file
[2024-05-01T23:00:43.033+0000] {task_command.py:426} INFO - Running <TaskInstance: dag_yellow_cab.request_file manual__2024-05-01T23:00:41.510035+00:00 [running]> on host e4515e05b162
[2024-05-01T23:00:43.131+0000] {taskinstance.py:2644} INFO - Exporting env vars: AIRFLOW_CTX_DAG_OWNER='***' AIRFLOW_CTX_DAG_ID='dag_yellow_cab' AIRFLOW_CTX_TASK_ID='request_file' AIRFLOW_CTX_EXECUTION_DATE='2024-05-01T23:00:41.510035+00:00' AIRFLOW_CTX_TRY_NUMBER='1' AIRFLOW_CTX_DAG_RUN_ID='manual__2024-05-01T23:00:41.510035+00:00'
[2024-05-01T23:00:43.133+0000] {taskinstance.py:430} INFO - ::endgroup::
[2024-05-01T23:00:43.148+0000] {scripts.py:12} INFO - Downloading files
[2024-05-01T23:00:43.155+0000] {_universal.py:514} INFO - Request URL: 'https://azureyellowcab.blob.core.windows.net/cabfiles?restype=REDACTED&comp=REDACTED'
Request method: 'GET'
Request headers:
    'x-ms-version': 'REDACTED'
    'Accept': 'application/xml'
    'User-Agent': 'azsdk-python-storage-blob/12.19.1 Python/3.12.2 (Linux-6.6.22-linuxkit-x86_64-with-glibc2.36)'
    'x-ms-date': 'REDACTED'
    'x-ms-client-request-id': 'a32656ec-080e-11ef-a984-0242ac1f0007'
    'Authorization': 'REDACTED'
No body was attached to the request
[2024-05-01T23:00:43.638+0000] {_universal.py:550} INFO - Response status: 200
Response headers:
    'Transfer-Encoding': 'chunked'
    'Content-Type': 'application/xml'
    'Server': 'Windows-Azure-Blob/1.0 Microsoft-HTTPAPI/2.0'
    'x-ms-request-id': '3757e58e-801e-0025-271b-9c61e3000000'
    'x-ms-client-request-id': 'a32656ec-080e-11ef-a984-0242ac1f0007'
    'x-ms-version': 'REDACTED'
    'Date': 'Wed, 01 May 2024 23:00:46 GMT'
[2024-05-01T23:00:43.643+0000] {scripts.py:19} INFO - download completed
[2024-05-01T23:00:43.644+0000] {python.py:237} INFO - Done. Returned value was: None
[2024-05-01T23:00:43.645+0000] {taskinstance.py:441} INFO - ::group::Post task execution logs
[2024-05-01T23:00:43.657+0000] {taskinstance.py:1205} INFO - Marking task as SUCCESS. dag_id=dag_yellow_cab, task_id=request_file, execution_date=20240501T230041, start_date=20240501T230042, end_date=20240501T230043
[2024-05-01T23:00:43.690+0000] {local_task_job_runner.py:240} INFO - Task exited with return code 0
[2024-05-01T23:00:43.713+0000] {taskinstance.py:3482} INFO - 1 downstream tasks scheduled from follow-on schedule check
[2024-05-01T23:00:43.714+0000] {local_task_job_runner.py:222} INFO - ::endgroup::
