[2024-04-29T01:13:49.206+0000] {local_task_job_runner.py:120} INFO - ::group::Pre task execution logs
[2024-04-29T01:13:49.278+0000] {taskinstance.py:2073} INFO - Dependencies all met for dep_context=non-requeueable deps ti=<TaskInstance: dag_yellow_cab.download_file scheduled__2024-04-28T00:00:00+00:00 [queued]>
[2024-04-29T01:13:49.301+0000] {taskinstance.py:2073} INFO - Dependencies all met for dep_context=requeueable deps ti=<TaskInstance: dag_yellow_cab.download_file scheduled__2024-04-28T00:00:00+00:00 [queued]>
[2024-04-29T01:13:49.302+0000] {taskinstance.py:2303} INFO - Starting attempt 1 of 1
[2024-04-29T01:13:49.329+0000] {taskinstance.py:2327} INFO - Executing <Task(PythonOperator): download_file> on 2024-04-28 00:00:00+00:00
[2024-04-29T01:13:49.347+0000] {warnings.py:110} WARNING - /home/***/.local/lib/python3.12/site-packages/***/task/task_runner/standard_task_runner.py:61: DeprecationWarning: This process (pid=65) is multi-threaded, use of fork() may lead to deadlocks in the child.
  pid = os.fork()

[2024-04-29T01:13:49.361+0000] {standard_task_runner.py:63} INFO - Started process 67 to run task
[2024-04-29T01:13:49.347+0000] {standard_task_runner.py:90} INFO - Running: ['***', 'tasks', 'run', 'dag_yellow_cab', 'download_file', 'scheduled__2024-04-28T00:00:00+00:00', '--job-id', '59', '--raw', '--subdir', 'DAGS_FOLDER/data_pipeline_cab.py', '--cfg-path', '/tmp/tmptq5a7izr']
[2024-04-29T01:13:49.362+0000] {standard_task_runner.py:91} INFO - Job 59: Subtask download_file
[2024-04-29T01:13:49.602+0000] {task_command.py:426} INFO - Running <TaskInstance: dag_yellow_cab.download_file scheduled__2024-04-28T00:00:00+00:00 [running]> on host 23d552c806ec
[2024-04-29T01:13:49.850+0000] {taskinstance.py:2644} INFO - Exporting env vars: AIRFLOW_CTX_DAG_OWNER='***' AIRFLOW_CTX_DAG_ID='dag_yellow_cab' AIRFLOW_CTX_TASK_ID='download_file' AIRFLOW_CTX_EXECUTION_DATE='2024-04-28T00:00:00+00:00' AIRFLOW_CTX_TRY_NUMBER='1' AIRFLOW_CTX_DAG_RUN_ID='scheduled__2024-04-28T00:00:00+00:00'
[2024-04-29T01:13:49.851+0000] {taskinstance.py:430} INFO - ::endgroup::
[2024-04-29T01:13:49.891+0000] {_universal.py:514} INFO - Request URL: 'https://azureyellowcab.blob.core.windows.net/cabfiles?restype=REDACTED&comp=REDACTED'
Request method: 'GET'
Request headers:
    'x-ms-version': 'REDACTED'
    'Accept': 'application/xml'
    'User-Agent': 'azsdk-python-storage-blob/12.19.1 Python/3.12.2 (Linux-6.6.22-linuxkit-x86_64-with-glibc2.36)'
    'x-ms-date': 'REDACTED'
    'x-ms-client-request-id': 'bc6038f8-05c5-11ef-abc9-0242c0a82005'
    'Authorization': 'REDACTED'
No body was attached to the request
[2024-04-29T01:13:50.402+0000] {_universal.py:550} INFO - Response status: 200
Response headers:
    'Transfer-Encoding': 'chunked'
    'Content-Type': 'application/xml'
    'Server': 'Windows-Azure-Blob/1.0 Microsoft-HTTPAPI/2.0'
    'x-ms-request-id': 'fa2266ff-f01e-003f-1ed2-99003c000000'
    'x-ms-client-request-id': 'bc6038f8-05c5-11ef-abc9-0242c0a82005'
    'x-ms-version': 'REDACTED'
    'Date': 'Mon, 29 Apr 2024 01:13:50 GMT'
[2024-04-29T01:13:50.417+0000] {python.py:237} INFO - Done. Returned value was: None
[2024-04-29T01:13:50.418+0000] {taskinstance.py:441} INFO - ::group::Post task execution logs
[2024-04-29T01:13:50.472+0000] {taskinstance.py:1205} INFO - Marking task as SUCCESS. dag_id=dag_yellow_cab, task_id=download_file, execution_date=20240428T000000, start_date=20240429T011349, end_date=20240429T011350
[2024-04-29T01:13:50.535+0000] {local_task_job_runner.py:240} INFO - Task exited with return code 0
[2024-04-29T01:13:50.561+0000] {taskinstance.py:3482} INFO - 1 downstream tasks scheduled from follow-on schedule check
[2024-04-29T01:13:50.562+0000] {local_task_job_runner.py:222} INFO - ::endgroup::
