[2024-04-28T17:28:19.042+0000] {local_task_job_runner.py:120} INFO - ::group::Pre task execution logs
[2024-04-28T17:28:19.065+0000] {taskinstance.py:2073} INFO - Dependencies all met for dep_context=non-requeueable deps ti=<TaskInstance: dag_yellow_cab.download_file manual__2024-04-28T17:28:16.477292+00:00 [queued]>
[2024-04-28T17:28:19.073+0000] {taskinstance.py:2073} INFO - Dependencies all met for dep_context=requeueable deps ti=<TaskInstance: dag_yellow_cab.download_file manual__2024-04-28T17:28:16.477292+00:00 [queued]>
[2024-04-28T17:28:19.074+0000] {taskinstance.py:2303} INFO - Starting attempt 1 of 1
[2024-04-28T17:28:19.088+0000] {taskinstance.py:2327} INFO - Executing <Task(PythonOperator): download_file> on 2024-04-28 17:28:16.477292+00:00
[2024-04-28T17:28:19.093+0000] {warnings.py:110} WARNING - /home/***/.local/lib/python3.12/site-packages/***/task/task_runner/standard_task_runner.py:61: DeprecationWarning: This process (pid=254) is multi-threaded, use of fork() may lead to deadlocks in the child.
  pid = os.fork()

[2024-04-28T17:28:19.095+0000] {standard_task_runner.py:63} INFO - Started process 257 to run task
[2024-04-28T17:28:19.097+0000] {standard_task_runner.py:90} INFO - Running: ['***', 'tasks', 'run', 'dag_yellow_cab', 'download_file', 'manual__2024-04-28T17:28:16.477292+00:00', '--job-id', '11', '--raw', '--subdir', 'DAGS_FOLDER/data_pipeline_cab.py', '--cfg-path', '/tmp/tmphrxl3joc']
[2024-04-28T17:28:19.100+0000] {standard_task_runner.py:91} INFO - Job 11: Subtask download_file
[2024-04-28T17:28:19.142+0000] {task_command.py:426} INFO - Running <TaskInstance: dag_yellow_cab.download_file manual__2024-04-28T17:28:16.477292+00:00 [running]> on host b04c08af0cfe
[2024-04-28T17:28:19.275+0000] {taskinstance.py:2644} INFO - Exporting env vars: AIRFLOW_CTX_DAG_OWNER='***' AIRFLOW_CTX_DAG_ID='dag_yellow_cab' AIRFLOW_CTX_TASK_ID='download_file' AIRFLOW_CTX_EXECUTION_DATE='2024-04-28T17:28:16.477292+00:00' AIRFLOW_CTX_TRY_NUMBER='1' AIRFLOW_CTX_DAG_RUN_ID='manual__2024-04-28T17:28:16.477292+00:00'
[2024-04-28T17:28:19.276+0000] {taskinstance.py:430} INFO - ::endgroup::
[2024-04-28T17:28:19.440+0000] {logging_mixin.py:188} INFO - file_download
[2024-04-28T17:28:19.441+0000] {python.py:237} INFO - Done. Returned value was: None
[2024-04-28T17:28:19.442+0000] {taskinstance.py:441} INFO - ::group::Post task execution logs
[2024-04-28T17:28:19.561+0000] {taskinstance.py:1205} INFO - Marking task as SUCCESS. dag_id=dag_yellow_cab, task_id=download_file, execution_date=20240428T172816, start_date=20240428T172819, end_date=20240428T172819
[2024-04-28T17:28:19.645+0000] {local_task_job_runner.py:240} INFO - Task exited with return code 0
[2024-04-28T17:28:19.675+0000] {taskinstance.py:3482} INFO - 1 downstream tasks scheduled from follow-on schedule check
[2024-04-28T17:28:19.677+0000] {local_task_job_runner.py:222} INFO - ::endgroup::
