[2024-04-30T05:20:01.530+0000] {local_task_job_runner.py:120} INFO - ::group::Pre task execution logs
[2024-04-30T05:20:01.557+0000] {taskinstance.py:2073} INFO - Dependencies all met for dep_context=non-requeueable deps ti=<TaskInstance: dag_yellow_cab.request_file manual__2024-04-30T05:19:57.516367+00:00 [queued]>
[2024-04-30T05:20:01.566+0000] {taskinstance.py:2073} INFO - Dependencies all met for dep_context=requeueable deps ti=<TaskInstance: dag_yellow_cab.request_file manual__2024-04-30T05:19:57.516367+00:00 [queued]>
[2024-04-30T05:20:01.567+0000] {taskinstance.py:2303} INFO - Starting attempt 1 of 1
[2024-04-30T05:20:01.580+0000] {taskinstance.py:2327} INFO - Executing <Task(PythonOperator): request_file> on 2024-04-30 05:19:57.516367+00:00
[2024-04-30T05:20:01.589+0000] {warnings.py:110} WARNING - /home/***/.local/lib/python3.12/site-packages/***/task/task_runner/standard_task_runner.py:61: DeprecationWarning: This process (pid=285) is multi-threaded, use of fork() may lead to deadlocks in the child.
  pid = os.fork()

[2024-04-30T05:20:01.592+0000] {standard_task_runner.py:63} INFO - Started process 294 to run task
[2024-04-30T05:20:01.590+0000] {standard_task_runner.py:90} INFO - Running: ['***', 'tasks', 'run', 'dag_yellow_cab', 'request_file', 'manual__2024-04-30T05:19:57.516367+00:00', '--job-id', '181', '--raw', '--subdir', 'DAGS_FOLDER/dag.py', '--cfg-path', '/tmp/tmpp42f12zx']
[2024-04-30T05:20:01.595+0000] {standard_task_runner.py:91} INFO - Job 181: Subtask request_file
[2024-04-30T05:20:01.651+0000] {task_command.py:426} INFO - Running <TaskInstance: dag_yellow_cab.request_file manual__2024-04-30T05:19:57.516367+00:00 [running]> on host e36dc0515470
[2024-04-30T05:20:01.757+0000] {taskinstance.py:2644} INFO - Exporting env vars: AIRFLOW_CTX_DAG_OWNER='***' AIRFLOW_CTX_DAG_ID='dag_yellow_cab' AIRFLOW_CTX_TASK_ID='request_file' AIRFLOW_CTX_EXECUTION_DATE='2024-04-30T05:19:57.516367+00:00' AIRFLOW_CTX_TRY_NUMBER='1' AIRFLOW_CTX_DAG_RUN_ID='manual__2024-04-30T05:19:57.516367+00:00'
[2024-04-30T05:20:01.758+0000] {taskinstance.py:430} INFO - ::endgroup::
[2024-04-30T05:20:01.793+0000] {_universal.py:514} INFO - Request URL: 'https://azureyellowcab.blob.core.windows.net/cabfiles?restype=REDACTED&comp=REDACTED'
Request method: 'GET'
Request headers:
    'x-ms-version': 'REDACTED'
    'Accept': 'application/xml'
    'User-Agent': 'azsdk-python-storage-blob/12.19.1 Python/3.12.2 (Linux-6.6.22-linuxkit-x86_64-with-glibc2.36)'
    'x-ms-date': 'REDACTED'
    'x-ms-client-request-id': '4b876ace-06b1-11ef-a404-0242c0a82007'
    'Authorization': 'REDACTED'
No body was attached to the request
[2024-04-30T05:20:02.292+0000] {_universal.py:550} INFO - Response status: 200
Response headers:
    'Transfer-Encoding': 'chunked'
    'Content-Type': 'application/xml'
    'Server': 'Windows-Azure-Blob/1.0 Microsoft-HTTPAPI/2.0'
    'x-ms-request-id': '4ad627ae-c01e-0056-62be-9a3970000000'
    'x-ms-client-request-id': '4b876ace-06b1-11ef-a404-0242c0a82007'
    'x-ms-version': 'REDACTED'
    'Date': 'Tue, 30 Apr 2024 05:20:01 GMT'
[2024-04-30T05:20:02.328+0000] {_universal.py:514} INFO - Request URL: 'https://azureyellowcab.blob.core.windows.net/cabfiles/yellow_tripdata_2011-02.parquet'
Request method: 'GET'
Request headers:
    'x-ms-range': 'REDACTED'
    'x-ms-version': 'REDACTED'
    'Accept': 'application/xml'
    'User-Agent': 'azsdk-python-storage-blob/12.19.1 Python/3.12.2 (Linux-6.6.22-linuxkit-x86_64-with-glibc2.36)'
    'x-ms-date': 'REDACTED'
    'x-ms-client-request-id': '4bd91d74-06b1-11ef-a404-0242c0a82007'
    'Authorization': 'REDACTED'
No body was attached to the request
[2024-04-30T05:20:02.446+0000] {_universal.py:550} INFO - Response status: 206
Response headers:
    'Content-Length': '33554432'
    'Content-Type': 'application/octet-stream'
    'Content-Range': 'REDACTED'
    'Last-Modified': 'Tue, 30 Apr 2024 04:47:12 GMT'
    'Accept-Ranges': 'REDACTED'
    'ETag': '"0x8DC68D099B8E3CA"'
    'Server': 'Windows-Azure-Blob/1.0 Microsoft-HTTPAPI/2.0'
    'x-ms-request-id': '4ad62813-c01e-0056-35be-9a3970000000'
    'x-ms-client-request-id': '4bd91d74-06b1-11ef-a404-0242c0a82007'
    'x-ms-version': 'REDACTED'
    'x-ms-creation-time': 'REDACTED'
    'x-ms-lease-status': 'REDACTED'
    'x-ms-lease-state': 'REDACTED'
    'x-ms-blob-type': 'REDACTED'
    'x-ms-server-encrypted': 'REDACTED'
    'Date': 'Tue, 30 Apr 2024 05:20:02 GMT'
[2024-04-30T05:20:07.203+0000] {_universal.py:514} INFO - Request URL: 'https://azureyellowcab.blob.core.windows.net/cabfiles/yellow_tripdata_2011-02.parquet'
Request method: 'GET'
Request headers:
    'x-ms-range': 'REDACTED'
    'If-Match': '"0x8DC68D099B8E3CA"'
    'x-ms-version': 'REDACTED'
    'Accept': 'application/xml'
    'User-Agent': 'azsdk-python-storage-blob/12.19.1 Python/3.12.2 (Linux-6.6.22-linuxkit-x86_64-with-glibc2.36)'
    'x-ms-date': 'REDACTED'
    'x-ms-client-request-id': '4ec0ffb6-06b1-11ef-a404-0242c0a82007'
    'Authorization': 'REDACTED'
No body was attached to the request
[2024-04-30T05:20:07.339+0000] {_universal.py:550} INFO - Response status: 206
Response headers:
    'Content-Length': '4194304'
    'Content-Type': 'application/octet-stream'
    'Content-Range': 'REDACTED'
    'Last-Modified': 'Tue, 30 Apr 2024 04:47:12 GMT'
    'Accept-Ranges': 'REDACTED'
    'ETag': '"0x8DC68D099B8E3CA"'
    'Server': 'Windows-Azure-Blob/1.0 Microsoft-HTTPAPI/2.0'
    'x-ms-request-id': '4ad6387a-c01e-0056-64be-9a3970000000'
    'x-ms-client-request-id': '4ec0ffb6-06b1-11ef-a404-0242c0a82007'
    'x-ms-version': 'REDACTED'
    'x-ms-creation-time': 'REDACTED'
    'x-ms-lease-status': 'REDACTED'
    'x-ms-lease-state': 'REDACTED'
    'x-ms-blob-type': 'REDACTED'
    'x-ms-server-encrypted': 'REDACTED'
    'Date': 'Tue, 30 Apr 2024 05:20:07 GMT'
[2024-04-30T05:20:07.781+0000] {_universal.py:514} INFO - Request URL: 'https://azureyellowcab.blob.core.windows.net/cabfiles/yellow_tripdata_2011-02.parquet'
Request method: 'GET'
Request headers:
    'x-ms-range': 'REDACTED'
    'If-Match': '"0x8DC68D099B8E3CA"'
    'x-ms-version': 'REDACTED'
    'Accept': 'application/xml'
    'User-Agent': 'azsdk-python-storage-blob/12.19.1 Python/3.12.2 (Linux-6.6.22-linuxkit-x86_64-with-glibc2.36)'
    'x-ms-date': 'REDACTED'
    'x-ms-client-request-id': '4f19475c-06b1-11ef-a404-0242c0a82007'
    'Authorization': 'REDACTED'
No body was attached to the request
[2024-04-30T05:20:07.906+0000] {_universal.py:550} INFO - Response status: 206
Response headers:
    'Content-Length': '4194304'
    'Content-Type': 'application/octet-stream'
    'Content-Range': 'REDACTED'
    'Last-Modified': 'Tue, 30 Apr 2024 04:47:12 GMT'
    'Accept-Ranges': 'REDACTED'
    'ETag': '"0x8DC68D099B8E3CA"'
    'Server': 'Windows-Azure-Blob/1.0 Microsoft-HTTPAPI/2.0'
    'x-ms-request-id': '4ad63a29-c01e-0056-71be-9a3970000000'
    'x-ms-client-request-id': '4f19475c-06b1-11ef-a404-0242c0a82007'
    'x-ms-version': 'REDACTED'
    'x-ms-creation-time': 'REDACTED'
    'x-ms-lease-status': 'REDACTED'
    'x-ms-lease-state': 'REDACTED'
    'x-ms-blob-type': 'REDACTED'
    'x-ms-server-encrypted': 'REDACTED'
    'Date': 'Tue, 30 Apr 2024 05:20:07 GMT'
[2024-04-30T05:20:08.342+0000] {_universal.py:514} INFO - Request URL: 'https://azureyellowcab.blob.core.windows.net/cabfiles/yellow_tripdata_2011-02.parquet'
Request method: 'GET'
Request headers:
    'x-ms-range': 'REDACTED'
    'If-Match': '"0x8DC68D099B8E3CA"'
    'x-ms-version': 'REDACTED'
    'Accept': 'application/xml'
    'User-Agent': 'azsdk-python-storage-blob/12.19.1 Python/3.12.2 (Linux-6.6.22-linuxkit-x86_64-with-glibc2.36)'
    'x-ms-date': 'REDACTED'
    'x-ms-client-request-id': '4f6ec786-06b1-11ef-a404-0242c0a82007'
    'Authorization': 'REDACTED'
No body was attached to the request
[2024-04-30T05:20:08.478+0000] {_universal.py:550} INFO - Response status: 206
Response headers:
    'Content-Length': '4194304'
    'Content-Type': 'application/octet-stream'
    'Content-Range': 'REDACTED'
    'Last-Modified': 'Tue, 30 Apr 2024 04:47:12 GMT'
    'Accept-Ranges': 'REDACTED'
    'ETag': '"0x8DC68D099B8E3CA"'
    'Server': 'Windows-Azure-Blob/1.0 Microsoft-HTTPAPI/2.0'
    'x-ms-request-id': '4ad63bca-c01e-0056-63be-9a3970000000'
    'x-ms-client-request-id': '4f6ec786-06b1-11ef-a404-0242c0a82007'
    'x-ms-version': 'REDACTED'
    'x-ms-creation-time': 'REDACTED'
    'x-ms-lease-status': 'REDACTED'
    'x-ms-lease-state': 'REDACTED'
    'x-ms-blob-type': 'REDACTED'
    'x-ms-server-encrypted': 'REDACTED'
    'Date': 'Tue, 30 Apr 2024 05:20:08 GMT'
[2024-04-30T05:20:09.018+0000] {_universal.py:514} INFO - Request URL: 'https://azureyellowcab.blob.core.windows.net/cabfiles/yellow_tripdata_2011-02.parquet'
Request method: 'GET'
Request headers:
    'x-ms-range': 'REDACTED'
    'If-Match': '"0x8DC68D099B8E3CA"'
    'x-ms-version': 'REDACTED'
    'Accept': 'application/xml'
    'User-Agent': 'azsdk-python-storage-blob/12.19.1 Python/3.12.2 (Linux-6.6.22-linuxkit-x86_64-with-glibc2.36)'
    'x-ms-date': 'REDACTED'
    'x-ms-client-request-id': '4fd60860-06b1-11ef-a404-0242c0a82007'
    'Authorization': 'REDACTED'
No body was attached to the request
[2024-04-30T05:20:09.146+0000] {_universal.py:550} INFO - Response status: 206
Response headers:
    'Content-Length': '4194304'
    'Content-Type': 'application/octet-stream'
    'Content-Range': 'REDACTED'
    'Last-Modified': 'Tue, 30 Apr 2024 04:47:12 GMT'
    'Accept-Ranges': 'REDACTED'
    'ETag': '"0x8DC68D099B8E3CA"'
    'Server': 'Windows-Azure-Blob/1.0 Microsoft-HTTPAPI/2.0'
    'x-ms-request-id': '4ad63dff-c01e-0056-66be-9a3970000000'
    'x-ms-client-request-id': '4fd60860-06b1-11ef-a404-0242c0a82007'
    'x-ms-version': 'REDACTED'
    'x-ms-creation-time': 'REDACTED'
    'x-ms-lease-status': 'REDACTED'
    'x-ms-lease-state': 'REDACTED'
    'x-ms-blob-type': 'REDACTED'
    'x-ms-server-encrypted': 'REDACTED'
    'Date': 'Tue, 30 Apr 2024 05:20:08 GMT'
[2024-04-30T05:20:09.757+0000] {_universal.py:514} INFO - Request URL: 'https://azureyellowcab.blob.core.windows.net/cabfiles/yellow_tripdata_2011-02.parquet'
Request method: 'GET'
Request headers:
    'x-ms-range': 'REDACTED'
    'If-Match': '"0x8DC68D099B8E3CA"'
    'x-ms-version': 'REDACTED'
    'Accept': 'application/xml'
    'User-Agent': 'azsdk-python-storage-blob/12.19.1 Python/3.12.2 (Linux-6.6.22-linuxkit-x86_64-with-glibc2.36)'
    'x-ms-date': 'REDACTED'
    'x-ms-client-request-id': '5046baec-06b1-11ef-a404-0242c0a82007'
    'Authorization': 'REDACTED'
No body was attached to the request
[2024-04-30T05:20:09.888+0000] {_universal.py:550} INFO - Response status: 206
Response headers:
    'Content-Length': '4194304'
    'Content-Type': 'application/octet-stream'
    'Content-Range': 'REDACTED'
    'Last-Modified': 'Tue, 30 Apr 2024 04:47:12 GMT'
    'Accept-Ranges': 'REDACTED'
    'ETag': '"0x8DC68D099B8E3CA"'
    'Server': 'Windows-Azure-Blob/1.0 Microsoft-HTTPAPI/2.0'
    'x-ms-request-id': '4ad64039-c01e-0056-69be-9a3970000000'
    'x-ms-client-request-id': '5046baec-06b1-11ef-a404-0242c0a82007'
    'x-ms-version': 'REDACTED'
    'x-ms-creation-time': 'REDACTED'
    'x-ms-lease-status': 'REDACTED'
    'x-ms-lease-state': 'REDACTED'
    'x-ms-blob-type': 'REDACTED'
    'x-ms-server-encrypted': 'REDACTED'
    'Date': 'Tue, 30 Apr 2024 05:20:09 GMT'
[2024-04-30T05:20:10.443+0000] {_universal.py:514} INFO - Request URL: 'https://azureyellowcab.blob.core.windows.net/cabfiles/yellow_tripdata_2011-02.parquet'
Request method: 'GET'
Request headers:
    'x-ms-range': 'REDACTED'
    'If-Match': '"0x8DC68D099B8E3CA"'
    'x-ms-version': 'REDACTED'
    'Accept': 'application/xml'
    'User-Agent': 'azsdk-python-storage-blob/12.19.1 Python/3.12.2 (Linux-6.6.22-linuxkit-x86_64-with-glibc2.36)'
    'x-ms-date': 'REDACTED'
    'x-ms-client-request-id': '50af6916-06b1-11ef-a404-0242c0a82007'
    'Authorization': 'REDACTED'
No body was attached to the request
[2024-04-30T05:20:10.564+0000] {_universal.py:550} INFO - Response status: 206
Response headers:
    'Content-Length': '4194304'
    'Content-Type': 'application/octet-stream'
    'Content-Range': 'REDACTED'
    'Last-Modified': 'Tue, 30 Apr 2024 04:47:12 GMT'
    'Accept-Ranges': 'REDACTED'
    'ETag': '"0x8DC68D099B8E3CA"'
    'Server': 'Windows-Azure-Blob/1.0 Microsoft-HTTPAPI/2.0'
    'x-ms-request-id': '4ad6429a-c01e-0056-16be-9a3970000000'
    'x-ms-client-request-id': '50af6916-06b1-11ef-a404-0242c0a82007'
    'x-ms-version': 'REDACTED'
    'x-ms-creation-time': 'REDACTED'
    'x-ms-lease-status': 'REDACTED'
    'x-ms-lease-state': 'REDACTED'
    'x-ms-blob-type': 'REDACTED'
    'x-ms-server-encrypted': 'REDACTED'
    'Date': 'Tue, 30 Apr 2024 05:20:10 GMT'
[2024-04-30T05:20:11.086+0000] {_universal.py:514} INFO - Request URL: 'https://azureyellowcab.blob.core.windows.net/cabfiles/yellow_tripdata_2011-02.parquet'
Request method: 'GET'
Request headers:
    'x-ms-range': 'REDACTED'
    'If-Match': '"0x8DC68D099B8E3CA"'
    'x-ms-version': 'REDACTED'
    'Accept': 'application/xml'
    'User-Agent': 'azsdk-python-storage-blob/12.19.1 Python/3.12.2 (Linux-6.6.22-linuxkit-x86_64-with-glibc2.36)'
    'x-ms-date': 'REDACTED'
    'x-ms-client-request-id': '51117c0a-06b1-11ef-a404-0242c0a82007'
    'Authorization': 'REDACTED'
No body was attached to the request
[2024-04-30T05:20:11.205+0000] {_universal.py:550} INFO - Response status: 206
Response headers:
    'Content-Length': '4194304'
    'Content-Type': 'application/octet-stream'
    'Content-Range': 'REDACTED'
    'Last-Modified': 'Tue, 30 Apr 2024 04:47:12 GMT'
    'Accept-Ranges': 'REDACTED'
    'ETag': '"0x8DC68D099B8E3CA"'
    'Server': 'Windows-Azure-Blob/1.0 Microsoft-HTTPAPI/2.0'
    'x-ms-request-id': '4ad6451b-c01e-0056-6fbe-9a3970000000'
    'x-ms-client-request-id': '51117c0a-06b1-11ef-a404-0242c0a82007'
    'x-ms-version': 'REDACTED'
    'x-ms-creation-time': 'REDACTED'
    'x-ms-lease-status': 'REDACTED'
    'x-ms-lease-state': 'REDACTED'
    'x-ms-blob-type': 'REDACTED'
    'x-ms-server-encrypted': 'REDACTED'
    'Date': 'Tue, 30 Apr 2024 05:20:10 GMT'
[2024-04-30T05:20:11.716+0000] {_universal.py:514} INFO - Request URL: 'https://azureyellowcab.blob.core.windows.net/cabfiles/yellow_tripdata_2011-02.parquet'
Request method: 'GET'
Request headers:
    'x-ms-range': 'REDACTED'
    'If-Match': '"0x8DC68D099B8E3CA"'
    'x-ms-version': 'REDACTED'
    'Accept': 'application/xml'
    'User-Agent': 'azsdk-python-storage-blob/12.19.1 Python/3.12.2 (Linux-6.6.22-linuxkit-x86_64-with-glibc2.36)'
    'x-ms-date': 'REDACTED'
    'x-ms-client-request-id': '517193ec-06b1-11ef-a404-0242c0a82007'
    'Authorization': 'REDACTED'
No body was attached to the request
[2024-04-30T05:20:11.876+0000] {_universal.py:550} INFO - Response status: 206
Response headers:
    'Content-Length': '4194304'
    'Content-Type': 'application/octet-stream'
    'Content-Range': 'REDACTED'
    'Last-Modified': 'Tue, 30 Apr 2024 04:47:12 GMT'
    'Accept-Ranges': 'REDACTED'
    'ETag': '"0x8DC68D099B8E3CA"'
    'Server': 'Windows-Azure-Blob/1.0 Microsoft-HTTPAPI/2.0'
    'x-ms-request-id': '4ad64797-c01e-0056-3abe-9a3970000000'
    'x-ms-client-request-id': '517193ec-06b1-11ef-a404-0242c0a82007'
    'x-ms-version': 'REDACTED'
    'x-ms-creation-time': 'REDACTED'
    'x-ms-lease-status': 'REDACTED'
    'x-ms-lease-state': 'REDACTED'
    'x-ms-blob-type': 'REDACTED'
    'x-ms-server-encrypted': 'REDACTED'
    'Date': 'Tue, 30 Apr 2024 05:20:11 GMT'
[2024-04-30T05:20:12.434+0000] {_universal.py:514} INFO - Request URL: 'https://azureyellowcab.blob.core.windows.net/cabfiles/yellow_tripdata_2011-02.parquet'
Request method: 'GET'
Request headers:
    'x-ms-range': 'REDACTED'
    'If-Match': '"0x8DC68D099B8E3CA"'
    'x-ms-version': 'REDACTED'
    'Accept': 'application/xml'
    'User-Agent': 'azsdk-python-storage-blob/12.19.1 Python/3.12.2 (Linux-6.6.22-linuxkit-x86_64-with-glibc2.36)'
    'x-ms-date': 'REDACTED'
    'x-ms-client-request-id': '51df2db2-06b1-11ef-a404-0242c0a82007'
    'Authorization': 'REDACTED'
No body was attached to the request
[2024-04-30T05:20:12.545+0000] {_universal.py:550} INFO - Response status: 206
Response headers:
    'Content-Length': '4194304'
    'Content-Type': 'application/octet-stream'
    'Content-Range': 'REDACTED'
    'Last-Modified': 'Tue, 30 Apr 2024 04:47:12 GMT'
    'Accept-Ranges': 'REDACTED'
    'ETag': '"0x8DC68D099B8E3CA"'
    'Server': 'Windows-Azure-Blob/1.0 Microsoft-HTTPAPI/2.0'
    'x-ms-request-id': '4ad649ea-c01e-0056-50be-9a3970000000'
    'x-ms-client-request-id': '51df2db2-06b1-11ef-a404-0242c0a82007'
    'x-ms-version': 'REDACTED'
    'x-ms-creation-time': 'REDACTED'
    'x-ms-lease-status': 'REDACTED'
    'x-ms-lease-state': 'REDACTED'
    'x-ms-blob-type': 'REDACTED'
    'x-ms-server-encrypted': 'REDACTED'
    'Date': 'Tue, 30 Apr 2024 05:20:12 GMT'
[2024-04-30T05:20:13.066+0000] {_universal.py:514} INFO - Request URL: 'https://azureyellowcab.blob.core.windows.net/cabfiles/yellow_tripdata_2011-02.parquet'
Request method: 'GET'
Request headers:
    'x-ms-range': 'REDACTED'
    'If-Match': '"0x8DC68D099B8E3CA"'
    'x-ms-version': 'REDACTED'
    'Accept': 'application/xml'
    'User-Agent': 'azsdk-python-storage-blob/12.19.1 Python/3.12.2 (Linux-6.6.22-linuxkit-x86_64-with-glibc2.36)'
    'x-ms-date': 'REDACTED'
    'x-ms-client-request-id': '523fbd94-06b1-11ef-a404-0242c0a82007'
    'Authorization': 'REDACTED'
No body was attached to the request
[2024-04-30T05:20:13.192+0000] {_universal.py:550} INFO - Response status: 206
Response headers:
    'Content-Length': '4194304'
    'Content-Type': 'application/octet-stream'
    'Content-Range': 'REDACTED'
    'Last-Modified': 'Tue, 30 Apr 2024 04:47:12 GMT'
    'Accept-Ranges': 'REDACTED'
    'ETag': '"0x8DC68D099B8E3CA"'
    'Server': 'Windows-Azure-Blob/1.0 Microsoft-HTTPAPI/2.0'
    'x-ms-request-id': '4ad64c7c-c01e-0056-35be-9a3970000000'
    'x-ms-client-request-id': '523fbd94-06b1-11ef-a404-0242c0a82007'
    'x-ms-version': 'REDACTED'
    'x-ms-creation-time': 'REDACTED'
    'x-ms-lease-status': 'REDACTED'
    'x-ms-lease-state': 'REDACTED'
    'x-ms-blob-type': 'REDACTED'
    'x-ms-server-encrypted': 'REDACTED'
    'Date': 'Tue, 30 Apr 2024 05:20:12 GMT'
[2024-04-30T05:20:13.729+0000] {_universal.py:514} INFO - Request URL: 'https://azureyellowcab.blob.core.windows.net/cabfiles/yellow_tripdata_2011-02.parquet'
Request method: 'GET'
Request headers:
    'x-ms-range': 'REDACTED'
    'If-Match': '"0x8DC68D099B8E3CA"'
    'x-ms-version': 'REDACTED'
    'Accept': 'application/xml'
    'User-Agent': 'azsdk-python-storage-blob/12.19.1 Python/3.12.2 (Linux-6.6.22-linuxkit-x86_64-with-glibc2.36)'
    'x-ms-date': 'REDACTED'
    'x-ms-client-request-id': '52a4d72e-06b1-11ef-a404-0242c0a82007'
    'Authorization': 'REDACTED'
No body was attached to the request
[2024-04-30T05:20:13.859+0000] {_universal.py:550} INFO - Response status: 206
Response headers:
    'Content-Length': '4194304'
    'Content-Type': 'application/octet-stream'
    'Content-Range': 'REDACTED'
    'Last-Modified': 'Tue, 30 Apr 2024 04:47:12 GMT'
    'Accept-Ranges': 'REDACTED'
    'ETag': '"0x8DC68D099B8E3CA"'
    'Server': 'Windows-Azure-Blob/1.0 Microsoft-HTTPAPI/2.0'
    'x-ms-request-id': '4ad64eb6-c01e-0056-34be-9a3970000000'
    'x-ms-client-request-id': '52a4d72e-06b1-11ef-a404-0242c0a82007'
    'x-ms-version': 'REDACTED'
    'x-ms-creation-time': 'REDACTED'
    'x-ms-lease-status': 'REDACTED'
    'x-ms-lease-state': 'REDACTED'
    'x-ms-blob-type': 'REDACTED'
    'x-ms-server-encrypted': 'REDACTED'
    'Date': 'Tue, 30 Apr 2024 05:20:13 GMT'
[2024-04-30T05:20:14.342+0000] {_universal.py:514} INFO - Request URL: 'https://azureyellowcab.blob.core.windows.net/cabfiles/yellow_tripdata_2011-02.parquet'
Request method: 'GET'
Request headers:
    'x-ms-range': 'REDACTED'
    'If-Match': '"0x8DC68D099B8E3CA"'
    'x-ms-version': 'REDACTED'
    'Accept': 'application/xml'
    'User-Agent': 'azsdk-python-storage-blob/12.19.1 Python/3.12.2 (Linux-6.6.22-linuxkit-x86_64-with-glibc2.36)'
    'x-ms-date': 'REDACTED'
    'x-ms-client-request-id': '5302700a-06b1-11ef-a404-0242c0a82007'
    'Authorization': 'REDACTED'
No body was attached to the request
[2024-04-30T05:20:14.474+0000] {_universal.py:550} INFO - Response status: 206
Response headers:
    'Content-Length': '4194304'
    'Content-Type': 'application/octet-stream'
    'Content-Range': 'REDACTED'
    'Last-Modified': 'Tue, 30 Apr 2024 04:47:12 GMT'
    'Accept-Ranges': 'REDACTED'
    'ETag': '"0x8DC68D099B8E3CA"'
    'Server': 'Windows-Azure-Blob/1.0 Microsoft-HTTPAPI/2.0'
    'x-ms-request-id': '4ad6509f-c01e-0056-62be-9a3970000000'
    'x-ms-client-request-id': '5302700a-06b1-11ef-a404-0242c0a82007'
    'x-ms-version': 'REDACTED'
    'x-ms-creation-time': 'REDACTED'
    'x-ms-lease-status': 'REDACTED'
    'x-ms-lease-state': 'REDACTED'
    'x-ms-blob-type': 'REDACTED'
    'x-ms-server-encrypted': 'REDACTED'
    'Date': 'Tue, 30 Apr 2024 05:20:14 GMT'
[2024-04-30T05:20:14.946+0000] {_universal.py:514} INFO - Request URL: 'https://azureyellowcab.blob.core.windows.net/cabfiles/yellow_tripdata_2011-02.parquet'
Request method: 'GET'
Request headers:
    'x-ms-range': 'REDACTED'
    'If-Match': '"0x8DC68D099B8E3CA"'
    'x-ms-version': 'REDACTED'
    'Accept': 'application/xml'
    'User-Agent': 'azsdk-python-storage-blob/12.19.1 Python/3.12.2 (Linux-6.6.22-linuxkit-x86_64-with-glibc2.36)'
    'x-ms-date': 'REDACTED'
    'x-ms-client-request-id': '535e98d0-06b1-11ef-a404-0242c0a82007'
    'Authorization': 'REDACTED'
No body was attached to the request
[2024-04-30T05:20:15.097+0000] {_universal.py:550} INFO - Response status: 206
Response headers:
    'Content-Length': '4194304'
    'Content-Type': 'application/octet-stream'
    'Content-Range': 'REDACTED'
    'Last-Modified': 'Tue, 30 Apr 2024 04:47:12 GMT'
    'Accept-Ranges': 'REDACTED'
    'ETag': '"0x8DC68D099B8E3CA"'
    'Server': 'Windows-Azure-Blob/1.0 Microsoft-HTTPAPI/2.0'
    'x-ms-request-id': '4ad6529d-c01e-0056-22be-9a3970000000'
    'x-ms-client-request-id': '535e98d0-06b1-11ef-a404-0242c0a82007'
    'x-ms-version': 'REDACTED'
    'x-ms-creation-time': 'REDACTED'
    'x-ms-lease-status': 'REDACTED'
    'x-ms-lease-state': 'REDACTED'
    'x-ms-blob-type': 'REDACTED'
    'x-ms-server-encrypted': 'REDACTED'
    'Date': 'Tue, 30 Apr 2024 05:20:14 GMT'
[2024-04-30T05:20:15.572+0000] {_universal.py:514} INFO - Request URL: 'https://azureyellowcab.blob.core.windows.net/cabfiles/yellow_tripdata_2011-02.parquet'
Request method: 'GET'
Request headers:
    'x-ms-range': 'REDACTED'
    'If-Match': '"0x8DC68D099B8E3CA"'
    'x-ms-version': 'REDACTED'
    'Accept': 'application/xml'
    'User-Agent': 'azsdk-python-storage-blob/12.19.1 Python/3.12.2 (Linux-6.6.22-linuxkit-x86_64-with-glibc2.36)'
    'x-ms-date': 'REDACTED'
    'x-ms-client-request-id': '53be0ef0-06b1-11ef-a404-0242c0a82007'
    'Authorization': 'REDACTED'
No body was attached to the request
[2024-04-30T05:20:15.750+0000] {_universal.py:550} INFO - Response status: 206
Response headers:
    'Content-Length': '4194304'
    'Content-Type': 'application/octet-stream'
    'Content-Range': 'REDACTED'
    'Last-Modified': 'Tue, 30 Apr 2024 04:47:12 GMT'
    'Accept-Ranges': 'REDACTED'
    'ETag': '"0x8DC68D099B8E3CA"'
    'Server': 'Windows-Azure-Blob/1.0 Microsoft-HTTPAPI/2.0'
    'x-ms-request-id': '4ad654fe-c01e-0056-46be-9a3970000000'
    'x-ms-client-request-id': '53be0ef0-06b1-11ef-a404-0242c0a82007'
    'x-ms-version': 'REDACTED'
    'x-ms-creation-time': 'REDACTED'
    'x-ms-lease-status': 'REDACTED'
    'x-ms-lease-state': 'REDACTED'
    'x-ms-blob-type': 'REDACTED'
    'x-ms-server-encrypted': 'REDACTED'
    'Date': 'Tue, 30 Apr 2024 05:20:15 GMT'
[2024-04-30T05:20:16.220+0000] {_universal.py:514} INFO - Request URL: 'https://azureyellowcab.blob.core.windows.net/cabfiles/yellow_tripdata_2011-02.parquet'
Request method: 'GET'
Request headers:
    'x-ms-range': 'REDACTED'
    'If-Match': '"0x8DC68D099B8E3CA"'
    'x-ms-version': 'REDACTED'
    'Accept': 'application/xml'
    'User-Agent': 'azsdk-python-storage-blob/12.19.1 Python/3.12.2 (Linux-6.6.22-linuxkit-x86_64-with-glibc2.36)'
    'x-ms-date': 'REDACTED'
    'x-ms-client-request-id': '542103ac-06b1-11ef-a404-0242c0a82007'
    'Authorization': 'REDACTED'
No body was attached to the request
[2024-04-30T05:20:16.376+0000] {_universal.py:550} INFO - Response status: 206
Response headers:
    'Content-Length': '4194304'
    'Content-Type': 'application/octet-stream'
    'Content-Range': 'REDACTED'
    'Last-Modified': 'Tue, 30 Apr 2024 04:47:12 GMT'
    'Accept-Ranges': 'REDACTED'
    'ETag': '"0x8DC68D099B8E3CA"'
    'Server': 'Windows-Azure-Blob/1.0 Microsoft-HTTPAPI/2.0'
    'x-ms-request-id': '4ad65731-c01e-0056-4bbe-9a3970000000'
    'x-ms-client-request-id': '542103ac-06b1-11ef-a404-0242c0a82007'
    'x-ms-version': 'REDACTED'
    'x-ms-creation-time': 'REDACTED'
    'x-ms-lease-status': 'REDACTED'
    'x-ms-lease-state': 'REDACTED'
    'x-ms-blob-type': 'REDACTED'
    'x-ms-server-encrypted': 'REDACTED'
    'Date': 'Tue, 30 Apr 2024 05:20:16 GMT'
[2024-04-30T05:20:16.834+0000] {_universal.py:514} INFO - Request URL: 'https://azureyellowcab.blob.core.windows.net/cabfiles/yellow_tripdata_2011-02.parquet'
Request method: 'GET'
Request headers:
    'x-ms-range': 'REDACTED'
    'If-Match': '"0x8DC68D099B8E3CA"'
    'x-ms-version': 'REDACTED'
    'Accept': 'application/xml'
    'User-Agent': 'azsdk-python-storage-blob/12.19.1 Python/3.12.2 (Linux-6.6.22-linuxkit-x86_64-with-glibc2.36)'
    'x-ms-date': 'REDACTED'
    'x-ms-client-request-id': '547e9e36-06b1-11ef-a404-0242c0a82007'
    'Authorization': 'REDACTED'
No body was attached to the request
[2024-04-30T05:20:16.951+0000] {_universal.py:550} INFO - Response status: 206
Response headers:
    'Content-Length': '4194304'
    'Content-Type': 'application/octet-stream'
    'Content-Range': 'REDACTED'
    'Last-Modified': 'Tue, 30 Apr 2024 04:47:12 GMT'
    'Accept-Ranges': 'REDACTED'
    'ETag': '"0x8DC68D099B8E3CA"'
    'Server': 'Windows-Azure-Blob/1.0 Microsoft-HTTPAPI/2.0'
    'x-ms-request-id': '4ad6593b-c01e-0056-18be-9a3970000000'
    'x-ms-client-request-id': '547e9e36-06b1-11ef-a404-0242c0a82007'
    'x-ms-version': 'REDACTED'
    'x-ms-creation-time': 'REDACTED'
    'x-ms-lease-status': 'REDACTED'
    'x-ms-lease-state': 'REDACTED'
    'x-ms-blob-type': 'REDACTED'
    'x-ms-server-encrypted': 'REDACTED'
    'Date': 'Tue, 30 Apr 2024 05:20:16 GMT'
[2024-04-30T05:20:17.433+0000] {_universal.py:514} INFO - Request URL: 'https://azureyellowcab.blob.core.windows.net/cabfiles/yellow_tripdata_2011-02.parquet'
Request method: 'GET'
Request headers:
    'x-ms-range': 'REDACTED'
    'If-Match': '"0x8DC68D099B8E3CA"'
    'x-ms-version': 'REDACTED'
    'Accept': 'application/xml'
    'User-Agent': 'azsdk-python-storage-blob/12.19.1 Python/3.12.2 (Linux-6.6.22-linuxkit-x86_64-with-glibc2.36)'
    'x-ms-date': 'REDACTED'
    'x-ms-client-request-id': '54da038e-06b1-11ef-a404-0242c0a82007'
    'Authorization': 'REDACTED'
No body was attached to the request
[2024-04-30T05:20:17.566+0000] {_universal.py:550} INFO - Response status: 206
Response headers:
    'Content-Length': '4194304'
    'Content-Type': 'application/octet-stream'
    'Content-Range': 'REDACTED'
    'Last-Modified': 'Tue, 30 Apr 2024 04:47:12 GMT'
    'Accept-Ranges': 'REDACTED'
    'ETag': '"0x8DC68D099B8E3CA"'
    'Server': 'Windows-Azure-Blob/1.0 Microsoft-HTTPAPI/2.0'
    'x-ms-request-id': '4ad65ae4-c01e-0056-18be-9a3970000000'
    'x-ms-client-request-id': '54da038e-06b1-11ef-a404-0242c0a82007'
    'x-ms-version': 'REDACTED'
    'x-ms-creation-time': 'REDACTED'
    'x-ms-lease-status': 'REDACTED'
    'x-ms-lease-state': 'REDACTED'
    'x-ms-blob-type': 'REDACTED'
    'x-ms-server-encrypted': 'REDACTED'
    'Date': 'Tue, 30 Apr 2024 05:20:17 GMT'
[2024-04-30T05:20:18.130+0000] {_universal.py:514} INFO - Request URL: 'https://azureyellowcab.blob.core.windows.net/cabfiles/yellow_tripdata_2011-02.parquet'
Request method: 'GET'
Request headers:
    'x-ms-range': 'REDACTED'
    'If-Match': '"0x8DC68D099B8E3CA"'
    'x-ms-version': 'REDACTED'
    'Accept': 'application/xml'
    'User-Agent': 'azsdk-python-storage-blob/12.19.1 Python/3.12.2 (Linux-6.6.22-linuxkit-x86_64-with-glibc2.36)'
    'x-ms-date': 'REDACTED'
    'x-ms-client-request-id': '55446788-06b1-11ef-a404-0242c0a82007'
    'Authorization': 'REDACTED'
No body was attached to the request
[2024-04-30T05:20:18.251+0000] {_universal.py:550} INFO - Response status: 206
Response headers:
    'Content-Length': '4194304'
    'Content-Type': 'application/octet-stream'
    'Content-Range': 'REDACTED'
    'Last-Modified': 'Tue, 30 Apr 2024 04:47:12 GMT'
    'Accept-Ranges': 'REDACTED'
    'ETag': '"0x8DC68D099B8E3CA"'
    'Server': 'Windows-Azure-Blob/1.0 Microsoft-HTTPAPI/2.0'
    'x-ms-request-id': '4ad65d14-c01e-0056-0dbe-9a3970000000'
    'x-ms-client-request-id': '55446788-06b1-11ef-a404-0242c0a82007'
    'x-ms-version': 'REDACTED'
    'x-ms-creation-time': 'REDACTED'
    'x-ms-lease-status': 'REDACTED'
    'x-ms-lease-state': 'REDACTED'
    'x-ms-blob-type': 'REDACTED'
    'x-ms-server-encrypted': 'REDACTED'
    'Date': 'Tue, 30 Apr 2024 05:20:17 GMT'
[2024-04-30T05:20:18.825+0000] {_universal.py:514} INFO - Request URL: 'https://azureyellowcab.blob.core.windows.net/cabfiles/yellow_tripdata_2011-02.parquet'
Request method: 'GET'
Request headers:
    'x-ms-range': 'REDACTED'
    'If-Match': '"0x8DC68D099B8E3CA"'
    'x-ms-version': 'REDACTED'
    'Accept': 'application/xml'
    'User-Agent': 'azsdk-python-storage-blob/12.19.1 Python/3.12.2 (Linux-6.6.22-linuxkit-x86_64-with-glibc2.36)'
    'x-ms-date': 'REDACTED'
    'x-ms-client-request-id': '55ae6a02-06b1-11ef-a404-0242c0a82007'
    'Authorization': 'REDACTED'
No body was attached to the request
[2024-04-30T05:20:18.930+0000] {_universal.py:550} INFO - Response status: 206
Response headers:
    'Content-Length': '4194304'
    'Content-Type': 'application/octet-stream'
    'Content-Range': 'REDACTED'
    'Last-Modified': 'Tue, 30 Apr 2024 04:47:12 GMT'
    'Accept-Ranges': 'REDACTED'
    'ETag': '"0x8DC68D099B8E3CA"'
    'Server': 'Windows-Azure-Blob/1.0 Microsoft-HTTPAPI/2.0'
    'x-ms-request-id': '4ad65fd6-c01e-0056-15be-9a3970000000'
    'x-ms-client-request-id': '55ae6a02-06b1-11ef-a404-0242c0a82007'
    'x-ms-version': 'REDACTED'
    'x-ms-creation-time': 'REDACTED'
    'x-ms-lease-status': 'REDACTED'
    'x-ms-lease-state': 'REDACTED'
    'x-ms-blob-type': 'REDACTED'
    'x-ms-server-encrypted': 'REDACTED'
    'Date': 'Tue, 30 Apr 2024 05:20:18 GMT'
[2024-04-30T05:20:19.399+0000] {_universal.py:514} INFO - Request URL: 'https://azureyellowcab.blob.core.windows.net/cabfiles/yellow_tripdata_2011-02.parquet'
Request method: 'GET'
Request headers:
    'x-ms-range': 'REDACTED'
    'If-Match': '"0x8DC68D099B8E3CA"'
    'x-ms-version': 'REDACTED'
    'Accept': 'application/xml'
    'User-Agent': 'azsdk-python-storage-blob/12.19.1 Python/3.12.2 (Linux-6.6.22-linuxkit-x86_64-with-glibc2.36)'
    'x-ms-date': 'REDACTED'
    'x-ms-client-request-id': '56060c08-06b1-11ef-a404-0242c0a82007'
    'Authorization': 'REDACTED'
No body was attached to the request
[2024-04-30T05:20:19.516+0000] {_universal.py:550} INFO - Response status: 206
Response headers:
    'Content-Length': '4194304'
    'Content-Type': 'application/octet-stream'
    'Content-Range': 'REDACTED'
    'Last-Modified': 'Tue, 30 Apr 2024 04:47:12 GMT'
    'Accept-Ranges': 'REDACTED'
    'ETag': '"0x8DC68D099B8E3CA"'
    'Server': 'Windows-Azure-Blob/1.0 Microsoft-HTTPAPI/2.0'
    'x-ms-request-id': '4ad661e8-c01e-0056-7fbe-9a3970000000'
    'x-ms-client-request-id': '56060c08-06b1-11ef-a404-0242c0a82007'
    'x-ms-version': 'REDACTED'
    'x-ms-creation-time': 'REDACTED'
    'x-ms-lease-status': 'REDACTED'
    'x-ms-lease-state': 'REDACTED'
    'x-ms-blob-type': 'REDACTED'
    'x-ms-server-encrypted': 'REDACTED'
    'Date': 'Tue, 30 Apr 2024 05:20:19 GMT'
[2024-04-30T05:20:19.986+0000] {_universal.py:514} INFO - Request URL: 'https://azureyellowcab.blob.core.windows.net/cabfiles/yellow_tripdata_2011-02.parquet'
Request method: 'GET'
Request headers:
    'x-ms-range': 'REDACTED'
    'If-Match': '"0x8DC68D099B8E3CA"'
    'x-ms-version': 'REDACTED'
    'Accept': 'application/xml'
    'User-Agent': 'azsdk-python-storage-blob/12.19.1 Python/3.12.2 (Linux-6.6.22-linuxkit-x86_64-with-glibc2.36)'
    'x-ms-date': 'REDACTED'
    'x-ms-client-request-id': '565fae16-06b1-11ef-a404-0242c0a82007'
    'Authorization': 'REDACTED'
No body was attached to the request
[2024-04-30T05:20:20.100+0000] {_universal.py:550} INFO - Response status: 206
Response headers:
    'Content-Length': '4194304'
    'Content-Type': 'application/octet-stream'
    'Content-Range': 'REDACTED'
    'Last-Modified': 'Tue, 30 Apr 2024 04:47:12 GMT'
    'Accept-Ranges': 'REDACTED'
    'ETag': '"0x8DC68D099B8E3CA"'
    'Server': 'Windows-Azure-Blob/1.0 Microsoft-HTTPAPI/2.0'
    'x-ms-request-id': '4ad663dc-c01e-0056-39be-9a3970000000'
    'x-ms-client-request-id': '565fae16-06b1-11ef-a404-0242c0a82007'
    'x-ms-version': 'REDACTED'
    'x-ms-creation-time': 'REDACTED'
    'x-ms-lease-status': 'REDACTED'
    'x-ms-lease-state': 'REDACTED'
    'x-ms-blob-type': 'REDACTED'
    'x-ms-server-encrypted': 'REDACTED'
    'Date': 'Tue, 30 Apr 2024 05:20:19 GMT'
[2024-04-30T05:20:20.537+0000] {_universal.py:514} INFO - Request URL: 'https://azureyellowcab.blob.core.windows.net/cabfiles/yellow_tripdata_2011-02.parquet'
Request method: 'GET'
Request headers:
    'x-ms-range': 'REDACTED'
    'If-Match': '"0x8DC68D099B8E3CA"'
    'x-ms-version': 'REDACTED'
    'Accept': 'application/xml'
    'User-Agent': 'azsdk-python-storage-blob/12.19.1 Python/3.12.2 (Linux-6.6.22-linuxkit-x86_64-with-glibc2.36)'
    'x-ms-date': 'REDACTED'
    'x-ms-client-request-id': '56b3ab4c-06b1-11ef-a404-0242c0a82007'
    'Authorization': 'REDACTED'
No body was attached to the request
[2024-04-30T05:20:20.661+0000] {_universal.py:550} INFO - Response status: 206
Response headers:
    'Content-Length': '4194304'
    'Content-Type': 'application/octet-stream'
    'Content-Range': 'REDACTED'
    'Last-Modified': 'Tue, 30 Apr 2024 04:47:12 GMT'
    'Accept-Ranges': 'REDACTED'
    'ETag': '"0x8DC68D099B8E3CA"'
    'Server': 'Windows-Azure-Blob/1.0 Microsoft-HTTPAPI/2.0'
    'x-ms-request-id': '4ad66578-c01e-0056-2bbe-9a3970000000'
    'x-ms-client-request-id': '56b3ab4c-06b1-11ef-a404-0242c0a82007'
    'x-ms-version': 'REDACTED'
    'x-ms-creation-time': 'REDACTED'
    'x-ms-lease-status': 'REDACTED'
    'x-ms-lease-state': 'REDACTED'
    'x-ms-blob-type': 'REDACTED'
    'x-ms-server-encrypted': 'REDACTED'
    'Date': 'Tue, 30 Apr 2024 05:20:20 GMT'
[2024-04-30T05:20:21.127+0000] {_universal.py:514} INFO - Request URL: 'https://azureyellowcab.blob.core.windows.net/cabfiles/yellow_tripdata_2011-02.parquet'
Request method: 'GET'
Request headers:
    'x-ms-range': 'REDACTED'
    'If-Match': '"0x8DC68D099B8E3CA"'
    'x-ms-version': 'REDACTED'
    'Accept': 'application/xml'
    'User-Agent': 'azsdk-python-storage-blob/12.19.1 Python/3.12.2 (Linux-6.6.22-linuxkit-x86_64-with-glibc2.36)'
    'x-ms-date': 'REDACTED'
    'x-ms-client-request-id': '570da34a-06b1-11ef-a404-0242c0a82007'
    'Authorization': 'REDACTED'
No body was attached to the request
[2024-04-30T05:20:21.257+0000] {_universal.py:550} INFO - Response status: 206
Response headers:
    'Content-Length': '4194304'
    'Content-Type': 'application/octet-stream'
    'Content-Range': 'REDACTED'
    'Last-Modified': 'Tue, 30 Apr 2024 04:47:12 GMT'
    'Accept-Ranges': 'REDACTED'
    'ETag': '"0x8DC68D099B8E3CA"'
    'Server': 'Windows-Azure-Blob/1.0 Microsoft-HTTPAPI/2.0'
    'x-ms-request-id': '4ad66797-c01e-0056-17be-9a3970000000'
    'x-ms-client-request-id': '570da34a-06b1-11ef-a404-0242c0a82007'
    'x-ms-version': 'REDACTED'
    'x-ms-creation-time': 'REDACTED'
    'x-ms-lease-status': 'REDACTED'
    'x-ms-lease-state': 'REDACTED'
    'x-ms-blob-type': 'REDACTED'
    'x-ms-server-encrypted': 'REDACTED'
    'Date': 'Tue, 30 Apr 2024 05:20:20 GMT'
[2024-04-30T05:20:21.681+0000] {_universal.py:514} INFO - Request URL: 'https://azureyellowcab.blob.core.windows.net/cabfiles/yellow_tripdata_2011-02.parquet'
Request method: 'GET'
Request headers:
    'x-ms-range': 'REDACTED'
    'If-Match': '"0x8DC68D099B8E3CA"'
    'x-ms-version': 'REDACTED'
    'Accept': 'application/xml'
    'User-Agent': 'azsdk-python-storage-blob/12.19.1 Python/3.12.2 (Linux-6.6.22-linuxkit-x86_64-with-glibc2.36)'
    'x-ms-date': 'REDACTED'
    'x-ms-client-request-id': '57623b08-06b1-11ef-a404-0242c0a82007'
    'Authorization': 'REDACTED'
No body was attached to the request
[2024-04-30T05:20:21.832+0000] {_universal.py:550} INFO - Response status: 206
Response headers:
    'Content-Length': '4194304'
    'Content-Type': 'application/octet-stream'
    'Content-Range': 'REDACTED'
    'Last-Modified': 'Tue, 30 Apr 2024 04:47:12 GMT'
    'Accept-Ranges': 'REDACTED'
    'ETag': '"0x8DC68D099B8E3CA"'
    'Server': 'Windows-Azure-Blob/1.0 Microsoft-HTTPAPI/2.0'
    'x-ms-request-id': '4ad669e6-c01e-0056-22be-9a3970000000'
    'x-ms-client-request-id': '57623b08-06b1-11ef-a404-0242c0a82007'
    'x-ms-version': 'REDACTED'
    'x-ms-creation-time': 'REDACTED'
    'x-ms-lease-status': 'REDACTED'
    'x-ms-lease-state': 'REDACTED'
    'x-ms-blob-type': 'REDACTED'
    'x-ms-server-encrypted': 'REDACTED'
    'Date': 'Tue, 30 Apr 2024 05:20:21 GMT'
[2024-04-30T05:20:22.384+0000] {_universal.py:514} INFO - Request URL: 'https://azureyellowcab.blob.core.windows.net/cabfiles/yellow_tripdata_2011-02.parquet'
Request method: 'GET'
Request headers:
    'x-ms-range': 'REDACTED'
    'If-Match': '"0x8DC68D099B8E3CA"'
    'x-ms-version': 'REDACTED'
    'Accept': 'application/xml'
    'User-Agent': 'azsdk-python-storage-blob/12.19.1 Python/3.12.2 (Linux-6.6.22-linuxkit-x86_64-with-glibc2.36)'
    'x-ms-date': 'REDACTED'
    'x-ms-client-request-id': '57cd7e86-06b1-11ef-a404-0242c0a82007'
    'Authorization': 'REDACTED'
No body was attached to the request
[2024-04-30T05:20:22.527+0000] {_universal.py:550} INFO - Response status: 206
Response headers:
    'Content-Length': '4194304'
    'Content-Type': 'application/octet-stream'
    'Content-Range': 'REDACTED'
    'Last-Modified': 'Tue, 30 Apr 2024 04:47:12 GMT'
    'Accept-Ranges': 'REDACTED'
    'ETag': '"0x8DC68D099B8E3CA"'
    'Server': 'Windows-Azure-Blob/1.0 Microsoft-HTTPAPI/2.0'
    'x-ms-request-id': '4ad66c3e-c01e-0056-2ebe-9a3970000000'
    'x-ms-client-request-id': '57cd7e86-06b1-11ef-a404-0242c0a82007'
    'x-ms-version': 'REDACTED'
    'x-ms-creation-time': 'REDACTED'
    'x-ms-lease-status': 'REDACTED'
    'x-ms-lease-state': 'REDACTED'
    'x-ms-blob-type': 'REDACTED'
    'x-ms-server-encrypted': 'REDACTED'
    'Date': 'Tue, 30 Apr 2024 05:20:22 GMT'
[2024-04-30T05:20:23.141+0000] {_universal.py:514} INFO - Request URL: 'https://azureyellowcab.blob.core.windows.net/cabfiles/yellow_tripdata_2011-02.parquet'
Request method: 'GET'
Request headers:
    'x-ms-range': 'REDACTED'
    'If-Match': '"0x8DC68D099B8E3CA"'
    'x-ms-version': 'REDACTED'
    'Accept': 'application/xml'
    'User-Agent': 'azsdk-python-storage-blob/12.19.1 Python/3.12.2 (Linux-6.6.22-linuxkit-x86_64-with-glibc2.36)'
    'x-ms-date': 'REDACTED'
    'x-ms-client-request-id': '584108ec-06b1-11ef-a404-0242c0a82007'
    'Authorization': 'REDACTED'
No body was attached to the request
[2024-04-30T05:20:23.288+0000] {_universal.py:550} INFO - Response status: 206
Response headers:
    'Content-Length': '4194304'
    'Content-Type': 'application/octet-stream'
    'Content-Range': 'REDACTED'
    'Last-Modified': 'Tue, 30 Apr 2024 04:47:12 GMT'
    'Accept-Ranges': 'REDACTED'
    'ETag': '"0x8DC68D099B8E3CA"'
    'Server': 'Windows-Azure-Blob/1.0 Microsoft-HTTPAPI/2.0'
    'x-ms-request-id': '4ad66ee6-c01e-0056-72be-9a3970000000'
    'x-ms-client-request-id': '584108ec-06b1-11ef-a404-0242c0a82007'
    'x-ms-version': 'REDACTED'
    'x-ms-creation-time': 'REDACTED'
    'x-ms-lease-status': 'REDACTED'
    'x-ms-lease-state': 'REDACTED'
    'x-ms-blob-type': 'REDACTED'
    'x-ms-server-encrypted': 'REDACTED'
    'Date': 'Tue, 30 Apr 2024 05:20:22 GMT'
[2024-04-30T05:20:23.877+0000] {_universal.py:514} INFO - Request URL: 'https://azureyellowcab.blob.core.windows.net/cabfiles/yellow_tripdata_2011-02.parquet'
Request method: 'GET'
Request headers:
    'x-ms-range': 'REDACTED'
    'If-Match': '"0x8DC68D099B8E3CA"'
    'x-ms-version': 'REDACTED'
    'Accept': 'application/xml'
    'User-Agent': 'azsdk-python-storage-blob/12.19.1 Python/3.12.2 (Linux-6.6.22-linuxkit-x86_64-with-glibc2.36)'
    'x-ms-date': 'REDACTED'
    'x-ms-client-request-id': '58b1495e-06b1-11ef-a404-0242c0a82007'
    'Authorization': 'REDACTED'
No body was attached to the request
[2024-04-30T05:20:24.002+0000] {_universal.py:550} INFO - Response status: 206
Response headers:
    'Content-Length': '4194304'
    'Content-Type': 'application/octet-stream'
    'Content-Range': 'REDACTED'
    'Last-Modified': 'Tue, 30 Apr 2024 04:47:12 GMT'
    'Accept-Ranges': 'REDACTED'
    'ETag': '"0x8DC68D099B8E3CA"'
    'Server': 'Windows-Azure-Blob/1.0 Microsoft-HTTPAPI/2.0'
    'x-ms-request-id': '4ad6721d-c01e-0056-5abe-9a3970000000'
    'x-ms-client-request-id': '58b1495e-06b1-11ef-a404-0242c0a82007'
    'x-ms-version': 'REDACTED'
    'x-ms-creation-time': 'REDACTED'
    'x-ms-lease-status': 'REDACTED'
    'x-ms-lease-state': 'REDACTED'
    'x-ms-blob-type': 'REDACTED'
    'x-ms-server-encrypted': 'REDACTED'
    'Date': 'Tue, 30 Apr 2024 05:20:23 GMT'
[2024-04-30T05:20:24.566+0000] {_universal.py:514} INFO - Request URL: 'https://azureyellowcab.blob.core.windows.net/cabfiles/yellow_tripdata_2011-02.parquet'
Request method: 'GET'
Request headers:
    'x-ms-range': 'REDACTED'
    'If-Match': '"0x8DC68D099B8E3CA"'
    'x-ms-version': 'REDACTED'
    'Accept': 'application/xml'
    'User-Agent': 'azsdk-python-storage-blob/12.19.1 Python/3.12.2 (Linux-6.6.22-linuxkit-x86_64-with-glibc2.36)'
    'x-ms-date': 'REDACTED'
    'x-ms-client-request-id': '591a6d3a-06b1-11ef-a404-0242c0a82007'
    'Authorization': 'REDACTED'
No body was attached to the request
[2024-04-30T05:20:24.693+0000] {_universal.py:550} INFO - Response status: 206
Response headers:
    'Content-Length': '4194304'
    'Content-Type': 'application/octet-stream'
    'Content-Range': 'REDACTED'
    'Last-Modified': 'Tue, 30 Apr 2024 04:47:12 GMT'
    'Accept-Ranges': 'REDACTED'
    'ETag': '"0x8DC68D099B8E3CA"'
    'Server': 'Windows-Azure-Blob/1.0 Microsoft-HTTPAPI/2.0'
    'x-ms-request-id': '4ad67501-c01e-0056-80be-9a3970000000'
    'x-ms-client-request-id': '591a6d3a-06b1-11ef-a404-0242c0a82007'
    'x-ms-version': 'REDACTED'
    'x-ms-creation-time': 'REDACTED'
    'x-ms-lease-status': 'REDACTED'
    'x-ms-lease-state': 'REDACTED'
    'x-ms-blob-type': 'REDACTED'
    'x-ms-server-encrypted': 'REDACTED'
    'Date': 'Tue, 30 Apr 2024 05:20:24 GMT'
[2024-04-30T05:20:25.441+0000] {_universal.py:514} INFO - Request URL: 'https://azureyellowcab.blob.core.windows.net/cabfiles/yellow_tripdata_2011-02.parquet'
Request method: 'GET'
Request headers:
    'x-ms-range': 'REDACTED'
    'If-Match': '"0x8DC68D099B8E3CA"'
    'x-ms-version': 'REDACTED'
    'Accept': 'application/xml'
    'User-Agent': 'azsdk-python-storage-blob/12.19.1 Python/3.12.2 (Linux-6.6.22-linuxkit-x86_64-with-glibc2.36)'
    'x-ms-date': 'REDACTED'
    'x-ms-client-request-id': '59a003f0-06b1-11ef-a404-0242c0a82007'
    'Authorization': 'REDACTED'
No body was attached to the request
[2024-04-30T05:20:25.576+0000] {_universal.py:550} INFO - Response status: 206
Response headers:
    'Content-Length': '4194304'
    'Content-Type': 'application/octet-stream'
    'Content-Range': 'REDACTED'
    'Last-Modified': 'Tue, 30 Apr 2024 04:47:12 GMT'
    'Accept-Ranges': 'REDACTED'
    'ETag': '"0x8DC68D099B8E3CA"'
    'Server': 'Windows-Azure-Blob/1.0 Microsoft-HTTPAPI/2.0'
    'x-ms-request-id': '4ad67856-c01e-0056-5cbe-9a3970000000'
    'x-ms-client-request-id': '59a003f0-06b1-11ef-a404-0242c0a82007'
    'x-ms-version': 'REDACTED'
    'x-ms-creation-time': 'REDACTED'
    'x-ms-lease-status': 'REDACTED'
    'x-ms-lease-state': 'REDACTED'
    'x-ms-blob-type': 'REDACTED'
    'x-ms-server-encrypted': 'REDACTED'
    'Date': 'Tue, 30 Apr 2024 05:20:25 GMT'
[2024-04-30T05:20:26.057+0000] {_universal.py:514} INFO - Request URL: 'https://azureyellowcab.blob.core.windows.net/cabfiles/yellow_tripdata_2011-02.parquet'
Request method: 'GET'
Request headers:
    'x-ms-range': 'REDACTED'
    'If-Match': '"0x8DC68D099B8E3CA"'
    'x-ms-version': 'REDACTED'
    'Accept': 'application/xml'
    'User-Agent': 'azsdk-python-storage-blob/12.19.1 Python/3.12.2 (Linux-6.6.22-linuxkit-x86_64-with-glibc2.36)'
    'x-ms-date': 'REDACTED'
    'x-ms-client-request-id': '59fe08f6-06b1-11ef-a404-0242c0a82007'
    'Authorization': 'REDACTED'
No body was attached to the request
[2024-04-30T05:20:26.200+0000] {_universal.py:550} INFO - Response status: 206
Response headers:
    'Content-Length': '4194304'
    'Content-Type': 'application/octet-stream'
    'Content-Range': 'REDACTED'
    'Last-Modified': 'Tue, 30 Apr 2024 04:47:12 GMT'
    'Accept-Ranges': 'REDACTED'
    'ETag': '"0x8DC68D099B8E3CA"'
    'Server': 'Windows-Azure-Blob/1.0 Microsoft-HTTPAPI/2.0'
    'x-ms-request-id': '4ad67bac-c01e-0056-57be-9a3970000000'
    'x-ms-client-request-id': '59fe08f6-06b1-11ef-a404-0242c0a82007'
    'x-ms-version': 'REDACTED'
    'x-ms-creation-time': 'REDACTED'
    'x-ms-lease-status': 'REDACTED'
    'x-ms-lease-state': 'REDACTED'
    'x-ms-blob-type': 'REDACTED'
    'x-ms-server-encrypted': 'REDACTED'
    'Date': 'Tue, 30 Apr 2024 05:20:25 GMT'
[2024-04-30T05:20:26.671+0000] {_universal.py:514} INFO - Request URL: 'https://azureyellowcab.blob.core.windows.net/cabfiles/yellow_tripdata_2011-02.parquet'
Request method: 'GET'
Request headers:
    'x-ms-range': 'REDACTED'
    'If-Match': '"0x8DC68D099B8E3CA"'
    'x-ms-version': 'REDACTED'
    'Accept': 'application/xml'
    'User-Agent': 'azsdk-python-storage-blob/12.19.1 Python/3.12.2 (Linux-6.6.22-linuxkit-x86_64-with-glibc2.36)'
    'x-ms-date': 'REDACTED'
    'x-ms-client-request-id': '5a5b9412-06b1-11ef-a404-0242c0a82007'
    'Authorization': 'REDACTED'
No body was attached to the request
[2024-04-30T05:20:26.799+0000] {_universal.py:550} INFO - Response status: 206
Response headers:
    'Content-Length': '4194304'
    'Content-Type': 'application/octet-stream'
    'Content-Range': 'REDACTED'
    'Last-Modified': 'Tue, 30 Apr 2024 04:47:12 GMT'
    'Accept-Ranges': 'REDACTED'
    'ETag': '"0x8DC68D099B8E3CA"'
    'Server': 'Windows-Azure-Blob/1.0 Microsoft-HTTPAPI/2.0'
    'x-ms-request-id': '4ad67f35-c01e-0056-57be-9a3970000000'
    'x-ms-client-request-id': '5a5b9412-06b1-11ef-a404-0242c0a82007'
    'x-ms-version': 'REDACTED'
    'x-ms-creation-time': 'REDACTED'
    'x-ms-lease-status': 'REDACTED'
    'x-ms-lease-state': 'REDACTED'
    'x-ms-blob-type': 'REDACTED'
    'x-ms-server-encrypted': 'REDACTED'
    'Date': 'Tue, 30 Apr 2024 05:20:26 GMT'
[2024-04-30T05:20:27.311+0000] {_universal.py:514} INFO - Request URL: 'https://azureyellowcab.blob.core.windows.net/cabfiles/yellow_tripdata_2011-02.parquet'
Request method: 'GET'
Request headers:
    'x-ms-range': 'REDACTED'
    'If-Match': '"0x8DC68D099B8E3CA"'
    'x-ms-version': 'REDACTED'
    'Accept': 'application/xml'
    'User-Agent': 'azsdk-python-storage-blob/12.19.1 Python/3.12.2 (Linux-6.6.22-linuxkit-x86_64-with-glibc2.36)'
    'x-ms-date': 'REDACTED'
    'x-ms-client-request-id': '5abd51e8-06b1-11ef-a404-0242c0a82007'
    'Authorization': 'REDACTED'
No body was attached to the request
[2024-04-30T05:20:27.434+0000] {_universal.py:550} INFO - Response status: 206
Response headers:
    'Content-Length': '4194304'
    'Content-Type': 'application/octet-stream'
    'Content-Range': 'REDACTED'
    'Last-Modified': 'Tue, 30 Apr 2024 04:47:12 GMT'
    'Accept-Ranges': 'REDACTED'
    'ETag': '"0x8DC68D099B8E3CA"'
    'Server': 'Windows-Azure-Blob/1.0 Microsoft-HTTPAPI/2.0'
    'x-ms-request-id': '4ad68268-c01e-0056-43be-9a3970000000'
    'x-ms-client-request-id': '5abd51e8-06b1-11ef-a404-0242c0a82007'
    'x-ms-version': 'REDACTED'
    'x-ms-creation-time': 'REDACTED'
    'x-ms-lease-status': 'REDACTED'
    'x-ms-lease-state': 'REDACTED'
    'x-ms-blob-type': 'REDACTED'
    'x-ms-server-encrypted': 'REDACTED'
    'Date': 'Tue, 30 Apr 2024 05:20:27 GMT'
[2024-04-30T05:20:27.931+0000] {_universal.py:514} INFO - Request URL: 'https://azureyellowcab.blob.core.windows.net/cabfiles/yellow_tripdata_2011-02.parquet'
Request method: 'GET'
Request headers:
    'x-ms-range': 'REDACTED'
    'If-Match': '"0x8DC68D099B8E3CA"'
    'x-ms-version': 'REDACTED'
    'Accept': 'application/xml'
    'User-Agent': 'azsdk-python-storage-blob/12.19.1 Python/3.12.2 (Linux-6.6.22-linuxkit-x86_64-with-glibc2.36)'
    'x-ms-date': 'REDACTED'
    'x-ms-client-request-id': '5b1bd9ca-06b1-11ef-a404-0242c0a82007'
    'Authorization': 'REDACTED'
No body was attached to the request
[2024-04-30T05:20:28.047+0000] {_universal.py:550} INFO - Response status: 206
Response headers:
    'Content-Length': '4194304'
    'Content-Type': 'application/octet-stream'
    'Content-Range': 'REDACTED'
    'Last-Modified': 'Tue, 30 Apr 2024 04:47:12 GMT'
    'Accept-Ranges': 'REDACTED'
    'ETag': '"0x8DC68D099B8E3CA"'
    'Server': 'Windows-Azure-Blob/1.0 Microsoft-HTTPAPI/2.0'
    'x-ms-request-id': '4ad68616-c01e-0056-5fbe-9a3970000000'
    'x-ms-client-request-id': '5b1bd9ca-06b1-11ef-a404-0242c0a82007'
    'x-ms-version': 'REDACTED'
    'x-ms-creation-time': 'REDACTED'
    'x-ms-lease-status': 'REDACTED'
    'x-ms-lease-state': 'REDACTED'
    'x-ms-blob-type': 'REDACTED'
    'x-ms-server-encrypted': 'REDACTED'
    'Date': 'Tue, 30 Apr 2024 05:20:27 GMT'
[2024-04-30T05:20:28.525+0000] {_universal.py:514} INFO - Request URL: 'https://azureyellowcab.blob.core.windows.net/cabfiles/yellow_tripdata_2011-02.parquet'
Request method: 'GET'
Request headers:
    'x-ms-range': 'REDACTED'
    'If-Match': '"0x8DC68D099B8E3CA"'
    'x-ms-version': 'REDACTED'
    'Accept': 'application/xml'
    'User-Agent': 'azsdk-python-storage-blob/12.19.1 Python/3.12.2 (Linux-6.6.22-linuxkit-x86_64-with-glibc2.36)'
    'x-ms-date': 'REDACTED'
    'x-ms-client-request-id': '5b768a96-06b1-11ef-a404-0242c0a82007'
    'Authorization': 'REDACTED'
No body was attached to the request
[2024-04-30T05:20:28.638+0000] {_universal.py:550} INFO - Response status: 206
Response headers:
    'Content-Length': '4014369'
    'Content-Type': 'application/octet-stream'
    'Content-Range': 'REDACTED'
    'Last-Modified': 'Tue, 30 Apr 2024 04:47:12 GMT'
    'Accept-Ranges': 'REDACTED'
    'ETag': '"0x8DC68D099B8E3CA"'
    'Server': 'Windows-Azure-Blob/1.0 Microsoft-HTTPAPI/2.0'
    'x-ms-request-id': '4ad68961-c01e-0056-75be-9a3970000000'
    'x-ms-client-request-id': '5b768a96-06b1-11ef-a404-0242c0a82007'
    'x-ms-version': 'REDACTED'
    'x-ms-creation-time': 'REDACTED'
    'x-ms-lease-status': 'REDACTED'
    'x-ms-lease-state': 'REDACTED'
    'x-ms-blob-type': 'REDACTED'
    'x-ms-server-encrypted': 'REDACTED'
    'Date': 'Tue, 30 Apr 2024 05:20:28 GMT'
[2024-04-30T05:20:29.491+0000] {python.py:237} INFO - Done. Returned value was: None
[2024-04-30T05:20:29.493+0000] {taskinstance.py:441} INFO - ::group::Post task execution logs
[2024-04-30T05:20:29.503+0000] {taskinstance.py:1205} INFO - Marking task as SUCCESS. dag_id=dag_yellow_cab, task_id=request_file, execution_date=20240430T051957, start_date=20240430T052001, end_date=20240430T052029
[2024-04-30T05:20:29.547+0000] {local_task_job_runner.py:240} INFO - Task exited with return code 0
[2024-04-30T05:20:29.575+0000] {taskinstance.py:3482} INFO - 1 downstream tasks scheduled from follow-on schedule check
[2024-04-30T05:20:29.577+0000] {local_task_job_runner.py:222} INFO - ::endgroup::
