[2024-04-30T04:48:03.738+0000] {local_task_job_runner.py:120} INFO - ::group::Pre task execution logs
[2024-04-30T04:48:03.762+0000] {taskinstance.py:2073} INFO - Dependencies all met for dep_context=non-requeueable deps ti=<TaskInstance: dag_yellow_cab.request_file manual__2024-04-30T04:48:00.400345+00:00 [queued]>
[2024-04-30T04:48:03.769+0000] {taskinstance.py:2073} INFO - Dependencies all met for dep_context=requeueable deps ti=<TaskInstance: dag_yellow_cab.request_file manual__2024-04-30T04:48:00.400345+00:00 [queued]>
[2024-04-30T04:48:03.770+0000] {taskinstance.py:2303} INFO - Starting attempt 1 of 1
[2024-04-30T04:48:03.781+0000] {taskinstance.py:2327} INFO - Executing <Task(BranchPythonOperator): request_file> on 2024-04-30 04:48:00.400345+00:00
[2024-04-30T04:48:03.787+0000] {warnings.py:110} WARNING - /home/***/.local/lib/python3.12/site-packages/***/task/task_runner/standard_task_runner.py:61: DeprecationWarning: This process (pid=85) is multi-threaded, use of fork() may lead to deadlocks in the child.
  pid = os.fork()

[2024-04-30T04:48:03.788+0000] {standard_task_runner.py:63} INFO - Started process 87 to run task
[2024-04-30T04:48:03.789+0000] {standard_task_runner.py:90} INFO - Running: ['***', 'tasks', 'run', 'dag_yellow_cab', 'request_file', 'manual__2024-04-30T04:48:00.400345+00:00', '--job-id', '164', '--raw', '--subdir', 'DAGS_FOLDER/dag.py', '--cfg-path', '/tmp/tmpgmmspo5z']
[2024-04-30T04:48:03.791+0000] {standard_task_runner.py:91} INFO - Job 164: Subtask request_file
[2024-04-30T04:48:03.834+0000] {task_command.py:426} INFO - Running <TaskInstance: dag_yellow_cab.request_file manual__2024-04-30T04:48:00.400345+00:00 [running]> on host 5cc55844392d
[2024-04-30T04:48:03.923+0000] {taskinstance.py:2644} INFO - Exporting env vars: AIRFLOW_CTX_DAG_OWNER='***' AIRFLOW_CTX_DAG_ID='dag_yellow_cab' AIRFLOW_CTX_TASK_ID='request_file' AIRFLOW_CTX_EXECUTION_DATE='2024-04-30T04:48:00.400345+00:00' AIRFLOW_CTX_TRY_NUMBER='1' AIRFLOW_CTX_DAG_RUN_ID='manual__2024-04-30T04:48:00.400345+00:00'
[2024-04-30T04:48:03.926+0000] {taskinstance.py:430} INFO - ::endgroup::
[2024-04-30T04:48:03.958+0000] {baseoperator.py:399} WARNING - BranchPythonOperator.execute cannot be called outside TaskInstance!
[2024-04-30T04:48:03.962+0000] {_universal.py:514} INFO - Request URL: 'https://azureyellowcab.blob.core.windows.net/cabfiles?restype=REDACTED&comp=REDACTED'
Request method: 'GET'
Request headers:
    'x-ms-version': 'REDACTED'
    'Accept': 'application/xml'
    'User-Agent': 'azsdk-python-storage-blob/12.19.1 Python/3.12.2 (Linux-6.6.22-linuxkit-x86_64-with-glibc2.36)'
    'x-ms-date': 'REDACTED'
    'x-ms-client-request-id': 'd469c620-06ac-11ef-bb21-0242c0a80005'
    'Authorization': 'REDACTED'
No body was attached to the request
[2024-04-30T04:48:04.305+0000] {_universal.py:550} INFO - Response status: 200
Response headers:
    'Transfer-Encoding': 'chunked'
    'Content-Type': 'application/xml'
    'Server': 'Windows-Azure-Blob/1.0 Microsoft-HTTPAPI/2.0'
    'x-ms-request-id': 'a743e7dc-101e-007a-29b9-9ad5df000000'
    'x-ms-client-request-id': 'd469c620-06ac-11ef-bb21-0242c0a80005'
    'x-ms-version': 'REDACTED'
    'Date': 'Tue, 30 Apr 2024 04:48:04 GMT'
[2024-04-30T04:48:04.324+0000] {_universal.py:514} INFO - Request URL: 'https://azureyellowcab.blob.core.windows.net/cabfiles/yellow_tripdata_2011-02.parquet'
Request method: 'GET'
Request headers:
    'x-ms-range': 'REDACTED'
    'x-ms-version': 'REDACTED'
    'Accept': 'application/xml'
    'User-Agent': 'azsdk-python-storage-blob/12.19.1 Python/3.12.2 (Linux-6.6.22-linuxkit-x86_64-with-glibc2.36)'
    'x-ms-date': 'REDACTED'
    'x-ms-client-request-id': 'd4a0fac8-06ac-11ef-bb21-0242c0a80005'
    'Authorization': 'REDACTED'
No body was attached to the request
[2024-04-30T04:48:04.442+0000] {_universal.py:550} INFO - Response status: 206
Response headers:
    'Content-Length': '33554432'
    'Content-Type': 'application/octet-stream'
    'Content-Range': 'REDACTED'
    'Last-Modified': 'Tue, 30 Apr 2024 04:47:12 GMT'
    'Accept-Ranges': 'REDACTED'
    'ETag': '"0x8DC68D099B8E3CA"'
    'Server': 'Windows-Azure-Blob/1.0 Microsoft-HTTPAPI/2.0'
    'x-ms-request-id': 'a743e852-101e-007a-10b9-9ad5df000000'
    'x-ms-client-request-id': 'd4a0fac8-06ac-11ef-bb21-0242c0a80005'
    'x-ms-version': 'REDACTED'
    'x-ms-creation-time': 'REDACTED'
    'x-ms-lease-status': 'REDACTED'
    'x-ms-lease-state': 'REDACTED'
    'x-ms-blob-type': 'REDACTED'
    'x-ms-server-encrypted': 'REDACTED'
    'Date': 'Tue, 30 Apr 2024 04:48:04 GMT'
[2024-04-30T04:48:11.176+0000] {_universal.py:514} INFO - Request URL: 'https://azureyellowcab.blob.core.windows.net/cabfiles/yellow_tripdata_2011-02.parquet'
Request method: 'GET'
Request headers:
    'x-ms-range': 'REDACTED'
    'If-Match': '"0x8DC68D099B8E3CA"'
    'x-ms-version': 'REDACTED'
    'Accept': 'application/xml'
    'User-Agent': 'azsdk-python-storage-blob/12.19.1 Python/3.12.2 (Linux-6.6.22-linuxkit-x86_64-with-glibc2.36)'
    'x-ms-date': 'REDACTED'
    'x-ms-client-request-id': 'd8b68a9c-06ac-11ef-bb21-0242c0a80005'
    'Authorization': 'REDACTED'
No body was attached to the request
[2024-04-30T04:48:11.322+0000] {_universal.py:550} INFO - Response status: 206
Response headers:
    'Content-Length': '4194304'
    'Content-Type': 'application/octet-stream'
    'Content-Range': 'REDACTED'
    'Last-Modified': 'Tue, 30 Apr 2024 04:47:12 GMT'
    'Accept-Ranges': 'REDACTED'
    'ETag': '"0x8DC68D099B8E3CA"'
    'Server': 'Windows-Azure-Blob/1.0 Microsoft-HTTPAPI/2.0'
    'x-ms-request-id': 'a7440053-101e-007a-19b9-9ad5df000000'
    'x-ms-client-request-id': 'd8b68a9c-06ac-11ef-bb21-0242c0a80005'
    'x-ms-version': 'REDACTED'
    'x-ms-creation-time': 'REDACTED'
    'x-ms-lease-status': 'REDACTED'
    'x-ms-lease-state': 'REDACTED'
    'x-ms-blob-type': 'REDACTED'
    'x-ms-server-encrypted': 'REDACTED'
    'Date': 'Tue, 30 Apr 2024 04:48:11 GMT'
[2024-04-30T04:48:12.013+0000] {_universal.py:514} INFO - Request URL: 'https://azureyellowcab.blob.core.windows.net/cabfiles/yellow_tripdata_2011-02.parquet'
Request method: 'GET'
Request headers:
    'x-ms-range': 'REDACTED'
    'If-Match': '"0x8DC68D099B8E3CA"'
    'x-ms-version': 'REDACTED'
    'Accept': 'application/xml'
    'User-Agent': 'azsdk-python-storage-blob/12.19.1 Python/3.12.2 (Linux-6.6.22-linuxkit-x86_64-with-glibc2.36)'
    'x-ms-date': 'REDACTED'
    'x-ms-client-request-id': 'd93655d8-06ac-11ef-bb21-0242c0a80005'
    'Authorization': 'REDACTED'
No body was attached to the request
[2024-04-30T04:48:12.128+0000] {_universal.py:550} INFO - Response status: 206
Response headers:
    'Content-Length': '4194304'
    'Content-Type': 'application/octet-stream'
    'Content-Range': 'REDACTED'
    'Last-Modified': 'Tue, 30 Apr 2024 04:47:12 GMT'
    'Accept-Ranges': 'REDACTED'
    'ETag': '"0x8DC68D099B8E3CA"'
    'Server': 'Windows-Azure-Blob/1.0 Microsoft-HTTPAPI/2.0'
    'x-ms-request-id': 'a7440399-101e-007a-0eb9-9ad5df000000'
    'x-ms-client-request-id': 'd93655d8-06ac-11ef-bb21-0242c0a80005'
    'x-ms-version': 'REDACTED'
    'x-ms-creation-time': 'REDACTED'
    'x-ms-lease-status': 'REDACTED'
    'x-ms-lease-state': 'REDACTED'
    'x-ms-blob-type': 'REDACTED'
    'x-ms-server-encrypted': 'REDACTED'
    'Date': 'Tue, 30 Apr 2024 04:48:12 GMT'
[2024-04-30T04:48:12.763+0000] {_universal.py:514} INFO - Request URL: 'https://azureyellowcab.blob.core.windows.net/cabfiles/yellow_tripdata_2011-02.parquet'
Request method: 'GET'
Request headers:
    'x-ms-range': 'REDACTED'
    'If-Match': '"0x8DC68D099B8E3CA"'
    'x-ms-version': 'REDACTED'
    'Accept': 'application/xml'
    'User-Agent': 'azsdk-python-storage-blob/12.19.1 Python/3.12.2 (Linux-6.6.22-linuxkit-x86_64-with-glibc2.36)'
    'x-ms-date': 'REDACTED'
    'x-ms-client-request-id': 'd9a8c9ec-06ac-11ef-bb21-0242c0a80005'
    'Authorization': 'REDACTED'
No body was attached to the request
[2024-04-30T04:48:12.881+0000] {_universal.py:550} INFO - Response status: 206
Response headers:
    'Content-Length': '4194304'
    'Content-Type': 'application/octet-stream'
    'Content-Range': 'REDACTED'
    'Last-Modified': 'Tue, 30 Apr 2024 04:47:12 GMT'
    'Accept-Ranges': 'REDACTED'
    'ETag': '"0x8DC68D099B8E3CA"'
    'Server': 'Windows-Azure-Blob/1.0 Microsoft-HTTPAPI/2.0'
    'x-ms-request-id': 'a7440659-101e-007a-7fb9-9ad5df000000'
    'x-ms-client-request-id': 'd9a8c9ec-06ac-11ef-bb21-0242c0a80005'
    'x-ms-version': 'REDACTED'
    'x-ms-creation-time': 'REDACTED'
    'x-ms-lease-status': 'REDACTED'
    'x-ms-lease-state': 'REDACTED'
    'x-ms-blob-type': 'REDACTED'
    'x-ms-server-encrypted': 'REDACTED'
    'Date': 'Tue, 30 Apr 2024 04:48:12 GMT'
[2024-04-30T04:48:13.469+0000] {_universal.py:514} INFO - Request URL: 'https://azureyellowcab.blob.core.windows.net/cabfiles/yellow_tripdata_2011-02.parquet'
Request method: 'GET'
Request headers:
    'x-ms-range': 'REDACTED'
    'If-Match': '"0x8DC68D099B8E3CA"'
    'x-ms-version': 'REDACTED'
    'Accept': 'application/xml'
    'User-Agent': 'azsdk-python-storage-blob/12.19.1 Python/3.12.2 (Linux-6.6.22-linuxkit-x86_64-with-glibc2.36)'
    'x-ms-date': 'REDACTED'
    'x-ms-client-request-id': 'da1484b6-06ac-11ef-bb21-0242c0a80005'
    'Authorization': 'REDACTED'
No body was attached to the request
[2024-04-30T04:48:13.624+0000] {_universal.py:550} INFO - Response status: 206
Response headers:
    'Content-Length': '4194304'
    'Content-Type': 'application/octet-stream'
    'Content-Range': 'REDACTED'
    'Last-Modified': 'Tue, 30 Apr 2024 04:47:12 GMT'
    'Accept-Ranges': 'REDACTED'
    'ETag': '"0x8DC68D099B8E3CA"'
    'Server': 'Windows-Azure-Blob/1.0 Microsoft-HTTPAPI/2.0'
    'x-ms-request-id': 'a744096e-101e-007a-28b9-9ad5df000000'
    'x-ms-client-request-id': 'da1484b6-06ac-11ef-bb21-0242c0a80005'
    'x-ms-version': 'REDACTED'
    'x-ms-creation-time': 'REDACTED'
    'x-ms-lease-status': 'REDACTED'
    'x-ms-lease-state': 'REDACTED'
    'x-ms-blob-type': 'REDACTED'
    'x-ms-server-encrypted': 'REDACTED'
    'Date': 'Tue, 30 Apr 2024 04:48:13 GMT'
[2024-04-30T04:48:14.309+0000] {_universal.py:514} INFO - Request URL: 'https://azureyellowcab.blob.core.windows.net/cabfiles/yellow_tripdata_2011-02.parquet'
Request method: 'GET'
Request headers:
    'x-ms-range': 'REDACTED'
    'If-Match': '"0x8DC68D099B8E3CA"'
    'x-ms-version': 'REDACTED'
    'Accept': 'application/xml'
    'User-Agent': 'azsdk-python-storage-blob/12.19.1 Python/3.12.2 (Linux-6.6.22-linuxkit-x86_64-with-glibc2.36)'
    'x-ms-date': 'REDACTED'
    'x-ms-client-request-id': 'da94a8f8-06ac-11ef-bb21-0242c0a80005'
    'Authorization': 'REDACTED'
No body was attached to the request
[2024-04-30T04:48:14.423+0000] {_universal.py:550} INFO - Response status: 206
Response headers:
    'Content-Length': '4194304'
    'Content-Type': 'application/octet-stream'
    'Content-Range': 'REDACTED'
    'Last-Modified': 'Tue, 30 Apr 2024 04:47:12 GMT'
    'Accept-Ranges': 'REDACTED'
    'ETag': '"0x8DC68D099B8E3CA"'
    'Server': 'Windows-Azure-Blob/1.0 Microsoft-HTTPAPI/2.0'
    'x-ms-request-id': 'a7440c85-101e-007a-75b9-9ad5df000000'
    'x-ms-client-request-id': 'da94a8f8-06ac-11ef-bb21-0242c0a80005'
    'x-ms-version': 'REDACTED'
    'x-ms-creation-time': 'REDACTED'
    'x-ms-lease-status': 'REDACTED'
    'x-ms-lease-state': 'REDACTED'
    'x-ms-blob-type': 'REDACTED'
    'x-ms-server-encrypted': 'REDACTED'
    'Date': 'Tue, 30 Apr 2024 04:48:14 GMT'
[2024-04-30T04:48:15.132+0000] {_universal.py:514} INFO - Request URL: 'https://azureyellowcab.blob.core.windows.net/cabfiles/yellow_tripdata_2011-02.parquet'
Request method: 'GET'
Request headers:
    'x-ms-range': 'REDACTED'
    'If-Match': '"0x8DC68D099B8E3CA"'
    'x-ms-version': 'REDACTED'
    'Accept': 'application/xml'
    'User-Agent': 'azsdk-python-storage-blob/12.19.1 Python/3.12.2 (Linux-6.6.22-linuxkit-x86_64-with-glibc2.36)'
    'x-ms-date': 'REDACTED'
    'x-ms-client-request-id': 'db1238ae-06ac-11ef-bb21-0242c0a80005'
    'Authorization': 'REDACTED'
No body was attached to the request
[2024-04-30T04:48:15.257+0000] {_universal.py:550} INFO - Response status: 206
Response headers:
    'Content-Length': '4194304'
    'Content-Type': 'application/octet-stream'
    'Content-Range': 'REDACTED'
    'Last-Modified': 'Tue, 30 Apr 2024 04:47:12 GMT'
    'Accept-Ranges': 'REDACTED'
    'ETag': '"0x8DC68D099B8E3CA"'
    'Server': 'Windows-Azure-Blob/1.0 Microsoft-HTTPAPI/2.0'
    'x-ms-request-id': 'a7441004-101e-007a-22b9-9ad5df000000'
    'x-ms-client-request-id': 'db1238ae-06ac-11ef-bb21-0242c0a80005'
    'x-ms-version': 'REDACTED'
    'x-ms-creation-time': 'REDACTED'
    'x-ms-lease-status': 'REDACTED'
    'x-ms-lease-state': 'REDACTED'
    'x-ms-blob-type': 'REDACTED'
    'x-ms-server-encrypted': 'REDACTED'
    'Date': 'Tue, 30 Apr 2024 04:48:15 GMT'
[2024-04-30T04:48:15.991+0000] {_universal.py:514} INFO - Request URL: 'https://azureyellowcab.blob.core.windows.net/cabfiles/yellow_tripdata_2011-02.parquet'
Request method: 'GET'
Request headers:
    'x-ms-range': 'REDACTED'
    'If-Match': '"0x8DC68D099B8E3CA"'
    'x-ms-version': 'REDACTED'
    'Accept': 'application/xml'
    'User-Agent': 'azsdk-python-storage-blob/12.19.1 Python/3.12.2 (Linux-6.6.22-linuxkit-x86_64-with-glibc2.36)'
    'x-ms-date': 'REDACTED'
    'x-ms-client-request-id': 'db9552a2-06ac-11ef-bb21-0242c0a80005'
    'Authorization': 'REDACTED'
No body was attached to the request
[2024-04-30T04:48:16.098+0000] {_universal.py:550} INFO - Response status: 206
Response headers:
    'Content-Length': '4194304'
    'Content-Type': 'application/octet-stream'
    'Content-Range': 'REDACTED'
    'Last-Modified': 'Tue, 30 Apr 2024 04:47:12 GMT'
    'Accept-Ranges': 'REDACTED'
    'ETag': '"0x8DC68D099B8E3CA"'
    'Server': 'Windows-Azure-Blob/1.0 Microsoft-HTTPAPI/2.0'
    'x-ms-request-id': 'a74412ba-101e-007a-1bb9-9ad5df000000'
    'x-ms-client-request-id': 'db9552a2-06ac-11ef-bb21-0242c0a80005'
    'x-ms-version': 'REDACTED'
    'x-ms-creation-time': 'REDACTED'
    'x-ms-lease-status': 'REDACTED'
    'x-ms-lease-state': 'REDACTED'
    'x-ms-blob-type': 'REDACTED'
    'x-ms-server-encrypted': 'REDACTED'
    'Date': 'Tue, 30 Apr 2024 04:48:16 GMT'
[2024-04-30T04:48:16.774+0000] {_universal.py:514} INFO - Request URL: 'https://azureyellowcab.blob.core.windows.net/cabfiles/yellow_tripdata_2011-02.parquet'
Request method: 'GET'
Request headers:
    'x-ms-range': 'REDACTED'
    'If-Match': '"0x8DC68D099B8E3CA"'
    'x-ms-version': 'REDACTED'
    'Accept': 'application/xml'
    'User-Agent': 'azsdk-python-storage-blob/12.19.1 Python/3.12.2 (Linux-6.6.22-linuxkit-x86_64-with-glibc2.36)'
    'x-ms-date': 'REDACTED'
    'x-ms-client-request-id': 'dc0cc346-06ac-11ef-bb21-0242c0a80005'
    'Authorization': 'REDACTED'
No body was attached to the request
[2024-04-30T04:48:16.898+0000] {_universal.py:550} INFO - Response status: 206
Response headers:
    'Content-Length': '4194304'
    'Content-Type': 'application/octet-stream'
    'Content-Range': 'REDACTED'
    'Last-Modified': 'Tue, 30 Apr 2024 04:47:12 GMT'
    'Accept-Ranges': 'REDACTED'
    'ETag': '"0x8DC68D099B8E3CA"'
    'Server': 'Windows-Azure-Blob/1.0 Microsoft-HTTPAPI/2.0'
    'x-ms-request-id': 'a7441502-101e-007a-1fb9-9ad5df000000'
    'x-ms-client-request-id': 'dc0cc346-06ac-11ef-bb21-0242c0a80005'
    'x-ms-version': 'REDACTED'
    'x-ms-creation-time': 'REDACTED'
    'x-ms-lease-status': 'REDACTED'
    'x-ms-lease-state': 'REDACTED'
    'x-ms-blob-type': 'REDACTED'
    'x-ms-server-encrypted': 'REDACTED'
    'Date': 'Tue, 30 Apr 2024 04:48:16 GMT'
[2024-04-30T04:48:17.497+0000] {_universal.py:514} INFO - Request URL: 'https://azureyellowcab.blob.core.windows.net/cabfiles/yellow_tripdata_2011-02.parquet'
Request method: 'GET'
Request headers:
    'x-ms-range': 'REDACTED'
    'If-Match': '"0x8DC68D099B8E3CA"'
    'x-ms-version': 'REDACTED'
    'Accept': 'application/xml'
    'User-Agent': 'azsdk-python-storage-blob/12.19.1 Python/3.12.2 (Linux-6.6.22-linuxkit-x86_64-with-glibc2.36)'
    'x-ms-date': 'REDACTED'
    'x-ms-client-request-id': 'dc7b2642-06ac-11ef-bb21-0242c0a80005'
    'Authorization': 'REDACTED'
No body was attached to the request
[2024-04-30T04:48:17.626+0000] {_universal.py:550} INFO - Response status: 206
Response headers:
    'Content-Length': '4194304'
    'Content-Type': 'application/octet-stream'
    'Content-Range': 'REDACTED'
    'Last-Modified': 'Tue, 30 Apr 2024 04:47:12 GMT'
    'Accept-Ranges': 'REDACTED'
    'ETag': '"0x8DC68D099B8E3CA"'
    'Server': 'Windows-Azure-Blob/1.0 Microsoft-HTTPAPI/2.0'
    'x-ms-request-id': 'a7441757-101e-007a-23b9-9ad5df000000'
    'x-ms-client-request-id': 'dc7b2642-06ac-11ef-bb21-0242c0a80005'
    'x-ms-version': 'REDACTED'
    'x-ms-creation-time': 'REDACTED'
    'x-ms-lease-status': 'REDACTED'
    'x-ms-lease-state': 'REDACTED'
    'x-ms-blob-type': 'REDACTED'
    'x-ms-server-encrypted': 'REDACTED'
    'Date': 'Tue, 30 Apr 2024 04:48:17 GMT'
[2024-04-30T04:48:18.635+0000] {_universal.py:514} INFO - Request URL: 'https://azureyellowcab.blob.core.windows.net/cabfiles/yellow_tripdata_2011-02.parquet'
Request method: 'GET'
Request headers:
    'x-ms-range': 'REDACTED'
    'If-Match': '"0x8DC68D099B8E3CA"'
    'x-ms-version': 'REDACTED'
    'Accept': 'application/xml'
    'User-Agent': 'azsdk-python-storage-blob/12.19.1 Python/3.12.2 (Linux-6.6.22-linuxkit-x86_64-with-glibc2.36)'
    'x-ms-date': 'REDACTED'
    'x-ms-client-request-id': 'dd28c8e2-06ac-11ef-bb21-0242c0a80005'
    'Authorization': 'REDACTED'
No body was attached to the request
[2024-04-30T04:48:18.784+0000] {_universal.py:550} INFO - Response status: 206
Response headers:
    'Content-Length': '4194304'
    'Content-Type': 'application/octet-stream'
    'Content-Range': 'REDACTED'
    'Last-Modified': 'Tue, 30 Apr 2024 04:47:12 GMT'
    'Accept-Ranges': 'REDACTED'
    'ETag': '"0x8DC68D099B8E3CA"'
    'Server': 'Windows-Azure-Blob/1.0 Microsoft-HTTPAPI/2.0'
    'x-ms-request-id': 'a7441b3b-101e-007a-19b9-9ad5df000000'
    'x-ms-client-request-id': 'dd28c8e2-06ac-11ef-bb21-0242c0a80005'
    'x-ms-version': 'REDACTED'
    'x-ms-creation-time': 'REDACTED'
    'x-ms-lease-status': 'REDACTED'
    'x-ms-lease-state': 'REDACTED'
    'x-ms-blob-type': 'REDACTED'
    'x-ms-server-encrypted': 'REDACTED'
    'Date': 'Tue, 30 Apr 2024 04:48:18 GMT'
[2024-04-30T04:48:20.293+0000] {_universal.py:514} INFO - Request URL: 'https://azureyellowcab.blob.core.windows.net/cabfiles/yellow_tripdata_2011-02.parquet'
Request method: 'GET'
Request headers:
    'x-ms-range': 'REDACTED'
    'If-Match': '"0x8DC68D099B8E3CA"'
    'x-ms-version': 'REDACTED'
    'Accept': 'application/xml'
    'User-Agent': 'azsdk-python-storage-blob/12.19.1 Python/3.12.2 (Linux-6.6.22-linuxkit-x86_64-with-glibc2.36)'
    'x-ms-date': 'REDACTED'
    'x-ms-client-request-id': 'de25b188-06ac-11ef-bb21-0242c0a80005'
    'Authorization': 'REDACTED'
No body was attached to the request
[2024-04-30T04:48:20.415+0000] {_universal.py:550} INFO - Response status: 206
Response headers:
    'Content-Length': '4194304'
    'Content-Type': 'application/octet-stream'
    'Content-Range': 'REDACTED'
    'Last-Modified': 'Tue, 30 Apr 2024 04:47:12 GMT'
    'Accept-Ranges': 'REDACTED'
    'ETag': '"0x8DC68D099B8E3CA"'
    'Server': 'Windows-Azure-Blob/1.0 Microsoft-HTTPAPI/2.0'
    'x-ms-request-id': 'a74420c1-101e-007a-08b9-9ad5df000000'
    'x-ms-client-request-id': 'de25b188-06ac-11ef-bb21-0242c0a80005'
    'x-ms-version': 'REDACTED'
    'x-ms-creation-time': 'REDACTED'
    'x-ms-lease-status': 'REDACTED'
    'x-ms-lease-state': 'REDACTED'
    'x-ms-blob-type': 'REDACTED'
    'x-ms-server-encrypted': 'REDACTED'
    'Date': 'Tue, 30 Apr 2024 04:48:20 GMT'
[2024-04-30T04:48:21.396+0000] {_universal.py:514} INFO - Request URL: 'https://azureyellowcab.blob.core.windows.net/cabfiles/yellow_tripdata_2011-02.parquet'
Request method: 'GET'
Request headers:
    'x-ms-range': 'REDACTED'
    'If-Match': '"0x8DC68D099B8E3CA"'
    'x-ms-version': 'REDACTED'
    'Accept': 'application/xml'
    'User-Agent': 'azsdk-python-storage-blob/12.19.1 Python/3.12.2 (Linux-6.6.22-linuxkit-x86_64-with-glibc2.36)'
    'x-ms-date': 'REDACTED'
    'x-ms-client-request-id': 'decdfb2c-06ac-11ef-bb21-0242c0a80005'
    'Authorization': 'REDACTED'
No body was attached to the request
[2024-04-30T04:48:21.552+0000] {_universal.py:550} INFO - Response status: 206
Response headers:
    'Content-Length': '4194304'
    'Content-Type': 'application/octet-stream'
    'Content-Range': 'REDACTED'
    'Last-Modified': 'Tue, 30 Apr 2024 04:47:12 GMT'
    'Accept-Ranges': 'REDACTED'
    'ETag': '"0x8DC68D099B8E3CA"'
    'Server': 'Windows-Azure-Blob/1.0 Microsoft-HTTPAPI/2.0'
    'x-ms-request-id': 'a744246a-101e-007a-34b9-9ad5df000000'
    'x-ms-client-request-id': 'decdfb2c-06ac-11ef-bb21-0242c0a80005'
    'x-ms-version': 'REDACTED'
    'x-ms-creation-time': 'REDACTED'
    'x-ms-lease-status': 'REDACTED'
    'x-ms-lease-state': 'REDACTED'
    'x-ms-blob-type': 'REDACTED'
    'x-ms-server-encrypted': 'REDACTED'
    'Date': 'Tue, 30 Apr 2024 04:48:21 GMT'
[2024-04-30T04:48:22.480+0000] {_universal.py:514} INFO - Request URL: 'https://azureyellowcab.blob.core.windows.net/cabfiles/yellow_tripdata_2011-02.parquet'
Request method: 'GET'
Request headers:
    'x-ms-range': 'REDACTED'
    'If-Match': '"0x8DC68D099B8E3CA"'
    'x-ms-version': 'REDACTED'
    'Accept': 'application/xml'
    'User-Agent': 'azsdk-python-storage-blob/12.19.1 Python/3.12.2 (Linux-6.6.22-linuxkit-x86_64-with-glibc2.36)'
    'x-ms-date': 'REDACTED'
    'x-ms-client-request-id': 'df736544-06ac-11ef-bb21-0242c0a80005'
    'Authorization': 'REDACTED'
No body was attached to the request
[2024-04-30T04:48:22.602+0000] {_universal.py:550} INFO - Response status: 206
Response headers:
    'Content-Length': '4194304'
    'Content-Type': 'application/octet-stream'
    'Content-Range': 'REDACTED'
    'Last-Modified': 'Tue, 30 Apr 2024 04:47:12 GMT'
    'Accept-Ranges': 'REDACTED'
    'ETag': '"0x8DC68D099B8E3CA"'
    'Server': 'Windows-Azure-Blob/1.0 Microsoft-HTTPAPI/2.0'
    'x-ms-request-id': 'a744285a-101e-007a-1db9-9ad5df000000'
    'x-ms-client-request-id': 'df736544-06ac-11ef-bb21-0242c0a80005'
    'x-ms-version': 'REDACTED'
    'x-ms-creation-time': 'REDACTED'
    'x-ms-lease-status': 'REDACTED'
    'x-ms-lease-state': 'REDACTED'
    'x-ms-blob-type': 'REDACTED'
    'x-ms-server-encrypted': 'REDACTED'
    'Date': 'Tue, 30 Apr 2024 04:48:22 GMT'
[2024-04-30T04:48:23.252+0000] {_universal.py:514} INFO - Request URL: 'https://azureyellowcab.blob.core.windows.net/cabfiles/yellow_tripdata_2011-02.parquet'
Request method: 'GET'
Request headers:
    'x-ms-range': 'REDACTED'
    'If-Match': '"0x8DC68D099B8E3CA"'
    'x-ms-version': 'REDACTED'
    'Accept': 'application/xml'
    'User-Agent': 'azsdk-python-storage-blob/12.19.1 Python/3.12.2 (Linux-6.6.22-linuxkit-x86_64-with-glibc2.36)'
    'x-ms-date': 'REDACTED'
    'x-ms-client-request-id': 'dfe94d54-06ac-11ef-bb21-0242c0a80005'
    'Authorization': 'REDACTED'
No body was attached to the request
[2024-04-30T04:48:23.368+0000] {_universal.py:550} INFO - Response status: 206
Response headers:
    'Content-Length': '4194304'
    'Content-Type': 'application/octet-stream'
    'Content-Range': 'REDACTED'
    'Last-Modified': 'Tue, 30 Apr 2024 04:47:12 GMT'
    'Accept-Ranges': 'REDACTED'
    'ETag': '"0x8DC68D099B8E3CA"'
    'Server': 'Windows-Azure-Blob/1.0 Microsoft-HTTPAPI/2.0'
    'x-ms-request-id': 'a7442b05-101e-007a-69b9-9ad5df000000'
    'x-ms-client-request-id': 'dfe94d54-06ac-11ef-bb21-0242c0a80005'
    'x-ms-version': 'REDACTED'
    'x-ms-creation-time': 'REDACTED'
    'x-ms-lease-status': 'REDACTED'
    'x-ms-lease-state': 'REDACTED'
    'x-ms-blob-type': 'REDACTED'
    'x-ms-server-encrypted': 'REDACTED'
    'Date': 'Tue, 30 Apr 2024 04:48:23 GMT'
[2024-04-30T04:48:23.884+0000] {_universal.py:514} INFO - Request URL: 'https://azureyellowcab.blob.core.windows.net/cabfiles/yellow_tripdata_2011-02.parquet'
Request method: 'GET'
Request headers:
    'x-ms-range': 'REDACTED'
    'If-Match': '"0x8DC68D099B8E3CA"'
    'x-ms-version': 'REDACTED'
    'Accept': 'application/xml'
    'User-Agent': 'azsdk-python-storage-blob/12.19.1 Python/3.12.2 (Linux-6.6.22-linuxkit-x86_64-with-glibc2.36)'
    'x-ms-date': 'REDACTED'
    'x-ms-client-request-id': 'e049b0b8-06ac-11ef-bb21-0242c0a80005'
    'Authorization': 'REDACTED'
No body was attached to the request
[2024-04-30T04:48:24.059+0000] {_universal.py:550} INFO - Response status: 206
Response headers:
    'Content-Length': '4194304'
    'Content-Type': 'application/octet-stream'
    'Content-Range': 'REDACTED'
    'Last-Modified': 'Tue, 30 Apr 2024 04:47:12 GMT'
    'Accept-Ranges': 'REDACTED'
    'ETag': '"0x8DC68D099B8E3CA"'
    'Server': 'Windows-Azure-Blob/1.0 Microsoft-HTTPAPI/2.0'
    'x-ms-request-id': 'a7442da8-101e-007a-38b9-9ad5df000000'
    'x-ms-client-request-id': 'e049b0b8-06ac-11ef-bb21-0242c0a80005'
    'x-ms-version': 'REDACTED'
    'x-ms-creation-time': 'REDACTED'
    'x-ms-lease-status': 'REDACTED'
    'x-ms-lease-state': 'REDACTED'
    'x-ms-blob-type': 'REDACTED'
    'x-ms-server-encrypted': 'REDACTED'
    'Date': 'Tue, 30 Apr 2024 04:48:24 GMT'
[2024-04-30T04:48:24.681+0000] {_universal.py:514} INFO - Request URL: 'https://azureyellowcab.blob.core.windows.net/cabfiles/yellow_tripdata_2011-02.parquet'
Request method: 'GET'
Request headers:
    'x-ms-range': 'REDACTED'
    'If-Match': '"0x8DC68D099B8E3CA"'
    'x-ms-version': 'REDACTED'
    'Accept': 'application/xml'
    'User-Agent': 'azsdk-python-storage-blob/12.19.1 Python/3.12.2 (Linux-6.6.22-linuxkit-x86_64-with-glibc2.36)'
    'x-ms-date': 'REDACTED'
    'x-ms-client-request-id': 'e0c34108-06ac-11ef-bb21-0242c0a80005'
    'Authorization': 'REDACTED'
No body was attached to the request
[2024-04-30T04:48:24.792+0000] {_universal.py:550} INFO - Response status: 206
Response headers:
    'Content-Length': '4194304'
    'Content-Type': 'application/octet-stream'
    'Content-Range': 'REDACTED'
    'Last-Modified': 'Tue, 30 Apr 2024 04:47:12 GMT'
    'Accept-Ranges': 'REDACTED'
    'ETag': '"0x8DC68D099B8E3CA"'
    'Server': 'Windows-Azure-Blob/1.0 Microsoft-HTTPAPI/2.0'
    'x-ms-request-id': 'a744304c-101e-007a-06b9-9ad5df000000'
    'x-ms-client-request-id': 'e0c34108-06ac-11ef-bb21-0242c0a80005'
    'x-ms-version': 'REDACTED'
    'x-ms-creation-time': 'REDACTED'
    'x-ms-lease-status': 'REDACTED'
    'x-ms-lease-state': 'REDACTED'
    'x-ms-blob-type': 'REDACTED'
    'x-ms-server-encrypted': 'REDACTED'
    'Date': 'Tue, 30 Apr 2024 04:48:24 GMT'
[2024-04-30T04:48:25.325+0000] {_universal.py:514} INFO - Request URL: 'https://azureyellowcab.blob.core.windows.net/cabfiles/yellow_tripdata_2011-02.parquet'
Request method: 'GET'
Request headers:
    'x-ms-range': 'REDACTED'
    'If-Match': '"0x8DC68D099B8E3CA"'
    'x-ms-version': 'REDACTED'
    'Accept': 'application/xml'
    'User-Agent': 'azsdk-python-storage-blob/12.19.1 Python/3.12.2 (Linux-6.6.22-linuxkit-x86_64-with-glibc2.36)'
    'x-ms-date': 'REDACTED'
    'x-ms-client-request-id': 'e1258264-06ac-11ef-bb21-0242c0a80005'
    'Authorization': 'REDACTED'
No body was attached to the request
[2024-04-30T04:48:25.433+0000] {_universal.py:550} INFO - Response status: 206
Response headers:
    'Content-Length': '4194304'
    'Content-Type': 'application/octet-stream'
    'Content-Range': 'REDACTED'
    'Last-Modified': 'Tue, 30 Apr 2024 04:47:12 GMT'
    'Accept-Ranges': 'REDACTED'
    'ETag': '"0x8DC68D099B8E3CA"'
    'Server': 'Windows-Azure-Blob/1.0 Microsoft-HTTPAPI/2.0'
    'x-ms-request-id': 'a74431f8-101e-007a-03b9-9ad5df000000'
    'x-ms-client-request-id': 'e1258264-06ac-11ef-bb21-0242c0a80005'
    'x-ms-version': 'REDACTED'
    'x-ms-creation-time': 'REDACTED'
    'x-ms-lease-status': 'REDACTED'
    'x-ms-lease-state': 'REDACTED'
    'x-ms-blob-type': 'REDACTED'
    'x-ms-server-encrypted': 'REDACTED'
    'Date': 'Tue, 30 Apr 2024 04:48:25 GMT'
[2024-04-30T04:48:25.941+0000] {_universal.py:514} INFO - Request URL: 'https://azureyellowcab.blob.core.windows.net/cabfiles/yellow_tripdata_2011-02.parquet'
Request method: 'GET'
Request headers:
    'x-ms-range': 'REDACTED'
    'If-Match': '"0x8DC68D099B8E3CA"'
    'x-ms-version': 'REDACTED'
    'Accept': 'application/xml'
    'User-Agent': 'azsdk-python-storage-blob/12.19.1 Python/3.12.2 (Linux-6.6.22-linuxkit-x86_64-with-glibc2.36)'
    'x-ms-date': 'REDACTED'
    'x-ms-client-request-id': 'e1839a3e-06ac-11ef-bb21-0242c0a80005'
    'Authorization': 'REDACTED'
No body was attached to the request
[2024-04-30T04:48:26.174+0000] {_universal.py:550} INFO - Response status: 206
Response headers:
    'Content-Length': '4194304'
    'Content-Type': 'application/octet-stream'
    'Content-Range': 'REDACTED'
    'Last-Modified': 'Tue, 30 Apr 2024 04:47:12 GMT'
    'Accept-Ranges': 'REDACTED'
    'ETag': '"0x8DC68D099B8E3CA"'
    'Server': 'Windows-Azure-Blob/1.0 Microsoft-HTTPAPI/2.0'
    'x-ms-request-id': 'a7443429-101e-007a-6bb9-9ad5df000000'
    'x-ms-client-request-id': 'e1839a3e-06ac-11ef-bb21-0242c0a80005'
    'x-ms-version': 'REDACTED'
    'x-ms-creation-time': 'REDACTED'
    'x-ms-lease-status': 'REDACTED'
    'x-ms-lease-state': 'REDACTED'
    'x-ms-blob-type': 'REDACTED'
    'x-ms-server-encrypted': 'REDACTED'
    'Date': 'Tue, 30 Apr 2024 04:48:26 GMT'
[2024-04-30T04:48:26.645+0000] {_universal.py:514} INFO - Request URL: 'https://azureyellowcab.blob.core.windows.net/cabfiles/yellow_tripdata_2011-02.parquet'
Request method: 'GET'
Request headers:
    'x-ms-range': 'REDACTED'
    'If-Match': '"0x8DC68D099B8E3CA"'
    'x-ms-version': 'REDACTED'
    'Accept': 'application/xml'
    'User-Agent': 'azsdk-python-storage-blob/12.19.1 Python/3.12.2 (Linux-6.6.22-linuxkit-x86_64-with-glibc2.36)'
    'x-ms-date': 'REDACTED'
    'x-ms-client-request-id': 'e1ef0986-06ac-11ef-bb21-0242c0a80005'
    'Authorization': 'REDACTED'
No body was attached to the request
[2024-04-30T04:48:26.744+0000] {_universal.py:550} INFO - Response status: 206
Response headers:
    'Content-Length': '4194304'
    'Content-Type': 'application/octet-stream'
    'Content-Range': 'REDACTED'
    'Last-Modified': 'Tue, 30 Apr 2024 04:47:12 GMT'
    'Accept-Ranges': 'REDACTED'
    'ETag': '"0x8DC68D099B8E3CA"'
    'Server': 'Windows-Azure-Blob/1.0 Microsoft-HTTPAPI/2.0'
    'x-ms-request-id': 'a744369d-101e-007a-22b9-9ad5df000000'
    'x-ms-client-request-id': 'e1ef0986-06ac-11ef-bb21-0242c0a80005'
    'x-ms-version': 'REDACTED'
    'x-ms-creation-time': 'REDACTED'
    'x-ms-lease-status': 'REDACTED'
    'x-ms-lease-state': 'REDACTED'
    'x-ms-blob-type': 'REDACTED'
    'x-ms-server-encrypted': 'REDACTED'
    'Date': 'Tue, 30 Apr 2024 04:48:26 GMT'
[2024-04-30T04:48:27.218+0000] {_universal.py:514} INFO - Request URL: 'https://azureyellowcab.blob.core.windows.net/cabfiles/yellow_tripdata_2011-02.parquet'
Request method: 'GET'
Request headers:
    'x-ms-range': 'REDACTED'
    'If-Match': '"0x8DC68D099B8E3CA"'
    'x-ms-version': 'REDACTED'
    'Accept': 'application/xml'
    'User-Agent': 'azsdk-python-storage-blob/12.19.1 Python/3.12.2 (Linux-6.6.22-linuxkit-x86_64-with-glibc2.36)'
    'x-ms-date': 'REDACTED'
    'x-ms-client-request-id': 'e2467aa4-06ac-11ef-bb21-0242c0a80005'
    'Authorization': 'REDACTED'
No body was attached to the request
[2024-04-30T04:48:27.326+0000] {_universal.py:550} INFO - Response status: 206
Response headers:
    'Content-Length': '4194304'
    'Content-Type': 'application/octet-stream'
    'Content-Range': 'REDACTED'
    'Last-Modified': 'Tue, 30 Apr 2024 04:47:12 GMT'
    'Accept-Ranges': 'REDACTED'
    'ETag': '"0x8DC68D099B8E3CA"'
    'Server': 'Windows-Azure-Blob/1.0 Microsoft-HTTPAPI/2.0'
    'x-ms-request-id': 'a744385c-101e-007a-38b9-9ad5df000000'
    'x-ms-client-request-id': 'e2467aa4-06ac-11ef-bb21-0242c0a80005'
    'x-ms-version': 'REDACTED'
    'x-ms-creation-time': 'REDACTED'
    'x-ms-lease-status': 'REDACTED'
    'x-ms-lease-state': 'REDACTED'
    'x-ms-blob-type': 'REDACTED'
    'x-ms-server-encrypted': 'REDACTED'
    'Date': 'Tue, 30 Apr 2024 04:48:27 GMT'
[2024-04-30T04:48:28.098+0000] {_universal.py:514} INFO - Request URL: 'https://azureyellowcab.blob.core.windows.net/cabfiles/yellow_tripdata_2011-02.parquet'
Request method: 'GET'
Request headers:
    'x-ms-range': 'REDACTED'
    'If-Match': '"0x8DC68D099B8E3CA"'
    'x-ms-version': 'REDACTED'
    'Accept': 'application/xml'
    'User-Agent': 'azsdk-python-storage-blob/12.19.1 Python/3.12.2 (Linux-6.6.22-linuxkit-x86_64-with-glibc2.36)'
    'x-ms-date': 'REDACTED'
    'x-ms-client-request-id': 'e2cc62a4-06ac-11ef-bb21-0242c0a80005'
    'Authorization': 'REDACTED'
No body was attached to the request
[2024-04-30T04:48:28.232+0000] {_universal.py:550} INFO - Response status: 206
Response headers:
    'Content-Length': '4194304'
    'Content-Type': 'application/octet-stream'
    'Content-Range': 'REDACTED'
    'Last-Modified': 'Tue, 30 Apr 2024 04:47:12 GMT'
    'Accept-Ranges': 'REDACTED'
    'ETag': '"0x8DC68D099B8E3CA"'
    'Server': 'Windows-Azure-Blob/1.0 Microsoft-HTTPAPI/2.0'
    'x-ms-request-id': 'a7443b72-101e-007a-7fb9-9ad5df000000'
    'x-ms-client-request-id': 'e2cc62a4-06ac-11ef-bb21-0242c0a80005'
    'x-ms-version': 'REDACTED'
    'x-ms-creation-time': 'REDACTED'
    'x-ms-lease-status': 'REDACTED'
    'x-ms-lease-state': 'REDACTED'
    'x-ms-blob-type': 'REDACTED'
    'x-ms-server-encrypted': 'REDACTED'
    'Date': 'Tue, 30 Apr 2024 04:48:28 GMT'
[2024-04-30T04:48:28.749+0000] {_universal.py:514} INFO - Request URL: 'https://azureyellowcab.blob.core.windows.net/cabfiles/yellow_tripdata_2011-02.parquet'
Request method: 'GET'
Request headers:
    'x-ms-range': 'REDACTED'
    'If-Match': '"0x8DC68D099B8E3CA"'
    'x-ms-version': 'REDACTED'
    'Accept': 'application/xml'
    'User-Agent': 'azsdk-python-storage-blob/12.19.1 Python/3.12.2 (Linux-6.6.22-linuxkit-x86_64-with-glibc2.36)'
    'x-ms-date': 'REDACTED'
    'x-ms-client-request-id': 'e33012ae-06ac-11ef-bb21-0242c0a80005'
    'Authorization': 'REDACTED'
No body was attached to the request
[2024-04-30T04:48:28.865+0000] {_universal.py:550} INFO - Response status: 206
Response headers:
    'Content-Length': '4194304'
    'Content-Type': 'application/octet-stream'
    'Content-Range': 'REDACTED'
    'Last-Modified': 'Tue, 30 Apr 2024 04:47:12 GMT'
    'Accept-Ranges': 'REDACTED'
    'ETag': '"0x8DC68D099B8E3CA"'
    'Server': 'Windows-Azure-Blob/1.0 Microsoft-HTTPAPI/2.0'
    'x-ms-request-id': 'a7443db5-101e-007a-7eb9-9ad5df000000'
    'x-ms-client-request-id': 'e33012ae-06ac-11ef-bb21-0242c0a80005'
    'x-ms-version': 'REDACTED'
    'x-ms-creation-time': 'REDACTED'
    'x-ms-lease-status': 'REDACTED'
    'x-ms-lease-state': 'REDACTED'
    'x-ms-blob-type': 'REDACTED'
    'x-ms-server-encrypted': 'REDACTED'
    'Date': 'Tue, 30 Apr 2024 04:48:28 GMT'
[2024-04-30T04:48:29.366+0000] {_universal.py:514} INFO - Request URL: 'https://azureyellowcab.blob.core.windows.net/cabfiles/yellow_tripdata_2011-02.parquet'
Request method: 'GET'
Request headers:
    'x-ms-range': 'REDACTED'
    'If-Match': '"0x8DC68D099B8E3CA"'
    'x-ms-version': 'REDACTED'
    'Accept': 'application/xml'
    'User-Agent': 'azsdk-python-storage-blob/12.19.1 Python/3.12.2 (Linux-6.6.22-linuxkit-x86_64-with-glibc2.36)'
    'x-ms-date': 'REDACTED'
    'x-ms-client-request-id': 'e38e4112-06ac-11ef-bb21-0242c0a80005'
    'Authorization': 'REDACTED'
No body was attached to the request
[2024-04-30T04:48:29.489+0000] {_universal.py:550} INFO - Response status: 206
Response headers:
    'Content-Length': '4194304'
    'Content-Type': 'application/octet-stream'
    'Content-Range': 'REDACTED'
    'Last-Modified': 'Tue, 30 Apr 2024 04:47:12 GMT'
    'Accept-Ranges': 'REDACTED'
    'ETag': '"0x8DC68D099B8E3CA"'
    'Server': 'Windows-Azure-Blob/1.0 Microsoft-HTTPAPI/2.0'
    'x-ms-request-id': 'a7443fe2-101e-007a-6ab9-9ad5df000000'
    'x-ms-client-request-id': 'e38e4112-06ac-11ef-bb21-0242c0a80005'
    'x-ms-version': 'REDACTED'
    'x-ms-creation-time': 'REDACTED'
    'x-ms-lease-status': 'REDACTED'
    'x-ms-lease-state': 'REDACTED'
    'x-ms-blob-type': 'REDACTED'
    'x-ms-server-encrypted': 'REDACTED'
    'Date': 'Tue, 30 Apr 2024 04:48:29 GMT'
[2024-04-30T04:48:30.043+0000] {_universal.py:514} INFO - Request URL: 'https://azureyellowcab.blob.core.windows.net/cabfiles/yellow_tripdata_2011-02.parquet'
Request method: 'GET'
Request headers:
    'x-ms-range': 'REDACTED'
    'If-Match': '"0x8DC68D099B8E3CA"'
    'x-ms-version': 'REDACTED'
    'Accept': 'application/xml'
    'User-Agent': 'azsdk-python-storage-blob/12.19.1 Python/3.12.2 (Linux-6.6.22-linuxkit-x86_64-with-glibc2.36)'
    'x-ms-date': 'REDACTED'
    'x-ms-client-request-id': 'e3f58836-06ac-11ef-bb21-0242c0a80005'
    'Authorization': 'REDACTED'
No body was attached to the request
[2024-04-30T04:48:30.166+0000] {_universal.py:550} INFO - Response status: 206
Response headers:
    'Content-Length': '4194304'
    'Content-Type': 'application/octet-stream'
    'Content-Range': 'REDACTED'
    'Last-Modified': 'Tue, 30 Apr 2024 04:47:12 GMT'
    'Accept-Ranges': 'REDACTED'
    'ETag': '"0x8DC68D099B8E3CA"'
    'Server': 'Windows-Azure-Blob/1.0 Microsoft-HTTPAPI/2.0'
    'x-ms-request-id': 'a7444281-101e-007a-4ab9-9ad5df000000'
    'x-ms-client-request-id': 'e3f58836-06ac-11ef-bb21-0242c0a80005'
    'x-ms-version': 'REDACTED'
    'x-ms-creation-time': 'REDACTED'
    'x-ms-lease-status': 'REDACTED'
    'x-ms-lease-state': 'REDACTED'
    'x-ms-blob-type': 'REDACTED'
    'x-ms-server-encrypted': 'REDACTED'
    'Date': 'Tue, 30 Apr 2024 04:48:30 GMT'
[2024-04-30T04:48:30.697+0000] {_universal.py:514} INFO - Request URL: 'https://azureyellowcab.blob.core.windows.net/cabfiles/yellow_tripdata_2011-02.parquet'
Request method: 'GET'
Request headers:
    'x-ms-range': 'REDACTED'
    'If-Match': '"0x8DC68D099B8E3CA"'
    'x-ms-version': 'REDACTED'
    'Accept': 'application/xml'
    'User-Agent': 'azsdk-python-storage-blob/12.19.1 Python/3.12.2 (Linux-6.6.22-linuxkit-x86_64-with-glibc2.36)'
    'x-ms-date': 'REDACTED'
    'x-ms-client-request-id': 'e4593dcc-06ac-11ef-bb21-0242c0a80005'
    'Authorization': 'REDACTED'
No body was attached to the request
[2024-04-30T04:48:30.817+0000] {_universal.py:550} INFO - Response status: 206
Response headers:
    'Content-Length': '4194304'
    'Content-Type': 'application/octet-stream'
    'Content-Range': 'REDACTED'
    'Last-Modified': 'Tue, 30 Apr 2024 04:47:12 GMT'
    'Accept-Ranges': 'REDACTED'
    'ETag': '"0x8DC68D099B8E3CA"'
    'Server': 'Windows-Azure-Blob/1.0 Microsoft-HTTPAPI/2.0'
    'x-ms-request-id': 'a74444be-101e-007a-45b9-9ad5df000000'
    'x-ms-client-request-id': 'e4593dcc-06ac-11ef-bb21-0242c0a80005'
    'x-ms-version': 'REDACTED'
    'x-ms-creation-time': 'REDACTED'
    'x-ms-lease-status': 'REDACTED'
    'x-ms-lease-state': 'REDACTED'
    'x-ms-blob-type': 'REDACTED'
    'x-ms-server-encrypted': 'REDACTED'
    'Date': 'Tue, 30 Apr 2024 04:48:30 GMT'
[2024-04-30T04:48:31.375+0000] {_universal.py:514} INFO - Request URL: 'https://azureyellowcab.blob.core.windows.net/cabfiles/yellow_tripdata_2011-02.parquet'
Request method: 'GET'
Request headers:
    'x-ms-range': 'REDACTED'
    'If-Match': '"0x8DC68D099B8E3CA"'
    'x-ms-version': 'REDACTED'
    'Accept': 'application/xml'
    'User-Agent': 'azsdk-python-storage-blob/12.19.1 Python/3.12.2 (Linux-6.6.22-linuxkit-x86_64-with-glibc2.36)'
    'x-ms-date': 'REDACTED'
    'x-ms-client-request-id': 'e4c0b20e-06ac-11ef-bb21-0242c0a80005'
    'Authorization': 'REDACTED'
No body was attached to the request
[2024-04-30T04:48:31.496+0000] {_universal.py:550} INFO - Response status: 206
Response headers:
    'Content-Length': '4194304'
    'Content-Type': 'application/octet-stream'
    'Content-Range': 'REDACTED'
    'Last-Modified': 'Tue, 30 Apr 2024 04:47:12 GMT'
    'Accept-Ranges': 'REDACTED'
    'ETag': '"0x8DC68D099B8E3CA"'
    'Server': 'Windows-Azure-Blob/1.0 Microsoft-HTTPAPI/2.0'
    'x-ms-request-id': 'a7444764-101e-007a-15b9-9ad5df000000'
    'x-ms-client-request-id': 'e4c0b20e-06ac-11ef-bb21-0242c0a80005'
    'x-ms-version': 'REDACTED'
    'x-ms-creation-time': 'REDACTED'
    'x-ms-lease-status': 'REDACTED'
    'x-ms-lease-state': 'REDACTED'
    'x-ms-blob-type': 'REDACTED'
    'x-ms-server-encrypted': 'REDACTED'
    'Date': 'Tue, 30 Apr 2024 04:48:31 GMT'
[2024-04-30T04:48:32.033+0000] {_universal.py:514} INFO - Request URL: 'https://azureyellowcab.blob.core.windows.net/cabfiles/yellow_tripdata_2011-02.parquet'
Request method: 'GET'
Request headers:
    'x-ms-range': 'REDACTED'
    'If-Match': '"0x8DC68D099B8E3CA"'
    'x-ms-version': 'REDACTED'
    'Accept': 'application/xml'
    'User-Agent': 'azsdk-python-storage-blob/12.19.1 Python/3.12.2 (Linux-6.6.22-linuxkit-x86_64-with-glibc2.36)'
    'x-ms-date': 'REDACTED'
    'x-ms-client-request-id': 'e525303a-06ac-11ef-bb21-0242c0a80005'
    'Authorization': 'REDACTED'
No body was attached to the request
[2024-04-30T04:48:32.153+0000] {_universal.py:550} INFO - Response status: 206
Response headers:
    'Content-Length': '4194304'
    'Content-Type': 'application/octet-stream'
    'Content-Range': 'REDACTED'
    'Last-Modified': 'Tue, 30 Apr 2024 04:47:12 GMT'
    'Accept-Ranges': 'REDACTED'
    'ETag': '"0x8DC68D099B8E3CA"'
    'Server': 'Windows-Azure-Blob/1.0 Microsoft-HTTPAPI/2.0'
    'x-ms-request-id': 'a74449ac-101e-007a-1eb9-9ad5df000000'
    'x-ms-client-request-id': 'e525303a-06ac-11ef-bb21-0242c0a80005'
    'x-ms-version': 'REDACTED'
    'x-ms-creation-time': 'REDACTED'
    'x-ms-lease-status': 'REDACTED'
    'x-ms-lease-state': 'REDACTED'
    'x-ms-blob-type': 'REDACTED'
    'x-ms-server-encrypted': 'REDACTED'
    'Date': 'Tue, 30 Apr 2024 04:48:32 GMT'
[2024-04-30T04:48:32.715+0000] {_universal.py:514} INFO - Request URL: 'https://azureyellowcab.blob.core.windows.net/cabfiles/yellow_tripdata_2011-02.parquet'
Request method: 'GET'
Request headers:
    'x-ms-range': 'REDACTED'
    'If-Match': '"0x8DC68D099B8E3CA"'
    'x-ms-version': 'REDACTED'
    'Accept': 'application/xml'
    'User-Agent': 'azsdk-python-storage-blob/12.19.1 Python/3.12.2 (Linux-6.6.22-linuxkit-x86_64-with-glibc2.36)'
    'x-ms-date': 'REDACTED'
    'x-ms-client-request-id': 'e58d2aaa-06ac-11ef-bb21-0242c0a80005'
    'Authorization': 'REDACTED'
No body was attached to the request
[2024-04-30T04:48:32.843+0000] {_universal.py:550} INFO - Response status: 206
Response headers:
    'Content-Length': '4194304'
    'Content-Type': 'application/octet-stream'
    'Content-Range': 'REDACTED'
    'Last-Modified': 'Tue, 30 Apr 2024 04:47:12 GMT'
    'Accept-Ranges': 'REDACTED'
    'ETag': '"0x8DC68D099B8E3CA"'
    'Server': 'Windows-Azure-Blob/1.0 Microsoft-HTTPAPI/2.0'
    'x-ms-request-id': 'a7444bf3-101e-007a-29b9-9ad5df000000'
    'x-ms-client-request-id': 'e58d2aaa-06ac-11ef-bb21-0242c0a80005'
    'x-ms-version': 'REDACTED'
    'x-ms-creation-time': 'REDACTED'
    'x-ms-lease-status': 'REDACTED'
    'x-ms-lease-state': 'REDACTED'
    'x-ms-blob-type': 'REDACTED'
    'x-ms-server-encrypted': 'REDACTED'
    'Date': 'Tue, 30 Apr 2024 04:48:32 GMT'
[2024-04-30T04:48:33.541+0000] {_universal.py:514} INFO - Request URL: 'https://azureyellowcab.blob.core.windows.net/cabfiles/yellow_tripdata_2011-02.parquet'
Request method: 'GET'
Request headers:
    'x-ms-range': 'REDACTED'
    'If-Match': '"0x8DC68D099B8E3CA"'
    'x-ms-version': 'REDACTED'
    'Accept': 'application/xml'
    'User-Agent': 'azsdk-python-storage-blob/12.19.1 Python/3.12.2 (Linux-6.6.22-linuxkit-x86_64-with-glibc2.36)'
    'x-ms-date': 'REDACTED'
    'x-ms-client-request-id': 'e60b4610-06ac-11ef-bb21-0242c0a80005'
    'Authorization': 'REDACTED'
No body was attached to the request
[2024-04-30T04:48:33.645+0000] {_universal.py:550} INFO - Response status: 206
Response headers:
    'Content-Length': '4194304'
    'Content-Type': 'application/octet-stream'
    'Content-Range': 'REDACTED'
    'Last-Modified': 'Tue, 30 Apr 2024 04:47:12 GMT'
    'Accept-Ranges': 'REDACTED'
    'ETag': '"0x8DC68D099B8E3CA"'
    'Server': 'Windows-Azure-Blob/1.0 Microsoft-HTTPAPI/2.0'
    'x-ms-request-id': 'a7445011-101e-007a-66b9-9ad5df000000'
    'x-ms-client-request-id': 'e60b4610-06ac-11ef-bb21-0242c0a80005'
    'x-ms-version': 'REDACTED'
    'x-ms-creation-time': 'REDACTED'
    'x-ms-lease-status': 'REDACTED'
    'x-ms-lease-state': 'REDACTED'
    'x-ms-blob-type': 'REDACTED'
    'x-ms-server-encrypted': 'REDACTED'
    'Date': 'Tue, 30 Apr 2024 04:48:33 GMT'
[2024-04-30T04:48:34.168+0000] {_universal.py:514} INFO - Request URL: 'https://azureyellowcab.blob.core.windows.net/cabfiles/yellow_tripdata_2011-02.parquet'
Request method: 'GET'
Request headers:
    'x-ms-range': 'REDACTED'
    'If-Match': '"0x8DC68D099B8E3CA"'
    'x-ms-version': 'REDACTED'
    'Accept': 'application/xml'
    'User-Agent': 'azsdk-python-storage-blob/12.19.1 Python/3.12.2 (Linux-6.6.22-linuxkit-x86_64-with-glibc2.36)'
    'x-ms-date': 'REDACTED'
    'x-ms-client-request-id': 'e66ad580-06ac-11ef-bb21-0242c0a80005'
    'Authorization': 'REDACTED'
No body was attached to the request
[2024-04-30T04:48:34.289+0000] {_universal.py:550} INFO - Response status: 206
Response headers:
    'Content-Length': '4194304'
    'Content-Type': 'application/octet-stream'
    'Content-Range': 'REDACTED'
    'Last-Modified': 'Tue, 30 Apr 2024 04:47:12 GMT'
    'Accept-Ranges': 'REDACTED'
    'ETag': '"0x8DC68D099B8E3CA"'
    'Server': 'Windows-Azure-Blob/1.0 Microsoft-HTTPAPI/2.0'
    'x-ms-request-id': 'a744533b-101e-007a-46b9-9ad5df000000'
    'x-ms-client-request-id': 'e66ad580-06ac-11ef-bb21-0242c0a80005'
    'x-ms-version': 'REDACTED'
    'x-ms-creation-time': 'REDACTED'
    'x-ms-lease-status': 'REDACTED'
    'x-ms-lease-state': 'REDACTED'
    'x-ms-blob-type': 'REDACTED'
    'x-ms-server-encrypted': 'REDACTED'
    'Date': 'Tue, 30 Apr 2024 04:48:34 GMT'
[2024-04-30T04:48:34.781+0000] {_universal.py:514} INFO - Request URL: 'https://azureyellowcab.blob.core.windows.net/cabfiles/yellow_tripdata_2011-02.parquet'
Request method: 'GET'
Request headers:
    'x-ms-range': 'REDACTED'
    'If-Match': '"0x8DC68D099B8E3CA"'
    'x-ms-version': 'REDACTED'
    'Accept': 'application/xml'
    'User-Agent': 'azsdk-python-storage-blob/12.19.1 Python/3.12.2 (Linux-6.6.22-linuxkit-x86_64-with-glibc2.36)'
    'x-ms-date': 'REDACTED'
    'x-ms-client-request-id': 'e6c85fc0-06ac-11ef-bb21-0242c0a80005'
    'Authorization': 'REDACTED'
No body was attached to the request
[2024-04-30T04:48:34.895+0000] {_universal.py:550} INFO - Response status: 206
Response headers:
    'Content-Length': '4194304'
    'Content-Type': 'application/octet-stream'
    'Content-Range': 'REDACTED'
    'Last-Modified': 'Tue, 30 Apr 2024 04:47:12 GMT'
    'Accept-Ranges': 'REDACTED'
    'ETag': '"0x8DC68D099B8E3CA"'
    'Server': 'Windows-Azure-Blob/1.0 Microsoft-HTTPAPI/2.0'
    'x-ms-request-id': 'a7445658-101e-007a-15b9-9ad5df000000'
    'x-ms-client-request-id': 'e6c85fc0-06ac-11ef-bb21-0242c0a80005'
    'x-ms-version': 'REDACTED'
    'x-ms-creation-time': 'REDACTED'
    'x-ms-lease-status': 'REDACTED'
    'x-ms-lease-state': 'REDACTED'
    'x-ms-blob-type': 'REDACTED'
    'x-ms-server-encrypted': 'REDACTED'
    'Date': 'Tue, 30 Apr 2024 04:48:34 GMT'
[2024-04-30T04:48:35.376+0000] {_universal.py:514} INFO - Request URL: 'https://azureyellowcab.blob.core.windows.net/cabfiles/yellow_tripdata_2011-02.parquet'
Request method: 'GET'
Request headers:
    'x-ms-range': 'REDACTED'
    'If-Match': '"0x8DC68D099B8E3CA"'
    'x-ms-version': 'REDACTED'
    'Accept': 'application/xml'
    'User-Agent': 'azsdk-python-storage-blob/12.19.1 Python/3.12.2 (Linux-6.6.22-linuxkit-x86_64-with-glibc2.36)'
    'x-ms-date': 'REDACTED'
    'x-ms-client-request-id': 'e7233a4e-06ac-11ef-bb21-0242c0a80005'
    'Authorization': 'REDACTED'
No body was attached to the request
[2024-04-30T04:48:35.487+0000] {_universal.py:550} INFO - Response status: 206
Response headers:
    'Content-Length': '4194304'
    'Content-Type': 'application/octet-stream'
    'Content-Range': 'REDACTED'
    'Last-Modified': 'Tue, 30 Apr 2024 04:47:12 GMT'
    'Accept-Ranges': 'REDACTED'
    'ETag': '"0x8DC68D099B8E3CA"'
    'Server': 'Windows-Azure-Blob/1.0 Microsoft-HTTPAPI/2.0'
    'x-ms-request-id': 'a7445981-101e-007a-09b9-9ad5df000000'
    'x-ms-client-request-id': 'e7233a4e-06ac-11ef-bb21-0242c0a80005'
    'x-ms-version': 'REDACTED'
    'x-ms-creation-time': 'REDACTED'
    'x-ms-lease-status': 'REDACTED'
    'x-ms-lease-state': 'REDACTED'
    'x-ms-blob-type': 'REDACTED'
    'x-ms-server-encrypted': 'REDACTED'
    'Date': 'Tue, 30 Apr 2024 04:48:35 GMT'
[2024-04-30T04:48:35.981+0000] {_universal.py:514} INFO - Request URL: 'https://azureyellowcab.blob.core.windows.net/cabfiles/yellow_tripdata_2011-02.parquet'
Request method: 'GET'
Request headers:
    'x-ms-range': 'REDACTED'
    'If-Match': '"0x8DC68D099B8E3CA"'
    'x-ms-version': 'REDACTED'
    'Accept': 'application/xml'
    'User-Agent': 'azsdk-python-storage-blob/12.19.1 Python/3.12.2 (Linux-6.6.22-linuxkit-x86_64-with-glibc2.36)'
    'x-ms-date': 'REDACTED'
    'x-ms-client-request-id': 'e77f9ad2-06ac-11ef-bb21-0242c0a80005'
    'Authorization': 'REDACTED'
No body was attached to the request
[2024-04-30T04:48:36.092+0000] {_universal.py:550} INFO - Response status: 206
Response headers:
    'Content-Length': '4194304'
    'Content-Type': 'application/octet-stream'
    'Content-Range': 'REDACTED'
    'Last-Modified': 'Tue, 30 Apr 2024 04:47:12 GMT'
    'Accept-Ranges': 'REDACTED'
    'ETag': '"0x8DC68D099B8E3CA"'
    'Server': 'Windows-Azure-Blob/1.0 Microsoft-HTTPAPI/2.0'
    'x-ms-request-id': 'a7445c8a-101e-007a-4bb9-9ad5df000000'
    'x-ms-client-request-id': 'e77f9ad2-06ac-11ef-bb21-0242c0a80005'
    'x-ms-version': 'REDACTED'
    'x-ms-creation-time': 'REDACTED'
    'x-ms-lease-status': 'REDACTED'
    'x-ms-lease-state': 'REDACTED'
    'x-ms-blob-type': 'REDACTED'
    'x-ms-server-encrypted': 'REDACTED'
    'Date': 'Tue, 30 Apr 2024 04:48:36 GMT'
[2024-04-30T04:48:36.944+0000] {_universal.py:514} INFO - Request URL: 'https://azureyellowcab.blob.core.windows.net/cabfiles/yellow_tripdata_2011-02.parquet'
Request method: 'GET'
Request headers:
    'x-ms-range': 'REDACTED'
    'If-Match': '"0x8DC68D099B8E3CA"'
    'x-ms-version': 'REDACTED'
    'Accept': 'application/xml'
    'User-Agent': 'azsdk-python-storage-blob/12.19.1 Python/3.12.2 (Linux-6.6.22-linuxkit-x86_64-with-glibc2.36)'
    'x-ms-date': 'REDACTED'
    'x-ms-client-request-id': 'e812674a-06ac-11ef-bb21-0242c0a80005'
    'Authorization': 'REDACTED'
No body was attached to the request
[2024-04-30T04:48:37.057+0000] {_universal.py:550} INFO - Response status: 206
Response headers:
    'Content-Length': '4014369'
    'Content-Type': 'application/octet-stream'
    'Content-Range': 'REDACTED'
    'Last-Modified': 'Tue, 30 Apr 2024 04:47:12 GMT'
    'Accept-Ranges': 'REDACTED'
    'ETag': '"0x8DC68D099B8E3CA"'
    'Server': 'Windows-Azure-Blob/1.0 Microsoft-HTTPAPI/2.0'
    'x-ms-request-id': 'a7446176-101e-007a-50b9-9ad5df000000'
    'x-ms-client-request-id': 'e812674a-06ac-11ef-bb21-0242c0a80005'
    'x-ms-version': 'REDACTED'
    'x-ms-creation-time': 'REDACTED'
    'x-ms-lease-status': 'REDACTED'
    'x-ms-lease-state': 'REDACTED'
    'x-ms-blob-type': 'REDACTED'
    'x-ms-server-encrypted': 'REDACTED'
    'Date': 'Tue, 30 Apr 2024 04:48:37 GMT'
[2024-04-30T04:48:37.792+0000] {python.py:237} INFO - Done. Returned value was: load_data
[2024-04-30T04:48:37.793+0000] {branch.py:36} INFO - Branch into load_data
[2024-04-30T04:48:37.793+0000] {skipmixin.py:178} INFO - Following branch load_data
[2024-04-30T04:48:37.816+0000] {skipmixin.py:246} INFO - Skipping tasks [('file_exception', -1)]
[2024-04-30T04:48:37.842+0000] {taskinstance.py:441} INFO - ::group::Post task execution logs
[2024-04-30T04:48:37.860+0000] {taskinstance.py:1205} INFO - Marking task as SUCCESS. dag_id=dag_yellow_cab, task_id=request_file, execution_date=20240430T044800, start_date=20240430T044803, end_date=20240430T044837
[2024-04-30T04:48:37.916+0000] {local_task_job_runner.py:240} INFO - Task exited with return code 0
[2024-04-30T04:48:37.959+0000] {taskinstance.py:3482} INFO - 1 downstream tasks scheduled from follow-on schedule check
[2024-04-30T04:48:37.960+0000] {local_task_job_runner.py:222} INFO - ::endgroup::
