[2024-04-28T18:34:44.084+0000] {local_task_job_runner.py:120} INFO - ::group::Pre task execution logs
[2024-04-28T18:34:44.105+0000] {taskinstance.py:2073} INFO - Dependencies all met for dep_context=non-requeueable deps ti=<TaskInstance: dag_yellow_cab.download_file manual__2024-04-28T18:34:42.508586+00:00 [queued]>
[2024-04-28T18:34:44.112+0000] {taskinstance.py:2073} INFO - Dependencies all met for dep_context=requeueable deps ti=<TaskInstance: dag_yellow_cab.download_file manual__2024-04-28T18:34:42.508586+00:00 [queued]>
[2024-04-28T18:34:44.113+0000] {taskinstance.py:2303} INFO - Starting attempt 1 of 1
[2024-04-28T18:34:44.125+0000] {taskinstance.py:2327} INFO - Executing <Task(PythonOperator): download_file> on 2024-04-28 18:34:42.508586+00:00
[2024-04-28T18:34:44.130+0000] {warnings.py:110} WARNING - /home/***/.local/lib/python3.12/site-packages/***/task/task_runner/standard_task_runner.py:61: DeprecationWarning: This process (pid=103) is multi-threaded, use of fork() may lead to deadlocks in the child.
  pid = os.fork()

[2024-04-28T18:34:44.131+0000] {standard_task_runner.py:63} INFO - Started process 104 to run task
[2024-04-28T18:34:44.131+0000] {standard_task_runner.py:90} INFO - Running: ['***', 'tasks', 'run', 'dag_yellow_cab', 'download_file', 'manual__2024-04-28T18:34:42.508586+00:00', '--job-id', '34', '--raw', '--subdir', 'DAGS_FOLDER/data_pipeline_cab.py', '--cfg-path', '/tmp/tmp_2d6jfzs']
[2024-04-28T18:34:44.134+0000] {standard_task_runner.py:91} INFO - Job 34: Subtask download_file
[2024-04-28T18:34:44.175+0000] {task_command.py:426} INFO - Running <TaskInstance: dag_yellow_cab.download_file manual__2024-04-28T18:34:42.508586+00:00 [running]> on host abafbafc9a0a
[2024-04-28T18:34:44.263+0000] {taskinstance.py:2644} INFO - Exporting env vars: AIRFLOW_CTX_DAG_OWNER='***' AIRFLOW_CTX_DAG_ID='dag_yellow_cab' AIRFLOW_CTX_TASK_ID='download_file' AIRFLOW_CTX_EXECUTION_DATE='2024-04-28T18:34:42.508586+00:00' AIRFLOW_CTX_TRY_NUMBER='1' AIRFLOW_CTX_DAG_RUN_ID='manual__2024-04-28T18:34:42.508586+00:00'
[2024-04-28T18:34:44.264+0000] {taskinstance.py:430} INFO - ::endgroup::
[2024-04-28T18:34:44.279+0000] {logging_mixin.py:188} INFO - Download failed
[2024-04-28T18:34:44.279+0000] {python.py:237} INFO - Done. Returned value was: False
[2024-04-28T18:34:44.280+0000] {taskinstance.py:441} INFO - ::group::Post task execution logs
[2024-04-28T18:34:44.300+0000] {taskinstance.py:1205} INFO - Marking task as SUCCESS. dag_id=dag_yellow_cab, task_id=download_file, execution_date=20240428T183442, start_date=20240428T183444, end_date=20240428T183444
[2024-04-28T18:34:44.314+0000] {local_task_job_runner.py:240} INFO - Task exited with return code 0
[2024-04-28T18:34:44.338+0000] {taskinstance.py:3482} INFO - 1 downstream tasks scheduled from follow-on schedule check
[2024-04-28T18:34:44.340+0000] {local_task_job_runner.py:222} INFO - ::endgroup::
