[2024-04-28T19:17:47.854+0000] {local_task_job_runner.py:120} INFO - ::group::Pre task execution logs
[2024-04-28T19:17:47.877+0000] {taskinstance.py:2073} INFO - Dependencies all met for dep_context=non-requeueable deps ti=<TaskInstance: dag_yellow_cab.download_file manual__2024-04-28T19:17:46.740631+00:00 [queued]>
[2024-04-28T19:17:47.886+0000] {taskinstance.py:2073} INFO - Dependencies all met for dep_context=requeueable deps ti=<TaskInstance: dag_yellow_cab.download_file manual__2024-04-28T19:17:46.740631+00:00 [queued]>
[2024-04-28T19:17:47.886+0000] {taskinstance.py:2303} INFO - Starting attempt 1 of 1
[2024-04-28T19:17:47.901+0000] {taskinstance.py:2327} INFO - Executing <Task(PythonOperator): download_file> on 2024-04-28 19:17:46.740631+00:00
[2024-04-28T19:17:47.906+0000] {warnings.py:110} WARNING - /home/***/.local/lib/python3.12/site-packages/***/task/task_runner/standard_task_runner.py:61: DeprecationWarning: This process (pid=456) is multi-threaded, use of fork() may lead to deadlocks in the child.
  pid = os.fork()

[2024-04-28T19:17:47.907+0000] {standard_task_runner.py:63} INFO - Started process 457 to run task
[2024-04-28T19:17:47.908+0000] {standard_task_runner.py:90} INFO - Running: ['***', 'tasks', 'run', 'dag_yellow_cab', 'download_file', 'manual__2024-04-28T19:17:46.740631+00:00', '--job-id', '53', '--raw', '--subdir', 'DAGS_FOLDER/data_pipeline_cab.py', '--cfg-path', '/tmp/tmp20hb0eo_']
[2024-04-28T19:17:47.910+0000] {standard_task_runner.py:91} INFO - Job 53: Subtask download_file
[2024-04-28T19:17:47.953+0000] {task_command.py:426} INFO - Running <TaskInstance: dag_yellow_cab.download_file manual__2024-04-28T19:17:46.740631+00:00 [running]> on host 3b50846985b8
[2024-04-28T19:17:48.043+0000] {taskinstance.py:2644} INFO - Exporting env vars: AIRFLOW_CTX_DAG_OWNER='***' AIRFLOW_CTX_DAG_ID='dag_yellow_cab' AIRFLOW_CTX_TASK_ID='download_file' AIRFLOW_CTX_EXECUTION_DATE='2024-04-28T19:17:46.740631+00:00' AIRFLOW_CTX_TRY_NUMBER='1' AIRFLOW_CTX_DAG_RUN_ID='manual__2024-04-28T19:17:46.740631+00:00'
[2024-04-28T19:17:48.044+0000] {taskinstance.py:430} INFO - ::endgroup::
[2024-04-28T19:17:48.062+0000] {_universal.py:514} INFO - Request URL: 'https://azureyellowcab.blob.core.windows.net/cabfiles?restype=REDACTED&comp=REDACTED'
Request method: 'GET'
Request headers:
    'x-ms-version': 'REDACTED'
    'Accept': 'application/xml'
    'User-Agent': 'azsdk-python-storage-blob/12.19.1 Python/3.12.2 (Linux-6.6.22-linuxkit-x86_64-with-glibc2.36)'
    'x-ms-date': 'REDACTED'
    'x-ms-client-request-id': 'ffbbeb10-0593-11ef-90c7-0242c0a81004'
    'Authorization': 'REDACTED'
No body was attached to the request
[2024-04-28T19:17:48.448+0000] {_universal.py:550} INFO - Response status: 200
Response headers:
    'Transfer-Encoding': 'chunked'
    'Content-Type': 'application/xml'
    'Server': 'Windows-Azure-Blob/1.0 Microsoft-HTTPAPI/2.0'
    'x-ms-request-id': 'a98ff592-a01e-0022-1ba0-990d80000000'
    'x-ms-client-request-id': 'ffbbeb10-0593-11ef-90c7-0242c0a81004'
    'x-ms-version': 'REDACTED'
    'Date': 'Sun, 28 Apr 2024 19:17:47 GMT'
[2024-04-28T19:17:48.457+0000] {_universal.py:514} INFO - Request URL: 'https://azureyellowcab.blob.core.windows.net/cabfiles/CertificateReport.pdf'
Request method: 'GET'
Request headers:
    'x-ms-range': 'REDACTED'
    'x-ms-version': 'REDACTED'
    'Accept': 'application/xml'
    'User-Agent': 'azsdk-python-storage-blob/12.19.1 Python/3.12.2 (Linux-6.6.22-linuxkit-x86_64-with-glibc2.36)'
    'x-ms-date': 'REDACTED'
    'x-ms-client-request-id': 'fff83fde-0593-11ef-90c7-0242c0a81004'
    'Authorization': 'REDACTED'
No body was attached to the request
[2024-04-28T19:17:48.604+0000] {_universal.py:550} INFO - Response status: 206
Response headers:
    'Content-Length': '11228110'
    'Content-Type': 'application/octet-stream'
    'Content-Range': 'REDACTED'
    'Last-Modified': 'Sun, 28 Apr 2024 18:36:38 GMT'
    'Accept-Ranges': 'REDACTED'
    'ETag': '"0x8DC67B22436B032"'
    'Server': 'Windows-Azure-Blob/1.0 Microsoft-HTTPAPI/2.0'
    'x-ms-request-id': 'a98ff5e0-a01e-0022-63a0-990d80000000'
    'x-ms-client-request-id': 'fff83fde-0593-11ef-90c7-0242c0a81004'
    'x-ms-version': 'REDACTED'
    'x-ms-creation-time': 'REDACTED'
    'x-ms-lease-status': 'REDACTED'
    'x-ms-lease-state': 'REDACTED'
    'x-ms-blob-type': 'REDACTED'
    'x-ms-server-encrypted': 'REDACTED'
    'Date': 'Sun, 28 Apr 2024 19:17:47 GMT'
[2024-04-28T19:17:50.283+0000] {_universal.py:514} INFO - Request URL: 'https://azureyellowcab.blob.core.windows.net/cabfiles/yellow_tripdata_2011-01.parquet'
Request method: 'GET'
Request headers:
    'x-ms-range': 'REDACTED'
    'x-ms-version': 'REDACTED'
    'Accept': 'application/xml'
    'User-Agent': 'azsdk-python-storage-blob/12.19.1 Python/3.12.2 (Linux-6.6.22-linuxkit-x86_64-with-glibc2.36)'
    'x-ms-date': 'REDACTED'
    'x-ms-client-request-id': '010ef4d0-0594-11ef-90c7-0242c0a81004'
    'Authorization': 'REDACTED'
No body was attached to the request
[2024-04-28T19:17:50.407+0000] {_universal.py:550} INFO - Response status: 206
Response headers:
    'Content-Length': '33554432'
    'Content-Type': 'application/octet-stream'
    'Content-Range': 'REDACTED'
    'Last-Modified': 'Sat, 27 Apr 2024 21:32:42 GMT'
    'Accept-Ranges': 'REDACTED'
    'ETag': '"0x8DC67019256BC59"'
    'Server': 'Windows-Azure-Blob/1.0 Microsoft-HTTPAPI/2.0'
    'x-ms-request-id': 'a98ffb84-a01e-0022-50a0-990d80000000'
    'x-ms-client-request-id': '010ef4d0-0594-11ef-90c7-0242c0a81004'
    'x-ms-version': 'REDACTED'
    'x-ms-creation-time': 'REDACTED'
    'x-ms-lease-status': 'REDACTED'
    'x-ms-lease-state': 'REDACTED'
    'x-ms-blob-type': 'REDACTED'
    'x-ms-server-encrypted': 'REDACTED'
    'Date': 'Sun, 28 Apr 2024 19:17:49 GMT'
[2024-04-28T19:17:54.782+0000] {_universal.py:514} INFO - Request URL: 'https://azureyellowcab.blob.core.windows.net/cabfiles/yellow_tripdata_2011-01.parquet'
Request method: 'GET'
Request headers:
    'x-ms-range': 'REDACTED'
    'If-Match': '"0x8DC67019256BC59"'
    'x-ms-version': 'REDACTED'
    'Accept': 'application/xml'
    'User-Agent': 'azsdk-python-storage-blob/12.19.1 Python/3.12.2 (Linux-6.6.22-linuxkit-x86_64-with-glibc2.36)'
    'x-ms-date': 'REDACTED'
    'x-ms-client-request-id': '03bd7418-0594-11ef-90c7-0242c0a81004'
    'Authorization': 'REDACTED'
No body was attached to the request
[2024-04-28T19:17:54.885+0000] {_universal.py:550} INFO - Response status: 206
Response headers:
    'Content-Length': '4194304'
    'Content-Type': 'application/octet-stream'
    'Content-Range': 'REDACTED'
    'Last-Modified': 'Sat, 27 Apr 2024 21:32:42 GMT'
    'Accept-Ranges': 'REDACTED'
    'ETag': '"0x8DC67019256BC59"'
    'Server': 'Windows-Azure-Blob/1.0 Microsoft-HTTPAPI/2.0'
    'x-ms-request-id': 'a9900892-a01e-0022-0ba0-990d80000000'
    'x-ms-client-request-id': '03bd7418-0594-11ef-90c7-0242c0a81004'
    'x-ms-version': 'REDACTED'
    'x-ms-creation-time': 'REDACTED'
    'x-ms-lease-status': 'REDACTED'
    'x-ms-lease-state': 'REDACTED'
    'x-ms-blob-type': 'REDACTED'
    'x-ms-server-encrypted': 'REDACTED'
    'Date': 'Sun, 28 Apr 2024 19:17:54 GMT'
[2024-04-28T19:17:55.411+0000] {_universal.py:514} INFO - Request URL: 'https://azureyellowcab.blob.core.windows.net/cabfiles/yellow_tripdata_2011-01.parquet'
Request method: 'GET'
Request headers:
    'x-ms-range': 'REDACTED'
    'If-Match': '"0x8DC67019256BC59"'
    'x-ms-version': 'REDACTED'
    'Accept': 'application/xml'
    'User-Agent': 'azsdk-python-storage-blob/12.19.1 Python/3.12.2 (Linux-6.6.22-linuxkit-x86_64-with-glibc2.36)'
    'x-ms-date': 'REDACTED'
    'x-ms-client-request-id': '041d5d42-0594-11ef-90c7-0242c0a81004'
    'Authorization': 'REDACTED'
No body was attached to the request
[2024-04-28T19:17:55.516+0000] {_universal.py:550} INFO - Response status: 206
Response headers:
    'Content-Length': '4194304'
    'Content-Type': 'application/octet-stream'
    'Content-Range': 'REDACTED'
    'Last-Modified': 'Sat, 27 Apr 2024 21:32:42 GMT'
    'Accept-Ranges': 'REDACTED'
    'ETag': '"0x8DC67019256BC59"'
    'Server': 'Windows-Azure-Blob/1.0 Microsoft-HTTPAPI/2.0'
    'x-ms-request-id': 'a9900aa2-a01e-0022-74a0-990d80000000'
    'x-ms-client-request-id': '041d5d42-0594-11ef-90c7-0242c0a81004'
    'x-ms-version': 'REDACTED'
    'x-ms-creation-time': 'REDACTED'
    'x-ms-lease-status': 'REDACTED'
    'x-ms-lease-state': 'REDACTED'
    'x-ms-blob-type': 'REDACTED'
    'x-ms-server-encrypted': 'REDACTED'
    'Date': 'Sun, 28 Apr 2024 19:17:54 GMT'
[2024-04-28T19:17:56.041+0000] {_universal.py:514} INFO - Request URL: 'https://azureyellowcab.blob.core.windows.net/cabfiles/yellow_tripdata_2011-01.parquet'
Request method: 'GET'
Request headers:
    'x-ms-range': 'REDACTED'
    'If-Match': '"0x8DC67019256BC59"'
    'x-ms-version': 'REDACTED'
    'Accept': 'application/xml'
    'User-Agent': 'azsdk-python-storage-blob/12.19.1 Python/3.12.2 (Linux-6.6.22-linuxkit-x86_64-with-glibc2.36)'
    'x-ms-date': 'REDACTED'
    'x-ms-client-request-id': '047d716e-0594-11ef-90c7-0242c0a81004'
    'Authorization': 'REDACTED'
No body was attached to the request
[2024-04-28T19:17:56.154+0000] {_universal.py:550} INFO - Response status: 206
Response headers:
    'Content-Length': '4194304'
    'Content-Type': 'application/octet-stream'
    'Content-Range': 'REDACTED'
    'Last-Modified': 'Sat, 27 Apr 2024 21:32:42 GMT'
    'Accept-Ranges': 'REDACTED'
    'ETag': '"0x8DC67019256BC59"'
    'Server': 'Windows-Azure-Blob/1.0 Microsoft-HTTPAPI/2.0'
    'x-ms-request-id': 'a9900c59-a01e-0022-74a0-990d80000000'
    'x-ms-client-request-id': '047d716e-0594-11ef-90c7-0242c0a81004'
    'x-ms-version': 'REDACTED'
    'x-ms-creation-time': 'REDACTED'
    'x-ms-lease-status': 'REDACTED'
    'x-ms-lease-state': 'REDACTED'
    'x-ms-blob-type': 'REDACTED'
    'x-ms-server-encrypted': 'REDACTED'
    'Date': 'Sun, 28 Apr 2024 19:17:55 GMT'
[2024-04-28T19:17:56.628+0000] {_universal.py:514} INFO - Request URL: 'https://azureyellowcab.blob.core.windows.net/cabfiles/yellow_tripdata_2011-01.parquet'
Request method: 'GET'
Request headers:
    'x-ms-range': 'REDACTED'
    'If-Match': '"0x8DC67019256BC59"'
    'x-ms-version': 'REDACTED'
    'Accept': 'application/xml'
    'User-Agent': 'azsdk-python-storage-blob/12.19.1 Python/3.12.2 (Linux-6.6.22-linuxkit-x86_64-with-glibc2.36)'
    'x-ms-date': 'REDACTED'
    'x-ms-client-request-id': '04d72204-0594-11ef-90c7-0242c0a81004'
    'Authorization': 'REDACTED'
No body was attached to the request
[2024-04-28T19:17:56.707+0000] {_universal.py:550} INFO - Response status: 206
Response headers:
    'Content-Length': '4194304'
    'Content-Type': 'application/octet-stream'
    'Content-Range': 'REDACTED'
    'Last-Modified': 'Sat, 27 Apr 2024 21:32:42 GMT'
    'Accept-Ranges': 'REDACTED'
    'ETag': '"0x8DC67019256BC59"'
    'Server': 'Windows-Azure-Blob/1.0 Microsoft-HTTPAPI/2.0'
    'x-ms-request-id': 'a9900e3a-a01e-0022-22a0-990d80000000'
    'x-ms-client-request-id': '04d72204-0594-11ef-90c7-0242c0a81004'
    'x-ms-version': 'REDACTED'
    'x-ms-creation-time': 'REDACTED'
    'x-ms-lease-status': 'REDACTED'
    'x-ms-lease-state': 'REDACTED'
    'x-ms-blob-type': 'REDACTED'
    'x-ms-server-encrypted': 'REDACTED'
    'Date': 'Sun, 28 Apr 2024 19:17:56 GMT'
[2024-04-28T19:17:57.254+0000] {_universal.py:514} INFO - Request URL: 'https://azureyellowcab.blob.core.windows.net/cabfiles/yellow_tripdata_2011-01.parquet'
Request method: 'GET'
Request headers:
    'x-ms-range': 'REDACTED'
    'If-Match': '"0x8DC67019256BC59"'
    'x-ms-version': 'REDACTED'
    'Accept': 'application/xml'
    'User-Agent': 'azsdk-python-storage-blob/12.19.1 Python/3.12.2 (Linux-6.6.22-linuxkit-x86_64-with-glibc2.36)'
    'x-ms-date': 'REDACTED'
    'x-ms-client-request-id': '0536a3a0-0594-11ef-90c7-0242c0a81004'
    'Authorization': 'REDACTED'
No body was attached to the request
[2024-04-28T19:17:57.325+0000] {_universal.py:550} INFO - Response status: 206
Response headers:
    'Content-Length': '4194304'
    'Content-Type': 'application/octet-stream'
    'Content-Range': 'REDACTED'
    'Last-Modified': 'Sat, 27 Apr 2024 21:32:42 GMT'
    'Accept-Ranges': 'REDACTED'
    'ETag': '"0x8DC67019256BC59"'
    'Server': 'Windows-Azure-Blob/1.0 Microsoft-HTTPAPI/2.0'
    'x-ms-request-id': 'a9900f9c-a01e-0022-5fa0-990d80000000'
    'x-ms-client-request-id': '0536a3a0-0594-11ef-90c7-0242c0a81004'
    'x-ms-version': 'REDACTED'
    'x-ms-creation-time': 'REDACTED'
    'x-ms-lease-status': 'REDACTED'
    'x-ms-lease-state': 'REDACTED'
    'x-ms-blob-type': 'REDACTED'
    'x-ms-server-encrypted': 'REDACTED'
    'Date': 'Sun, 28 Apr 2024 19:17:56 GMT'
[2024-04-28T19:17:57.868+0000] {_universal.py:514} INFO - Request URL: 'https://azureyellowcab.blob.core.windows.net/cabfiles/yellow_tripdata_2011-01.parquet'
Request method: 'GET'
Request headers:
    'x-ms-range': 'REDACTED'
    'If-Match': '"0x8DC67019256BC59"'
    'x-ms-version': 'REDACTED'
    'Accept': 'application/xml'
    'User-Agent': 'azsdk-python-storage-blob/12.19.1 Python/3.12.2 (Linux-6.6.22-linuxkit-x86_64-with-glibc2.36)'
    'x-ms-date': 'REDACTED'
    'x-ms-client-request-id': '0594435c-0594-11ef-90c7-0242c0a81004'
    'Authorization': 'REDACTED'
No body was attached to the request
[2024-04-28T19:17:57.962+0000] {_universal.py:550} INFO - Response status: 206
Response headers:
    'Content-Length': '4194304'
    'Content-Type': 'application/octet-stream'
    'Content-Range': 'REDACTED'
    'Last-Modified': 'Sat, 27 Apr 2024 21:32:42 GMT'
    'Accept-Ranges': 'REDACTED'
    'ETag': '"0x8DC67019256BC59"'
    'Server': 'Windows-Azure-Blob/1.0 Microsoft-HTTPAPI/2.0'
    'x-ms-request-id': 'a9901144-a01e-0022-59a0-990d80000000'
    'x-ms-client-request-id': '0594435c-0594-11ef-90c7-0242c0a81004'
    'x-ms-version': 'REDACTED'
    'x-ms-creation-time': 'REDACTED'
    'x-ms-lease-status': 'REDACTED'
    'x-ms-lease-state': 'REDACTED'
    'x-ms-blob-type': 'REDACTED'
    'x-ms-server-encrypted': 'REDACTED'
    'Date': 'Sun, 28 Apr 2024 19:17:57 GMT'
[2024-04-28T19:17:58.454+0000] {_universal.py:514} INFO - Request URL: 'https://azureyellowcab.blob.core.windows.net/cabfiles/yellow_tripdata_2011-01.parquet'
Request method: 'GET'
Request headers:
    'x-ms-range': 'REDACTED'
    'If-Match': '"0x8DC67019256BC59"'
    'x-ms-version': 'REDACTED'
    'Accept': 'application/xml'
    'User-Agent': 'azsdk-python-storage-blob/12.19.1 Python/3.12.2 (Linux-6.6.22-linuxkit-x86_64-with-glibc2.36)'
    'x-ms-date': 'REDACTED'
    'x-ms-client-request-id': '05edc63e-0594-11ef-90c7-0242c0a81004'
    'Authorization': 'REDACTED'
No body was attached to the request
[2024-04-28T19:17:58.565+0000] {_universal.py:550} INFO - Response status: 206
Response headers:
    'Content-Length': '4194304'
    'Content-Type': 'application/octet-stream'
    'Content-Range': 'REDACTED'
    'Last-Modified': 'Sat, 27 Apr 2024 21:32:42 GMT'
    'Accept-Ranges': 'REDACTED'
    'ETag': '"0x8DC67019256BC59"'
    'Server': 'Windows-Azure-Blob/1.0 Microsoft-HTTPAPI/2.0'
    'x-ms-request-id': 'a99012db-a01e-0022-41a0-990d80000000'
    'x-ms-client-request-id': '05edc63e-0594-11ef-90c7-0242c0a81004'
    'x-ms-version': 'REDACTED'
    'x-ms-creation-time': 'REDACTED'
    'x-ms-lease-status': 'REDACTED'
    'x-ms-lease-state': 'REDACTED'
    'x-ms-blob-type': 'REDACTED'
    'x-ms-server-encrypted': 'REDACTED'
    'Date': 'Sun, 28 Apr 2024 19:17:57 GMT'
[2024-04-28T19:17:59.050+0000] {_universal.py:514} INFO - Request URL: 'https://azureyellowcab.blob.core.windows.net/cabfiles/yellow_tripdata_2011-01.parquet'
Request method: 'GET'
Request headers:
    'x-ms-range': 'REDACTED'
    'If-Match': '"0x8DC67019256BC59"'
    'x-ms-version': 'REDACTED'
    'Accept': 'application/xml'
    'User-Agent': 'azsdk-python-storage-blob/12.19.1 Python/3.12.2 (Linux-6.6.22-linuxkit-x86_64-with-glibc2.36)'
    'x-ms-date': 'REDACTED'
    'x-ms-client-request-id': '0648a982-0594-11ef-90c7-0242c0a81004'
    'Authorization': 'REDACTED'
No body was attached to the request
[2024-04-28T19:17:59.176+0000] {_universal.py:550} INFO - Response status: 206
Response headers:
    'Content-Length': '4194304'
    'Content-Type': 'application/octet-stream'
    'Content-Range': 'REDACTED'
    'Last-Modified': 'Sat, 27 Apr 2024 21:32:42 GMT'
    'Accept-Ranges': 'REDACTED'
    'ETag': '"0x8DC67019256BC59"'
    'Server': 'Windows-Azure-Blob/1.0 Microsoft-HTTPAPI/2.0'
    'x-ms-request-id': 'a990146c-a01e-0022-36a0-990d80000000'
    'x-ms-client-request-id': '0648a982-0594-11ef-90c7-0242c0a81004'
    'x-ms-version': 'REDACTED'
    'x-ms-creation-time': 'REDACTED'
    'x-ms-lease-status': 'REDACTED'
    'x-ms-lease-state': 'REDACTED'
    'x-ms-blob-type': 'REDACTED'
    'x-ms-server-encrypted': 'REDACTED'
    'Date': 'Sun, 28 Apr 2024 19:17:58 GMT'
[2024-04-28T19:17:59.694+0000] {_universal.py:514} INFO - Request URL: 'https://azureyellowcab.blob.core.windows.net/cabfiles/yellow_tripdata_2011-01.parquet'
Request method: 'GET'
Request headers:
    'x-ms-range': 'REDACTED'
    'If-Match': '"0x8DC67019256BC59"'
    'x-ms-version': 'REDACTED'
    'Accept': 'application/xml'
    'User-Agent': 'azsdk-python-storage-blob/12.19.1 Python/3.12.2 (Linux-6.6.22-linuxkit-x86_64-with-glibc2.36)'
    'x-ms-date': 'REDACTED'
    'x-ms-client-request-id': '06aaf98e-0594-11ef-90c7-0242c0a81004'
    'Authorization': 'REDACTED'
No body was attached to the request
[2024-04-28T19:17:59.815+0000] {_universal.py:550} INFO - Response status: 206
Response headers:
    'Content-Length': '4194304'
    'Content-Type': 'application/octet-stream'
    'Content-Range': 'REDACTED'
    'Last-Modified': 'Sat, 27 Apr 2024 21:32:42 GMT'
    'Accept-Ranges': 'REDACTED'
    'ETag': '"0x8DC67019256BC59"'
    'Server': 'Windows-Azure-Blob/1.0 Microsoft-HTTPAPI/2.0'
    'x-ms-request-id': 'a9901697-a01e-0022-34a0-990d80000000'
    'x-ms-client-request-id': '06aaf98e-0594-11ef-90c7-0242c0a81004'
    'x-ms-version': 'REDACTED'
    'x-ms-creation-time': 'REDACTED'
    'x-ms-lease-status': 'REDACTED'
    'x-ms-lease-state': 'REDACTED'
    'x-ms-blob-type': 'REDACTED'
    'x-ms-server-encrypted': 'REDACTED'
    'Date': 'Sun, 28 Apr 2024 19:17:59 GMT'
[2024-04-28T19:18:00.294+0000] {_universal.py:514} INFO - Request URL: 'https://azureyellowcab.blob.core.windows.net/cabfiles/yellow_tripdata_2011-01.parquet'
Request method: 'GET'
Request headers:
    'x-ms-range': 'REDACTED'
    'If-Match': '"0x8DC67019256BC59"'
    'x-ms-version': 'REDACTED'
    'Accept': 'application/xml'
    'User-Agent': 'azsdk-python-storage-blob/12.19.1 Python/3.12.2 (Linux-6.6.22-linuxkit-x86_64-with-glibc2.36)'
    'x-ms-date': 'REDACTED'
    'x-ms-client-request-id': '07068dee-0594-11ef-90c7-0242c0a81004'
    'Authorization': 'REDACTED'
No body was attached to the request
[2024-04-28T19:18:00.410+0000] {_universal.py:550} INFO - Response status: 206
Response headers:
    'Content-Length': '4194304'
    'Content-Type': 'application/octet-stream'
    'Content-Range': 'REDACTED'
    'Last-Modified': 'Sat, 27 Apr 2024 21:32:42 GMT'
    'Accept-Ranges': 'REDACTED'
    'ETag': '"0x8DC67019256BC59"'
    'Server': 'Windows-Azure-Blob/1.0 Microsoft-HTTPAPI/2.0'
    'x-ms-request-id': 'a990187b-a01e-0022-55a0-990d80000000'
    'x-ms-client-request-id': '07068dee-0594-11ef-90c7-0242c0a81004'
    'x-ms-version': 'REDACTED'
    'x-ms-creation-time': 'REDACTED'
    'x-ms-lease-status': 'REDACTED'
    'x-ms-lease-state': 'REDACTED'
    'x-ms-blob-type': 'REDACTED'
    'x-ms-server-encrypted': 'REDACTED'
    'Date': 'Sun, 28 Apr 2024 19:17:59 GMT'
[2024-04-28T19:18:00.913+0000] {_universal.py:514} INFO - Request URL: 'https://azureyellowcab.blob.core.windows.net/cabfiles/yellow_tripdata_2011-01.parquet'
Request method: 'GET'
Request headers:
    'x-ms-range': 'REDACTED'
    'If-Match': '"0x8DC67019256BC59"'
    'x-ms-version': 'REDACTED'
    'Accept': 'application/xml'
    'User-Agent': 'azsdk-python-storage-blob/12.19.1 Python/3.12.2 (Linux-6.6.22-linuxkit-x86_64-with-glibc2.36)'
    'x-ms-date': 'REDACTED'
    'x-ms-client-request-id': '0765002c-0594-11ef-90c7-0242c0a81004'
    'Authorization': 'REDACTED'
No body was attached to the request
[2024-04-28T19:18:01.020+0000] {_universal.py:550} INFO - Response status: 206
Response headers:
    'Content-Length': '4194304'
    'Content-Type': 'application/octet-stream'
    'Content-Range': 'REDACTED'
    'Last-Modified': 'Sat, 27 Apr 2024 21:32:42 GMT'
    'Accept-Ranges': 'REDACTED'
    'ETag': '"0x8DC67019256BC59"'
    'Server': 'Windows-Azure-Blob/1.0 Microsoft-HTTPAPI/2.0'
    'x-ms-request-id': 'a9901a62-a01e-0022-77a0-990d80000000'
    'x-ms-client-request-id': '0765002c-0594-11ef-90c7-0242c0a81004'
    'x-ms-version': 'REDACTED'
    'x-ms-creation-time': 'REDACTED'
    'x-ms-lease-status': 'REDACTED'
    'x-ms-lease-state': 'REDACTED'
    'x-ms-blob-type': 'REDACTED'
    'x-ms-server-encrypted': 'REDACTED'
    'Date': 'Sun, 28 Apr 2024 19:18:00 GMT'
[2024-04-28T19:18:01.567+0000] {_universal.py:514} INFO - Request URL: 'https://azureyellowcab.blob.core.windows.net/cabfiles/yellow_tripdata_2011-01.parquet'
Request method: 'GET'
Request headers:
    'x-ms-range': 'REDACTED'
    'If-Match': '"0x8DC67019256BC59"'
    'x-ms-version': 'REDACTED'
    'Accept': 'application/xml'
    'User-Agent': 'azsdk-python-storage-blob/12.19.1 Python/3.12.2 (Linux-6.6.22-linuxkit-x86_64-with-glibc2.36)'
    'x-ms-date': 'REDACTED'
    'x-ms-client-request-id': '07c8b702-0594-11ef-90c7-0242c0a81004'
    'Authorization': 'REDACTED'
No body was attached to the request
[2024-04-28T19:18:01.682+0000] {_universal.py:550} INFO - Response status: 206
Response headers:
    'Content-Length': '4194304'
    'Content-Type': 'application/octet-stream'
    'Content-Range': 'REDACTED'
    'Last-Modified': 'Sat, 27 Apr 2024 21:32:42 GMT'
    'Accept-Ranges': 'REDACTED'
    'ETag': '"0x8DC67019256BC59"'
    'Server': 'Windows-Azure-Blob/1.0 Microsoft-HTTPAPI/2.0'
    'x-ms-request-id': 'a9901ca1-a01e-0022-6aa0-990d80000000'
    'x-ms-client-request-id': '07c8b702-0594-11ef-90c7-0242c0a81004'
    'x-ms-version': 'REDACTED'
    'x-ms-creation-time': 'REDACTED'
    'x-ms-lease-status': 'REDACTED'
    'x-ms-lease-state': 'REDACTED'
    'x-ms-blob-type': 'REDACTED'
    'x-ms-server-encrypted': 'REDACTED'
    'Date': 'Sun, 28 Apr 2024 19:18:00 GMT'
[2024-04-28T19:18:02.202+0000] {_universal.py:514} INFO - Request URL: 'https://azureyellowcab.blob.core.windows.net/cabfiles/yellow_tripdata_2011-01.parquet'
Request method: 'GET'
Request headers:
    'x-ms-range': 'REDACTED'
    'If-Match': '"0x8DC67019256BC59"'
    'x-ms-version': 'REDACTED'
    'Accept': 'application/xml'
    'User-Agent': 'azsdk-python-storage-blob/12.19.1 Python/3.12.2 (Linux-6.6.22-linuxkit-x86_64-with-glibc2.36)'
    'x-ms-date': 'REDACTED'
    'x-ms-client-request-id': '08299d88-0594-11ef-90c7-0242c0a81004'
    'Authorization': 'REDACTED'
No body was attached to the request
[2024-04-28T19:18:02.337+0000] {_universal.py:550} INFO - Response status: 206
Response headers:
    'Content-Length': '4194304'
    'Content-Type': 'application/octet-stream'
    'Content-Range': 'REDACTED'
    'Last-Modified': 'Sat, 27 Apr 2024 21:32:42 GMT'
    'Accept-Ranges': 'REDACTED'
    'ETag': '"0x8DC67019256BC59"'
    'Server': 'Windows-Azure-Blob/1.0 Microsoft-HTTPAPI/2.0'
    'x-ms-request-id': 'a9901e53-a01e-0022-63a0-990d80000000'
    'x-ms-client-request-id': '08299d88-0594-11ef-90c7-0242c0a81004'
    'x-ms-version': 'REDACTED'
    'x-ms-creation-time': 'REDACTED'
    'x-ms-lease-status': 'REDACTED'
    'x-ms-lease-state': 'REDACTED'
    'x-ms-blob-type': 'REDACTED'
    'x-ms-server-encrypted': 'REDACTED'
    'Date': 'Sun, 28 Apr 2024 19:18:01 GMT'
[2024-04-28T19:18:02.899+0000] {_universal.py:514} INFO - Request URL: 'https://azureyellowcab.blob.core.windows.net/cabfiles/yellow_tripdata_2011-01.parquet'
Request method: 'GET'
Request headers:
    'x-ms-range': 'REDACTED'
    'If-Match': '"0x8DC67019256BC59"'
    'x-ms-version': 'REDACTED'
    'Accept': 'application/xml'
    'User-Agent': 'azsdk-python-storage-blob/12.19.1 Python/3.12.2 (Linux-6.6.22-linuxkit-x86_64-with-glibc2.36)'
    'x-ms-date': 'REDACTED'
    'x-ms-client-request-id': '0893fc0a-0594-11ef-90c7-0242c0a81004'
    'Authorization': 'REDACTED'
No body was attached to the request
[2024-04-28T19:18:03.048+0000] {_universal.py:550} INFO - Response status: 206
Response headers:
    'Content-Length': '4194304'
    'Content-Type': 'application/octet-stream'
    'Content-Range': 'REDACTED'
    'Last-Modified': 'Sat, 27 Apr 2024 21:32:42 GMT'
    'Accept-Ranges': 'REDACTED'
    'ETag': '"0x8DC67019256BC59"'
    'Server': 'Windows-Azure-Blob/1.0 Microsoft-HTTPAPI/2.0'
    'x-ms-request-id': 'a990207a-a01e-0022-33a0-990d80000000'
    'x-ms-client-request-id': '0893fc0a-0594-11ef-90c7-0242c0a81004'
    'x-ms-version': 'REDACTED'
    'x-ms-creation-time': 'REDACTED'
    'x-ms-lease-status': 'REDACTED'
    'x-ms-lease-state': 'REDACTED'
    'x-ms-blob-type': 'REDACTED'
    'x-ms-server-encrypted': 'REDACTED'
    'Date': 'Sun, 28 Apr 2024 19:18:02 GMT'
[2024-04-28T19:18:03.547+0000] {_universal.py:514} INFO - Request URL: 'https://azureyellowcab.blob.core.windows.net/cabfiles/yellow_tripdata_2011-01.parquet'
Request method: 'GET'
Request headers:
    'x-ms-range': 'REDACTED'
    'If-Match': '"0x8DC67019256BC59"'
    'x-ms-version': 'REDACTED'
    'Accept': 'application/xml'
    'User-Agent': 'azsdk-python-storage-blob/12.19.1 Python/3.12.2 (Linux-6.6.22-linuxkit-x86_64-with-glibc2.36)'
    'x-ms-date': 'REDACTED'
    'x-ms-client-request-id': '08f6d99c-0594-11ef-90c7-0242c0a81004'
    'Authorization': 'REDACTED'
No body was attached to the request
[2024-04-28T19:18:03.627+0000] {_universal.py:550} INFO - Response status: 206
Response headers:
    'Content-Length': '4194304'
    'Content-Type': 'application/octet-stream'
    'Content-Range': 'REDACTED'
    'Last-Modified': 'Sat, 27 Apr 2024 21:32:42 GMT'
    'Accept-Ranges': 'REDACTED'
    'ETag': '"0x8DC67019256BC59"'
    'Server': 'Windows-Azure-Blob/1.0 Microsoft-HTTPAPI/2.0'
    'x-ms-request-id': 'a990228e-a01e-0022-7aa0-990d80000000'
    'x-ms-client-request-id': '08f6d99c-0594-11ef-90c7-0242c0a81004'
    'x-ms-version': 'REDACTED'
    'x-ms-creation-time': 'REDACTED'
    'x-ms-lease-status': 'REDACTED'
    'x-ms-lease-state': 'REDACTED'
    'x-ms-blob-type': 'REDACTED'
    'x-ms-server-encrypted': 'REDACTED'
    'Date': 'Sun, 28 Apr 2024 19:18:02 GMT'
[2024-04-28T19:18:04.207+0000] {_universal.py:514} INFO - Request URL: 'https://azureyellowcab.blob.core.windows.net/cabfiles/yellow_tripdata_2011-01.parquet'
Request method: 'GET'
Request headers:
    'x-ms-range': 'REDACTED'
    'If-Match': '"0x8DC67019256BC59"'
    'x-ms-version': 'REDACTED'
    'Accept': 'application/xml'
    'User-Agent': 'azsdk-python-storage-blob/12.19.1 Python/3.12.2 (Linux-6.6.22-linuxkit-x86_64-with-glibc2.36)'
    'x-ms-date': 'REDACTED'
    'x-ms-client-request-id': '095b9576-0594-11ef-90c7-0242c0a81004'
    'Authorization': 'REDACTED'
No body was attached to the request
[2024-04-28T19:18:04.306+0000] {_universal.py:550} INFO - Response status: 206
Response headers:
    'Content-Length': '4194304'
    'Content-Type': 'application/octet-stream'
    'Content-Range': 'REDACTED'
    'Last-Modified': 'Sat, 27 Apr 2024 21:32:42 GMT'
    'Accept-Ranges': 'REDACTED'
    'ETag': '"0x8DC67019256BC59"'
    'Server': 'Windows-Azure-Blob/1.0 Microsoft-HTTPAPI/2.0'
    'x-ms-request-id': 'a99024b4-a01e-0022-4ea0-990d80000000'
    'x-ms-client-request-id': '095b9576-0594-11ef-90c7-0242c0a81004'
    'x-ms-version': 'REDACTED'
    'x-ms-creation-time': 'REDACTED'
    'x-ms-lease-status': 'REDACTED'
    'x-ms-lease-state': 'REDACTED'
    'x-ms-blob-type': 'REDACTED'
    'x-ms-server-encrypted': 'REDACTED'
    'Date': 'Sun, 28 Apr 2024 19:18:03 GMT'
[2024-04-28T19:18:04.933+0000] {_universal.py:514} INFO - Request URL: 'https://azureyellowcab.blob.core.windows.net/cabfiles/yellow_tripdata_2011-01.parquet'
Request method: 'GET'
Request headers:
    'x-ms-range': 'REDACTED'
    'If-Match': '"0x8DC67019256BC59"'
    'x-ms-version': 'REDACTED'
    'Accept': 'application/xml'
    'User-Agent': 'azsdk-python-storage-blob/12.19.1 Python/3.12.2 (Linux-6.6.22-linuxkit-x86_64-with-glibc2.36)'
    'x-ms-date': 'REDACTED'
    'x-ms-client-request-id': '09ca67e4-0594-11ef-90c7-0242c0a81004'
    'Authorization': 'REDACTED'
No body was attached to the request
[2024-04-28T19:18:05.037+0000] {_universal.py:550} INFO - Response status: 206
Response headers:
    'Content-Length': '4194304'
    'Content-Type': 'application/octet-stream'
    'Content-Range': 'REDACTED'
    'Last-Modified': 'Sat, 27 Apr 2024 21:32:42 GMT'
    'Accept-Ranges': 'REDACTED'
    'ETag': '"0x8DC67019256BC59"'
    'Server': 'Windows-Azure-Blob/1.0 Microsoft-HTTPAPI/2.0'
    'x-ms-request-id': 'a99026d7-a01e-0022-1fa0-990d80000000'
    'x-ms-client-request-id': '09ca67e4-0594-11ef-90c7-0242c0a81004'
    'x-ms-version': 'REDACTED'
    'x-ms-creation-time': 'REDACTED'
    'x-ms-lease-status': 'REDACTED'
    'x-ms-lease-state': 'REDACTED'
    'x-ms-blob-type': 'REDACTED'
    'x-ms-server-encrypted': 'REDACTED'
    'Date': 'Sun, 28 Apr 2024 19:18:04 GMT'
[2024-04-28T19:18:05.541+0000] {_universal.py:514} INFO - Request URL: 'https://azureyellowcab.blob.core.windows.net/cabfiles/yellow_tripdata_2011-01.parquet'
Request method: 'GET'
Request headers:
    'x-ms-range': 'REDACTED'
    'If-Match': '"0x8DC67019256BC59"'
    'x-ms-version': 'REDACTED'
    'Accept': 'application/xml'
    'User-Agent': 'azsdk-python-storage-blob/12.19.1 Python/3.12.2 (Linux-6.6.22-linuxkit-x86_64-with-glibc2.36)'
    'x-ms-date': 'REDACTED'
    'x-ms-client-request-id': '0a270c56-0594-11ef-90c7-0242c0a81004'
    'Authorization': 'REDACTED'
No body was attached to the request
[2024-04-28T19:18:05.624+0000] {_universal.py:550} INFO - Response status: 206
Response headers:
    'Content-Length': '4194304'
    'Content-Type': 'application/octet-stream'
    'Content-Range': 'REDACTED'
    'Last-Modified': 'Sat, 27 Apr 2024 21:32:42 GMT'
    'Accept-Ranges': 'REDACTED'
    'ETag': '"0x8DC67019256BC59"'
    'Server': 'Windows-Azure-Blob/1.0 Microsoft-HTTPAPI/2.0'
    'x-ms-request-id': 'a99028cd-a01e-0022-52a0-990d80000000'
    'x-ms-client-request-id': '0a270c56-0594-11ef-90c7-0242c0a81004'
    'x-ms-version': 'REDACTED'
    'x-ms-creation-time': 'REDACTED'
    'x-ms-lease-status': 'REDACTED'
    'x-ms-lease-state': 'REDACTED'
    'x-ms-blob-type': 'REDACTED'
    'x-ms-server-encrypted': 'REDACTED'
    'Date': 'Sun, 28 Apr 2024 19:18:04 GMT'
[2024-04-28T19:18:06.137+0000] {_universal.py:514} INFO - Request URL: 'https://azureyellowcab.blob.core.windows.net/cabfiles/yellow_tripdata_2011-01.parquet'
Request method: 'GET'
Request headers:
    'x-ms-range': 'REDACTED'
    'If-Match': '"0x8DC67019256BC59"'
    'x-ms-version': 'REDACTED'
    'Accept': 'application/xml'
    'User-Agent': 'azsdk-python-storage-blob/12.19.1 Python/3.12.2 (Linux-6.6.22-linuxkit-x86_64-with-glibc2.36)'
    'x-ms-date': 'REDACTED'
    'x-ms-client-request-id': '0a8209d0-0594-11ef-90c7-0242c0a81004'
    'Authorization': 'REDACTED'
No body was attached to the request
[2024-04-28T19:18:06.217+0000] {_universal.py:550} INFO - Response status: 206
Response headers:
    'Content-Length': '4194304'
    'Content-Type': 'application/octet-stream'
    'Content-Range': 'REDACTED'
    'Last-Modified': 'Sat, 27 Apr 2024 21:32:42 GMT'
    'Accept-Ranges': 'REDACTED'
    'ETag': '"0x8DC67019256BC59"'
    'Server': 'Windows-Azure-Blob/1.0 Microsoft-HTTPAPI/2.0'
    'x-ms-request-id': 'a9902ad1-a01e-0022-1aa0-990d80000000'
    'x-ms-client-request-id': '0a8209d0-0594-11ef-90c7-0242c0a81004'
    'x-ms-version': 'REDACTED'
    'x-ms-creation-time': 'REDACTED'
    'x-ms-lease-status': 'REDACTED'
    'x-ms-lease-state': 'REDACTED'
    'x-ms-blob-type': 'REDACTED'
    'x-ms-server-encrypted': 'REDACTED'
    'Date': 'Sun, 28 Apr 2024 19:18:05 GMT'
[2024-04-28T19:18:06.793+0000] {_universal.py:514} INFO - Request URL: 'https://azureyellowcab.blob.core.windows.net/cabfiles/yellow_tripdata_2011-01.parquet'
Request method: 'GET'
Request headers:
    'x-ms-range': 'REDACTED'
    'If-Match': '"0x8DC67019256BC59"'
    'x-ms-version': 'REDACTED'
    'Accept': 'application/xml'
    'User-Agent': 'azsdk-python-storage-blob/12.19.1 Python/3.12.2 (Linux-6.6.22-linuxkit-x86_64-with-glibc2.36)'
    'x-ms-date': 'REDACTED'
    'x-ms-client-request-id': '0ae61de4-0594-11ef-90c7-0242c0a81004'
    'Authorization': 'REDACTED'
No body was attached to the request
[2024-04-28T19:18:06.869+0000] {_universal.py:550} INFO - Response status: 206
Response headers:
    'Content-Length': '4194304'
    'Content-Type': 'application/octet-stream'
    'Content-Range': 'REDACTED'
    'Last-Modified': 'Sat, 27 Apr 2024 21:32:42 GMT'
    'Accept-Ranges': 'REDACTED'
    'ETag': '"0x8DC67019256BC59"'
    'Server': 'Windows-Azure-Blob/1.0 Microsoft-HTTPAPI/2.0'
    'x-ms-request-id': 'a9902d06-a01e-0022-7fa0-990d80000000'
    'x-ms-client-request-id': '0ae61de4-0594-11ef-90c7-0242c0a81004'
    'x-ms-version': 'REDACTED'
    'x-ms-creation-time': 'REDACTED'
    'x-ms-lease-status': 'REDACTED'
    'x-ms-lease-state': 'REDACTED'
    'x-ms-blob-type': 'REDACTED'
    'x-ms-server-encrypted': 'REDACTED'
    'Date': 'Sun, 28 Apr 2024 19:18:06 GMT'
[2024-04-28T19:18:07.467+0000] {_universal.py:514} INFO - Request URL: 'https://azureyellowcab.blob.core.windows.net/cabfiles/yellow_tripdata_2011-01.parquet'
Request method: 'GET'
Request headers:
    'x-ms-range': 'REDACTED'
    'If-Match': '"0x8DC67019256BC59"'
    'x-ms-version': 'REDACTED'
    'Accept': 'application/xml'
    'User-Agent': 'azsdk-python-storage-blob/12.19.1 Python/3.12.2 (Linux-6.6.22-linuxkit-x86_64-with-glibc2.36)'
    'x-ms-date': 'REDACTED'
    'x-ms-client-request-id': '0b4d0f54-0594-11ef-90c7-0242c0a81004'
    'Authorization': 'REDACTED'
No body was attached to the request
[2024-04-28T19:18:07.561+0000] {_universal.py:550} INFO - Response status: 206
Response headers:
    'Content-Length': '4194304'
    'Content-Type': 'application/octet-stream'
    'Content-Range': 'REDACTED'
    'Last-Modified': 'Sat, 27 Apr 2024 21:32:42 GMT'
    'Accept-Ranges': 'REDACTED'
    'ETag': '"0x8DC67019256BC59"'
    'Server': 'Windows-Azure-Blob/1.0 Microsoft-HTTPAPI/2.0'
    'x-ms-request-id': 'a9902efc-a01e-0022-40a0-990d80000000'
    'x-ms-client-request-id': '0b4d0f54-0594-11ef-90c7-0242c0a81004'
    'x-ms-version': 'REDACTED'
    'x-ms-creation-time': 'REDACTED'
    'x-ms-lease-status': 'REDACTED'
    'x-ms-lease-state': 'REDACTED'
    'x-ms-blob-type': 'REDACTED'
    'x-ms-server-encrypted': 'REDACTED'
    'Date': 'Sun, 28 Apr 2024 19:18:06 GMT'
[2024-04-28T19:18:08.292+0000] {_universal.py:514} INFO - Request URL: 'https://azureyellowcab.blob.core.windows.net/cabfiles/yellow_tripdata_2011-01.parquet'
Request method: 'GET'
Request headers:
    'x-ms-range': 'REDACTED'
    'If-Match': '"0x8DC67019256BC59"'
    'x-ms-version': 'REDACTED'
    'Accept': 'application/xml'
    'User-Agent': 'azsdk-python-storage-blob/12.19.1 Python/3.12.2 (Linux-6.6.22-linuxkit-x86_64-with-glibc2.36)'
    'x-ms-date': 'REDACTED'
    'x-ms-client-request-id': '0bcacee4-0594-11ef-90c7-0242c0a81004'
    'Authorization': 'REDACTED'
No body was attached to the request
[2024-04-28T19:18:08.373+0000] {_universal.py:550} INFO - Response status: 206
Response headers:
    'Content-Length': '4194304'
    'Content-Type': 'application/octet-stream'
    'Content-Range': 'REDACTED'
    'Last-Modified': 'Sat, 27 Apr 2024 21:32:42 GMT'
    'Accept-Ranges': 'REDACTED'
    'ETag': '"0x8DC67019256BC59"'
    'Server': 'Windows-Azure-Blob/1.0 Microsoft-HTTPAPI/2.0'
    'x-ms-request-id': 'a990318d-a01e-0022-1ba0-990d80000000'
    'x-ms-client-request-id': '0bcacee4-0594-11ef-90c7-0242c0a81004'
    'x-ms-version': 'REDACTED'
    'x-ms-creation-time': 'REDACTED'
    'x-ms-lease-status': 'REDACTED'
    'x-ms-lease-state': 'REDACTED'
    'x-ms-blob-type': 'REDACTED'
    'x-ms-server-encrypted': 'REDACTED'
    'Date': 'Sun, 28 Apr 2024 19:18:07 GMT'
[2024-04-28T19:18:09.070+0000] {_universal.py:514} INFO - Request URL: 'https://azureyellowcab.blob.core.windows.net/cabfiles/yellow_tripdata_2011-01.parquet'
Request method: 'GET'
Request headers:
    'x-ms-range': 'REDACTED'
    'If-Match': '"0x8DC67019256BC59"'
    'x-ms-version': 'REDACTED'
    'Accept': 'application/xml'
    'User-Agent': 'azsdk-python-storage-blob/12.19.1 Python/3.12.2 (Linux-6.6.22-linuxkit-x86_64-with-glibc2.36)'
    'x-ms-date': 'REDACTED'
    'x-ms-client-request-id': '0c419146-0594-11ef-90c7-0242c0a81004'
    'Authorization': 'REDACTED'
No body was attached to the request
[2024-04-28T19:18:09.215+0000] {_universal.py:550} INFO - Response status: 206
Response headers:
    'Content-Length': '4194304'
    'Content-Type': 'application/octet-stream'
    'Content-Range': 'REDACTED'
    'Last-Modified': 'Sat, 27 Apr 2024 21:32:42 GMT'
    'Accept-Ranges': 'REDACTED'
    'ETag': '"0x8DC67019256BC59"'
    'Server': 'Windows-Azure-Blob/1.0 Microsoft-HTTPAPI/2.0'
    'x-ms-request-id': 'a9903418-a01e-0022-67a0-990d80000000'
    'x-ms-client-request-id': '0c419146-0594-11ef-90c7-0242c0a81004'
    'x-ms-version': 'REDACTED'
    'x-ms-creation-time': 'REDACTED'
    'x-ms-lease-status': 'REDACTED'
    'x-ms-lease-state': 'REDACTED'
    'x-ms-blob-type': 'REDACTED'
    'x-ms-server-encrypted': 'REDACTED'
    'Date': 'Sun, 28 Apr 2024 19:18:08 GMT'
[2024-04-28T19:18:09.894+0000] {_universal.py:514} INFO - Request URL: 'https://azureyellowcab.blob.core.windows.net/cabfiles/yellow_tripdata_2011-01.parquet'
Request method: 'GET'
Request headers:
    'x-ms-range': 'REDACTED'
    'If-Match': '"0x8DC67019256BC59"'
    'x-ms-version': 'REDACTED'
    'Accept': 'application/xml'
    'User-Agent': 'azsdk-python-storage-blob/12.19.1 Python/3.12.2 (Linux-6.6.22-linuxkit-x86_64-with-glibc2.36)'
    'x-ms-date': 'REDACTED'
    'x-ms-client-request-id': '0cbf4c80-0594-11ef-90c7-0242c0a81004'
    'Authorization': 'REDACTED'
No body was attached to the request
[2024-04-28T19:18:10.029+0000] {_universal.py:550} INFO - Response status: 206
Response headers:
    'Content-Length': '4194304'
    'Content-Type': 'application/octet-stream'
    'Content-Range': 'REDACTED'
    'Last-Modified': 'Sat, 27 Apr 2024 21:32:42 GMT'
    'Accept-Ranges': 'REDACTED'
    'ETag': '"0x8DC67019256BC59"'
    'Server': 'Windows-Azure-Blob/1.0 Microsoft-HTTPAPI/2.0'
    'x-ms-request-id': 'a9903650-a01e-0022-4aa0-990d80000000'
    'x-ms-client-request-id': '0cbf4c80-0594-11ef-90c7-0242c0a81004'
    'x-ms-version': 'REDACTED'
    'x-ms-creation-time': 'REDACTED'
    'x-ms-lease-status': 'REDACTED'
    'x-ms-lease-state': 'REDACTED'
    'x-ms-blob-type': 'REDACTED'
    'x-ms-server-encrypted': 'REDACTED'
    'Date': 'Sun, 28 Apr 2024 19:18:09 GMT'
[2024-04-28T19:18:10.593+0000] {_universal.py:514} INFO - Request URL: 'https://azureyellowcab.blob.core.windows.net/cabfiles/yellow_tripdata_2011-01.parquet'
Request method: 'GET'
Request headers:
    'x-ms-range': 'REDACTED'
    'If-Match': '"0x8DC67019256BC59"'
    'x-ms-version': 'REDACTED'
    'Accept': 'application/xml'
    'User-Agent': 'azsdk-python-storage-blob/12.19.1 Python/3.12.2 (Linux-6.6.22-linuxkit-x86_64-with-glibc2.36)'
    'x-ms-date': 'REDACTED'
    'x-ms-client-request-id': '0d2a002a-0594-11ef-90c7-0242c0a81004'
    'Authorization': 'REDACTED'
No body was attached to the request
[2024-04-28T19:18:10.717+0000] {_universal.py:550} INFO - Response status: 206
Response headers:
    'Content-Length': '4194304'
    'Content-Type': 'application/octet-stream'
    'Content-Range': 'REDACTED'
    'Last-Modified': 'Sat, 27 Apr 2024 21:32:42 GMT'
    'Accept-Ranges': 'REDACTED'
    'ETag': '"0x8DC67019256BC59"'
    'Server': 'Windows-Azure-Blob/1.0 Microsoft-HTTPAPI/2.0'
    'x-ms-request-id': 'a9903845-a01e-0022-04a0-990d80000000'
    'x-ms-client-request-id': '0d2a002a-0594-11ef-90c7-0242c0a81004'
    'x-ms-version': 'REDACTED'
    'x-ms-creation-time': 'REDACTED'
    'x-ms-lease-status': 'REDACTED'
    'x-ms-lease-state': 'REDACTED'
    'x-ms-blob-type': 'REDACTED'
    'x-ms-server-encrypted': 'REDACTED'
    'Date': 'Sun, 28 Apr 2024 19:18:10 GMT'
[2024-04-28T19:18:11.428+0000] {_universal.py:514} INFO - Request URL: 'https://azureyellowcab.blob.core.windows.net/cabfiles/yellow_tripdata_2011-01.parquet'
Request method: 'GET'
Request headers:
    'x-ms-range': 'REDACTED'
    'If-Match': '"0x8DC67019256BC59"'
    'x-ms-version': 'REDACTED'
    'Accept': 'application/xml'
    'User-Agent': 'azsdk-python-storage-blob/12.19.1 Python/3.12.2 (Linux-6.6.22-linuxkit-x86_64-with-glibc2.36)'
    'x-ms-date': 'REDACTED'
    'x-ms-client-request-id': '0da972a6-0594-11ef-90c7-0242c0a81004'
    'Authorization': 'REDACTED'
No body was attached to the request
[2024-04-28T19:18:11.533+0000] {_universal.py:550} INFO - Response status: 206
Response headers:
    'Content-Length': '4194304'
    'Content-Type': 'application/octet-stream'
    'Content-Range': 'REDACTED'
    'Last-Modified': 'Sat, 27 Apr 2024 21:32:42 GMT'
    'Accept-Ranges': 'REDACTED'
    'ETag': '"0x8DC67019256BC59"'
    'Server': 'Windows-Azure-Blob/1.0 Microsoft-HTTPAPI/2.0'
    'x-ms-request-id': 'a9903a9e-a01e-0022-1ca0-990d80000000'
    'x-ms-client-request-id': '0da972a6-0594-11ef-90c7-0242c0a81004'
    'x-ms-version': 'REDACTED'
    'x-ms-creation-time': 'REDACTED'
    'x-ms-lease-status': 'REDACTED'
    'x-ms-lease-state': 'REDACTED'
    'x-ms-blob-type': 'REDACTED'
    'x-ms-server-encrypted': 'REDACTED'
    'Date': 'Sun, 28 Apr 2024 19:18:10 GMT'
[2024-04-28T19:18:12.178+0000] {_universal.py:514} INFO - Request URL: 'https://azureyellowcab.blob.core.windows.net/cabfiles/yellow_tripdata_2011-01.parquet'
Request method: 'GET'
Request headers:
    'x-ms-range': 'REDACTED'
    'If-Match': '"0x8DC67019256BC59"'
    'x-ms-version': 'REDACTED'
    'Accept': 'application/xml'
    'User-Agent': 'azsdk-python-storage-blob/12.19.1 Python/3.12.2 (Linux-6.6.22-linuxkit-x86_64-with-glibc2.36)'
    'x-ms-date': 'REDACTED'
    'x-ms-client-request-id': '0e1bdea4-0594-11ef-90c7-0242c0a81004'
    'Authorization': 'REDACTED'
No body was attached to the request
[2024-04-28T19:18:12.285+0000] {_universal.py:550} INFO - Response status: 206
Response headers:
    'Content-Length': '4194304'
    'Content-Type': 'application/octet-stream'
    'Content-Range': 'REDACTED'
    'Last-Modified': 'Sat, 27 Apr 2024 21:32:42 GMT'
    'Accept-Ranges': 'REDACTED'
    'ETag': '"0x8DC67019256BC59"'
    'Server': 'Windows-Azure-Blob/1.0 Microsoft-HTTPAPI/2.0'
    'x-ms-request-id': 'a9903cb9-a01e-0022-7ba0-990d80000000'
    'x-ms-client-request-id': '0e1bdea4-0594-11ef-90c7-0242c0a81004'
    'x-ms-version': 'REDACTED'
    'x-ms-creation-time': 'REDACTED'
    'x-ms-lease-status': 'REDACTED'
    'x-ms-lease-state': 'REDACTED'
    'x-ms-blob-type': 'REDACTED'
    'x-ms-server-encrypted': 'REDACTED'
    'Date': 'Sun, 28 Apr 2024 19:18:11 GMT'
[2024-04-28T19:18:12.844+0000] {_universal.py:514} INFO - Request URL: 'https://azureyellowcab.blob.core.windows.net/cabfiles/yellow_tripdata_2011-01.parquet'
Request method: 'GET'
Request headers:
    'x-ms-range': 'REDACTED'
    'If-Match': '"0x8DC67019256BC59"'
    'x-ms-version': 'REDACTED'
    'Accept': 'application/xml'
    'User-Agent': 'azsdk-python-storage-blob/12.19.1 Python/3.12.2 (Linux-6.6.22-linuxkit-x86_64-with-glibc2.36)'
    'x-ms-date': 'REDACTED'
    'x-ms-client-request-id': '0e816508-0594-11ef-90c7-0242c0a81004'
    'Authorization': 'REDACTED'
No body was attached to the request
[2024-04-28T19:18:12.956+0000] {_universal.py:550} INFO - Response status: 206
Response headers:
    'Content-Length': '4194304'
    'Content-Type': 'application/octet-stream'
    'Content-Range': 'REDACTED'
    'Last-Modified': 'Sat, 27 Apr 2024 21:32:42 GMT'
    'Accept-Ranges': 'REDACTED'
    'ETag': '"0x8DC67019256BC59"'
    'Server': 'Windows-Azure-Blob/1.0 Microsoft-HTTPAPI/2.0'
    'x-ms-request-id': 'a9903ec6-a01e-0022-54a0-990d80000000'
    'x-ms-client-request-id': '0e816508-0594-11ef-90c7-0242c0a81004'
    'x-ms-version': 'REDACTED'
    'x-ms-creation-time': 'REDACTED'
    'x-ms-lease-status': 'REDACTED'
    'x-ms-lease-state': 'REDACTED'
    'x-ms-blob-type': 'REDACTED'
    'x-ms-server-encrypted': 'REDACTED'
    'Date': 'Sun, 28 Apr 2024 19:18:12 GMT'
[2024-04-28T19:18:13.518+0000] {_universal.py:514} INFO - Request URL: 'https://azureyellowcab.blob.core.windows.net/cabfiles/yellow_tripdata_2011-01.parquet'
Request method: 'GET'
Request headers:
    'x-ms-range': 'REDACTED'
    'If-Match': '"0x8DC67019256BC59"'
    'x-ms-version': 'REDACTED'
    'Accept': 'application/xml'
    'User-Agent': 'azsdk-python-storage-blob/12.19.1 Python/3.12.2 (Linux-6.6.22-linuxkit-x86_64-with-glibc2.36)'
    'x-ms-date': 'REDACTED'
    'x-ms-client-request-id': '0ee85948-0594-11ef-90c7-0242c0a81004'
    'Authorization': 'REDACTED'
No body was attached to the request
[2024-04-28T19:18:13.626+0000] {_universal.py:550} INFO - Response status: 206
Response headers:
    'Content-Length': '4194304'
    'Content-Type': 'application/octet-stream'
    'Content-Range': 'REDACTED'
    'Last-Modified': 'Sat, 27 Apr 2024 21:32:42 GMT'
    'Accept-Ranges': 'REDACTED'
    'ETag': '"0x8DC67019256BC59"'
    'Server': 'Windows-Azure-Blob/1.0 Microsoft-HTTPAPI/2.0'
    'x-ms-request-id': 'a990410d-a01e-0022-6ba0-990d80000000'
    'x-ms-client-request-id': '0ee85948-0594-11ef-90c7-0242c0a81004'
    'x-ms-version': 'REDACTED'
    'x-ms-creation-time': 'REDACTED'
    'x-ms-lease-status': 'REDACTED'
    'x-ms-lease-state': 'REDACTED'
    'x-ms-blob-type': 'REDACTED'
    'x-ms-server-encrypted': 'REDACTED'
    'Date': 'Sun, 28 Apr 2024 19:18:12 GMT'
[2024-04-28T19:18:14.258+0000] {_universal.py:514} INFO - Request URL: 'https://azureyellowcab.blob.core.windows.net/cabfiles/yellow_tripdata_2011-01.parquet'
Request method: 'GET'
Request headers:
    'x-ms-range': 'REDACTED'
    'If-Match': '"0x8DC67019256BC59"'
    'x-ms-version': 'REDACTED'
    'Accept': 'application/xml'
    'User-Agent': 'azsdk-python-storage-blob/12.19.1 Python/3.12.2 (Linux-6.6.22-linuxkit-x86_64-with-glibc2.36)'
    'x-ms-date': 'REDACTED'
    'x-ms-client-request-id': '0f59326c-0594-11ef-90c7-0242c0a81004'
    'Authorization': 'REDACTED'
No body was attached to the request
[2024-04-28T19:18:14.341+0000] {_universal.py:550} INFO - Response status: 206
Response headers:
    'Content-Length': '4194304'
    'Content-Type': 'application/octet-stream'
    'Content-Range': 'REDACTED'
    'Last-Modified': 'Sat, 27 Apr 2024 21:32:42 GMT'
    'Accept-Ranges': 'REDACTED'
    'ETag': '"0x8DC67019256BC59"'
    'Server': 'Windows-Azure-Blob/1.0 Microsoft-HTTPAPI/2.0'
    'x-ms-request-id': 'a9904352-a01e-0022-6ca0-990d80000000'
    'x-ms-client-request-id': '0f59326c-0594-11ef-90c7-0242c0a81004'
    'x-ms-version': 'REDACTED'
    'x-ms-creation-time': 'REDACTED'
    'x-ms-lease-status': 'REDACTED'
    'x-ms-lease-state': 'REDACTED'
    'x-ms-blob-type': 'REDACTED'
    'x-ms-server-encrypted': 'REDACTED'
    'Date': 'Sun, 28 Apr 2024 19:18:13 GMT'
[2024-04-28T19:18:14.989+0000] {_universal.py:514} INFO - Request URL: 'https://azureyellowcab.blob.core.windows.net/cabfiles/yellow_tripdata_2011-01.parquet'
Request method: 'GET'
Request headers:
    'x-ms-range': 'REDACTED'
    'If-Match': '"0x8DC67019256BC59"'
    'x-ms-version': 'REDACTED'
    'Accept': 'application/xml'
    'User-Agent': 'azsdk-python-storage-blob/12.19.1 Python/3.12.2 (Linux-6.6.22-linuxkit-x86_64-with-glibc2.36)'
    'x-ms-date': 'REDACTED'
    'x-ms-client-request-id': '0fc8b754-0594-11ef-90c7-0242c0a81004'
    'Authorization': 'REDACTED'
No body was attached to the request
[2024-04-28T19:18:15.074+0000] {_universal.py:550} INFO - Response status: 206
Response headers:
    'Content-Length': '4194304'
    'Content-Type': 'application/octet-stream'
    'Content-Range': 'REDACTED'
    'Last-Modified': 'Sat, 27 Apr 2024 21:32:42 GMT'
    'Accept-Ranges': 'REDACTED'
    'ETag': '"0x8DC67019256BC59"'
    'Server': 'Windows-Azure-Blob/1.0 Microsoft-HTTPAPI/2.0'
    'x-ms-request-id': 'a99045c2-a01e-0022-1da0-990d80000000'
    'x-ms-client-request-id': '0fc8b754-0594-11ef-90c7-0242c0a81004'
    'x-ms-version': 'REDACTED'
    'x-ms-creation-time': 'REDACTED'
    'x-ms-lease-status': 'REDACTED'
    'x-ms-lease-state': 'REDACTED'
    'x-ms-blob-type': 'REDACTED'
    'x-ms-server-encrypted': 'REDACTED'
    'Date': 'Sun, 28 Apr 2024 19:18:14 GMT'
[2024-04-28T19:18:15.714+0000] {_universal.py:514} INFO - Request URL: 'https://azureyellowcab.blob.core.windows.net/cabfiles/yellow_tripdata_2011-01.parquet'
Request method: 'GET'
Request headers:
    'x-ms-range': 'REDACTED'
    'If-Match': '"0x8DC67019256BC59"'
    'x-ms-version': 'REDACTED'
    'Accept': 'application/xml'
    'User-Agent': 'azsdk-python-storage-blob/12.19.1 Python/3.12.2 (Linux-6.6.22-linuxkit-x86_64-with-glibc2.36)'
    'x-ms-date': 'REDACTED'
    'x-ms-client-request-id': '10375894-0594-11ef-90c7-0242c0a81004'
    'Authorization': 'REDACTED'
No body was attached to the request
[2024-04-28T19:18:15.833+0000] {_universal.py:550} INFO - Response status: 206
Response headers:
    'Content-Length': '3601974'
    'Content-Type': 'application/octet-stream'
    'Content-Range': 'REDACTED'
    'Last-Modified': 'Sat, 27 Apr 2024 21:32:42 GMT'
    'Accept-Ranges': 'REDACTED'
    'ETag': '"0x8DC67019256BC59"'
    'Server': 'Windows-Azure-Blob/1.0 Microsoft-HTTPAPI/2.0'
    'x-ms-request-id': 'a9904831-a01e-0022-59a0-990d80000000'
    'x-ms-client-request-id': '10375894-0594-11ef-90c7-0242c0a81004'
    'x-ms-version': 'REDACTED'
    'x-ms-creation-time': 'REDACTED'
    'x-ms-lease-status': 'REDACTED'
    'x-ms-lease-state': 'REDACTED'
    'x-ms-blob-type': 'REDACTED'
    'x-ms-server-encrypted': 'REDACTED'
    'Date': 'Sun, 28 Apr 2024 19:18:15 GMT'
[2024-04-28T19:18:16.734+0000] {python.py:237} INFO - Done. Returned value was: None
[2024-04-28T19:18:16.735+0000] {taskinstance.py:441} INFO - ::group::Post task execution logs
[2024-04-28T19:18:16.748+0000] {taskinstance.py:1205} INFO - Marking task as SUCCESS. dag_id=dag_yellow_cab, task_id=download_file, execution_date=20240428T191746, start_date=20240428T191747, end_date=20240428T191816
[2024-04-28T19:18:16.799+0000] {local_task_job_runner.py:240} INFO - Task exited with return code 0
[2024-04-28T19:18:16.830+0000] {taskinstance.py:3482} INFO - 1 downstream tasks scheduled from follow-on schedule check
[2024-04-28T19:18:16.831+0000] {local_task_job_runner.py:222} INFO - ::endgroup::
