[2024-04-30T18:01:44.187+0000] {local_task_job_runner.py:120} INFO - ::group::Pre task execution logs
[2024-04-30T18:01:44.209+0000] {taskinstance.py:2073} INFO - Dependencies all met for dep_context=non-requeueable deps ti=<TaskInstance: dag_yellow_cab.load_data manual__2024-04-30T18:01:06.651507+00:00 [queued]>
[2024-04-30T18:01:44.222+0000] {taskinstance.py:2073} INFO - Dependencies all met for dep_context=requeueable deps ti=<TaskInstance: dag_yellow_cab.load_data manual__2024-04-30T18:01:06.651507+00:00 [queued]>
[2024-04-30T18:01:44.223+0000] {taskinstance.py:2303} INFO - Starting attempt 1 of 1
[2024-04-30T18:01:44.236+0000] {taskinstance.py:2327} INFO - Executing <Task(PythonOperator): load_data> on 2024-04-30 18:01:06.651507+00:00
[2024-04-30T18:01:44.242+0000] {warnings.py:110} WARNING - /home/***/.local/lib/python3.12/site-packages/***/task/task_runner/standard_task_runner.py:61: DeprecationWarning: This process (pid=87) is multi-threaded, use of fork() may lead to deadlocks in the child.
  pid = os.fork()

[2024-04-30T18:01:44.244+0000] {standard_task_runner.py:63} INFO - Started process 89 to run task
[2024-04-30T18:01:44.244+0000] {standard_task_runner.py:90} INFO - Running: ['***', 'tasks', 'run', 'dag_yellow_cab', 'load_data', 'manual__2024-04-30T18:01:06.651507+00:00', '--job-id', '250', '--raw', '--subdir', 'DAGS_FOLDER/dag.py', '--cfg-path', '/tmp/tmp5whv45yl']
[2024-04-30T18:01:44.247+0000] {standard_task_runner.py:91} INFO - Job 250: Subtask load_data
[2024-04-30T18:01:44.299+0000] {task_command.py:426} INFO - Running <TaskInstance: dag_yellow_cab.load_data manual__2024-04-30T18:01:06.651507+00:00 [running]> on host 6d2113bef8ab
[2024-04-30T18:01:44.386+0000] {taskinstance.py:2644} INFO - Exporting env vars: AIRFLOW_CTX_DAG_OWNER='***' AIRFLOW_CTX_DAG_ID='dag_yellow_cab' AIRFLOW_CTX_TASK_ID='load_data' AIRFLOW_CTX_EXECUTION_DATE='2024-04-30T18:01:06.651507+00:00' AIRFLOW_CTX_TRY_NUMBER='1' AIRFLOW_CTX_DAG_RUN_ID='manual__2024-04-30T18:01:06.651507+00:00'
[2024-04-30T18:01:44.388+0000] {taskinstance.py:430} INFO - ::endgroup::
[2024-04-30T18:01:44.401+0000] {logging_mixin.py:188} INFO - passed engine creation
[2024-04-30T18:01:44.403+0000] {logging_mixin.py:188} INFO - enter for loop
[2024-04-30T18:01:44.403+0000] {logging_mixin.py:188} INFO - enter for loop
[2024-04-30T18:01:44.404+0000] {logging_mixin.py:188} INFO - enter for loop
[2024-04-30T18:01:44.404+0000] {logging_mixin.py:188} INFO - enter for loop
[2024-04-30T18:01:44.405+0000] {logging_mixin.py:188} INFO - enter if loop
[2024-04-30T18:01:44.405+0000] {logging_mixin.py:188} INFO - enter file_upload function
[2024-04-30T18:01:44.406+0000] {logging_mixin.py:188} INFO - read filepath
[2024-04-30T18:01:44.406+0000] {logging_mixin.py:188} INFO - /opt/***/dags/files/yellow_tripdata_2011-02.parquet
[2024-04-30T18:01:45.562+0000] {logging_mixin.py:188} INFO - generate df
[2024-04-30T18:14:13.796+0000] {local_task_job_runner.py:240} INFO - Task exited with return code -9
[2024-04-30T18:14:15.192+0000] {taskinstance.py:3482} INFO - 0 downstream tasks scheduled from follow-on schedule check
[2024-04-30T18:14:15.198+0000] {local_task_job_runner.py:222} INFO - ::endgroup::
