[2024-04-29T19:21:10.663+0000] {local_task_job_runner.py:120} INFO - ::group::Pre task execution logs
[2024-04-29T19:21:10.686+0000] {taskinstance.py:2073} INFO - Dependencies all met for dep_context=non-requeueable deps ti=<TaskInstance: dag_yellow_cab.download_file manual__2024-04-29T19:21:05.573415+00:00 [queued]>
[2024-04-29T19:21:10.694+0000] {taskinstance.py:2073} INFO - Dependencies all met for dep_context=requeueable deps ti=<TaskInstance: dag_yellow_cab.download_file manual__2024-04-29T19:21:05.573415+00:00 [queued]>
[2024-04-29T19:21:10.694+0000] {taskinstance.py:2303} INFO - Starting attempt 1 of 1
[2024-04-29T19:21:10.707+0000] {taskinstance.py:2327} INFO - Executing <Task(BranchPythonOperator): download_file> on 2024-04-29 19:21:05.573415+00:00
[2024-04-29T19:21:10.713+0000] {warnings.py:110} WARNING - /home/***/.local/lib/python3.12/site-packages/***/task/task_runner/standard_task_runner.py:61: DeprecationWarning: This process (pid=78) is multi-threaded, use of fork() may lead to deadlocks in the child.
  pid = os.fork()

[2024-04-29T19:21:10.714+0000] {standard_task_runner.py:63} INFO - Started process 80 to run task
[2024-04-29T19:21:10.714+0000] {standard_task_runner.py:90} INFO - Running: ['***', 'tasks', 'run', 'dag_yellow_cab', 'download_file', 'manual__2024-04-29T19:21:05.573415+00:00', '--job-id', '119', '--raw', '--subdir', 'DAGS_FOLDER/data_pipeline_cab.py', '--cfg-path', '/tmp/tmpysot1o7_']
[2024-04-29T19:21:10.717+0000] {standard_task_runner.py:91} INFO - Job 119: Subtask download_file
[2024-04-29T19:21:10.776+0000] {task_command.py:426} INFO - Running <TaskInstance: dag_yellow_cab.download_file manual__2024-04-29T19:21:05.573415+00:00 [running]> on host e8cfb03eed0f
[2024-04-29T19:21:10.872+0000] {taskinstance.py:2644} INFO - Exporting env vars: AIRFLOW_CTX_DAG_OWNER='***' AIRFLOW_CTX_DAG_ID='dag_yellow_cab' AIRFLOW_CTX_TASK_ID='download_file' AIRFLOW_CTX_EXECUTION_DATE='2024-04-29T19:21:05.573415+00:00' AIRFLOW_CTX_TRY_NUMBER='1' AIRFLOW_CTX_DAG_RUN_ID='manual__2024-04-29T19:21:05.573415+00:00'
[2024-04-29T19:21:10.873+0000] {taskinstance.py:430} INFO - ::endgroup::
[2024-04-29T19:21:10.904+0000] {baseoperator.py:399} WARNING - BranchPythonOperator.execute cannot be called outside TaskInstance!
[2024-04-29T19:21:10.922+0000] {_universal.py:514} INFO - Request URL: 'https://azureyellowcab.blob.core.windows.net/cabfiles?restype=REDACTED&comp=REDACTED'
Request method: 'GET'
Request headers:
    'x-ms-version': 'REDACTED'
    'Accept': 'application/xml'
    'User-Agent': 'azsdk-python-storage-blob/12.19.1 Python/3.12.2 (Linux-6.6.22-linuxkit-x86_64-with-glibc2.36)'
    'x-ms-date': 'REDACTED'
    'x-ms-client-request-id': 'a30f3ae6-065d-11ef-9ac0-0242c0a8f007'
    'Authorization': 'REDACTED'
No body was attached to the request
[2024-04-29T19:21:11.393+0000] {_universal.py:550} INFO - Response status: 200
Response headers:
    'Transfer-Encoding': 'chunked'
    'Content-Type': 'application/xml'
    'Server': 'Windows-Azure-Blob/1.0 Microsoft-HTTPAPI/2.0'
    'x-ms-request-id': '53f4913f-001e-003b-326a-9a8d3b000000'
    'x-ms-client-request-id': 'a30f3ae6-065d-11ef-9ac0-0242c0a8f007'
    'x-ms-version': 'REDACTED'
    'Date': 'Mon, 29 Apr 2024 19:21:11 GMT'
[2024-04-29T19:21:11.415+0000] {_universal.py:514} INFO - Request URL: 'https://azureyellowcab.blob.core.windows.net/cabfiles/yellow_tripdata_2011-01.parquet'
Request method: 'GET'
Request headers:
    'x-ms-range': 'REDACTED'
    'x-ms-version': 'REDACTED'
    'Accept': 'application/xml'
    'User-Agent': 'azsdk-python-storage-blob/12.19.1 Python/3.12.2 (Linux-6.6.22-linuxkit-x86_64-with-glibc2.36)'
    'x-ms-date': 'REDACTED'
    'x-ms-client-request-id': 'a35b18c6-065d-11ef-9ac0-0242c0a8f007'
    'Authorization': 'REDACTED'
No body was attached to the request
[2024-04-29T19:21:11.540+0000] {_universal.py:550} INFO - Response status: 206
Response headers:
    'Content-Length': '33554432'
    'Content-Type': 'application/octet-stream'
    'Content-Range': 'REDACTED'
    'Last-Modified': 'Mon, 29 Apr 2024 17:07:16 GMT'
    'Accept-Ranges': 'REDACTED'
    'ETag': '"0x8DC686ED2A077F8"'
    'Server': 'Windows-Azure-Blob/1.0 Microsoft-HTTPAPI/2.0'
    'x-ms-request-id': '53f491b4-001e-003b-176a-9a8d3b000000'
    'x-ms-client-request-id': 'a35b18c6-065d-11ef-9ac0-0242c0a8f007'
    'x-ms-version': 'REDACTED'
    'x-ms-creation-time': 'REDACTED'
    'x-ms-lease-status': 'REDACTED'
    'x-ms-lease-state': 'REDACTED'
    'x-ms-blob-type': 'REDACTED'
    'x-ms-server-encrypted': 'REDACTED'
    'Date': 'Mon, 29 Apr 2024 19:21:11 GMT'
[2024-04-29T19:21:16.075+0000] {_universal.py:514} INFO - Request URL: 'https://azureyellowcab.blob.core.windows.net/cabfiles/yellow_tripdata_2011-01.parquet'
Request method: 'GET'
Request headers:
    'x-ms-range': 'REDACTED'
    'If-Match': '"0x8DC686ED2A077F8"'
    'x-ms-version': 'REDACTED'
    'Accept': 'application/xml'
    'User-Agent': 'azsdk-python-storage-blob/12.19.1 Python/3.12.2 (Linux-6.6.22-linuxkit-x86_64-with-glibc2.36)'
    'x-ms-date': 'REDACTED'
    'x-ms-client-request-id': 'a62223d8-065d-11ef-9ac0-0242c0a8f007'
    'Authorization': 'REDACTED'
No body was attached to the request
[2024-04-29T19:21:16.188+0000] {_universal.py:550} INFO - Response status: 206
Response headers:
    'Content-Length': '4194304'
    'Content-Type': 'application/octet-stream'
    'Content-Range': 'REDACTED'
    'Last-Modified': 'Mon, 29 Apr 2024 17:07:16 GMT'
    'Accept-Ranges': 'REDACTED'
    'ETag': '"0x8DC686ED2A077F8"'
    'Server': 'Windows-Azure-Blob/1.0 Microsoft-HTTPAPI/2.0'
    'x-ms-request-id': '53f4a461-001e-003b-5f6a-9a8d3b000000'
    'x-ms-client-request-id': 'a62223d8-065d-11ef-9ac0-0242c0a8f007'
    'x-ms-version': 'REDACTED'
    'x-ms-creation-time': 'REDACTED'
    'x-ms-lease-status': 'REDACTED'
    'x-ms-lease-state': 'REDACTED'
    'x-ms-blob-type': 'REDACTED'
    'x-ms-server-encrypted': 'REDACTED'
    'Date': 'Mon, 29 Apr 2024 19:21:16 GMT'
[2024-04-29T19:21:16.691+0000] {_universal.py:514} INFO - Request URL: 'https://azureyellowcab.blob.core.windows.net/cabfiles/yellow_tripdata_2011-01.parquet'
Request method: 'GET'
Request headers:
    'x-ms-range': 'REDACTED'
    'If-Match': '"0x8DC686ED2A077F8"'
    'x-ms-version': 'REDACTED'
    'Accept': 'application/xml'
    'User-Agent': 'azsdk-python-storage-blob/12.19.1 Python/3.12.2 (Linux-6.6.22-linuxkit-x86_64-with-glibc2.36)'
    'x-ms-date': 'REDACTED'
    'x-ms-client-request-id': 'a68021e0-065d-11ef-9ac0-0242c0a8f007'
    'Authorization': 'REDACTED'
No body was attached to the request
[2024-04-29T19:21:16.773+0000] {_universal.py:550} INFO - Response status: 206
Response headers:
    'Content-Length': '4194304'
    'Content-Type': 'application/octet-stream'
    'Content-Range': 'REDACTED'
    'Last-Modified': 'Mon, 29 Apr 2024 17:07:16 GMT'
    'Accept-Ranges': 'REDACTED'
    'ETag': '"0x8DC686ED2A077F8"'
    'Server': 'Windows-Azure-Blob/1.0 Microsoft-HTTPAPI/2.0'
    'x-ms-request-id': '53f4a719-001e-003b-606a-9a8d3b000000'
    'x-ms-client-request-id': 'a68021e0-065d-11ef-9ac0-0242c0a8f007'
    'x-ms-version': 'REDACTED'
    'x-ms-creation-time': 'REDACTED'
    'x-ms-lease-status': 'REDACTED'
    'x-ms-lease-state': 'REDACTED'
    'x-ms-blob-type': 'REDACTED'
    'x-ms-server-encrypted': 'REDACTED'
    'Date': 'Mon, 29 Apr 2024 19:21:16 GMT'
[2024-04-29T19:21:17.295+0000] {_universal.py:514} INFO - Request URL: 'https://azureyellowcab.blob.core.windows.net/cabfiles/yellow_tripdata_2011-01.parquet'
Request method: 'GET'
Request headers:
    'x-ms-range': 'REDACTED'
    'If-Match': '"0x8DC686ED2A077F8"'
    'x-ms-version': 'REDACTED'
    'Accept': 'application/xml'
    'User-Agent': 'azsdk-python-storage-blob/12.19.1 Python/3.12.2 (Linux-6.6.22-linuxkit-x86_64-with-glibc2.36)'
    'x-ms-date': 'REDACTED'
    'x-ms-client-request-id': 'a6dc4dbc-065d-11ef-9ac0-0242c0a8f007'
    'Authorization': 'REDACTED'
No body was attached to the request
[2024-04-29T19:21:17.432+0000] {_universal.py:550} INFO - Response status: 206
Response headers:
    'Content-Length': '4194304'
    'Content-Type': 'application/octet-stream'
    'Content-Range': 'REDACTED'
    'Last-Modified': 'Mon, 29 Apr 2024 17:07:16 GMT'
    'Accept-Ranges': 'REDACTED'
    'ETag': '"0x8DC686ED2A077F8"'
    'Server': 'Windows-Azure-Blob/1.0 Microsoft-HTTPAPI/2.0'
    'x-ms-request-id': '53f4a9ba-001e-003b-476a-9a8d3b000000'
    'x-ms-client-request-id': 'a6dc4dbc-065d-11ef-9ac0-0242c0a8f007'
    'x-ms-version': 'REDACTED'
    'x-ms-creation-time': 'REDACTED'
    'x-ms-lease-status': 'REDACTED'
    'x-ms-lease-state': 'REDACTED'
    'x-ms-blob-type': 'REDACTED'
    'x-ms-server-encrypted': 'REDACTED'
    'Date': 'Mon, 29 Apr 2024 19:21:17 GMT'
[2024-04-29T19:21:17.915+0000] {_universal.py:514} INFO - Request URL: 'https://azureyellowcab.blob.core.windows.net/cabfiles/yellow_tripdata_2011-01.parquet'
Request method: 'GET'
Request headers:
    'x-ms-range': 'REDACTED'
    'If-Match': '"0x8DC686ED2A077F8"'
    'x-ms-version': 'REDACTED'
    'Accept': 'application/xml'
    'User-Agent': 'azsdk-python-storage-blob/12.19.1 Python/3.12.2 (Linux-6.6.22-linuxkit-x86_64-with-glibc2.36)'
    'x-ms-date': 'REDACTED'
    'x-ms-client-request-id': 'a73aeae8-065d-11ef-9ac0-0242c0a8f007'
    'Authorization': 'REDACTED'
No body was attached to the request
[2024-04-29T19:21:18.104+0000] {_universal.py:550} INFO - Response status: 206
Response headers:
    'Content-Length': '4194304'
    'Content-Type': 'application/octet-stream'
    'Content-Range': 'REDACTED'
    'Last-Modified': 'Mon, 29 Apr 2024 17:07:16 GMT'
    'Accept-Ranges': 'REDACTED'
    'ETag': '"0x8DC686ED2A077F8"'
    'Server': 'Windows-Azure-Blob/1.0 Microsoft-HTTPAPI/2.0'
    'x-ms-request-id': '53f4abc9-001e-003b-2c6a-9a8d3b000000'
    'x-ms-client-request-id': 'a73aeae8-065d-11ef-9ac0-0242c0a8f007'
    'x-ms-version': 'REDACTED'
    'x-ms-creation-time': 'REDACTED'
    'x-ms-lease-status': 'REDACTED'
    'x-ms-lease-state': 'REDACTED'
    'x-ms-blob-type': 'REDACTED'
    'x-ms-server-encrypted': 'REDACTED'
    'Date': 'Mon, 29 Apr 2024 19:21:17 GMT'
[2024-04-29T19:21:18.602+0000] {_universal.py:514} INFO - Request URL: 'https://azureyellowcab.blob.core.windows.net/cabfiles/yellow_tripdata_2011-01.parquet'
Request method: 'GET'
Request headers:
    'x-ms-range': 'REDACTED'
    'If-Match': '"0x8DC686ED2A077F8"'
    'x-ms-version': 'REDACTED'
    'Accept': 'application/xml'
    'User-Agent': 'azsdk-python-storage-blob/12.19.1 Python/3.12.2 (Linux-6.6.22-linuxkit-x86_64-with-glibc2.36)'
    'x-ms-date': 'REDACTED'
    'x-ms-client-request-id': 'a7a3a4a2-065d-11ef-9ac0-0242c0a8f007'
    'Authorization': 'REDACTED'
No body was attached to the request
[2024-04-29T19:21:18.698+0000] {_universal.py:550} INFO - Response status: 206
Response headers:
    'Content-Length': '4194304'
    'Content-Type': 'application/octet-stream'
    'Content-Range': 'REDACTED'
    'Last-Modified': 'Mon, 29 Apr 2024 17:07:16 GMT'
    'Accept-Ranges': 'REDACTED'
    'ETag': '"0x8DC686ED2A077F8"'
    'Server': 'Windows-Azure-Blob/1.0 Microsoft-HTTPAPI/2.0'
    'x-ms-request-id': '53f4ae65-001e-003b-146a-9a8d3b000000'
    'x-ms-client-request-id': 'a7a3a4a2-065d-11ef-9ac0-0242c0a8f007'
    'x-ms-version': 'REDACTED'
    'x-ms-creation-time': 'REDACTED'
    'x-ms-lease-status': 'REDACTED'
    'x-ms-lease-state': 'REDACTED'
    'x-ms-blob-type': 'REDACTED'
    'x-ms-server-encrypted': 'REDACTED'
    'Date': 'Mon, 29 Apr 2024 19:21:18 GMT'
[2024-04-29T19:21:19.295+0000] {_universal.py:514} INFO - Request URL: 'https://azureyellowcab.blob.core.windows.net/cabfiles/yellow_tripdata_2011-01.parquet'
Request method: 'GET'
Request headers:
    'x-ms-range': 'REDACTED'
    'If-Match': '"0x8DC686ED2A077F8"'
    'x-ms-version': 'REDACTED'
    'Accept': 'application/xml'
    'User-Agent': 'azsdk-python-storage-blob/12.19.1 Python/3.12.2 (Linux-6.6.22-linuxkit-x86_64-with-glibc2.36)'
    'x-ms-date': 'REDACTED'
    'x-ms-client-request-id': 'a80d5f8c-065d-11ef-9ac0-0242c0a8f007'
    'Authorization': 'REDACTED'
No body was attached to the request
[2024-04-29T19:21:19.378+0000] {_universal.py:550} INFO - Response status: 206
Response headers:
    'Content-Length': '4194304'
    'Content-Type': 'application/octet-stream'
    'Content-Range': 'REDACTED'
    'Last-Modified': 'Mon, 29 Apr 2024 17:07:16 GMT'
    'Accept-Ranges': 'REDACTED'
    'ETag': '"0x8DC686ED2A077F8"'
    'Server': 'Windows-Azure-Blob/1.0 Microsoft-HTTPAPI/2.0'
    'x-ms-request-id': '53f4b1ca-001e-003b-6a6a-9a8d3b000000'
    'x-ms-client-request-id': 'a80d5f8c-065d-11ef-9ac0-0242c0a8f007'
    'x-ms-version': 'REDACTED'
    'x-ms-creation-time': 'REDACTED'
    'x-ms-lease-status': 'REDACTED'
    'x-ms-lease-state': 'REDACTED'
    'x-ms-blob-type': 'REDACTED'
    'x-ms-server-encrypted': 'REDACTED'
    'Date': 'Mon, 29 Apr 2024 19:21:19 GMT'
[2024-04-29T19:21:20.067+0000] {_universal.py:514} INFO - Request URL: 'https://azureyellowcab.blob.core.windows.net/cabfiles/yellow_tripdata_2011-01.parquet'
Request method: 'GET'
Request headers:
    'x-ms-range': 'REDACTED'
    'If-Match': '"0x8DC686ED2A077F8"'
    'x-ms-version': 'REDACTED'
    'Accept': 'application/xml'
    'User-Agent': 'azsdk-python-storage-blob/12.19.1 Python/3.12.2 (Linux-6.6.22-linuxkit-x86_64-with-glibc2.36)'
    'x-ms-date': 'REDACTED'
    'x-ms-client-request-id': 'a8833658-065d-11ef-9ac0-0242c0a8f007'
    'Authorization': 'REDACTED'
No body was attached to the request
[2024-04-29T19:21:20.145+0000] {_universal.py:550} INFO - Response status: 206
Response headers:
    'Content-Length': '4194304'
    'Content-Type': 'application/octet-stream'
    'Content-Range': 'REDACTED'
    'Last-Modified': 'Mon, 29 Apr 2024 17:07:16 GMT'
    'Accept-Ranges': 'REDACTED'
    'ETag': '"0x8DC686ED2A077F8"'
    'Server': 'Windows-Azure-Blob/1.0 Microsoft-HTTPAPI/2.0'
    'x-ms-request-id': '53f4b5d0-001e-003b-4e6a-9a8d3b000000'
    'x-ms-client-request-id': 'a8833658-065d-11ef-9ac0-0242c0a8f007'
    'x-ms-version': 'REDACTED'
    'x-ms-creation-time': 'REDACTED'
    'x-ms-lease-status': 'REDACTED'
    'x-ms-lease-state': 'REDACTED'
    'x-ms-blob-type': 'REDACTED'
    'x-ms-server-encrypted': 'REDACTED'
    'Date': 'Mon, 29 Apr 2024 19:21:19 GMT'
[2024-04-29T19:21:21.310+0000] {_universal.py:514} INFO - Request URL: 'https://azureyellowcab.blob.core.windows.net/cabfiles/yellow_tripdata_2011-01.parquet'
Request method: 'GET'
Request headers:
    'x-ms-range': 'REDACTED'
    'If-Match': '"0x8DC686ED2A077F8"'
    'x-ms-version': 'REDACTED'
    'Accept': 'application/xml'
    'User-Agent': 'azsdk-python-storage-blob/12.19.1 Python/3.12.2 (Linux-6.6.22-linuxkit-x86_64-with-glibc2.36)'
    'x-ms-date': 'REDACTED'
    'x-ms-client-request-id': 'a940dd8e-065d-11ef-9ac0-0242c0a8f007'
    'Authorization': 'REDACTED'
No body was attached to the request
[2024-04-29T19:21:21.424+0000] {_universal.py:550} INFO - Response status: 206
Response headers:
    'Content-Length': '4194304'
    'Content-Type': 'application/octet-stream'
    'Content-Range': 'REDACTED'
    'Last-Modified': 'Mon, 29 Apr 2024 17:07:16 GMT'
    'Accept-Ranges': 'REDACTED'
    'ETag': '"0x8DC686ED2A077F8"'
    'Server': 'Windows-Azure-Blob/1.0 Microsoft-HTTPAPI/2.0'
    'x-ms-request-id': '53f4bce9-001e-003b-756a-9a8d3b000000'
    'x-ms-client-request-id': 'a940dd8e-065d-11ef-9ac0-0242c0a8f007'
    'x-ms-version': 'REDACTED'
    'x-ms-creation-time': 'REDACTED'
    'x-ms-lease-status': 'REDACTED'
    'x-ms-lease-state': 'REDACTED'
    'x-ms-blob-type': 'REDACTED'
    'x-ms-server-encrypted': 'REDACTED'
    'Date': 'Mon, 29 Apr 2024 19:21:21 GMT'
[2024-04-29T19:21:22.361+0000] {_universal.py:514} INFO - Request URL: 'https://azureyellowcab.blob.core.windows.net/cabfiles/yellow_tripdata_2011-01.parquet'
Request method: 'GET'
Request headers:
    'x-ms-range': 'REDACTED'
    'If-Match': '"0x8DC686ED2A077F8"'
    'x-ms-version': 'REDACTED'
    'Accept': 'application/xml'
    'User-Agent': 'azsdk-python-storage-blob/12.19.1 Python/3.12.2 (Linux-6.6.22-linuxkit-x86_64-with-glibc2.36)'
    'x-ms-date': 'REDACTED'
    'x-ms-client-request-id': 'a9e15480-065d-11ef-9ac0-0242c0a8f007'
    'Authorization': 'REDACTED'
No body was attached to the request
[2024-04-29T19:21:22.567+0000] {_universal.py:550} INFO - Response status: 206
Response headers:
    'Content-Length': '4194304'
    'Content-Type': 'application/octet-stream'
    'Content-Range': 'REDACTED'
    'Last-Modified': 'Mon, 29 Apr 2024 17:07:16 GMT'
    'Accept-Ranges': 'REDACTED'
    'ETag': '"0x8DC686ED2A077F8"'
    'Server': 'Windows-Azure-Blob/1.0 Microsoft-HTTPAPI/2.0'
    'x-ms-request-id': '53f4c370-001e-003b-376a-9a8d3b000000'
    'x-ms-client-request-id': 'a9e15480-065d-11ef-9ac0-0242c0a8f007'
    'x-ms-version': 'REDACTED'
    'x-ms-creation-time': 'REDACTED'
    'x-ms-lease-status': 'REDACTED'
    'x-ms-lease-state': 'REDACTED'
    'x-ms-blob-type': 'REDACTED'
    'x-ms-server-encrypted': 'REDACTED'
    'Date': 'Mon, 29 Apr 2024 19:21:22 GMT'
[2024-04-29T19:21:23.256+0000] {_universal.py:514} INFO - Request URL: 'https://azureyellowcab.blob.core.windows.net/cabfiles/yellow_tripdata_2011-01.parquet'
Request method: 'GET'
Request headers:
    'x-ms-range': 'REDACTED'
    'If-Match': '"0x8DC686ED2A077F8"'
    'x-ms-version': 'REDACTED'
    'Accept': 'application/xml'
    'User-Agent': 'azsdk-python-storage-blob/12.19.1 Python/3.12.2 (Linux-6.6.22-linuxkit-x86_64-with-glibc2.36)'
    'x-ms-date': 'REDACTED'
    'x-ms-client-request-id': 'aa69c982-065d-11ef-9ac0-0242c0a8f007'
    'Authorization': 'REDACTED'
No body was attached to the request
[2024-04-29T19:21:23.396+0000] {_universal.py:550} INFO - Response status: 206
Response headers:
    'Content-Length': '4194304'
    'Content-Type': 'application/octet-stream'
    'Content-Range': 'REDACTED'
    'Last-Modified': 'Mon, 29 Apr 2024 17:07:16 GMT'
    'Accept-Ranges': 'REDACTED'
    'ETag': '"0x8DC686ED2A077F8"'
    'Server': 'Windows-Azure-Blob/1.0 Microsoft-HTTPAPI/2.0'
    'x-ms-request-id': '53f4c985-001e-003b-4a6a-9a8d3b000000'
    'x-ms-client-request-id': 'aa69c982-065d-11ef-9ac0-0242c0a8f007'
    'x-ms-version': 'REDACTED'
    'x-ms-creation-time': 'REDACTED'
    'x-ms-lease-status': 'REDACTED'
    'x-ms-lease-state': 'REDACTED'
    'x-ms-blob-type': 'REDACTED'
    'x-ms-server-encrypted': 'REDACTED'
    'Date': 'Mon, 29 Apr 2024 19:21:23 GMT'
[2024-04-29T19:21:24.086+0000] {_universal.py:514} INFO - Request URL: 'https://azureyellowcab.blob.core.windows.net/cabfiles/yellow_tripdata_2011-01.parquet'
Request method: 'GET'
Request headers:
    'x-ms-range': 'REDACTED'
    'If-Match': '"0x8DC686ED2A077F8"'
    'x-ms-version': 'REDACTED'
    'Accept': 'application/xml'
    'User-Agent': 'azsdk-python-storage-blob/12.19.1 Python/3.12.2 (Linux-6.6.22-linuxkit-x86_64-with-glibc2.36)'
    'x-ms-date': 'REDACTED'
    'x-ms-client-request-id': 'aae866b6-065d-11ef-9ac0-0242c0a8f007'
    'Authorization': 'REDACTED'
No body was attached to the request
[2024-04-29T19:21:24.218+0000] {_universal.py:550} INFO - Response status: 206
Response headers:
    'Content-Length': '4194304'
    'Content-Type': 'application/octet-stream'
    'Content-Range': 'REDACTED'
    'Last-Modified': 'Mon, 29 Apr 2024 17:07:16 GMT'
    'Accept-Ranges': 'REDACTED'
    'ETag': '"0x8DC686ED2A077F8"'
    'Server': 'Windows-Azure-Blob/1.0 Microsoft-HTTPAPI/2.0'
    'x-ms-request-id': '53f4cec6-001e-003b-536a-9a8d3b000000'
    'x-ms-client-request-id': 'aae866b6-065d-11ef-9ac0-0242c0a8f007'
    'x-ms-version': 'REDACTED'
    'x-ms-creation-time': 'REDACTED'
    'x-ms-lease-status': 'REDACTED'
    'x-ms-lease-state': 'REDACTED'
    'x-ms-blob-type': 'REDACTED'
    'x-ms-server-encrypted': 'REDACTED'
    'Date': 'Mon, 29 Apr 2024 19:21:24 GMT'
[2024-04-29T19:21:24.908+0000] {_universal.py:514} INFO - Request URL: 'https://azureyellowcab.blob.core.windows.net/cabfiles/yellow_tripdata_2011-01.parquet'
Request method: 'GET'
Request headers:
    'x-ms-range': 'REDACTED'
    'If-Match': '"0x8DC686ED2A077F8"'
    'x-ms-version': 'REDACTED'
    'Accept': 'application/xml'
    'User-Agent': 'azsdk-python-storage-blob/12.19.1 Python/3.12.2 (Linux-6.6.22-linuxkit-x86_64-with-glibc2.36)'
    'x-ms-date': 'REDACTED'
    'x-ms-client-request-id': 'ab65df88-065d-11ef-9ac0-0242c0a8f007'
    'Authorization': 'REDACTED'
No body was attached to the request
[2024-04-29T19:21:25.002+0000] {_universal.py:550} INFO - Response status: 206
Response headers:
    'Content-Length': '4194304'
    'Content-Type': 'application/octet-stream'
    'Content-Range': 'REDACTED'
    'Last-Modified': 'Mon, 29 Apr 2024 17:07:16 GMT'
    'Accept-Ranges': 'REDACTED'
    'ETag': '"0x8DC686ED2A077F8"'
    'Server': 'Windows-Azure-Blob/1.0 Microsoft-HTTPAPI/2.0'
    'x-ms-request-id': '53f4d4a3-001e-003b-0e6a-9a8d3b000000'
    'x-ms-client-request-id': 'ab65df88-065d-11ef-9ac0-0242c0a8f007'
    'x-ms-version': 'REDACTED'
    'x-ms-creation-time': 'REDACTED'
    'x-ms-lease-status': 'REDACTED'
    'x-ms-lease-state': 'REDACTED'
    'x-ms-blob-type': 'REDACTED'
    'x-ms-server-encrypted': 'REDACTED'
    'Date': 'Mon, 29 Apr 2024 19:21:24 GMT'
[2024-04-29T19:21:25.672+0000] {_universal.py:514} INFO - Request URL: 'https://azureyellowcab.blob.core.windows.net/cabfiles/yellow_tripdata_2011-01.parquet'
Request method: 'GET'
Request headers:
    'x-ms-range': 'REDACTED'
    'If-Match': '"0x8DC686ED2A077F8"'
    'x-ms-version': 'REDACTED'
    'Accept': 'application/xml'
    'User-Agent': 'azsdk-python-storage-blob/12.19.1 Python/3.12.2 (Linux-6.6.22-linuxkit-x86_64-with-glibc2.36)'
    'x-ms-date': 'REDACTED'
    'x-ms-client-request-id': 'abda8284-065d-11ef-9ac0-0242c0a8f007'
    'Authorization': 'REDACTED'
No body was attached to the request
[2024-04-29T19:21:25.763+0000] {_universal.py:550} INFO - Response status: 206
Response headers:
    'Content-Length': '4194304'
    'Content-Type': 'application/octet-stream'
    'Content-Range': 'REDACTED'
    'Last-Modified': 'Mon, 29 Apr 2024 17:07:16 GMT'
    'Accept-Ranges': 'REDACTED'
    'ETag': '"0x8DC686ED2A077F8"'
    'Server': 'Windows-Azure-Blob/1.0 Microsoft-HTTPAPI/2.0'
    'x-ms-request-id': '53f4da12-001e-003b-6f6a-9a8d3b000000'
    'x-ms-client-request-id': 'abda8284-065d-11ef-9ac0-0242c0a8f007'
    'x-ms-version': 'REDACTED'
    'x-ms-creation-time': 'REDACTED'
    'x-ms-lease-status': 'REDACTED'
    'x-ms-lease-state': 'REDACTED'
    'x-ms-blob-type': 'REDACTED'
    'x-ms-server-encrypted': 'REDACTED'
    'Date': 'Mon, 29 Apr 2024 19:21:25 GMT'
[2024-04-29T19:21:26.447+0000] {_universal.py:514} INFO - Request URL: 'https://azureyellowcab.blob.core.windows.net/cabfiles/yellow_tripdata_2011-01.parquet'
Request method: 'GET'
Request headers:
    'x-ms-range': 'REDACTED'
    'If-Match': '"0x8DC686ED2A077F8"'
    'x-ms-version': 'REDACTED'
    'Accept': 'application/xml'
    'User-Agent': 'azsdk-python-storage-blob/12.19.1 Python/3.12.2 (Linux-6.6.22-linuxkit-x86_64-with-glibc2.36)'
    'x-ms-date': 'REDACTED'
    'x-ms-client-request-id': 'ac50c480-065d-11ef-9ac0-0242c0a8f007'
    'Authorization': 'REDACTED'
No body was attached to the request
[2024-04-29T19:21:26.560+0000] {_universal.py:550} INFO - Response status: 206
Response headers:
    'Content-Length': '4194304'
    'Content-Type': 'application/octet-stream'
    'Content-Range': 'REDACTED'
    'Last-Modified': 'Mon, 29 Apr 2024 17:07:16 GMT'
    'Accept-Ranges': 'REDACTED'
    'ETag': '"0x8DC686ED2A077F8"'
    'Server': 'Windows-Azure-Blob/1.0 Microsoft-HTTPAPI/2.0'
    'x-ms-request-id': '53f4df41-001e-003b-246a-9a8d3b000000'
    'x-ms-client-request-id': 'ac50c480-065d-11ef-9ac0-0242c0a8f007'
    'x-ms-version': 'REDACTED'
    'x-ms-creation-time': 'REDACTED'
    'x-ms-lease-status': 'REDACTED'
    'x-ms-lease-state': 'REDACTED'
    'x-ms-blob-type': 'REDACTED'
    'x-ms-server-encrypted': 'REDACTED'
    'Date': 'Mon, 29 Apr 2024 19:21:26 GMT'
[2024-04-29T19:21:27.259+0000] {_universal.py:514} INFO - Request URL: 'https://azureyellowcab.blob.core.windows.net/cabfiles/yellow_tripdata_2011-01.parquet'
Request method: 'GET'
Request headers:
    'x-ms-range': 'REDACTED'
    'If-Match': '"0x8DC686ED2A077F8"'
    'x-ms-version': 'REDACTED'
    'Accept': 'application/xml'
    'User-Agent': 'azsdk-python-storage-blob/12.19.1 Python/3.12.2 (Linux-6.6.22-linuxkit-x86_64-with-glibc2.36)'
    'x-ms-date': 'REDACTED'
    'x-ms-client-request-id': 'accca15e-065d-11ef-9ac0-0242c0a8f007'
    'Authorization': 'REDACTED'
No body was attached to the request
[2024-04-29T19:21:27.395+0000] {_universal.py:550} INFO - Response status: 206
Response headers:
    'Content-Length': '4194304'
    'Content-Type': 'application/octet-stream'
    'Content-Range': 'REDACTED'
    'Last-Modified': 'Mon, 29 Apr 2024 17:07:16 GMT'
    'Accept-Ranges': 'REDACTED'
    'ETag': '"0x8DC686ED2A077F8"'
    'Server': 'Windows-Azure-Blob/1.0 Microsoft-HTTPAPI/2.0'
    'x-ms-request-id': '53f4e4f2-001e-003b-1f6a-9a8d3b000000'
    'x-ms-client-request-id': 'accca15e-065d-11ef-9ac0-0242c0a8f007'
    'x-ms-version': 'REDACTED'
    'x-ms-creation-time': 'REDACTED'
    'x-ms-lease-status': 'REDACTED'
    'x-ms-lease-state': 'REDACTED'
    'x-ms-blob-type': 'REDACTED'
    'x-ms-server-encrypted': 'REDACTED'
    'Date': 'Mon, 29 Apr 2024 19:21:27 GMT'
[2024-04-29T19:21:28.099+0000] {_universal.py:514} INFO - Request URL: 'https://azureyellowcab.blob.core.windows.net/cabfiles/yellow_tripdata_2011-01.parquet'
Request method: 'GET'
Request headers:
    'x-ms-range': 'REDACTED'
    'If-Match': '"0x8DC686ED2A077F8"'
    'x-ms-version': 'REDACTED'
    'Accept': 'application/xml'
    'User-Agent': 'azsdk-python-storage-blob/12.19.1 Python/3.12.2 (Linux-6.6.22-linuxkit-x86_64-with-glibc2.36)'
    'x-ms-date': 'REDACTED'
    'x-ms-client-request-id': 'ad4ce0d0-065d-11ef-9ac0-0242c0a8f007'
    'Authorization': 'REDACTED'
No body was attached to the request
[2024-04-29T19:21:28.185+0000] {_universal.py:550} INFO - Response status: 206
Response headers:
    'Content-Length': '4194304'
    'Content-Type': 'application/octet-stream'
    'Content-Range': 'REDACTED'
    'Last-Modified': 'Mon, 29 Apr 2024 17:07:16 GMT'
    'Accept-Ranges': 'REDACTED'
    'ETag': '"0x8DC686ED2A077F8"'
    'Server': 'Windows-Azure-Blob/1.0 Microsoft-HTTPAPI/2.0'
    'x-ms-request-id': '53f4ea6b-001e-003b-136a-9a8d3b000000'
    'x-ms-client-request-id': 'ad4ce0d0-065d-11ef-9ac0-0242c0a8f007'
    'x-ms-version': 'REDACTED'
    'x-ms-creation-time': 'REDACTED'
    'x-ms-lease-status': 'REDACTED'
    'x-ms-lease-state': 'REDACTED'
    'x-ms-blob-type': 'REDACTED'
    'x-ms-server-encrypted': 'REDACTED'
    'Date': 'Mon, 29 Apr 2024 19:21:28 GMT'
[2024-04-29T19:21:28.863+0000] {_universal.py:514} INFO - Request URL: 'https://azureyellowcab.blob.core.windows.net/cabfiles/yellow_tripdata_2011-01.parquet'
Request method: 'GET'
Request headers:
    'x-ms-range': 'REDACTED'
    'If-Match': '"0x8DC686ED2A077F8"'
    'x-ms-version': 'REDACTED'
    'Accept': 'application/xml'
    'User-Agent': 'azsdk-python-storage-blob/12.19.1 Python/3.12.2 (Linux-6.6.22-linuxkit-x86_64-with-glibc2.36)'
    'x-ms-date': 'REDACTED'
    'x-ms-client-request-id': 'adc1675c-065d-11ef-9ac0-0242c0a8f007'
    'Authorization': 'REDACTED'
No body was attached to the request
[2024-04-29T19:21:28.998+0000] {_universal.py:550} INFO - Response status: 206
Response headers:
    'Content-Length': '4194304'
    'Content-Type': 'application/octet-stream'
    'Content-Range': 'REDACTED'
    'Last-Modified': 'Mon, 29 Apr 2024 17:07:16 GMT'
    'Accept-Ranges': 'REDACTED'
    'ETag': '"0x8DC686ED2A077F8"'
    'Server': 'Windows-Azure-Blob/1.0 Microsoft-HTTPAPI/2.0'
    'x-ms-request-id': '53f4f010-001e-003b-2b6a-9a8d3b000000'
    'x-ms-client-request-id': 'adc1675c-065d-11ef-9ac0-0242c0a8f007'
    'x-ms-version': 'REDACTED'
    'x-ms-creation-time': 'REDACTED'
    'x-ms-lease-status': 'REDACTED'
    'x-ms-lease-state': 'REDACTED'
    'x-ms-blob-type': 'REDACTED'
    'x-ms-server-encrypted': 'REDACTED'
    'Date': 'Mon, 29 Apr 2024 19:21:28 GMT'
[2024-04-29T19:21:29.682+0000] {_universal.py:514} INFO - Request URL: 'https://azureyellowcab.blob.core.windows.net/cabfiles/yellow_tripdata_2011-01.parquet'
Request method: 'GET'
Request headers:
    'x-ms-range': 'REDACTED'
    'If-Match': '"0x8DC686ED2A077F8"'
    'x-ms-version': 'REDACTED'
    'Accept': 'application/xml'
    'User-Agent': 'azsdk-python-storage-blob/12.19.1 Python/3.12.2 (Linux-6.6.22-linuxkit-x86_64-with-glibc2.36)'
    'x-ms-date': 'REDACTED'
    'x-ms-client-request-id': 'ae3e56c2-065d-11ef-9ac0-0242c0a8f007'
    'Authorization': 'REDACTED'
No body was attached to the request
[2024-04-29T19:21:29.761+0000] {_universal.py:550} INFO - Response status: 206
Response headers:
    'Content-Length': '4194304'
    'Content-Type': 'application/octet-stream'
    'Content-Range': 'REDACTED'
    'Last-Modified': 'Mon, 29 Apr 2024 17:07:16 GMT'
    'Accept-Ranges': 'REDACTED'
    'ETag': '"0x8DC686ED2A077F8"'
    'Server': 'Windows-Azure-Blob/1.0 Microsoft-HTTPAPI/2.0'
    'x-ms-request-id': '53f4f5ca-001e-003b-586a-9a8d3b000000'
    'x-ms-client-request-id': 'ae3e56c2-065d-11ef-9ac0-0242c0a8f007'
    'x-ms-version': 'REDACTED'
    'x-ms-creation-time': 'REDACTED'
    'x-ms-lease-status': 'REDACTED'
    'x-ms-lease-state': 'REDACTED'
    'x-ms-blob-type': 'REDACTED'
    'x-ms-server-encrypted': 'REDACTED'
    'Date': 'Mon, 29 Apr 2024 19:21:29 GMT'
[2024-04-29T19:21:30.458+0000] {_universal.py:514} INFO - Request URL: 'https://azureyellowcab.blob.core.windows.net/cabfiles/yellow_tripdata_2011-01.parquet'
Request method: 'GET'
Request headers:
    'x-ms-range': 'REDACTED'
    'If-Match': '"0x8DC686ED2A077F8"'
    'x-ms-version': 'REDACTED'
    'Accept': 'application/xml'
    'User-Agent': 'azsdk-python-storage-blob/12.19.1 Python/3.12.2 (Linux-6.6.22-linuxkit-x86_64-with-glibc2.36)'
    'x-ms-date': 'REDACTED'
    'x-ms-client-request-id': 'aeb4bf88-065d-11ef-9ac0-0242c0a8f007'
    'Authorization': 'REDACTED'
No body was attached to the request
[2024-04-29T19:21:30.530+0000] {_universal.py:550} INFO - Response status: 206
Response headers:
    'Content-Length': '4194304'
    'Content-Type': 'application/octet-stream'
    'Content-Range': 'REDACTED'
    'Last-Modified': 'Mon, 29 Apr 2024 17:07:16 GMT'
    'Accept-Ranges': 'REDACTED'
    'ETag': '"0x8DC686ED2A077F8"'
    'Server': 'Windows-Azure-Blob/1.0 Microsoft-HTTPAPI/2.0'
    'x-ms-request-id': '53f4fa53-001e-003b-286a-9a8d3b000000'
    'x-ms-client-request-id': 'aeb4bf88-065d-11ef-9ac0-0242c0a8f007'
    'x-ms-version': 'REDACTED'
    'x-ms-creation-time': 'REDACTED'
    'x-ms-lease-status': 'REDACTED'
    'x-ms-lease-state': 'REDACTED'
    'x-ms-blob-type': 'REDACTED'
    'x-ms-server-encrypted': 'REDACTED'
    'Date': 'Mon, 29 Apr 2024 19:21:30 GMT'
[2024-04-29T19:21:31.239+0000] {_universal.py:514} INFO - Request URL: 'https://azureyellowcab.blob.core.windows.net/cabfiles/yellow_tripdata_2011-01.parquet'
Request method: 'GET'
Request headers:
    'x-ms-range': 'REDACTED'
    'If-Match': '"0x8DC686ED2A077F8"'
    'x-ms-version': 'REDACTED'
    'Accept': 'application/xml'
    'User-Agent': 'azsdk-python-storage-blob/12.19.1 Python/3.12.2 (Linux-6.6.22-linuxkit-x86_64-with-glibc2.36)'
    'x-ms-date': 'REDACTED'
    'x-ms-client-request-id': 'af2bd9f6-065d-11ef-9ac0-0242c0a8f007'
    'Authorization': 'REDACTED'
No body was attached to the request
[2024-04-29T19:21:31.339+0000] {_universal.py:550} INFO - Response status: 206
Response headers:
    'Content-Length': '4194304'
    'Content-Type': 'application/octet-stream'
    'Content-Range': 'REDACTED'
    'Last-Modified': 'Mon, 29 Apr 2024 17:07:16 GMT'
    'Accept-Ranges': 'REDACTED'
    'ETag': '"0x8DC686ED2A077F8"'
    'Server': 'Windows-Azure-Blob/1.0 Microsoft-HTTPAPI/2.0'
    'x-ms-request-id': '53f4fe95-001e-003b-4a6a-9a8d3b000000'
    'x-ms-client-request-id': 'af2bd9f6-065d-11ef-9ac0-0242c0a8f007'
    'x-ms-version': 'REDACTED'
    'x-ms-creation-time': 'REDACTED'
    'x-ms-lease-status': 'REDACTED'
    'x-ms-lease-state': 'REDACTED'
    'x-ms-blob-type': 'REDACTED'
    'x-ms-server-encrypted': 'REDACTED'
    'Date': 'Mon, 29 Apr 2024 19:21:31 GMT'
[2024-04-29T19:21:31.997+0000] {_universal.py:514} INFO - Request URL: 'https://azureyellowcab.blob.core.windows.net/cabfiles/yellow_tripdata_2011-01.parquet'
Request method: 'GET'
Request headers:
    'x-ms-range': 'REDACTED'
    'If-Match': '"0x8DC686ED2A077F8"'
    'x-ms-version': 'REDACTED'
    'Accept': 'application/xml'
    'User-Agent': 'azsdk-python-storage-blob/12.19.1 Python/3.12.2 (Linux-6.6.22-linuxkit-x86_64-with-glibc2.36)'
    'x-ms-date': 'REDACTED'
    'x-ms-client-request-id': 'af9f8d92-065d-11ef-9ac0-0242c0a8f007'
    'Authorization': 'REDACTED'
No body was attached to the request
[2024-04-29T19:21:32.093+0000] {_universal.py:550} INFO - Response status: 206
Response headers:
    'Content-Length': '4194304'
    'Content-Type': 'application/octet-stream'
    'Content-Range': 'REDACTED'
    'Last-Modified': 'Mon, 29 Apr 2024 17:07:16 GMT'
    'Accept-Ranges': 'REDACTED'
    'ETag': '"0x8DC686ED2A077F8"'
    'Server': 'Windows-Azure-Blob/1.0 Microsoft-HTTPAPI/2.0'
    'x-ms-request-id': '53f50235-001e-003b-0e6a-9a8d3b000000'
    'x-ms-client-request-id': 'af9f8d92-065d-11ef-9ac0-0242c0a8f007'
    'x-ms-version': 'REDACTED'
    'x-ms-creation-time': 'REDACTED'
    'x-ms-lease-status': 'REDACTED'
    'x-ms-lease-state': 'REDACTED'
    'x-ms-blob-type': 'REDACTED'
    'x-ms-server-encrypted': 'REDACTED'
    'Date': 'Mon, 29 Apr 2024 19:21:31 GMT'
[2024-04-29T19:21:32.702+0000] {_universal.py:514} INFO - Request URL: 'https://azureyellowcab.blob.core.windows.net/cabfiles/yellow_tripdata_2011-01.parquet'
Request method: 'GET'
Request headers:
    'x-ms-range': 'REDACTED'
    'If-Match': '"0x8DC686ED2A077F8"'
    'x-ms-version': 'REDACTED'
    'Accept': 'application/xml'
    'User-Agent': 'azsdk-python-storage-blob/12.19.1 Python/3.12.2 (Linux-6.6.22-linuxkit-x86_64-with-glibc2.36)'
    'x-ms-date': 'REDACTED'
    'x-ms-client-request-id': 'b00b365a-065d-11ef-9ac0-0242c0a8f007'
    'Authorization': 'REDACTED'
No body was attached to the request
[2024-04-29T19:21:32.793+0000] {_universal.py:550} INFO - Response status: 206
Response headers:
    'Content-Length': '4194304'
    'Content-Type': 'application/octet-stream'
    'Content-Range': 'REDACTED'
    'Last-Modified': 'Mon, 29 Apr 2024 17:07:16 GMT'
    'Accept-Ranges': 'REDACTED'
    'ETag': '"0x8DC686ED2A077F8"'
    'Server': 'Windows-Azure-Blob/1.0 Microsoft-HTTPAPI/2.0'
    'x-ms-request-id': '53f50611-001e-003b-096a-9a8d3b000000'
    'x-ms-client-request-id': 'b00b365a-065d-11ef-9ac0-0242c0a8f007'
    'x-ms-version': 'REDACTED'
    'x-ms-creation-time': 'REDACTED'
    'x-ms-lease-status': 'REDACTED'
    'x-ms-lease-state': 'REDACTED'
    'x-ms-blob-type': 'REDACTED'
    'x-ms-server-encrypted': 'REDACTED'
    'Date': 'Mon, 29 Apr 2024 19:21:32 GMT'
[2024-04-29T19:21:33.392+0000] {_universal.py:514} INFO - Request URL: 'https://azureyellowcab.blob.core.windows.net/cabfiles/yellow_tripdata_2011-01.parquet'
Request method: 'GET'
Request headers:
    'x-ms-range': 'REDACTED'
    'If-Match': '"0x8DC686ED2A077F8"'
    'x-ms-version': 'REDACTED'
    'Accept': 'application/xml'
    'User-Agent': 'azsdk-python-storage-blob/12.19.1 Python/3.12.2 (Linux-6.6.22-linuxkit-x86_64-with-glibc2.36)'
    'x-ms-date': 'REDACTED'
    'x-ms-client-request-id': 'b0747ee4-065d-11ef-9ac0-0242c0a8f007'
    'Authorization': 'REDACTED'
No body was attached to the request
[2024-04-29T19:21:33.529+0000] {_universal.py:550} INFO - Response status: 206
Response headers:
    'Content-Length': '4194304'
    'Content-Type': 'application/octet-stream'
    'Content-Range': 'REDACTED'
    'Last-Modified': 'Mon, 29 Apr 2024 17:07:16 GMT'
    'Accept-Ranges': 'REDACTED'
    'ETag': '"0x8DC686ED2A077F8"'
    'Server': 'Windows-Azure-Blob/1.0 Microsoft-HTTPAPI/2.0'
    'x-ms-request-id': '53f509d8-001e-003b-576a-9a8d3b000000'
    'x-ms-client-request-id': 'b0747ee4-065d-11ef-9ac0-0242c0a8f007'
    'x-ms-version': 'REDACTED'
    'x-ms-creation-time': 'REDACTED'
    'x-ms-lease-status': 'REDACTED'
    'x-ms-lease-state': 'REDACTED'
    'x-ms-blob-type': 'REDACTED'
    'x-ms-server-encrypted': 'REDACTED'
    'Date': 'Mon, 29 Apr 2024 19:21:33 GMT'
[2024-04-29T19:21:34.080+0000] {_universal.py:514} INFO - Request URL: 'https://azureyellowcab.blob.core.windows.net/cabfiles/yellow_tripdata_2011-01.parquet'
Request method: 'GET'
Request headers:
    'x-ms-range': 'REDACTED'
    'If-Match': '"0x8DC686ED2A077F8"'
    'x-ms-version': 'REDACTED'
    'Accept': 'application/xml'
    'User-Agent': 'azsdk-python-storage-blob/12.19.1 Python/3.12.2 (Linux-6.6.22-linuxkit-x86_64-with-glibc2.36)'
    'x-ms-date': 'REDACTED'
    'x-ms-client-request-id': 'b0dd6e54-065d-11ef-9ac0-0242c0a8f007'
    'Authorization': 'REDACTED'
No body was attached to the request
[2024-04-29T19:21:34.204+0000] {_universal.py:550} INFO - Response status: 206
Response headers:
    'Content-Length': '4194304'
    'Content-Type': 'application/octet-stream'
    'Content-Range': 'REDACTED'
    'Last-Modified': 'Mon, 29 Apr 2024 17:07:16 GMT'
    'Accept-Ranges': 'REDACTED'
    'ETag': '"0x8DC686ED2A077F8"'
    'Server': 'Windows-Azure-Blob/1.0 Microsoft-HTTPAPI/2.0'
    'x-ms-request-id': '53f50d79-001e-003b-236a-9a8d3b000000'
    'x-ms-client-request-id': 'b0dd6e54-065d-11ef-9ac0-0242c0a8f007'
    'x-ms-version': 'REDACTED'
    'x-ms-creation-time': 'REDACTED'
    'x-ms-lease-status': 'REDACTED'
    'x-ms-lease-state': 'REDACTED'
    'x-ms-blob-type': 'REDACTED'
    'x-ms-server-encrypted': 'REDACTED'
    'Date': 'Mon, 29 Apr 2024 19:21:34 GMT'
[2024-04-29T19:21:34.708+0000] {_universal.py:514} INFO - Request URL: 'https://azureyellowcab.blob.core.windows.net/cabfiles/yellow_tripdata_2011-01.parquet'
Request method: 'GET'
Request headers:
    'x-ms-range': 'REDACTED'
    'If-Match': '"0x8DC686ED2A077F8"'
    'x-ms-version': 'REDACTED'
    'Accept': 'application/xml'
    'User-Agent': 'azsdk-python-storage-blob/12.19.1 Python/3.12.2 (Linux-6.6.22-linuxkit-x86_64-with-glibc2.36)'
    'x-ms-date': 'REDACTED'
    'x-ms-client-request-id': 'b13d2fa6-065d-11ef-9ac0-0242c0a8f007'
    'Authorization': 'REDACTED'
No body was attached to the request
[2024-04-29T19:21:34.847+0000] {_universal.py:550} INFO - Response status: 206
Response headers:
    'Content-Length': '4194304'
    'Content-Type': 'application/octet-stream'
    'Content-Range': 'REDACTED'
    'Last-Modified': 'Mon, 29 Apr 2024 17:07:16 GMT'
    'Accept-Ranges': 'REDACTED'
    'ETag': '"0x8DC686ED2A077F8"'
    'Server': 'Windows-Azure-Blob/1.0 Microsoft-HTTPAPI/2.0'
    'x-ms-request-id': '53f5116a-001e-003b-366a-9a8d3b000000'
    'x-ms-client-request-id': 'b13d2fa6-065d-11ef-9ac0-0242c0a8f007'
    'x-ms-version': 'REDACTED'
    'x-ms-creation-time': 'REDACTED'
    'x-ms-lease-status': 'REDACTED'
    'x-ms-lease-state': 'REDACTED'
    'x-ms-blob-type': 'REDACTED'
    'x-ms-server-encrypted': 'REDACTED'
    'Date': 'Mon, 29 Apr 2024 19:21:34 GMT'
[2024-04-29T19:21:35.306+0000] {_universal.py:514} INFO - Request URL: 'https://azureyellowcab.blob.core.windows.net/cabfiles/yellow_tripdata_2011-01.parquet'
Request method: 'GET'
Request headers:
    'x-ms-range': 'REDACTED'
    'If-Match': '"0x8DC686ED2A077F8"'
    'x-ms-version': 'REDACTED'
    'Accept': 'application/xml'
    'User-Agent': 'azsdk-python-storage-blob/12.19.1 Python/3.12.2 (Linux-6.6.22-linuxkit-x86_64-with-glibc2.36)'
    'x-ms-date': 'REDACTED'
    'x-ms-client-request-id': 'b1988798-065d-11ef-9ac0-0242c0a8f007'
    'Authorization': 'REDACTED'
No body was attached to the request
[2024-04-29T19:21:35.427+0000] {_universal.py:550} INFO - Response status: 206
Response headers:
    'Content-Length': '4194304'
    'Content-Type': 'application/octet-stream'
    'Content-Range': 'REDACTED'
    'Last-Modified': 'Mon, 29 Apr 2024 17:07:16 GMT'
    'Accept-Ranges': 'REDACTED'
    'ETag': '"0x8DC686ED2A077F8"'
    'Server': 'Windows-Azure-Blob/1.0 Microsoft-HTTPAPI/2.0'
    'x-ms-request-id': '53f5155d-001e-003b-506a-9a8d3b000000'
    'x-ms-client-request-id': 'b1988798-065d-11ef-9ac0-0242c0a8f007'
    'x-ms-version': 'REDACTED'
    'x-ms-creation-time': 'REDACTED'
    'x-ms-lease-status': 'REDACTED'
    'x-ms-lease-state': 'REDACTED'
    'x-ms-blob-type': 'REDACTED'
    'x-ms-server-encrypted': 'REDACTED'
    'Date': 'Mon, 29 Apr 2024 19:21:35 GMT'
[2024-04-29T19:21:35.919+0000] {_universal.py:514} INFO - Request URL: 'https://azureyellowcab.blob.core.windows.net/cabfiles/yellow_tripdata_2011-01.parquet'
Request method: 'GET'
Request headers:
    'x-ms-range': 'REDACTED'
    'If-Match': '"0x8DC686ED2A077F8"'
    'x-ms-version': 'REDACTED'
    'Accept': 'application/xml'
    'User-Agent': 'azsdk-python-storage-blob/12.19.1 Python/3.12.2 (Linux-6.6.22-linuxkit-x86_64-with-glibc2.36)'
    'x-ms-date': 'REDACTED'
    'x-ms-client-request-id': 'b1f606ca-065d-11ef-9ac0-0242c0a8f007'
    'Authorization': 'REDACTED'
No body was attached to the request
[2024-04-29T19:21:36.051+0000] {_universal.py:550} INFO - Response status: 206
Response headers:
    'Content-Length': '4194304'
    'Content-Type': 'application/octet-stream'
    'Content-Range': 'REDACTED'
    'Last-Modified': 'Mon, 29 Apr 2024 17:07:16 GMT'
    'Accept-Ranges': 'REDACTED'
    'ETag': '"0x8DC686ED2A077F8"'
    'Server': 'Windows-Azure-Blob/1.0 Microsoft-HTTPAPI/2.0'
    'x-ms-request-id': '53f51928-001e-003b-566a-9a8d3b000000'
    'x-ms-client-request-id': 'b1f606ca-065d-11ef-9ac0-0242c0a8f007'
    'x-ms-version': 'REDACTED'
    'x-ms-creation-time': 'REDACTED'
    'x-ms-lease-status': 'REDACTED'
    'x-ms-lease-state': 'REDACTED'
    'x-ms-blob-type': 'REDACTED'
    'x-ms-server-encrypted': 'REDACTED'
    'Date': 'Mon, 29 Apr 2024 19:21:35 GMT'
[2024-04-29T19:21:36.567+0000] {_universal.py:514} INFO - Request URL: 'https://azureyellowcab.blob.core.windows.net/cabfiles/yellow_tripdata_2011-01.parquet'
Request method: 'GET'
Request headers:
    'x-ms-range': 'REDACTED'
    'If-Match': '"0x8DC686ED2A077F8"'
    'x-ms-version': 'REDACTED'
    'Accept': 'application/xml'
    'User-Agent': 'azsdk-python-storage-blob/12.19.1 Python/3.12.2 (Linux-6.6.22-linuxkit-x86_64-with-glibc2.36)'
    'x-ms-date': 'REDACTED'
    'x-ms-client-request-id': 'b258e7c2-065d-11ef-9ac0-0242c0a8f007'
    'Authorization': 'REDACTED'
No body was attached to the request
[2024-04-29T19:21:36.676+0000] {_universal.py:550} INFO - Response status: 206
Response headers:
    'Content-Length': '4194304'
    'Content-Type': 'application/octet-stream'
    'Content-Range': 'REDACTED'
    'Last-Modified': 'Mon, 29 Apr 2024 17:07:16 GMT'
    'Accept-Ranges': 'REDACTED'
    'ETag': '"0x8DC686ED2A077F8"'
    'Server': 'Windows-Azure-Blob/1.0 Microsoft-HTTPAPI/2.0'
    'x-ms-request-id': '53f51cd7-001e-003b-386a-9a8d3b000000'
    'x-ms-client-request-id': 'b258e7c2-065d-11ef-9ac0-0242c0a8f007'
    'x-ms-version': 'REDACTED'
    'x-ms-creation-time': 'REDACTED'
    'x-ms-lease-status': 'REDACTED'
    'x-ms-lease-state': 'REDACTED'
    'x-ms-blob-type': 'REDACTED'
    'x-ms-server-encrypted': 'REDACTED'
    'Date': 'Mon, 29 Apr 2024 19:21:36 GMT'
[2024-04-29T19:21:37.265+0000] {_universal.py:514} INFO - Request URL: 'https://azureyellowcab.blob.core.windows.net/cabfiles/yellow_tripdata_2011-01.parquet'
Request method: 'GET'
Request headers:
    'x-ms-range': 'REDACTED'
    'If-Match': '"0x8DC686ED2A077F8"'
    'x-ms-version': 'REDACTED'
    'Accept': 'application/xml'
    'User-Agent': 'azsdk-python-storage-blob/12.19.1 Python/3.12.2 (Linux-6.6.22-linuxkit-x86_64-with-glibc2.36)'
    'x-ms-date': 'REDACTED'
    'x-ms-client-request-id': 'b2c37c54-065d-11ef-9ac0-0242c0a8f007'
    'Authorization': 'REDACTED'
No body was attached to the request
[2024-04-29T19:21:37.379+0000] {_universal.py:550} INFO - Response status: 206
Response headers:
    'Content-Length': '4194304'
    'Content-Type': 'application/octet-stream'
    'Content-Range': 'REDACTED'
    'Last-Modified': 'Mon, 29 Apr 2024 17:07:16 GMT'
    'Accept-Ranges': 'REDACTED'
    'ETag': '"0x8DC686ED2A077F8"'
    'Server': 'Windows-Azure-Blob/1.0 Microsoft-HTTPAPI/2.0'
    'x-ms-request-id': '53f520ac-001e-003b-496a-9a8d3b000000'
    'x-ms-client-request-id': 'b2c37c54-065d-11ef-9ac0-0242c0a8f007'
    'x-ms-version': 'REDACTED'
    'x-ms-creation-time': 'REDACTED'
    'x-ms-lease-status': 'REDACTED'
    'x-ms-lease-state': 'REDACTED'
    'x-ms-blob-type': 'REDACTED'
    'x-ms-server-encrypted': 'REDACTED'
    'Date': 'Mon, 29 Apr 2024 19:21:37 GMT'
[2024-04-29T19:21:37.851+0000] {_universal.py:514} INFO - Request URL: 'https://azureyellowcab.blob.core.windows.net/cabfiles/yellow_tripdata_2011-01.parquet'
Request method: 'GET'
Request headers:
    'x-ms-range': 'REDACTED'
    'If-Match': '"0x8DC686ED2A077F8"'
    'x-ms-version': 'REDACTED'
    'Accept': 'application/xml'
    'User-Agent': 'azsdk-python-storage-blob/12.19.1 Python/3.12.2 (Linux-6.6.22-linuxkit-x86_64-with-glibc2.36)'
    'x-ms-date': 'REDACTED'
    'x-ms-client-request-id': 'b31ce5e6-065d-11ef-9ac0-0242c0a8f007'
    'Authorization': 'REDACTED'
No body was attached to the request
[2024-04-29T19:21:37.938+0000] {_universal.py:550} INFO - Response status: 206
Response headers:
    'Content-Length': '4194304'
    'Content-Type': 'application/octet-stream'
    'Content-Range': 'REDACTED'
    'Last-Modified': 'Mon, 29 Apr 2024 17:07:16 GMT'
    'Accept-Ranges': 'REDACTED'
    'ETag': '"0x8DC686ED2A077F8"'
    'Server': 'Windows-Azure-Blob/1.0 Microsoft-HTTPAPI/2.0'
    'x-ms-request-id': '53f523a3-001e-003b-046a-9a8d3b000000'
    'x-ms-client-request-id': 'b31ce5e6-065d-11ef-9ac0-0242c0a8f007'
    'x-ms-version': 'REDACTED'
    'x-ms-creation-time': 'REDACTED'
    'x-ms-lease-status': 'REDACTED'
    'x-ms-lease-state': 'REDACTED'
    'x-ms-blob-type': 'REDACTED'
    'x-ms-server-encrypted': 'REDACTED'
    'Date': 'Mon, 29 Apr 2024 19:21:37 GMT'
[2024-04-29T19:21:38.444+0000] {_universal.py:514} INFO - Request URL: 'https://azureyellowcab.blob.core.windows.net/cabfiles/yellow_tripdata_2011-01.parquet'
Request method: 'GET'
Request headers:
    'x-ms-range': 'REDACTED'
    'If-Match': '"0x8DC686ED2A077F8"'
    'x-ms-version': 'REDACTED'
    'Accept': 'application/xml'
    'User-Agent': 'azsdk-python-storage-blob/12.19.1 Python/3.12.2 (Linux-6.6.22-linuxkit-x86_64-with-glibc2.36)'
    'x-ms-date': 'REDACTED'
    'x-ms-client-request-id': 'b37757f6-065d-11ef-9ac0-0242c0a8f007'
    'Authorization': 'REDACTED'
No body was attached to the request
[2024-04-29T19:21:38.558+0000] {_universal.py:550} INFO - Response status: 206
Response headers:
    'Content-Length': '4194304'
    'Content-Type': 'application/octet-stream'
    'Content-Range': 'REDACTED'
    'Last-Modified': 'Mon, 29 Apr 2024 17:07:16 GMT'
    'Accept-Ranges': 'REDACTED'
    'ETag': '"0x8DC686ED2A077F8"'
    'Server': 'Windows-Azure-Blob/1.0 Microsoft-HTTPAPI/2.0'
    'x-ms-request-id': '53f52728-001e-003b-4f6a-9a8d3b000000'
    'x-ms-client-request-id': 'b37757f6-065d-11ef-9ac0-0242c0a8f007'
    'x-ms-version': 'REDACTED'
    'x-ms-creation-time': 'REDACTED'
    'x-ms-lease-status': 'REDACTED'
    'x-ms-lease-state': 'REDACTED'
    'x-ms-blob-type': 'REDACTED'
    'x-ms-server-encrypted': 'REDACTED'
    'Date': 'Mon, 29 Apr 2024 19:21:38 GMT'
[2024-04-29T19:21:39.098+0000] {_universal.py:514} INFO - Request URL: 'https://azureyellowcab.blob.core.windows.net/cabfiles/yellow_tripdata_2011-01.parquet'
Request method: 'GET'
Request headers:
    'x-ms-range': 'REDACTED'
    'If-Match': '"0x8DC686ED2A077F8"'
    'x-ms-version': 'REDACTED'
    'Accept': 'application/xml'
    'User-Agent': 'azsdk-python-storage-blob/12.19.1 Python/3.12.2 (Linux-6.6.22-linuxkit-x86_64-with-glibc2.36)'
    'x-ms-date': 'REDACTED'
    'x-ms-client-request-id': 'b3db0eb8-065d-11ef-9ac0-0242c0a8f007'
    'Authorization': 'REDACTED'
No body was attached to the request
[2024-04-29T19:21:39.227+0000] {_universal.py:550} INFO - Response status: 206
Response headers:
    'Content-Length': '3601974'
    'Content-Type': 'application/octet-stream'
    'Content-Range': 'REDACTED'
    'Last-Modified': 'Mon, 29 Apr 2024 17:07:16 GMT'
    'Accept-Ranges': 'REDACTED'
    'ETag': '"0x8DC686ED2A077F8"'
    'Server': 'Windows-Azure-Blob/1.0 Microsoft-HTTPAPI/2.0'
    'x-ms-request-id': '53f52b13-001e-003b-076a-9a8d3b000000'
    'x-ms-client-request-id': 'b3db0eb8-065d-11ef-9ac0-0242c0a8f007'
    'x-ms-version': 'REDACTED'
    'x-ms-creation-time': 'REDACTED'
    'x-ms-lease-status': 'REDACTED'
    'x-ms-lease-state': 'REDACTED'
    'x-ms-blob-type': 'REDACTED'
    'x-ms-server-encrypted': 'REDACTED'
    'Date': 'Mon, 29 Apr 2024 19:21:39 GMT'
[2024-04-29T19:21:39.913+0000] {python.py:237} INFO - Done. Returned value was: load_stage
[2024-04-29T19:21:39.914+0000] {branch.py:36} INFO - Branch into load_stage
[2024-04-29T19:21:39.914+0000] {skipmixin.py:178} INFO - Following branch load_stage
[2024-04-29T19:21:39.930+0000] {skipmixin.py:246} INFO - Skipping tasks [('file_exception', -1)]
[2024-04-29T19:21:39.951+0000] {taskinstance.py:441} INFO - ::group::Post task execution logs
[2024-04-29T19:21:39.970+0000] {taskinstance.py:1205} INFO - Marking task as SUCCESS. dag_id=dag_yellow_cab, task_id=download_file, execution_date=20240429T192105, start_date=20240429T192110, end_date=20240429T192139
[2024-04-29T19:21:39.993+0000] {local_task_job_runner.py:240} INFO - Task exited with return code 0
[2024-04-29T19:21:40.002+0000] {warnings.py:110} WARNING - /home/***/.local/lib/python3.12/site-packages/***/models/baseoperator.py:1296: AirflowProviderDeprecationWarning: Call to deprecated class SnowflakeOperator. (This class is deprecated. Please use `***.providers.common.sql.operators.sql.SQLExecuteQueryOperator`. Also, you can provide `hook_params={'warehouse': <warehouse>, 'database': <database>, 'role': <role>, 'schema': <schema>, 'authenticator': <authenticator>,'session_parameters': <session_parameters>}`.)
  result = cls.__new__(cls)

[2024-04-29T19:21:40.025+0000] {taskinstance.py:3482} INFO - 1 downstream tasks scheduled from follow-on schedule check
[2024-04-29T19:21:40.027+0000] {local_task_job_runner.py:222} INFO - ::endgroup::
