[2024-04-30T05:17:00.344+0000] {local_task_job_runner.py:120} INFO - ::group::Pre task execution logs
[2024-04-30T05:17:00.364+0000] {taskinstance.py:2073} INFO - Dependencies all met for dep_context=non-requeueable deps ti=<TaskInstance: dag_yellow_cab.load_data manual__2024-04-30T05:16:26.881568+00:00 [queued]>
[2024-04-30T05:17:00.372+0000] {taskinstance.py:2073} INFO - Dependencies all met for dep_context=requeueable deps ti=<TaskInstance: dag_yellow_cab.load_data manual__2024-04-30T05:16:26.881568+00:00 [queued]>
[2024-04-30T05:17:00.373+0000] {taskinstance.py:2303} INFO - Starting attempt 1 of 1
[2024-04-30T05:17:00.385+0000] {taskinstance.py:2327} INFO - Executing <Task(PythonOperator): load_data> on 2024-04-30 05:16:26.881568+00:00
[2024-04-30T05:17:00.391+0000] {warnings.py:110} WARNING - /home/***/.local/lib/python3.12/site-packages/***/task/task_runner/standard_task_runner.py:61: DeprecationWarning: This process (pid=224) is multi-threaded, use of fork() may lead to deadlocks in the child.
  pid = os.fork()

[2024-04-30T05:17:00.393+0000] {standard_task_runner.py:63} INFO - Started process 226 to run task
[2024-04-30T05:17:00.393+0000] {standard_task_runner.py:90} INFO - Running: ['***', 'tasks', 'run', 'dag_yellow_cab', 'load_data', 'manual__2024-04-30T05:16:26.881568+00:00', '--job-id', '180', '--raw', '--subdir', 'DAGS_FOLDER/dag.py', '--cfg-path', '/tmp/tmpg6x4nk6_']
[2024-04-30T05:17:00.397+0000] {standard_task_runner.py:91} INFO - Job 180: Subtask load_data
[2024-04-30T05:17:00.447+0000] {task_command.py:426} INFO - Running <TaskInstance: dag_yellow_cab.load_data manual__2024-04-30T05:16:26.881568+00:00 [running]> on host e36dc0515470
[2024-04-30T05:17:00.539+0000] {taskinstance.py:2644} INFO - Exporting env vars: AIRFLOW_CTX_DAG_OWNER='***' AIRFLOW_CTX_DAG_ID='dag_yellow_cab' AIRFLOW_CTX_TASK_ID='load_data' AIRFLOW_CTX_EXECUTION_DATE='2024-04-30T05:16:26.881568+00:00' AIRFLOW_CTX_TRY_NUMBER='1' AIRFLOW_CTX_DAG_RUN_ID='manual__2024-04-30T05:16:26.881568+00:00'
[2024-04-30T05:17:00.540+0000] {taskinstance.py:430} INFO - ::endgroup::
[2024-04-30T05:17:00.553+0000] {logging_mixin.py:188} INFO - passed engine creation
[2024-04-30T05:17:00.555+0000] {logging_mixin.py:188} INFO - enter for loop
[2024-04-30T05:17:00.555+0000] {logging_mixin.py:188} INFO - enter for loop
[2024-04-30T05:17:00.556+0000] {logging_mixin.py:188} INFO - enter if loop
[2024-04-30T05:17:00.556+0000] {logging_mixin.py:188} INFO - enter file_upload function
[2024-04-30T05:17:02.503+0000] {local_task_job_runner.py:240} INFO - Task exited with return code -9
[2024-04-30T05:17:02.544+0000] {taskinstance.py:3482} INFO - 0 downstream tasks scheduled from follow-on schedule check
[2024-04-30T05:17:02.547+0000] {local_task_job_runner.py:222} INFO - ::endgroup::
