[2024-05-02T00:00:02.262+0000] {local_task_job_runner.py:120} INFO - ::group::Pre task execution logs
[2024-05-02T00:00:02.282+0000] {taskinstance.py:2073} INFO - Dependencies all met for dep_context=non-requeueable deps ti=<TaskInstance: dag_yellow_cab.request_file scheduled__2024-05-01T00:00:00+00:00 [queued]>
[2024-05-02T00:00:02.289+0000] {taskinstance.py:2073} INFO - Dependencies all met for dep_context=requeueable deps ti=<TaskInstance: dag_yellow_cab.request_file scheduled__2024-05-01T00:00:00+00:00 [queued]>
[2024-05-02T00:00:02.289+0000] {taskinstance.py:2303} INFO - Starting attempt 1 of 1
[2024-05-02T00:00:02.301+0000] {taskinstance.py:2327} INFO - Executing <Task(PythonOperator): request_file> on 2024-05-01 00:00:00+00:00
[2024-05-02T00:00:02.307+0000] {warnings.py:110} WARNING - /home/***/.local/lib/python3.12/site-packages/***/task/task_runner/standard_task_runner.py:61: DeprecationWarning: This process (pid=490) is multi-threaded, use of fork() may lead to deadlocks in the child.
  pid = os.fork()

[2024-05-02T00:00:02.309+0000] {standard_task_runner.py:63} INFO - Started process 492 to run task
[2024-05-02T00:00:02.309+0000] {standard_task_runner.py:90} INFO - Running: ['***', 'tasks', 'run', 'dag_yellow_cab', 'request_file', 'scheduled__2024-05-01T00:00:00+00:00', '--job-id', '21', '--raw', '--subdir', 'DAGS_FOLDER/dag.py', '--cfg-path', '/tmp/tmpjaafbdm6']
[2024-05-02T00:00:02.311+0000] {standard_task_runner.py:91} INFO - Job 21: Subtask request_file
[2024-05-02T00:00:02.359+0000] {task_command.py:426} INFO - Running <TaskInstance: dag_yellow_cab.request_file scheduled__2024-05-01T00:00:00+00:00 [running]> on host cfaf22ab3131
[2024-05-02T00:00:02.438+0000] {taskinstance.py:2644} INFO - Exporting env vars: AIRFLOW_CTX_DAG_OWNER='***' AIRFLOW_CTX_DAG_ID='dag_yellow_cab' AIRFLOW_CTX_TASK_ID='request_file' AIRFLOW_CTX_EXECUTION_DATE='2024-05-01T00:00:00+00:00' AIRFLOW_CTX_TRY_NUMBER='1' AIRFLOW_CTX_DAG_RUN_ID='scheduled__2024-05-01T00:00:00+00:00'
[2024-05-02T00:00:02.439+0000] {taskinstance.py:430} INFO - ::endgroup::
[2024-05-02T00:00:02.454+0000] {scripts.py:12} INFO - Downloading files
[2024-05-02T00:00:02.458+0000] {_universal.py:514} INFO - Request URL: 'https://azureyellowcab.blob.core.windows.net/cabfiles?restype=REDACTED&comp=REDACTED'
Request method: 'GET'
Request headers:
    'x-ms-version': 'REDACTED'
    'Accept': 'application/xml'
    'User-Agent': 'azsdk-python-storage-blob/12.19.1 Python/3.12.2 (Linux-6.6.22-linuxkit-x86_64-with-glibc2.36)'
    'x-ms-date': 'REDACTED'
    'x-ms-client-request-id': 'eca8ffce-0816-11ef-b48c-0242c0a80005'
    'Authorization': 'REDACTED'
No body was attached to the request
[2024-05-02T00:00:02.875+0000] {_universal.py:550} INFO - Response status: 200
Response headers:
    'Transfer-Encoding': 'chunked'
    'Content-Type': 'application/xml'
    'Server': 'Windows-Azure-Blob/1.0 Microsoft-HTTPAPI/2.0'
    'x-ms-request-id': 'db4e99db-201e-0003-1923-9c29fb000000'
    'x-ms-client-request-id': 'eca8ffce-0816-11ef-b48c-0242c0a80005'
    'x-ms-version': 'REDACTED'
    'Date': 'Thu, 02 May 2024 00:00:06 GMT'
[2024-05-02T00:00:02.880+0000] {scripts.py:19} INFO - download completed
[2024-05-02T00:00:02.880+0000] {python.py:237} INFO - Done. Returned value was: None
[2024-05-02T00:00:02.881+0000] {taskinstance.py:441} INFO - ::group::Post task execution logs
[2024-05-02T00:00:02.894+0000] {taskinstance.py:1205} INFO - Marking task as SUCCESS. dag_id=dag_yellow_cab, task_id=request_file, execution_date=20240501T000000, start_date=20240502T000002, end_date=20240502T000002
[2024-05-02T00:00:02.943+0000] {local_task_job_runner.py:240} INFO - Task exited with return code 0
[2024-05-02T00:00:02.971+0000] {taskinstance.py:3482} INFO - 1 downstream tasks scheduled from follow-on schedule check
[2024-05-02T00:00:02.972+0000] {local_task_job_runner.py:222} INFO - ::endgroup::
