[2024-04-30T23:46:41.589+0000] {local_task_job_runner.py:120} INFO - ::group::Pre task execution logs
[2024-04-30T23:46:41.614+0000] {taskinstance.py:2073} INFO - Dependencies all met for dep_context=non-requeueable deps ti=<TaskInstance: dag_yellow_cab.request_file manual__2024-04-30T23:46:36.669548+00:00 [queued]>
[2024-04-30T23:46:41.621+0000] {taskinstance.py:2073} INFO - Dependencies all met for dep_context=requeueable deps ti=<TaskInstance: dag_yellow_cab.request_file manual__2024-04-30T23:46:36.669548+00:00 [queued]>
[2024-04-30T23:46:41.622+0000] {taskinstance.py:2303} INFO - Starting attempt 1 of 1
[2024-04-30T23:46:41.634+0000] {taskinstance.py:2327} INFO - Executing <Task(PythonOperator): request_file> on 2024-04-30 23:46:36.669548+00:00
[2024-04-30T23:46:41.643+0000] {warnings.py:110} WARNING - /home/***/.local/lib/python3.12/site-packages/***/task/task_runner/standard_task_runner.py:61: DeprecationWarning: This process (pid=78) is multi-threaded, use of fork() may lead to deadlocks in the child.
  pid = os.fork()

[2024-04-30T23:46:41.645+0000] {standard_task_runner.py:63} INFO - Started process 80 to run task
[2024-04-30T23:46:41.645+0000] {standard_task_runner.py:90} INFO - Running: ['***', 'tasks', 'run', 'dag_yellow_cab', 'request_file', 'manual__2024-04-30T23:46:36.669548+00:00', '--job-id', '10', '--raw', '--subdir', 'DAGS_FOLDER/dag.py', '--cfg-path', '/tmp/tmpbvu0721g']
[2024-04-30T23:46:41.648+0000] {standard_task_runner.py:91} INFO - Job 10: Subtask request_file
[2024-04-30T23:46:41.693+0000] {task_command.py:426} INFO - Running <TaskInstance: dag_yellow_cab.request_file manual__2024-04-30T23:46:36.669548+00:00 [running]> on host ee85e0733ed4
[2024-04-30T23:46:41.789+0000] {taskinstance.py:2644} INFO - Exporting env vars: AIRFLOW_CTX_DAG_OWNER='***' AIRFLOW_CTX_DAG_ID='dag_yellow_cab' AIRFLOW_CTX_TASK_ID='request_file' AIRFLOW_CTX_EXECUTION_DATE='2024-04-30T23:46:36.669548+00:00' AIRFLOW_CTX_TRY_NUMBER='1' AIRFLOW_CTX_DAG_RUN_ID='manual__2024-04-30T23:46:36.669548+00:00'
[2024-04-30T23:46:41.791+0000] {taskinstance.py:430} INFO - ::endgroup::
[2024-04-30T23:46:41.833+0000] {_universal.py:514} INFO - Request URL: 'https://azureyellowcab.blob.core.windows.net/cabfiles?restype=REDACTED&comp=REDACTED'
Request method: 'GET'
Request headers:
    'x-ms-version': 'REDACTED'
    'Accept': 'application/xml'
    'User-Agent': 'azsdk-python-storage-blob/12.19.1 Python/3.12.2 (Linux-6.6.22-linuxkit-x86_64-with-glibc2.36)'
    'x-ms-date': 'REDACTED'
    'x-ms-client-request-id': 'e50991fa-074b-11ef-9311-0242ac160006'
    'Authorization': 'REDACTED'
No body was attached to the request
[2024-04-30T23:46:42.277+0000] {_universal.py:550} INFO - Response status: 200
Response headers:
    'Transfer-Encoding': 'chunked'
    'Content-Type': 'application/xml'
    'Server': 'Windows-Azure-Blob/1.0 Microsoft-HTTPAPI/2.0'
    'x-ms-request-id': '3d9a5b48-201e-003c-4058-9be158000000'
    'x-ms-client-request-id': 'e50991fa-074b-11ef-9311-0242ac160006'
    'x-ms-version': 'REDACTED'
    'Date': 'Tue, 30 Apr 2024 23:46:45 GMT'
[2024-04-30T23:46:42.294+0000] {_universal.py:514} INFO - Request URL: 'https://azureyellowcab.blob.core.windows.net/cabfiles/yellow_tripdata_2011-01.parquet'
Request method: 'GET'
Request headers:
    'x-ms-range': 'REDACTED'
    'x-ms-version': 'REDACTED'
    'Accept': 'application/xml'
    'User-Agent': 'azsdk-python-storage-blob/12.19.1 Python/3.12.2 (Linux-6.6.22-linuxkit-x86_64-with-glibc2.36)'
    'x-ms-date': 'REDACTED'
    'x-ms-client-request-id': 'e54ffa14-074b-11ef-9311-0242ac160006'
    'Authorization': 'REDACTED'
No body was attached to the request
[2024-04-30T23:46:42.431+0000] {_universal.py:550} INFO - Response status: 206
Response headers:
    'Content-Length': '33554432'
    'Content-Type': 'application/octet-stream'
    'Content-Range': 'REDACTED'
    'Last-Modified': 'Tue, 30 Apr 2024 23:43:19 GMT'
    'Accept-Ranges': 'REDACTED'
    'ETag': '"0x8DC696F50A37A5A"'
    'Server': 'Windows-Azure-Blob/1.0 Microsoft-HTTPAPI/2.0'
    'x-ms-request-id': '3d9a5b73-201e-003c-6358-9be158000000'
    'x-ms-client-request-id': 'e54ffa14-074b-11ef-9311-0242ac160006'
    'x-ms-version': 'REDACTED'
    'x-ms-creation-time': 'REDACTED'
    'x-ms-lease-status': 'REDACTED'
    'x-ms-lease-state': 'REDACTED'
    'x-ms-blob-type': 'REDACTED'
    'x-ms-server-encrypted': 'REDACTED'
    'Date': 'Tue, 30 Apr 2024 23:46:45 GMT'
[2024-04-30T23:46:46.894+0000] {_universal.py:514} INFO - Request URL: 'https://azureyellowcab.blob.core.windows.net/cabfiles/yellow_tripdata_2011-01.parquet'
Request method: 'GET'
Request headers:
    'x-ms-range': 'REDACTED'
    'If-Match': '"0x8DC696F50A37A5A"'
    'x-ms-version': 'REDACTED'
    'Accept': 'application/xml'
    'User-Agent': 'azsdk-python-storage-blob/12.19.1 Python/3.12.2 (Linux-6.6.22-linuxkit-x86_64-with-glibc2.36)'
    'x-ms-date': 'REDACTED'
    'x-ms-client-request-id': 'e80dd64a-074b-11ef-9311-0242ac160006'
    'Authorization': 'REDACTED'
No body was attached to the request
[2024-04-30T23:46:47.017+0000] {_universal.py:550} INFO - Response status: 206
Response headers:
    'Content-Length': '4194304'
    'Content-Type': 'application/octet-stream'
    'Content-Range': 'REDACTED'
    'Last-Modified': 'Tue, 30 Apr 2024 23:43:19 GMT'
    'Accept-Ranges': 'REDACTED'
    'ETag': '"0x8DC696F50A37A5A"'
    'Server': 'Windows-Azure-Blob/1.0 Microsoft-HTTPAPI/2.0'
    'x-ms-request-id': '3d9a69a0-201e-003c-0658-9be158000000'
    'x-ms-client-request-id': 'e80dd64a-074b-11ef-9311-0242ac160006'
    'x-ms-version': 'REDACTED'
    'x-ms-creation-time': 'REDACTED'
    'x-ms-lease-status': 'REDACTED'
    'x-ms-lease-state': 'REDACTED'
    'x-ms-blob-type': 'REDACTED'
    'x-ms-server-encrypted': 'REDACTED'
    'Date': 'Tue, 30 Apr 2024 23:46:49 GMT'
[2024-04-30T23:46:47.526+0000] {_universal.py:514} INFO - Request URL: 'https://azureyellowcab.blob.core.windows.net/cabfiles/yellow_tripdata_2011-01.parquet'
Request method: 'GET'
Request headers:
    'x-ms-range': 'REDACTED'
    'If-Match': '"0x8DC696F50A37A5A"'
    'x-ms-version': 'REDACTED'
    'Accept': 'application/xml'
    'User-Agent': 'azsdk-python-storage-blob/12.19.1 Python/3.12.2 (Linux-6.6.22-linuxkit-x86_64-with-glibc2.36)'
    'x-ms-date': 'REDACTED'
    'x-ms-client-request-id': 'e86e4b56-074b-11ef-9311-0242ac160006'
    'Authorization': 'REDACTED'
No body was attached to the request
[2024-04-30T23:46:47.627+0000] {_universal.py:550} INFO - Response status: 206
Response headers:
    'Content-Length': '4194304'
    'Content-Type': 'application/octet-stream'
    'Content-Range': 'REDACTED'
    'Last-Modified': 'Tue, 30 Apr 2024 23:43:19 GMT'
    'Accept-Ranges': 'REDACTED'
    'ETag': '"0x8DC696F50A37A5A"'
    'Server': 'Windows-Azure-Blob/1.0 Microsoft-HTTPAPI/2.0'
    'x-ms-request-id': '3d9a6b36-201e-003c-6f58-9be158000000'
    'x-ms-client-request-id': 'e86e4b56-074b-11ef-9311-0242ac160006'
    'x-ms-version': 'REDACTED'
    'x-ms-creation-time': 'REDACTED'
    'x-ms-lease-status': 'REDACTED'
    'x-ms-lease-state': 'REDACTED'
    'x-ms-blob-type': 'REDACTED'
    'x-ms-server-encrypted': 'REDACTED'
    'Date': 'Tue, 30 Apr 2024 23:46:50 GMT'
[2024-04-30T23:46:48.170+0000] {_universal.py:514} INFO - Request URL: 'https://azureyellowcab.blob.core.windows.net/cabfiles/yellow_tripdata_2011-01.parquet'
Request method: 'GET'
Request headers:
    'x-ms-range': 'REDACTED'
    'If-Match': '"0x8DC696F50A37A5A"'
    'x-ms-version': 'REDACTED'
    'Accept': 'application/xml'
    'User-Agent': 'azsdk-python-storage-blob/12.19.1 Python/3.12.2 (Linux-6.6.22-linuxkit-x86_64-with-glibc2.36)'
    'x-ms-date': 'REDACTED'
    'x-ms-client-request-id': 'e8d09c70-074b-11ef-9311-0242ac160006'
    'Authorization': 'REDACTED'
No body was attached to the request
[2024-04-30T23:46:48.275+0000] {_universal.py:550} INFO - Response status: 206
Response headers:
    'Content-Length': '4194304'
    'Content-Type': 'application/octet-stream'
    'Content-Range': 'REDACTED'
    'Last-Modified': 'Tue, 30 Apr 2024 23:43:19 GMT'
    'Accept-Ranges': 'REDACTED'
    'ETag': '"0x8DC696F50A37A5A"'
    'Server': 'Windows-Azure-Blob/1.0 Microsoft-HTTPAPI/2.0'
    'x-ms-request-id': '3d9a6cb1-201e-003c-3a58-9be158000000'
    'x-ms-client-request-id': 'e8d09c70-074b-11ef-9311-0242ac160006'
    'x-ms-version': 'REDACTED'
    'x-ms-creation-time': 'REDACTED'
    'x-ms-lease-status': 'REDACTED'
    'x-ms-lease-state': 'REDACTED'
    'x-ms-blob-type': 'REDACTED'
    'x-ms-server-encrypted': 'REDACTED'
    'Date': 'Tue, 30 Apr 2024 23:46:51 GMT'
[2024-04-30T23:46:48.830+0000] {_universal.py:514} INFO - Request URL: 'https://azureyellowcab.blob.core.windows.net/cabfiles/yellow_tripdata_2011-01.parquet'
Request method: 'GET'
Request headers:
    'x-ms-range': 'REDACTED'
    'If-Match': '"0x8DC696F50A37A5A"'
    'x-ms-version': 'REDACTED'
    'Accept': 'application/xml'
    'User-Agent': 'azsdk-python-storage-blob/12.19.1 Python/3.12.2 (Linux-6.6.22-linuxkit-x86_64-with-glibc2.36)'
    'x-ms-date': 'REDACTED'
    'x-ms-client-request-id': 'e9353f9a-074b-11ef-9311-0242ac160006'
    'Authorization': 'REDACTED'
No body was attached to the request
[2024-04-30T23:46:48.931+0000] {_universal.py:550} INFO - Response status: 206
Response headers:
    'Content-Length': '4194304'
    'Content-Type': 'application/octet-stream'
    'Content-Range': 'REDACTED'
    'Last-Modified': 'Tue, 30 Apr 2024 23:43:19 GMT'
    'Accept-Ranges': 'REDACTED'
    'ETag': '"0x8DC696F50A37A5A"'
    'Server': 'Windows-Azure-Blob/1.0 Microsoft-HTTPAPI/2.0'
    'x-ms-request-id': '3d9a6e8e-201e-003c-5058-9be158000000'
    'x-ms-client-request-id': 'e9353f9a-074b-11ef-9311-0242ac160006'
    'x-ms-version': 'REDACTED'
    'x-ms-creation-time': 'REDACTED'
    'x-ms-lease-status': 'REDACTED'
    'x-ms-lease-state': 'REDACTED'
    'x-ms-blob-type': 'REDACTED'
    'x-ms-server-encrypted': 'REDACTED'
    'Date': 'Tue, 30 Apr 2024 23:46:51 GMT'
[2024-04-30T23:46:49.484+0000] {_universal.py:514} INFO - Request URL: 'https://azureyellowcab.blob.core.windows.net/cabfiles/yellow_tripdata_2011-01.parquet'
Request method: 'GET'
Request headers:
    'x-ms-range': 'REDACTED'
    'If-Match': '"0x8DC696F50A37A5A"'
    'x-ms-version': 'REDACTED'
    'Accept': 'application/xml'
    'User-Agent': 'azsdk-python-storage-blob/12.19.1 Python/3.12.2 (Linux-6.6.22-linuxkit-x86_64-with-glibc2.36)'
    'x-ms-date': 'REDACTED'
    'x-ms-client-request-id': 'e998fc24-074b-11ef-9311-0242ac160006'
    'Authorization': 'REDACTED'
No body was attached to the request
[2024-04-30T23:46:49.604+0000] {_universal.py:550} INFO - Response status: 206
Response headers:
    'Content-Length': '4194304'
    'Content-Type': 'application/octet-stream'
    'Content-Range': 'REDACTED'
    'Last-Modified': 'Tue, 30 Apr 2024 23:43:19 GMT'
    'Accept-Ranges': 'REDACTED'
    'ETag': '"0x8DC696F50A37A5A"'
    'Server': 'Windows-Azure-Blob/1.0 Microsoft-HTTPAPI/2.0'
    'x-ms-request-id': '3d9a700d-201e-003c-1558-9be158000000'
    'x-ms-client-request-id': 'e998fc24-074b-11ef-9311-0242ac160006'
    'x-ms-version': 'REDACTED'
    'x-ms-creation-time': 'REDACTED'
    'x-ms-lease-status': 'REDACTED'
    'x-ms-lease-state': 'REDACTED'
    'x-ms-blob-type': 'REDACTED'
    'x-ms-server-encrypted': 'REDACTED'
    'Date': 'Tue, 30 Apr 2024 23:46:52 GMT'
[2024-04-30T23:46:50.114+0000] {_universal.py:514} INFO - Request URL: 'https://azureyellowcab.blob.core.windows.net/cabfiles/yellow_tripdata_2011-01.parquet'
Request method: 'GET'
Request headers:
    'x-ms-range': 'REDACTED'
    'If-Match': '"0x8DC696F50A37A5A"'
    'x-ms-version': 'REDACTED'
    'Accept': 'application/xml'
    'User-Agent': 'azsdk-python-storage-blob/12.19.1 Python/3.12.2 (Linux-6.6.22-linuxkit-x86_64-with-glibc2.36)'
    'x-ms-date': 'REDACTED'
    'x-ms-client-request-id': 'e9f92162-074b-11ef-9311-0242ac160006'
    'Authorization': 'REDACTED'
No body was attached to the request
[2024-04-30T23:46:50.230+0000] {_universal.py:550} INFO - Response status: 206
Response headers:
    'Content-Length': '4194304'
    'Content-Type': 'application/octet-stream'
    'Content-Range': 'REDACTED'
    'Last-Modified': 'Tue, 30 Apr 2024 23:43:19 GMT'
    'Accept-Ranges': 'REDACTED'
    'ETag': '"0x8DC696F50A37A5A"'
    'Server': 'Windows-Azure-Blob/1.0 Microsoft-HTTPAPI/2.0'
    'x-ms-request-id': '3d9a7226-201e-003c-6c58-9be158000000'
    'x-ms-client-request-id': 'e9f92162-074b-11ef-9311-0242ac160006'
    'x-ms-version': 'REDACTED'
    'x-ms-creation-time': 'REDACTED'
    'x-ms-lease-status': 'REDACTED'
    'x-ms-lease-state': 'REDACTED'
    'x-ms-blob-type': 'REDACTED'
    'x-ms-server-encrypted': 'REDACTED'
    'Date': 'Tue, 30 Apr 2024 23:46:52 GMT'
[2024-04-30T23:46:50.729+0000] {_universal.py:514} INFO - Request URL: 'https://azureyellowcab.blob.core.windows.net/cabfiles/yellow_tripdata_2011-01.parquet'
Request method: 'GET'
Request headers:
    'x-ms-range': 'REDACTED'
    'If-Match': '"0x8DC696F50A37A5A"'
    'x-ms-version': 'REDACTED'
    'Accept': 'application/xml'
    'User-Agent': 'azsdk-python-storage-blob/12.19.1 Python/3.12.2 (Linux-6.6.22-linuxkit-x86_64-with-glibc2.36)'
    'x-ms-date': 'REDACTED'
    'x-ms-client-request-id': 'ea57190c-074b-11ef-9311-0242ac160006'
    'Authorization': 'REDACTED'
No body was attached to the request
[2024-04-30T23:46:50.876+0000] {_universal.py:550} INFO - Response status: 206
Response headers:
    'Content-Length': '4194304'
    'Content-Type': 'application/octet-stream'
    'Content-Range': 'REDACTED'
    'Last-Modified': 'Tue, 30 Apr 2024 23:43:19 GMT'
    'Accept-Ranges': 'REDACTED'
    'ETag': '"0x8DC696F50A37A5A"'
    'Server': 'Windows-Azure-Blob/1.0 Microsoft-HTTPAPI/2.0'
    'x-ms-request-id': '3d9a7408-201e-003c-6d58-9be158000000'
    'x-ms-client-request-id': 'ea57190c-074b-11ef-9311-0242ac160006'
    'x-ms-version': 'REDACTED'
    'x-ms-creation-time': 'REDACTED'
    'x-ms-lease-status': 'REDACTED'
    'x-ms-lease-state': 'REDACTED'
    'x-ms-blob-type': 'REDACTED'
    'x-ms-server-encrypted': 'REDACTED'
    'Date': 'Tue, 30 Apr 2024 23:46:53 GMT'
[2024-04-30T23:46:51.345+0000] {_universal.py:514} INFO - Request URL: 'https://azureyellowcab.blob.core.windows.net/cabfiles/yellow_tripdata_2011-01.parquet'
Request method: 'GET'
Request headers:
    'x-ms-range': 'REDACTED'
    'If-Match': '"0x8DC696F50A37A5A"'
    'x-ms-version': 'REDACTED'
    'Accept': 'application/xml'
    'User-Agent': 'azsdk-python-storage-blob/12.19.1 Python/3.12.2 (Linux-6.6.22-linuxkit-x86_64-with-glibc2.36)'
    'x-ms-date': 'REDACTED'
    'x-ms-client-request-id': 'eab51318-074b-11ef-9311-0242ac160006'
    'Authorization': 'REDACTED'
No body was attached to the request
[2024-04-30T23:46:51.463+0000] {_universal.py:550} INFO - Response status: 206
Response headers:
    'Content-Length': '4194304'
    'Content-Type': 'application/octet-stream'
    'Content-Range': 'REDACTED'
    'Last-Modified': 'Tue, 30 Apr 2024 23:43:19 GMT'
    'Accept-Ranges': 'REDACTED'
    'ETag': '"0x8DC696F50A37A5A"'
    'Server': 'Windows-Azure-Blob/1.0 Microsoft-HTTPAPI/2.0'
    'x-ms-request-id': '3d9a75c7-201e-003c-7858-9be158000000'
    'x-ms-client-request-id': 'eab51318-074b-11ef-9311-0242ac160006'
    'x-ms-version': 'REDACTED'
    'x-ms-creation-time': 'REDACTED'
    'x-ms-lease-status': 'REDACTED'
    'x-ms-lease-state': 'REDACTED'
    'x-ms-blob-type': 'REDACTED'
    'x-ms-server-encrypted': 'REDACTED'
    'Date': 'Tue, 30 Apr 2024 23:46:54 GMT'
[2024-04-30T23:46:51.977+0000] {_universal.py:514} INFO - Request URL: 'https://azureyellowcab.blob.core.windows.net/cabfiles/yellow_tripdata_2011-01.parquet'
Request method: 'GET'
Request headers:
    'x-ms-range': 'REDACTED'
    'If-Match': '"0x8DC696F50A37A5A"'
    'x-ms-version': 'REDACTED'
    'Accept': 'application/xml'
    'User-Agent': 'azsdk-python-storage-blob/12.19.1 Python/3.12.2 (Linux-6.6.22-linuxkit-x86_64-with-glibc2.36)'
    'x-ms-date': 'REDACTED'
    'x-ms-client-request-id': 'eb15873e-074b-11ef-9311-0242ac160006'
    'Authorization': 'REDACTED'
No body was attached to the request
[2024-04-30T23:46:52.092+0000] {_universal.py:550} INFO - Response status: 206
Response headers:
    'Content-Length': '4194304'
    'Content-Type': 'application/octet-stream'
    'Content-Range': 'REDACTED'
    'Last-Modified': 'Tue, 30 Apr 2024 23:43:19 GMT'
    'Accept-Ranges': 'REDACTED'
    'ETag': '"0x8DC696F50A37A5A"'
    'Server': 'Windows-Azure-Blob/1.0 Microsoft-HTTPAPI/2.0'
    'x-ms-request-id': '3d9a7731-201e-003c-3758-9be158000000'
    'x-ms-client-request-id': 'eb15873e-074b-11ef-9311-0242ac160006'
    'x-ms-version': 'REDACTED'
    'x-ms-creation-time': 'REDACTED'
    'x-ms-lease-status': 'REDACTED'
    'x-ms-lease-state': 'REDACTED'
    'x-ms-blob-type': 'REDACTED'
    'x-ms-server-encrypted': 'REDACTED'
    'Date': 'Tue, 30 Apr 2024 23:46:54 GMT'
[2024-04-30T23:46:52.715+0000] {_universal.py:514} INFO - Request URL: 'https://azureyellowcab.blob.core.windows.net/cabfiles/yellow_tripdata_2011-01.parquet'
Request method: 'GET'
Request headers:
    'x-ms-range': 'REDACTED'
    'If-Match': '"0x8DC696F50A37A5A"'
    'x-ms-version': 'REDACTED'
    'Accept': 'application/xml'
    'User-Agent': 'azsdk-python-storage-blob/12.19.1 Python/3.12.2 (Linux-6.6.22-linuxkit-x86_64-with-glibc2.36)'
    'x-ms-date': 'REDACTED'
    'x-ms-client-request-id': 'eb861c1a-074b-11ef-9311-0242ac160006'
    'Authorization': 'REDACTED'
No body was attached to the request
[2024-04-30T23:46:52.837+0000] {_universal.py:550} INFO - Response status: 206
Response headers:
    'Content-Length': '4194304'
    'Content-Type': 'application/octet-stream'
    'Content-Range': 'REDACTED'
    'Last-Modified': 'Tue, 30 Apr 2024 23:43:19 GMT'
    'Accept-Ranges': 'REDACTED'
    'ETag': '"0x8DC696F50A37A5A"'
    'Server': 'Windows-Azure-Blob/1.0 Microsoft-HTTPAPI/2.0'
    'x-ms-request-id': '3d9a7920-201e-003c-6b58-9be158000000'
    'x-ms-client-request-id': 'eb861c1a-074b-11ef-9311-0242ac160006'
    'x-ms-version': 'REDACTED'
    'x-ms-creation-time': 'REDACTED'
    'x-ms-lease-status': 'REDACTED'
    'x-ms-lease-state': 'REDACTED'
    'x-ms-blob-type': 'REDACTED'
    'x-ms-server-encrypted': 'REDACTED'
    'Date': 'Tue, 30 Apr 2024 23:46:55 GMT'
[2024-04-30T23:46:53.269+0000] {_universal.py:514} INFO - Request URL: 'https://azureyellowcab.blob.core.windows.net/cabfiles/yellow_tripdata_2011-01.parquet'
Request method: 'GET'
Request headers:
    'x-ms-range': 'REDACTED'
    'If-Match': '"0x8DC696F50A37A5A"'
    'x-ms-version': 'REDACTED'
    'Accept': 'application/xml'
    'User-Agent': 'azsdk-python-storage-blob/12.19.1 Python/3.12.2 (Linux-6.6.22-linuxkit-x86_64-with-glibc2.36)'
    'x-ms-date': 'REDACTED'
    'x-ms-client-request-id': 'ebdaab40-074b-11ef-9311-0242ac160006'
    'Authorization': 'REDACTED'
No body was attached to the request
[2024-04-30T23:46:53.397+0000] {_universal.py:550} INFO - Response status: 206
Response headers:
    'Content-Length': '4194304'
    'Content-Type': 'application/octet-stream'
    'Content-Range': 'REDACTED'
    'Last-Modified': 'Tue, 30 Apr 2024 23:43:19 GMT'
    'Accept-Ranges': 'REDACTED'
    'ETag': '"0x8DC696F50A37A5A"'
    'Server': 'Windows-Azure-Blob/1.0 Microsoft-HTTPAPI/2.0'
    'x-ms-request-id': '3d9a7ae2-201e-003c-7858-9be158000000'
    'x-ms-client-request-id': 'ebdaab40-074b-11ef-9311-0242ac160006'
    'x-ms-version': 'REDACTED'
    'x-ms-creation-time': 'REDACTED'
    'x-ms-lease-status': 'REDACTED'
    'x-ms-lease-state': 'REDACTED'
    'x-ms-blob-type': 'REDACTED'
    'x-ms-server-encrypted': 'REDACTED'
    'Date': 'Tue, 30 Apr 2024 23:46:56 GMT'
[2024-04-30T23:46:53.820+0000] {_universal.py:514} INFO - Request URL: 'https://azureyellowcab.blob.core.windows.net/cabfiles/yellow_tripdata_2011-01.parquet'
Request method: 'GET'
Request headers:
    'x-ms-range': 'REDACTED'
    'If-Match': '"0x8DC696F50A37A5A"'
    'x-ms-version': 'REDACTED'
    'Accept': 'application/xml'
    'User-Agent': 'azsdk-python-storage-blob/12.19.1 Python/3.12.2 (Linux-6.6.22-linuxkit-x86_64-with-glibc2.36)'
    'x-ms-date': 'REDACTED'
    'x-ms-client-request-id': 'ec2ea6b4-074b-11ef-9311-0242ac160006'
    'Authorization': 'REDACTED'
No body was attached to the request
[2024-04-30T23:46:53.934+0000] {_universal.py:550} INFO - Response status: 206
Response headers:
    'Content-Length': '4194304'
    'Content-Type': 'application/octet-stream'
    'Content-Range': 'REDACTED'
    'Last-Modified': 'Tue, 30 Apr 2024 23:43:19 GMT'
    'Accept-Ranges': 'REDACTED'
    'ETag': '"0x8DC696F50A37A5A"'
    'Server': 'Windows-Azure-Blob/1.0 Microsoft-HTTPAPI/2.0'
    'x-ms-request-id': '3d9a7cb8-201e-003c-2058-9be158000000'
    'x-ms-client-request-id': 'ec2ea6b4-074b-11ef-9311-0242ac160006'
    'x-ms-version': 'REDACTED'
    'x-ms-creation-time': 'REDACTED'
    'x-ms-lease-status': 'REDACTED'
    'x-ms-lease-state': 'REDACTED'
    'x-ms-blob-type': 'REDACTED'
    'x-ms-server-encrypted': 'REDACTED'
    'Date': 'Tue, 30 Apr 2024 23:46:56 GMT'
[2024-04-30T23:46:54.430+0000] {_universal.py:514} INFO - Request URL: 'https://azureyellowcab.blob.core.windows.net/cabfiles/yellow_tripdata_2011-01.parquet'
Request method: 'GET'
Request headers:
    'x-ms-range': 'REDACTED'
    'If-Match': '"0x8DC696F50A37A5A"'
    'x-ms-version': 'REDACTED'
    'Accept': 'application/xml'
    'User-Agent': 'azsdk-python-storage-blob/12.19.1 Python/3.12.2 (Linux-6.6.22-linuxkit-x86_64-with-glibc2.36)'
    'x-ms-date': 'REDACTED'
    'x-ms-client-request-id': 'ec8bd2a8-074b-11ef-9311-0242ac160006'
    'Authorization': 'REDACTED'
No body was attached to the request
[2024-04-30T23:46:54.525+0000] {_universal.py:550} INFO - Response status: 206
Response headers:
    'Content-Length': '4194304'
    'Content-Type': 'application/octet-stream'
    'Content-Range': 'REDACTED'
    'Last-Modified': 'Tue, 30 Apr 2024 23:43:19 GMT'
    'Accept-Ranges': 'REDACTED'
    'ETag': '"0x8DC696F50A37A5A"'
    'Server': 'Windows-Azure-Blob/1.0 Microsoft-HTTPAPI/2.0'
    'x-ms-request-id': '3d9a7ebe-201e-003c-7258-9be158000000'
    'x-ms-client-request-id': 'ec8bd2a8-074b-11ef-9311-0242ac160006'
    'x-ms-version': 'REDACTED'
    'x-ms-creation-time': 'REDACTED'
    'x-ms-lease-status': 'REDACTED'
    'x-ms-lease-state': 'REDACTED'
    'x-ms-blob-type': 'REDACTED'
    'x-ms-server-encrypted': 'REDACTED'
    'Date': 'Tue, 30 Apr 2024 23:46:57 GMT'
[2024-04-30T23:46:54.978+0000] {_universal.py:514} INFO - Request URL: 'https://azureyellowcab.blob.core.windows.net/cabfiles/yellow_tripdata_2011-01.parquet'
Request method: 'GET'
Request headers:
    'x-ms-range': 'REDACTED'
    'If-Match': '"0x8DC696F50A37A5A"'
    'x-ms-version': 'REDACTED'
    'Accept': 'application/xml'
    'User-Agent': 'azsdk-python-storage-blob/12.19.1 Python/3.12.2 (Linux-6.6.22-linuxkit-x86_64-with-glibc2.36)'
    'x-ms-date': 'REDACTED'
    'x-ms-client-request-id': 'ecdf16f2-074b-11ef-9311-0242ac160006'
    'Authorization': 'REDACTED'
No body was attached to the request
[2024-04-30T23:46:55.125+0000] {_universal.py:550} INFO - Response status: 206
Response headers:
    'Content-Length': '4194304'
    'Content-Type': 'application/octet-stream'
    'Content-Range': 'REDACTED'
    'Last-Modified': 'Tue, 30 Apr 2024 23:43:19 GMT'
    'Accept-Ranges': 'REDACTED'
    'ETag': '"0x8DC696F50A37A5A"'
    'Server': 'Windows-Azure-Blob/1.0 Microsoft-HTTPAPI/2.0'
    'x-ms-request-id': '3d9a8094-201e-003c-2258-9be158000000'
    'x-ms-client-request-id': 'ecdf16f2-074b-11ef-9311-0242ac160006'
    'x-ms-version': 'REDACTED'
    'x-ms-creation-time': 'REDACTED'
    'x-ms-lease-status': 'REDACTED'
    'x-ms-lease-state': 'REDACTED'
    'x-ms-blob-type': 'REDACTED'
    'x-ms-server-encrypted': 'REDACTED'
    'Date': 'Tue, 30 Apr 2024 23:46:57 GMT'
[2024-04-30T23:46:55.608+0000] {_universal.py:514} INFO - Request URL: 'https://azureyellowcab.blob.core.windows.net/cabfiles/yellow_tripdata_2011-01.parquet'
Request method: 'GET'
Request headers:
    'x-ms-range': 'REDACTED'
    'If-Match': '"0x8DC696F50A37A5A"'
    'x-ms-version': 'REDACTED'
    'Accept': 'application/xml'
    'User-Agent': 'azsdk-python-storage-blob/12.19.1 Python/3.12.2 (Linux-6.6.22-linuxkit-x86_64-with-glibc2.36)'
    'x-ms-date': 'REDACTED'
    'x-ms-client-request-id': 'ed3f6cdc-074b-11ef-9311-0242ac160006'
    'Authorization': 'REDACTED'
No body was attached to the request
[2024-04-30T23:46:55.689+0000] {_universal.py:550} INFO - Response status: 206
Response headers:
    'Content-Length': '4194304'
    'Content-Type': 'application/octet-stream'
    'Content-Range': 'REDACTED'
    'Last-Modified': 'Tue, 30 Apr 2024 23:43:19 GMT'
    'Accept-Ranges': 'REDACTED'
    'ETag': '"0x8DC696F50A37A5A"'
    'Server': 'Windows-Azure-Blob/1.0 Microsoft-HTTPAPI/2.0'
    'x-ms-request-id': '3d9a827f-201e-003c-6058-9be158000000'
    'x-ms-client-request-id': 'ed3f6cdc-074b-11ef-9311-0242ac160006'
    'x-ms-version': 'REDACTED'
    'x-ms-creation-time': 'REDACTED'
    'x-ms-lease-status': 'REDACTED'
    'x-ms-lease-state': 'REDACTED'
    'x-ms-blob-type': 'REDACTED'
    'x-ms-server-encrypted': 'REDACTED'
    'Date': 'Tue, 30 Apr 2024 23:46:58 GMT'
[2024-04-30T23:46:56.917+0000] {_universal.py:514} INFO - Request URL: 'https://azureyellowcab.blob.core.windows.net/cabfiles/yellow_tripdata_2011-01.parquet'
Request method: 'GET'
Request headers:
    'x-ms-range': 'REDACTED'
    'If-Match': '"0x8DC696F50A37A5A"'
    'x-ms-version': 'REDACTED'
    'Accept': 'application/xml'
    'User-Agent': 'azsdk-python-storage-blob/12.19.1 Python/3.12.2 (Linux-6.6.22-linuxkit-x86_64-with-glibc2.36)'
    'x-ms-date': 'REDACTED'
    'x-ms-client-request-id': 'ee04bc58-074b-11ef-9311-0242ac160006'
    'Authorization': 'REDACTED'
No body was attached to the request
[2024-04-30T23:46:57.089+0000] {_universal.py:550} INFO - Response status: 206
Response headers:
    'Content-Length': '4194304'
    'Content-Type': 'application/octet-stream'
    'Content-Range': 'REDACTED'
    'Last-Modified': 'Tue, 30 Apr 2024 23:43:19 GMT'
    'Accept-Ranges': 'REDACTED'
    'ETag': '"0x8DC696F50A37A5A"'
    'Server': 'Windows-Azure-Blob/1.0 Microsoft-HTTPAPI/2.0'
    'x-ms-request-id': '3d9a86cd-201e-003c-4958-9be158000000'
    'x-ms-client-request-id': 'ee04bc58-074b-11ef-9311-0242ac160006'
    'x-ms-version': 'REDACTED'
    'x-ms-creation-time': 'REDACTED'
    'x-ms-lease-status': 'REDACTED'
    'x-ms-lease-state': 'REDACTED'
    'x-ms-blob-type': 'REDACTED'
    'x-ms-server-encrypted': 'REDACTED'
    'Date': 'Tue, 30 Apr 2024 23:46:59 GMT'
[2024-04-30T23:46:57.973+0000] {_universal.py:514} INFO - Request URL: 'https://azureyellowcab.blob.core.windows.net/cabfiles/yellow_tripdata_2011-01.parquet'
Request method: 'GET'
Request headers:
    'x-ms-range': 'REDACTED'
    'If-Match': '"0x8DC696F50A37A5A"'
    'x-ms-version': 'REDACTED'
    'Accept': 'application/xml'
    'User-Agent': 'azsdk-python-storage-blob/12.19.1 Python/3.12.2 (Linux-6.6.22-linuxkit-x86_64-with-glibc2.36)'
    'x-ms-date': 'REDACTED'
    'x-ms-client-request-id': 'eea6e460-074b-11ef-9311-0242ac160006'
    'Authorization': 'REDACTED'
No body was attached to the request
[2024-04-30T23:46:58.161+0000] {_universal.py:550} INFO - Response status: 206
Response headers:
    'Content-Length': '4194304'
    'Content-Type': 'application/octet-stream'
    'Content-Range': 'REDACTED'
    'Last-Modified': 'Tue, 30 Apr 2024 23:43:19 GMT'
    'Accept-Ranges': 'REDACTED'
    'ETag': '"0x8DC696F50A37A5A"'
    'Server': 'Windows-Azure-Blob/1.0 Microsoft-HTTPAPI/2.0'
    'x-ms-request-id': '3d9a899b-201e-003c-4758-9be158000000'
    'x-ms-client-request-id': 'eea6e460-074b-11ef-9311-0242ac160006'
    'x-ms-version': 'REDACTED'
    'x-ms-creation-time': 'REDACTED'
    'x-ms-lease-status': 'REDACTED'
    'x-ms-lease-state': 'REDACTED'
    'x-ms-blob-type': 'REDACTED'
    'x-ms-server-encrypted': 'REDACTED'
    'Date': 'Tue, 30 Apr 2024 23:47:00 GMT'
[2024-04-30T23:46:59.378+0000] {_universal.py:514} INFO - Request URL: 'https://azureyellowcab.blob.core.windows.net/cabfiles/yellow_tripdata_2011-01.parquet'
Request method: 'GET'
Request headers:
    'x-ms-range': 'REDACTED'
    'If-Match': '"0x8DC696F50A37A5A"'
    'x-ms-version': 'REDACTED'
    'Accept': 'application/xml'
    'User-Agent': 'azsdk-python-storage-blob/12.19.1 Python/3.12.2 (Linux-6.6.22-linuxkit-x86_64-with-glibc2.36)'
    'x-ms-date': 'REDACTED'
    'x-ms-client-request-id': 'ef7ba380-074b-11ef-9311-0242ac160006'
    'Authorization': 'REDACTED'
No body was attached to the request
[2024-04-30T23:46:59.601+0000] {_universal.py:550} INFO - Response status: 206
Response headers:
    'Content-Length': '4194304'
    'Content-Type': 'application/octet-stream'
    'Content-Range': 'REDACTED'
    'Last-Modified': 'Tue, 30 Apr 2024 23:43:19 GMT'
    'Accept-Ranges': 'REDACTED'
    'ETag': '"0x8DC696F50A37A5A"'
    'Server': 'Windows-Azure-Blob/1.0 Microsoft-HTTPAPI/2.0'
    'x-ms-request-id': '3d9a8e0c-201e-003c-3d58-9be158000000'
    'x-ms-client-request-id': 'ef7ba380-074b-11ef-9311-0242ac160006'
    'x-ms-version': 'REDACTED'
    'x-ms-creation-time': 'REDACTED'
    'x-ms-lease-status': 'REDACTED'
    'x-ms-lease-state': 'REDACTED'
    'x-ms-blob-type': 'REDACTED'
    'x-ms-server-encrypted': 'REDACTED'
    'Date': 'Tue, 30 Apr 2024 23:47:02 GMT'
[2024-04-30T23:47:01.416+0000] {_universal.py:514} INFO - Request URL: 'https://azureyellowcab.blob.core.windows.net/cabfiles/yellow_tripdata_2011-01.parquet'
Request method: 'GET'
Request headers:
    'x-ms-range': 'REDACTED'
    'If-Match': '"0x8DC696F50A37A5A"'
    'x-ms-version': 'REDACTED'
    'Accept': 'application/xml'
    'User-Agent': 'azsdk-python-storage-blob/12.19.1 Python/3.12.2 (Linux-6.6.22-linuxkit-x86_64-with-glibc2.36)'
    'x-ms-date': 'REDACTED'
    'x-ms-client-request-id': 'f0b0d5ae-074b-11ef-9311-0242ac160006'
    'Authorization': 'REDACTED'
No body was attached to the request
[2024-04-30T23:47:01.759+0000] {_universal.py:550} INFO - Response status: 206
Response headers:
    'Content-Length': '4194304'
    'Content-Type': 'application/octet-stream'
    'Content-Range': 'REDACTED'
    'Last-Modified': 'Tue, 30 Apr 2024 23:43:19 GMT'
    'Accept-Ranges': 'REDACTED'
    'ETag': '"0x8DC696F50A37A5A"'
    'Server': 'Windows-Azure-Blob/1.0 Microsoft-HTTPAPI/2.0'
    'x-ms-request-id': '3d9a94b3-201e-003c-4358-9be158000000'
    'x-ms-client-request-id': 'f0b0d5ae-074b-11ef-9311-0242ac160006'
    'x-ms-version': 'REDACTED'
    'x-ms-creation-time': 'REDACTED'
    'x-ms-lease-status': 'REDACTED'
    'x-ms-lease-state': 'REDACTED'
    'x-ms-blob-type': 'REDACTED'
    'x-ms-server-encrypted': 'REDACTED'
    'Date': 'Tue, 30 Apr 2024 23:47:04 GMT'
[2024-04-30T23:47:03.518+0000] {_universal.py:514} INFO - Request URL: 'https://azureyellowcab.blob.core.windows.net/cabfiles/yellow_tripdata_2011-01.parquet'
Request method: 'GET'
Request headers:
    'x-ms-range': 'REDACTED'
    'If-Match': '"0x8DC696F50A37A5A"'
    'x-ms-version': 'REDACTED'
    'Accept': 'application/xml'
    'User-Agent': 'azsdk-python-storage-blob/12.19.1 Python/3.12.2 (Linux-6.6.22-linuxkit-x86_64-with-glibc2.36)'
    'x-ms-date': 'REDACTED'
    'x-ms-client-request-id': 'f1f48294-074b-11ef-9311-0242ac160006'
    'Authorization': 'REDACTED'
No body was attached to the request
[2024-04-30T23:47:03.696+0000] {_universal.py:550} INFO - Response status: 206
Response headers:
    'Content-Length': '4194304'
    'Content-Type': 'application/octet-stream'
    'Content-Range': 'REDACTED'
    'Last-Modified': 'Tue, 30 Apr 2024 23:43:19 GMT'
    'Accept-Ranges': 'REDACTED'
    'ETag': '"0x8DC696F50A37A5A"'
    'Server': 'Windows-Azure-Blob/1.0 Microsoft-HTTPAPI/2.0'
    'x-ms-request-id': '3d9a9afb-201e-003c-6c58-9be158000000'
    'x-ms-client-request-id': 'f1f48294-074b-11ef-9311-0242ac160006'
    'x-ms-version': 'REDACTED'
    'x-ms-creation-time': 'REDACTED'
    'x-ms-lease-status': 'REDACTED'
    'x-ms-lease-state': 'REDACTED'
    'x-ms-blob-type': 'REDACTED'
    'x-ms-server-encrypted': 'REDACTED'
    'Date': 'Tue, 30 Apr 2024 23:47:06 GMT'
[2024-04-30T23:47:04.539+0000] {_universal.py:514} INFO - Request URL: 'https://azureyellowcab.blob.core.windows.net/cabfiles/yellow_tripdata_2011-01.parquet'
Request method: 'GET'
Request headers:
    'x-ms-range': 'REDACTED'
    'If-Match': '"0x8DC696F50A37A5A"'
    'x-ms-version': 'REDACTED'
    'Accept': 'application/xml'
    'User-Agent': 'azsdk-python-storage-blob/12.19.1 Python/3.12.2 (Linux-6.6.22-linuxkit-x86_64-with-glibc2.36)'
    'x-ms-date': 'REDACTED'
    'x-ms-client-request-id': 'f290b740-074b-11ef-9311-0242ac160006'
    'Authorization': 'REDACTED'
No body was attached to the request
[2024-04-30T23:47:04.701+0000] {_universal.py:550} INFO - Response status: 206
Response headers:
    'Content-Length': '4194304'
    'Content-Type': 'application/octet-stream'
    'Content-Range': 'REDACTED'
    'Last-Modified': 'Tue, 30 Apr 2024 23:43:19 GMT'
    'Accept-Ranges': 'REDACTED'
    'ETag': '"0x8DC696F50A37A5A"'
    'Server': 'Windows-Azure-Blob/1.0 Microsoft-HTTPAPI/2.0'
    'x-ms-request-id': '3d9a9e0f-201e-003c-4358-9be158000000'
    'x-ms-client-request-id': 'f290b740-074b-11ef-9311-0242ac160006'
    'x-ms-version': 'REDACTED'
    'x-ms-creation-time': 'REDACTED'
    'x-ms-lease-status': 'REDACTED'
    'x-ms-lease-state': 'REDACTED'
    'x-ms-blob-type': 'REDACTED'
    'x-ms-server-encrypted': 'REDACTED'
    'Date': 'Tue, 30 Apr 2024 23:47:07 GMT'
[2024-04-30T23:47:05.276+0000] {_universal.py:514} INFO - Request URL: 'https://azureyellowcab.blob.core.windows.net/cabfiles/yellow_tripdata_2011-01.parquet'
Request method: 'GET'
Request headers:
    'x-ms-range': 'REDACTED'
    'If-Match': '"0x8DC696F50A37A5A"'
    'x-ms-version': 'REDACTED'
    'Accept': 'application/xml'
    'User-Agent': 'azsdk-python-storage-blob/12.19.1 Python/3.12.2 (Linux-6.6.22-linuxkit-x86_64-with-glibc2.36)'
    'x-ms-date': 'REDACTED'
    'x-ms-client-request-id': 'f3009a9c-074b-11ef-9311-0242ac160006'
    'Authorization': 'REDACTED'
No body was attached to the request
[2024-04-30T23:47:05.410+0000] {_universal.py:550} INFO - Response status: 206
Response headers:
    'Content-Length': '4194304'
    'Content-Type': 'application/octet-stream'
    'Content-Range': 'REDACTED'
    'Last-Modified': 'Tue, 30 Apr 2024 23:43:19 GMT'
    'Accept-Ranges': 'REDACTED'
    'ETag': '"0x8DC696F50A37A5A"'
    'Server': 'Windows-Azure-Blob/1.0 Microsoft-HTTPAPI/2.0'
    'x-ms-request-id': '3d9aa13f-201e-003c-3b58-9be158000000'
    'x-ms-client-request-id': 'f3009a9c-074b-11ef-9311-0242ac160006'
    'x-ms-version': 'REDACTED'
    'x-ms-creation-time': 'REDACTED'
    'x-ms-lease-status': 'REDACTED'
    'x-ms-lease-state': 'REDACTED'
    'x-ms-blob-type': 'REDACTED'
    'x-ms-server-encrypted': 'REDACTED'
    'Date': 'Tue, 30 Apr 2024 23:47:08 GMT'
[2024-04-30T23:47:06.288+0000] {_universal.py:514} INFO - Request URL: 'https://azureyellowcab.blob.core.windows.net/cabfiles/yellow_tripdata_2011-01.parquet'
Request method: 'GET'
Request headers:
    'x-ms-range': 'REDACTED'
    'If-Match': '"0x8DC696F50A37A5A"'
    'x-ms-version': 'REDACTED'
    'Accept': 'application/xml'
    'User-Agent': 'azsdk-python-storage-blob/12.19.1 Python/3.12.2 (Linux-6.6.22-linuxkit-x86_64-with-glibc2.36)'
    'x-ms-date': 'REDACTED'
    'x-ms-client-request-id': 'f39b0c6c-074b-11ef-9311-0242ac160006'
    'Authorization': 'REDACTED'
No body was attached to the request
[2024-04-30T23:47:06.463+0000] {_universal.py:550} INFO - Response status: 206
Response headers:
    'Content-Length': '4194304'
    'Content-Type': 'application/octet-stream'
    'Content-Range': 'REDACTED'
    'Last-Modified': 'Tue, 30 Apr 2024 23:43:19 GMT'
    'Accept-Ranges': 'REDACTED'
    'ETag': '"0x8DC696F50A37A5A"'
    'Server': 'Windows-Azure-Blob/1.0 Microsoft-HTTPAPI/2.0'
    'x-ms-request-id': '3d9aa47c-201e-003c-3058-9be158000000'
    'x-ms-client-request-id': 'f39b0c6c-074b-11ef-9311-0242ac160006'
    'x-ms-version': 'REDACTED'
    'x-ms-creation-time': 'REDACTED'
    'x-ms-lease-status': 'REDACTED'
    'x-ms-lease-state': 'REDACTED'
    'x-ms-blob-type': 'REDACTED'
    'x-ms-server-encrypted': 'REDACTED'
    'Date': 'Tue, 30 Apr 2024 23:47:09 GMT'
[2024-04-30T23:47:07.294+0000] {_universal.py:514} INFO - Request URL: 'https://azureyellowcab.blob.core.windows.net/cabfiles/yellow_tripdata_2011-01.parquet'
Request method: 'GET'
Request headers:
    'x-ms-range': 'REDACTED'
    'If-Match': '"0x8DC696F50A37A5A"'
    'x-ms-version': 'REDACTED'
    'Accept': 'application/xml'
    'User-Agent': 'azsdk-python-storage-blob/12.19.1 Python/3.12.2 (Linux-6.6.22-linuxkit-x86_64-with-glibc2.36)'
    'x-ms-date': 'REDACTED'
    'x-ms-client-request-id': 'f436a0dc-074b-11ef-9311-0242ac160006'
    'Authorization': 'REDACTED'
No body was attached to the request
[2024-04-30T23:47:07.429+0000] {_universal.py:550} INFO - Response status: 206
Response headers:
    'Content-Length': '4194304'
    'Content-Type': 'application/octet-stream'
    'Content-Range': 'REDACTED'
    'Last-Modified': 'Tue, 30 Apr 2024 23:43:19 GMT'
    'Accept-Ranges': 'REDACTED'
    'ETag': '"0x8DC696F50A37A5A"'
    'Server': 'Windows-Azure-Blob/1.0 Microsoft-HTTPAPI/2.0'
    'x-ms-request-id': '3d9aa77f-201e-003c-6758-9be158000000'
    'x-ms-client-request-id': 'f436a0dc-074b-11ef-9311-0242ac160006'
    'x-ms-version': 'REDACTED'
    'x-ms-creation-time': 'REDACTED'
    'x-ms-lease-status': 'REDACTED'
    'x-ms-lease-state': 'REDACTED'
    'x-ms-blob-type': 'REDACTED'
    'x-ms-server-encrypted': 'REDACTED'
    'Date': 'Tue, 30 Apr 2024 23:47:10 GMT'
[2024-04-30T23:47:08.613+0000] {_universal.py:514} INFO - Request URL: 'https://azureyellowcab.blob.core.windows.net/cabfiles/yellow_tripdata_2011-01.parquet'
Request method: 'GET'
Request headers:
    'x-ms-range': 'REDACTED'
    'If-Match': '"0x8DC696F50A37A5A"'
    'x-ms-version': 'REDACTED'
    'Accept': 'application/xml'
    'User-Agent': 'azsdk-python-storage-blob/12.19.1 Python/3.12.2 (Linux-6.6.22-linuxkit-x86_64-with-glibc2.36)'
    'x-ms-date': 'REDACTED'
    'x-ms-client-request-id': 'f4fe50be-074b-11ef-9311-0242ac160006'
    'Authorization': 'REDACTED'
No body was attached to the request
[2024-04-30T23:47:08.794+0000] {_universal.py:550} INFO - Response status: 206
Response headers:
    'Content-Length': '4194304'
    'Content-Type': 'application/octet-stream'
    'Content-Range': 'REDACTED'
    'Last-Modified': 'Tue, 30 Apr 2024 23:43:19 GMT'
    'Accept-Ranges': 'REDACTED'
    'ETag': '"0x8DC696F50A37A5A"'
    'Server': 'Windows-Azure-Blob/1.0 Microsoft-HTTPAPI/2.0'
    'x-ms-request-id': '3d9aab8b-201e-003c-0b58-9be158000000'
    'x-ms-client-request-id': 'f4fe50be-074b-11ef-9311-0242ac160006'
    'x-ms-version': 'REDACTED'
    'x-ms-creation-time': 'REDACTED'
    'x-ms-lease-status': 'REDACTED'
    'x-ms-lease-state': 'REDACTED'
    'x-ms-blob-type': 'REDACTED'
    'x-ms-server-encrypted': 'REDACTED'
    'Date': 'Tue, 30 Apr 2024 23:47:11 GMT'
[2024-04-30T23:47:09.713+0000] {_universal.py:514} INFO - Request URL: 'https://azureyellowcab.blob.core.windows.net/cabfiles/yellow_tripdata_2011-01.parquet'
Request method: 'GET'
Request headers:
    'x-ms-range': 'REDACTED'
    'If-Match': '"0x8DC696F50A37A5A"'
    'x-ms-version': 'REDACTED'
    'Accept': 'application/xml'
    'User-Agent': 'azsdk-python-storage-blob/12.19.1 Python/3.12.2 (Linux-6.6.22-linuxkit-x86_64-with-glibc2.36)'
    'x-ms-date': 'REDACTED'
    'x-ms-client-request-id': 'f5a6bfe2-074b-11ef-9311-0242ac160006'
    'Authorization': 'REDACTED'
No body was attached to the request
[2024-04-30T23:47:09.866+0000] {_universal.py:550} INFO - Response status: 206
Response headers:
    'Content-Length': '4194304'
    'Content-Type': 'application/octet-stream'
    'Content-Range': 'REDACTED'
    'Last-Modified': 'Tue, 30 Apr 2024 23:43:19 GMT'
    'Accept-Ranges': 'REDACTED'
    'ETag': '"0x8DC696F50A37A5A"'
    'Server': 'Windows-Azure-Blob/1.0 Microsoft-HTTPAPI/2.0'
    'x-ms-request-id': '3d9aaec9-201e-003c-7d58-9be158000000'
    'x-ms-client-request-id': 'f5a6bfe2-074b-11ef-9311-0242ac160006'
    'x-ms-version': 'REDACTED'
    'x-ms-creation-time': 'REDACTED'
    'x-ms-lease-status': 'REDACTED'
    'x-ms-lease-state': 'REDACTED'
    'x-ms-blob-type': 'REDACTED'
    'x-ms-server-encrypted': 'REDACTED'
    'Date': 'Tue, 30 Apr 2024 23:47:12 GMT'
[2024-04-30T23:47:10.716+0000] {_universal.py:514} INFO - Request URL: 'https://azureyellowcab.blob.core.windows.net/cabfiles/yellow_tripdata_2011-01.parquet'
Request method: 'GET'
Request headers:
    'x-ms-range': 'REDACTED'
    'If-Match': '"0x8DC696F50A37A5A"'
    'x-ms-version': 'REDACTED'
    'Accept': 'application/xml'
    'User-Agent': 'azsdk-python-storage-blob/12.19.1 Python/3.12.2 (Linux-6.6.22-linuxkit-x86_64-with-glibc2.36)'
    'x-ms-date': 'REDACTED'
    'x-ms-client-request-id': 'f64082e4-074b-11ef-9311-0242ac160006'
    'Authorization': 'REDACTED'
No body was attached to the request
[2024-04-30T23:47:10.837+0000] {_universal.py:550} INFO - Response status: 206
Response headers:
    'Content-Length': '4194304'
    'Content-Type': 'application/octet-stream'
    'Content-Range': 'REDACTED'
    'Last-Modified': 'Tue, 30 Apr 2024 23:43:19 GMT'
    'Accept-Ranges': 'REDACTED'
    'ETag': '"0x8DC696F50A37A5A"'
    'Server': 'Windows-Azure-Blob/1.0 Microsoft-HTTPAPI/2.0'
    'x-ms-request-id': '3d9ab220-201e-003c-6e58-9be158000000'
    'x-ms-client-request-id': 'f64082e4-074b-11ef-9311-0242ac160006'
    'x-ms-version': 'REDACTED'
    'x-ms-creation-time': 'REDACTED'
    'x-ms-lease-status': 'REDACTED'
    'x-ms-lease-state': 'REDACTED'
    'x-ms-blob-type': 'REDACTED'
    'x-ms-server-encrypted': 'REDACTED'
    'Date': 'Tue, 30 Apr 2024 23:47:13 GMT'
[2024-04-30T23:47:11.426+0000] {_universal.py:514} INFO - Request URL: 'https://azureyellowcab.blob.core.windows.net/cabfiles/yellow_tripdata_2011-01.parquet'
Request method: 'GET'
Request headers:
    'x-ms-range': 'REDACTED'
    'If-Match': '"0x8DC696F50A37A5A"'
    'x-ms-version': 'REDACTED'
    'Accept': 'application/xml'
    'User-Agent': 'azsdk-python-storage-blob/12.19.1 Python/3.12.2 (Linux-6.6.22-linuxkit-x86_64-with-glibc2.36)'
    'x-ms-date': 'REDACTED'
    'x-ms-client-request-id': 'f6ac17de-074b-11ef-9311-0242ac160006'
    'Authorization': 'REDACTED'
No body was attached to the request
[2024-04-30T23:47:11.551+0000] {_universal.py:550} INFO - Response status: 206
Response headers:
    'Content-Length': '4194304'
    'Content-Type': 'application/octet-stream'
    'Content-Range': 'REDACTED'
    'Last-Modified': 'Tue, 30 Apr 2024 23:43:19 GMT'
    'Accept-Ranges': 'REDACTED'
    'ETag': '"0x8DC696F50A37A5A"'
    'Server': 'Windows-Azure-Blob/1.0 Microsoft-HTTPAPI/2.0'
    'x-ms-request-id': '3d9ab494-201e-003c-2058-9be158000000'
    'x-ms-client-request-id': 'f6ac17de-074b-11ef-9311-0242ac160006'
    'x-ms-version': 'REDACTED'
    'x-ms-creation-time': 'REDACTED'
    'x-ms-lease-status': 'REDACTED'
    'x-ms-lease-state': 'REDACTED'
    'x-ms-blob-type': 'REDACTED'
    'x-ms-server-encrypted': 'REDACTED'
    'Date': 'Tue, 30 Apr 2024 23:47:14 GMT'
[2024-04-30T23:47:11.988+0000] {_universal.py:514} INFO - Request URL: 'https://azureyellowcab.blob.core.windows.net/cabfiles/yellow_tripdata_2011-01.parquet'
Request method: 'GET'
Request headers:
    'x-ms-range': 'REDACTED'
    'If-Match': '"0x8DC696F50A37A5A"'
    'x-ms-version': 'REDACTED'
    'Accept': 'application/xml'
    'User-Agent': 'azsdk-python-storage-blob/12.19.1 Python/3.12.2 (Linux-6.6.22-linuxkit-x86_64-with-glibc2.36)'
    'x-ms-date': 'REDACTED'
    'x-ms-client-request-id': 'f702cf8e-074b-11ef-9311-0242ac160006'
    'Authorization': 'REDACTED'
No body was attached to the request
[2024-04-30T23:47:12.108+0000] {_universal.py:550} INFO - Response status: 206
Response headers:
    'Content-Length': '4194304'
    'Content-Type': 'application/octet-stream'
    'Content-Range': 'REDACTED'
    'Last-Modified': 'Tue, 30 Apr 2024 23:43:19 GMT'
    'Accept-Ranges': 'REDACTED'
    'ETag': '"0x8DC696F50A37A5A"'
    'Server': 'Windows-Azure-Blob/1.0 Microsoft-HTTPAPI/2.0'
    'x-ms-request-id': '3d9ab65c-201e-003c-3c58-9be158000000'
    'x-ms-client-request-id': 'f702cf8e-074b-11ef-9311-0242ac160006'
    'x-ms-version': 'REDACTED'
    'x-ms-creation-time': 'REDACTED'
    'x-ms-lease-status': 'REDACTED'
    'x-ms-lease-state': 'REDACTED'
    'x-ms-blob-type': 'REDACTED'
    'x-ms-server-encrypted': 'REDACTED'
    'Date': 'Tue, 30 Apr 2024 23:47:14 GMT'
[2024-04-30T23:47:12.511+0000] {_universal.py:514} INFO - Request URL: 'https://azureyellowcab.blob.core.windows.net/cabfiles/yellow_tripdata_2011-01.parquet'
Request method: 'GET'
Request headers:
    'x-ms-range': 'REDACTED'
    'If-Match': '"0x8DC696F50A37A5A"'
    'x-ms-version': 'REDACTED'
    'Accept': 'application/xml'
    'User-Agent': 'azsdk-python-storage-blob/12.19.1 Python/3.12.2 (Linux-6.6.22-linuxkit-x86_64-with-glibc2.36)'
    'x-ms-date': 'REDACTED'
    'x-ms-client-request-id': 'f7527962-074b-11ef-9311-0242ac160006'
    'Authorization': 'REDACTED'
No body was attached to the request
[2024-04-30T23:47:12.609+0000] {_universal.py:550} INFO - Response status: 206
Response headers:
    'Content-Length': '4194304'
    'Content-Type': 'application/octet-stream'
    'Content-Range': 'REDACTED'
    'Last-Modified': 'Tue, 30 Apr 2024 23:43:19 GMT'
    'Accept-Ranges': 'REDACTED'
    'ETag': '"0x8DC696F50A37A5A"'
    'Server': 'Windows-Azure-Blob/1.0 Microsoft-HTTPAPI/2.0'
    'x-ms-request-id': '3d9ab7ea-201e-003c-1558-9be158000000'
    'x-ms-client-request-id': 'f7527962-074b-11ef-9311-0242ac160006'
    'x-ms-version': 'REDACTED'
    'x-ms-creation-time': 'REDACTED'
    'x-ms-lease-status': 'REDACTED'
    'x-ms-lease-state': 'REDACTED'
    'x-ms-blob-type': 'REDACTED'
    'x-ms-server-encrypted': 'REDACTED'
    'Date': 'Tue, 30 Apr 2024 23:47:15 GMT'
[2024-04-30T23:47:13.057+0000] {_universal.py:514} INFO - Request URL: 'https://azureyellowcab.blob.core.windows.net/cabfiles/yellow_tripdata_2011-01.parquet'
Request method: 'GET'
Request headers:
    'x-ms-range': 'REDACTED'
    'If-Match': '"0x8DC696F50A37A5A"'
    'x-ms-version': 'REDACTED'
    'Accept': 'application/xml'
    'User-Agent': 'azsdk-python-storage-blob/12.19.1 Python/3.12.2 (Linux-6.6.22-linuxkit-x86_64-with-glibc2.36)'
    'x-ms-date': 'REDACTED'
    'x-ms-client-request-id': 'f7a610ea-074b-11ef-9311-0242ac160006'
    'Authorization': 'REDACTED'
No body was attached to the request
[2024-04-30T23:47:13.153+0000] {_universal.py:550} INFO - Response status: 206
Response headers:
    'Content-Length': '4194304'
    'Content-Type': 'application/octet-stream'
    'Content-Range': 'REDACTED'
    'Last-Modified': 'Tue, 30 Apr 2024 23:43:19 GMT'
    'Accept-Ranges': 'REDACTED'
    'ETag': '"0x8DC696F50A37A5A"'
    'Server': 'Windows-Azure-Blob/1.0 Microsoft-HTTPAPI/2.0'
    'x-ms-request-id': '3d9ab9be-201e-003c-3c58-9be158000000'
    'x-ms-client-request-id': 'f7a610ea-074b-11ef-9311-0242ac160006'
    'x-ms-version': 'REDACTED'
    'x-ms-creation-time': 'REDACTED'
    'x-ms-lease-status': 'REDACTED'
    'x-ms-lease-state': 'REDACTED'
    'x-ms-blob-type': 'REDACTED'
    'x-ms-server-encrypted': 'REDACTED'
    'Date': 'Tue, 30 Apr 2024 23:47:15 GMT'
[2024-04-30T23:47:13.626+0000] {_universal.py:514} INFO - Request URL: 'https://azureyellowcab.blob.core.windows.net/cabfiles/yellow_tripdata_2011-01.parquet'
Request method: 'GET'
Request headers:
    'x-ms-range': 'REDACTED'
    'If-Match': '"0x8DC696F50A37A5A"'
    'x-ms-version': 'REDACTED'
    'Accept': 'application/xml'
    'User-Agent': 'azsdk-python-storage-blob/12.19.1 Python/3.12.2 (Linux-6.6.22-linuxkit-x86_64-with-glibc2.36)'
    'x-ms-date': 'REDACTED'
    'x-ms-client-request-id': 'f7fccf2a-074b-11ef-9311-0242ac160006'
    'Authorization': 'REDACTED'
No body was attached to the request
[2024-04-30T23:47:13.737+0000] {_universal.py:550} INFO - Response status: 206
Response headers:
    'Content-Length': '3601974'
    'Content-Type': 'application/octet-stream'
    'Content-Range': 'REDACTED'
    'Last-Modified': 'Tue, 30 Apr 2024 23:43:19 GMT'
    'Accept-Ranges': 'REDACTED'
    'ETag': '"0x8DC696F50A37A5A"'
    'Server': 'Windows-Azure-Blob/1.0 Microsoft-HTTPAPI/2.0'
    'x-ms-request-id': '3d9abb9b-201e-003c-7f58-9be158000000'
    'x-ms-client-request-id': 'f7fccf2a-074b-11ef-9311-0242ac160006'
    'x-ms-version': 'REDACTED'
    'x-ms-creation-time': 'REDACTED'
    'x-ms-lease-status': 'REDACTED'
    'x-ms-lease-state': 'REDACTED'
    'x-ms-blob-type': 'REDACTED'
    'x-ms-server-encrypted': 'REDACTED'
    'Date': 'Tue, 30 Apr 2024 23:47:16 GMT'
[2024-04-30T23:47:14.575+0000] {_universal.py:514} INFO - Request URL: 'https://azureyellowcab.blob.core.windows.net/cabfiles/yellow_tripdata_2011-01.parquet'
Request method: 'DELETE'
Request headers:
    'x-ms-version': 'REDACTED'
    'Accept': 'application/xml'
    'User-Agent': 'azsdk-python-storage-blob/12.19.1 Python/3.12.2 (Linux-6.6.22-linuxkit-x86_64-with-glibc2.36)'
    'x-ms-date': 'REDACTED'
    'x-ms-client-request-id': 'f88d9b68-074b-11ef-9311-0242ac160006'
    'Authorization': 'REDACTED'
No body was attached to the request
[2024-04-30T23:47:14.644+0000] {_universal.py:550} INFO - Response status: 202
Response headers:
    'Content-Length': '0'
    'Server': 'Windows-Azure-Blob/1.0 Microsoft-HTTPAPI/2.0'
    'x-ms-request-id': '3d9abeec-201e-003c-1458-9be158000000'
    'x-ms-client-request-id': 'f88d9b68-074b-11ef-9311-0242ac160006'
    'x-ms-version': 'REDACTED'
    'x-ms-delete-type-permanent': 'REDACTED'
    'Date': 'Tue, 30 Apr 2024 23:47:17 GMT'
[2024-04-30T23:47:14.645+0000] {python.py:237} INFO - Done. Returned value was: None
[2024-04-30T23:47:14.649+0000] {taskinstance.py:441} INFO - ::group::Post task execution logs
[2024-04-30T23:47:14.679+0000] {taskinstance.py:1205} INFO - Marking task as SUCCESS. dag_id=dag_yellow_cab, task_id=request_file, execution_date=20240430T234636, start_date=20240430T234641, end_date=20240430T234714
[2024-04-30T23:47:14.763+0000] {local_task_job_runner.py:240} INFO - Task exited with return code 0
[2024-04-30T23:47:14.817+0000] {taskinstance.py:3482} INFO - 1 downstream tasks scheduled from follow-on schedule check
[2024-04-30T23:47:14.819+0000] {local_task_job_runner.py:222} INFO - ::endgroup::
