[2024-04-30T21:34:31.292+0000] {local_task_job_runner.py:120} INFO - ::group::Pre task execution logs
[2024-04-30T21:34:31.320+0000] {taskinstance.py:2073} INFO - Dependencies all met for dep_context=non-requeueable deps ti=<TaskInstance: dag_yellow_cab.calculate_mean_time manual__2024-04-30T21:28:37.474619+00:00 [queued]>
[2024-04-30T21:34:31.331+0000] {taskinstance.py:2073} INFO - Dependencies all met for dep_context=requeueable deps ti=<TaskInstance: dag_yellow_cab.calculate_mean_time manual__2024-04-30T21:28:37.474619+00:00 [queued]>
[2024-04-30T21:34:31.331+0000] {taskinstance.py:2303} INFO - Starting attempt 1 of 1
[2024-04-30T21:34:31.347+0000] {taskinstance.py:2327} INFO - Executing <Task(PythonOperator): calculate_mean_time> on 2024-04-30 21:28:37.474619+00:00
[2024-04-30T21:34:31.365+0000] {warnings.py:110} WARNING - /home/***/.local/lib/python3.12/site-packages/***/task/task_runner/standard_task_runner.py:61: DeprecationWarning: This process (pid=178) is multi-threaded, use of fork() may lead to deadlocks in the child.
  pid = os.fork()

[2024-04-30T21:34:31.373+0000] {standard_task_runner.py:63} INFO - Started process 180 to run task
[2024-04-30T21:34:31.375+0000] {standard_task_runner.py:90} INFO - Running: ['***', 'tasks', 'run', 'dag_yellow_cab', 'calculate_mean_time', 'manual__2024-04-30T21:28:37.474619+00:00', '--job-id', '7', '--raw', '--subdir', 'DAGS_FOLDER/dag.py', '--cfg-path', '/tmp/tmpalz16r41']
[2024-04-30T21:34:31.389+0000] {standard_task_runner.py:91} INFO - Job 7: Subtask calculate_mean_time
[2024-04-30T21:34:31.516+0000] {task_command.py:426} INFO - Running <TaskInstance: dag_yellow_cab.calculate_mean_time manual__2024-04-30T21:28:37.474619+00:00 [running]> on host 81aca8f4a8aa
[2024-04-30T21:34:31.671+0000] {taskinstance.py:2644} INFO - Exporting env vars: AIRFLOW_CTX_DAG_OWNER='***' AIRFLOW_CTX_DAG_ID='dag_yellow_cab' AIRFLOW_CTX_TASK_ID='calculate_mean_time' AIRFLOW_CTX_EXECUTION_DATE='2024-04-30T21:28:37.474619+00:00' AIRFLOW_CTX_TRY_NUMBER='1' AIRFLOW_CTX_DAG_RUN_ID='manual__2024-04-30T21:28:37.474619+00:00'
[2024-04-30T21:34:31.675+0000] {taskinstance.py:430} INFO - ::endgroup::
[2024-04-30T21:37:56.436+0000] {logging_mixin.py:188} INFO - Average trip duration for the month:  0 days 00:11:48.477625728
[2024-04-30T21:37:56.443+0000] {logging_mixin.py:188} INFO - First timestamp: 2011-02-01 00:00:00
[2024-04-30T21:37:56.444+0000] {logging_mixin.py:188} INFO - Last timestamp: 2011-02-28 23:59:59
[2024-04-30T21:37:56.479+0000] {_universal.py:511} INFO - Request URL: 'https://azureyellowcab.blob.core.windows.net/results/2011-2.txt'
Request method: 'PUT'
Request headers:
    'Content-Length': '133'
    'x-ms-blob-type': 'REDACTED'
    'If-None-Match': '*'
    'x-ms-version': 'REDACTED'
    'Content-Type': 'application/octet-stream'
    'Accept': 'application/xml'
    'User-Agent': 'azsdk-python-storage-blob/12.19.1 Python/3.12.2 (Linux-6.6.22-linuxkit-x86_64-with-glibc2.36)'
    'x-ms-date': 'REDACTED'
    'x-ms-client-request-id': 'e85c9c56-0739-11ef-83d7-0242ac150004'
    'Authorization': 'REDACTED'
A body is sent with the request
[2024-04-30T21:37:56.977+0000] {_universal.py:550} INFO - Response status: 201
Response headers:
    'Content-Length': '0'
    'Content-MD5': 'REDACTED'
    'Last-Modified': 'Tue, 30 Apr 2024 21:37:59 GMT'
    'ETag': '"0x8DC695DCE91639C"'
    'Server': 'Windows-Azure-Blob/1.0 Microsoft-HTTPAPI/2.0'
    'x-ms-request-id': '7512803e-c01e-0046-7846-9bfc18000000'
    'x-ms-client-request-id': 'e85c9c56-0739-11ef-83d7-0242ac150004'
    'x-ms-version': 'REDACTED'
    'x-ms-content-crc64': 'REDACTED'
    'x-ms-request-server-encrypted': 'REDACTED'
    'Date': 'Tue, 30 Apr 2024 21:37:59 GMT'
[2024-04-30T21:37:56.980+0000] {python.py:237} INFO - Done. Returned value was: None
[2024-04-30T21:37:56.982+0000] {taskinstance.py:441} INFO - ::group::Post task execution logs
[2024-04-30T21:37:57.003+0000] {taskinstance.py:1205} INFO - Marking task as SUCCESS. dag_id=dag_yellow_cab, task_id=calculate_mean_time, execution_date=20240430T212837, start_date=20240430T213431, end_date=20240430T213757
[2024-04-30T21:37:57.256+0000] {local_task_job_runner.py:240} INFO - Task exited with return code 0
[2024-04-30T21:37:57.380+0000] {taskinstance.py:3482} INFO - 0 downstream tasks scheduled from follow-on schedule check
[2024-04-30T21:37:57.382+0000] {local_task_job_runner.py:222} INFO - ::endgroup::
