[2024-04-28T18:40:34.707+0000] {local_task_job_runner.py:120} INFO - ::group::Pre task execution logs
[2024-04-28T18:40:34.729+0000] {taskinstance.py:2073} INFO - Dependencies all met for dep_context=non-requeueable deps ti=<TaskInstance: dag_yellow_cab.download_file manual__2024-04-28T18:40:32.105313+00:00 [queued]>
[2024-04-28T18:40:34.736+0000] {taskinstance.py:2073} INFO - Dependencies all met for dep_context=requeueable deps ti=<TaskInstance: dag_yellow_cab.download_file manual__2024-04-28T18:40:32.105313+00:00 [queued]>
[2024-04-28T18:40:34.737+0000] {taskinstance.py:2303} INFO - Starting attempt 1 of 1
[2024-04-28T18:40:34.749+0000] {taskinstance.py:2327} INFO - Executing <Task(PythonOperator): download_file> on 2024-04-28 18:40:32.105313+00:00
[2024-04-28T18:40:34.754+0000] {warnings.py:110} WARNING - /home/***/.local/lib/python3.12/site-packages/***/task/task_runner/standard_task_runner.py:61: DeprecationWarning: This process (pid=92) is multi-threaded, use of fork() may lead to deadlocks in the child.
  pid = os.fork()

[2024-04-28T18:40:34.755+0000] {standard_task_runner.py:63} INFO - Started process 93 to run task
[2024-04-28T18:40:34.755+0000] {standard_task_runner.py:90} INFO - Running: ['***', 'tasks', 'run', 'dag_yellow_cab', 'download_file', 'manual__2024-04-28T18:40:32.105313+00:00', '--job-id', '38', '--raw', '--subdir', 'DAGS_FOLDER/data_pipeline_cab.py', '--cfg-path', '/tmp/tmp880u2_3i']
[2024-04-28T18:40:34.758+0000] {standard_task_runner.py:91} INFO - Job 38: Subtask download_file
[2024-04-28T18:40:34.802+0000] {task_command.py:426} INFO - Running <TaskInstance: dag_yellow_cab.download_file manual__2024-04-28T18:40:32.105313+00:00 [running]> on host 7608059f513e
[2024-04-28T18:40:34.902+0000] {taskinstance.py:2644} INFO - Exporting env vars: AIRFLOW_CTX_DAG_OWNER='***' AIRFLOW_CTX_DAG_ID='dag_yellow_cab' AIRFLOW_CTX_TASK_ID='download_file' AIRFLOW_CTX_EXECUTION_DATE='2024-04-28T18:40:32.105313+00:00' AIRFLOW_CTX_TRY_NUMBER='1' AIRFLOW_CTX_DAG_RUN_ID='manual__2024-04-28T18:40:32.105313+00:00'
[2024-04-28T18:40:34.903+0000] {taskinstance.py:430} INFO - ::endgroup::
[2024-04-28T18:40:34.937+0000] {logging_mixin.py:188} INFO - Download failed
[2024-04-28T18:40:34.938+0000] {python.py:237} INFO - Done. Returned value was: False
[2024-04-28T18:40:34.939+0000] {taskinstance.py:441} INFO - ::group::Post task execution logs
[2024-04-28T18:40:34.956+0000] {taskinstance.py:1205} INFO - Marking task as SUCCESS. dag_id=dag_yellow_cab, task_id=download_file, execution_date=20240428T184032, start_date=20240428T184034, end_date=20240428T184034
[2024-04-28T18:40:34.978+0000] {local_task_job_runner.py:240} INFO - Task exited with return code 0
[2024-04-28T18:40:35.003+0000] {taskinstance.py:3482} INFO - 1 downstream tasks scheduled from follow-on schedule check
[2024-04-28T18:40:35.004+0000] {local_task_job_runner.py:222} INFO - ::endgroup::
