[2024-05-01T01:05:26.404+0000] {local_task_job_runner.py:120} INFO - ::group::Pre task execution logs
[2024-05-01T01:05:26.433+0000] {taskinstance.py:2073} INFO - Dependencies all met for dep_context=non-requeueable deps ti=<TaskInstance: dag_yellow_cab.calculate_mean_time manual__2024-05-01T00:49:05.325144+00:00 [queued]>
[2024-05-01T01:05:26.443+0000] {taskinstance.py:2073} INFO - Dependencies all met for dep_context=requeueable deps ti=<TaskInstance: dag_yellow_cab.calculate_mean_time manual__2024-05-01T00:49:05.325144+00:00 [queued]>
[2024-05-01T01:05:26.444+0000] {taskinstance.py:2303} INFO - Starting attempt 1 of 1
[2024-05-01T01:05:26.460+0000] {taskinstance.py:2327} INFO - Executing <Task(PythonOperator): calculate_mean_time> on 2024-05-01 00:49:05.325144+00:00
[2024-05-01T01:05:26.488+0000] {warnings.py:110} WARNING - /home/***/.local/lib/python3.12/site-packages/***/task/task_runner/standard_task_runner.py:61: DeprecationWarning: This process (pid=1059) is multi-threaded, use of fork() may lead to deadlocks in the child.
  pid = os.fork()

[2024-05-01T01:05:26.490+0000] {standard_task_runner.py:63} INFO - Started process 1061 to run task
[2024-05-01T01:05:26.489+0000] {standard_task_runner.py:90} INFO - Running: ['***', 'tasks', 'run', 'dag_yellow_cab', 'calculate_mean_time', 'manual__2024-05-01T00:49:05.325144+00:00', '--job-id', '18', '--raw', '--subdir', 'DAGS_FOLDER/dag.py', '--cfg-path', '/tmp/tmpsij_kzs7']
[2024-05-01T01:05:26.493+0000] {standard_task_runner.py:91} INFO - Job 18: Subtask calculate_mean_time
[2024-05-01T01:05:26.567+0000] {task_command.py:426} INFO - Running <TaskInstance: dag_yellow_cab.calculate_mean_time manual__2024-05-01T00:49:05.325144+00:00 [running]> on host ee85e0733ed4
[2024-05-01T01:05:26.689+0000] {taskinstance.py:2644} INFO - Exporting env vars: AIRFLOW_CTX_DAG_OWNER='***' AIRFLOW_CTX_DAG_ID='dag_yellow_cab' AIRFLOW_CTX_TASK_ID='calculate_mean_time' AIRFLOW_CTX_EXECUTION_DATE='2024-05-01T00:49:05.325144+00:00' AIRFLOW_CTX_TRY_NUMBER='1' AIRFLOW_CTX_DAG_RUN_ID='manual__2024-05-01T00:49:05.325144+00:00'
[2024-05-01T01:05:26.691+0000] {taskinstance.py:430} INFO - ::endgroup::
[2024-05-01T01:07:11.851+0000] {logging_mixin.py:188} INFO - Average trip duration for the month:  0 days 00:11:41.427360
[2024-05-01T01:07:11.867+0000] {logging_mixin.py:188} INFO - First timestamp:  2011-03-31 23:59:59
[2024-05-01T01:07:11.867+0000] {logging_mixin.py:188} INFO - Last timestamp:  2011-01-01 00:00:00
[2024-05-01T01:07:11.933+0000] {_universal.py:511} INFO - Request URL: 'https://azureyellowcab.blob.core.windows.net/results/2011-3.txt'
Request method: 'PUT'
Request headers:
    'Content-Length': '130'
    'x-ms-blob-type': 'REDACTED'
    'If-None-Match': '*'
    'x-ms-version': 'REDACTED'
    'Content-Type': 'application/octet-stream'
    'Accept': 'application/xml'
    'User-Agent': 'azsdk-python-storage-blob/12.19.1 Python/3.12.2 (Linux-6.6.22-linuxkit-x86_64-with-glibc2.36)'
    'x-ms-date': 'REDACTED'
    'x-ms-client-request-id': '23feabce-0757-11ef-93c4-0242ac160006'
    'Authorization': 'REDACTED'
A body is sent with the request
[2024-05-01T01:07:12.578+0000] {_universal.py:550} INFO - Response status: 201
Response headers:
    'Content-Length': '0'
    'Content-MD5': 'REDACTED'
    'Last-Modified': 'Wed, 01 May 2024 01:07:16 GMT'
    'ETag': '"0x8DC697B0AC76856"'
    'Server': 'Windows-Azure-Blob/1.0 Microsoft-HTTPAPI/2.0'
    'x-ms-request-id': '2830ef4a-101e-0027-1d63-9bdf5b000000'
    'x-ms-client-request-id': '23feabce-0757-11ef-93c4-0242ac160006'
    'x-ms-version': 'REDACTED'
    'x-ms-content-crc64': 'REDACTED'
    'x-ms-request-server-encrypted': 'REDACTED'
    'Date': 'Wed, 01 May 2024 01:07:15 GMT'
[2024-05-01T01:07:12.586+0000] {python.py:237} INFO - Done. Returned value was: None
[2024-05-01T01:07:12.588+0000] {taskinstance.py:441} INFO - ::group::Post task execution logs
[2024-05-01T01:07:12.649+0000] {taskinstance.py:1205} INFO - Marking task as SUCCESS. dag_id=dag_yellow_cab, task_id=calculate_mean_time, execution_date=20240501T004905, start_date=20240501T010526, end_date=20240501T010712
[2024-05-01T01:07:12.738+0000] {local_task_job_runner.py:240} INFO - Task exited with return code 0
[2024-05-01T01:07:12.785+0000] {taskinstance.py:3482} INFO - 0 downstream tasks scheduled from follow-on schedule check
[2024-05-01T01:07:12.786+0000] {local_task_job_runner.py:222} INFO - ::endgroup::
