[2024-04-28T18:50:16.624+0000] {local_task_job_runner.py:120} INFO - ::group::Pre task execution logs
[2024-04-28T18:50:16.653+0000] {taskinstance.py:2073} INFO - Dependencies all met for dep_context=non-requeueable deps ti=<TaskInstance: dag_yellow_cab.download_file manual__2024-04-28T18:50:15.277414+00:00 [queued]>
[2024-04-28T18:50:16.663+0000] {taskinstance.py:2073} INFO - Dependencies all met for dep_context=requeueable deps ti=<TaskInstance: dag_yellow_cab.download_file manual__2024-04-28T18:50:15.277414+00:00 [queued]>
[2024-04-28T18:50:16.664+0000] {taskinstance.py:2303} INFO - Starting attempt 1 of 1
[2024-04-28T18:50:16.682+0000] {taskinstance.py:2327} INFO - Executing <Task(PythonOperator): download_file> on 2024-04-28 18:50:15.277414+00:00
[2024-04-28T18:50:16.688+0000] {warnings.py:110} WARNING - /home/***/.local/lib/python3.12/site-packages/***/task/task_runner/standard_task_runner.py:61: DeprecationWarning: This process (pid=97) is multi-threaded, use of fork() may lead to deadlocks in the child.
  pid = os.fork()

[2024-04-28T18:50:16.690+0000] {standard_task_runner.py:63} INFO - Started process 98 to run task
[2024-04-28T18:50:16.690+0000] {standard_task_runner.py:90} INFO - Running: ['***', 'tasks', 'run', 'dag_yellow_cab', 'download_file', 'manual__2024-04-28T18:50:15.277414+00:00', '--job-id', '48', '--raw', '--subdir', 'DAGS_FOLDER/data_pipeline_cab.py', '--cfg-path', '/tmp/tmp36fvdnbf']
[2024-04-28T18:50:16.693+0000] {standard_task_runner.py:91} INFO - Job 48: Subtask download_file
[2024-04-28T18:50:16.741+0000] {task_command.py:426} INFO - Running <TaskInstance: dag_yellow_cab.download_file manual__2024-04-28T18:50:15.277414+00:00 [running]> on host 3b50846985b8
[2024-04-28T18:50:16.847+0000] {taskinstance.py:2644} INFO - Exporting env vars: AIRFLOW_CTX_DAG_OWNER='***' AIRFLOW_CTX_DAG_ID='dag_yellow_cab' AIRFLOW_CTX_TASK_ID='download_file' AIRFLOW_CTX_EXECUTION_DATE='2024-04-28T18:50:15.277414+00:00' AIRFLOW_CTX_TRY_NUMBER='1' AIRFLOW_CTX_DAG_RUN_ID='manual__2024-04-28T18:50:15.277414+00:00'
[2024-04-28T18:50:16.849+0000] {taskinstance.py:430} INFO - ::endgroup::
[2024-04-28T18:50:16.871+0000] {_universal.py:514} INFO - Request URL: 'https://azureyellowcab.blob.core.windows.net/cabfiles/yellow_tripdata_2011-01.parquet'
Request method: 'GET'
Request headers:
    'x-ms-range': 'REDACTED'
    'x-ms-version': 'REDACTED'
    'Accept': 'application/xml'
    'User-Agent': 'azsdk-python-storage-blob/12.19.1 Python/3.12.2 (Linux-6.6.22-linuxkit-x86_64-with-glibc2.36)'
    'x-ms-date': 'REDACTED'
    'x-ms-client-request-id': '278c2af0-0590-11ef-b81c-0242c0a81004'
    'Authorization': 'REDACTED'
No body was attached to the request
[2024-04-28T18:50:17.311+0000] {_universal.py:550} INFO - Response status: 206
Response headers:
    'Content-Length': '33554432'
    'Content-Type': 'application/octet-stream'
    'Content-Range': 'REDACTED'
    'Last-Modified': 'Sat, 27 Apr 2024 21:32:42 GMT'
    'Accept-Ranges': 'REDACTED'
    'ETag': '"0x8DC67019256BC59"'
    'Server': 'Windows-Azure-Blob/1.0 Microsoft-HTTPAPI/2.0'
    'x-ms-request-id': '6d3fc57e-201e-0061-089c-99ebdc000000'
    'x-ms-client-request-id': '278c2af0-0590-11ef-b81c-0242c0a81004'
    'x-ms-version': 'REDACTED'
    'x-ms-creation-time': 'REDACTED'
    'x-ms-lease-status': 'REDACTED'
    'x-ms-lease-state': 'REDACTED'
    'x-ms-blob-type': 'REDACTED'
    'x-ms-server-encrypted': 'REDACTED'
    'Date': 'Sun, 28 Apr 2024 18:50:16 GMT'
[2024-04-28T18:50:21.866+0000] {_universal.py:514} INFO - Request URL: 'https://azureyellowcab.blob.core.windows.net/cabfiles/yellow_tripdata_2011-01.parquet'
Request method: 'GET'
Request headers:
    'x-ms-range': 'REDACTED'
    'If-Match': '"0x8DC67019256BC59"'
    'x-ms-version': 'REDACTED'
    'Accept': 'application/xml'
    'User-Agent': 'azsdk-python-storage-blob/12.19.1 Python/3.12.2 (Linux-6.6.22-linuxkit-x86_64-with-glibc2.36)'
    'x-ms-date': 'REDACTED'
    'x-ms-client-request-id': '2a8672e2-0590-11ef-b81c-0242c0a81004'
    'Authorization': 'REDACTED'
No body was attached to the request
[2024-04-28T18:50:21.953+0000] {_universal.py:550} INFO - Response status: 206
Response headers:
    'Content-Length': '4194304'
    'Content-Type': 'application/octet-stream'
    'Content-Range': 'REDACTED'
    'Last-Modified': 'Sat, 27 Apr 2024 21:32:42 GMT'
    'Accept-Ranges': 'REDACTED'
    'ETag': '"0x8DC67019256BC59"'
    'Server': 'Windows-Azure-Blob/1.0 Microsoft-HTTPAPI/2.0'
    'x-ms-request-id': '6d3fd774-201e-0061-409c-99ebdc000000'
    'x-ms-client-request-id': '2a8672e2-0590-11ef-b81c-0242c0a81004'
    'x-ms-version': 'REDACTED'
    'x-ms-creation-time': 'REDACTED'
    'x-ms-lease-status': 'REDACTED'
    'x-ms-lease-state': 'REDACTED'
    'x-ms-blob-type': 'REDACTED'
    'x-ms-server-encrypted': 'REDACTED'
    'Date': 'Sun, 28 Apr 2024 18:50:21 GMT'
[2024-04-28T18:50:22.513+0000] {_universal.py:514} INFO - Request URL: 'https://azureyellowcab.blob.core.windows.net/cabfiles/yellow_tripdata_2011-01.parquet'
Request method: 'GET'
Request headers:
    'x-ms-range': 'REDACTED'
    'If-Match': '"0x8DC67019256BC59"'
    'x-ms-version': 'REDACTED'
    'Accept': 'application/xml'
    'User-Agent': 'azsdk-python-storage-blob/12.19.1 Python/3.12.2 (Linux-6.6.22-linuxkit-x86_64-with-glibc2.36)'
    'x-ms-date': 'REDACTED'
    'x-ms-client-request-id': '2ae925ea-0590-11ef-b81c-0242c0a81004'
    'Authorization': 'REDACTED'
No body was attached to the request
[2024-04-28T18:50:22.619+0000] {_universal.py:550} INFO - Response status: 206
Response headers:
    'Content-Length': '4194304'
    'Content-Type': 'application/octet-stream'
    'Content-Range': 'REDACTED'
    'Last-Modified': 'Sat, 27 Apr 2024 21:32:42 GMT'
    'Accept-Ranges': 'REDACTED'
    'ETag': '"0x8DC67019256BC59"'
    'Server': 'Windows-Azure-Blob/1.0 Microsoft-HTTPAPI/2.0'
    'x-ms-request-id': '6d3fd9bd-201e-0061-4d9c-99ebdc000000'
    'x-ms-client-request-id': '2ae925ea-0590-11ef-b81c-0242c0a81004'
    'x-ms-version': 'REDACTED'
    'x-ms-creation-time': 'REDACTED'
    'x-ms-lease-status': 'REDACTED'
    'x-ms-lease-state': 'REDACTED'
    'x-ms-blob-type': 'REDACTED'
    'x-ms-server-encrypted': 'REDACTED'
    'Date': 'Sun, 28 Apr 2024 18:50:22 GMT'
[2024-04-28T18:50:23.182+0000] {_universal.py:514} INFO - Request URL: 'https://azureyellowcab.blob.core.windows.net/cabfiles/yellow_tripdata_2011-01.parquet'
Request method: 'GET'
Request headers:
    'x-ms-range': 'REDACTED'
    'If-Match': '"0x8DC67019256BC59"'
    'x-ms-version': 'REDACTED'
    'Accept': 'application/xml'
    'User-Agent': 'azsdk-python-storage-blob/12.19.1 Python/3.12.2 (Linux-6.6.22-linuxkit-x86_64-with-glibc2.36)'
    'x-ms-date': 'REDACTED'
    'x-ms-client-request-id': '2b4f587e-0590-11ef-b81c-0242c0a81004'
    'Authorization': 'REDACTED'
No body was attached to the request
[2024-04-28T18:50:23.263+0000] {_universal.py:550} INFO - Response status: 206
Response headers:
    'Content-Length': '4194304'
    'Content-Type': 'application/octet-stream'
    'Content-Range': 'REDACTED'
    'Last-Modified': 'Sat, 27 Apr 2024 21:32:42 GMT'
    'Accept-Ranges': 'REDACTED'
    'ETag': '"0x8DC67019256BC59"'
    'Server': 'Windows-Azure-Blob/1.0 Microsoft-HTTPAPI/2.0'
    'x-ms-request-id': '6d3fdc41-201e-0061-0e9c-99ebdc000000'
    'x-ms-client-request-id': '2b4f587e-0590-11ef-b81c-0242c0a81004'
    'x-ms-version': 'REDACTED'
    'x-ms-creation-time': 'REDACTED'
    'x-ms-lease-status': 'REDACTED'
    'x-ms-lease-state': 'REDACTED'
    'x-ms-blob-type': 'REDACTED'
    'x-ms-server-encrypted': 'REDACTED'
    'Date': 'Sun, 28 Apr 2024 18:50:22 GMT'
[2024-04-28T18:50:23.805+0000] {_universal.py:514} INFO - Request URL: 'https://azureyellowcab.blob.core.windows.net/cabfiles/yellow_tripdata_2011-01.parquet'
Request method: 'GET'
Request headers:
    'x-ms-range': 'REDACTED'
    'If-Match': '"0x8DC67019256BC59"'
    'x-ms-version': 'REDACTED'
    'Accept': 'application/xml'
    'User-Agent': 'azsdk-python-storage-blob/12.19.1 Python/3.12.2 (Linux-6.6.22-linuxkit-x86_64-with-glibc2.36)'
    'x-ms-date': 'REDACTED'
    'x-ms-client-request-id': '2bae4bb8-0590-11ef-b81c-0242c0a81004'
    'Authorization': 'REDACTED'
No body was attached to the request
[2024-04-28T18:50:23.875+0000] {_universal.py:550} INFO - Response status: 206
Response headers:
    'Content-Length': '4194304'
    'Content-Type': 'application/octet-stream'
    'Content-Range': 'REDACTED'
    'Last-Modified': 'Sat, 27 Apr 2024 21:32:42 GMT'
    'Accept-Ranges': 'REDACTED'
    'ETag': '"0x8DC67019256BC59"'
    'Server': 'Windows-Azure-Blob/1.0 Microsoft-HTTPAPI/2.0'
    'x-ms-request-id': '6d3fde90-201e-0061-2b9c-99ebdc000000'
    'x-ms-client-request-id': '2bae4bb8-0590-11ef-b81c-0242c0a81004'
    'x-ms-version': 'REDACTED'
    'x-ms-creation-time': 'REDACTED'
    'x-ms-lease-status': 'REDACTED'
    'x-ms-lease-state': 'REDACTED'
    'x-ms-blob-type': 'REDACTED'
    'x-ms-server-encrypted': 'REDACTED'
    'Date': 'Sun, 28 Apr 2024 18:50:23 GMT'
[2024-04-28T18:50:24.377+0000] {_universal.py:514} INFO - Request URL: 'https://azureyellowcab.blob.core.windows.net/cabfiles/yellow_tripdata_2011-01.parquet'
Request method: 'GET'
Request headers:
    'x-ms-range': 'REDACTED'
    'If-Match': '"0x8DC67019256BC59"'
    'x-ms-version': 'REDACTED'
    'Accept': 'application/xml'
    'User-Agent': 'azsdk-python-storage-blob/12.19.1 Python/3.12.2 (Linux-6.6.22-linuxkit-x86_64-with-glibc2.36)'
    'x-ms-date': 'REDACTED'
    'x-ms-client-request-id': '2c05b0ba-0590-11ef-b81c-0242c0a81004'
    'Authorization': 'REDACTED'
No body was attached to the request
[2024-04-28T18:50:24.482+0000] {_universal.py:550} INFO - Response status: 206
Response headers:
    'Content-Length': '4194304'
    'Content-Type': 'application/octet-stream'
    'Content-Range': 'REDACTED'
    'Last-Modified': 'Sat, 27 Apr 2024 21:32:42 GMT'
    'Accept-Ranges': 'REDACTED'
    'ETag': '"0x8DC67019256BC59"'
    'Server': 'Windows-Azure-Blob/1.0 Microsoft-HTTPAPI/2.0'
    'x-ms-request-id': '6d3fe0cd-201e-0061-3e9c-99ebdc000000'
    'x-ms-client-request-id': '2c05b0ba-0590-11ef-b81c-0242c0a81004'
    'x-ms-version': 'REDACTED'
    'x-ms-creation-time': 'REDACTED'
    'x-ms-lease-status': 'REDACTED'
    'x-ms-lease-state': 'REDACTED'
    'x-ms-blob-type': 'REDACTED'
    'x-ms-server-encrypted': 'REDACTED'
    'Date': 'Sun, 28 Apr 2024 18:50:23 GMT'
[2024-04-28T18:50:24.998+0000] {_universal.py:514} INFO - Request URL: 'https://azureyellowcab.blob.core.windows.net/cabfiles/yellow_tripdata_2011-01.parquet'
Request method: 'GET'
Request headers:
    'x-ms-range': 'REDACTED'
    'If-Match': '"0x8DC67019256BC59"'
    'x-ms-version': 'REDACTED'
    'Accept': 'application/xml'
    'User-Agent': 'azsdk-python-storage-blob/12.19.1 Python/3.12.2 (Linux-6.6.22-linuxkit-x86_64-with-glibc2.36)'
    'x-ms-date': 'REDACTED'
    'x-ms-client-request-id': '2c6465d8-0590-11ef-b81c-0242c0a81004'
    'Authorization': 'REDACTED'
No body was attached to the request
[2024-04-28T18:50:25.091+0000] {_universal.py:550} INFO - Response status: 206
Response headers:
    'Content-Length': '4194304'
    'Content-Type': 'application/octet-stream'
    'Content-Range': 'REDACTED'
    'Last-Modified': 'Sat, 27 Apr 2024 21:32:42 GMT'
    'Accept-Ranges': 'REDACTED'
    'ETag': '"0x8DC67019256BC59"'
    'Server': 'Windows-Azure-Blob/1.0 Microsoft-HTTPAPI/2.0'
    'x-ms-request-id': '6d3fe2fe-201e-0061-369c-99ebdc000000'
    'x-ms-client-request-id': '2c6465d8-0590-11ef-b81c-0242c0a81004'
    'x-ms-version': 'REDACTED'
    'x-ms-creation-time': 'REDACTED'
    'x-ms-lease-status': 'REDACTED'
    'x-ms-lease-state': 'REDACTED'
    'x-ms-blob-type': 'REDACTED'
    'x-ms-server-encrypted': 'REDACTED'
    'Date': 'Sun, 28 Apr 2024 18:50:24 GMT'
[2024-04-28T18:50:25.626+0000] {_universal.py:514} INFO - Request URL: 'https://azureyellowcab.blob.core.windows.net/cabfiles/yellow_tripdata_2011-01.parquet'
Request method: 'GET'
Request headers:
    'x-ms-range': 'REDACTED'
    'If-Match': '"0x8DC67019256BC59"'
    'x-ms-version': 'REDACTED'
    'Accept': 'application/xml'
    'User-Agent': 'azsdk-python-storage-blob/12.19.1 Python/3.12.2 (Linux-6.6.22-linuxkit-x86_64-with-glibc2.36)'
    'x-ms-date': 'REDACTED'
    'x-ms-client-request-id': '2cc43ef4-0590-11ef-b81c-0242c0a81004'
    'Authorization': 'REDACTED'
No body was attached to the request
[2024-04-28T18:50:25.946+0000] {_universal.py:550} INFO - Response status: 206
Response headers:
    'Content-Length': '4194304'
    'Content-Type': 'application/octet-stream'
    'Content-Range': 'REDACTED'
    'Last-Modified': 'Sat, 27 Apr 2024 21:32:42 GMT'
    'Accept-Ranges': 'REDACTED'
    'ETag': '"0x8DC67019256BC59"'
    'Server': 'Windows-Azure-Blob/1.0 Microsoft-HTTPAPI/2.0'
    'x-ms-request-id': '6d3fe531-201e-0061-329c-99ebdc000000'
    'x-ms-client-request-id': '2cc43ef4-0590-11ef-b81c-0242c0a81004'
    'x-ms-version': 'REDACTED'
    'x-ms-creation-time': 'REDACTED'
    'x-ms-lease-status': 'REDACTED'
    'x-ms-lease-state': 'REDACTED'
    'x-ms-blob-type': 'REDACTED'
    'x-ms-server-encrypted': 'REDACTED'
    'Date': 'Sun, 28 Apr 2024 18:50:25 GMT'
[2024-04-28T18:50:26.420+0000] {_universal.py:514} INFO - Request URL: 'https://azureyellowcab.blob.core.windows.net/cabfiles/yellow_tripdata_2011-01.parquet'
Request method: 'GET'
Request headers:
    'x-ms-range': 'REDACTED'
    'If-Match': '"0x8DC67019256BC59"'
    'x-ms-version': 'REDACTED'
    'Accept': 'application/xml'
    'User-Agent': 'azsdk-python-storage-blob/12.19.1 Python/3.12.2 (Linux-6.6.22-linuxkit-x86_64-with-glibc2.36)'
    'x-ms-date': 'REDACTED'
    'x-ms-client-request-id': '2d3d5578-0590-11ef-b81c-0242c0a81004'
    'Authorization': 'REDACTED'
No body was attached to the request
[2024-04-28T18:50:26.663+0000] {_universal.py:550} INFO - Response status: 206
Response headers:
    'Content-Length': '4194304'
    'Content-Type': 'application/octet-stream'
    'Content-Range': 'REDACTED'
    'Last-Modified': 'Sat, 27 Apr 2024 21:32:42 GMT'
    'Accept-Ranges': 'REDACTED'
    'ETag': '"0x8DC67019256BC59"'
    'Server': 'Windows-Azure-Blob/1.0 Microsoft-HTTPAPI/2.0'
    'x-ms-request-id': '6d3fe855-201e-0061-119c-99ebdc000000'
    'x-ms-client-request-id': '2d3d5578-0590-11ef-b81c-0242c0a81004'
    'x-ms-version': 'REDACTED'
    'x-ms-creation-time': 'REDACTED'
    'x-ms-lease-status': 'REDACTED'
    'x-ms-lease-state': 'REDACTED'
    'x-ms-blob-type': 'REDACTED'
    'x-ms-server-encrypted': 'REDACTED'
    'Date': 'Sun, 28 Apr 2024 18:50:25 GMT'
[2024-04-28T18:50:27.147+0000] {_universal.py:514} INFO - Request URL: 'https://azureyellowcab.blob.core.windows.net/cabfiles/yellow_tripdata_2011-01.parquet'
Request method: 'GET'
Request headers:
    'x-ms-range': 'REDACTED'
    'If-Match': '"0x8DC67019256BC59"'
    'x-ms-version': 'REDACTED'
    'Accept': 'application/xml'
    'User-Agent': 'azsdk-python-storage-blob/12.19.1 Python/3.12.2 (Linux-6.6.22-linuxkit-x86_64-with-glibc2.36)'
    'x-ms-date': 'REDACTED'
    'x-ms-client-request-id': '2dac3e2a-0590-11ef-b81c-0242c0a81004'
    'Authorization': 'REDACTED'
No body was attached to the request
[2024-04-28T18:50:27.264+0000] {_universal.py:550} INFO - Response status: 206
Response headers:
    'Content-Length': '4194304'
    'Content-Type': 'application/octet-stream'
    'Content-Range': 'REDACTED'
    'Last-Modified': 'Sat, 27 Apr 2024 21:32:42 GMT'
    'Accept-Ranges': 'REDACTED'
    'ETag': '"0x8DC67019256BC59"'
    'Server': 'Windows-Azure-Blob/1.0 Microsoft-HTTPAPI/2.0'
    'x-ms-request-id': '6d3feac0-201e-0061-4a9c-99ebdc000000'
    'x-ms-client-request-id': '2dac3e2a-0590-11ef-b81c-0242c0a81004'
    'x-ms-version': 'REDACTED'
    'x-ms-creation-time': 'REDACTED'
    'x-ms-lease-status': 'REDACTED'
    'x-ms-lease-state': 'REDACTED'
    'x-ms-blob-type': 'REDACTED'
    'x-ms-server-encrypted': 'REDACTED'
    'Date': 'Sun, 28 Apr 2024 18:50:26 GMT'
[2024-04-28T18:50:27.730+0000] {_universal.py:514} INFO - Request URL: 'https://azureyellowcab.blob.core.windows.net/cabfiles/yellow_tripdata_2011-01.parquet'
Request method: 'GET'
Request headers:
    'x-ms-range': 'REDACTED'
    'If-Match': '"0x8DC67019256BC59"'
    'x-ms-version': 'REDACTED'
    'Accept': 'application/xml'
    'User-Agent': 'azsdk-python-storage-blob/12.19.1 Python/3.12.2 (Linux-6.6.22-linuxkit-x86_64-with-glibc2.36)'
    'x-ms-date': 'REDACTED'
    'x-ms-client-request-id': '2e05495c-0590-11ef-b81c-0242c0a81004'
    'Authorization': 'REDACTED'
No body was attached to the request
[2024-04-28T18:50:27.845+0000] {_universal.py:550} INFO - Response status: 206
Response headers:
    'Content-Length': '4194304'
    'Content-Type': 'application/octet-stream'
    'Content-Range': 'REDACTED'
    'Last-Modified': 'Sat, 27 Apr 2024 21:32:42 GMT'
    'Accept-Ranges': 'REDACTED'
    'ETag': '"0x8DC67019256BC59"'
    'Server': 'Windows-Azure-Blob/1.0 Microsoft-HTTPAPI/2.0'
    'x-ms-request-id': '6d3fec6d-201e-0061-3d9c-99ebdc000000'
    'x-ms-client-request-id': '2e05495c-0590-11ef-b81c-0242c0a81004'
    'x-ms-version': 'REDACTED'
    'x-ms-creation-time': 'REDACTED'
    'x-ms-lease-status': 'REDACTED'
    'x-ms-lease-state': 'REDACTED'
    'x-ms-blob-type': 'REDACTED'
    'x-ms-server-encrypted': 'REDACTED'
    'Date': 'Sun, 28 Apr 2024 18:50:27 GMT'
[2024-04-28T18:50:28.341+0000] {_universal.py:514} INFO - Request URL: 'https://azureyellowcab.blob.core.windows.net/cabfiles/yellow_tripdata_2011-01.parquet'
Request method: 'GET'
Request headers:
    'x-ms-range': 'REDACTED'
    'If-Match': '"0x8DC67019256BC59"'
    'x-ms-version': 'REDACTED'
    'Accept': 'application/xml'
    'User-Agent': 'azsdk-python-storage-blob/12.19.1 Python/3.12.2 (Linux-6.6.22-linuxkit-x86_64-with-glibc2.36)'
    'x-ms-date': 'REDACTED'
    'x-ms-client-request-id': '2e626e52-0590-11ef-b81c-0242c0a81004'
    'Authorization': 'REDACTED'
No body was attached to the request
[2024-04-28T18:50:28.455+0000] {_universal.py:550} INFO - Response status: 206
Response headers:
    'Content-Length': '4194304'
    'Content-Type': 'application/octet-stream'
    'Content-Range': 'REDACTED'
    'Last-Modified': 'Sat, 27 Apr 2024 21:32:42 GMT'
    'Accept-Ranges': 'REDACTED'
    'ETag': '"0x8DC67019256BC59"'
    'Server': 'Windows-Azure-Blob/1.0 Microsoft-HTTPAPI/2.0'
    'x-ms-request-id': '6d3fee56-201e-0061-7d9c-99ebdc000000'
    'x-ms-client-request-id': '2e626e52-0590-11ef-b81c-0242c0a81004'
    'x-ms-version': 'REDACTED'
    'x-ms-creation-time': 'REDACTED'
    'x-ms-lease-status': 'REDACTED'
    'x-ms-lease-state': 'REDACTED'
    'x-ms-blob-type': 'REDACTED'
    'x-ms-server-encrypted': 'REDACTED'
    'Date': 'Sun, 28 Apr 2024 18:50:27 GMT'
[2024-04-28T18:50:28.979+0000] {_universal.py:514} INFO - Request URL: 'https://azureyellowcab.blob.core.windows.net/cabfiles/yellow_tripdata_2011-01.parquet'
Request method: 'GET'
Request headers:
    'x-ms-range': 'REDACTED'
    'If-Match': '"0x8DC67019256BC59"'
    'x-ms-version': 'REDACTED'
    'Accept': 'application/xml'
    'User-Agent': 'azsdk-python-storage-blob/12.19.1 Python/3.12.2 (Linux-6.6.22-linuxkit-x86_64-with-glibc2.36)'
    'x-ms-date': 'REDACTED'
    'x-ms-client-request-id': '2ec3e2c2-0590-11ef-b81c-0242c0a81004'
    'Authorization': 'REDACTED'
No body was attached to the request
[2024-04-28T18:50:29.064+0000] {_universal.py:550} INFO - Response status: 206
Response headers:
    'Content-Length': '4194304'
    'Content-Type': 'application/octet-stream'
    'Content-Range': 'REDACTED'
    'Last-Modified': 'Sat, 27 Apr 2024 21:32:42 GMT'
    'Accept-Ranges': 'REDACTED'
    'ETag': '"0x8DC67019256BC59"'
    'Server': 'Windows-Azure-Blob/1.0 Microsoft-HTTPAPI/2.0'
    'x-ms-request-id': '6d3ff087-201e-0061-6b9c-99ebdc000000'
    'x-ms-client-request-id': '2ec3e2c2-0590-11ef-b81c-0242c0a81004'
    'x-ms-version': 'REDACTED'
    'x-ms-creation-time': 'REDACTED'
    'x-ms-lease-status': 'REDACTED'
    'x-ms-lease-state': 'REDACTED'
    'x-ms-blob-type': 'REDACTED'
    'x-ms-server-encrypted': 'REDACTED'
    'Date': 'Sun, 28 Apr 2024 18:50:28 GMT'
[2024-04-28T18:50:29.624+0000] {_universal.py:514} INFO - Request URL: 'https://azureyellowcab.blob.core.windows.net/cabfiles/yellow_tripdata_2011-01.parquet'
Request method: 'GET'
Request headers:
    'x-ms-range': 'REDACTED'
    'If-Match': '"0x8DC67019256BC59"'
    'x-ms-version': 'REDACTED'
    'Accept': 'application/xml'
    'User-Agent': 'azsdk-python-storage-blob/12.19.1 Python/3.12.2 (Linux-6.6.22-linuxkit-x86_64-with-glibc2.36)'
    'x-ms-date': 'REDACTED'
    'x-ms-client-request-id': '2f263bb6-0590-11ef-b81c-0242c0a81004'
    'Authorization': 'REDACTED'
No body was attached to the request
[2024-04-28T18:50:29.735+0000] {_universal.py:550} INFO - Response status: 206
Response headers:
    'Content-Length': '4194304'
    'Content-Type': 'application/octet-stream'
    'Content-Range': 'REDACTED'
    'Last-Modified': 'Sat, 27 Apr 2024 21:32:42 GMT'
    'Accept-Ranges': 'REDACTED'
    'ETag': '"0x8DC67019256BC59"'
    'Server': 'Windows-Azure-Blob/1.0 Microsoft-HTTPAPI/2.0'
    'x-ms-request-id': '6d3ff319-201e-0061-319c-99ebdc000000'
    'x-ms-client-request-id': '2f263bb6-0590-11ef-b81c-0242c0a81004'
    'x-ms-version': 'REDACTED'
    'x-ms-creation-time': 'REDACTED'
    'x-ms-lease-status': 'REDACTED'
    'x-ms-lease-state': 'REDACTED'
    'x-ms-blob-type': 'REDACTED'
    'x-ms-server-encrypted': 'REDACTED'
    'Date': 'Sun, 28 Apr 2024 18:50:29 GMT'
[2024-04-28T18:50:30.332+0000] {_universal.py:514} INFO - Request URL: 'https://azureyellowcab.blob.core.windows.net/cabfiles/yellow_tripdata_2011-01.parquet'
Request method: 'GET'
Request headers:
    'x-ms-range': 'REDACTED'
    'If-Match': '"0x8DC67019256BC59"'
    'x-ms-version': 'REDACTED'
    'Accept': 'application/xml'
    'User-Agent': 'azsdk-python-storage-blob/12.19.1 Python/3.12.2 (Linux-6.6.22-linuxkit-x86_64-with-glibc2.36)'
    'x-ms-date': 'REDACTED'
    'x-ms-client-request-id': '2f923a5a-0590-11ef-b81c-0242c0a81004'
    'Authorization': 'REDACTED'
No body was attached to the request
[2024-04-28T18:50:30.448+0000] {_universal.py:550} INFO - Response status: 206
Response headers:
    'Content-Length': '4194304'
    'Content-Type': 'application/octet-stream'
    'Content-Range': 'REDACTED'
    'Last-Modified': 'Sat, 27 Apr 2024 21:32:42 GMT'
    'Accept-Ranges': 'REDACTED'
    'ETag': '"0x8DC67019256BC59"'
    'Server': 'Windows-Azure-Blob/1.0 Microsoft-HTTPAPI/2.0'
    'x-ms-request-id': '6d3ff5af-201e-0061-059c-99ebdc000000'
    'x-ms-client-request-id': '2f923a5a-0590-11ef-b81c-0242c0a81004'
    'x-ms-version': 'REDACTED'
    'x-ms-creation-time': 'REDACTED'
    'x-ms-lease-status': 'REDACTED'
    'x-ms-lease-state': 'REDACTED'
    'x-ms-blob-type': 'REDACTED'
    'x-ms-server-encrypted': 'REDACTED'
    'Date': 'Sun, 28 Apr 2024 18:50:29 GMT'
[2024-04-28T18:50:31.061+0000] {_universal.py:514} INFO - Request URL: 'https://azureyellowcab.blob.core.windows.net/cabfiles/yellow_tripdata_2011-01.parquet'
Request method: 'GET'
Request headers:
    'x-ms-range': 'REDACTED'
    'If-Match': '"0x8DC67019256BC59"'
    'x-ms-version': 'REDACTED'
    'Accept': 'application/xml'
    'User-Agent': 'azsdk-python-storage-blob/12.19.1 Python/3.12.2 (Linux-6.6.22-linuxkit-x86_64-with-glibc2.36)'
    'x-ms-date': 'REDACTED'
    'x-ms-client-request-id': '30016c9a-0590-11ef-b81c-0242c0a81004'
    'Authorization': 'REDACTED'
No body was attached to the request
[2024-04-28T18:50:31.140+0000] {_universal.py:550} INFO - Response status: 206
Response headers:
    'Content-Length': '4194304'
    'Content-Type': 'application/octet-stream'
    'Content-Range': 'REDACTED'
    'Last-Modified': 'Sat, 27 Apr 2024 21:32:42 GMT'
    'Accept-Ranges': 'REDACTED'
    'ETag': '"0x8DC67019256BC59"'
    'Server': 'Windows-Azure-Blob/1.0 Microsoft-HTTPAPI/2.0'
    'x-ms-request-id': '6d3ff817-201e-0061-2f9c-99ebdc000000'
    'x-ms-client-request-id': '30016c9a-0590-11ef-b81c-0242c0a81004'
    'x-ms-version': 'REDACTED'
    'x-ms-creation-time': 'REDACTED'
    'x-ms-lease-status': 'REDACTED'
    'x-ms-lease-state': 'REDACTED'
    'x-ms-blob-type': 'REDACTED'
    'x-ms-server-encrypted': 'REDACTED'
    'Date': 'Sun, 28 Apr 2024 18:50:30 GMT'
[2024-04-28T18:50:31.638+0000] {_universal.py:514} INFO - Request URL: 'https://azureyellowcab.blob.core.windows.net/cabfiles/yellow_tripdata_2011-01.parquet'
Request method: 'GET'
Request headers:
    'x-ms-range': 'REDACTED'
    'If-Match': '"0x8DC67019256BC59"'
    'x-ms-version': 'REDACTED'
    'Accept': 'application/xml'
    'User-Agent': 'azsdk-python-storage-blob/12.19.1 Python/3.12.2 (Linux-6.6.22-linuxkit-x86_64-with-glibc2.36)'
    'x-ms-date': 'REDACTED'
    'x-ms-client-request-id': '30598902-0590-11ef-b81c-0242c0a81004'
    'Authorization': 'REDACTED'
No body was attached to the request
[2024-04-28T18:50:31.779+0000] {_universal.py:550} INFO - Response status: 206
Response headers:
    'Content-Length': '4194304'
    'Content-Type': 'application/octet-stream'
    'Content-Range': 'REDACTED'
    'Last-Modified': 'Sat, 27 Apr 2024 21:32:42 GMT'
    'Accept-Ranges': 'REDACTED'
    'ETag': '"0x8DC67019256BC59"'
    'Server': 'Windows-Azure-Blob/1.0 Microsoft-HTTPAPI/2.0'
    'x-ms-request-id': '6d3ffa2f-201e-0061-159c-99ebdc000000'
    'x-ms-client-request-id': '30598902-0590-11ef-b81c-0242c0a81004'
    'x-ms-version': 'REDACTED'
    'x-ms-creation-time': 'REDACTED'
    'x-ms-lease-status': 'REDACTED'
    'x-ms-lease-state': 'REDACTED'
    'x-ms-blob-type': 'REDACTED'
    'x-ms-server-encrypted': 'REDACTED'
    'Date': 'Sun, 28 Apr 2024 18:50:31 GMT'
[2024-04-28T18:50:32.240+0000] {_universal.py:514} INFO - Request URL: 'https://azureyellowcab.blob.core.windows.net/cabfiles/yellow_tripdata_2011-01.parquet'
Request method: 'GET'
Request headers:
    'x-ms-range': 'REDACTED'
    'If-Match': '"0x8DC67019256BC59"'
    'x-ms-version': 'REDACTED'
    'Accept': 'application/xml'
    'User-Agent': 'azsdk-python-storage-blob/12.19.1 Python/3.12.2 (Linux-6.6.22-linuxkit-x86_64-with-glibc2.36)'
    'x-ms-date': 'REDACTED'
    'x-ms-client-request-id': '30b55fa2-0590-11ef-b81c-0242c0a81004'
    'Authorization': 'REDACTED'
No body was attached to the request
[2024-04-28T18:50:32.344+0000] {_universal.py:550} INFO - Response status: 206
Response headers:
    'Content-Length': '4194304'
    'Content-Type': 'application/octet-stream'
    'Content-Range': 'REDACTED'
    'Last-Modified': 'Sat, 27 Apr 2024 21:32:42 GMT'
    'Accept-Ranges': 'REDACTED'
    'ETag': '"0x8DC67019256BC59"'
    'Server': 'Windows-Azure-Blob/1.0 Microsoft-HTTPAPI/2.0'
    'x-ms-request-id': '6d3ffc7c-201e-0061-1d9c-99ebdc000000'
    'x-ms-client-request-id': '30b55fa2-0590-11ef-b81c-0242c0a81004'
    'x-ms-version': 'REDACTED'
    'x-ms-creation-time': 'REDACTED'
    'x-ms-lease-status': 'REDACTED'
    'x-ms-lease-state': 'REDACTED'
    'x-ms-blob-type': 'REDACTED'
    'x-ms-server-encrypted': 'REDACTED'
    'Date': 'Sun, 28 Apr 2024 18:50:31 GMT'
[2024-04-28T18:50:32.819+0000] {_universal.py:514} INFO - Request URL: 'https://azureyellowcab.blob.core.windows.net/cabfiles/yellow_tripdata_2011-01.parquet'
Request method: 'GET'
Request headers:
    'x-ms-range': 'REDACTED'
    'If-Match': '"0x8DC67019256BC59"'
    'x-ms-version': 'REDACTED'
    'Accept': 'application/xml'
    'User-Agent': 'azsdk-python-storage-blob/12.19.1 Python/3.12.2 (Linux-6.6.22-linuxkit-x86_64-with-glibc2.36)'
    'x-ms-date': 'REDACTED'
    'x-ms-client-request-id': '310dc0b6-0590-11ef-b81c-0242c0a81004'
    'Authorization': 'REDACTED'
No body was attached to the request
[2024-04-28T18:50:32.920+0000] {_universal.py:550} INFO - Response status: 206
Response headers:
    'Content-Length': '4194304'
    'Content-Type': 'application/octet-stream'
    'Content-Range': 'REDACTED'
    'Last-Modified': 'Sat, 27 Apr 2024 21:32:42 GMT'
    'Accept-Ranges': 'REDACTED'
    'ETag': '"0x8DC67019256BC59"'
    'Server': 'Windows-Azure-Blob/1.0 Microsoft-HTTPAPI/2.0'
    'x-ms-request-id': '6d3ffe30-201e-0061-149c-99ebdc000000'
    'x-ms-client-request-id': '310dc0b6-0590-11ef-b81c-0242c0a81004'
    'x-ms-version': 'REDACTED'
    'x-ms-creation-time': 'REDACTED'
    'x-ms-lease-status': 'REDACTED'
    'x-ms-lease-state': 'REDACTED'
    'x-ms-blob-type': 'REDACTED'
    'x-ms-server-encrypted': 'REDACTED'
    'Date': 'Sun, 28 Apr 2024 18:50:32 GMT'
[2024-04-28T18:50:33.548+0000] {_universal.py:514} INFO - Request URL: 'https://azureyellowcab.blob.core.windows.net/cabfiles/yellow_tripdata_2011-01.parquet'
Request method: 'GET'
Request headers:
    'x-ms-range': 'REDACTED'
    'If-Match': '"0x8DC67019256BC59"'
    'x-ms-version': 'REDACTED'
    'Accept': 'application/xml'
    'User-Agent': 'azsdk-python-storage-blob/12.19.1 Python/3.12.2 (Linux-6.6.22-linuxkit-x86_64-with-glibc2.36)'
    'x-ms-date': 'REDACTED'
    'x-ms-client-request-id': '317cef9a-0590-11ef-b81c-0242c0a81004'
    'Authorization': 'REDACTED'
No body was attached to the request
[2024-04-28T18:50:33.644+0000] {_universal.py:550} INFO - Response status: 206
Response headers:
    'Content-Length': '4194304'
    'Content-Type': 'application/octet-stream'
    'Content-Range': 'REDACTED'
    'Last-Modified': 'Sat, 27 Apr 2024 21:32:42 GMT'
    'Accept-Ranges': 'REDACTED'
    'ETag': '"0x8DC67019256BC59"'
    'Server': 'Windows-Azure-Blob/1.0 Microsoft-HTTPAPI/2.0'
    'x-ms-request-id': '6d400041-201e-0061-779c-99ebdc000000'
    'x-ms-client-request-id': '317cef9a-0590-11ef-b81c-0242c0a81004'
    'x-ms-version': 'REDACTED'
    'x-ms-creation-time': 'REDACTED'
    'x-ms-lease-status': 'REDACTED'
    'x-ms-lease-state': 'REDACTED'
    'x-ms-blob-type': 'REDACTED'
    'x-ms-server-encrypted': 'REDACTED'
    'Date': 'Sun, 28 Apr 2024 18:50:33 GMT'
[2024-04-28T18:50:34.403+0000] {_universal.py:514} INFO - Request URL: 'https://azureyellowcab.blob.core.windows.net/cabfiles/yellow_tripdata_2011-01.parquet'
Request method: 'GET'
Request headers:
    'x-ms-range': 'REDACTED'
    'If-Match': '"0x8DC67019256BC59"'
    'x-ms-version': 'REDACTED'
    'Accept': 'application/xml'
    'User-Agent': 'azsdk-python-storage-blob/12.19.1 Python/3.12.2 (Linux-6.6.22-linuxkit-x86_64-with-glibc2.36)'
    'x-ms-date': 'REDACTED'
    'x-ms-client-request-id': '31ff6d26-0590-11ef-b81c-0242c0a81004'
    'Authorization': 'REDACTED'
No body was attached to the request
[2024-04-28T18:50:34.479+0000] {_universal.py:550} INFO - Response status: 206
Response headers:
    'Content-Length': '4194304'
    'Content-Type': 'application/octet-stream'
    'Content-Range': 'REDACTED'
    'Last-Modified': 'Sat, 27 Apr 2024 21:32:42 GMT'
    'Accept-Ranges': 'REDACTED'
    'ETag': '"0x8DC67019256BC59"'
    'Server': 'Windows-Azure-Blob/1.0 Microsoft-HTTPAPI/2.0'
    'x-ms-request-id': '6d40032c-201e-0061-0c9c-99ebdc000000'
    'x-ms-client-request-id': '31ff6d26-0590-11ef-b81c-0242c0a81004'
    'x-ms-version': 'REDACTED'
    'x-ms-creation-time': 'REDACTED'
    'x-ms-lease-status': 'REDACTED'
    'x-ms-lease-state': 'REDACTED'
    'x-ms-blob-type': 'REDACTED'
    'x-ms-server-encrypted': 'REDACTED'
    'Date': 'Sun, 28 Apr 2024 18:50:33 GMT'
[2024-04-28T18:50:35.036+0000] {_universal.py:514} INFO - Request URL: 'https://azureyellowcab.blob.core.windows.net/cabfiles/yellow_tripdata_2011-01.parquet'
Request method: 'GET'
Request headers:
    'x-ms-range': 'REDACTED'
    'If-Match': '"0x8DC67019256BC59"'
    'x-ms-version': 'REDACTED'
    'Accept': 'application/xml'
    'User-Agent': 'azsdk-python-storage-blob/12.19.1 Python/3.12.2 (Linux-6.6.22-linuxkit-x86_64-with-glibc2.36)'
    'x-ms-date': 'REDACTED'
    'x-ms-client-request-id': '32600f50-0590-11ef-b81c-0242c0a81004'
    'Authorization': 'REDACTED'
No body was attached to the request
[2024-04-28T18:50:35.125+0000] {_universal.py:550} INFO - Response status: 206
Response headers:
    'Content-Length': '4194304'
    'Content-Type': 'application/octet-stream'
    'Content-Range': 'REDACTED'
    'Last-Modified': 'Sat, 27 Apr 2024 21:32:42 GMT'
    'Accept-Ranges': 'REDACTED'
    'ETag': '"0x8DC67019256BC59"'
    'Server': 'Windows-Azure-Blob/1.0 Microsoft-HTTPAPI/2.0'
    'x-ms-request-id': '6d400588-201e-0061-3b9c-99ebdc000000'
    'x-ms-client-request-id': '32600f50-0590-11ef-b81c-0242c0a81004'
    'x-ms-version': 'REDACTED'
    'x-ms-creation-time': 'REDACTED'
    'x-ms-lease-status': 'REDACTED'
    'x-ms-lease-state': 'REDACTED'
    'x-ms-blob-type': 'REDACTED'
    'x-ms-server-encrypted': 'REDACTED'
    'Date': 'Sun, 28 Apr 2024 18:50:34 GMT'
[2024-04-28T18:50:35.595+0000] {_universal.py:514} INFO - Request URL: 'https://azureyellowcab.blob.core.windows.net/cabfiles/yellow_tripdata_2011-01.parquet'
Request method: 'GET'
Request headers:
    'x-ms-range': 'REDACTED'
    'If-Match': '"0x8DC67019256BC59"'
    'x-ms-version': 'REDACTED'
    'Accept': 'application/xml'
    'User-Agent': 'azsdk-python-storage-blob/12.19.1 Python/3.12.2 (Linux-6.6.22-linuxkit-x86_64-with-glibc2.36)'
    'x-ms-date': 'REDACTED'
    'x-ms-client-request-id': '32b552ee-0590-11ef-b81c-0242c0a81004'
    'Authorization': 'REDACTED'
No body was attached to the request
[2024-04-28T18:50:35.670+0000] {_universal.py:550} INFO - Response status: 206
Response headers:
    'Content-Length': '4194304'
    'Content-Type': 'application/octet-stream'
    'Content-Range': 'REDACTED'
    'Last-Modified': 'Sat, 27 Apr 2024 21:32:42 GMT'
    'Accept-Ranges': 'REDACTED'
    'ETag': '"0x8DC67019256BC59"'
    'Server': 'Windows-Azure-Blob/1.0 Microsoft-HTTPAPI/2.0'
    'x-ms-request-id': '6d400771-201e-0061-759c-99ebdc000000'
    'x-ms-client-request-id': '32b552ee-0590-11ef-b81c-0242c0a81004'
    'x-ms-version': 'REDACTED'
    'x-ms-creation-time': 'REDACTED'
    'x-ms-lease-status': 'REDACTED'
    'x-ms-lease-state': 'REDACTED'
    'x-ms-blob-type': 'REDACTED'
    'x-ms-server-encrypted': 'REDACTED'
    'Date': 'Sun, 28 Apr 2024 18:50:35 GMT'
[2024-04-28T18:50:36.148+0000] {_universal.py:514} INFO - Request URL: 'https://azureyellowcab.blob.core.windows.net/cabfiles/yellow_tripdata_2011-01.parquet'
Request method: 'GET'
Request headers:
    'x-ms-range': 'REDACTED'
    'If-Match': '"0x8DC67019256BC59"'
    'x-ms-version': 'REDACTED'
    'Accept': 'application/xml'
    'User-Agent': 'azsdk-python-storage-blob/12.19.1 Python/3.12.2 (Linux-6.6.22-linuxkit-x86_64-with-glibc2.36)'
    'x-ms-date': 'REDACTED'
    'x-ms-client-request-id': '3309b050-0590-11ef-b81c-0242c0a81004'
    'Authorization': 'REDACTED'
No body was attached to the request
[2024-04-28T18:50:36.256+0000] {_universal.py:550} INFO - Response status: 206
Response headers:
    'Content-Length': '4194304'
    'Content-Type': 'application/octet-stream'
    'Content-Range': 'REDACTED'
    'Last-Modified': 'Sat, 27 Apr 2024 21:32:42 GMT'
    'Accept-Ranges': 'REDACTED'
    'ETag': '"0x8DC67019256BC59"'
    'Server': 'Windows-Azure-Blob/1.0 Microsoft-HTTPAPI/2.0'
    'x-ms-request-id': '6d400986-201e-0061-679c-99ebdc000000'
    'x-ms-client-request-id': '3309b050-0590-11ef-b81c-0242c0a81004'
    'x-ms-version': 'REDACTED'
    'x-ms-creation-time': 'REDACTED'
    'x-ms-lease-status': 'REDACTED'
    'x-ms-lease-state': 'REDACTED'
    'x-ms-blob-type': 'REDACTED'
    'x-ms-server-encrypted': 'REDACTED'
    'Date': 'Sun, 28 Apr 2024 18:50:35 GMT'
[2024-04-28T18:50:36.702+0000] {_universal.py:514} INFO - Request URL: 'https://azureyellowcab.blob.core.windows.net/cabfiles/yellow_tripdata_2011-01.parquet'
Request method: 'GET'
Request headers:
    'x-ms-range': 'REDACTED'
    'If-Match': '"0x8DC67019256BC59"'
    'x-ms-version': 'REDACTED'
    'Accept': 'application/xml'
    'User-Agent': 'azsdk-python-storage-blob/12.19.1 Python/3.12.2 (Linux-6.6.22-linuxkit-x86_64-with-glibc2.36)'
    'x-ms-date': 'REDACTED'
    'x-ms-client-request-id': '335e3bf2-0590-11ef-b81c-0242c0a81004'
    'Authorization': 'REDACTED'
No body was attached to the request
[2024-04-28T18:50:36.838+0000] {_universal.py:550} INFO - Response status: 206
Response headers:
    'Content-Length': '4194304'
    'Content-Type': 'application/octet-stream'
    'Content-Range': 'REDACTED'
    'Last-Modified': 'Sat, 27 Apr 2024 21:32:42 GMT'
    'Accept-Ranges': 'REDACTED'
    'ETag': '"0x8DC67019256BC59"'
    'Server': 'Windows-Azure-Blob/1.0 Microsoft-HTTPAPI/2.0'
    'x-ms-request-id': '6d400b95-201e-0061-4f9c-99ebdc000000'
    'x-ms-client-request-id': '335e3bf2-0590-11ef-b81c-0242c0a81004'
    'x-ms-version': 'REDACTED'
    'x-ms-creation-time': 'REDACTED'
    'x-ms-lease-status': 'REDACTED'
    'x-ms-lease-state': 'REDACTED'
    'x-ms-blob-type': 'REDACTED'
    'x-ms-server-encrypted': 'REDACTED'
    'Date': 'Sun, 28 Apr 2024 18:50:36 GMT'
[2024-04-28T18:50:37.296+0000] {_universal.py:514} INFO - Request URL: 'https://azureyellowcab.blob.core.windows.net/cabfiles/yellow_tripdata_2011-01.parquet'
Request method: 'GET'
Request headers:
    'x-ms-range': 'REDACTED'
    'If-Match': '"0x8DC67019256BC59"'
    'x-ms-version': 'REDACTED'
    'Accept': 'application/xml'
    'User-Agent': 'azsdk-python-storage-blob/12.19.1 Python/3.12.2 (Linux-6.6.22-linuxkit-x86_64-with-glibc2.36)'
    'x-ms-date': 'REDACTED'
    'x-ms-client-request-id': '33b8e976-0590-11ef-b81c-0242c0a81004'
    'Authorization': 'REDACTED'
No body was attached to the request
[2024-04-28T18:50:37.425+0000] {_universal.py:550} INFO - Response status: 206
Response headers:
    'Content-Length': '4194304'
    'Content-Type': 'application/octet-stream'
    'Content-Range': 'REDACTED'
    'Last-Modified': 'Sat, 27 Apr 2024 21:32:42 GMT'
    'Accept-Ranges': 'REDACTED'
    'ETag': '"0x8DC67019256BC59"'
    'Server': 'Windows-Azure-Blob/1.0 Microsoft-HTTPAPI/2.0'
    'x-ms-request-id': '6d400db0-201e-0061-379c-99ebdc000000'
    'x-ms-client-request-id': '33b8e976-0590-11ef-b81c-0242c0a81004'
    'x-ms-version': 'REDACTED'
    'x-ms-creation-time': 'REDACTED'
    'x-ms-lease-status': 'REDACTED'
    'x-ms-lease-state': 'REDACTED'
    'x-ms-blob-type': 'REDACTED'
    'x-ms-server-encrypted': 'REDACTED'
    'Date': 'Sun, 28 Apr 2024 18:50:36 GMT'
[2024-04-28T18:50:37.872+0000] {_universal.py:514} INFO - Request URL: 'https://azureyellowcab.blob.core.windows.net/cabfiles/yellow_tripdata_2011-01.parquet'
Request method: 'GET'
Request headers:
    'x-ms-range': 'REDACTED'
    'If-Match': '"0x8DC67019256BC59"'
    'x-ms-version': 'REDACTED'
    'Accept': 'application/xml'
    'User-Agent': 'azsdk-python-storage-blob/12.19.1 Python/3.12.2 (Linux-6.6.22-linuxkit-x86_64-with-glibc2.36)'
    'x-ms-date': 'REDACTED'
    'x-ms-client-request-id': '3410c9ac-0590-11ef-b81c-0242c0a81004'
    'Authorization': 'REDACTED'
No body was attached to the request
[2024-04-28T18:50:37.973+0000] {_universal.py:550} INFO - Response status: 206
Response headers:
    'Content-Length': '4194304'
    'Content-Type': 'application/octet-stream'
    'Content-Range': 'REDACTED'
    'Last-Modified': 'Sat, 27 Apr 2024 21:32:42 GMT'
    'Accept-Ranges': 'REDACTED'
    'ETag': '"0x8DC67019256BC59"'
    'Server': 'Windows-Azure-Blob/1.0 Microsoft-HTTPAPI/2.0'
    'x-ms-request-id': '6d400f5f-201e-0061-409c-99ebdc000000'
    'x-ms-client-request-id': '3410c9ac-0590-11ef-b81c-0242c0a81004'
    'x-ms-version': 'REDACTED'
    'x-ms-creation-time': 'REDACTED'
    'x-ms-lease-status': 'REDACTED'
    'x-ms-lease-state': 'REDACTED'
    'x-ms-blob-type': 'REDACTED'
    'x-ms-server-encrypted': 'REDACTED'
    'Date': 'Sun, 28 Apr 2024 18:50:37 GMT'
[2024-04-28T18:50:38.472+0000] {_universal.py:514} INFO - Request URL: 'https://azureyellowcab.blob.core.windows.net/cabfiles/yellow_tripdata_2011-01.parquet'
Request method: 'GET'
Request headers:
    'x-ms-range': 'REDACTED'
    'If-Match': '"0x8DC67019256BC59"'
    'x-ms-version': 'REDACTED'
    'Accept': 'application/xml'
    'User-Agent': 'azsdk-python-storage-blob/12.19.1 Python/3.12.2 (Linux-6.6.22-linuxkit-x86_64-with-glibc2.36)'
    'x-ms-date': 'REDACTED'
    'x-ms-client-request-id': '346c4a52-0590-11ef-b81c-0242c0a81004'
    'Authorization': 'REDACTED'
No body was attached to the request
[2024-04-28T18:50:38.556+0000] {_universal.py:550} INFO - Response status: 206
Response headers:
    'Content-Length': '4194304'
    'Content-Type': 'application/octet-stream'
    'Content-Range': 'REDACTED'
    'Last-Modified': 'Sat, 27 Apr 2024 21:32:42 GMT'
    'Accept-Ranges': 'REDACTED'
    'ETag': '"0x8DC67019256BC59"'
    'Server': 'Windows-Azure-Blob/1.0 Microsoft-HTTPAPI/2.0'
    'x-ms-request-id': '6d40118a-201e-0061-399c-99ebdc000000'
    'x-ms-client-request-id': '346c4a52-0590-11ef-b81c-0242c0a81004'
    'x-ms-version': 'REDACTED'
    'x-ms-creation-time': 'REDACTED'
    'x-ms-lease-status': 'REDACTED'
    'x-ms-lease-state': 'REDACTED'
    'x-ms-blob-type': 'REDACTED'
    'x-ms-server-encrypted': 'REDACTED'
    'Date': 'Sun, 28 Apr 2024 18:50:37 GMT'
[2024-04-28T18:50:39.140+0000] {_universal.py:514} INFO - Request URL: 'https://azureyellowcab.blob.core.windows.net/cabfiles/yellow_tripdata_2011-01.parquet'
Request method: 'GET'
Request headers:
    'x-ms-range': 'REDACTED'
    'If-Match': '"0x8DC67019256BC59"'
    'x-ms-version': 'REDACTED'
    'Accept': 'application/xml'
    'User-Agent': 'azsdk-python-storage-blob/12.19.1 Python/3.12.2 (Linux-6.6.22-linuxkit-x86_64-with-glibc2.36)'
    'x-ms-date': 'REDACTED'
    'x-ms-client-request-id': '34d2403c-0590-11ef-b81c-0242c0a81004'
    'Authorization': 'REDACTED'
No body was attached to the request
[2024-04-28T18:50:39.246+0000] {_universal.py:550} INFO - Response status: 206
Response headers:
    'Content-Length': '4194304'
    'Content-Type': 'application/octet-stream'
    'Content-Range': 'REDACTED'
    'Last-Modified': 'Sat, 27 Apr 2024 21:32:42 GMT'
    'Accept-Ranges': 'REDACTED'
    'ETag': '"0x8DC67019256BC59"'
    'Server': 'Windows-Azure-Blob/1.0 Microsoft-HTTPAPI/2.0'
    'x-ms-request-id': '6d40142e-201e-0061-339c-99ebdc000000'
    'x-ms-client-request-id': '34d2403c-0590-11ef-b81c-0242c0a81004'
    'x-ms-version': 'REDACTED'
    'x-ms-creation-time': 'REDACTED'
    'x-ms-lease-status': 'REDACTED'
    'x-ms-lease-state': 'REDACTED'
    'x-ms-blob-type': 'REDACTED'
    'x-ms-server-encrypted': 'REDACTED'
    'Date': 'Sun, 28 Apr 2024 18:50:38 GMT'
[2024-04-28T18:50:39.699+0000] {_universal.py:514} INFO - Request URL: 'https://azureyellowcab.blob.core.windows.net/cabfiles/yellow_tripdata_2011-01.parquet'
Request method: 'GET'
Request headers:
    'x-ms-range': 'REDACTED'
    'If-Match': '"0x8DC67019256BC59"'
    'x-ms-version': 'REDACTED'
    'Accept': 'application/xml'
    'User-Agent': 'azsdk-python-storage-blob/12.19.1 Python/3.12.2 (Linux-6.6.22-linuxkit-x86_64-with-glibc2.36)'
    'x-ms-date': 'REDACTED'
    'x-ms-client-request-id': '3527994c-0590-11ef-b81c-0242c0a81004'
    'Authorization': 'REDACTED'
No body was attached to the request
[2024-04-28T18:50:39.810+0000] {_universal.py:550} INFO - Response status: 206
Response headers:
    'Content-Length': '4194304'
    'Content-Type': 'application/octet-stream'
    'Content-Range': 'REDACTED'
    'Last-Modified': 'Sat, 27 Apr 2024 21:32:42 GMT'
    'Accept-Ranges': 'REDACTED'
    'ETag': '"0x8DC67019256BC59"'
    'Server': 'Windows-Azure-Blob/1.0 Microsoft-HTTPAPI/2.0'
    'x-ms-request-id': '6d401657-201e-0061-379c-99ebdc000000'
    'x-ms-client-request-id': '3527994c-0590-11ef-b81c-0242c0a81004'
    'x-ms-version': 'REDACTED'
    'x-ms-creation-time': 'REDACTED'
    'x-ms-lease-status': 'REDACTED'
    'x-ms-lease-state': 'REDACTED'
    'x-ms-blob-type': 'REDACTED'
    'x-ms-server-encrypted': 'REDACTED'
    'Date': 'Sun, 28 Apr 2024 18:50:39 GMT'
[2024-04-28T18:50:40.416+0000] {_universal.py:514} INFO - Request URL: 'https://azureyellowcab.blob.core.windows.net/cabfiles/yellow_tripdata_2011-01.parquet'
Request method: 'GET'
Request headers:
    'x-ms-range': 'REDACTED'
    'If-Match': '"0x8DC67019256BC59"'
    'x-ms-version': 'REDACTED'
    'Accept': 'application/xml'
    'User-Agent': 'azsdk-python-storage-blob/12.19.1 Python/3.12.2 (Linux-6.6.22-linuxkit-x86_64-with-glibc2.36)'
    'x-ms-date': 'REDACTED'
    'x-ms-client-request-id': '3595025c-0590-11ef-b81c-0242c0a81004'
    'Authorization': 'REDACTED'
No body was attached to the request
[2024-04-28T18:50:40.491+0000] {_universal.py:550} INFO - Response status: 206
Response headers:
    'Content-Length': '4194304'
    'Content-Type': 'application/octet-stream'
    'Content-Range': 'REDACTED'
    'Last-Modified': 'Sat, 27 Apr 2024 21:32:42 GMT'
    'Accept-Ranges': 'REDACTED'
    'ETag': '"0x8DC67019256BC59"'
    'Server': 'Windows-Azure-Blob/1.0 Microsoft-HTTPAPI/2.0'
    'x-ms-request-id': '6d4018ef-201e-0061-1a9c-99ebdc000000'
    'x-ms-client-request-id': '3595025c-0590-11ef-b81c-0242c0a81004'
    'x-ms-version': 'REDACTED'
    'x-ms-creation-time': 'REDACTED'
    'x-ms-lease-status': 'REDACTED'
    'x-ms-lease-state': 'REDACTED'
    'x-ms-blob-type': 'REDACTED'
    'x-ms-server-encrypted': 'REDACTED'
    'Date': 'Sun, 28 Apr 2024 18:50:39 GMT'
[2024-04-28T18:50:41.078+0000] {_universal.py:514} INFO - Request URL: 'https://azureyellowcab.blob.core.windows.net/cabfiles/yellow_tripdata_2011-01.parquet'
Request method: 'GET'
Request headers:
    'x-ms-range': 'REDACTED'
    'If-Match': '"0x8DC67019256BC59"'
    'x-ms-version': 'REDACTED'
    'Accept': 'application/xml'
    'User-Agent': 'azsdk-python-storage-blob/12.19.1 Python/3.12.2 (Linux-6.6.22-linuxkit-x86_64-with-glibc2.36)'
    'x-ms-date': 'REDACTED'
    'x-ms-client-request-id': '35fa10ac-0590-11ef-b81c-0242c0a81004'
    'Authorization': 'REDACTED'
No body was attached to the request
[2024-04-28T18:50:41.188+0000] {_universal.py:550} INFO - Response status: 206
Response headers:
    'Content-Length': '4194304'
    'Content-Type': 'application/octet-stream'
    'Content-Range': 'REDACTED'
    'Last-Modified': 'Sat, 27 Apr 2024 21:32:42 GMT'
    'Accept-Ranges': 'REDACTED'
    'ETag': '"0x8DC67019256BC59"'
    'Server': 'Windows-Azure-Blob/1.0 Microsoft-HTTPAPI/2.0'
    'x-ms-request-id': '6d401acc-201e-0061-319c-99ebdc000000'
    'x-ms-client-request-id': '35fa10ac-0590-11ef-b81c-0242c0a81004'
    'x-ms-version': 'REDACTED'
    'x-ms-creation-time': 'REDACTED'
    'x-ms-lease-status': 'REDACTED'
    'x-ms-lease-state': 'REDACTED'
    'x-ms-blob-type': 'REDACTED'
    'x-ms-server-encrypted': 'REDACTED'
    'Date': 'Sun, 28 Apr 2024 18:50:40 GMT'
[2024-04-28T18:50:41.782+0000] {_universal.py:514} INFO - Request URL: 'https://azureyellowcab.blob.core.windows.net/cabfiles/yellow_tripdata_2011-01.parquet'
Request method: 'GET'
Request headers:
    'x-ms-range': 'REDACTED'
    'If-Match': '"0x8DC67019256BC59"'
    'x-ms-version': 'REDACTED'
    'Accept': 'application/xml'
    'User-Agent': 'azsdk-python-storage-blob/12.19.1 Python/3.12.2 (Linux-6.6.22-linuxkit-x86_64-with-glibc2.36)'
    'x-ms-date': 'REDACTED'
    'x-ms-client-request-id': '36657432-0590-11ef-b81c-0242c0a81004'
    'Authorization': 'REDACTED'
No body was attached to the request
[2024-04-28T18:50:41.890+0000] {_universal.py:550} INFO - Response status: 206
Response headers:
    'Content-Length': '3601974'
    'Content-Type': 'application/octet-stream'
    'Content-Range': 'REDACTED'
    'Last-Modified': 'Sat, 27 Apr 2024 21:32:42 GMT'
    'Accept-Ranges': 'REDACTED'
    'ETag': '"0x8DC67019256BC59"'
    'Server': 'Windows-Azure-Blob/1.0 Microsoft-HTTPAPI/2.0'
    'x-ms-request-id': '6d401d96-201e-0061-2c9c-99ebdc000000'
    'x-ms-client-request-id': '36657432-0590-11ef-b81c-0242c0a81004'
    'x-ms-version': 'REDACTED'
    'x-ms-creation-time': 'REDACTED'
    'x-ms-lease-status': 'REDACTED'
    'x-ms-lease-state': 'REDACTED'
    'x-ms-blob-type': 'REDACTED'
    'x-ms-server-encrypted': 'REDACTED'
    'Date': 'Sun, 28 Apr 2024 18:50:41 GMT'
[2024-04-28T18:50:45.035+0000] {python.py:237} INFO - Done. Returned value was: True
[2024-04-28T18:50:45.037+0000] {taskinstance.py:441} INFO - ::group::Post task execution logs
[2024-04-28T18:50:45.092+0000] {taskinstance.py:1205} INFO - Marking task as SUCCESS. dag_id=dag_yellow_cab, task_id=download_file, execution_date=20240428T185015, start_date=20240428T185016, end_date=20240428T185045
[2024-04-28T18:50:45.128+0000] {local_task_job_runner.py:240} INFO - Task exited with return code 0
[2024-04-28T18:50:45.173+0000] {taskinstance.py:3482} INFO - 1 downstream tasks scheduled from follow-on schedule check
[2024-04-28T18:50:45.175+0000] {local_task_job_runner.py:222} INFO - ::endgroup::
