[2024-05-02T01:20:57.793+0000] {local_task_job_runner.py:120} INFO - ::group::Pre task execution logs
[2024-05-02T01:20:57.812+0000] {taskinstance.py:2073} INFO - Dependencies all met for dep_context=non-requeueable deps ti=<TaskInstance: dag_yellow_cab.calculate_mean_time manual__2024-05-02T01:16:56.228948+00:00 [queued]>
[2024-05-02T01:20:57.819+0000] {taskinstance.py:2073} INFO - Dependencies all met for dep_context=requeueable deps ti=<TaskInstance: dag_yellow_cab.calculate_mean_time manual__2024-05-02T01:16:56.228948+00:00 [queued]>
[2024-05-02T01:20:57.820+0000] {taskinstance.py:2303} INFO - Starting attempt 1 of 1
[2024-05-02T01:20:57.832+0000] {taskinstance.py:2327} INFO - Executing <Task(PythonOperator): calculate_mean_time> on 2024-05-02 01:16:56.228948+00:00
[2024-05-02T01:20:57.836+0000] {warnings.py:110} WARNING - /home/***/.local/lib/python3.12/site-packages/***/task/task_runner/standard_task_runner.py:61: DeprecationWarning: This process (pid=139) is multi-threaded, use of fork() may lead to deadlocks in the child.
  pid = os.fork()

[2024-05-02T01:20:57.838+0000] {standard_task_runner.py:63} INFO - Started process 141 to run task
[2024-05-02T01:20:57.838+0000] {standard_task_runner.py:90} INFO - Running: ['***', 'tasks', 'run', 'dag_yellow_cab', 'calculate_mean_time', 'manual__2024-05-02T01:16:56.228948+00:00', '--job-id', '48', '--raw', '--subdir', 'DAGS_FOLDER/dag.py', '--cfg-path', '/tmp/tmpqqqezkow']
[2024-05-02T01:20:57.841+0000] {standard_task_runner.py:91} INFO - Job 48: Subtask calculate_mean_time
[2024-05-02T01:20:57.883+0000] {task_command.py:426} INFO - Running <TaskInstance: dag_yellow_cab.calculate_mean_time manual__2024-05-02T01:16:56.228948+00:00 [running]> on host 1acb19f7a92d
[2024-05-02T01:20:57.957+0000] {taskinstance.py:2644} INFO - Exporting env vars: AIRFLOW_CTX_DAG_OWNER='***' AIRFLOW_CTX_DAG_ID='dag_yellow_cab' AIRFLOW_CTX_TASK_ID='calculate_mean_time' AIRFLOW_CTX_EXECUTION_DATE='2024-05-02T01:16:56.228948+00:00' AIRFLOW_CTX_TRY_NUMBER='1' AIRFLOW_CTX_DAG_RUN_ID='manual__2024-05-02T01:16:56.228948+00:00'
[2024-05-02T01:20:57.958+0000] {taskinstance.py:430} INFO - ::endgroup::
[2024-05-02T01:20:57.971+0000] {scripts.py:73} INFO - Start average calculation
[2024-05-02T01:21:01.931+0000] {scripts.py:76} INFO - calculation completed
[2024-05-02T01:21:01.935+0000] {scripts.py:85} INFO - generating file
[2024-05-02T01:21:01.938+0000] {scripts.py:98} INFO - uploading file to blob storage
[2024-05-02T01:21:01.943+0000] {_universal.py:511} INFO - Request URL: 'https://azureyellowcab.blob.core.windows.net/results/2011-1.txt'
Request method: 'PUT'
Request headers:
    'Content-Length': '130'
    'x-ms-blob-type': 'REDACTED'
    'If-None-Match': '*'
    'x-ms-version': 'REDACTED'
    'Content-Type': 'application/octet-stream'
    'Accept': 'application/xml'
    'User-Agent': 'azsdk-python-storage-blob/12.19.1 Python/3.12.2 (Linux-6.6.22-linuxkit-x86_64-with-glibc2.36)'
    'x-ms-date': 'REDACTED'
    'x-ms-client-request-id': '3d239738-0822-11ef-b593-0242ac140004'
    'Authorization': 'REDACTED'
A body is sent with the request
[2024-05-02T01:21:02.327+0000] {_universal.py:550} INFO - Response status: 201
Response headers:
    'Content-Length': '0'
    'Content-MD5': 'REDACTED'
    'Last-Modified': 'Thu, 02 May 2024 01:21:02 GMT'
    'ETag': '"0x8DC6A4621A2D4CF"'
    'Server': 'Windows-Azure-Blob/1.0 Microsoft-HTTPAPI/2.0'
    'x-ms-request-id': '335562cc-601e-005f-2b2e-9c7ca3000000'
    'x-ms-client-request-id': '3d239738-0822-11ef-b593-0242ac140004'
    'x-ms-version': 'REDACTED'
    'x-ms-content-crc64': 'REDACTED'
    'x-ms-request-server-encrypted': 'REDACTED'
    'Date': 'Thu, 02 May 2024 01:21:01 GMT'
[2024-05-02T01:21:02.330+0000] {scripts.py:104} INFO - Upload completed
[2024-05-02T01:21:02.331+0000] {python.py:237} INFO - Done. Returned value was: None
[2024-05-02T01:21:02.332+0000] {taskinstance.py:441} INFO - ::group::Post task execution logs
[2024-05-02T01:21:02.344+0000] {taskinstance.py:1205} INFO - Marking task as SUCCESS. dag_id=dag_yellow_cab, task_id=calculate_mean_time, execution_date=20240502T011656, start_date=20240502T012057, end_date=20240502T012102
[2024-05-02T01:21:02.365+0000] {local_task_job_runner.py:240} INFO - Task exited with return code 0
[2024-05-02T01:21:02.384+0000] {taskinstance.py:3482} INFO - 0 downstream tasks scheduled from follow-on schedule check
[2024-05-02T01:21:02.386+0000] {local_task_job_runner.py:222} INFO - ::endgroup::
