[2024-04-30T05:22:54.969+0000] {local_task_job_runner.py:120} INFO - ::group::Pre task execution logs
[2024-04-30T05:22:54.987+0000] {taskinstance.py:2073} INFO - Dependencies all met for dep_context=non-requeueable deps ti=<TaskInstance: dag_yellow_cab.load_data manual__2024-04-30T05:22:23.190802+00:00 [queued]>
[2024-04-30T05:22:54.995+0000] {taskinstance.py:2073} INFO - Dependencies all met for dep_context=requeueable deps ti=<TaskInstance: dag_yellow_cab.load_data manual__2024-04-30T05:22:23.190802+00:00 [queued]>
[2024-04-30T05:22:54.995+0000] {taskinstance.py:2303} INFO - Starting attempt 1 of 1
[2024-04-30T05:22:55.007+0000] {taskinstance.py:2327} INFO - Executing <Task(PythonOperator): load_data> on 2024-04-30 05:22:23.190802+00:00
[2024-04-30T05:22:55.013+0000] {warnings.py:110} WARNING - /home/***/.local/lib/python3.12/site-packages/***/task/task_runner/standard_task_runner.py:61: DeprecationWarning: This process (pid=359) is multi-threaded, use of fork() may lead to deadlocks in the child.
  pid = os.fork()

[2024-04-30T05:22:55.015+0000] {standard_task_runner.py:63} INFO - Started process 361 to run task
[2024-04-30T05:22:55.015+0000] {standard_task_runner.py:90} INFO - Running: ['***', 'tasks', 'run', 'dag_yellow_cab', 'load_data', 'manual__2024-04-30T05:22:23.190802+00:00', '--job-id', '184', '--raw', '--subdir', 'DAGS_FOLDER/dag.py', '--cfg-path', '/tmp/tmpkamryu65']
[2024-04-30T05:22:55.017+0000] {standard_task_runner.py:91} INFO - Job 184: Subtask load_data
[2024-04-30T05:22:55.063+0000] {task_command.py:426} INFO - Running <TaskInstance: dag_yellow_cab.load_data manual__2024-04-30T05:22:23.190802+00:00 [running]> on host e36dc0515470
[2024-04-30T05:22:55.147+0000] {taskinstance.py:2644} INFO - Exporting env vars: AIRFLOW_CTX_DAG_OWNER='***' AIRFLOW_CTX_DAG_ID='dag_yellow_cab' AIRFLOW_CTX_TASK_ID='load_data' AIRFLOW_CTX_EXECUTION_DATE='2024-04-30T05:22:23.190802+00:00' AIRFLOW_CTX_TRY_NUMBER='1' AIRFLOW_CTX_DAG_RUN_ID='manual__2024-04-30T05:22:23.190802+00:00'
[2024-04-30T05:22:55.149+0000] {taskinstance.py:430} INFO - ::endgroup::
[2024-04-30T05:22:55.162+0000] {logging_mixin.py:188} INFO - passed engine creation
[2024-04-30T05:22:55.164+0000] {logging_mixin.py:188} INFO - enter for loop
[2024-04-30T05:22:55.164+0000] {logging_mixin.py:188} INFO - enter for loop
[2024-04-30T05:22:55.165+0000] {logging_mixin.py:188} INFO - enter if loop
[2024-04-30T05:22:55.165+0000] {logging_mixin.py:188} INFO - enter file_upload function
[2024-04-30T05:22:55.166+0000] {logging_mixin.py:188} INFO - read filepath
[2024-04-30T05:22:55.166+0000] {logging_mixin.py:188} INFO - /opt/***/dags/files/yellow_tripdata_2011-02.parquet
[2024-04-30T05:22:56.597+0000] {local_task_job_runner.py:240} INFO - Task exited with return code -9
[2024-04-30T05:22:56.659+0000] {taskinstance.py:3482} INFO - 0 downstream tasks scheduled from follow-on schedule check
[2024-04-30T05:22:56.661+0000] {local_task_job_runner.py:222} INFO - ::endgroup::
