[2024-04-30T08:46:23.002+0000] {local_task_job_runner.py:120} INFO - ::group::Pre task execution logs
[2024-04-30T08:46:23.024+0000] {taskinstance.py:2073} INFO - Dependencies all met for dep_context=non-requeueable deps ti=<TaskInstance: dag_yellow_cab.load_data manual__2024-04-30T08:34:08.803908+00:00 [queued]>
[2024-04-30T08:46:23.032+0000] {taskinstance.py:2073} INFO - Dependencies all met for dep_context=requeueable deps ti=<TaskInstance: dag_yellow_cab.load_data manual__2024-04-30T08:34:08.803908+00:00 [queued]>
[2024-04-30T08:46:23.033+0000] {taskinstance.py:2303} INFO - Starting attempt 1 of 1
[2024-04-30T08:46:23.046+0000] {taskinstance.py:2327} INFO - Executing <Task(PythonOperator): load_data> on 2024-04-30 08:34:08.803908+00:00
[2024-04-30T08:46:23.053+0000] {warnings.py:110} WARNING - /home/***/.local/lib/python3.12/site-packages/***/task/task_runner/standard_task_runner.py:61: DeprecationWarning: This process (pid=230) is multi-threaded, use of fork() may lead to deadlocks in the child.
  pid = os.fork()

[2024-04-30T08:46:23.055+0000] {standard_task_runner.py:63} INFO - Started process 232 to run task
[2024-04-30T08:46:23.054+0000] {standard_task_runner.py:90} INFO - Running: ['***', 'tasks', 'run', 'dag_yellow_cab', 'load_data', 'manual__2024-04-30T08:34:08.803908+00:00', '--job-id', '224', '--raw', '--subdir', 'DAGS_FOLDER/dag.py', '--cfg-path', '/tmp/tmpfdobv2ky']
[2024-04-30T08:46:23.057+0000] {standard_task_runner.py:91} INFO - Job 224: Subtask load_data
[2024-04-30T08:46:23.101+0000] {task_command.py:426} INFO - Running <TaskInstance: dag_yellow_cab.load_data manual__2024-04-30T08:34:08.803908+00:00 [running]> on host b8144747b9c7
[2024-04-30T08:46:23.188+0000] {taskinstance.py:2644} INFO - Exporting env vars: AIRFLOW_CTX_DAG_OWNER='***' AIRFLOW_CTX_DAG_ID='dag_yellow_cab' AIRFLOW_CTX_TASK_ID='load_data' AIRFLOW_CTX_EXECUTION_DATE='2024-04-30T08:34:08.803908+00:00' AIRFLOW_CTX_TRY_NUMBER='1' AIRFLOW_CTX_DAG_RUN_ID='manual__2024-04-30T08:34:08.803908+00:00'
[2024-04-30T08:46:23.190+0000] {taskinstance.py:430} INFO - ::endgroup::
[2024-04-30T08:46:23.208+0000] {logging_mixin.py:188} INFO - passed engine creation
[2024-04-30T08:46:23.211+0000] {logging_mixin.py:188} INFO - enter for loop
[2024-04-30T08:46:23.212+0000] {logging_mixin.py:188} INFO - enter for loop
[2024-04-30T08:46:23.212+0000] {logging_mixin.py:188} INFO - enter for loop
[2024-04-30T08:46:23.212+0000] {logging_mixin.py:188} INFO - enter for loop
[2024-04-30T08:46:23.213+0000] {logging_mixin.py:188} INFO - enter if loop
[2024-04-30T08:46:23.213+0000] {logging_mixin.py:188} INFO - enter file_upload function
[2024-04-30T08:46:23.214+0000] {logging_mixin.py:188} INFO - read filepath
[2024-04-30T08:46:23.214+0000] {logging_mixin.py:188} INFO - /opt/***/dags/files/yellow_tripdata_2011-02.parquet
[2024-04-30T08:46:24.402+0000] {local_task_job_runner.py:240} INFO - Task exited with return code -9
[2024-04-30T08:46:24.457+0000] {taskinstance.py:3482} INFO - 0 downstream tasks scheduled from follow-on schedule check
[2024-04-30T08:46:24.501+0000] {local_task_job_runner.py:222} INFO - ::endgroup::
