[2024-04-28T19:41:30.597+0000] {local_task_job_runner.py:120} INFO - ::group::Pre task execution logs
[2024-04-28T19:41:30.617+0000] {taskinstance.py:2073} INFO - Dependencies all met for dep_context=non-requeueable deps ti=<TaskInstance: dag_yellow_cab.download_file manual__2024-04-28T19:41:25.745203+00:00 [queued]>
[2024-04-28T19:41:30.624+0000] {taskinstance.py:2073} INFO - Dependencies all met for dep_context=requeueable deps ti=<TaskInstance: dag_yellow_cab.download_file manual__2024-04-28T19:41:25.745203+00:00 [queued]>
[2024-04-28T19:41:30.624+0000] {taskinstance.py:2303} INFO - Starting attempt 1 of 1
[2024-04-28T19:41:30.637+0000] {taskinstance.py:2327} INFO - Executing <Task(PythonOperator): download_file> on 2024-04-28 19:41:25.745203+00:00
[2024-04-28T19:41:30.643+0000] {warnings.py:110} WARNING - /home/***/.local/lib/python3.12/site-packages/***/task/task_runner/standard_task_runner.py:61: DeprecationWarning: This process (pid=768) is multi-threaded, use of fork() may lead to deadlocks in the child.
  pid = os.fork()

[2024-04-28T19:41:30.645+0000] {standard_task_runner.py:63} INFO - Started process 770 to run task
[2024-04-28T19:41:30.646+0000] {standard_task_runner.py:90} INFO - Running: ['***', 'tasks', 'run', 'dag_yellow_cab', 'download_file', 'manual__2024-04-28T19:41:25.745203+00:00', '--job-id', '55', '--raw', '--subdir', 'DAGS_FOLDER/data_pipeline_cab.py', '--cfg-path', '/tmp/tmpb2s6aos8']
[2024-04-28T19:41:30.649+0000] {standard_task_runner.py:91} INFO - Job 55: Subtask download_file
[2024-04-28T19:41:30.691+0000] {task_command.py:426} INFO - Running <TaskInstance: dag_yellow_cab.download_file manual__2024-04-28T19:41:25.745203+00:00 [running]> on host 3b50846985b8
[2024-04-28T19:41:30.777+0000] {taskinstance.py:2644} INFO - Exporting env vars: AIRFLOW_CTX_DAG_OWNER='***' AIRFLOW_CTX_DAG_ID='dag_yellow_cab' AIRFLOW_CTX_TASK_ID='download_file' AIRFLOW_CTX_EXECUTION_DATE='2024-04-28T19:41:25.745203+00:00' AIRFLOW_CTX_TRY_NUMBER='1' AIRFLOW_CTX_DAG_RUN_ID='manual__2024-04-28T19:41:25.745203+00:00'
[2024-04-28T19:41:30.778+0000] {taskinstance.py:430} INFO - ::endgroup::
[2024-04-28T19:41:30.795+0000] {_universal.py:514} INFO - Request URL: 'https://azureyellowcab.blob.core.windows.net/cabfiles?restype=REDACTED&comp=REDACTED'
Request method: 'GET'
Request headers:
    'x-ms-version': 'REDACTED'
    'Accept': 'application/xml'
    'User-Agent': 'azsdk-python-storage-blob/12.19.1 Python/3.12.2 (Linux-6.6.22-linuxkit-x86_64-with-glibc2.36)'
    'x-ms-date': 'REDACTED'
    'x-ms-client-request-id': '4fbfc250-0597-11ef-bd46-0242c0a81004'
    'Authorization': 'REDACTED'
No body was attached to the request
[2024-04-28T19:41:31.307+0000] {_universal.py:550} INFO - Response status: 200
Response headers:
    'Transfer-Encoding': 'chunked'
    'Content-Type': 'application/xml'
    'Server': 'Windows-Azure-Blob/1.0 Microsoft-HTTPAPI/2.0'
    'x-ms-request-id': '574e6741-b01e-0063-64a4-995564000000'
    'x-ms-client-request-id': '4fbfc250-0597-11ef-bd46-0242c0a81004'
    'x-ms-version': 'REDACTED'
    'Date': 'Sun, 28 Apr 2024 19:41:31 GMT'
[2024-04-28T19:41:31.316+0000] {_universal.py:514} INFO - Request URL: 'https://azureyellowcab.blob.core.windows.net/cabfiles/CertificateReport.pdf'
Request method: 'GET'
Request headers:
    'x-ms-range': 'REDACTED'
    'x-ms-version': 'REDACTED'
    'Accept': 'application/xml'
    'User-Agent': 'azsdk-python-storage-blob/12.19.1 Python/3.12.2 (Linux-6.6.22-linuxkit-x86_64-with-glibc2.36)'
    'x-ms-date': 'REDACTED'
    'x-ms-client-request-id': '500f4cb2-0597-11ef-bd46-0242c0a81004'
    'Authorization': 'REDACTED'
No body was attached to the request
[2024-04-28T19:41:31.398+0000] {_universal.py:550} INFO - Response status: 206
Response headers:
    'Content-Length': '11228110'
    'Content-Type': 'application/octet-stream'
    'Content-Range': 'REDACTED'
    'Last-Modified': 'Sun, 28 Apr 2024 18:36:38 GMT'
    'Accept-Ranges': 'REDACTED'
    'ETag': '"0x8DC67B22436B032"'
    'Server': 'Windows-Azure-Blob/1.0 Microsoft-HTTPAPI/2.0'
    'x-ms-request-id': '574e6796-b01e-0063-24a4-995564000000'
    'x-ms-client-request-id': '500f4cb2-0597-11ef-bd46-0242c0a81004'
    'x-ms-version': 'REDACTED'
    'x-ms-creation-time': 'REDACTED'
    'x-ms-lease-status': 'REDACTED'
    'x-ms-lease-state': 'REDACTED'
    'x-ms-blob-type': 'REDACTED'
    'x-ms-server-encrypted': 'REDACTED'
    'Date': 'Sun, 28 Apr 2024 19:41:31 GMT'
[2024-04-28T19:41:32.890+0000] {_universal.py:514} INFO - Request URL: 'https://azureyellowcab.blob.core.windows.net/cabfiles/yellow_tripdata_2011-01.parquet'
Request method: 'GET'
Request headers:
    'x-ms-range': 'REDACTED'
    'x-ms-version': 'REDACTED'
    'Accept': 'application/xml'
    'User-Agent': 'azsdk-python-storage-blob/12.19.1 Python/3.12.2 (Linux-6.6.22-linuxkit-x86_64-with-glibc2.36)'
    'x-ms-date': 'REDACTED'
    'x-ms-client-request-id': '50ff9a96-0597-11ef-bd46-0242c0a81004'
    'Authorization': 'REDACTED'
No body was attached to the request
[2024-04-28T19:41:33.025+0000] {_universal.py:550} INFO - Response status: 206
Response headers:
    'Content-Length': '33554432'
    'Content-Type': 'application/octet-stream'
    'Content-Range': 'REDACTED'
    'Last-Modified': 'Sat, 27 Apr 2024 21:32:42 GMT'
    'Accept-Ranges': 'REDACTED'
    'ETag': '"0x8DC67019256BC59"'
    'Server': 'Windows-Azure-Blob/1.0 Microsoft-HTTPAPI/2.0'
    'x-ms-request-id': '574e6d04-b01e-0063-7fa4-995564000000'
    'x-ms-client-request-id': '50ff9a96-0597-11ef-bd46-0242c0a81004'
    'x-ms-version': 'REDACTED'
    'x-ms-creation-time': 'REDACTED'
    'x-ms-lease-status': 'REDACTED'
    'x-ms-lease-state': 'REDACTED'
    'x-ms-blob-type': 'REDACTED'
    'x-ms-server-encrypted': 'REDACTED'
    'Date': 'Sun, 28 Apr 2024 19:41:32 GMT'
[2024-04-28T19:41:37.459+0000] {_universal.py:514} INFO - Request URL: 'https://azureyellowcab.blob.core.windows.net/cabfiles/yellow_tripdata_2011-01.parquet'
Request method: 'GET'
Request headers:
    'x-ms-range': 'REDACTED'
    'If-Match': '"0x8DC67019256BC59"'
    'x-ms-version': 'REDACTED'
    'Accept': 'application/xml'
    'User-Agent': 'azsdk-python-storage-blob/12.19.1 Python/3.12.2 (Linux-6.6.22-linuxkit-x86_64-with-glibc2.36)'
    'x-ms-date': 'REDACTED'
    'x-ms-client-request-id': '53b8b628-0597-11ef-bd46-0242c0a81004'
    'Authorization': 'REDACTED'
No body was attached to the request
[2024-04-28T19:41:37.553+0000] {_universal.py:550} INFO - Response status: 206
Response headers:
    'Content-Length': '4194304'
    'Content-Type': 'application/octet-stream'
    'Content-Range': 'REDACTED'
    'Last-Modified': 'Sat, 27 Apr 2024 21:32:42 GMT'
    'Accept-Ranges': 'REDACTED'
    'ETag': '"0x8DC67019256BC59"'
    'Server': 'Windows-Azure-Blob/1.0 Microsoft-HTTPAPI/2.0'
    'x-ms-request-id': '574e7e18-b01e-0063-10a4-995564000000'
    'x-ms-client-request-id': '53b8b628-0597-11ef-bd46-0242c0a81004'
    'x-ms-version': 'REDACTED'
    'x-ms-creation-time': 'REDACTED'
    'x-ms-lease-status': 'REDACTED'
    'x-ms-lease-state': 'REDACTED'
    'x-ms-blob-type': 'REDACTED'
    'x-ms-server-encrypted': 'REDACTED'
    'Date': 'Sun, 28 Apr 2024 19:41:37 GMT'
[2024-04-28T19:41:38.757+0000] {_universal.py:514} INFO - Request URL: 'https://azureyellowcab.blob.core.windows.net/cabfiles/yellow_tripdata_2011-01.parquet'
Request method: 'GET'
Request headers:
    'x-ms-range': 'REDACTED'
    'If-Match': '"0x8DC67019256BC59"'
    'x-ms-version': 'REDACTED'
    'Accept': 'application/xml'
    'User-Agent': 'azsdk-python-storage-blob/12.19.1 Python/3.12.2 (Linux-6.6.22-linuxkit-x86_64-with-glibc2.36)'
    'x-ms-date': 'REDACTED'
    'x-ms-client-request-id': '547ec58e-0597-11ef-bd46-0242c0a81004'
    'Authorization': 'REDACTED'
No body was attached to the request
[2024-04-28T19:41:38.930+0000] {_universal.py:550} INFO - Response status: 206
Response headers:
    'Content-Length': '4194304'
    'Content-Type': 'application/octet-stream'
    'Content-Range': 'REDACTED'
    'Last-Modified': 'Sat, 27 Apr 2024 21:32:42 GMT'
    'Accept-Ranges': 'REDACTED'
    'ETag': '"0x8DC67019256BC59"'
    'Server': 'Windows-Azure-Blob/1.0 Microsoft-HTTPAPI/2.0'
    'x-ms-request-id': '574e83ce-b01e-0063-42a4-995564000000'
    'x-ms-client-request-id': '547ec58e-0597-11ef-bd46-0242c0a81004'
    'x-ms-version': 'REDACTED'
    'x-ms-creation-time': 'REDACTED'
    'x-ms-lease-status': 'REDACTED'
    'x-ms-lease-state': 'REDACTED'
    'x-ms-blob-type': 'REDACTED'
    'x-ms-server-encrypted': 'REDACTED'
    'Date': 'Sun, 28 Apr 2024 19:41:38 GMT'
[2024-04-28T19:41:40.077+0000] {_universal.py:514} INFO - Request URL: 'https://azureyellowcab.blob.core.windows.net/cabfiles/yellow_tripdata_2011-01.parquet'
Request method: 'GET'
Request headers:
    'x-ms-range': 'REDACTED'
    'If-Match': '"0x8DC67019256BC59"'
    'x-ms-version': 'REDACTED'
    'Accept': 'application/xml'
    'User-Agent': 'azsdk-python-storage-blob/12.19.1 Python/3.12.2 (Linux-6.6.22-linuxkit-x86_64-with-glibc2.36)'
    'x-ms-date': 'REDACTED'
    'x-ms-client-request-id': '55482e60-0597-11ef-bd46-0242c0a81004'
    'Authorization': 'REDACTED'
No body was attached to the request
[2024-04-28T19:41:40.155+0000] {_universal.py:550} INFO - Response status: 206
Response headers:
    'Content-Length': '4194304'
    'Content-Type': 'application/octet-stream'
    'Content-Range': 'REDACTED'
    'Last-Modified': 'Sat, 27 Apr 2024 21:32:42 GMT'
    'Accept-Ranges': 'REDACTED'
    'ETag': '"0x8DC67019256BC59"'
    'Server': 'Windows-Azure-Blob/1.0 Microsoft-HTTPAPI/2.0'
    'x-ms-request-id': '574e8a33-b01e-0063-2ea4-995564000000'
    'x-ms-client-request-id': '55482e60-0597-11ef-bd46-0242c0a81004'
    'x-ms-version': 'REDACTED'
    'x-ms-creation-time': 'REDACTED'
    'x-ms-lease-status': 'REDACTED'
    'x-ms-lease-state': 'REDACTED'
    'x-ms-blob-type': 'REDACTED'
    'x-ms-server-encrypted': 'REDACTED'
    'Date': 'Sun, 28 Apr 2024 19:41:39 GMT'
[2024-04-28T19:41:41.707+0000] {_universal.py:514} INFO - Request URL: 'https://azureyellowcab.blob.core.windows.net/cabfiles/yellow_tripdata_2011-01.parquet'
Request method: 'GET'
Request headers:
    'x-ms-range': 'REDACTED'
    'If-Match': '"0x8DC67019256BC59"'
    'x-ms-version': 'REDACTED'
    'Accept': 'application/xml'
    'User-Agent': 'azsdk-python-storage-blob/12.19.1 Python/3.12.2 (Linux-6.6.22-linuxkit-x86_64-with-glibc2.36)'
    'x-ms-date': 'REDACTED'
    'x-ms-client-request-id': '5640f1da-0597-11ef-bd46-0242c0a81004'
    'Authorization': 'REDACTED'
No body was attached to the request
[2024-04-28T19:41:41.830+0000] {_universal.py:550} INFO - Response status: 206
Response headers:
    'Content-Length': '4194304'
    'Content-Type': 'application/octet-stream'
    'Content-Range': 'REDACTED'
    'Last-Modified': 'Sat, 27 Apr 2024 21:32:42 GMT'
    'Accept-Ranges': 'REDACTED'
    'ETag': '"0x8DC67019256BC59"'
    'Server': 'Windows-Azure-Blob/1.0 Microsoft-HTTPAPI/2.0'
    'x-ms-request-id': '574e9282-b01e-0063-66a4-995564000000'
    'x-ms-client-request-id': '5640f1da-0597-11ef-bd46-0242c0a81004'
    'x-ms-version': 'REDACTED'
    'x-ms-creation-time': 'REDACTED'
    'x-ms-lease-status': 'REDACTED'
    'x-ms-lease-state': 'REDACTED'
    'x-ms-blob-type': 'REDACTED'
    'x-ms-server-encrypted': 'REDACTED'
    'Date': 'Sun, 28 Apr 2024 19:41:41 GMT'
[2024-04-28T19:41:42.987+0000] {_universal.py:514} INFO - Request URL: 'https://azureyellowcab.blob.core.windows.net/cabfiles/yellow_tripdata_2011-01.parquet'
Request method: 'GET'
Request headers:
    'x-ms-range': 'REDACTED'
    'If-Match': '"0x8DC67019256BC59"'
    'x-ms-version': 'REDACTED'
    'Accept': 'application/xml'
    'User-Agent': 'azsdk-python-storage-blob/12.19.1 Python/3.12.2 (Linux-6.6.22-linuxkit-x86_64-with-glibc2.36)'
    'x-ms-date': 'REDACTED'
    'x-ms-client-request-id': '57043690-0597-11ef-bd46-0242c0a81004'
    'Authorization': 'REDACTED'
No body was attached to the request
[2024-04-28T19:41:43.074+0000] {_universal.py:550} INFO - Response status: 206
Response headers:
    'Content-Length': '4194304'
    'Content-Type': 'application/octet-stream'
    'Content-Range': 'REDACTED'
    'Last-Modified': 'Sat, 27 Apr 2024 21:32:42 GMT'
    'Accept-Ranges': 'REDACTED'
    'ETag': '"0x8DC67019256BC59"'
    'Server': 'Windows-Azure-Blob/1.0 Microsoft-HTTPAPI/2.0'
    'x-ms-request-id': '574e97ed-b01e-0063-65a4-995564000000'
    'x-ms-client-request-id': '57043690-0597-11ef-bd46-0242c0a81004'
    'x-ms-version': 'REDACTED'
    'x-ms-creation-time': 'REDACTED'
    'x-ms-lease-status': 'REDACTED'
    'x-ms-lease-state': 'REDACTED'
    'x-ms-blob-type': 'REDACTED'
    'x-ms-server-encrypted': 'REDACTED'
    'Date': 'Sun, 28 Apr 2024 19:41:42 GMT'
[2024-04-28T19:41:44.205+0000] {_universal.py:514} INFO - Request URL: 'https://azureyellowcab.blob.core.windows.net/cabfiles/yellow_tripdata_2011-01.parquet'
Request method: 'GET'
Request headers:
    'x-ms-range': 'REDACTED'
    'If-Match': '"0x8DC67019256BC59"'
    'x-ms-version': 'REDACTED'
    'Accept': 'application/xml'
    'User-Agent': 'azsdk-python-storage-blob/12.19.1 Python/3.12.2 (Linux-6.6.22-linuxkit-x86_64-with-glibc2.36)'
    'x-ms-date': 'REDACTED'
    'x-ms-client-request-id': '57be1e8e-0597-11ef-bd46-0242c0a81004'
    'Authorization': 'REDACTED'
No body was attached to the request
[2024-04-28T19:41:44.344+0000] {_universal.py:550} INFO - Response status: 206
Response headers:
    'Content-Length': '4194304'
    'Content-Type': 'application/octet-stream'
    'Content-Range': 'REDACTED'
    'Last-Modified': 'Sat, 27 Apr 2024 21:32:42 GMT'
    'Accept-Ranges': 'REDACTED'
    'ETag': '"0x8DC67019256BC59"'
    'Server': 'Windows-Azure-Blob/1.0 Microsoft-HTTPAPI/2.0'
    'x-ms-request-id': '574e9d31-b01e-0063-46a4-995564000000'
    'x-ms-client-request-id': '57be1e8e-0597-11ef-bd46-0242c0a81004'
    'x-ms-version': 'REDACTED'
    'x-ms-creation-time': 'REDACTED'
    'x-ms-lease-status': 'REDACTED'
    'x-ms-lease-state': 'REDACTED'
    'x-ms-blob-type': 'REDACTED'
    'x-ms-server-encrypted': 'REDACTED'
    'Date': 'Sun, 28 Apr 2024 19:41:44 GMT'
[2024-04-28T19:41:45.964+0000] {_universal.py:514} INFO - Request URL: 'https://azureyellowcab.blob.core.windows.net/cabfiles/yellow_tripdata_2011-01.parquet'
Request method: 'GET'
Request headers:
    'x-ms-range': 'REDACTED'
    'If-Match': '"0x8DC67019256BC59"'
    'x-ms-version': 'REDACTED'
    'Accept': 'application/xml'
    'User-Agent': 'azsdk-python-storage-blob/12.19.1 Python/3.12.2 (Linux-6.6.22-linuxkit-x86_64-with-glibc2.36)'
    'x-ms-date': 'REDACTED'
    'x-ms-client-request-id': '58ca7926-0597-11ef-bd46-0242c0a81004'
    'Authorization': 'REDACTED'
No body was attached to the request
[2024-04-28T19:41:46.132+0000] {_universal.py:550} INFO - Response status: 206
Response headers:
    'Content-Length': '4194304'
    'Content-Type': 'application/octet-stream'
    'Content-Range': 'REDACTED'
    'Last-Modified': 'Sat, 27 Apr 2024 21:32:42 GMT'
    'Accept-Ranges': 'REDACTED'
    'ETag': '"0x8DC67019256BC59"'
    'Server': 'Windows-Azure-Blob/1.0 Microsoft-HTTPAPI/2.0'
    'x-ms-request-id': '574ea541-b01e-0063-23a4-995564000000'
    'x-ms-client-request-id': '58ca7926-0597-11ef-bd46-0242c0a81004'
    'x-ms-version': 'REDACTED'
    'x-ms-creation-time': 'REDACTED'
    'x-ms-lease-status': 'REDACTED'
    'x-ms-lease-state': 'REDACTED'
    'x-ms-blob-type': 'REDACTED'
    'x-ms-server-encrypted': 'REDACTED'
    'Date': 'Sun, 28 Apr 2024 19:41:45 GMT'
[2024-04-28T19:41:47.687+0000] {_universal.py:514} INFO - Request URL: 'https://azureyellowcab.blob.core.windows.net/cabfiles/yellow_tripdata_2011-01.parquet'
Request method: 'GET'
Request headers:
    'x-ms-range': 'REDACTED'
    'If-Match': '"0x8DC67019256BC59"'
    'x-ms-version': 'REDACTED'
    'Accept': 'application/xml'
    'User-Agent': 'azsdk-python-storage-blob/12.19.1 Python/3.12.2 (Linux-6.6.22-linuxkit-x86_64-with-glibc2.36)'
    'x-ms-date': 'REDACTED'
    'x-ms-client-request-id': '59d1642e-0597-11ef-bd46-0242c0a81004'
    'Authorization': 'REDACTED'
No body was attached to the request
[2024-04-28T19:41:47.810+0000] {_universal.py:550} INFO - Response status: 206
Response headers:
    'Content-Length': '4194304'
    'Content-Type': 'application/octet-stream'
    'Content-Range': 'REDACTED'
    'Last-Modified': 'Sat, 27 Apr 2024 21:32:42 GMT'
    'Accept-Ranges': 'REDACTED'
    'ETag': '"0x8DC67019256BC59"'
    'Server': 'Windows-Azure-Blob/1.0 Microsoft-HTTPAPI/2.0'
    'x-ms-request-id': '574eac7b-b01e-0063-1ca4-995564000000'
    'x-ms-client-request-id': '59d1642e-0597-11ef-bd46-0242c0a81004'
    'x-ms-version': 'REDACTED'
    'x-ms-creation-time': 'REDACTED'
    'x-ms-lease-status': 'REDACTED'
    'x-ms-lease-state': 'REDACTED'
    'x-ms-blob-type': 'REDACTED'
    'x-ms-server-encrypted': 'REDACTED'
    'Date': 'Sun, 28 Apr 2024 19:41:47 GMT'
[2024-04-28T19:41:49.132+0000] {_universal.py:514} INFO - Request URL: 'https://azureyellowcab.blob.core.windows.net/cabfiles/yellow_tripdata_2011-01.parquet'
Request method: 'GET'
Request headers:
    'x-ms-range': 'REDACTED'
    'If-Match': '"0x8DC67019256BC59"'
    'x-ms-version': 'REDACTED'
    'Accept': 'application/xml'
    'User-Agent': 'azsdk-python-storage-blob/12.19.1 Python/3.12.2 (Linux-6.6.22-linuxkit-x86_64-with-glibc2.36)'
    'x-ms-date': 'REDACTED'
    'x-ms-client-request-id': '5aade3a4-0597-11ef-bd46-0242c0a81004'
    'Authorization': 'REDACTED'
No body was attached to the request
[2024-04-28T19:41:49.260+0000] {_universal.py:550} INFO - Response status: 206
Response headers:
    'Content-Length': '4194304'
    'Content-Type': 'application/octet-stream'
    'Content-Range': 'REDACTED'
    'Last-Modified': 'Sat, 27 Apr 2024 21:32:42 GMT'
    'Accept-Ranges': 'REDACTED'
    'ETag': '"0x8DC67019256BC59"'
    'Server': 'Windows-Azure-Blob/1.0 Microsoft-HTTPAPI/2.0'
    'x-ms-request-id': '574eb2bd-b01e-0063-71a4-995564000000'
    'x-ms-client-request-id': '5aade3a4-0597-11ef-bd46-0242c0a81004'
    'x-ms-version': 'REDACTED'
    'x-ms-creation-time': 'REDACTED'
    'x-ms-lease-status': 'REDACTED'
    'x-ms-lease-state': 'REDACTED'
    'x-ms-blob-type': 'REDACTED'
    'x-ms-server-encrypted': 'REDACTED'
    'Date': 'Sun, 28 Apr 2024 19:41:48 GMT'
[2024-04-28T19:41:50.657+0000] {_universal.py:514} INFO - Request URL: 'https://azureyellowcab.blob.core.windows.net/cabfiles/yellow_tripdata_2011-01.parquet'
Request method: 'GET'
Request headers:
    'x-ms-range': 'REDACTED'
    'If-Match': '"0x8DC67019256BC59"'
    'x-ms-version': 'REDACTED'
    'Accept': 'application/xml'
    'User-Agent': 'azsdk-python-storage-blob/12.19.1 Python/3.12.2 (Linux-6.6.22-linuxkit-x86_64-with-glibc2.36)'
    'x-ms-date': 'REDACTED'
    'x-ms-client-request-id': '5b969cc0-0597-11ef-bd46-0242c0a81004'
    'Authorization': 'REDACTED'
No body was attached to the request
[2024-04-28T19:41:50.778+0000] {_universal.py:550} INFO - Response status: 206
Response headers:
    'Content-Length': '4194304'
    'Content-Type': 'application/octet-stream'
    'Content-Range': 'REDACTED'
    'Last-Modified': 'Sat, 27 Apr 2024 21:32:42 GMT'
    'Accept-Ranges': 'REDACTED'
    'ETag': '"0x8DC67019256BC59"'
    'Server': 'Windows-Azure-Blob/1.0 Microsoft-HTTPAPI/2.0'
    'x-ms-request-id': '574ebb4e-b01e-0063-40a4-995564000000'
    'x-ms-client-request-id': '5b969cc0-0597-11ef-bd46-0242c0a81004'
    'x-ms-version': 'REDACTED'
    'x-ms-creation-time': 'REDACTED'
    'x-ms-lease-status': 'REDACTED'
    'x-ms-lease-state': 'REDACTED'
    'x-ms-blob-type': 'REDACTED'
    'x-ms-server-encrypted': 'REDACTED'
    'Date': 'Sun, 28 Apr 2024 19:41:50 GMT'
[2024-04-28T19:41:51.901+0000] {_universal.py:514} INFO - Request URL: 'https://azureyellowcab.blob.core.windows.net/cabfiles/yellow_tripdata_2011-01.parquet'
Request method: 'GET'
Request headers:
    'x-ms-range': 'REDACTED'
    'If-Match': '"0x8DC67019256BC59"'
    'x-ms-version': 'REDACTED'
    'Accept': 'application/xml'
    'User-Agent': 'azsdk-python-storage-blob/12.19.1 Python/3.12.2 (Linux-6.6.22-linuxkit-x86_64-with-glibc2.36)'
    'x-ms-date': 'REDACTED'
    'x-ms-client-request-id': '5c545e72-0597-11ef-bd46-0242c0a81004'
    'Authorization': 'REDACTED'
No body was attached to the request
[2024-04-28T19:41:52.014+0000] {_universal.py:550} INFO - Response status: 206
Response headers:
    'Content-Length': '4194304'
    'Content-Type': 'application/octet-stream'
    'Content-Range': 'REDACTED'
    'Last-Modified': 'Sat, 27 Apr 2024 21:32:42 GMT'
    'Accept-Ranges': 'REDACTED'
    'ETag': '"0x8DC67019256BC59"'
    'Server': 'Windows-Azure-Blob/1.0 Microsoft-HTTPAPI/2.0'
    'x-ms-request-id': '574ec3b2-b01e-0063-5fa4-995564000000'
    'x-ms-client-request-id': '5c545e72-0597-11ef-bd46-0242c0a81004'
    'x-ms-version': 'REDACTED'
    'x-ms-creation-time': 'REDACTED'
    'x-ms-lease-status': 'REDACTED'
    'x-ms-lease-state': 'REDACTED'
    'x-ms-blob-type': 'REDACTED'
    'x-ms-server-encrypted': 'REDACTED'
    'Date': 'Sun, 28 Apr 2024 19:41:51 GMT'
[2024-04-28T19:41:53.083+0000] {_universal.py:514} INFO - Request URL: 'https://azureyellowcab.blob.core.windows.net/cabfiles/yellow_tripdata_2011-01.parquet'
Request method: 'GET'
Request headers:
    'x-ms-range': 'REDACTED'
    'If-Match': '"0x8DC67019256BC59"'
    'x-ms-version': 'REDACTED'
    'Accept': 'application/xml'
    'User-Agent': 'azsdk-python-storage-blob/12.19.1 Python/3.12.2 (Linux-6.6.22-linuxkit-x86_64-with-glibc2.36)'
    'x-ms-date': 'REDACTED'
    'x-ms-client-request-id': '5d08bbd8-0597-11ef-bd46-0242c0a81004'
    'Authorization': 'REDACTED'
No body was attached to the request
[2024-04-28T19:41:53.211+0000] {_universal.py:550} INFO - Response status: 206
Response headers:
    'Content-Length': '4194304'
    'Content-Type': 'application/octet-stream'
    'Content-Range': 'REDACTED'
    'Last-Modified': 'Sat, 27 Apr 2024 21:32:42 GMT'
    'Accept-Ranges': 'REDACTED'
    'ETag': '"0x8DC67019256BC59"'
    'Server': 'Windows-Azure-Blob/1.0 Microsoft-HTTPAPI/2.0'
    'x-ms-request-id': '574ecb33-b01e-0063-5ea4-995564000000'
    'x-ms-client-request-id': '5d08bbd8-0597-11ef-bd46-0242c0a81004'
    'x-ms-version': 'REDACTED'
    'x-ms-creation-time': 'REDACTED'
    'x-ms-lease-status': 'REDACTED'
    'x-ms-lease-state': 'REDACTED'
    'x-ms-blob-type': 'REDACTED'
    'x-ms-server-encrypted': 'REDACTED'
    'Date': 'Sun, 28 Apr 2024 19:41:52 GMT'
[2024-04-28T19:41:54.125+0000] {_universal.py:514} INFO - Request URL: 'https://azureyellowcab.blob.core.windows.net/cabfiles/yellow_tripdata_2011-01.parquet'
Request method: 'GET'
Request headers:
    'x-ms-range': 'REDACTED'
    'If-Match': '"0x8DC67019256BC59"'
    'x-ms-version': 'REDACTED'
    'Accept': 'application/xml'
    'User-Agent': 'azsdk-python-storage-blob/12.19.1 Python/3.12.2 (Linux-6.6.22-linuxkit-x86_64-with-glibc2.36)'
    'x-ms-date': 'REDACTED'
    'x-ms-client-request-id': '5da77e76-0597-11ef-bd46-0242c0a81004'
    'Authorization': 'REDACTED'
No body was attached to the request
[2024-04-28T19:41:54.261+0000] {_universal.py:550} INFO - Response status: 206
Response headers:
    'Content-Length': '4194304'
    'Content-Type': 'application/octet-stream'
    'Content-Range': 'REDACTED'
    'Last-Modified': 'Sat, 27 Apr 2024 21:32:42 GMT'
    'Accept-Ranges': 'REDACTED'
    'ETag': '"0x8DC67019256BC59"'
    'Server': 'Windows-Azure-Blob/1.0 Microsoft-HTTPAPI/2.0'
    'x-ms-request-id': '574ed1ac-b01e-0063-57a4-995564000000'
    'x-ms-client-request-id': '5da77e76-0597-11ef-bd46-0242c0a81004'
    'x-ms-version': 'REDACTED'
    'x-ms-creation-time': 'REDACTED'
    'x-ms-lease-status': 'REDACTED'
    'x-ms-lease-state': 'REDACTED'
    'x-ms-blob-type': 'REDACTED'
    'x-ms-server-encrypted': 'REDACTED'
    'Date': 'Sun, 28 Apr 2024 19:41:54 GMT'
[2024-04-28T19:41:55.087+0000] {_universal.py:514} INFO - Request URL: 'https://azureyellowcab.blob.core.windows.net/cabfiles/yellow_tripdata_2011-01.parquet'
Request method: 'GET'
Request headers:
    'x-ms-range': 'REDACTED'
    'If-Match': '"0x8DC67019256BC59"'
    'x-ms-version': 'REDACTED'
    'Accept': 'application/xml'
    'User-Agent': 'azsdk-python-storage-blob/12.19.1 Python/3.12.2 (Linux-6.6.22-linuxkit-x86_64-with-glibc2.36)'
    'x-ms-date': 'REDACTED'
    'x-ms-client-request-id': '5e3a881a-0597-11ef-bd46-0242c0a81004'
    'Authorization': 'REDACTED'
No body was attached to the request
[2024-04-28T19:41:55.216+0000] {_universal.py:550} INFO - Response status: 206
Response headers:
    'Content-Length': '4194304'
    'Content-Type': 'application/octet-stream'
    'Content-Range': 'REDACTED'
    'Last-Modified': 'Sat, 27 Apr 2024 21:32:42 GMT'
    'Accept-Ranges': 'REDACTED'
    'ETag': '"0x8DC67019256BC59"'
    'Server': 'Windows-Azure-Blob/1.0 Microsoft-HTTPAPI/2.0'
    'x-ms-request-id': '574ed786-b01e-0063-64a4-995564000000'
    'x-ms-client-request-id': '5e3a881a-0597-11ef-bd46-0242c0a81004'
    'x-ms-version': 'REDACTED'
    'x-ms-creation-time': 'REDACTED'
    'x-ms-lease-status': 'REDACTED'
    'x-ms-lease-state': 'REDACTED'
    'x-ms-blob-type': 'REDACTED'
    'x-ms-server-encrypted': 'REDACTED'
    'Date': 'Sun, 28 Apr 2024 19:41:54 GMT'
[2024-04-28T19:41:56.074+0000] {_universal.py:514} INFO - Request URL: 'https://azureyellowcab.blob.core.windows.net/cabfiles/yellow_tripdata_2011-01.parquet'
Request method: 'GET'
Request headers:
    'x-ms-range': 'REDACTED'
    'If-Match': '"0x8DC67019256BC59"'
    'x-ms-version': 'REDACTED'
    'Accept': 'application/xml'
    'User-Agent': 'azsdk-python-storage-blob/12.19.1 Python/3.12.2 (Linux-6.6.22-linuxkit-x86_64-with-glibc2.36)'
    'x-ms-date': 'REDACTED'
    'x-ms-client-request-id': '5ed125a4-0597-11ef-bd46-0242c0a81004'
    'Authorization': 'REDACTED'
No body was attached to the request
[2024-04-28T19:41:56.173+0000] {_universal.py:550} INFO - Response status: 206
Response headers:
    'Content-Length': '4194304'
    'Content-Type': 'application/octet-stream'
    'Content-Range': 'REDACTED'
    'Last-Modified': 'Sat, 27 Apr 2024 21:32:42 GMT'
    'Accept-Ranges': 'REDACTED'
    'ETag': '"0x8DC67019256BC59"'
    'Server': 'Windows-Azure-Blob/1.0 Microsoft-HTTPAPI/2.0'
    'x-ms-request-id': '574edc85-b01e-0063-5ca4-995564000000'
    'x-ms-client-request-id': '5ed125a4-0597-11ef-bd46-0242c0a81004'
    'x-ms-version': 'REDACTED'
    'x-ms-creation-time': 'REDACTED'
    'x-ms-lease-status': 'REDACTED'
    'x-ms-lease-state': 'REDACTED'
    'x-ms-blob-type': 'REDACTED'
    'x-ms-server-encrypted': 'REDACTED'
    'Date': 'Sun, 28 Apr 2024 19:41:55 GMT'
[2024-04-28T19:41:56.968+0000] {_universal.py:514} INFO - Request URL: 'https://azureyellowcab.blob.core.windows.net/cabfiles/yellow_tripdata_2011-01.parquet'
Request method: 'GET'
Request headers:
    'x-ms-range': 'REDACTED'
    'If-Match': '"0x8DC67019256BC59"'
    'x-ms-version': 'REDACTED'
    'Accept': 'application/xml'
    'User-Agent': 'azsdk-python-storage-blob/12.19.1 Python/3.12.2 (Linux-6.6.22-linuxkit-x86_64-with-glibc2.36)'
    'x-ms-date': 'REDACTED'
    'x-ms-client-request-id': '5f599312-0597-11ef-bd46-0242c0a81004'
    'Authorization': 'REDACTED'
No body was attached to the request
[2024-04-28T19:41:57.046+0000] {_universal.py:550} INFO - Response status: 206
Response headers:
    'Content-Length': '4194304'
    'Content-Type': 'application/octet-stream'
    'Content-Range': 'REDACTED'
    'Last-Modified': 'Sat, 27 Apr 2024 21:32:42 GMT'
    'Accept-Ranges': 'REDACTED'
    'ETag': '"0x8DC67019256BC59"'
    'Server': 'Windows-Azure-Blob/1.0 Microsoft-HTTPAPI/2.0'
    'x-ms-request-id': '574ee275-b01e-0063-51a4-995564000000'
    'x-ms-client-request-id': '5f599312-0597-11ef-bd46-0242c0a81004'
    'x-ms-version': 'REDACTED'
    'x-ms-creation-time': 'REDACTED'
    'x-ms-lease-status': 'REDACTED'
    'x-ms-lease-state': 'REDACTED'
    'x-ms-blob-type': 'REDACTED'
    'x-ms-server-encrypted': 'REDACTED'
    'Date': 'Sun, 28 Apr 2024 19:41:56 GMT'
[2024-04-28T19:41:57.828+0000] {_universal.py:514} INFO - Request URL: 'https://azureyellowcab.blob.core.windows.net/cabfiles/yellow_tripdata_2011-01.parquet'
Request method: 'GET'
Request headers:
    'x-ms-range': 'REDACTED'
    'If-Match': '"0x8DC67019256BC59"'
    'x-ms-version': 'REDACTED'
    'Accept': 'application/xml'
    'User-Agent': 'azsdk-python-storage-blob/12.19.1 Python/3.12.2 (Linux-6.6.22-linuxkit-x86_64-with-glibc2.36)'
    'x-ms-date': 'REDACTED'
    'x-ms-client-request-id': '5fdcd39e-0597-11ef-bd46-0242c0a81004'
    'Authorization': 'REDACTED'
No body was attached to the request
[2024-04-28T19:41:57.907+0000] {_universal.py:550} INFO - Response status: 206
Response headers:
    'Content-Length': '4194304'
    'Content-Type': 'application/octet-stream'
    'Content-Range': 'REDACTED'
    'Last-Modified': 'Sat, 27 Apr 2024 21:32:42 GMT'
    'Accept-Ranges': 'REDACTED'
    'ETag': '"0x8DC67019256BC59"'
    'Server': 'Windows-Azure-Blob/1.0 Microsoft-HTTPAPI/2.0'
    'x-ms-request-id': '574ee79a-b01e-0063-70a4-995564000000'
    'x-ms-client-request-id': '5fdcd39e-0597-11ef-bd46-0242c0a81004'
    'x-ms-version': 'REDACTED'
    'x-ms-creation-time': 'REDACTED'
    'x-ms-lease-status': 'REDACTED'
    'x-ms-lease-state': 'REDACTED'
    'x-ms-blob-type': 'REDACTED'
    'x-ms-server-encrypted': 'REDACTED'
    'Date': 'Sun, 28 Apr 2024 19:41:57 GMT'
[2024-04-28T19:41:58.611+0000] {_universal.py:514} INFO - Request URL: 'https://azureyellowcab.blob.core.windows.net/cabfiles/yellow_tripdata_2011-01.parquet'
Request method: 'GET'
Request headers:
    'x-ms-range': 'REDACTED'
    'If-Match': '"0x8DC67019256BC59"'
    'x-ms-version': 'REDACTED'
    'Accept': 'application/xml'
    'User-Agent': 'azsdk-python-storage-blob/12.19.1 Python/3.12.2 (Linux-6.6.22-linuxkit-x86_64-with-glibc2.36)'
    'x-ms-date': 'REDACTED'
    'x-ms-client-request-id': '60544b18-0597-11ef-bd46-0242c0a81004'
    'Authorization': 'REDACTED'
No body was attached to the request
[2024-04-28T19:41:58.696+0000] {_universal.py:550} INFO - Response status: 206
Response headers:
    'Content-Length': '4194304'
    'Content-Type': 'application/octet-stream'
    'Content-Range': 'REDACTED'
    'Last-Modified': 'Sat, 27 Apr 2024 21:32:42 GMT'
    'Accept-Ranges': 'REDACTED'
    'ETag': '"0x8DC67019256BC59"'
    'Server': 'Windows-Azure-Blob/1.0 Microsoft-HTTPAPI/2.0'
    'x-ms-request-id': '574eec55-b01e-0063-55a4-995564000000'
    'x-ms-client-request-id': '60544b18-0597-11ef-bd46-0242c0a81004'
    'x-ms-version': 'REDACTED'
    'x-ms-creation-time': 'REDACTED'
    'x-ms-lease-status': 'REDACTED'
    'x-ms-lease-state': 'REDACTED'
    'x-ms-blob-type': 'REDACTED'
    'x-ms-server-encrypted': 'REDACTED'
    'Date': 'Sun, 28 Apr 2024 19:41:58 GMT'
[2024-04-28T19:41:59.312+0000] {_universal.py:514} INFO - Request URL: 'https://azureyellowcab.blob.core.windows.net/cabfiles/yellow_tripdata_2011-01.parquet'
Request method: 'GET'
Request headers:
    'x-ms-range': 'REDACTED'
    'If-Match': '"0x8DC67019256BC59"'
    'x-ms-version': 'REDACTED'
    'Accept': 'application/xml'
    'User-Agent': 'azsdk-python-storage-blob/12.19.1 Python/3.12.2 (Linux-6.6.22-linuxkit-x86_64-with-glibc2.36)'
    'x-ms-date': 'REDACTED'
    'x-ms-client-request-id': '60bf331a-0597-11ef-bd46-0242c0a81004'
    'Authorization': 'REDACTED'
No body was attached to the request
[2024-04-28T19:41:59.387+0000] {_universal.py:550} INFO - Response status: 206
Response headers:
    'Content-Length': '4194304'
    'Content-Type': 'application/octet-stream'
    'Content-Range': 'REDACTED'
    'Last-Modified': 'Sat, 27 Apr 2024 21:32:42 GMT'
    'Accept-Ranges': 'REDACTED'
    'ETag': '"0x8DC67019256BC59"'
    'Server': 'Windows-Azure-Blob/1.0 Microsoft-HTTPAPI/2.0'
    'x-ms-request-id': '574ef09f-b01e-0063-6ca4-995564000000'
    'x-ms-client-request-id': '60bf331a-0597-11ef-bd46-0242c0a81004'
    'x-ms-version': 'REDACTED'
    'x-ms-creation-time': 'REDACTED'
    'x-ms-lease-status': 'REDACTED'
    'x-ms-lease-state': 'REDACTED'
    'x-ms-blob-type': 'REDACTED'
    'x-ms-server-encrypted': 'REDACTED'
    'Date': 'Sun, 28 Apr 2024 19:41:59 GMT'
[2024-04-28T19:42:00.016+0000] {_universal.py:514} INFO - Request URL: 'https://azureyellowcab.blob.core.windows.net/cabfiles/yellow_tripdata_2011-01.parquet'
Request method: 'GET'
Request headers:
    'x-ms-range': 'REDACTED'
    'If-Match': '"0x8DC67019256BC59"'
    'x-ms-version': 'REDACTED'
    'Accept': 'application/xml'
    'User-Agent': 'azsdk-python-storage-blob/12.19.1 Python/3.12.2 (Linux-6.6.22-linuxkit-x86_64-with-glibc2.36)'
    'x-ms-date': 'REDACTED'
    'x-ms-client-request-id': '612aa5be-0597-11ef-bd46-0242c0a81004'
    'Authorization': 'REDACTED'
No body was attached to the request
[2024-04-28T19:42:00.096+0000] {_universal.py:550} INFO - Response status: 206
Response headers:
    'Content-Length': '4194304'
    'Content-Type': 'application/octet-stream'
    'Content-Range': 'REDACTED'
    'Last-Modified': 'Sat, 27 Apr 2024 21:32:42 GMT'
    'Accept-Ranges': 'REDACTED'
    'ETag': '"0x8DC67019256BC59"'
    'Server': 'Windows-Azure-Blob/1.0 Microsoft-HTTPAPI/2.0'
    'x-ms-request-id': '574ef54e-b01e-0063-28a4-995564000000'
    'x-ms-client-request-id': '612aa5be-0597-11ef-bd46-0242c0a81004'
    'x-ms-version': 'REDACTED'
    'x-ms-creation-time': 'REDACTED'
    'x-ms-lease-status': 'REDACTED'
    'x-ms-lease-state': 'REDACTED'
    'x-ms-blob-type': 'REDACTED'
    'x-ms-server-encrypted': 'REDACTED'
    'Date': 'Sun, 28 Apr 2024 19:41:59 GMT'
[2024-04-28T19:42:00.669+0000] {_universal.py:514} INFO - Request URL: 'https://azureyellowcab.blob.core.windows.net/cabfiles/yellow_tripdata_2011-01.parquet'
Request method: 'GET'
Request headers:
    'x-ms-range': 'REDACTED'
    'If-Match': '"0x8DC67019256BC59"'
    'x-ms-version': 'REDACTED'
    'Accept': 'application/xml'
    'User-Agent': 'azsdk-python-storage-blob/12.19.1 Python/3.12.2 (Linux-6.6.22-linuxkit-x86_64-with-glibc2.36)'
    'x-ms-date': 'REDACTED'
    'x-ms-client-request-id': '618e3dc2-0597-11ef-bd46-0242c0a81004'
    'Authorization': 'REDACTED'
No body was attached to the request
[2024-04-28T19:42:00.778+0000] {_universal.py:550} INFO - Response status: 206
Response headers:
    'Content-Length': '4194304'
    'Content-Type': 'application/octet-stream'
    'Content-Range': 'REDACTED'
    'Last-Modified': 'Sat, 27 Apr 2024 21:32:42 GMT'
    'Accept-Ranges': 'REDACTED'
    'ETag': '"0x8DC67019256BC59"'
    'Server': 'Windows-Azure-Blob/1.0 Microsoft-HTTPAPI/2.0'
    'x-ms-request-id': '574efad7-b01e-0063-22a4-995564000000'
    'x-ms-client-request-id': '618e3dc2-0597-11ef-bd46-0242c0a81004'
    'x-ms-version': 'REDACTED'
    'x-ms-creation-time': 'REDACTED'
    'x-ms-lease-status': 'REDACTED'
    'x-ms-lease-state': 'REDACTED'
    'x-ms-blob-type': 'REDACTED'
    'x-ms-server-encrypted': 'REDACTED'
    'Date': 'Sun, 28 Apr 2024 19:42:00 GMT'
[2024-04-28T19:42:01.276+0000] {_universal.py:514} INFO - Request URL: 'https://azureyellowcab.blob.core.windows.net/cabfiles/yellow_tripdata_2011-01.parquet'
Request method: 'GET'
Request headers:
    'x-ms-range': 'REDACTED'
    'If-Match': '"0x8DC67019256BC59"'
    'x-ms-version': 'REDACTED'
    'Accept': 'application/xml'
    'User-Agent': 'azsdk-python-storage-blob/12.19.1 Python/3.12.2 (Linux-6.6.22-linuxkit-x86_64-with-glibc2.36)'
    'x-ms-date': 'REDACTED'
    'x-ms-client-request-id': '61ead398-0597-11ef-bd46-0242c0a81004'
    'Authorization': 'REDACTED'
No body was attached to the request
[2024-04-28T19:42:01.419+0000] {_universal.py:550} INFO - Response status: 206
Response headers:
    'Content-Length': '4194304'
    'Content-Type': 'application/octet-stream'
    'Content-Range': 'REDACTED'
    'Last-Modified': 'Sat, 27 Apr 2024 21:32:42 GMT'
    'Accept-Ranges': 'REDACTED'
    'ETag': '"0x8DC67019256BC59"'
    'Server': 'Windows-Azure-Blob/1.0 Microsoft-HTTPAPI/2.0'
    'x-ms-request-id': '574efefa-b01e-0063-63a4-995564000000'
    'x-ms-client-request-id': '61ead398-0597-11ef-bd46-0242c0a81004'
    'x-ms-version': 'REDACTED'
    'x-ms-creation-time': 'REDACTED'
    'x-ms-lease-status': 'REDACTED'
    'x-ms-lease-state': 'REDACTED'
    'x-ms-blob-type': 'REDACTED'
    'x-ms-server-encrypted': 'REDACTED'
    'Date': 'Sun, 28 Apr 2024 19:42:01 GMT'
[2024-04-28T19:42:01.855+0000] {_universal.py:514} INFO - Request URL: 'https://azureyellowcab.blob.core.windows.net/cabfiles/yellow_tripdata_2011-01.parquet'
Request method: 'GET'
Request headers:
    'x-ms-range': 'REDACTED'
    'If-Match': '"0x8DC67019256BC59"'
    'x-ms-version': 'REDACTED'
    'Accept': 'application/xml'
    'User-Agent': 'azsdk-python-storage-blob/12.19.1 Python/3.12.2 (Linux-6.6.22-linuxkit-x86_64-with-glibc2.36)'
    'x-ms-date': 'REDACTED'
    'x-ms-client-request-id': '624345aa-0597-11ef-bd46-0242c0a81004'
    'Authorization': 'REDACTED'
No body was attached to the request
[2024-04-28T19:42:01.961+0000] {_universal.py:550} INFO - Response status: 206
Response headers:
    'Content-Length': '4194304'
    'Content-Type': 'application/octet-stream'
    'Content-Range': 'REDACTED'
    'Last-Modified': 'Sat, 27 Apr 2024 21:32:42 GMT'
    'Accept-Ranges': 'REDACTED'
    'ETag': '"0x8DC67019256BC59"'
    'Server': 'Windows-Azure-Blob/1.0 Microsoft-HTTPAPI/2.0'
    'x-ms-request-id': '574f0244-b01e-0063-32a4-995564000000'
    'x-ms-client-request-id': '624345aa-0597-11ef-bd46-0242c0a81004'
    'x-ms-version': 'REDACTED'
    'x-ms-creation-time': 'REDACTED'
    'x-ms-lease-status': 'REDACTED'
    'x-ms-lease-state': 'REDACTED'
    'x-ms-blob-type': 'REDACTED'
    'x-ms-server-encrypted': 'REDACTED'
    'Date': 'Sun, 28 Apr 2024 19:42:01 GMT'
[2024-04-28T19:42:02.480+0000] {_universal.py:514} INFO - Request URL: 'https://azureyellowcab.blob.core.windows.net/cabfiles/yellow_tripdata_2011-01.parquet'
Request method: 'GET'
Request headers:
    'x-ms-range': 'REDACTED'
    'If-Match': '"0x8DC67019256BC59"'
    'x-ms-version': 'REDACTED'
    'Accept': 'application/xml'
    'User-Agent': 'azsdk-python-storage-blob/12.19.1 Python/3.12.2 (Linux-6.6.22-linuxkit-x86_64-with-glibc2.36)'
    'x-ms-date': 'REDACTED'
    'x-ms-client-request-id': '62a28da8-0597-11ef-bd46-0242c0a81004'
    'Authorization': 'REDACTED'
No body was attached to the request
[2024-04-28T19:42:02.670+0000] {_universal.py:550} INFO - Response status: 206
Response headers:
    'Content-Length': '4194304'
    'Content-Type': 'application/octet-stream'
    'Content-Range': 'REDACTED'
    'Last-Modified': 'Sat, 27 Apr 2024 21:32:42 GMT'
    'Accept-Ranges': 'REDACTED'
    'ETag': '"0x8DC67019256BC59"'
    'Server': 'Windows-Azure-Blob/1.0 Microsoft-HTTPAPI/2.0'
    'x-ms-request-id': '574f058d-b01e-0063-15a4-995564000000'
    'x-ms-client-request-id': '62a28da8-0597-11ef-bd46-0242c0a81004'
    'x-ms-version': 'REDACTED'
    'x-ms-creation-time': 'REDACTED'
    'x-ms-lease-status': 'REDACTED'
    'x-ms-lease-state': 'REDACTED'
    'x-ms-blob-type': 'REDACTED'
    'x-ms-server-encrypted': 'REDACTED'
    'Date': 'Sun, 28 Apr 2024 19:42:02 GMT'
[2024-04-28T19:42:03.094+0000] {_universal.py:514} INFO - Request URL: 'https://azureyellowcab.blob.core.windows.net/cabfiles/yellow_tripdata_2011-01.parquet'
Request method: 'GET'
Request headers:
    'x-ms-range': 'REDACTED'
    'If-Match': '"0x8DC67019256BC59"'
    'x-ms-version': 'REDACTED'
    'Accept': 'application/xml'
    'User-Agent': 'azsdk-python-storage-blob/12.19.1 Python/3.12.2 (Linux-6.6.22-linuxkit-x86_64-with-glibc2.36)'
    'x-ms-date': 'REDACTED'
    'x-ms-client-request-id': '63004448-0597-11ef-bd46-0242c0a81004'
    'Authorization': 'REDACTED'
No body was attached to the request
[2024-04-28T19:42:03.197+0000] {_universal.py:550} INFO - Response status: 206
Response headers:
    'Content-Length': '4194304'
    'Content-Type': 'application/octet-stream'
    'Content-Range': 'REDACTED'
    'Last-Modified': 'Sat, 27 Apr 2024 21:32:42 GMT'
    'Accept-Ranges': 'REDACTED'
    'ETag': '"0x8DC67019256BC59"'
    'Server': 'Windows-Azure-Blob/1.0 Microsoft-HTTPAPI/2.0'
    'x-ms-request-id': '574f0817-b01e-0063-44a4-995564000000'
    'x-ms-client-request-id': '63004448-0597-11ef-bd46-0242c0a81004'
    'x-ms-version': 'REDACTED'
    'x-ms-creation-time': 'REDACTED'
    'x-ms-lease-status': 'REDACTED'
    'x-ms-lease-state': 'REDACTED'
    'x-ms-blob-type': 'REDACTED'
    'x-ms-server-encrypted': 'REDACTED'
    'Date': 'Sun, 28 Apr 2024 19:42:02 GMT'
[2024-04-28T19:42:03.723+0000] {_universal.py:514} INFO - Request URL: 'https://azureyellowcab.blob.core.windows.net/cabfiles/yellow_tripdata_2011-01.parquet'
Request method: 'GET'
Request headers:
    'x-ms-range': 'REDACTED'
    'If-Match': '"0x8DC67019256BC59"'
    'x-ms-version': 'REDACTED'
    'Accept': 'application/xml'
    'User-Agent': 'azsdk-python-storage-blob/12.19.1 Python/3.12.2 (Linux-6.6.22-linuxkit-x86_64-with-glibc2.36)'
    'x-ms-date': 'REDACTED'
    'x-ms-client-request-id': '636043ca-0597-11ef-bd46-0242c0a81004'
    'Authorization': 'REDACTED'
No body was attached to the request
[2024-04-28T19:42:03.833+0000] {_universal.py:550} INFO - Response status: 206
Response headers:
    'Content-Length': '4194304'
    'Content-Type': 'application/octet-stream'
    'Content-Range': 'REDACTED'
    'Last-Modified': 'Sat, 27 Apr 2024 21:32:42 GMT'
    'Accept-Ranges': 'REDACTED'
    'ETag': '"0x8DC67019256BC59"'
    'Server': 'Windows-Azure-Blob/1.0 Microsoft-HTTPAPI/2.0'
    'x-ms-request-id': '574f0b24-b01e-0063-78a4-995564000000'
    'x-ms-client-request-id': '636043ca-0597-11ef-bd46-0242c0a81004'
    'x-ms-version': 'REDACTED'
    'x-ms-creation-time': 'REDACTED'
    'x-ms-lease-status': 'REDACTED'
    'x-ms-lease-state': 'REDACTED'
    'x-ms-blob-type': 'REDACTED'
    'x-ms-server-encrypted': 'REDACTED'
    'Date': 'Sun, 28 Apr 2024 19:42:03 GMT'
[2024-04-28T19:42:04.357+0000] {_universal.py:514} INFO - Request URL: 'https://azureyellowcab.blob.core.windows.net/cabfiles/yellow_tripdata_2011-01.parquet'
Request method: 'GET'
Request headers:
    'x-ms-range': 'REDACTED'
    'If-Match': '"0x8DC67019256BC59"'
    'x-ms-version': 'REDACTED'
    'Accept': 'application/xml'
    'User-Agent': 'azsdk-python-storage-blob/12.19.1 Python/3.12.2 (Linux-6.6.22-linuxkit-x86_64-with-glibc2.36)'
    'x-ms-date': 'REDACTED'
    'x-ms-client-request-id': '63c0ff6c-0597-11ef-bd46-0242c0a81004'
    'Authorization': 'REDACTED'
No body was attached to the request
[2024-04-28T19:42:04.444+0000] {_universal.py:550} INFO - Response status: 206
Response headers:
    'Content-Length': '4194304'
    'Content-Type': 'application/octet-stream'
    'Content-Range': 'REDACTED'
    'Last-Modified': 'Sat, 27 Apr 2024 21:32:42 GMT'
    'Accept-Ranges': 'REDACTED'
    'ETag': '"0x8DC67019256BC59"'
    'Server': 'Windows-Azure-Blob/1.0 Microsoft-HTTPAPI/2.0'
    'x-ms-request-id': '574f0dc4-b01e-0063-4ba4-995564000000'
    'x-ms-client-request-id': '63c0ff6c-0597-11ef-bd46-0242c0a81004'
    'x-ms-version': 'REDACTED'
    'x-ms-creation-time': 'REDACTED'
    'x-ms-lease-status': 'REDACTED'
    'x-ms-lease-state': 'REDACTED'
    'x-ms-blob-type': 'REDACTED'
    'x-ms-server-encrypted': 'REDACTED'
    'Date': 'Sun, 28 Apr 2024 19:42:04 GMT'
[2024-04-28T19:42:04.915+0000] {_universal.py:514} INFO - Request URL: 'https://azureyellowcab.blob.core.windows.net/cabfiles/yellow_tripdata_2011-01.parquet'
Request method: 'GET'
Request headers:
    'x-ms-range': 'REDACTED'
    'If-Match': '"0x8DC67019256BC59"'
    'x-ms-version': 'REDACTED'
    'Accept': 'application/xml'
    'User-Agent': 'azsdk-python-storage-blob/12.19.1 Python/3.12.2 (Linux-6.6.22-linuxkit-x86_64-with-glibc2.36)'
    'x-ms-date': 'REDACTED'
    'x-ms-client-request-id': '64163428-0597-11ef-bd46-0242c0a81004'
    'Authorization': 'REDACTED'
No body was attached to the request
[2024-04-28T19:42:05.007+0000] {_universal.py:550} INFO - Response status: 206
Response headers:
    'Content-Length': '4194304'
    'Content-Type': 'application/octet-stream'
    'Content-Range': 'REDACTED'
    'Last-Modified': 'Sat, 27 Apr 2024 21:32:42 GMT'
    'Accept-Ranges': 'REDACTED'
    'ETag': '"0x8DC67019256BC59"'
    'Server': 'Windows-Azure-Blob/1.0 Microsoft-HTTPAPI/2.0'
    'x-ms-request-id': '574f0ffa-b01e-0063-4fa4-995564000000'
    'x-ms-client-request-id': '64163428-0597-11ef-bd46-0242c0a81004'
    'x-ms-version': 'REDACTED'
    'x-ms-creation-time': 'REDACTED'
    'x-ms-lease-status': 'REDACTED'
    'x-ms-lease-state': 'REDACTED'
    'x-ms-blob-type': 'REDACTED'
    'x-ms-server-encrypted': 'REDACTED'
    'Date': 'Sun, 28 Apr 2024 19:42:04 GMT'
[2024-04-28T19:42:05.426+0000] {_universal.py:514} INFO - Request URL: 'https://azureyellowcab.blob.core.windows.net/cabfiles/yellow_tripdata_2011-01.parquet'
Request method: 'GET'
Request headers:
    'x-ms-range': 'REDACTED'
    'If-Match': '"0x8DC67019256BC59"'
    'x-ms-version': 'REDACTED'
    'Accept': 'application/xml'
    'User-Agent': 'azsdk-python-storage-blob/12.19.1 Python/3.12.2 (Linux-6.6.22-linuxkit-x86_64-with-glibc2.36)'
    'x-ms-date': 'REDACTED'
    'x-ms-client-request-id': '64642e3a-0597-11ef-bd46-0242c0a81004'
    'Authorization': 'REDACTED'
No body was attached to the request
[2024-04-28T19:42:05.512+0000] {_universal.py:550} INFO - Response status: 206
Response headers:
    'Content-Length': '4194304'
    'Content-Type': 'application/octet-stream'
    'Content-Range': 'REDACTED'
    'Last-Modified': 'Sat, 27 Apr 2024 21:32:42 GMT'
    'Accept-Ranges': 'REDACTED'
    'ETag': '"0x8DC67019256BC59"'
    'Server': 'Windows-Azure-Blob/1.0 Microsoft-HTTPAPI/2.0'
    'x-ms-request-id': '574f11e8-b01e-0063-14a4-995564000000'
    'x-ms-client-request-id': '64642e3a-0597-11ef-bd46-0242c0a81004'
    'x-ms-version': 'REDACTED'
    'x-ms-creation-time': 'REDACTED'
    'x-ms-lease-status': 'REDACTED'
    'x-ms-lease-state': 'REDACTED'
    'x-ms-blob-type': 'REDACTED'
    'x-ms-server-encrypted': 'REDACTED'
    'Date': 'Sun, 28 Apr 2024 19:42:05 GMT'
[2024-04-28T19:42:06.018+0000] {_universal.py:514} INFO - Request URL: 'https://azureyellowcab.blob.core.windows.net/cabfiles/yellow_tripdata_2011-01.parquet'
Request method: 'GET'
Request headers:
    'x-ms-range': 'REDACTED'
    'If-Match': '"0x8DC67019256BC59"'
    'x-ms-version': 'REDACTED'
    'Accept': 'application/xml'
    'User-Agent': 'azsdk-python-storage-blob/12.19.1 Python/3.12.2 (Linux-6.6.22-linuxkit-x86_64-with-glibc2.36)'
    'x-ms-date': 'REDACTED'
    'x-ms-client-request-id': '64be7886-0597-11ef-bd46-0242c0a81004'
    'Authorization': 'REDACTED'
No body was attached to the request
[2024-04-28T19:42:06.114+0000] {_universal.py:550} INFO - Response status: 206
Response headers:
    'Content-Length': '4194304'
    'Content-Type': 'application/octet-stream'
    'Content-Range': 'REDACTED'
    'Last-Modified': 'Sat, 27 Apr 2024 21:32:42 GMT'
    'Accept-Ranges': 'REDACTED'
    'ETag': '"0x8DC67019256BC59"'
    'Server': 'Windows-Azure-Blob/1.0 Microsoft-HTTPAPI/2.0'
    'x-ms-request-id': '574f1405-b01e-0063-73a4-995564000000'
    'x-ms-client-request-id': '64be7886-0597-11ef-bd46-0242c0a81004'
    'x-ms-version': 'REDACTED'
    'x-ms-creation-time': 'REDACTED'
    'x-ms-lease-status': 'REDACTED'
    'x-ms-lease-state': 'REDACTED'
    'x-ms-blob-type': 'REDACTED'
    'x-ms-server-encrypted': 'REDACTED'
    'Date': 'Sun, 28 Apr 2024 19:42:05 GMT'
[2024-04-28T19:42:06.750+0000] {_universal.py:514} INFO - Request URL: 'https://azureyellowcab.blob.core.windows.net/cabfiles/yellow_tripdata_2011-01.parquet'
Request method: 'GET'
Request headers:
    'x-ms-range': 'REDACTED'
    'If-Match': '"0x8DC67019256BC59"'
    'x-ms-version': 'REDACTED'
    'Accept': 'application/xml'
    'User-Agent': 'azsdk-python-storage-blob/12.19.1 Python/3.12.2 (Linux-6.6.22-linuxkit-x86_64-with-glibc2.36)'
    'x-ms-date': 'REDACTED'
    'x-ms-client-request-id': '652e17f4-0597-11ef-bd46-0242c0a81004'
    'Authorization': 'REDACTED'
No body was attached to the request
[2024-04-28T19:42:06.860+0000] {_universal.py:550} INFO - Response status: 206
Response headers:
    'Content-Length': '4194304'
    'Content-Type': 'application/octet-stream'
    'Content-Range': 'REDACTED'
    'Last-Modified': 'Sat, 27 Apr 2024 21:32:42 GMT'
    'Accept-Ranges': 'REDACTED'
    'ETag': '"0x8DC67019256BC59"'
    'Server': 'Windows-Azure-Blob/1.0 Microsoft-HTTPAPI/2.0'
    'x-ms-request-id': '574f169f-b01e-0063-4ba4-995564000000'
    'x-ms-client-request-id': '652e17f4-0597-11ef-bd46-0242c0a81004'
    'x-ms-version': 'REDACTED'
    'x-ms-creation-time': 'REDACTED'
    'x-ms-lease-status': 'REDACTED'
    'x-ms-lease-state': 'REDACTED'
    'x-ms-blob-type': 'REDACTED'
    'x-ms-server-encrypted': 'REDACTED'
    'Date': 'Sun, 28 Apr 2024 19:42:06 GMT'
[2024-04-28T19:42:07.570+0000] {_universal.py:514} INFO - Request URL: 'https://azureyellowcab.blob.core.windows.net/cabfiles/yellow_tripdata_2011-01.parquet'
Request method: 'GET'
Request headers:
    'x-ms-range': 'REDACTED'
    'If-Match': '"0x8DC67019256BC59"'
    'x-ms-version': 'REDACTED'
    'Accept': 'application/xml'
    'User-Agent': 'azsdk-python-storage-blob/12.19.1 Python/3.12.2 (Linux-6.6.22-linuxkit-x86_64-with-glibc2.36)'
    'x-ms-date': 'REDACTED'
    'x-ms-client-request-id': '65ab44b8-0597-11ef-bd46-0242c0a81004'
    'Authorization': 'REDACTED'
No body was attached to the request
[2024-04-28T19:42:07.674+0000] {_universal.py:550} INFO - Response status: 206
Response headers:
    'Content-Length': '3601974'
    'Content-Type': 'application/octet-stream'
    'Content-Range': 'REDACTED'
    'Last-Modified': 'Sat, 27 Apr 2024 21:32:42 GMT'
    'Accept-Ranges': 'REDACTED'
    'ETag': '"0x8DC67019256BC59"'
    'Server': 'Windows-Azure-Blob/1.0 Microsoft-HTTPAPI/2.0'
    'x-ms-request-id': '574f19e2-b01e-0063-31a4-995564000000'
    'x-ms-client-request-id': '65ab44b8-0597-11ef-bd46-0242c0a81004'
    'x-ms-version': 'REDACTED'
    'x-ms-creation-time': 'REDACTED'
    'x-ms-lease-status': 'REDACTED'
    'x-ms-lease-state': 'REDACTED'
    'x-ms-blob-type': 'REDACTED'
    'x-ms-server-encrypted': 'REDACTED'
    'Date': 'Sun, 28 Apr 2024 19:42:07 GMT'
[2024-04-28T19:42:09.023+0000] {python.py:237} INFO - Done. Returned value was: None
[2024-04-28T19:42:09.024+0000] {taskinstance.py:441} INFO - ::group::Post task execution logs
[2024-04-28T19:42:09.032+0000] {taskinstance.py:1205} INFO - Marking task as SUCCESS. dag_id=dag_yellow_cab, task_id=download_file, execution_date=20240428T194125, start_date=20240428T194130, end_date=20240428T194209
[2024-04-28T19:42:09.091+0000] {local_task_job_runner.py:240} INFO - Task exited with return code 0
[2024-04-28T19:42:09.115+0000] {taskinstance.py:3482} INFO - 1 downstream tasks scheduled from follow-on schedule check
[2024-04-28T19:42:09.117+0000] {local_task_job_runner.py:222} INFO - ::endgroup::
